[0.147s] Invoking command in '/home/pi/microros_pi_ws/build/micro_ros_setup': CMAKE_PREFIX_PATH=${CMAKE_PREFIX_PATH}:/home/pi/microros_pi_ws/install/motor_control:/opt/ros/humble /usr/bin/cmake --build /home/pi/microros_pi_ws/build/micro_ros_setup -- -j4 -l4
[1.651s] Invoked command in '/home/pi/microros_pi_ws/build/micro_ros_setup' returned '0': CMAKE_PREFIX_PATH=${CMAKE_PREFIX_PATH}:/home/pi/microros_pi_ws/install/motor_control:/opt/ros/humble /usr/bin/cmake --build /home/pi/microros_pi_ws/build/micro_ros_setup -- -j4 -l4
[1.684s] Invoking command in '/home/pi/microros_pi_ws/build/micro_ros_setup': CMAKE_PREFIX_PATH=${CMAKE_PREFIX_PATH}:/home/pi/microros_pi_ws/install/motor_control:/opt/ros/humble /usr/bin/cmake --install /home/pi/microros_pi_ws/build/micro_ros_setup
[1.729s] -- Install configuration: ""
[1.732s] -- Up-to-date: /home/pi/microros_pi_ws/install/micro_ros_setup/share/ament_index/resource_index/package_run_dependencies/micro_ros_setup
[1.733s] -- Up-to-date: /home/pi/microros_pi_ws/install/micro_ros_setup/share/ament_index/resource_index/parent_prefix_path/micro_ros_setup
[1.733s] -- Up-to-date: /home/pi/microros_pi_ws/install/micro_ros_setup/share/micro_ros_setup/environment/ament_prefix_path.sh
[1.734s] -- Up-to-date: /home/pi/microros_pi_ws/install/micro_ros_setup/share/micro_ros_setup/environment/ament_prefix_path.dsv
[1.735s] -- Up-to-date: /home/pi/microros_pi_ws/install/micro_ros_setup/share/micro_ros_setup/environment/path.sh
[1.735s] -- Up-to-date: /home/pi/microros_pi_ws/install/micro_ros_setup/share/micro_ros_setup/environment/path.dsv
[1.736s] -- Up-to-date: /home/pi/microros_pi_ws/install/micro_ros_setup/share/micro_ros_setup/local_setup.bash
[1.736s] -- Up-to-date: /home/pi/microros_pi_ws/install/micro_ros_setup/share/micro_ros_setup/local_setup.sh
[1.737s] -- Up-to-date: /home/pi/microros_pi_ws/install/micro_ros_setup/share/micro_ros_setup/local_setup.zsh
[1.738s] -- Up-to-date: /home/pi/microros_pi_ws/install/micro_ros_setup/share/micro_ros_setup/local_setup.dsv
[1.738s] -- Installing: /home/pi/microros_pi_ws/install/micro_ros_setup/share/micro_ros_setup/package.dsv
[1.742s] -- Up-to-date: /home/pi/microros_pi_ws/install/micro_ros_setup/share/ament_index/resource_index/packages/micro_ros_setup
[1.743s] -- Up-to-date: /home/pi/microros_pi_ws/install/micro_ros_setup/share/micro_ros_setup/cmake/micro_ros_setupConfig.cmake
[1.744s] -- Up-to-date: /home/pi/microros_pi_ws/install/micro_ros_setup/share/micro_ros_setup/cmake/micro_ros_setupConfig-version.cmake
[1.746s] -- Up-to-date: /home/pi/microros_pi_ws/install/micro_ros_setup/share/micro_ros_setup/package.xml
[1.748s] -- Up-to-date: /home/pi/microros_pi_ws/install/micro_ros_setup/./config
[1.749s] -- Up-to-date: /home/pi/microros_pi_ws/install/micro_ros_setup/./config/generate_lib
[1.751s] -- Up-to-date: /home/pi/microros_pi_ws/install/micro_ros_setup/./config/generate_lib/generic
[1.753s] -- Up-to-date: /home/pi/microros_pi_ws/install/micro_ros_setup/./config/generate_lib/generic/create.sh
[1.756s] -- Up-to-date: /home/pi/microros_pi_ws/install/micro_ros_setup/./config/generate_lib/generic/client-colcon.meta
[1.757s] -- Up-to-date: /home/pi/microros_pi_ws/install/micro_ros_setup/./config/generate_lib/generic/build.sh
[1.757s] -- Up-to-date: /home/pi/microros_pi_ws/install/micro_ros_setup/./config/generate_lib/generic/package.xml
[1.758s] -- Up-to-date: /home/pi/microros_pi_ws/install/micro_ros_setup/./config/generate_lib/generic/flash.sh
[1.758s] -- Up-to-date: /home/pi/microros_pi_ws/install/micro_ros_setup/./config/generate_lib/generic/demo_toolchain.cmake
[1.759s] -- Up-to-date: /home/pi/microros_pi_ws/install/micro_ros_setup/./config/generate_lib/generic/client_uros_packages.repos
[1.759s] -- Up-to-date: /home/pi/microros_pi_ws/install/micro_ros_setup/./config/generate_lib/dev_uros_packages.repos
[1.760s] -- Up-to-date: /home/pi/microros_pi_ws/install/micro_ros_setup/./config/generate_lib/dev_ros2_packages.txt
[1.760s] -- Up-to-date: /home/pi/microros_pi_ws/install/micro_ros_setup/./config/host
[1.766s] -- Up-to-date: /home/pi/microros_pi_ws/install/micro_ros_setup/./config/host/generic
[1.770s] -- Up-to-date: /home/pi/microros_pi_ws/install/micro_ros_setup/./config/host/generic/client-host-colcon.meta
[1.773s] -- Up-to-date: /home/pi/microros_pi_ws/install/micro_ros_setup/./config/host/generic/create.sh
[1.775s] -- Up-to-date: /home/pi/microros_pi_ws/install/micro_ros_setup/./config/host/generic/build.sh
[1.776s] -- Up-to-date: /home/pi/microros_pi_ws/install/micro_ros_setup/./config/host/generic/package.xml
[1.776s] -- Up-to-date: /home/pi/microros_pi_ws/install/micro_ros_setup/./config/host/generic/flash.sh
[1.781s] -- Up-to-date: /home/pi/microros_pi_ws/install/micro_ros_setup/./config/host/generic/client_host_packages.repos
[1.783s] -- Up-to-date: /home/pi/microros_pi_ws/install/micro_ros_setup/./config/host/dev_uros_packages.repos
[1.784s] -- Up-to-date: /home/pi/microros_pi_ws/install/micro_ros_setup/./config/host/dev_ros2_packages.txt
[1.785s] -- Up-to-date: /home/pi/microros_pi_ws/install/micro_ros_setup/./config/host/client_ros2_packages.txt
[1.785s] -- Up-to-date: /home/pi/microros_pi_ws/install/micro_ros_setup/./config/mbed
[1.786s] -- Up-to-date: /home/pi/microros_pi_ws/install/micro_ros_setup/./config/mbed/generic
[1.786s] -- Up-to-date: /home/pi/microros_pi_ws/install/micro_ros_setup/./config/mbed/generic/board.repos
[1.792s] -- Up-to-date: /home/pi/microros_pi_ws/install/micro_ros_setup/./config/mbed/generic/create.sh
[1.798s] -- Up-to-date: /home/pi/microros_pi_ws/install/micro_ros_setup/./config/mbed/generic/build.sh
[1.800s] -- Up-to-date: /home/pi/microros_pi_ws/install/micro_ros_setup/./config/mbed/generic/package.xml
[1.803s] -- Up-to-date: /home/pi/microros_pi_ws/install/micro_ros_setup/./config/mbed/generic/flash.sh
[1.805s] -- Up-to-date: /home/pi/microros_pi_ws/install/micro_ros_setup/./config/mbed/generic/supported_platforms
[1.809s] -- Up-to-date: /home/pi/microros_pi_ws/install/micro_ros_setup/./config/mbed/generic/client_uros_packages.repos
[1.809s] -- Up-to-date: /home/pi/microros_pi_ws/install/micro_ros_setup/./config/mbed/dev_uros_packages.repos
[1.812s] -- Up-to-date: /home/pi/microros_pi_ws/install/micro_ros_setup/./config/mbed/dev_ros2_packages.txt
[1.812s] -- Up-to-date: /home/pi/microros_pi_ws/install/micro_ros_setup/./config/mbed/list_apps.sh
[1.817s] -- Up-to-date: /home/pi/microros_pi_ws/install/micro_ros_setup/./config/agent_uros_packages.repos
[1.818s] -- Up-to-date: /home/pi/microros_pi_ws/install/micro_ros_setup/./config/agent_ros2_packages.txt
[1.819s] -- Up-to-date: /home/pi/microros_pi_ws/install/micro_ros_setup/./config/freertos
[1.820s] -- Up-to-date: /home/pi/microros_pi_ws/install/micro_ros_setup/./config/freertos/olimex-stm32-e407
[1.821s] -- Up-to-date: /home/pi/microros_pi_ws/install/micro_ros_setup/./config/freertos/olimex-stm32-e407/board.repos
[1.821s] -- Up-to-date: /home/pi/microros_pi_ws/install/micro_ros_setup/./config/freertos/olimex-stm32-e407/create.sh
[1.825s] -- Up-to-date: /home/pi/microros_pi_ws/install/micro_ros_setup/./config/freertos/olimex-stm32-e407/configure.sh
[1.826s] -- Up-to-date: /home/pi/microros_pi_ws/install/micro_ros_setup/./config/freertos/olimex-stm32-e407/client-colcon.meta
[1.828s] -- Up-to-date: /home/pi/microros_pi_ws/install/micro_ros_setup/./config/freertos/olimex-stm32-e407/build.sh
[1.831s] -- Up-to-date: /home/pi/microros_pi_ws/install/micro_ros_setup/./config/freertos/olimex-stm32-e407/package.xml
[1.833s] -- Up-to-date: /home/pi/microros_pi_ws/install/micro_ros_setup/./config/freertos/olimex-stm32-e407/flash.sh
[1.834s] -- Up-to-date: /home/pi/microros_pi_ws/install/micro_ros_setup/./config/freertos/olimex-stm32-e407/client_uros_packages.repos
[1.834s] -- Up-to-date: /home/pi/microros_pi_ws/install/micro_ros_setup/./config/freertos/dev_uros_packages.repos
[1.835s] -- Up-to-date: /home/pi/microros_pi_ws/install/micro_ros_setup/./config/freertos/nucleo_f746zg
[1.836s] -- Up-to-date: /home/pi/microros_pi_ws/install/micro_ros_setup/./config/freertos/nucleo_f746zg/board.repos
[1.836s] -- Up-to-date: /home/pi/microros_pi_ws/install/micro_ros_setup/./config/freertos/nucleo_f746zg/create.sh
[1.837s] -- Up-to-date: /home/pi/microros_pi_ws/install/micro_ros_setup/./config/freertos/nucleo_f746zg/configure.sh
[1.837s] -- Up-to-date: /home/pi/microros_pi_ws/install/micro_ros_setup/./config/freertos/nucleo_f746zg/client-colcon.meta
[1.838s] -- Up-to-date: /home/pi/microros_pi_ws/install/micro_ros_setup/./config/freertos/nucleo_f746zg/build.sh
[1.839s] -- Up-to-date: /home/pi/microros_pi_ws/install/micro_ros_setup/./config/freertos/nucleo_f746zg/package.xml
[1.839s] -- Up-to-date: /home/pi/microros_pi_ws/install/micro_ros_setup/./config/freertos/nucleo_f746zg/flash.sh
[1.840s] -- Up-to-date: /home/pi/microros_pi_ws/install/micro_ros_setup/./config/freertos/nucleo_f746zg/client_uros_packages.repos
[1.841s] -- Up-to-date: /home/pi/microros_pi_ws/install/micro_ros_setup/./config/freertos/dev_ros2_packages.txt
[1.846s] -- Up-to-date: /home/pi/microros_pi_ws/install/micro_ros_setup/./config/freertos/list_apps.sh
[1.848s] -- Up-to-date: /home/pi/microros_pi_ws/install/micro_ros_setup/./config/freertos/nucleo_f446re
[1.851s] -- Up-to-date: /home/pi/microros_pi_ws/install/micro_ros_setup/./config/freertos/nucleo_f446re/board.repos
[1.854s] -- Up-to-date: /home/pi/microros_pi_ws/install/micro_ros_setup/./config/freertos/nucleo_f446re/create.sh
[1.857s] -- Up-to-date: /home/pi/microros_pi_ws/install/micro_ros_setup/./config/freertos/nucleo_f446re/configure.sh
[1.862s] -- Up-to-date: /home/pi/microros_pi_ws/install/micro_ros_setup/./config/freertos/nucleo_f446re/client-colcon.meta
[1.863s] -- Up-to-date: /home/pi/microros_pi_ws/install/micro_ros_setup/./config/freertos/nucleo_f446re/build.sh
[1.864s] -- Up-to-date: /home/pi/microros_pi_ws/install/micro_ros_setup/./config/freertos/nucleo_f446re/package.xml
[1.864s] -- Up-to-date: /home/pi/microros_pi_ws/install/micro_ros_setup/./config/freertos/nucleo_f446re/flash.sh
[1.865s] -- Up-to-date: /home/pi/microros_pi_ws/install/micro_ros_setup/./config/freertos/nucleo_f446re/client_uros_packages.repos
[1.865s] -- Up-to-date: /home/pi/microros_pi_ws/install/micro_ros_setup/./config/freertos/nucleo_f446ze
[1.866s] -- Up-to-date: /home/pi/microros_pi_ws/install/micro_ros_setup/./config/freertos/nucleo_f446ze/board.repos
[1.866s] -- Up-to-date: /home/pi/microros_pi_ws/install/micro_ros_setup/./config/freertos/nucleo_f446ze/create.sh
[1.867s] -- Up-to-date: /home/pi/microros_pi_ws/install/micro_ros_setup/./config/freertos/nucleo_f446ze/configure.sh
[1.868s] -- Up-to-date: /home/pi/microros_pi_ws/install/micro_ros_setup/./config/freertos/nucleo_f446ze/client-colcon.meta
[1.869s] -- Up-to-date: /home/pi/microros_pi_ws/install/micro_ros_setup/./config/freertos/nucleo_f446ze/build.sh
[1.869s] -- Up-to-date: /home/pi/microros_pi_ws/install/micro_ros_setup/./config/freertos/nucleo_f446ze/package.xml
[1.870s] -- Up-to-date: /home/pi/microros_pi_ws/install/micro_ros_setup/./config/freertos/nucleo_f446ze/flash.sh
[1.870s] -- Up-to-date: /home/pi/microros_pi_ws/install/micro_ros_setup/./config/freertos/nucleo_f446ze/client_uros_packages.repos
[1.871s] -- Up-to-date: /home/pi/microros_pi_ws/install/micro_ros_setup/./config/freertos/esp32
[1.871s] -- Up-to-date: /home/pi/microros_pi_ws/install/micro_ros_setup/./config/freertos/esp32/board.repos
[1.872s] -- Up-to-date: /home/pi/microros_pi_ws/install/micro_ros_setup/./config/freertos/esp32/create.sh
[1.872s] -- Up-to-date: /home/pi/microros_pi_ws/install/micro_ros_setup/./config/freertos/esp32/configure.sh
[1.873s] -- Up-to-date: /home/pi/microros_pi_ws/install/micro_ros_setup/./config/freertos/esp32/client-colcon.meta
[1.874s] -- Up-to-date: /home/pi/microros_pi_ws/install/micro_ros_setup/./config/freertos/esp32/build.sh
[1.880s] -- Up-to-date: /home/pi/microros_pi_ws/install/micro_ros_setup/./config/freertos/esp32/package.xml
[1.883s] -- Up-to-date: /home/pi/microros_pi_ws/install/micro_ros_setup/./config/freertos/esp32/README.md
[1.885s] -- Up-to-date: /home/pi/microros_pi_ws/install/micro_ros_setup/./config/freertos/esp32/flash.sh
[1.891s] -- Up-to-date: /home/pi/microros_pi_ws/install/micro_ros_setup/./config/freertos/esp32/client_uros_packages.repos
[1.894s] -- Up-to-date: /home/pi/microros_pi_ws/install/micro_ros_setup/./config/freertos/crazyflie21
[1.894s] -- Up-to-date: /home/pi/microros_pi_ws/install/micro_ros_setup/./config/freertos/crazyflie21/board.repos
[1.895s] -- Up-to-date: /home/pi/microros_pi_ws/install/micro_ros_setup/./config/freertos/crazyflie21/create.sh
[1.896s] -- Up-to-date: /home/pi/microros_pi_ws/install/micro_ros_setup/./config/freertos/crazyflie21/configure.sh
[1.896s] -- Up-to-date: /home/pi/microros_pi_ws/install/micro_ros_setup/./config/freertos/crazyflie21/client-colcon.meta
[1.896s] -- Up-to-date: /home/pi/microros_pi_ws/install/micro_ros_setup/./config/freertos/crazyflie21/build.sh
[1.897s] -- Up-to-date: /home/pi/microros_pi_ws/install/micro_ros_setup/./config/freertos/crazyflie21/package.xml
[1.897s] -- Up-to-date: /home/pi/microros_pi_ws/install/micro_ros_setup/./config/freertos/crazyflie21/flash.sh
[1.898s] -- Up-to-date: /home/pi/microros_pi_ws/install/micro_ros_setup/./config/freertos/crazyflie21/client_uros_packages.repos
[1.898s] -- Up-to-date: /home/pi/microros_pi_ws/install/micro_ros_setup/./config/freertos/nucleo_f767zi
[1.899s] -- Up-to-date: /home/pi/microros_pi_ws/install/micro_ros_setup/./config/freertos/nucleo_f767zi/board.repos
[1.902s] -- Up-to-date: /home/pi/microros_pi_ws/install/micro_ros_setup/./config/freertos/nucleo_f767zi/create.sh
[1.907s] -- Up-to-date: /home/pi/microros_pi_ws/install/micro_ros_setup/./config/freertos/nucleo_f767zi/configure.sh
[1.914s] -- Up-to-date: /home/pi/microros_pi_ws/install/micro_ros_setup/./config/freertos/nucleo_f767zi/client-colcon.meta
[1.915s] -- Up-to-date: /home/pi/microros_pi_ws/install/micro_ros_setup/./config/freertos/nucleo_f767zi/build.sh
[1.918s] -- Up-to-date: /home/pi/microros_pi_ws/install/micro_ros_setup/./config/freertos/nucleo_f767zi/package.xml
[1.919s] -- Up-to-date: /home/pi/microros_pi_ws/install/micro_ros_setup/./config/freertos/nucleo_f767zi/flash.sh
[1.921s] -- Up-to-date: /home/pi/microros_pi_ws/install/micro_ros_setup/./config/freertos/nucleo_f767zi/client_uros_packages.repos
[1.921s] -- Up-to-date: /home/pi/microros_pi_ws/install/micro_ros_setup/./config/zephyr
[1.922s] -- Up-to-date: /home/pi/microros_pi_ws/install/micro_ros_setup/./config/zephyr/generic
[1.922s] -- Up-to-date: /home/pi/microros_pi_ws/install/micro_ros_setup/./config/zephyr/generic/board.repos
[1.923s] -- Up-to-date: /home/pi/microros_pi_ws/install/micro_ros_setup/./config/zephyr/generic/create.sh
[1.923s] -- Up-to-date: /home/pi/microros_pi_ws/install/micro_ros_setup/./config/zephyr/generic/configure.sh
[1.924s] -- Up-to-date: /home/pi/microros_pi_ws/install/micro_ros_setup/./config/zephyr/generic/client-colcon.meta
[1.930s] -- Up-to-date: /home/pi/microros_pi_ws/install/micro_ros_setup/./config/zephyr/generic/build.sh
[1.931s] -- Up-to-date: /home/pi/microros_pi_ws/install/micro_ros_setup/./config/zephyr/generic/package.xml
[1.931s] -- Up-to-date: /home/pi/microros_pi_ws/install/micro_ros_setup/./config/zephyr/generic/flash.sh
[1.932s] -- Up-to-date: /home/pi/microros_pi_ws/install/micro_ros_setup/./config/zephyr/generic/supported_platforms
[1.935s] -- Up-to-date: /home/pi/microros_pi_ws/install/micro_ros_setup/./config/zephyr/generic/client_uros_packages.repos
[1.941s] -- Up-to-date: /home/pi/microros_pi_ws/install/micro_ros_setup/./config/zephyr/dev_uros_packages.repos
[1.942s] -- Up-to-date: /home/pi/microros_pi_ws/install/micro_ros_setup/./config/zephyr/dev_ros2_packages.txt
[1.943s] -- Up-to-date: /home/pi/microros_pi_ws/install/micro_ros_setup/./config/zephyr/list_apps.sh
[1.944s] -- Up-to-date: /home/pi/microros_pi_ws/install/micro_ros_setup/./config/raspbian
[1.944s] -- Up-to-date: /home/pi/microros_pi_ws/install/micro_ros_setup/./config/raspbian/generic
[1.957s] -- Up-to-date: /home/pi/microros_pi_ws/install/micro_ros_setup/./config/raspbian/generic/create.sh
[1.957s] -- Up-to-date: /home/pi/microros_pi_ws/install/micro_ros_setup/./config/raspbian/generic/configure.sh
[1.958s] -- Up-to-date: /home/pi/microros_pi_ws/install/micro_ros_setup/./config/raspbian/generic/client-colcon.meta
[1.959s] -- Up-to-date: /home/pi/microros_pi_ws/install/micro_ros_setup/./config/raspbian/generic/build.sh
[1.959s] -- Up-to-date: /home/pi/microros_pi_ws/install/micro_ros_setup/./config/raspbian/generic/flash.sh
[1.960s] -- Up-to-date: /home/pi/microros_pi_ws/install/micro_ros_setup/./config/raspbian/generic/supported_platforms
[1.961s] -- Up-to-date: /home/pi/microros_pi_ws/install/micro_ros_setup/./config/raspbian/generic/client_uros_packages.repos
[1.961s] -- Up-to-date: /home/pi/microros_pi_ws/install/micro_ros_setup/./config/raspbian/dev_uros_packages.repos
[1.962s] -- Up-to-date: /home/pi/microros_pi_ws/install/micro_ros_setup/./config/raspbian/dev_ros2_packages.txt
[1.962s] -- Up-to-date: /home/pi/microros_pi_ws/install/micro_ros_setup/./config/utils.sh
[1.963s] -- Up-to-date: /home/pi/microros_pi_ws/install/micro_ros_setup/./config/renesas_ra
[1.964s] -- Up-to-date: /home/pi/microros_pi_ws/install/micro_ros_setup/./config/renesas_ra/dev_uros_packages.repos
[1.972s] -- Up-to-date: /home/pi/microros_pi_ws/install/micro_ros_setup/./config/renesas_ra/ra6m5
[1.973s] -- Up-to-date: /home/pi/microros_pi_ws/install/micro_ros_setup/./config/renesas_ra/ra6m5/board.repos
[1.983s] -- Up-to-date: /home/pi/microros_pi_ws/install/micro_ros_setup/./config/renesas_ra/ra6m5/create.sh
[1.984s] -- Up-to-date: /home/pi/microros_pi_ws/install/micro_ros_setup/./config/renesas_ra/ra6m5/configure.sh
[1.984s] -- Up-to-date: /home/pi/microros_pi_ws/install/micro_ros_setup/./config/renesas_ra/ra6m5/client-colcon.meta
[1.985s] -- Up-to-date: /home/pi/microros_pi_ws/install/micro_ros_setup/./config/renesas_ra/ra6m5/build.sh
[1.986s] -- Up-to-date: /home/pi/microros_pi_ws/install/micro_ros_setup/./config/renesas_ra/ra6m5/flash.sh
[1.986s] -- Up-to-date: /home/pi/microros_pi_ws/install/micro_ros_setup/./config/renesas_ra/ra6m5/client_uros_packages.repos
[1.987s] -- Up-to-date: /home/pi/microros_pi_ws/install/micro_ros_setup/./config/renesas_ra/dev_ros2_packages.txt
[1.987s] -- Up-to-date: /home/pi/microros_pi_ws/install/micro_ros_setup/./config/renesas_ra/list_apps.sh
[1.988s] -- Up-to-date: /home/pi/microros_pi_ws/install/micro_ros_setup/./config/client_ros2_packages.txt
[1.988s] -- Up-to-date: /home/pi/microros_pi_ws/install/micro_ros_setup/./config/client_uros_packages.repos
[1.999s] -- Up-to-date: /home/pi/microros_pi_ws/install/micro_ros_setup/./config/android
[2.001s] -- Up-to-date: /home/pi/microros_pi_ws/install/micro_ros_setup/./config/android/generic
[2.002s] -- Up-to-date: /home/pi/microros_pi_ws/install/micro_ros_setup/./config/android/generic/create.sh
[2.003s] -- Up-to-date: /home/pi/microros_pi_ws/install/micro_ros_setup/./config/android/generic/client-colcon.meta
[2.003s] -- Up-to-date: /home/pi/microros_pi_ws/install/micro_ros_setup/./config/android/generic/build.sh
[2.004s] -- Up-to-date: /home/pi/microros_pi_ws/install/micro_ros_setup/./config/android/generic/package.xml
[2.005s] -- Up-to-date: /home/pi/microros_pi_ws/install/micro_ros_setup/./config/android/generic/flash.sh
[2.005s] -- Up-to-date: /home/pi/microros_pi_ws/install/micro_ros_setup/./config/android/generic/client_uros_packages.repos
[2.005s] -- Up-to-date: /home/pi/microros_pi_ws/install/micro_ros_setup/./config/android/dev_uros_packages.repos
[2.006s] -- Up-to-date: /home/pi/microros_pi_ws/install/micro_ros_setup/./config/android/dev_ros2_packages.txt
[2.006s] -- Up-to-date: /home/pi/microros_pi_ws/install/micro_ros_setup/lib/micro_ros_setup/create_ws.sh
[2.007s] -- Up-to-date: /home/pi/microros_pi_ws/install/micro_ros_setup/lib/micro_ros_setup/create_agent_ws.sh
[2.007s] -- Up-to-date: /home/pi/microros_pi_ws/install/micro_ros_setup/lib/micro_ros_setup/create_firmware_ws.sh
[2.008s] -- Up-to-date: /home/pi/microros_pi_ws/install/micro_ros_setup/lib/micro_ros_setup/configure_firmware.sh
[2.008s] -- Up-to-date: /home/pi/microros_pi_ws/install/micro_ros_setup/lib/micro_ros_setup/flash_firmware.sh
[2.010s] -- Up-to-date: /home/pi/microros_pi_ws/install/micro_ros_setup/lib/micro_ros_setup/build_firmware.sh
[2.015s] -- Up-to-date: /home/pi/microros_pi_ws/install/micro_ros_setup/lib/micro_ros_setup/build_agent.sh
[2.016s] -- Up-to-date: /home/pi/microros_pi_ws/install/micro_ros_setup/lib/micro_ros_setup/yaml_filter.py
[2.017s] -- Up-to-date: /home/pi/microros_pi_ws/install/micro_ros_setup/lib/micro_ros_setup/clean_env.sh
[2.018s] -- Up-to-date: /home/pi/microros_pi_ws/install/micro_ros_setup/lib/micro_ros_setup/component
[2.024s] Invoked command in '/home/pi/microros_pi_ws/build/micro_ros_setup' returned '0': CMAKE_PREFIX_PATH=${CMAKE_PREFIX_PATH}:/home/pi/microros_pi_ws/install/motor_control:/opt/ros/humble /usr/bin/cmake --install /home/pi/microros_pi_ws/build/micro_ros_setup
