[0.104s] Invoking command in '/home/pi/microros_pi_ws/build/micro_ros_setup': CMAKE_PREFIX_PATH=${CMAKE_PREFIX_PATH}:/home/pi/microros_pi_ws/install/motor_control:/opt/ros/humble /usr/bin/cmake --build /home/pi/microros_pi_ws/build/micro_ros_setup -- -j4 -l4
[1.885s] Invoked command in '/home/pi/microros_pi_ws/build/micro_ros_setup' returned '0': CMAKE_PREFIX_PATH=${CMAKE_PREFIX_PATH}:/home/pi/microros_pi_ws/install/motor_control:/opt/ros/humble /usr/bin/cmake --build /home/pi/microros_pi_ws/build/micro_ros_setup -- -j4 -l4
[1.925s] Invoking command in '/home/pi/microros_pi_ws/build/micro_ros_setup': CMAKE_PREFIX_PATH=${CMAKE_PREFIX_PATH}:/home/pi/microros_pi_ws/install/motor_control:/opt/ros/humble /usr/bin/cmake --install /home/pi/microros_pi_ws/build/micro_ros_setup
[1.972s] -- Install configuration: ""
[1.973s] -- Installing: /home/pi/microros_pi_ws/install/micro_ros_setup/share/ament_index/resource_index/package_run_dependencies/micro_ros_setup
[1.975s] -- Installing: /home/pi/microros_pi_ws/install/micro_ros_setup/share/ament_index/resource_index/parent_prefix_path/micro_ros_setup
[1.976s] -- Up-to-date: /home/pi/microros_pi_ws/install/micro_ros_setup/share/micro_ros_setup/environment/ament_prefix_path.sh
[1.986s] -- Installing: /home/pi/microros_pi_ws/install/micro_ros_setup/share/micro_ros_setup/environment/ament_prefix_path.dsv
[1.988s] -- Up-to-date: /home/pi/microros_pi_ws/install/micro_ros_setup/share/micro_ros_setup/environment/path.sh
[1.988s] -- Installing: /home/pi/microros_pi_ws/install/micro_ros_setup/share/micro_ros_setup/environment/path.dsv
[1.990s] -- Installing: /home/pi/microros_pi_ws/install/micro_ros_setup/share/micro_ros_setup/local_setup.bash
[1.991s] -- Installing: /home/pi/microros_pi_ws/install/micro_ros_setup/share/micro_ros_setup/local_setup.sh
[1.993s] -- Installing: /home/pi/microros_pi_ws/install/micro_ros_setup/share/micro_ros_setup/local_setup.zsh
[1.994s] -- Installing: /home/pi/microros_pi_ws/install/micro_ros_setup/share/micro_ros_setup/local_setup.dsv
[2.000s] -- Installing: /home/pi/microros_pi_ws/install/micro_ros_setup/share/micro_ros_setup/package.dsv
[2.001s] -- Installing: /home/pi/microros_pi_ws/install/micro_ros_setup/share/ament_index/resource_index/packages/micro_ros_setup
[2.016s] -- Installing: /home/pi/microros_pi_ws/install/micro_ros_setup/share/micro_ros_setup/cmake/micro_ros_setupConfig.cmake
[2.017s] -- Installing: /home/pi/microros_pi_ws/install/micro_ros_setup/share/micro_ros_setup/cmake/micro_ros_setupConfig-version.cmake
[2.018s] -- Up-to-date: /home/pi/microros_pi_ws/install/micro_ros_setup/share/micro_ros_setup/package.xml
[2.019s] -- Up-to-date: /home/pi/microros_pi_ws/install/micro_ros_setup/./config
[2.019s] -- Up-to-date: /home/pi/microros_pi_ws/install/micro_ros_setup/./config/generate_lib
[2.020s] -- Up-to-date: /home/pi/microros_pi_ws/install/micro_ros_setup/./config/generate_lib/generic
[2.020s] -- Up-to-date: /home/pi/microros_pi_ws/install/micro_ros_setup/./config/generate_lib/generic/create.sh
[2.021s] -- Up-to-date: /home/pi/microros_pi_ws/install/micro_ros_setup/./config/generate_lib/generic/client-colcon.meta
[2.021s] -- Up-to-date: /home/pi/microros_pi_ws/install/micro_ros_setup/./config/generate_lib/generic/build.sh
[2.022s] -- Up-to-date: /home/pi/microros_pi_ws/install/micro_ros_setup/./config/generate_lib/generic/package.xml
[2.022s] -- Up-to-date: /home/pi/microros_pi_ws/install/micro_ros_setup/./config/generate_lib/generic/flash.sh
[2.023s] -- Up-to-date: /home/pi/microros_pi_ws/install/micro_ros_setup/./config/generate_lib/generic/demo_toolchain.cmake
[2.024s] -- Up-to-date: /home/pi/microros_pi_ws/install/micro_ros_setup/./config/generate_lib/generic/client_uros_packages.repos
[2.025s] -- Up-to-date: /home/pi/microros_pi_ws/install/micro_ros_setup/./config/generate_lib/dev_uros_packages.repos
[2.026s] -- Up-to-date: /home/pi/microros_pi_ws/install/micro_ros_setup/./config/generate_lib/dev_ros2_packages.txt
[2.027s] -- Up-to-date: /home/pi/microros_pi_ws/install/micro_ros_setup/./config/host
[2.028s] -- Up-to-date: /home/pi/microros_pi_ws/install/micro_ros_setup/./config/host/generic
[2.028s] -- Up-to-date: /home/pi/microros_pi_ws/install/micro_ros_setup/./config/host/generic/client-host-colcon.meta
[2.029s] -- Up-to-date: /home/pi/microros_pi_ws/install/micro_ros_setup/./config/host/generic/create.sh
[2.029s] -- Up-to-date: /home/pi/microros_pi_ws/install/micro_ros_setup/./config/host/generic/build.sh
[2.030s] -- Up-to-date: /home/pi/microros_pi_ws/install/micro_ros_setup/./config/host/generic/package.xml
[2.030s] -- Up-to-date: /home/pi/microros_pi_ws/install/micro_ros_setup/./config/host/generic/flash.sh
[2.031s] -- Up-to-date: /home/pi/microros_pi_ws/install/micro_ros_setup/./config/host/generic/client_host_packages.repos
[2.031s] -- Up-to-date: /home/pi/microros_pi_ws/install/micro_ros_setup/./config/host/dev_uros_packages.repos
[2.032s] -- Up-to-date: /home/pi/microros_pi_ws/install/micro_ros_setup/./config/host/dev_ros2_packages.txt
[2.033s] -- Up-to-date: /home/pi/microros_pi_ws/install/micro_ros_setup/./config/host/client_ros2_packages.txt
[2.033s] -- Up-to-date: /home/pi/microros_pi_ws/install/micro_ros_setup/./config/mbed
[2.034s] -- Up-to-date: /home/pi/microros_pi_ws/install/micro_ros_setup/./config/mbed/generic
[2.034s] -- Up-to-date: /home/pi/microros_pi_ws/install/micro_ros_setup/./config/mbed/generic/board.repos
[2.035s] -- Up-to-date: /home/pi/microros_pi_ws/install/micro_ros_setup/./config/mbed/generic/create.sh
[2.035s] -- Up-to-date: /home/pi/microros_pi_ws/install/micro_ros_setup/./config/mbed/generic/build.sh
[2.036s] -- Up-to-date: /home/pi/microros_pi_ws/install/micro_ros_setup/./config/mbed/generic/package.xml
[2.052s] -- Up-to-date: /home/pi/microros_pi_ws/install/micro_ros_setup/./config/mbed/generic/flash.sh
[2.052s] -- Up-to-date: /home/pi/microros_pi_ws/install/micro_ros_setup/./config/mbed/generic/supported_platforms
[2.053s] -- Up-to-date: /home/pi/microros_pi_ws/install/micro_ros_setup/./config/mbed/generic/client_uros_packages.repos
[2.054s] -- Up-to-date: /home/pi/microros_pi_ws/install/micro_ros_setup/./config/mbed/dev_uros_packages.repos
[2.054s] -- Up-to-date: /home/pi/microros_pi_ws/install/micro_ros_setup/./config/mbed/dev_ros2_packages.txt
[2.055s] -- Up-to-date: /home/pi/microros_pi_ws/install/micro_ros_setup/./config/mbed/list_apps.sh
[2.055s] -- Up-to-date: /home/pi/microros_pi_ws/install/micro_ros_setup/./config/agent_uros_packages.repos
[2.056s] -- Up-to-date: /home/pi/microros_pi_ws/install/micro_ros_setup/./config/agent_ros2_packages.txt
[2.057s] -- Up-to-date: /home/pi/microros_pi_ws/install/micro_ros_setup/./config/freertos
[2.058s] -- Up-to-date: /home/pi/microros_pi_ws/install/micro_ros_setup/./config/freertos/olimex-stm32-e407
[2.058s] -- Up-to-date: /home/pi/microros_pi_ws/install/micro_ros_setup/./config/freertos/olimex-stm32-e407/board.repos
[2.059s] -- Up-to-date: /home/pi/microros_pi_ws/install/micro_ros_setup/./config/freertos/olimex-stm32-e407/create.sh
[2.059s] -- Up-to-date: /home/pi/microros_pi_ws/install/micro_ros_setup/./config/freertos/olimex-stm32-e407/configure.sh
[2.060s] -- Up-to-date: /home/pi/microros_pi_ws/install/micro_ros_setup/./config/freertos/olimex-stm32-e407/client-colcon.meta
[2.060s] -- Up-to-date: /home/pi/microros_pi_ws/install/micro_ros_setup/./config/freertos/olimex-stm32-e407/build.sh
[2.061s] -- Up-to-date: /home/pi/microros_pi_ws/install/micro_ros_setup/./config/freertos/olimex-stm32-e407/package.xml
[2.075s] -- Up-to-date: /home/pi/microros_pi_ws/install/micro_ros_setup/./config/freertos/olimex-stm32-e407/flash.sh
[2.076s] -- Up-to-date: /home/pi/microros_pi_ws/install/micro_ros_setup/./config/freertos/olimex-stm32-e407/client_uros_packages.repos
[2.077s] -- Up-to-date: /home/pi/microros_pi_ws/install/micro_ros_setup/./config/freertos/dev_uros_packages.repos
[2.078s] -- Up-to-date: /home/pi/microros_pi_ws/install/micro_ros_setup/./config/freertos/nucleo_f746zg
[2.079s] -- Up-to-date: /home/pi/microros_pi_ws/install/micro_ros_setup/./config/freertos/nucleo_f746zg/board.repos
[2.080s] -- Up-to-date: /home/pi/microros_pi_ws/install/micro_ros_setup/./config/freertos/nucleo_f746zg/create.sh
[2.081s] -- Up-to-date: /home/pi/microros_pi_ws/install/micro_ros_setup/./config/freertos/nucleo_f746zg/configure.sh
[2.082s] -- Up-to-date: /home/pi/microros_pi_ws/install/micro_ros_setup/./config/freertos/nucleo_f746zg/client-colcon.meta
[2.082s] -- Up-to-date: /home/pi/microros_pi_ws/install/micro_ros_setup/./config/freertos/nucleo_f746zg/build.sh
[2.083s] -- Up-to-date: /home/pi/microros_pi_ws/install/micro_ros_setup/./config/freertos/nucleo_f746zg/package.xml
[2.093s] -- Up-to-date: /home/pi/microros_pi_ws/install/micro_ros_setup/./config/freertos/nucleo_f746zg/flash.sh
[2.094s] -- Up-to-date: /home/pi/microros_pi_ws/install/micro_ros_setup/./config/freertos/nucleo_f746zg/client_uros_packages.repos
[2.095s] -- Up-to-date: /home/pi/microros_pi_ws/install/micro_ros_setup/./config/freertos/dev_ros2_packages.txt
[2.095s] -- Up-to-date: /home/pi/microros_pi_ws/install/micro_ros_setup/./config/freertos/list_apps.sh
[2.096s] -- Up-to-date: /home/pi/microros_pi_ws/install/micro_ros_setup/./config/freertos/nucleo_f446re
[2.097s] -- Up-to-date: /home/pi/microros_pi_ws/install/micro_ros_setup/./config/freertos/nucleo_f446re/board.repos
[2.097s] -- Up-to-date: /home/pi/microros_pi_ws/install/micro_ros_setup/./config/freertos/nucleo_f446re/create.sh
[2.098s] -- Up-to-date: /home/pi/microros_pi_ws/install/micro_ros_setup/./config/freertos/nucleo_f446re/configure.sh
[2.099s] -- Up-to-date: /home/pi/microros_pi_ws/install/micro_ros_setup/./config/freertos/nucleo_f446re/client-colcon.meta
[2.099s] -- Up-to-date: /home/pi/microros_pi_ws/install/micro_ros_setup/./config/freertos/nucleo_f446re/build.sh
[2.100s] -- Up-to-date: /home/pi/microros_pi_ws/install/micro_ros_setup/./config/freertos/nucleo_f446re/package.xml
[2.101s] -- Up-to-date: /home/pi/microros_pi_ws/install/micro_ros_setup/./config/freertos/nucleo_f446re/flash.sh
[2.101s] -- Up-to-date: /home/pi/microros_pi_ws/install/micro_ros_setup/./config/freertos/nucleo_f446re/client_uros_packages.repos
[2.106s] -- Up-to-date: /home/pi/microros_pi_ws/install/micro_ros_setup/./config/freertos/nucleo_f446ze
[2.106s] -- Up-to-date: /home/pi/microros_pi_ws/install/micro_ros_setup/./config/freertos/nucleo_f446ze/board.repos
[2.107s] -- Up-to-date: /home/pi/microros_pi_ws/install/micro_ros_setup/./config/freertos/nucleo_f446ze/create.sh
[2.108s] -- Up-to-date: /home/pi/microros_pi_ws/install/micro_ros_setup/./config/freertos/nucleo_f446ze/configure.sh
[2.108s] -- Up-to-date: /home/pi/microros_pi_ws/install/micro_ros_setup/./config/freertos/nucleo_f446ze/client-colcon.meta
[2.109s] -- Up-to-date: /home/pi/microros_pi_ws/install/micro_ros_setup/./config/freertos/nucleo_f446ze/build.sh
[2.109s] -- Up-to-date: /home/pi/microros_pi_ws/install/micro_ros_setup/./config/freertos/nucleo_f446ze/package.xml
[2.110s] -- Up-to-date: /home/pi/microros_pi_ws/install/micro_ros_setup/./config/freertos/nucleo_f446ze/flash.sh
[2.110s] -- Up-to-date: /home/pi/microros_pi_ws/install/micro_ros_setup/./config/freertos/nucleo_f446ze/client_uros_packages.repos
[2.111s] -- Up-to-date: /home/pi/microros_pi_ws/install/micro_ros_setup/./config/freertos/esp32
[2.111s] -- Up-to-date: /home/pi/microros_pi_ws/install/micro_ros_setup/./config/freertos/esp32/board.repos
[2.112s] -- Up-to-date: /home/pi/microros_pi_ws/install/micro_ros_setup/./config/freertos/esp32/create.sh
[2.113s] -- Up-to-date: /home/pi/microros_pi_ws/install/micro_ros_setup/./config/freertos/esp32/configure.sh
[2.126s] -- Up-to-date: /home/pi/microros_pi_ws/install/micro_ros_setup/./config/freertos/esp32/client-colcon.meta
[2.126s] -- Up-to-date: /home/pi/microros_pi_ws/install/micro_ros_setup/./config/freertos/esp32/build.sh
[2.127s] -- Up-to-date: /home/pi/microros_pi_ws/install/micro_ros_setup/./config/freertos/esp32/package.xml
[2.127s] -- Up-to-date: /home/pi/microros_pi_ws/install/micro_ros_setup/./config/freertos/esp32/README.md
[2.128s] -- Up-to-date: /home/pi/microros_pi_ws/install/micro_ros_setup/./config/freertos/esp32/flash.sh
[2.129s] -- Up-to-date: /home/pi/microros_pi_ws/install/micro_ros_setup/./config/freertos/esp32/client_uros_packages.repos
[2.129s] -- Up-to-date: /home/pi/microros_pi_ws/install/micro_ros_setup/./config/freertos/crazyflie21
[2.130s] -- Up-to-date: /home/pi/microros_pi_ws/install/micro_ros_setup/./config/freertos/crazyflie21/board.repos
[2.130s] -- Up-to-date: /home/pi/microros_pi_ws/install/micro_ros_setup/./config/freertos/crazyflie21/create.sh
[2.131s] -- Up-to-date: /home/pi/microros_pi_ws/install/micro_ros_setup/./config/freertos/crazyflie21/configure.sh
[2.131s] -- Up-to-date: /home/pi/microros_pi_ws/install/micro_ros_setup/./config/freertos/crazyflie21/client-colcon.meta
[2.131s] -- Up-to-date: /home/pi/microros_pi_ws/install/micro_ros_setup/./config/freertos/crazyflie21/build.sh
[2.132s] -- Up-to-date: /home/pi/microros_pi_ws/install/micro_ros_setup/./config/freertos/crazyflie21/package.xml
[2.132s] -- Up-to-date: /home/pi/microros_pi_ws/install/micro_ros_setup/./config/freertos/crazyflie21/flash.sh
[2.132s] -- Up-to-date: /home/pi/microros_pi_ws/install/micro_ros_setup/./config/freertos/crazyflie21/client_uros_packages.repos
[2.133s] -- Up-to-date: /home/pi/microros_pi_ws/install/micro_ros_setup/./config/freertos/nucleo_f767zi
[2.133s] -- Up-to-date: /home/pi/microros_pi_ws/install/micro_ros_setup/./config/freertos/nucleo_f767zi/board.repos
[2.146s] -- Up-to-date: /home/pi/microros_pi_ws/install/micro_ros_setup/./config/freertos/nucleo_f767zi/create.sh
[2.147s] -- Up-to-date: /home/pi/microros_pi_ws/install/micro_ros_setup/./config/freertos/nucleo_f767zi/configure.sh
[2.148s] -- Up-to-date: /home/pi/microros_pi_ws/install/micro_ros_setup/./config/freertos/nucleo_f767zi/client-colcon.meta
[2.149s] -- Up-to-date: /home/pi/microros_pi_ws/install/micro_ros_setup/./config/freertos/nucleo_f767zi/build.sh
[2.150s] -- Up-to-date: /home/pi/microros_pi_ws/install/micro_ros_setup/./config/freertos/nucleo_f767zi/package.xml
[2.151s] -- Up-to-date: /home/pi/microros_pi_ws/install/micro_ros_setup/./config/freertos/nucleo_f767zi/flash.sh
[2.152s] -- Up-to-date: /home/pi/microros_pi_ws/install/micro_ros_setup/./config/freertos/nucleo_f767zi/client_uros_packages.repos
[2.153s] -- Up-to-date: /home/pi/microros_pi_ws/install/micro_ros_setup/./config/zephyr
[2.153s] -- Up-to-date: /home/pi/microros_pi_ws/install/micro_ros_setup/./config/zephyr/generic
[2.154s] -- Up-to-date: /home/pi/microros_pi_ws/install/micro_ros_setup/./config/zephyr/generic/board.repos
[2.155s] -- Up-to-date: /home/pi/microros_pi_ws/install/micro_ros_setup/./config/zephyr/generic/create.sh
[2.155s] -- Up-to-date: /home/pi/microros_pi_ws/install/micro_ros_setup/./config/zephyr/generic/configure.sh
[2.156s] -- Up-to-date: /home/pi/microros_pi_ws/install/micro_ros_setup/./config/zephyr/generic/client-colcon.meta
[2.156s] -- Up-to-date: /home/pi/microros_pi_ws/install/micro_ros_setup/./config/zephyr/generic/build.sh
[2.156s] -- Up-to-date: /home/pi/microros_pi_ws/install/micro_ros_setup/./config/zephyr/generic/package.xml
[2.157s] -- Up-to-date: /home/pi/microros_pi_ws/install/micro_ros_setup/./config/zephyr/generic/flash.sh
[2.170s] -- Up-to-date: /home/pi/microros_pi_ws/install/micro_ros_setup/./config/zephyr/generic/supported_platforms
[2.170s] -- Up-to-date: /home/pi/microros_pi_ws/install/micro_ros_setup/./config/zephyr/generic/client_uros_packages.repos
[2.171s] -- Up-to-date: /home/pi/microros_pi_ws/install/micro_ros_setup/./config/zephyr/dev_uros_packages.repos
[2.171s] -- Up-to-date: /home/pi/microros_pi_ws/install/micro_ros_setup/./config/zephyr/dev_ros2_packages.txt
[2.172s] -- Up-to-date: /home/pi/microros_pi_ws/install/micro_ros_setup/./config/zephyr/list_apps.sh
[2.172s] -- Up-to-date: /home/pi/microros_pi_ws/install/micro_ros_setup/./config/raspbian
[2.173s] -- Up-to-date: /home/pi/microros_pi_ws/install/micro_ros_setup/./config/raspbian/generic
[2.173s] -- Up-to-date: /home/pi/microros_pi_ws/install/micro_ros_setup/./config/raspbian/generic/create.sh
[2.174s] -- Up-to-date: /home/pi/microros_pi_ws/install/micro_ros_setup/./config/raspbian/generic/configure.sh
[2.174s] -- Up-to-date: /home/pi/microros_pi_ws/install/micro_ros_setup/./config/raspbian/generic/client-colcon.meta
[2.175s] -- Up-to-date: /home/pi/microros_pi_ws/install/micro_ros_setup/./config/raspbian/generic/build.sh
[2.176s] -- Up-to-date: /home/pi/microros_pi_ws/install/micro_ros_setup/./config/raspbian/generic/flash.sh
[2.176s] -- Up-to-date: /home/pi/microros_pi_ws/install/micro_ros_setup/./config/raspbian/generic/supported_platforms
[2.177s] -- Up-to-date: /home/pi/microros_pi_ws/install/micro_ros_setup/./config/raspbian/generic/client_uros_packages.repos
[2.178s] -- Up-to-date: /home/pi/microros_pi_ws/install/micro_ros_setup/./config/raspbian/dev_uros_packages.repos
[2.186s] -- Up-to-date: /home/pi/microros_pi_ws/install/micro_ros_setup/./config/raspbian/dev_ros2_packages.txt
[2.187s] -- Up-to-date: /home/pi/microros_pi_ws/install/micro_ros_setup/./config/utils.sh
[2.187s] -- Up-to-date: /home/pi/microros_pi_ws/install/micro_ros_setup/./config/renesas_ra
[2.188s] -- Up-to-date: /home/pi/microros_pi_ws/install/micro_ros_setup/./config/renesas_ra/dev_uros_packages.repos
[2.188s] -- Up-to-date: /home/pi/microros_pi_ws/install/micro_ros_setup/./config/renesas_ra/ra6m5
[2.189s] -- Up-to-date: /home/pi/microros_pi_ws/install/micro_ros_setup/./config/renesas_ra/ra6m5/board.repos
[2.189s] -- Up-to-date: /home/pi/microros_pi_ws/install/micro_ros_setup/./config/renesas_ra/ra6m5/create.sh
[2.190s] -- Up-to-date: /home/pi/microros_pi_ws/install/micro_ros_setup/./config/renesas_ra/ra6m5/configure.sh
[2.190s] -- Up-to-date: /home/pi/microros_pi_ws/install/micro_ros_setup/./config/renesas_ra/ra6m5/client-colcon.meta
[2.190s] -- Up-to-date: /home/pi/microros_pi_ws/install/micro_ros_setup/./config/renesas_ra/ra6m5/build.sh
[2.191s] -- Up-to-date: /home/pi/microros_pi_ws/install/micro_ros_setup/./config/renesas_ra/ra6m5/flash.sh
[2.191s] -- Up-to-date: /home/pi/microros_pi_ws/install/micro_ros_setup/./config/renesas_ra/ra6m5/client_uros_packages.repos
[2.192s] -- Up-to-date: /home/pi/microros_pi_ws/install/micro_ros_setup/./config/renesas_ra/dev_ros2_packages.txt
[2.192s] -- Up-to-date: /home/pi/microros_pi_ws/install/micro_ros_setup/./config/renesas_ra/list_apps.sh
[2.192s] -- Up-to-date: /home/pi/microros_pi_ws/install/micro_ros_setup/./config/client_ros2_packages.txt
[2.193s] -- Up-to-date: /home/pi/microros_pi_ws/install/micro_ros_setup/./config/client_uros_packages.repos
[2.193s] -- Up-to-date: /home/pi/microros_pi_ws/install/micro_ros_setup/./config/android
[2.202s] -- Up-to-date: /home/pi/microros_pi_ws/install/micro_ros_setup/./config/android/generic
[2.203s] -- Up-to-date: /home/pi/microros_pi_ws/install/micro_ros_setup/./config/android/generic/create.sh
[2.203s] -- Up-to-date: /home/pi/microros_pi_ws/install/micro_ros_setup/./config/android/generic/client-colcon.meta
[2.203s] -- Up-to-date: /home/pi/microros_pi_ws/install/micro_ros_setup/./config/android/generic/build.sh
[2.204s] -- Up-to-date: /home/pi/microros_pi_ws/install/micro_ros_setup/./config/android/generic/package.xml
[2.204s] -- Up-to-date: /home/pi/microros_pi_ws/install/micro_ros_setup/./config/android/generic/flash.sh
[2.205s] -- Up-to-date: /home/pi/microros_pi_ws/install/micro_ros_setup/./config/android/generic/client_uros_packages.repos
[2.205s] -- Up-to-date: /home/pi/microros_pi_ws/install/micro_ros_setup/./config/android/dev_uros_packages.repos
[2.206s] -- Up-to-date: /home/pi/microros_pi_ws/install/micro_ros_setup/./config/android/dev_ros2_packages.txt
[2.206s] -- Up-to-date: /home/pi/microros_pi_ws/install/micro_ros_setup/lib/micro_ros_setup/create_ws.sh
[2.207s] -- Up-to-date: /home/pi/microros_pi_ws/install/micro_ros_setup/lib/micro_ros_setup/create_agent_ws.sh
[2.208s] -- Up-to-date: /home/pi/microros_pi_ws/install/micro_ros_setup/lib/micro_ros_setup/create_firmware_ws.sh
[2.208s] -- Up-to-date: /home/pi/microros_pi_ws/install/micro_ros_setup/lib/micro_ros_setup/configure_firmware.sh
[2.209s] -- Up-to-date: /home/pi/microros_pi_ws/install/micro_ros_setup/lib/micro_ros_setup/flash_firmware.sh
[2.209s] -- Up-to-date: /home/pi/microros_pi_ws/install/micro_ros_setup/lib/micro_ros_setup/build_firmware.sh
[2.210s] -- Up-to-date: /home/pi/microros_pi_ws/install/micro_ros_setup/lib/micro_ros_setup/build_agent.sh
[2.210s] -- Up-to-date: /home/pi/microros_pi_ws/install/micro_ros_setup/lib/micro_ros_setup/yaml_filter.py
[2.211s] -- Up-to-date: /home/pi/microros_pi_ws/install/micro_ros_setup/lib/micro_ros_setup/clean_env.sh
[2.212s] -- Up-to-date: /home/pi/microros_pi_ws/install/micro_ros_setup/lib/micro_ros_setup/component
[2.212s] Invoked command in '/home/pi/microros_pi_ws/build/micro_ros_setup' returned '0': CMAKE_PREFIX_PATH=${CMAKE_PREFIX_PATH}:/home/pi/microros_pi_ws/install/motor_control:/opt/ros/humble /usr/bin/cmake --install /home/pi/microros_pi_ws/build/micro_ros_setup
