[4.712s] Invoking command in '/home/pi/ros2_pi_ws/src/myrobot': PYTHONPATH=/home/pi/ros2_pi_ws/build/myrobot/prefix_override:/usr/lib/python3/dist-packages/colcon_core/task/python/colcon_distutils_commands:/home/pi/ros2_pi_ws/install/myrobot/lib/python3.10/site-packages:${PYTHONPATH} /usr/bin/python3 -W ignore:setup.py install is deprecated -W ignore:easy_install command is deprecated setup.py egg_info --egg-base ../../build/myrobot build --build-base /home/pi/ros2_pi_ws/build/myrobot/build install --record /home/pi/ros2_pi_ws/build/myrobot/install.log --single-version-externally-managed install_data
[6.092s] running egg_info
[6.094s] writing ../../build/myrobot/myrobot.egg-info/PKG-INFO
[6.096s] writing dependency_links to ../../build/myrobot/myrobot.egg-info/dependency_links.txt
[6.097s] writing entry points to ../../build/myrobot/myrobot.egg-info/entry_points.txt
[6.098s] writing requirements to ../../build/myrobot/myrobot.egg-info/requires.txt
[6.100s] writing top-level names to ../../build/myrobot/myrobot.egg-info/top_level.txt
[6.110s] reading manifest file '../../build/myrobot/myrobot.egg-info/SOURCES.txt'
[6.113s] writing manifest file '../../build/myrobot/myrobot.egg-info/SOURCES.txt'
[6.114s] running build
[6.115s] running build_py
[6.116s] running install
[6.118s] running install_lib
[6.124s] running install_data
[6.125s] running install_egg_info
[6.134s] removing '/home/pi/ros2_pi_ws/install/myrobot/lib/python3.10/site-packages/myrobot-0.0.0-py3.10.egg-info' (and everything under it)
[6.136s] Copying ../../build/myrobot/myrobot.egg-info to /home/pi/ros2_pi_ws/install/myrobot/lib/python3.10/site-packages/myrobot-0.0.0-py3.10.egg-info
[6.144s] running install_scripts
[6.244s] Installing pid_tuner script to /home/pi/ros2_pi_ws/install/myrobot/lib/myrobot
[6.248s] writing list of installed files to '/home/pi/ros2_pi_ws/build/myrobot/install.log'
[6.458s] Invoked command in '/home/pi/ros2_pi_ws/src/myrobot' returned '0': PYTHONPATH=/home/pi/ros2_pi_ws/build/myrobot/prefix_override:/usr/lib/python3/dist-packages/colcon_core/task/python/colcon_distutils_commands:/home/pi/ros2_pi_ws/install/myrobot/lib/python3.10/site-packages:${PYTHONPATH} /usr/bin/python3 -W ignore:setup.py install is deprecated -W ignore:easy_install command is deprecated setup.py egg_info --egg-base ../../build/myrobot build --build-base /home/pi/ros2_pi_ws/build/myrobot/build install --record /home/pi/ros2_pi_ws/build/myrobot/install.log --single-version-externally-managed install_data
