[0.126s] Invoking command in '/home/pi/ros2_pi_ws/build/micro_ros_msgs': CMAKE_PREFIX_PATH=${CMAKE_PREFIX_PATH}:/home/pi/ros2_pi_ws/install/motor_control:/opt/ros/humble /usr/bin/cmake --build /home/pi/ros2_pi_ws/build/micro_ros_msgs -- -j4 -l4
[1.584s] [ 10%] Built target micro_ros_msgs__rosidl_generator_c
[1.586s] [ 12%] Built target micro_ros_msgs__cpp
[1.587s] [ 12%] Built target ament_cmake_python_copy_micro_ros_msgs
[1.590s] [ 23%] Built target micro_ros_msgs__rosidl_typesupport_fastrtps_c
[1.592s] [ 34%] Built target micro_ros_msgs__rosidl_typesupport_introspection_c
[1.593s] [ 44%] Built target micro_ros_msgs__rosidl_typesupport_c
[1.594s] [ 55%] Built target micro_ros_msgs__rosidl_typesupport_fastrtps_cpp
[1.594s] [ 65%] Built target micro_ros_msgs__rosidl_typesupport_introspection_cpp
[1.595s] [ 76%] Built target micro_ros_msgs__rosidl_typesupport_cpp
[1.595s] [ 76%] Built target micro_ros_msgs
[1.595s] [ 78%] Built target micro_ros_msgs__py
[1.596s] [ 87%] Built target micro_ros_msgs__rosidl_generator_py
[1.596s] [ 91%] Built target micro_ros_msgs__rosidl_typesupport_fastrtps_c__pyext
[1.597s] [ 95%] Built target micro_ros_msgs__rosidl_typesupport_introspection_c__pyext
[1.597s] [100%] Built target micro_ros_msgs__rosidl_typesupport_c__pyext
[1.881s] running egg_info
[1.884s] writing micro_ros_msgs.egg-info/PKG-INFO
[1.886s] writing dependency_links to micro_ros_msgs.egg-info/dependency_links.txt
[1.889s] writing top-level names to micro_ros_msgs.egg-info/top_level.txt
[1.909s] reading manifest file 'micro_ros_msgs.egg-info/SOURCES.txt'
[1.910s] writing manifest file 'micro_ros_msgs.egg-info/SOURCES.txt'
[2.088s] [100%] Built target ament_cmake_python_build_micro_ros_msgs_egg
[3.157s] Invoked command in '/home/pi/ros2_pi_ws/build/micro_ros_msgs' returned '0': CMAKE_PREFIX_PATH=${CMAKE_PREFIX_PATH}:/home/pi/ros2_pi_ws/install/motor_control:/opt/ros/humble /usr/bin/cmake --build /home/pi/ros2_pi_ws/build/micro_ros_msgs -- -j4 -l4
[3.159s] Invoking command in '/home/pi/ros2_pi_ws/build/micro_ros_msgs': CMAKE_PREFIX_PATH=${CMAKE_PREFIX_PATH}:/home/pi/ros2_pi_ws/install/motor_control:/opt/ros/humble /usr/bin/cmake --install /home/pi/ros2_pi_ws/build/micro_ros_msgs
[3.197s] -- Install configuration: ""
[3.197s] -- Up-to-date: /home/pi/ros2_pi_ws/install/micro_ros_msgs/share/ament_index/resource_index/rosidl_interfaces/micro_ros_msgs
[3.205s] -- Up-to-date: /home/pi/ros2_pi_ws/install/micro_ros_msgs/include/micro_ros_msgs/micro_ros_msgs
[3.205s] -- Up-to-date: /home/pi/ros2_pi_ws/install/micro_ros_msgs/include/micro_ros_msgs/micro_ros_msgs/msg
[3.206s] -- Up-to-date: /home/pi/ros2_pi_ws/install/micro_ros_msgs/include/micro_ros_msgs/micro_ros_msgs/msg/graph.h
[3.206s] -- Up-to-date: /home/pi/ros2_pi_ws/install/micro_ros_msgs/include/micro_ros_msgs/micro_ros_msgs/msg/node.h
[3.207s] -- Up-to-date: /home/pi/ros2_pi_ws/install/micro_ros_msgs/include/micro_ros_msgs/micro_ros_msgs/msg/entity.h
[3.210s] -- Up-to-date: /home/pi/ros2_pi_ws/install/micro_ros_msgs/include/micro_ros_msgs/micro_ros_msgs/msg/rosidl_generator_c__visibility_control.h
[3.211s] -- Up-to-date: /home/pi/ros2_pi_ws/install/micro_ros_msgs/include/micro_ros_msgs/micro_ros_msgs/msg/detail
[3.213s] -- Up-to-date: /home/pi/ros2_pi_ws/install/micro_ros_msgs/include/micro_ros_msgs/micro_ros_msgs/msg/detail/entity__struct.h
[3.216s] -- Up-to-date: /home/pi/ros2_pi_ws/install/micro_ros_msgs/include/micro_ros_msgs/micro_ros_msgs/msg/detail/graph__functions.c
[3.216s] -- Up-to-date: /home/pi/ros2_pi_ws/install/micro_ros_msgs/include/micro_ros_msgs/micro_ros_msgs/msg/detail/entity__functions.h
[3.226s] -- Up-to-date: /home/pi/ros2_pi_ws/install/micro_ros_msgs/include/micro_ros_msgs/micro_ros_msgs/msg/detail/node__type_support.h
[3.232s] -- Up-to-date: /home/pi/ros2_pi_ws/install/micro_ros_msgs/include/micro_ros_msgs/micro_ros_msgs/msg/detail/graph__type_support.h
[3.232s] -- Up-to-date: /home/pi/ros2_pi_ws/install/micro_ros_msgs/include/micro_ros_msgs/micro_ros_msgs/msg/detail/node__functions.c
[3.233s] -- Up-to-date: /home/pi/ros2_pi_ws/install/micro_ros_msgs/include/micro_ros_msgs/micro_ros_msgs/msg/detail/graph__functions.h
[3.234s] -- Up-to-date: /home/pi/ros2_pi_ws/install/micro_ros_msgs/include/micro_ros_msgs/micro_ros_msgs/msg/detail/entity__type_support.h
[3.234s] -- Up-to-date: /home/pi/ros2_pi_ws/install/micro_ros_msgs/include/micro_ros_msgs/micro_ros_msgs/msg/detail/graph__struct.h
[3.235s] -- Up-to-date: /home/pi/ros2_pi_ws/install/micro_ros_msgs/include/micro_ros_msgs/micro_ros_msgs/msg/detail/entity__functions.c
[3.235s] -- Up-to-date: /home/pi/ros2_pi_ws/install/micro_ros_msgs/include/micro_ros_msgs/micro_ros_msgs/msg/detail/node__functions.h
[3.236s] -- Up-to-date: /home/pi/ros2_pi_ws/install/micro_ros_msgs/include/micro_ros_msgs/micro_ros_msgs/msg/detail/node__struct.h
[3.237s] -- Up-to-date: /home/pi/ros2_pi_ws/install/micro_ros_msgs/share/micro_ros_msgs/environment/library_path.sh
[3.237s] -- Up-to-date: /home/pi/ros2_pi_ws/install/micro_ros_msgs/share/micro_ros_msgs/environment/library_path.dsv
[3.250s] -- Up-to-date: /home/pi/ros2_pi_ws/install/micro_ros_msgs/lib/libmicro_ros_msgs__rosidl_generator_c.so
[3.254s] -- Up-to-date: /home/pi/ros2_pi_ws/install/micro_ros_msgs/include/micro_ros_msgs/micro_ros_msgs
[3.256s] -- Up-to-date: /home/pi/ros2_pi_ws/install/micro_ros_msgs/include/micro_ros_msgs/micro_ros_msgs/msg
[3.256s] -- Up-to-date: /home/pi/ros2_pi_ws/install/micro_ros_msgs/include/micro_ros_msgs/micro_ros_msgs/msg/rosidl_typesupport_fastrtps_c__visibility_control.h
[3.257s] -- Up-to-date: /home/pi/ros2_pi_ws/install/micro_ros_msgs/include/micro_ros_msgs/micro_ros_msgs/msg/detail
[3.257s] -- Up-to-date: /home/pi/ros2_pi_ws/install/micro_ros_msgs/include/micro_ros_msgs/micro_ros_msgs/msg/detail/node__rosidl_typesupport_fastrtps_c.h
[3.258s] -- Up-to-date: /home/pi/ros2_pi_ws/install/micro_ros_msgs/include/micro_ros_msgs/micro_ros_msgs/msg/detail/entity__rosidl_typesupport_fastrtps_c.h
[3.262s] -- Up-to-date: /home/pi/ros2_pi_ws/install/micro_ros_msgs/include/micro_ros_msgs/micro_ros_msgs/msg/detail/graph__rosidl_typesupport_fastrtps_c.h
[3.263s] -- Up-to-date: /home/pi/ros2_pi_ws/install/micro_ros_msgs/lib/libmicro_ros_msgs__rosidl_typesupport_fastrtps_c.so
[3.263s] -- Up-to-date: /home/pi/ros2_pi_ws/install/micro_ros_msgs/include/micro_ros_msgs/micro_ros_msgs
[3.264s] -- Up-to-date: /home/pi/ros2_pi_ws/install/micro_ros_msgs/include/micro_ros_msgs/micro_ros_msgs/msg
[3.264s] -- Up-to-date: /home/pi/ros2_pi_ws/install/micro_ros_msgs/include/micro_ros_msgs/micro_ros_msgs/msg/detail
[3.265s] -- Up-to-date: /home/pi/ros2_pi_ws/install/micro_ros_msgs/include/micro_ros_msgs/micro_ros_msgs/msg/detail/graph__rosidl_typesupport_introspection_c.h
[3.270s] -- Up-to-date: /home/pi/ros2_pi_ws/install/micro_ros_msgs/include/micro_ros_msgs/micro_ros_msgs/msg/detail/node__type_support.c
[3.271s] -- Up-to-date: /home/pi/ros2_pi_ws/install/micro_ros_msgs/include/micro_ros_msgs/micro_ros_msgs/msg/detail/node__rosidl_typesupport_introspection_c.h
[3.271s] -- Up-to-date: /home/pi/ros2_pi_ws/install/micro_ros_msgs/include/micro_ros_msgs/micro_ros_msgs/msg/detail/entity__rosidl_typesupport_introspection_c.h
[3.272s] -- Up-to-date: /home/pi/ros2_pi_ws/install/micro_ros_msgs/include/micro_ros_msgs/micro_ros_msgs/msg/detail/entity__type_support.c
[3.272s] -- Up-to-date: /home/pi/ros2_pi_ws/install/micro_ros_msgs/include/micro_ros_msgs/micro_ros_msgs/msg/detail/graph__type_support.c
[3.273s] -- Up-to-date: /home/pi/ros2_pi_ws/install/micro_ros_msgs/include/micro_ros_msgs/micro_ros_msgs/msg/rosidl_typesupport_introspection_c__visibility_control.h
[3.273s] -- Up-to-date: /home/pi/ros2_pi_ws/install/micro_ros_msgs/lib/libmicro_ros_msgs__rosidl_typesupport_introspection_c.so
[3.274s] -- Up-to-date: /home/pi/ros2_pi_ws/install/micro_ros_msgs/lib/libmicro_ros_msgs__rosidl_typesupport_c.so
[3.274s] -- Up-to-date: /home/pi/ros2_pi_ws/install/micro_ros_msgs/include/micro_ros_msgs/micro_ros_msgs
[3.275s] -- Up-to-date: /home/pi/ros2_pi_ws/install/micro_ros_msgs/include/micro_ros_msgs/micro_ros_msgs/msg
[3.275s] -- Up-to-date: /home/pi/ros2_pi_ws/install/micro_ros_msgs/include/micro_ros_msgs/micro_ros_msgs/msg/node.hpp
[3.276s] -- Up-to-date: /home/pi/ros2_pi_ws/install/micro_ros_msgs/include/micro_ros_msgs/micro_ros_msgs/msg/entity.hpp
[3.276s] -- Up-to-date: /home/pi/ros2_pi_ws/install/micro_ros_msgs/include/micro_ros_msgs/micro_ros_msgs/msg/graph.hpp
[3.277s] -- Up-to-date: /home/pi/ros2_pi_ws/install/micro_ros_msgs/include/micro_ros_msgs/micro_ros_msgs/msg/detail
[3.278s] -- Up-to-date: /home/pi/ros2_pi_ws/install/micro_ros_msgs/include/micro_ros_msgs/micro_ros_msgs/msg/detail/node__traits.hpp
[3.282s] -- Up-to-date: /home/pi/ros2_pi_ws/install/micro_ros_msgs/include/micro_ros_msgs/micro_ros_msgs/msg/detail/graph__struct.hpp
[3.286s] -- Up-to-date: /home/pi/ros2_pi_ws/install/micro_ros_msgs/include/micro_ros_msgs/micro_ros_msgs/msg/detail/entity__type_support.hpp
[3.286s] -- Up-to-date: /home/pi/ros2_pi_ws/install/micro_ros_msgs/include/micro_ros_msgs/micro_ros_msgs/msg/detail/entity__builder.hpp
[3.287s] -- Up-to-date: /home/pi/ros2_pi_ws/install/micro_ros_msgs/include/micro_ros_msgs/micro_ros_msgs/msg/detail/node__builder.hpp
[3.287s] -- Up-to-date: /home/pi/ros2_pi_ws/install/micro_ros_msgs/include/micro_ros_msgs/micro_ros_msgs/msg/detail/graph__builder.hpp
[3.294s] -- Up-to-date: /home/pi/ros2_pi_ws/install/micro_ros_msgs/include/micro_ros_msgs/micro_ros_msgs/msg/detail/node__type_support.hpp
[3.294s] -- Up-to-date: /home/pi/ros2_pi_ws/install/micro_ros_msgs/include/micro_ros_msgs/micro_ros_msgs/msg/detail/node__struct.hpp
[3.295s] -- Up-to-date: /home/pi/ros2_pi_ws/install/micro_ros_msgs/include/micro_ros_msgs/micro_ros_msgs/msg/detail/entity__traits.hpp
[3.295s] -- Up-to-date: /home/pi/ros2_pi_ws/install/micro_ros_msgs/include/micro_ros_msgs/micro_ros_msgs/msg/detail/graph__traits.hpp
[3.296s] -- Up-to-date: /home/pi/ros2_pi_ws/install/micro_ros_msgs/include/micro_ros_msgs/micro_ros_msgs/msg/detail/graph__type_support.hpp
[3.296s] -- Up-to-date: /home/pi/ros2_pi_ws/install/micro_ros_msgs/include/micro_ros_msgs/micro_ros_msgs/msg/detail/entity__struct.hpp
[3.297s] -- Up-to-date: /home/pi/ros2_pi_ws/install/micro_ros_msgs/include/micro_ros_msgs/micro_ros_msgs/msg/rosidl_generator_cpp__visibility_control.hpp
[3.298s] -- Up-to-date: /home/pi/ros2_pi_ws/install/micro_ros_msgs/include/micro_ros_msgs/micro_ros_msgs
[3.299s] -- Up-to-date: /home/pi/ros2_pi_ws/install/micro_ros_msgs/include/micro_ros_msgs/micro_ros_msgs/msg
[3.299s] -- Up-to-date: /home/pi/ros2_pi_ws/install/micro_ros_msgs/include/micro_ros_msgs/micro_ros_msgs/msg/rosidl_typesupport_fastrtps_cpp__visibility_control.h
[3.300s] -- Up-to-date: /home/pi/ros2_pi_ws/install/micro_ros_msgs/include/micro_ros_msgs/micro_ros_msgs/msg/detail
[3.300s] -- Up-to-date: /home/pi/ros2_pi_ws/install/micro_ros_msgs/include/micro_ros_msgs/micro_ros_msgs/msg/detail/node__rosidl_typesupport_fastrtps_cpp.hpp
[3.300s] -- Up-to-date: /home/pi/ros2_pi_ws/install/micro_ros_msgs/include/micro_ros_msgs/micro_ros_msgs/msg/detail/dds_fastrtps
[3.301s] -- Up-to-date: /home/pi/ros2_pi_ws/install/micro_ros_msgs/include/micro_ros_msgs/micro_ros_msgs/msg/detail/entity__rosidl_typesupport_fastrtps_cpp.hpp
[3.301s] -- Up-to-date: /home/pi/ros2_pi_ws/install/micro_ros_msgs/include/micro_ros_msgs/micro_ros_msgs/msg/detail/graph__rosidl_typesupport_fastrtps_cpp.hpp
[3.310s] -- Up-to-date: /home/pi/ros2_pi_ws/install/micro_ros_msgs/lib/libmicro_ros_msgs__rosidl_typesupport_fastrtps_cpp.so
[3.310s] -- Up-to-date: /home/pi/ros2_pi_ws/install/micro_ros_msgs/include/micro_ros_msgs/micro_ros_msgs
[3.311s] -- Up-to-date: /home/pi/ros2_pi_ws/install/micro_ros_msgs/include/micro_ros_msgs/micro_ros_msgs/msg
[3.312s] -- Up-to-date: /home/pi/ros2_pi_ws/install/micro_ros_msgs/include/micro_ros_msgs/micro_ros_msgs/msg/detail
[3.312s] -- Up-to-date: /home/pi/ros2_pi_ws/install/micro_ros_msgs/include/micro_ros_msgs/micro_ros_msgs/msg/detail/node__rosidl_typesupport_introspection_cpp.hpp
[3.313s] -- Up-to-date: /home/pi/ros2_pi_ws/install/micro_ros_msgs/include/micro_ros_msgs/micro_ros_msgs/msg/detail/graph__type_support.cpp
[3.313s] -- Up-to-date: /home/pi/ros2_pi_ws/install/micro_ros_msgs/include/micro_ros_msgs/micro_ros_msgs/msg/detail/entity__rosidl_typesupport_introspection_cpp.hpp
[3.314s] -- Up-to-date: /home/pi/ros2_pi_ws/install/micro_ros_msgs/include/micro_ros_msgs/micro_ros_msgs/msg/detail/entity__type_support.cpp
[3.314s] -- Up-to-date: /home/pi/ros2_pi_ws/install/micro_ros_msgs/include/micro_ros_msgs/micro_ros_msgs/msg/detail/node__type_support.cpp
[3.315s] -- Up-to-date: /home/pi/ros2_pi_ws/install/micro_ros_msgs/include/micro_ros_msgs/micro_ros_msgs/msg/detail/graph__rosidl_typesupport_introspection_cpp.hpp
[3.316s] -- Up-to-date: /home/pi/ros2_pi_ws/install/micro_ros_msgs/lib/libmicro_ros_msgs__rosidl_typesupport_introspection_cpp.so
[3.316s] -- Up-to-date: /home/pi/ros2_pi_ws/install/micro_ros_msgs/lib/libmicro_ros_msgs__rosidl_typesupport_cpp.so
[3.317s] -- Up-to-date: /home/pi/ros2_pi_ws/install/micro_ros_msgs/share/micro_ros_msgs/environment/pythonpath.sh
[3.317s] -- Up-to-date: /home/pi/ros2_pi_ws/install/micro_ros_msgs/share/micro_ros_msgs/environment/pythonpath.dsv
[3.318s] -- Up-to-date: /home/pi/ros2_pi_ws/install/micro_ros_msgs/local/lib/python3.10/dist-packages/micro_ros_msgs-3.0.1-py3.10.egg-info
[3.318s] -- Installing: /home/pi/ros2_pi_ws/install/micro_ros_msgs/local/lib/python3.10/dist-packages/micro_ros_msgs-3.0.1-py3.10.egg-info/PKG-INFO
[3.326s] -- Installing: /home/pi/ros2_pi_ws/install/micro_ros_msgs/local/lib/python3.10/dist-packages/micro_ros_msgs-3.0.1-py3.10.egg-info/top_level.txt
[3.327s] -- Installing: /home/pi/ros2_pi_ws/install/micro_ros_msgs/local/lib/python3.10/dist-packages/micro_ros_msgs-3.0.1-py3.10.egg-info/SOURCES.txt
[3.329s] -- Installing: /home/pi/ros2_pi_ws/install/micro_ros_msgs/local/lib/python3.10/dist-packages/micro_ros_msgs-3.0.1-py3.10.egg-info/dependency_links.txt
[3.331s] -- Up-to-date: /home/pi/ros2_pi_ws/install/micro_ros_msgs/local/lib/python3.10/dist-packages/micro_ros_msgs
[3.332s] -- Up-to-date: /home/pi/ros2_pi_ws/install/micro_ros_msgs/local/lib/python3.10/dist-packages/micro_ros_msgs/micro_ros_msgs_s__rosidl_typesupport_fastrtps_c.cpython-310-aarch64-linux-gnu.so
[3.333s] -- Up-to-date: /home/pi/ros2_pi_ws/install/micro_ros_msgs/local/lib/python3.10/dist-packages/micro_ros_msgs/_micro_ros_msgs_s.ep.rosidl_typesupport_introspection_c.c
[3.341s] -- Up-to-date: /home/pi/ros2_pi_ws/install/micro_ros_msgs/local/lib/python3.10/dist-packages/micro_ros_msgs/__init__.py
[3.342s] -- Up-to-date: /home/pi/ros2_pi_ws/install/micro_ros_msgs/local/lib/python3.10/dist-packages/micro_ros_msgs/micro_ros_msgs_s__rosidl_typesupport_c.cpython-310-aarch64-linux-gnu.so
[3.343s] -- Up-to-date: /home/pi/ros2_pi_ws/install/micro_ros_msgs/local/lib/python3.10/dist-packages/micro_ros_msgs/micro_ros_msgs_s__rosidl_typesupport_introspection_c.cpython-310-aarch64-linux-gnu.so
[3.344s] -- Up-to-date: /home/pi/ros2_pi_ws/install/micro_ros_msgs/local/lib/python3.10/dist-packages/micro_ros_msgs/_micro_ros_msgs_s.ep.rosidl_typesupport_fastrtps_c.c
[3.344s] -- Up-to-date: /home/pi/ros2_pi_ws/install/micro_ros_msgs/local/lib/python3.10/dist-packages/micro_ros_msgs/_micro_ros_msgs_s.ep.rosidl_typesupport_c.c
[3.345s] -- Up-to-date: /home/pi/ros2_pi_ws/install/micro_ros_msgs/local/lib/python3.10/dist-packages/micro_ros_msgs/msg
[3.346s] -- Up-to-date: /home/pi/ros2_pi_ws/install/micro_ros_msgs/local/lib/python3.10/dist-packages/micro_ros_msgs/msg/_node_s.c
[3.346s] -- Up-to-date: /home/pi/ros2_pi_ws/install/micro_ros_msgs/local/lib/python3.10/dist-packages/micro_ros_msgs/msg/__init__.py
[3.347s] -- Up-to-date: /home/pi/ros2_pi_ws/install/micro_ros_msgs/local/lib/python3.10/dist-packages/micro_ros_msgs/msg/_graph_s.c
[3.347s] -- Up-to-date: /home/pi/ros2_pi_ws/install/micro_ros_msgs/local/lib/python3.10/dist-packages/micro_ros_msgs/msg/_entity.py
[3.348s] -- Up-to-date: /home/pi/ros2_pi_ws/install/micro_ros_msgs/local/lib/python3.10/dist-packages/micro_ros_msgs/msg/_graph.py
[3.348s] -- Up-to-date: /home/pi/ros2_pi_ws/install/micro_ros_msgs/local/lib/python3.10/dist-packages/micro_ros_msgs/msg/_entity_s.c
[3.349s] -- Up-to-date: /home/pi/ros2_pi_ws/install/micro_ros_msgs/local/lib/python3.10/dist-packages/micro_ros_msgs/msg/_node.py
[3.350s] -- Up-to-date: /home/pi/ros2_pi_ws/install/micro_ros_msgs/local/lib/python3.10/dist-packages/micro_ros_msgs/libmicro_ros_msgs__rosidl_generator_py.so
[3.589s] Listing '/home/pi/ros2_pi_ws/install/micro_ros_msgs/local/lib/python3.10/dist-packages/micro_ros_msgs'...
[3.590s] Listing '/home/pi/ros2_pi_ws/install/micro_ros_msgs/local/lib/python3.10/dist-packages/micro_ros_msgs/msg'...
[3.623s] -- Up-to-date: /home/pi/ros2_pi_ws/install/micro_ros_msgs/local/lib/python3.10/dist-packages/micro_ros_msgs/micro_ros_msgs_s__rosidl_typesupport_fastrtps_c.cpython-310-aarch64-linux-gnu.so
[3.628s] -- Up-to-date: /home/pi/ros2_pi_ws/install/micro_ros_msgs/local/lib/python3.10/dist-packages/micro_ros_msgs/micro_ros_msgs_s__rosidl_typesupport_introspection_c.cpython-310-aarch64-linux-gnu.so
[3.633s] -- Up-to-date: /home/pi/ros2_pi_ws/install/micro_ros_msgs/local/lib/python3.10/dist-packages/micro_ros_msgs/micro_ros_msgs_s__rosidl_typesupport_c.cpython-310-aarch64-linux-gnu.so
[3.639s] -- Up-to-date: /home/pi/ros2_pi_ws/install/micro_ros_msgs/lib/libmicro_ros_msgs__rosidl_generator_py.so
[3.643s] -- Up-to-date: /home/pi/ros2_pi_ws/install/micro_ros_msgs/share/micro_ros_msgs/msg/Graph.idl
[3.658s] -- Up-to-date: /home/pi/ros2_pi_ws/install/micro_ros_msgs/share/micro_ros_msgs/msg/Node.idl
[3.660s] -- Up-to-date: /home/pi/ros2_pi_ws/install/micro_ros_msgs/share/micro_ros_msgs/msg/Entity.idl
[3.665s] -- Up-to-date: /home/pi/ros2_pi_ws/install/micro_ros_msgs/share/micro_ros_msgs/msg/Graph.msg
[3.666s] -- Up-to-date: /home/pi/ros2_pi_ws/install/micro_ros_msgs/share/micro_ros_msgs/msg/Node.msg
[3.669s] -- Up-to-date: /home/pi/ros2_pi_ws/install/micro_ros_msgs/share/micro_ros_msgs/msg/Entity.msg
[3.671s] -- Up-to-date: /home/pi/ros2_pi_ws/install/micro_ros_msgs/share/ament_index/resource_index/package_run_dependencies/micro_ros_msgs
[3.675s] -- Up-to-date: /home/pi/ros2_pi_ws/install/micro_ros_msgs/share/ament_index/resource_index/parent_prefix_path/micro_ros_msgs
[3.676s] -- Up-to-date: /home/pi/ros2_pi_ws/install/micro_ros_msgs/share/micro_ros_msgs/environment/ament_prefix_path.sh
[3.682s] -- Up-to-date: /home/pi/ros2_pi_ws/install/micro_ros_msgs/share/micro_ros_msgs/environment/ament_prefix_path.dsv
[3.685s] -- Up-to-date: /home/pi/ros2_pi_ws/install/micro_ros_msgs/share/micro_ros_msgs/environment/path.sh
[3.687s] -- Up-to-date: /home/pi/ros2_pi_ws/install/micro_ros_msgs/share/micro_ros_msgs/environment/path.dsv
[3.689s] -- Up-to-date: /home/pi/ros2_pi_ws/install/micro_ros_msgs/share/micro_ros_msgs/local_setup.bash
[3.690s] -- Up-to-date: /home/pi/ros2_pi_ws/install/micro_ros_msgs/share/micro_ros_msgs/local_setup.sh
[3.694s] -- Up-to-date: /home/pi/ros2_pi_ws/install/micro_ros_msgs/share/micro_ros_msgs/local_setup.zsh
[3.694s] -- Up-to-date: /home/pi/ros2_pi_ws/install/micro_ros_msgs/share/micro_ros_msgs/local_setup.dsv
[3.695s] -- Installing: /home/pi/ros2_pi_ws/install/micro_ros_msgs/share/micro_ros_msgs/package.dsv
[3.697s] -- Up-to-date: /home/pi/ros2_pi_ws/install/micro_ros_msgs/share/ament_index/resource_index/packages/micro_ros_msgs
[3.698s] -- Up-to-date: /home/pi/ros2_pi_ws/install/micro_ros_msgs/share/micro_ros_msgs/cmake/export_micro_ros_msgs__rosidl_generator_cExport.cmake
[3.711s] -- Up-to-date: /home/pi/ros2_pi_ws/install/micro_ros_msgs/share/micro_ros_msgs/cmake/export_micro_ros_msgs__rosidl_generator_cExport-noconfig.cmake
[3.711s] -- Up-to-date: /home/pi/ros2_pi_ws/install/micro_ros_msgs/share/micro_ros_msgs/cmake/export_micro_ros_msgs__rosidl_typesupport_fastrtps_cExport.cmake
[3.712s] -- Up-to-date: /home/pi/ros2_pi_ws/install/micro_ros_msgs/share/micro_ros_msgs/cmake/export_micro_ros_msgs__rosidl_typesupport_fastrtps_cExport-noconfig.cmake
[3.712s] -- Up-to-date: /home/pi/ros2_pi_ws/install/micro_ros_msgs/share/micro_ros_msgs/cmake/micro_ros_msgs__rosidl_typesupport_introspection_cExport.cmake
[3.719s] -- Up-to-date: /home/pi/ros2_pi_ws/install/micro_ros_msgs/share/micro_ros_msgs/cmake/micro_ros_msgs__rosidl_typesupport_introspection_cExport-noconfig.cmake
[3.720s] -- Up-to-date: /home/pi/ros2_pi_ws/install/micro_ros_msgs/share/micro_ros_msgs/cmake/micro_ros_msgs__rosidl_typesupport_cExport.cmake
[3.721s] -- Up-to-date: /home/pi/ros2_pi_ws/install/micro_ros_msgs/share/micro_ros_msgs/cmake/micro_ros_msgs__rosidl_typesupport_cExport-noconfig.cmake
[3.722s] -- Up-to-date: /home/pi/ros2_pi_ws/install/micro_ros_msgs/share/micro_ros_msgs/cmake/export_micro_ros_msgs__rosidl_generator_cppExport.cmake
[3.723s] -- Up-to-date: /home/pi/ros2_pi_ws/install/micro_ros_msgs/share/micro_ros_msgs/cmake/export_micro_ros_msgs__rosidl_typesupport_fastrtps_cppExport.cmake
[3.724s] -- Up-to-date: /home/pi/ros2_pi_ws/install/micro_ros_msgs/share/micro_ros_msgs/cmake/export_micro_ros_msgs__rosidl_typesupport_fastrtps_cppExport-noconfig.cmake
[3.725s] -- Up-to-date: /home/pi/ros2_pi_ws/install/micro_ros_msgs/share/micro_ros_msgs/cmake/micro_ros_msgs__rosidl_typesupport_introspection_cppExport.cmake
[3.726s] -- Up-to-date: /home/pi/ros2_pi_ws/install/micro_ros_msgs/share/micro_ros_msgs/cmake/micro_ros_msgs__rosidl_typesupport_introspection_cppExport-noconfig.cmake
[3.727s] -- Up-to-date: /home/pi/ros2_pi_ws/install/micro_ros_msgs/share/micro_ros_msgs/cmake/micro_ros_msgs__rosidl_typesupport_cppExport.cmake
[3.729s] -- Up-to-date: /home/pi/ros2_pi_ws/install/micro_ros_msgs/share/micro_ros_msgs/cmake/micro_ros_msgs__rosidl_typesupport_cppExport-noconfig.cmake
[3.730s] -- Up-to-date: /home/pi/ros2_pi_ws/install/micro_ros_msgs/share/micro_ros_msgs/cmake/export_micro_ros_msgs__rosidl_generator_pyExport.cmake
[3.730s] -- Up-to-date: /home/pi/ros2_pi_ws/install/micro_ros_msgs/share/micro_ros_msgs/cmake/export_micro_ros_msgs__rosidl_generator_pyExport-noconfig.cmake
[3.731s] -- Up-to-date: /home/pi/ros2_pi_ws/install/micro_ros_msgs/share/micro_ros_msgs/cmake/rosidl_cmake-extras.cmake
[3.732s] -- Up-to-date: /home/pi/ros2_pi_ws/install/micro_ros_msgs/share/micro_ros_msgs/cmake/ament_cmake_export_include_directories-extras.cmake
[3.746s] -- Up-to-date: /home/pi/ros2_pi_ws/install/micro_ros_msgs/share/micro_ros_msgs/cmake/ament_cmake_export_libraries-extras.cmake
[3.747s] -- Up-to-date: /home/pi/ros2_pi_ws/install/micro_ros_msgs/share/micro_ros_msgs/cmake/ament_cmake_export_targets-extras.cmake
[3.749s] -- Up-to-date: /home/pi/ros2_pi_ws/install/micro_ros_msgs/share/micro_ros_msgs/cmake/rosidl_cmake_export_typesupport_targets-extras.cmake
[3.750s] -- Up-to-date: /home/pi/ros2_pi_ws/install/micro_ros_msgs/share/micro_ros_msgs/cmake/ament_cmake_export_dependencies-extras.cmake
[3.750s] -- Up-to-date: /home/pi/ros2_pi_ws/install/micro_ros_msgs/share/micro_ros_msgs/cmake/rosidl_cmake_export_typesupport_libraries-extras.cmake
[3.751s] -- Up-to-date: /home/pi/ros2_pi_ws/install/micro_ros_msgs/share/micro_ros_msgs/cmake/micro_ros_msgsConfig.cmake
[3.752s] -- Up-to-date: /home/pi/ros2_pi_ws/install/micro_ros_msgs/share/micro_ros_msgs/cmake/micro_ros_msgsConfig-version.cmake
[3.752s] -- Up-to-date: /home/pi/ros2_pi_ws/install/micro_ros_msgs/share/micro_ros_msgs/package.xml
[3.779s] Invoked command in '/home/pi/ros2_pi_ws/build/micro_ros_msgs' returned '0': CMAKE_PREFIX_PATH=${CMAKE_PREFIX_PATH}:/home/pi/ros2_pi_ws/install/motor_control:/opt/ros/humble /usr/bin/cmake --install /home/pi/ros2_pi_ws/build/micro_ros_msgs
