[0.134s] Invoking command in '/home/pi/ros2_pi_ws/build/micro_ros_msgs': CMAKE_PREFIX_PATH=${CMAKE_PREFIX_PATH}:/home/pi/ros2_pi_ws/install/ros2_opencv:/home/pi/ros2_pi_ws/install/opencv_tools:/home/pi/ros2_pi_ws/install/myrobot:/home/pi/ros2_pi_ws/install/motor_control:/home/pi/ros2_pi_ws/install/camera_publisher:/opt/ros/humble /usr/bin/cmake --build /home/pi/ros2_pi_ws/build/micro_ros_msgs -- -j4 -l4
[1.770s] [  2%] Built target micro_ros_msgs__cpp
[1.772s] [ 12%] Built target micro_ros_msgs__rosidl_generator_c
[1.775s] [ 12%] Built target ament_cmake_python_copy_micro_ros_msgs
[1.778s] [ 23%] Built target micro_ros_msgs__rosidl_typesupport_cpp
[1.779s] [ 34%] Built target micro_ros_msgs__rosidl_typesupport_fastrtps_cpp
[1.780s] [ 44%] Built target micro_ros_msgs__rosidl_typesupport_introspection_cpp
[1.783s] [ 55%] Built target micro_ros_msgs__rosidl_typesupport_fastrtps_c
[1.784s] [ 65%] Built target micro_ros_msgs__rosidl_typesupport_introspection_c
[1.784s] [ 76%] Built target micro_ros_msgs__rosidl_typesupport_c
[1.785s] [ 76%] Built target micro_ros_msgs
[1.785s] [ 78%] Built target micro_ros_msgs__py
[1.786s] [ 87%] Built target micro_ros_msgs__rosidl_generator_py
[1.786s] [ 91%] Built target micro_ros_msgs__rosidl_typesupport_fastrtps_c__pyext
[1.787s] [ 95%] Built target micro_ros_msgs__rosidl_typesupport_introspection_c__pyext
[1.787s] [100%] Built target micro_ros_msgs__rosidl_typesupport_c__pyext
[2.026s] running egg_info
[2.030s] writing micro_ros_msgs.egg-info/PKG-INFO
[2.031s] writing dependency_links to micro_ros_msgs.egg-info/dependency_links.txt
[2.032s] writing top-level names to micro_ros_msgs.egg-info/top_level.txt
[2.043s] reading manifest file 'micro_ros_msgs.egg-info/SOURCES.txt'
[2.046s] writing manifest file 'micro_ros_msgs.egg-info/SOURCES.txt'
[2.188s] [100%] Built target ament_cmake_python_build_micro_ros_msgs_egg
[3.119s] Invoked command in '/home/pi/ros2_pi_ws/build/micro_ros_msgs' returned '0': CMAKE_PREFIX_PATH=${CMAKE_PREFIX_PATH}:/home/pi/ros2_pi_ws/install/ros2_opencv:/home/pi/ros2_pi_ws/install/opencv_tools:/home/pi/ros2_pi_ws/install/myrobot:/home/pi/ros2_pi_ws/install/motor_control:/home/pi/ros2_pi_ws/install/camera_publisher:/opt/ros/humble /usr/bin/cmake --build /home/pi/ros2_pi_ws/build/micro_ros_msgs -- -j4 -l4
[3.162s] Invoking command in '/home/pi/ros2_pi_ws/build/micro_ros_msgs': CMAKE_PREFIX_PATH=${CMAKE_PREFIX_PATH}:/home/pi/ros2_pi_ws/install/ros2_opencv:/home/pi/ros2_pi_ws/install/opencv_tools:/home/pi/ros2_pi_ws/install/myrobot:/home/pi/ros2_pi_ws/install/motor_control:/home/pi/ros2_pi_ws/install/camera_publisher:/opt/ros/humble /usr/bin/cmake --install /home/pi/ros2_pi_ws/build/micro_ros_msgs
[3.197s] -- Install configuration: ""
[3.199s] -- Up-to-date: /home/pi/ros2_pi_ws/install/micro_ros_msgs/share/ament_index/resource_index/rosidl_interfaces/micro_ros_msgs
[3.201s] -- Up-to-date: /home/pi/ros2_pi_ws/install/micro_ros_msgs/include/micro_ros_msgs/micro_ros_msgs
[3.203s] -- Up-to-date: /home/pi/ros2_pi_ws/install/micro_ros_msgs/include/micro_ros_msgs/micro_ros_msgs/msg
[3.206s] -- Up-to-date: /home/pi/ros2_pi_ws/install/micro_ros_msgs/include/micro_ros_msgs/micro_ros_msgs/msg/graph.h
[3.209s] -- Up-to-date: /home/pi/ros2_pi_ws/install/micro_ros_msgs/include/micro_ros_msgs/micro_ros_msgs/msg/node.h
[3.210s] -- Up-to-date: /home/pi/ros2_pi_ws/install/micro_ros_msgs/include/micro_ros_msgs/micro_ros_msgs/msg/entity.h
[3.211s] -- Up-to-date: /home/pi/ros2_pi_ws/install/micro_ros_msgs/include/micro_ros_msgs/micro_ros_msgs/msg/rosidl_generator_c__visibility_control.h
[3.212s] -- Up-to-date: /home/pi/ros2_pi_ws/install/micro_ros_msgs/include/micro_ros_msgs/micro_ros_msgs/msg/detail
[3.213s] -- Up-to-date: /home/pi/ros2_pi_ws/install/micro_ros_msgs/include/micro_ros_msgs/micro_ros_msgs/msg/detail/entity__struct.h
[3.214s] -- Up-to-date: /home/pi/ros2_pi_ws/install/micro_ros_msgs/include/micro_ros_msgs/micro_ros_msgs/msg/detail/graph__functions.c
[3.215s] -- Up-to-date: /home/pi/ros2_pi_ws/install/micro_ros_msgs/include/micro_ros_msgs/micro_ros_msgs/msg/detail/entity__functions.h
[3.215s] -- Up-to-date: /home/pi/ros2_pi_ws/install/micro_ros_msgs/include/micro_ros_msgs/micro_ros_msgs/msg/detail/node__type_support.h
[3.216s] -- Up-to-date: /home/pi/ros2_pi_ws/install/micro_ros_msgs/include/micro_ros_msgs/micro_ros_msgs/msg/detail/graph__type_support.h
[3.217s] -- Up-to-date: /home/pi/ros2_pi_ws/install/micro_ros_msgs/include/micro_ros_msgs/micro_ros_msgs/msg/detail/node__functions.c
[3.218s] -- Up-to-date: /home/pi/ros2_pi_ws/install/micro_ros_msgs/include/micro_ros_msgs/micro_ros_msgs/msg/detail/graph__functions.h
[3.220s] -- Up-to-date: /home/pi/ros2_pi_ws/install/micro_ros_msgs/include/micro_ros_msgs/micro_ros_msgs/msg/detail/entity__type_support.h
[3.226s] -- Up-to-date: /home/pi/ros2_pi_ws/install/micro_ros_msgs/include/micro_ros_msgs/micro_ros_msgs/msg/detail/graph__struct.h
[3.227s] -- Up-to-date: /home/pi/ros2_pi_ws/install/micro_ros_msgs/include/micro_ros_msgs/micro_ros_msgs/msg/detail/entity__functions.c
[3.234s] -- Up-to-date: /home/pi/ros2_pi_ws/install/micro_ros_msgs/include/micro_ros_msgs/micro_ros_msgs/msg/detail/node__functions.h
[3.235s] -- Up-to-date: /home/pi/ros2_pi_ws/install/micro_ros_msgs/include/micro_ros_msgs/micro_ros_msgs/msg/detail/node__struct.h
[3.244s] -- Up-to-date: /home/pi/ros2_pi_ws/install/micro_ros_msgs/share/micro_ros_msgs/environment/library_path.sh
[3.246s] -- Up-to-date: /home/pi/ros2_pi_ws/install/micro_ros_msgs/share/micro_ros_msgs/environment/library_path.dsv
[3.246s] -- Up-to-date: /home/pi/ros2_pi_ws/install/micro_ros_msgs/lib/libmicro_ros_msgs__rosidl_generator_c.so
[3.247s] -- Up-to-date: /home/pi/ros2_pi_ws/install/micro_ros_msgs/include/micro_ros_msgs/micro_ros_msgs
[3.248s] -- Up-to-date: /home/pi/ros2_pi_ws/install/micro_ros_msgs/include/micro_ros_msgs/micro_ros_msgs/msg
[3.249s] -- Up-to-date: /home/pi/ros2_pi_ws/install/micro_ros_msgs/include/micro_ros_msgs/micro_ros_msgs/msg/rosidl_typesupport_fastrtps_c__visibility_control.h
[3.249s] -- Up-to-date: /home/pi/ros2_pi_ws/install/micro_ros_msgs/include/micro_ros_msgs/micro_ros_msgs/msg/detail
[3.250s] -- Up-to-date: /home/pi/ros2_pi_ws/install/micro_ros_msgs/include/micro_ros_msgs/micro_ros_msgs/msg/detail/node__rosidl_typesupport_fastrtps_c.h
[3.251s] -- Up-to-date: /home/pi/ros2_pi_ws/install/micro_ros_msgs/include/micro_ros_msgs/micro_ros_msgs/msg/detail/entity__rosidl_typesupport_fastrtps_c.h
[3.253s] -- Up-to-date: /home/pi/ros2_pi_ws/install/micro_ros_msgs/include/micro_ros_msgs/micro_ros_msgs/msg/detail/graph__rosidl_typesupport_fastrtps_c.h
[3.256s] -- Up-to-date: /home/pi/ros2_pi_ws/install/micro_ros_msgs/lib/libmicro_ros_msgs__rosidl_typesupport_fastrtps_c.so
[3.268s] -- Up-to-date: /home/pi/ros2_pi_ws/install/micro_ros_msgs/include/micro_ros_msgs/micro_ros_msgs
[3.269s] -- Up-to-date: /home/pi/ros2_pi_ws/install/micro_ros_msgs/include/micro_ros_msgs/micro_ros_msgs/msg
[3.270s] -- Up-to-date: /home/pi/ros2_pi_ws/install/micro_ros_msgs/include/micro_ros_msgs/micro_ros_msgs/msg/detail
[3.271s] -- Up-to-date: /home/pi/ros2_pi_ws/install/micro_ros_msgs/include/micro_ros_msgs/micro_ros_msgs/msg/detail/graph__rosidl_typesupport_introspection_c.h
[3.272s] -- Up-to-date: /home/pi/ros2_pi_ws/install/micro_ros_msgs/include/micro_ros_msgs/micro_ros_msgs/msg/detail/node__type_support.c
[3.273s] -- Up-to-date: /home/pi/ros2_pi_ws/install/micro_ros_msgs/include/micro_ros_msgs/micro_ros_msgs/msg/detail/node__rosidl_typesupport_introspection_c.h
[3.275s] -- Up-to-date: /home/pi/ros2_pi_ws/install/micro_ros_msgs/include/micro_ros_msgs/micro_ros_msgs/msg/detail/entity__rosidl_typesupport_introspection_c.h
[3.276s] -- Up-to-date: /home/pi/ros2_pi_ws/install/micro_ros_msgs/include/micro_ros_msgs/micro_ros_msgs/msg/detail/entity__type_support.c
[3.284s] -- Up-to-date: /home/pi/ros2_pi_ws/install/micro_ros_msgs/include/micro_ros_msgs/micro_ros_msgs/msg/detail/graph__type_support.c
[3.285s] -- Up-to-date: /home/pi/ros2_pi_ws/install/micro_ros_msgs/include/micro_ros_msgs/micro_ros_msgs/msg/rosidl_typesupport_introspection_c__visibility_control.h
[3.286s] -- Up-to-date: /home/pi/ros2_pi_ws/install/micro_ros_msgs/lib/libmicro_ros_msgs__rosidl_typesupport_introspection_c.so
[3.296s] -- Up-to-date: /home/pi/ros2_pi_ws/install/micro_ros_msgs/lib/libmicro_ros_msgs__rosidl_typesupport_c.so
[3.297s] -- Up-to-date: /home/pi/ros2_pi_ws/install/micro_ros_msgs/include/micro_ros_msgs/micro_ros_msgs
[3.298s] -- Up-to-date: /home/pi/ros2_pi_ws/install/micro_ros_msgs/include/micro_ros_msgs/micro_ros_msgs/msg
[3.298s] -- Up-to-date: /home/pi/ros2_pi_ws/install/micro_ros_msgs/include/micro_ros_msgs/micro_ros_msgs/msg/node.hpp
[3.299s] -- Up-to-date: /home/pi/ros2_pi_ws/install/micro_ros_msgs/include/micro_ros_msgs/micro_ros_msgs/msg/entity.hpp
[3.299s] -- Up-to-date: /home/pi/ros2_pi_ws/install/micro_ros_msgs/include/micro_ros_msgs/micro_ros_msgs/msg/graph.hpp
[3.299s] -- Up-to-date: /home/pi/ros2_pi_ws/install/micro_ros_msgs/include/micro_ros_msgs/micro_ros_msgs/msg/detail
[3.300s] -- Up-to-date: /home/pi/ros2_pi_ws/install/micro_ros_msgs/include/micro_ros_msgs/micro_ros_msgs/msg/detail/node__traits.hpp
[3.300s] -- Up-to-date: /home/pi/ros2_pi_ws/install/micro_ros_msgs/include/micro_ros_msgs/micro_ros_msgs/msg/detail/graph__struct.hpp
[3.301s] -- Up-to-date: /home/pi/ros2_pi_ws/install/micro_ros_msgs/include/micro_ros_msgs/micro_ros_msgs/msg/detail/entity__type_support.hpp
[3.302s] -- Up-to-date: /home/pi/ros2_pi_ws/install/micro_ros_msgs/include/micro_ros_msgs/micro_ros_msgs/msg/detail/entity__builder.hpp
[3.302s] -- Up-to-date: /home/pi/ros2_pi_ws/install/micro_ros_msgs/include/micro_ros_msgs/micro_ros_msgs/msg/detail/node__builder.hpp
[3.303s] -- Up-to-date: /home/pi/ros2_pi_ws/install/micro_ros_msgs/include/micro_ros_msgs/micro_ros_msgs/msg/detail/graph__builder.hpp
[3.304s] -- Up-to-date: /home/pi/ros2_pi_ws/install/micro_ros_msgs/include/micro_ros_msgs/micro_ros_msgs/msg/detail/node__type_support.hpp
[3.311s] -- Up-to-date: /home/pi/ros2_pi_ws/install/micro_ros_msgs/include/micro_ros_msgs/micro_ros_msgs/msg/detail/node__struct.hpp
[3.313s] -- Up-to-date: /home/pi/ros2_pi_ws/install/micro_ros_msgs/include/micro_ros_msgs/micro_ros_msgs/msg/detail/entity__traits.hpp
[3.313s] -- Up-to-date: /home/pi/ros2_pi_ws/install/micro_ros_msgs/include/micro_ros_msgs/micro_ros_msgs/msg/detail/graph__traits.hpp
[3.315s] -- Up-to-date: /home/pi/ros2_pi_ws/install/micro_ros_msgs/include/micro_ros_msgs/micro_ros_msgs/msg/detail/graph__type_support.hpp
[3.315s] -- Up-to-date: /home/pi/ros2_pi_ws/install/micro_ros_msgs/include/micro_ros_msgs/micro_ros_msgs/msg/detail/entity__struct.hpp
[3.317s] -- Up-to-date: /home/pi/ros2_pi_ws/install/micro_ros_msgs/include/micro_ros_msgs/micro_ros_msgs/msg/rosidl_generator_cpp__visibility_control.hpp
[3.320s] -- Up-to-date: /home/pi/ros2_pi_ws/install/micro_ros_msgs/include/micro_ros_msgs/micro_ros_msgs
[3.322s] -- Up-to-date: /home/pi/ros2_pi_ws/install/micro_ros_msgs/include/micro_ros_msgs/micro_ros_msgs/msg
[3.326s] -- Up-to-date: /home/pi/ros2_pi_ws/install/micro_ros_msgs/include/micro_ros_msgs/micro_ros_msgs/msg/rosidl_typesupport_fastrtps_cpp__visibility_control.h
[3.328s] -- Up-to-date: /home/pi/ros2_pi_ws/install/micro_ros_msgs/include/micro_ros_msgs/micro_ros_msgs/msg/detail
[3.360s] -- Up-to-date: /home/pi/ros2_pi_ws/install/micro_ros_msgs/include/micro_ros_msgs/micro_ros_msgs/msg/detail/node__rosidl_typesupport_fastrtps_cpp.hpp
[3.361s] -- Up-to-date: /home/pi/ros2_pi_ws/install/micro_ros_msgs/include/micro_ros_msgs/micro_ros_msgs/msg/detail/dds_fastrtps
[3.361s] -- Up-to-date: /home/pi/ros2_pi_ws/install/micro_ros_msgs/include/micro_ros_msgs/micro_ros_msgs/msg/detail/entity__rosidl_typesupport_fastrtps_cpp.hpp
[3.362s] -- Up-to-date: /home/pi/ros2_pi_ws/install/micro_ros_msgs/include/micro_ros_msgs/micro_ros_msgs/msg/detail/graph__rosidl_typesupport_fastrtps_cpp.hpp
[3.363s] -- Up-to-date: /home/pi/ros2_pi_ws/install/micro_ros_msgs/lib/libmicro_ros_msgs__rosidl_typesupport_fastrtps_cpp.so
[3.363s] -- Up-to-date: /home/pi/ros2_pi_ws/install/micro_ros_msgs/include/micro_ros_msgs/micro_ros_msgs
[3.364s] -- Up-to-date: /home/pi/ros2_pi_ws/install/micro_ros_msgs/include/micro_ros_msgs/micro_ros_msgs/msg
[3.365s] -- Up-to-date: /home/pi/ros2_pi_ws/install/micro_ros_msgs/include/micro_ros_msgs/micro_ros_msgs/msg/detail
[3.366s] -- Up-to-date: /home/pi/ros2_pi_ws/install/micro_ros_msgs/include/micro_ros_msgs/micro_ros_msgs/msg/detail/node__rosidl_typesupport_introspection_cpp.hpp
[3.366s] -- Up-to-date: /home/pi/ros2_pi_ws/install/micro_ros_msgs/include/micro_ros_msgs/micro_ros_msgs/msg/detail/graph__type_support.cpp
[3.367s] -- Up-to-date: /home/pi/ros2_pi_ws/install/micro_ros_msgs/include/micro_ros_msgs/micro_ros_msgs/msg/detail/entity__rosidl_typesupport_introspection_cpp.hpp
[3.368s] -- Up-to-date: /home/pi/ros2_pi_ws/install/micro_ros_msgs/include/micro_ros_msgs/micro_ros_msgs/msg/detail/entity__type_support.cpp
[3.369s] -- Up-to-date: /home/pi/ros2_pi_ws/install/micro_ros_msgs/include/micro_ros_msgs/micro_ros_msgs/msg/detail/node__type_support.cpp
[3.370s] -- Up-to-date: /home/pi/ros2_pi_ws/install/micro_ros_msgs/include/micro_ros_msgs/micro_ros_msgs/msg/detail/graph__rosidl_typesupport_introspection_cpp.hpp
[3.374s] -- Up-to-date: /home/pi/ros2_pi_ws/install/micro_ros_msgs/lib/libmicro_ros_msgs__rosidl_typesupport_introspection_cpp.so
[3.377s] -- Up-to-date: /home/pi/ros2_pi_ws/install/micro_ros_msgs/lib/libmicro_ros_msgs__rosidl_typesupport_cpp.so
[3.380s] -- Up-to-date: /home/pi/ros2_pi_ws/install/micro_ros_msgs/share/micro_ros_msgs/environment/pythonpath.sh
[3.392s] -- Up-to-date: /home/pi/ros2_pi_ws/install/micro_ros_msgs/share/micro_ros_msgs/environment/pythonpath.dsv
[3.392s] -- Up-to-date: /home/pi/ros2_pi_ws/install/micro_ros_msgs/local/lib/python3.10/dist-packages/micro_ros_msgs-3.0.1-py3.10.egg-info
[3.394s] -- Installing: /home/pi/ros2_pi_ws/install/micro_ros_msgs/local/lib/python3.10/dist-packages/micro_ros_msgs-3.0.1-py3.10.egg-info/PKG-INFO
[3.402s] -- Installing: /home/pi/ros2_pi_ws/install/micro_ros_msgs/local/lib/python3.10/dist-packages/micro_ros_msgs-3.0.1-py3.10.egg-info/top_level.txt
[3.432s] -- Installing: /home/pi/ros2_pi_ws/install/micro_ros_msgs/local/lib/python3.10/dist-packages/micro_ros_msgs-3.0.1-py3.10.egg-info/SOURCES.txt
[3.439s] -- Installing: /home/pi/ros2_pi_ws/install/micro_ros_msgs/local/lib/python3.10/dist-packages/micro_ros_msgs-3.0.1-py3.10.egg-info/dependency_links.txt
[3.454s] -- Up-to-date: /home/pi/ros2_pi_ws/install/micro_ros_msgs/local/lib/python3.10/dist-packages/micro_ros_msgs
[3.457s] -- Up-to-date: /home/pi/ros2_pi_ws/install/micro_ros_msgs/local/lib/python3.10/dist-packages/micro_ros_msgs/micro_ros_msgs_s__rosidl_typesupport_fastrtps_c.cpython-310-aarch64-linux-gnu.so
[3.459s] -- Up-to-date: /home/pi/ros2_pi_ws/install/micro_ros_msgs/local/lib/python3.10/dist-packages/micro_ros_msgs/_micro_ros_msgs_s.ep.rosidl_typesupport_introspection_c.c
[3.460s] -- Up-to-date: /home/pi/ros2_pi_ws/install/micro_ros_msgs/local/lib/python3.10/dist-packages/micro_ros_msgs/__init__.py
[3.472s] -- Up-to-date: /home/pi/ros2_pi_ws/install/micro_ros_msgs/local/lib/python3.10/dist-packages/micro_ros_msgs/micro_ros_msgs_s__rosidl_typesupport_c.cpython-310-aarch64-linux-gnu.so
[3.473s] -- Up-to-date: /home/pi/ros2_pi_ws/install/micro_ros_msgs/local/lib/python3.10/dist-packages/micro_ros_msgs/micro_ros_msgs_s__rosidl_typesupport_introspection_c.cpython-310-aarch64-linux-gnu.so
[3.475s] -- Up-to-date: /home/pi/ros2_pi_ws/install/micro_ros_msgs/local/lib/python3.10/dist-packages/micro_ros_msgs/_micro_ros_msgs_s.ep.rosidl_typesupport_fastrtps_c.c
[3.476s] -- Up-to-date: /home/pi/ros2_pi_ws/install/micro_ros_msgs/local/lib/python3.10/dist-packages/micro_ros_msgs/_micro_ros_msgs_s.ep.rosidl_typesupport_c.c
[3.477s] -- Up-to-date: /home/pi/ros2_pi_ws/install/micro_ros_msgs/local/lib/python3.10/dist-packages/micro_ros_msgs/msg
[3.479s] -- Up-to-date: /home/pi/ros2_pi_ws/install/micro_ros_msgs/local/lib/python3.10/dist-packages/micro_ros_msgs/msg/_node_s.c
[3.480s] -- Up-to-date: /home/pi/ros2_pi_ws/install/micro_ros_msgs/local/lib/python3.10/dist-packages/micro_ros_msgs/msg/__init__.py
[3.481s] -- Up-to-date: /home/pi/ros2_pi_ws/install/micro_ros_msgs/local/lib/python3.10/dist-packages/micro_ros_msgs/msg/_graph_s.c
[3.483s] -- Up-to-date: /home/pi/ros2_pi_ws/install/micro_ros_msgs/local/lib/python3.10/dist-packages/micro_ros_msgs/msg/_entity.py
[3.496s] -- Up-to-date: /home/pi/ros2_pi_ws/install/micro_ros_msgs/local/lib/python3.10/dist-packages/micro_ros_msgs/msg/_graph.py
[3.497s] -- Up-to-date: /home/pi/ros2_pi_ws/install/micro_ros_msgs/local/lib/python3.10/dist-packages/micro_ros_msgs/msg/_entity_s.c
[3.498s] -- Up-to-date: /home/pi/ros2_pi_ws/install/micro_ros_msgs/local/lib/python3.10/dist-packages/micro_ros_msgs/msg/_node.py
[3.499s] -- Up-to-date: /home/pi/ros2_pi_ws/install/micro_ros_msgs/local/lib/python3.10/dist-packages/micro_ros_msgs/libmicro_ros_msgs__rosidl_generator_py.so
[3.642s] Listing '/home/pi/ros2_pi_ws/install/micro_ros_msgs/local/lib/python3.10/dist-packages/micro_ros_msgs'...
[3.643s] Listing '/home/pi/ros2_pi_ws/install/micro_ros_msgs/local/lib/python3.10/dist-packages/micro_ros_msgs/msg'...
[3.649s] -- Up-to-date: /home/pi/ros2_pi_ws/install/micro_ros_msgs/local/lib/python3.10/dist-packages/micro_ros_msgs/micro_ros_msgs_s__rosidl_typesupport_fastrtps_c.cpython-310-aarch64-linux-gnu.so
[3.650s] -- Up-to-date: /home/pi/ros2_pi_ws/install/micro_ros_msgs/local/lib/python3.10/dist-packages/micro_ros_msgs/micro_ros_msgs_s__rosidl_typesupport_introspection_c.cpython-310-aarch64-linux-gnu.so
[3.650s] -- Up-to-date: /home/pi/ros2_pi_ws/install/micro_ros_msgs/local/lib/python3.10/dist-packages/micro_ros_msgs/micro_ros_msgs_s__rosidl_typesupport_c.cpython-310-aarch64-linux-gnu.so
[3.651s] -- Up-to-date: /home/pi/ros2_pi_ws/install/micro_ros_msgs/lib/libmicro_ros_msgs__rosidl_generator_py.so
[3.651s] -- Up-to-date: /home/pi/ros2_pi_ws/install/micro_ros_msgs/share/micro_ros_msgs/msg/Graph.idl
[3.653s] -- Up-to-date: /home/pi/ros2_pi_ws/install/micro_ros_msgs/share/micro_ros_msgs/msg/Node.idl
[3.654s] -- Up-to-date: /home/pi/ros2_pi_ws/install/micro_ros_msgs/share/micro_ros_msgs/msg/Entity.idl
[3.655s] -- Up-to-date: /home/pi/ros2_pi_ws/install/micro_ros_msgs/share/micro_ros_msgs/msg/Graph.msg
[3.656s] -- Up-to-date: /home/pi/ros2_pi_ws/install/micro_ros_msgs/share/micro_ros_msgs/msg/Node.msg
[3.656s] -- Up-to-date: /home/pi/ros2_pi_ws/install/micro_ros_msgs/share/micro_ros_msgs/msg/Entity.msg
[3.657s] -- Up-to-date: /home/pi/ros2_pi_ws/install/micro_ros_msgs/share/ament_index/resource_index/package_run_dependencies/micro_ros_msgs
[3.658s] -- Up-to-date: /home/pi/ros2_pi_ws/install/micro_ros_msgs/share/ament_index/resource_index/parent_prefix_path/micro_ros_msgs
[3.659s] -- Up-to-date: /home/pi/ros2_pi_ws/install/micro_ros_msgs/share/micro_ros_msgs/environment/ament_prefix_path.sh
[3.660s] -- Up-to-date: /home/pi/ros2_pi_ws/install/micro_ros_msgs/share/micro_ros_msgs/environment/ament_prefix_path.dsv
[3.660s] -- Up-to-date: /home/pi/ros2_pi_ws/install/micro_ros_msgs/share/micro_ros_msgs/environment/path.sh
[3.661s] -- Up-to-date: /home/pi/ros2_pi_ws/install/micro_ros_msgs/share/micro_ros_msgs/environment/path.dsv
[3.661s] -- Up-to-date: /home/pi/ros2_pi_ws/install/micro_ros_msgs/share/micro_ros_msgs/local_setup.bash
[3.662s] -- Up-to-date: /home/pi/ros2_pi_ws/install/micro_ros_msgs/share/micro_ros_msgs/local_setup.sh
[3.663s] -- Up-to-date: /home/pi/ros2_pi_ws/install/micro_ros_msgs/share/micro_ros_msgs/local_setup.zsh
[3.663s] -- Up-to-date: /home/pi/ros2_pi_ws/install/micro_ros_msgs/share/micro_ros_msgs/local_setup.dsv
[3.664s] -- Installing: /home/pi/ros2_pi_ws/install/micro_ros_msgs/share/micro_ros_msgs/package.dsv
[3.665s] -- Up-to-date: /home/pi/ros2_pi_ws/install/micro_ros_msgs/share/ament_index/resource_index/packages/micro_ros_msgs
[3.666s] -- Up-to-date: /home/pi/ros2_pi_ws/install/micro_ros_msgs/share/micro_ros_msgs/cmake/export_micro_ros_msgs__rosidl_generator_cExport.cmake
[3.668s] -- Up-to-date: /home/pi/ros2_pi_ws/install/micro_ros_msgs/share/micro_ros_msgs/cmake/export_micro_ros_msgs__rosidl_generator_cExport-noconfig.cmake
[3.669s] -- Up-to-date: /home/pi/ros2_pi_ws/install/micro_ros_msgs/share/micro_ros_msgs/cmake/export_micro_ros_msgs__rosidl_typesupport_fastrtps_cExport.cmake
[3.670s] -- Up-to-date: /home/pi/ros2_pi_ws/install/micro_ros_msgs/share/micro_ros_msgs/cmake/export_micro_ros_msgs__rosidl_typesupport_fastrtps_cExport-noconfig.cmake
[3.671s] -- Up-to-date: /home/pi/ros2_pi_ws/install/micro_ros_msgs/share/micro_ros_msgs/cmake/micro_ros_msgs__rosidl_typesupport_introspection_cExport.cmake
[3.672s] -- Up-to-date: /home/pi/ros2_pi_ws/install/micro_ros_msgs/share/micro_ros_msgs/cmake/micro_ros_msgs__rosidl_typesupport_introspection_cExport-noconfig.cmake
[3.672s] -- Up-to-date: /home/pi/ros2_pi_ws/install/micro_ros_msgs/share/micro_ros_msgs/cmake/micro_ros_msgs__rosidl_typesupport_cExport.cmake
[3.673s] -- Up-to-date: /home/pi/ros2_pi_ws/install/micro_ros_msgs/share/micro_ros_msgs/cmake/micro_ros_msgs__rosidl_typesupport_cExport-noconfig.cmake
[3.674s] -- Up-to-date: /home/pi/ros2_pi_ws/install/micro_ros_msgs/share/micro_ros_msgs/cmake/export_micro_ros_msgs__rosidl_generator_cppExport.cmake
[3.675s] -- Up-to-date: /home/pi/ros2_pi_ws/install/micro_ros_msgs/share/micro_ros_msgs/cmake/export_micro_ros_msgs__rosidl_typesupport_fastrtps_cppExport.cmake
[3.675s] -- Up-to-date: /home/pi/ros2_pi_ws/install/micro_ros_msgs/share/micro_ros_msgs/cmake/export_micro_ros_msgs__rosidl_typesupport_fastrtps_cppExport-noconfig.cmake
[3.676s] -- Up-to-date: /home/pi/ros2_pi_ws/install/micro_ros_msgs/share/micro_ros_msgs/cmake/micro_ros_msgs__rosidl_typesupport_introspection_cppExport.cmake
[3.677s] -- Up-to-date: /home/pi/ros2_pi_ws/install/micro_ros_msgs/share/micro_ros_msgs/cmake/micro_ros_msgs__rosidl_typesupport_introspection_cppExport-noconfig.cmake
[3.677s] -- Up-to-date: /home/pi/ros2_pi_ws/install/micro_ros_msgs/share/micro_ros_msgs/cmake/micro_ros_msgs__rosidl_typesupport_cppExport.cmake
[3.678s] -- Up-to-date: /home/pi/ros2_pi_ws/install/micro_ros_msgs/share/micro_ros_msgs/cmake/micro_ros_msgs__rosidl_typesupport_cppExport-noconfig.cmake
[3.679s] -- Up-to-date: /home/pi/ros2_pi_ws/install/micro_ros_msgs/share/micro_ros_msgs/cmake/export_micro_ros_msgs__rosidl_generator_pyExport.cmake
[3.679s] -- Up-to-date: /home/pi/ros2_pi_ws/install/micro_ros_msgs/share/micro_ros_msgs/cmake/export_micro_ros_msgs__rosidl_generator_pyExport-noconfig.cmake
[3.680s] -- Up-to-date: /home/pi/ros2_pi_ws/install/micro_ros_msgs/share/micro_ros_msgs/cmake/rosidl_cmake-extras.cmake
[3.681s] -- Up-to-date: /home/pi/ros2_pi_ws/install/micro_ros_msgs/share/micro_ros_msgs/cmake/ament_cmake_export_include_directories-extras.cmake
[3.681s] -- Up-to-date: /home/pi/ros2_pi_ws/install/micro_ros_msgs/share/micro_ros_msgs/cmake/ament_cmake_export_libraries-extras.cmake
[3.683s] -- Up-to-date: /home/pi/ros2_pi_ws/install/micro_ros_msgs/share/micro_ros_msgs/cmake/ament_cmake_export_targets-extras.cmake
[3.684s] -- Up-to-date: /home/pi/ros2_pi_ws/install/micro_ros_msgs/share/micro_ros_msgs/cmake/rosidl_cmake_export_typesupport_targets-extras.cmake
[3.685s] -- Up-to-date: /home/pi/ros2_pi_ws/install/micro_ros_msgs/share/micro_ros_msgs/cmake/ament_cmake_export_dependencies-extras.cmake
[3.686s] -- Up-to-date: /home/pi/ros2_pi_ws/install/micro_ros_msgs/share/micro_ros_msgs/cmake/rosidl_cmake_export_typesupport_libraries-extras.cmake
[3.687s] -- Up-to-date: /home/pi/ros2_pi_ws/install/micro_ros_msgs/share/micro_ros_msgs/cmake/micro_ros_msgsConfig.cmake
[3.688s] -- Up-to-date: /home/pi/ros2_pi_ws/install/micro_ros_msgs/share/micro_ros_msgs/cmake/micro_ros_msgsConfig-version.cmake
[3.689s] -- Up-to-date: /home/pi/ros2_pi_ws/install/micro_ros_msgs/share/micro_ros_msgs/package.xml
[3.700s] Invoked command in '/home/pi/ros2_pi_ws/build/micro_ros_msgs' returned '0': CMAKE_PREFIX_PATH=${CMAKE_PREFIX_PATH}:/home/pi/ros2_pi_ws/install/ros2_opencv:/home/pi/ros2_pi_ws/install/opencv_tools:/home/pi/ros2_pi_ws/install/myrobot:/home/pi/ros2_pi_ws/install/motor_control:/home/pi/ros2_pi_ws/install/camera_publisher:/opt/ros/humble /usr/bin/cmake --install /home/pi/ros2_pi_ws/build/micro_ros_msgs
