[3.638s] Invoking command in '/home/pi/ros2_pi_ws/src/opencv_tools': PYTHONPATH=/home/pi/ros2_pi_ws/build/opencv_tools/prefix_override:/usr/lib/python3/dist-packages/colcon_core/task/python/colcon_distutils_commands:/home/pi/ros2_pi_ws/install/opencv_tools/lib/python3.10/site-packages:${PYTHONPATH} /usr/bin/python3 -W ignore:setup.py install is deprecated -W ignore:easy_install command is deprecated setup.py egg_info --egg-base ../../build/opencv_tools build --build-base /home/pi/ros2_pi_ws/build/opencv_tools/build install --record /home/pi/ros2_pi_ws/build/opencv_tools/install.log --single-version-externally-managed install_data
[4.579s] running egg_info
[4.581s] writing ../../build/opencv_tools/opencv_tools.egg-info/PKG-INFO
[4.582s] writing dependency_links to ../../build/opencv_tools/opencv_tools.egg-info/dependency_links.txt
[4.583s] writing entry points to ../../build/opencv_tools/opencv_tools.egg-info/entry_points.txt
[4.584s] writing requirements to ../../build/opencv_tools/opencv_tools.egg-info/requires.txt
[4.585s] writing top-level names to ../../build/opencv_tools/opencv_tools.egg-info/top_level.txt
[4.593s] reading manifest file '../../build/opencv_tools/opencv_tools.egg-info/SOURCES.txt'
[4.596s] writing manifest file '../../build/opencv_tools/opencv_tools.egg-info/SOURCES.txt'
[4.597s] running build
[4.597s] running build_py
[4.599s] running install
[4.600s] running install_lib
[4.605s] running install_data
[4.606s] running install_egg_info
[4.613s] removing '/home/pi/ros2_pi_ws/install/opencv_tools/lib/python3.10/site-packages/opencv_tools-0.0.0-py3.10.egg-info' (and everything under it)
[4.614s] Copying ../../build/opencv_tools/opencv_tools.egg-info to /home/pi/ros2_pi_ws/install/opencv_tools/lib/python3.10/site-packages/opencv_tools-0.0.0-py3.10.egg-info
[4.619s] running install_scripts
[4.696s] Installing img_pub_node script to /home/pi/ros2_pi_ws/install/opencv_tools/lib/opencv_tools
[4.697s] Installing img_sub_node script to /home/pi/ros2_pi_ws/install/opencv_tools/lib/opencv_tools
[4.699s] writing list of installed files to '/home/pi/ros2_pi_ws/build/opencv_tools/install.log'
[4.807s] Invoked command in '/home/pi/ros2_pi_ws/src/opencv_tools' returned '0': PYTHONPATH=/home/pi/ros2_pi_ws/build/opencv_tools/prefix_override:/usr/lib/python3/dist-packages/colcon_core/task/python/colcon_distutils_commands:/home/pi/ros2_pi_ws/install/opencv_tools/lib/python3.10/site-packages:${PYTHONPATH} /usr/bin/python3 -W ignore:setup.py install is deprecated -W ignore:easy_install command is deprecated setup.py egg_info --egg-base ../../build/opencv_tools build --build-base /home/pi/ros2_pi_ws/build/opencv_tools/build install --record /home/pi/ros2_pi_ws/build/opencv_tools/install.log --single-version-externally-managed install_data
