[4.336s] Invoking command in '/home/pi/ros2_pi_ws/src/myrobot': PYTHONPATH=/home/pi/ros2_pi_ws/build/myrobot/prefix_override:/usr/lib/python3/dist-packages/colcon_core/task/python/colcon_distutils_commands:/home/pi/ros2_pi_ws/install/myrobot/lib/python3.10/site-packages:${PYTHONPATH} /usr/bin/python3 -W ignore:setup.py install is deprecated -W ignore:easy_install command is deprecated setup.py egg_info --egg-base ../../build/myrobot build --build-base /home/pi/ros2_pi_ws/build/myrobot/build install --record /home/pi/ros2_pi_ws/build/myrobot/install.log --single-version-externally-managed install_data
[5.691s] running egg_info
[5.697s] writing ../../build/myrobot/myrobot.egg-info/PKG-INFO
[5.699s] writing dependency_links to ../../build/myrobot/myrobot.egg-info/dependency_links.txt
[5.701s] writing entry points to ../../build/myrobot/myrobot.egg-info/entry_points.txt
[5.703s] writing requirements to ../../build/myrobot/myrobot.egg-info/requires.txt
[5.705s] writing top-level names to ../../build/myrobot/myrobot.egg-info/top_level.txt
[5.717s] reading manifest file '../../build/myrobot/myrobot.egg-info/SOURCES.txt'
[5.723s] writing manifest file '../../build/myrobot/myrobot.egg-info/SOURCES.txt'
[5.724s] running build
[5.725s] running build_py
[5.727s] running install
[5.728s] running install_lib
[5.735s] running install_data
[5.736s] running install_egg_info
[5.753s] removing '/home/pi/ros2_pi_ws/install/myrobot/lib/python3.10/site-packages/myrobot-0.0.0-py3.10.egg-info' (and everything under it)
[5.759s] Copying ../../build/myrobot/myrobot.egg-info to /home/pi/ros2_pi_ws/install/myrobot/lib/python3.10/site-packages/myrobot-0.0.0-py3.10.egg-info
[5.771s] running install_scripts
[5.865s] Installing pid_tuner script to /home/pi/ros2_pi_ws/install/myrobot/lib/myrobot
[5.867s] writing list of installed files to '/home/pi/ros2_pi_ws/build/myrobot/install.log'
[5.994s] Invoked command in '/home/pi/ros2_pi_ws/src/myrobot' returned '0': PYTHONPATH=/home/pi/ros2_pi_ws/build/myrobot/prefix_override:/usr/lib/python3/dist-packages/colcon_core/task/python/colcon_distutils_commands:/home/pi/ros2_pi_ws/install/myrobot/lib/python3.10/site-packages:${PYTHONPATH} /usr/bin/python3 -W ignore:setup.py install is deprecated -W ignore:easy_install command is deprecated setup.py egg_info --egg-base ../../build/myrobot build --build-base /home/pi/ros2_pi_ws/build/myrobot/build install --record /home/pi/ros2_pi_ws/build/myrobot/install.log --single-version-externally-managed install_data
