[5.782s] Invoking command in '/home/pi/ros2_pi_ws/src/opencv_tools': PYTHONPATH=/home/pi/ros2_pi_ws/build/opencv_tools/prefix_override:/usr/lib/python3/dist-packages/colcon_core/task/python/colcon_distutils_commands:/home/pi/ros2_pi_ws/install/opencv_tools/lib/python3.10/site-packages:${PYTHONPATH} /usr/bin/python3 -W ignore:setup.py install is deprecated -W ignore:easy_install command is deprecated setup.py egg_info --egg-base ../../build/opencv_tools build --build-base /home/pi/ros2_pi_ws/build/opencv_tools/build install --record /home/pi/ros2_pi_ws/build/opencv_tools/install.log --single-version-externally-managed install_data
[7.291s] running egg_info
[7.294s] writing ../../build/opencv_tools/opencv_tools.egg-info/PKG-INFO
[7.296s] writing dependency_links to ../../build/opencv_tools/opencv_tools.egg-info/dependency_links.txt
[7.299s] writing entry points to ../../build/opencv_tools/opencv_tools.egg-info/entry_points.txt
[7.300s] writing requirements to ../../build/opencv_tools/opencv_tools.egg-info/requires.txt
[7.301s] writing top-level names to ../../build/opencv_tools/opencv_tools.egg-info/top_level.txt
[7.309s] reading manifest file '../../build/opencv_tools/opencv_tools.egg-info/SOURCES.txt'
[7.316s] writing manifest file '../../build/opencv_tools/opencv_tools.egg-info/SOURCES.txt'
[7.317s] running build
[7.318s] running build_py
[7.320s] running install
[7.320s] running install_lib
[7.326s] running install_data
[7.327s] running install_egg_info
[7.344s] removing '/home/pi/ros2_pi_ws/install/opencv_tools/lib/python3.10/site-packages/opencv_tools-0.0.0-py3.10.egg-info' (and everything under it)
[7.346s] Copying ../../build/opencv_tools/opencv_tools.egg-info to /home/pi/ros2_pi_ws/install/opencv_tools/lib/python3.10/site-packages/opencv_tools-0.0.0-py3.10.egg-info
[7.353s] running install_scripts
[7.443s] Installing img_pub_node script to /home/pi/ros2_pi_ws/install/opencv_tools/lib/opencv_tools
[7.444s] Installing img_sub_node script to /home/pi/ros2_pi_ws/install/opencv_tools/lib/opencv_tools
[7.445s] writing list of installed files to '/home/pi/ros2_pi_ws/build/opencv_tools/install.log'
[7.645s] Invoked command in '/home/pi/ros2_pi_ws/src/opencv_tools' returned '0': PYTHONPATH=/home/pi/ros2_pi_ws/build/opencv_tools/prefix_override:/usr/lib/python3/dist-packages/colcon_core/task/python/colcon_distutils_commands:/home/pi/ros2_pi_ws/install/opencv_tools/lib/python3.10/site-packages:${PYTHONPATH} /usr/bin/python3 -W ignore:setup.py install is deprecated -W ignore:easy_install command is deprecated setup.py egg_info --egg-base ../../build/opencv_tools build --build-base /home/pi/ros2_pi_ws/build/opencv_tools/build install --record /home/pi/ros2_pi_ws/build/opencv_tools/install.log --single-version-externally-managed install_data
