[0.079s] Invoking command in '/home/pi/microros_pi_ws/build/micro_ros_setup': CMAKE_PREFIX_PATH=${CMAKE_PREFIX_PATH}:/opt/ros/humble /usr/bin/cmake --build /home/pi/microros_pi_ws/build/micro_ros_setup -- -j4 -l4
[0.391s] Invoked command in '/home/pi/microros_pi_ws/build/micro_ros_setup' returned '0': CMAKE_PREFIX_PATH=${CMAKE_PREFIX_PATH}:/opt/ros/humble /usr/bin/cmake --build /home/pi/microros_pi_ws/build/micro_ros_setup -- -j4 -l4
[0.526s] Invoking command in '/home/pi/microros_pi_ws/build/micro_ros_setup': CMAKE_PREFIX_PATH=${CMAKE_PREFIX_PATH}:/opt/ros/humble /usr/bin/cmake --install /home/pi/microros_pi_ws/build/micro_ros_setup
[0.639s] -- Install configuration: ""
[0.639s] -- Up-to-date: /home/pi/microros_pi_ws/install/micro_ros_setup/share/ament_index/resource_index/package_run_dependencies/micro_ros_setup
[0.640s] -- Up-to-date: /home/pi/microros_pi_ws/install/micro_ros_setup/share/ament_index/resource_index/parent_prefix_path/micro_ros_setup
[0.640s] -- Up-to-date: /home/pi/microros_pi_ws/install/micro_ros_setup/share/micro_ros_setup/environment/ament_prefix_path.sh
[0.641s] -- Up-to-date: /home/pi/microros_pi_ws/install/micro_ros_setup/share/micro_ros_setup/environment/ament_prefix_path.dsv
[0.642s] -- Up-to-date: /home/pi/microros_pi_ws/install/micro_ros_setup/share/micro_ros_setup/environment/path.sh
[0.642s] -- Up-to-date: /home/pi/microros_pi_ws/install/micro_ros_setup/share/micro_ros_setup/environment/path.dsv
[0.643s] -- Up-to-date: /home/pi/microros_pi_ws/install/micro_ros_setup/share/micro_ros_setup/local_setup.bash
[0.646s] -- Up-to-date: /home/pi/microros_pi_ws/install/micro_ros_setup/share/micro_ros_setup/local_setup.sh
[0.647s] -- Up-to-date: /home/pi/microros_pi_ws/install/micro_ros_setup/share/micro_ros_setup/local_setup.zsh
[0.647s] -- Up-to-date: /home/pi/microros_pi_ws/install/micro_ros_setup/share/micro_ros_setup/local_setup.dsv
[0.648s] -- Installing: /home/pi/microros_pi_ws/install/micro_ros_setup/share/micro_ros_setup/package.dsv
[0.651s] -- Up-to-date: /home/pi/microros_pi_ws/install/micro_ros_setup/share/ament_index/resource_index/packages/micro_ros_setup
[0.660s] -- Up-to-date: /home/pi/microros_pi_ws/install/micro_ros_setup/share/micro_ros_setup/cmake/micro_ros_setupConfig.cmake
[0.666s] -- Up-to-date: /home/pi/microros_pi_ws/install/micro_ros_setup/share/micro_ros_setup/cmake/micro_ros_setupConfig-version.cmake
[0.684s] -- Up-to-date: /home/pi/microros_pi_ws/install/micro_ros_setup/share/micro_ros_setup/package.xml
[0.686s] -- Up-to-date: /home/pi/microros_pi_ws/install/micro_ros_setup/./config
[0.690s] -- Up-to-date: /home/pi/microros_pi_ws/install/micro_ros_setup/./config/generate_lib
[0.691s] -- Up-to-date: /home/pi/microros_pi_ws/install/micro_ros_setup/./config/generate_lib/generic
[0.701s] -- Up-to-date: /home/pi/microros_pi_ws/install/micro_ros_setup/./config/generate_lib/generic/create.sh
[0.702s] -- Up-to-date: /home/pi/microros_pi_ws/install/micro_ros_setup/./config/generate_lib/generic/client-colcon.meta
[0.702s] -- Up-to-date: /home/pi/microros_pi_ws/install/micro_ros_setup/./config/generate_lib/generic/build.sh
[0.703s] -- Up-to-date: /home/pi/microros_pi_ws/install/micro_ros_setup/./config/generate_lib/generic/package.xml
[0.704s] -- Up-to-date: /home/pi/microros_pi_ws/install/micro_ros_setup/./config/generate_lib/generic/flash.sh
[0.704s] -- Up-to-date: /home/pi/microros_pi_ws/install/micro_ros_setup/./config/generate_lib/generic/demo_toolchain.cmake
[0.705s] -- Up-to-date: /home/pi/microros_pi_ws/install/micro_ros_setup/./config/generate_lib/generic/client_uros_packages.repos
[0.706s] -- Up-to-date: /home/pi/microros_pi_ws/install/micro_ros_setup/./config/generate_lib/dev_uros_packages.repos
[0.721s] -- Up-to-date: /home/pi/microros_pi_ws/install/micro_ros_setup/./config/generate_lib/dev_ros2_packages.txt
[0.721s] -- Up-to-date: /home/pi/microros_pi_ws/install/micro_ros_setup/./config/host
[0.722s] -- Up-to-date: /home/pi/microros_pi_ws/install/micro_ros_setup/./config/host/generic
[0.722s] -- Up-to-date: /home/pi/microros_pi_ws/install/micro_ros_setup/./config/host/generic/client-host-colcon.meta
[0.723s] -- Up-to-date: /home/pi/microros_pi_ws/install/micro_ros_setup/./config/host/generic/create.sh
[0.724s] -- Up-to-date: /home/pi/microros_pi_ws/install/micro_ros_setup/./config/host/generic/build.sh
[0.724s] -- Up-to-date: /home/pi/microros_pi_ws/install/micro_ros_setup/./config/host/generic/package.xml
[0.738s] -- Up-to-date: /home/pi/microros_pi_ws/install/micro_ros_setup/./config/host/generic/flash.sh
[0.739s] -- Up-to-date: /home/pi/microros_pi_ws/install/micro_ros_setup/./config/host/generic/client_host_packages.repos
[0.739s] -- Up-to-date: /home/pi/microros_pi_ws/install/micro_ros_setup/./config/host/dev_uros_packages.repos
[0.739s] -- Up-to-date: /home/pi/microros_pi_ws/install/micro_ros_setup/./config/host/dev_ros2_packages.txt
[0.740s] -- Up-to-date: /home/pi/microros_pi_ws/install/micro_ros_setup/./config/host/client_ros2_packages.txt
[0.740s] -- Up-to-date: /home/pi/microros_pi_ws/install/micro_ros_setup/./config/mbed
[0.741s] -- Up-to-date: /home/pi/microros_pi_ws/install/micro_ros_setup/./config/mbed/generic
[0.742s] -- Up-to-date: /home/pi/microros_pi_ws/install/micro_ros_setup/./config/mbed/generic/board.repos
[0.742s] -- Up-to-date: /home/pi/microros_pi_ws/install/micro_ros_setup/./config/mbed/generic/create.sh
[0.743s] -- Up-to-date: /home/pi/microros_pi_ws/install/micro_ros_setup/./config/mbed/generic/build.sh
[0.743s] -- Up-to-date: /home/pi/microros_pi_ws/install/micro_ros_setup/./config/mbed/generic/package.xml
[0.744s] -- Up-to-date: /home/pi/microros_pi_ws/install/micro_ros_setup/./config/mbed/generic/flash.sh
[0.781s] -- Up-to-date: /home/pi/microros_pi_ws/install/micro_ros_setup/./config/mbed/generic/supported_platforms
[0.787s] -- Up-to-date: /home/pi/microros_pi_ws/install/micro_ros_setup/./config/mbed/generic/client_uros_packages.repos
[0.788s] -- Up-to-date: /home/pi/microros_pi_ws/install/micro_ros_setup/./config/mbed/dev_uros_packages.repos
[0.789s] -- Up-to-date: /home/pi/microros_pi_ws/install/micro_ros_setup/./config/mbed/dev_ros2_packages.txt
[0.789s] -- Up-to-date: /home/pi/microros_pi_ws/install/micro_ros_setup/./config/mbed/list_apps.sh
[0.790s] -- Up-to-date: /home/pi/microros_pi_ws/install/micro_ros_setup/./config/agent_uros_packages.repos
[0.791s] -- Up-to-date: /home/pi/microros_pi_ws/install/micro_ros_setup/./config/agent_ros2_packages.txt
[0.792s] -- Up-to-date: /home/pi/microros_pi_ws/install/micro_ros_setup/./config/freertos
[0.822s] -- Up-to-date: /home/pi/microros_pi_ws/install/micro_ros_setup/./config/freertos/olimex-stm32-e407
[0.828s] -- Up-to-date: /home/pi/microros_pi_ws/install/micro_ros_setup/./config/freertos/olimex-stm32-e407/board.repos
[0.829s] -- Up-to-date: /home/pi/microros_pi_ws/install/micro_ros_setup/./config/freertos/olimex-stm32-e407/create.sh
[0.831s] -- Up-to-date: /home/pi/microros_pi_ws/install/micro_ros_setup/./config/freertos/olimex-stm32-e407/configure.sh
[0.832s] -- Up-to-date: /home/pi/microros_pi_ws/install/micro_ros_setup/./config/freertos/olimex-stm32-e407/client-colcon.meta
[0.833s] -- Up-to-date: /home/pi/microros_pi_ws/install/micro_ros_setup/./config/freertos/olimex-stm32-e407/build.sh
[0.834s] -- Up-to-date: /home/pi/microros_pi_ws/install/micro_ros_setup/./config/freertos/olimex-stm32-e407/package.xml
[0.834s] -- Up-to-date: /home/pi/microros_pi_ws/install/micro_ros_setup/./config/freertos/olimex-stm32-e407/flash.sh
[0.835s] -- Up-to-date: /home/pi/microros_pi_ws/install/micro_ros_setup/./config/freertos/olimex-stm32-e407/client_uros_packages.repos
[0.853s] -- Up-to-date: /home/pi/microros_pi_ws/install/micro_ros_setup/./config/freertos/dev_uros_packages.repos
[0.854s] -- Up-to-date: /home/pi/microros_pi_ws/install/micro_ros_setup/./config/freertos/nucleo_f746zg
[0.854s] -- Up-to-date: /home/pi/microros_pi_ws/install/micro_ros_setup/./config/freertos/nucleo_f746zg/board.repos
[0.855s] -- Up-to-date: /home/pi/microros_pi_ws/install/micro_ros_setup/./config/freertos/nucleo_f746zg/create.sh
[0.855s] -- Up-to-date: /home/pi/microros_pi_ws/install/micro_ros_setup/./config/freertos/nucleo_f746zg/configure.sh
[0.856s] -- Up-to-date: /home/pi/microros_pi_ws/install/micro_ros_setup/./config/freertos/nucleo_f746zg/client-colcon.meta
[0.857s] -- Up-to-date: /home/pi/microros_pi_ws/install/micro_ros_setup/./config/freertos/nucleo_f746zg/build.sh
[0.859s] -- Up-to-date: /home/pi/microros_pi_ws/install/micro_ros_setup/./config/freertos/nucleo_f746zg/package.xml
[0.859s] -- Up-to-date: /home/pi/microros_pi_ws/install/micro_ros_setup/./config/freertos/nucleo_f746zg/flash.sh
[0.859s] -- Up-to-date: /home/pi/microros_pi_ws/install/micro_ros_setup/./config/freertos/nucleo_f746zg/client_uros_packages.repos
[0.877s] -- Up-to-date: /home/pi/microros_pi_ws/install/micro_ros_setup/./config/freertos/dev_ros2_packages.txt
[0.878s] -- Up-to-date: /home/pi/microros_pi_ws/install/micro_ros_setup/./config/freertos/list_apps.sh
[0.892s] -- Up-to-date: /home/pi/microros_pi_ws/install/micro_ros_setup/./config/freertos/nucleo_f446re
[0.893s] -- Up-to-date: /home/pi/microros_pi_ws/install/micro_ros_setup/./config/freertos/nucleo_f446re/board.repos
[0.893s] -- Up-to-date: /home/pi/microros_pi_ws/install/micro_ros_setup/./config/freertos/nucleo_f446re/create.sh
[0.894s] -- Up-to-date: /home/pi/microros_pi_ws/install/micro_ros_setup/./config/freertos/nucleo_f446re/configure.sh
[0.895s] -- Up-to-date: /home/pi/microros_pi_ws/install/micro_ros_setup/./config/freertos/nucleo_f446re/client-colcon.meta
[0.895s] -- Up-to-date: /home/pi/microros_pi_ws/install/micro_ros_setup/./config/freertos/nucleo_f446re/build.sh
[0.896s] -- Up-to-date: /home/pi/microros_pi_ws/install/micro_ros_setup/./config/freertos/nucleo_f446re/package.xml
[0.898s] -- Up-to-date: /home/pi/microros_pi_ws/install/micro_ros_setup/./config/freertos/nucleo_f446re/flash.sh
[0.899s] -- Up-to-date: /home/pi/microros_pi_ws/install/micro_ros_setup/./config/freertos/nucleo_f446re/client_uros_packages.repos
[0.899s] -- Up-to-date: /home/pi/microros_pi_ws/install/micro_ros_setup/./config/freertos/nucleo_f446ze
[0.900s] -- Up-to-date: /home/pi/microros_pi_ws/install/micro_ros_setup/./config/freertos/nucleo_f446ze/board.repos
[0.901s] -- Up-to-date: /home/pi/microros_pi_ws/install/micro_ros_setup/./config/freertos/nucleo_f446ze/create.sh
[0.901s] -- Up-to-date: /home/pi/microros_pi_ws/install/micro_ros_setup/./config/freertos/nucleo_f446ze/configure.sh
[0.902s] -- Up-to-date: /home/pi/microros_pi_ws/install/micro_ros_setup/./config/freertos/nucleo_f446ze/client-colcon.meta
[0.903s] -- Up-to-date: /home/pi/microros_pi_ws/install/micro_ros_setup/./config/freertos/nucleo_f446ze/build.sh
[0.903s] -- Up-to-date: /home/pi/microros_pi_ws/install/micro_ros_setup/./config/freertos/nucleo_f446ze/package.xml
[0.904s] -- Up-to-date: /home/pi/microros_pi_ws/install/micro_ros_setup/./config/freertos/nucleo_f446ze/flash.sh
[0.918s] -- Up-to-date: /home/pi/microros_pi_ws/install/micro_ros_setup/./config/freertos/nucleo_f446ze/client_uros_packages.repos
[0.919s] -- Up-to-date: /home/pi/microros_pi_ws/install/micro_ros_setup/./config/freertos/esp32
[0.920s] -- Up-to-date: /home/pi/microros_pi_ws/install/micro_ros_setup/./config/freertos/esp32/board.repos
[0.920s] -- Up-to-date: /home/pi/microros_pi_ws/install/micro_ros_setup/./config/freertos/esp32/create.sh
[0.921s] -- Up-to-date: /home/pi/microros_pi_ws/install/micro_ros_setup/./config/freertos/esp32/configure.sh
[0.922s] -- Up-to-date: /home/pi/microros_pi_ws/install/micro_ros_setup/./config/freertos/esp32/client-colcon.meta
[0.922s] -- Up-to-date: /home/pi/microros_pi_ws/install/micro_ros_setup/./config/freertos/esp32/build.sh
[0.923s] -- Up-to-date: /home/pi/microros_pi_ws/install/micro_ros_setup/./config/freertos/esp32/package.xml
[0.923s] -- Up-to-date: /home/pi/microros_pi_ws/install/micro_ros_setup/./config/freertos/esp32/README.md
[0.924s] -- Up-to-date: /home/pi/microros_pi_ws/install/micro_ros_setup/./config/freertos/esp32/flash.sh
[0.924s] -- Up-to-date: /home/pi/microros_pi_ws/install/micro_ros_setup/./config/freertos/esp32/client_uros_packages.repos
[0.931s] -- Up-to-date: /home/pi/microros_pi_ws/install/micro_ros_setup/./config/freertos/crazyflie21
[0.931s] -- Up-to-date: /home/pi/microros_pi_ws/install/micro_ros_setup/./config/freertos/crazyflie21/board.repos
[0.932s] -- Up-to-date: /home/pi/microros_pi_ws/install/micro_ros_setup/./config/freertos/crazyflie21/create.sh
[0.932s] -- Up-to-date: /home/pi/microros_pi_ws/install/micro_ros_setup/./config/freertos/crazyflie21/configure.sh
[0.933s] -- Up-to-date: /home/pi/microros_pi_ws/install/micro_ros_setup/./config/freertos/crazyflie21/client-colcon.meta
[0.934s] -- Up-to-date: /home/pi/microros_pi_ws/install/micro_ros_setup/./config/freertos/crazyflie21/build.sh
[0.934s] -- Up-to-date: /home/pi/microros_pi_ws/install/micro_ros_setup/./config/freertos/crazyflie21/package.xml
[0.935s] -- Up-to-date: /home/pi/microros_pi_ws/install/micro_ros_setup/./config/freertos/crazyflie21/flash.sh
[0.935s] -- Up-to-date: /home/pi/microros_pi_ws/install/micro_ros_setup/./config/freertos/crazyflie21/client_uros_packages.repos
[0.936s] -- Up-to-date: /home/pi/microros_pi_ws/install/micro_ros_setup/./config/freertos/nucleo_f767zi
[0.965s] -- Up-to-date: /home/pi/microros_pi_ws/install/micro_ros_setup/./config/freertos/nucleo_f767zi/board.repos
[0.972s] -- Up-to-date: /home/pi/microros_pi_ws/install/micro_ros_setup/./config/freertos/nucleo_f767zi/create.sh
[0.981s] -- Up-to-date: /home/pi/microros_pi_ws/install/micro_ros_setup/./config/freertos/nucleo_f767zi/configure.sh
[0.981s] -- Up-to-date: /home/pi/microros_pi_ws/install/micro_ros_setup/./config/freertos/nucleo_f767zi/client-colcon.meta
[0.982s] -- Up-to-date: /home/pi/microros_pi_ws/install/micro_ros_setup/./config/freertos/nucleo_f767zi/build.sh
[0.983s] -- Up-to-date: /home/pi/microros_pi_ws/install/micro_ros_setup/./config/freertos/nucleo_f767zi/package.xml
[0.994s] -- Up-to-date: /home/pi/microros_pi_ws/install/micro_ros_setup/./config/freertos/nucleo_f767zi/flash.sh
[0.995s] -- Up-to-date: /home/pi/microros_pi_ws/install/micro_ros_setup/./config/freertos/nucleo_f767zi/client_uros_packages.repos
[0.995s] -- Up-to-date: /home/pi/microros_pi_ws/install/micro_ros_setup/./config/zephyr
[0.996s] -- Up-to-date: /home/pi/microros_pi_ws/install/micro_ros_setup/./config/zephyr/generic
[0.996s] -- Up-to-date: /home/pi/microros_pi_ws/install/micro_ros_setup/./config/zephyr/generic/board.repos
[0.996s] -- Up-to-date: /home/pi/microros_pi_ws/install/micro_ros_setup/./config/zephyr/generic/create.sh
[1.001s] -- Up-to-date: /home/pi/microros_pi_ws/install/micro_ros_setup/./config/zephyr/generic/configure.sh
[1.002s] -- Up-to-date: /home/pi/microros_pi_ws/install/micro_ros_setup/./config/zephyr/generic/client-colcon.meta
[1.002s] -- Up-to-date: /home/pi/microros_pi_ws/install/micro_ros_setup/./config/zephyr/generic/build.sh
[1.003s] -- Up-to-date: /home/pi/microros_pi_ws/install/micro_ros_setup/./config/zephyr/generic/package.xml
[1.003s] -- Up-to-date: /home/pi/microros_pi_ws/install/micro_ros_setup/./config/zephyr/generic/flash.sh
[1.004s] -- Up-to-date: /home/pi/microros_pi_ws/install/micro_ros_setup/./config/zephyr/generic/supported_platforms
[1.004s] -- Up-to-date: /home/pi/microros_pi_ws/install/micro_ros_setup/./config/zephyr/generic/client_uros_packages.repos
[1.005s] -- Up-to-date: /home/pi/microros_pi_ws/install/micro_ros_setup/./config/zephyr/dev_uros_packages.repos
[1.006s] -- Up-to-date: /home/pi/microros_pi_ws/install/micro_ros_setup/./config/zephyr/dev_ros2_packages.txt
[1.006s] -- Up-to-date: /home/pi/microros_pi_ws/install/micro_ros_setup/./config/zephyr/list_apps.sh
[1.007s] -- Up-to-date: /home/pi/microros_pi_ws/install/micro_ros_setup/./config/raspbian
[1.007s] -- Up-to-date: /home/pi/microros_pi_ws/install/micro_ros_setup/./config/raspbian/generic
[1.020s] -- Up-to-date: /home/pi/microros_pi_ws/install/micro_ros_setup/./config/raspbian/generic/create.sh
[1.020s] -- Up-to-date: /home/pi/microros_pi_ws/install/micro_ros_setup/./config/raspbian/generic/configure.sh
[1.021s] -- Up-to-date: /home/pi/microros_pi_ws/install/micro_ros_setup/./config/raspbian/generic/client-colcon.meta
[1.022s] -- Up-to-date: /home/pi/microros_pi_ws/install/micro_ros_setup/./config/raspbian/generic/build.sh
[1.022s] -- Up-to-date: /home/pi/microros_pi_ws/install/micro_ros_setup/./config/raspbian/generic/flash.sh
[1.023s] -- Up-to-date: /home/pi/microros_pi_ws/install/micro_ros_setup/./config/raspbian/generic/supported_platforms
[1.023s] -- Up-to-date: /home/pi/microros_pi_ws/install/micro_ros_setup/./config/raspbian/generic/client_uros_packages.repos
[1.024s] -- Up-to-date: /home/pi/microros_pi_ws/install/micro_ros_setup/./config/raspbian/dev_uros_packages.repos
[1.024s] -- Up-to-date: /home/pi/microros_pi_ws/install/micro_ros_setup/./config/raspbian/dev_ros2_packages.txt
[1.025s] -- Up-to-date: /home/pi/microros_pi_ws/install/micro_ros_setup/./config/utils.sh
[1.026s] -- Up-to-date: /home/pi/microros_pi_ws/install/micro_ros_setup/./config/renesas_ra
[1.027s] -- Up-to-date: /home/pi/microros_pi_ws/install/micro_ros_setup/./config/renesas_ra/dev_uros_packages.repos
[1.027s] -- Up-to-date: /home/pi/microros_pi_ws/install/micro_ros_setup/./config/renesas_ra/ra6m5
[1.028s] -- Up-to-date: /home/pi/microros_pi_ws/install/micro_ros_setup/./config/renesas_ra/ra6m5/board.repos
[1.028s] -- Up-to-date: /home/pi/microros_pi_ws/install/micro_ros_setup/./config/renesas_ra/ra6m5/create.sh
[1.040s] -- Up-to-date: /home/pi/microros_pi_ws/install/micro_ros_setup/./config/renesas_ra/ra6m5/configure.sh
[1.041s] -- Up-to-date: /home/pi/microros_pi_ws/install/micro_ros_setup/./config/renesas_ra/ra6m5/client-colcon.meta
[1.041s] -- Up-to-date: /home/pi/microros_pi_ws/install/micro_ros_setup/./config/renesas_ra/ra6m5/build.sh
[1.042s] -- Up-to-date: /home/pi/microros_pi_ws/install/micro_ros_setup/./config/renesas_ra/ra6m5/flash.sh
[1.042s] -- Up-to-date: /home/pi/microros_pi_ws/install/micro_ros_setup/./config/renesas_ra/ra6m5/client_uros_packages.repos
[1.043s] -- Up-to-date: /home/pi/microros_pi_ws/install/micro_ros_setup/./config/renesas_ra/dev_ros2_packages.txt
[1.044s] -- Up-to-date: /home/pi/microros_pi_ws/install/micro_ros_setup/./config/renesas_ra/list_apps.sh
[1.044s] -- Up-to-date: /home/pi/microros_pi_ws/install/micro_ros_setup/./config/client_ros2_packages.txt
[1.061s] -- Up-to-date: /home/pi/microros_pi_ws/install/micro_ros_setup/./config/client_uros_packages.repos
[1.062s] -- Up-to-date: /home/pi/microros_pi_ws/install/micro_ros_setup/./config/android
[1.062s] -- Up-to-date: /home/pi/microros_pi_ws/install/micro_ros_setup/./config/android/generic
[1.063s] -- Up-to-date: /home/pi/microros_pi_ws/install/micro_ros_setup/./config/android/generic/create.sh
[1.064s] -- Up-to-date: /home/pi/microros_pi_ws/install/micro_ros_setup/./config/android/generic/client-colcon.meta
[1.064s] -- Up-to-date: /home/pi/microros_pi_ws/install/micro_ros_setup/./config/android/generic/build.sh
[1.065s] -- Up-to-date: /home/pi/microros_pi_ws/install/micro_ros_setup/./config/android/generic/package.xml
[1.066s] -- Up-to-date: /home/pi/microros_pi_ws/install/micro_ros_setup/./config/android/generic/flash.sh
[1.067s] -- Up-to-date: /home/pi/microros_pi_ws/install/micro_ros_setup/./config/android/generic/client_uros_packages.repos
[1.068s] -- Up-to-date: /home/pi/microros_pi_ws/install/micro_ros_setup/./config/android/dev_uros_packages.repos
[1.068s] -- Up-to-date: /home/pi/microros_pi_ws/install/micro_ros_setup/./config/android/dev_ros2_packages.txt
[1.075s] -- Up-to-date: /home/pi/microros_pi_ws/install/micro_ros_setup/lib/micro_ros_setup/create_ws.sh
[1.075s] -- Up-to-date: /home/pi/microros_pi_ws/install/micro_ros_setup/lib/micro_ros_setup/create_agent_ws.sh
[1.076s] -- Up-to-date: /home/pi/microros_pi_ws/install/micro_ros_setup/lib/micro_ros_setup/create_firmware_ws.sh
[1.077s] -- Up-to-date: /home/pi/microros_pi_ws/install/micro_ros_setup/lib/micro_ros_setup/configure_firmware.sh
[1.087s] -- Up-to-date: /home/pi/microros_pi_ws/install/micro_ros_setup/lib/micro_ros_setup/flash_firmware.sh
[1.088s] -- Up-to-date: /home/pi/microros_pi_ws/install/micro_ros_setup/lib/micro_ros_setup/build_firmware.sh
[1.089s] -- Up-to-date: /home/pi/microros_pi_ws/install/micro_ros_setup/lib/micro_ros_setup/build_agent.sh
[1.089s] -- Up-to-date: /home/pi/microros_pi_ws/install/micro_ros_setup/lib/micro_ros_setup/yaml_filter.py
[1.090s] -- Up-to-date: /home/pi/microros_pi_ws/install/micro_ros_setup/lib/micro_ros_setup/clean_env.sh
[1.091s] -- Up-to-date: /home/pi/microros_pi_ws/install/micro_ros_setup/lib/micro_ros_setup/component
[1.092s] Invoked command in '/home/pi/microros_pi_ws/build/micro_ros_setup' returned '0': CMAKE_PREFIX_PATH=${CMAKE_PREFIX_PATH}:/opt/ros/humble /usr/bin/cmake --install /home/pi/microros_pi_ws/build/micro_ros_setup
