[1.616s] Invoking command in '/home/pi/microros_pi_ws/build/robot_odom': CMAKE_PREFIX_PATH=${CMAKE_PREFIX_PATH}:/home/pi/microros_pi_ws/install/motor_control:/opt/ros/humble /usr/bin/cmake --build /home/pi/microros_pi_ws/build/robot_odom -- -j4 -l4
[1.965s] [35m[1mConsolidate compiler generated dependencies of target odom[0m
[2.164s] [100%] Built target odom
[2.210s] Invoked command in '/home/pi/microros_pi_ws/build/robot_odom' returned '0': CMAKE_PREFIX_PATH=${CMAKE_PREFIX_PATH}:/home/pi/microros_pi_ws/install/motor_control:/opt/ros/humble /usr/bin/cmake --build /home/pi/microros_pi_ws/build/robot_odom -- -j4 -l4
[2.218s] Invoking command in '/home/pi/microros_pi_ws/build/robot_odom': CMAKE_PREFIX_PATH=${CMAKE_PREFIX_PATH}:/home/pi/microros_pi_ws/install/motor_control:/opt/ros/humble /usr/bin/cmake --install /home/pi/microros_pi_ws/build/robot_odom
[2.258s] -- Install configuration: ""
[2.263s] -- Up-to-date: /home/pi/microros_pi_ws/install/robot_odom/lib/robot_odom/odom
[2.265s] -- Up-to-date: /home/pi/microros_pi_ws/install/robot_odom/share/ament_index/resource_index/package_run_dependencies/robot_odom
[2.267s] -- Up-to-date: /home/pi/microros_pi_ws/install/robot_odom/share/ament_index/resource_index/parent_prefix_path/robot_odom
[2.268s] -- Up-to-date: /home/pi/microros_pi_ws/install/robot_odom/share/robot_odom/environment/ament_prefix_path.sh
[2.270s] -- Up-to-date: /home/pi/microros_pi_ws/install/robot_odom/share/robot_odom/environment/ament_prefix_path.dsv
[2.271s] -- Up-to-date: /home/pi/microros_pi_ws/install/robot_odom/share/robot_odom/environment/path.sh
[2.272s] -- Up-to-date: /home/pi/microros_pi_ws/install/robot_odom/share/robot_odom/environment/path.dsv
[2.272s] -- Up-to-date: /home/pi/microros_pi_ws/install/robot_odom/share/robot_odom/local_setup.bash
[2.274s] -- Up-to-date: /home/pi/microros_pi_ws/install/robot_odom/share/robot_odom/local_setup.sh
[2.275s] -- Up-to-date: /home/pi/microros_pi_ws/install/robot_odom/share/robot_odom/local_setup.zsh
[2.276s] -- Up-to-date: /home/pi/microros_pi_ws/install/robot_odom/share/robot_odom/local_setup.dsv
[2.277s] -- Installing: /home/pi/microros_pi_ws/install/robot_odom/share/robot_odom/package.dsv
[2.278s] -- Up-to-date: /home/pi/microros_pi_ws/install/robot_odom/share/ament_index/resource_index/packages/robot_odom
[2.279s] -- Up-to-date: /home/pi/microros_pi_ws/install/robot_odom/share/robot_odom/cmake/robot_odomConfig.cmake
[2.280s] -- Up-to-date: /home/pi/microros_pi_ws/install/robot_odom/share/robot_odom/cmake/robot_odomConfig-version.cmake
[2.283s] -- Up-to-date: /home/pi/microros_pi_ws/install/robot_odom/share/robot_odom/package.xml
[2.286s] Invoked command in '/home/pi/microros_pi_ws/build/robot_odom' returned '0': CMAKE_PREFIX_PATH=${CMAKE_PREFIX_PATH}:/home/pi/microros_pi_ws/install/motor_control:/opt/ros/humble /usr/bin/cmake --install /home/pi/microros_pi_ws/build/robot_odom
