[5.987s] Invoking command in '/home/pi/microros_pi_ws/src/motor_control': PYTHONPATH=/home/pi/microros_pi_ws/build/motor_control/prefix_override:/usr/lib/python3/dist-packages/colcon_core/task/python/colcon_distutils_commands:/home/pi/microros_pi_ws/install/motor_control/lib/python3.10/site-packages:${PYTHONPATH} /usr/bin/python3 -W ignore:setup.py install is deprecated -W ignore:easy_install command is deprecated setup.py egg_info --egg-base ../../build/motor_control build --build-base /home/pi/microros_pi_ws/build/motor_control/build install --record /home/pi/microros_pi_ws/build/motor_control/install.log --single-version-externally-managed install_data
[7.828s] running egg_info
[7.832s] creating ../../build/motor_control/motor_control.egg-info
[7.834s] writing ../../build/motor_control/motor_control.egg-info/PKG-INFO
[7.836s] writing dependency_links to ../../build/motor_control/motor_control.egg-info/dependency_links.txt
[7.837s] writing entry points to ../../build/motor_control/motor_control.egg-info/entry_points.txt
[7.837s] writing requirements to ../../build/motor_control/motor_control.egg-info/requires.txt
[7.838s] writing top-level names to ../../build/motor_control/motor_control.egg-info/top_level.txt
[7.839s] writing manifest file '../../build/motor_control/motor_control.egg-info/SOURCES.txt'
[7.848s] reading manifest file '../../build/motor_control/motor_control.egg-info/SOURCES.txt'
[7.854s] writing manifest file '../../build/motor_control/motor_control.egg-info/SOURCES.txt'
[7.855s] running build
[7.855s] running build_py
[7.857s] creating /home/pi/microros_pi_ws/build/motor_control/build
[7.857s] creating /home/pi/microros_pi_ws/build/motor_control/build/lib
[7.858s] creating /home/pi/microros_pi_ws/build/motor_control/build/lib/motor_control
[7.859s] copying motor_control/__init__.py -> /home/pi/microros_pi_ws/build/motor_control/build/lib/motor_control
[7.859s] copying motor_control/motor.py -> /home/pi/microros_pi_ws/build/motor_control/build/lib/motor_control
[7.869s] running install
[7.871s] running install_lib
[7.873s] creating /home/pi/microros_pi_ws/install/motor_control/lib/python3.10/site-packages/motor_control
[7.877s] copying /home/pi/microros_pi_ws/build/motor_control/build/lib/motor_control/__init__.py -> /home/pi/microros_pi_ws/install/motor_control/lib/python3.10/site-packages/motor_control
[7.879s] copying /home/pi/microros_pi_ws/build/motor_control/build/lib/motor_control/motor.py -> /home/pi/microros_pi_ws/install/motor_control/lib/python3.10/site-packages/motor_control
[7.880s] byte-compiling /home/pi/microros_pi_ws/install/motor_control/lib/python3.10/site-packages/motor_control/__init__.py to __init__.cpython-310.pyc
[7.881s] byte-compiling /home/pi/microros_pi_ws/install/motor_control/lib/python3.10/site-packages/motor_control/motor.py to motor.cpython-310.pyc
[7.882s] running install_data
[7.889s] creating /home/pi/microros_pi_ws/install/motor_control/share/ament_index
[7.892s] creating /home/pi/microros_pi_ws/install/motor_control/share/ament_index/resource_index
[7.895s] creating /home/pi/microros_pi_ws/install/motor_control/share/ament_index/resource_index/packages
[7.896s] copying resource/motor_control -> /home/pi/microros_pi_ws/install/motor_control/share/ament_index/resource_index/packages
[7.897s] copying package.xml -> /home/pi/microros_pi_ws/install/motor_control/share/motor_control
[7.897s] running install_egg_info
[7.898s] Copying ../../build/motor_control/motor_control.egg-info to /home/pi/microros_pi_ws/install/motor_control/lib/python3.10/site-packages/motor_control-0.0.0-py3.10.egg-info
[7.905s] running install_scripts
[8.038s] Installing motor_control_node script to /home/pi/microros_pi_ws/install/motor_control/lib/motor_control
[8.044s] writing list of installed files to '/home/pi/microros_pi_ws/build/motor_control/install.log'
[8.271s] Invoked command in '/home/pi/microros_pi_ws/src/motor_control' returned '0': PYTHONPATH=/home/pi/microros_pi_ws/build/motor_control/prefix_override:/usr/lib/python3/dist-packages/colcon_core/task/python/colcon_distutils_commands:/home/pi/microros_pi_ws/install/motor_control/lib/python3.10/site-packages:${PYTHONPATH} /usr/bin/python3 -W ignore:setup.py install is deprecated -W ignore:easy_install command is deprecated setup.py egg_info --egg-base ../../build/motor_control build --build-base /home/pi/microros_pi_ws/build/motor_control/build install --record /home/pi/microros_pi_ws/build/motor_control/install.log --single-version-externally-managed install_data
