[6.655s] Invoking command in '/home/pi/ros2_pi_ws/src/opencv_tools': PYTHONPATH=/home/pi/ros2_pi_ws/build/opencv_tools/prefix_override:/usr/lib/python3/dist-packages/colcon_core/task/python/colcon_distutils_commands:/home/pi/ros2_pi_ws/install/opencv_tools/lib/python3.10/site-packages:${PYTHONPATH} /usr/bin/python3 -W ignore:setup.py install is deprecated -W ignore:easy_install command is deprecated setup.py egg_info --egg-base ../../build/opencv_tools build --build-base /home/pi/ros2_pi_ws/build/opencv_tools/build install --record /home/pi/ros2_pi_ws/build/opencv_tools/install.log --single-version-externally-managed install_data
[8.201s] running egg_info
[8.205s] writing ../../build/opencv_tools/opencv_tools.egg-info/PKG-INFO
[8.206s] writing dependency_links to ../../build/opencv_tools/opencv_tools.egg-info/dependency_links.txt
[8.207s] writing entry points to ../../build/opencv_tools/opencv_tools.egg-info/entry_points.txt
[8.208s] writing requirements to ../../build/opencv_tools/opencv_tools.egg-info/requires.txt
[8.209s] writing top-level names to ../../build/opencv_tools/opencv_tools.egg-info/top_level.txt
[8.219s] reading manifest file '../../build/opencv_tools/opencv_tools.egg-info/SOURCES.txt'
[8.223s] writing manifest file '../../build/opencv_tools/opencv_tools.egg-info/SOURCES.txt'
[8.224s] running build
[8.224s] running build_py
[8.226s] running install
[8.228s] running install_lib
[8.235s] running install_data
[8.236s] running install_egg_info
[8.251s] removing '/home/pi/ros2_pi_ws/install/opencv_tools/lib/python3.10/site-packages/opencv_tools-0.0.0-py3.10.egg-info' (and everything under it)
[8.256s] Copying ../../build/opencv_tools/opencv_tools.egg-info to /home/pi/ros2_pi_ws/install/opencv_tools/lib/python3.10/site-packages/opencv_tools-0.0.0-py3.10.egg-info
[8.276s] running install_scripts
[8.377s] Installing img_pub_node script to /home/pi/ros2_pi_ws/install/opencv_tools/lib/opencv_tools
[8.378s] Installing img_sub_node script to /home/pi/ros2_pi_ws/install/opencv_tools/lib/opencv_tools
[8.381s] writing list of installed files to '/home/pi/ros2_pi_ws/build/opencv_tools/install.log'
[8.580s] Invoked command in '/home/pi/ros2_pi_ws/src/opencv_tools' returned '0': PYTHONPATH=/home/pi/ros2_pi_ws/build/opencv_tools/prefix_override:/usr/lib/python3/dist-packages/colcon_core/task/python/colcon_distutils_commands:/home/pi/ros2_pi_ws/install/opencv_tools/lib/python3.10/site-packages:${PYTHONPATH} /usr/bin/python3 -W ignore:setup.py install is deprecated -W ignore:easy_install command is deprecated setup.py egg_info --egg-base ../../build/opencv_tools build --build-base /home/pi/ros2_pi_ws/build/opencv_tools/build install --record /home/pi/ros2_pi_ws/build/opencv_tools/install.log --single-version-externally-managed install_data
