[0.430s] DEBUG:colcon:Command line arguments: ['/usr/bin/colcon', 'build']
[0.431s] DEBUG:colcon:Parsed command line arguments: Namespace(log_base=None, log_level=None, verb_name='build', build_base='build', install_base='install', merge_install=False, symlink_install=False, test_result_base=None, continue_on_error=False, executor='parallel', parallel_workers=4, event_handlers=None, ignore_user_meta=False, metas=['./colcon.meta'], base_paths=['.'], packages_ignore=None, packages_ignore_regex=None, paths=None, packages_up_to=None, packages_up_to_regex=None, packages_above=None, packages_above_and_dependencies=None, packages_above_depth=None, packages_select_by_dep=None, packages_skip_by_dep=None, packages_skip_up_to=None, packages_select_build_failed=False, packages_skip_build_finished=False, packages_select_test_failures=False, packages_skip_test_passed=False, packages_select=None, packages_skip=None, packages_select_regex=None, packages_skip_regex=None, packages_start=None, packages_end=None, allow_overriding=[], cmake_args=None, cmake_target=None, cmake_target_skip_unavailable=False, cmake_clean_cache=False, cmake_clean_first=False, cmake_force_configure=False, ament_cmake_args=None, catkin_cmake_args=None, catkin_skip_building_tests=False, mixin_files=None, mixin=None, verb_parser=<colcon_mixin.mixin.mixin_argument.MixinArgumentDecorator object at 0xffffa6564730>, verb_extension=<colcon_core.verb.build.BuildVerb object at 0xffffa66856c0>, main=<bound method BuildVerb.main of <colcon_core.verb.build.BuildVerb object at 0xffffa66856c0>>, mixin_verb=('build',))
[1.067s] Level 1:colcon.colcon_core.package_discovery:discover_packages(colcon_meta) check parameters
[1.067s] Level 1:colcon.colcon_core.package_discovery:discover_packages(recursive) check parameters
[1.067s] Level 1:colcon.colcon_core.package_discovery:discover_packages(ignore) check parameters
[1.067s] Level 1:colcon.colcon_core.package_discovery:discover_packages(path) check parameters
[1.068s] Level 1:colcon.colcon_core.package_discovery:discover_packages(colcon_meta) discover
[1.068s] Level 1:colcon.colcon_core.package_discovery:discover_packages(recursive) discover
[1.068s] INFO:colcon.colcon_core.package_discovery:Crawling recursively for packages in '/home/pi/microros_pi_ws'
[1.068s] Level 1:colcon.colcon_core.package_identification:_identify(.) by extensions ['ignore', 'ignore_ament_install']
[1.069s] Level 1:colcon.colcon_core.package_identification:_identify(.) by extension 'ignore'
[1.069s] Level 1:colcon.colcon_core.package_identification:_identify(.) by extension 'ignore_ament_install'
[1.069s] Level 1:colcon.colcon_core.package_identification:_identify(.) by extensions ['colcon_pkg']
[1.069s] Level 1:colcon.colcon_core.package_identification:_identify(.) by extension 'colcon_pkg'
[1.069s] Level 1:colcon.colcon_core.package_identification:_identify(.) by extensions ['colcon_meta']
[1.069s] Level 1:colcon.colcon_core.package_identification:_identify(.) by extension 'colcon_meta'
[1.070s] Level 1:colcon.colcon_core.package_identification:_identify(.) by extensions ['ros']
[1.070s] Level 1:colcon.colcon_core.package_identification:_identify(.) by extension 'ros'
[1.117s] Level 1:colcon.colcon_core.package_identification:_identify(.) by extensions ['cmake', 'python']
[1.118s] Level 1:colcon.colcon_core.package_identification:_identify(.) by extension 'cmake'
[1.118s] Level 1:colcon.colcon_core.package_identification:_identify(.) by extension 'python'
[1.118s] Level 1:colcon.colcon_core.package_identification:_identify(.) by extensions ['python_setup_py']
[1.118s] Level 1:colcon.colcon_core.package_identification:_identify(.) by extension 'python_setup_py'
[1.119s] Level 1:colcon.colcon_core.package_identification:_identify(build) by extensions ['ignore', 'ignore_ament_install']
[1.119s] Level 1:colcon.colcon_core.package_identification:_identify(build) by extension 'ignore'
[1.119s] Level 1:colcon.colcon_core.package_identification:_identify(build) ignored
[1.120s] Level 1:colcon.colcon_core.package_identification:_identify(install) by extensions ['ignore', 'ignore_ament_install']
[1.120s] Level 1:colcon.colcon_core.package_identification:_identify(install) by extension 'ignore'
[1.120s] Level 1:colcon.colcon_core.package_identification:_identify(install) ignored
[1.121s] Level 1:colcon.colcon_core.package_identification:_identify(log) by extensions ['ignore', 'ignore_ament_install']
[1.121s] Level 1:colcon.colcon_core.package_identification:_identify(log) by extension 'ignore'
[1.121s] Level 1:colcon.colcon_core.package_identification:_identify(log) ignored
[1.122s] Level 1:colcon.colcon_core.package_identification:_identify(src) by extensions ['ignore', 'ignore_ament_install']
[1.122s] Level 1:colcon.colcon_core.package_identification:_identify(src) by extension 'ignore'
[1.122s] Level 1:colcon.colcon_core.package_identification:_identify(src) by extension 'ignore_ament_install'
[1.122s] Level 1:colcon.colcon_core.package_identification:_identify(src) by extensions ['colcon_pkg']
[1.122s] Level 1:colcon.colcon_core.package_identification:_identify(src) by extension 'colcon_pkg'
[1.123s] Level 1:colcon.colcon_core.package_identification:_identify(src) by extensions ['colcon_meta']
[1.123s] Level 1:colcon.colcon_core.package_identification:_identify(src) by extension 'colcon_meta'
[1.123s] Level 1:colcon.colcon_core.package_identification:_identify(src) by extensions ['ros']
[1.123s] Level 1:colcon.colcon_core.package_identification:_identify(src) by extension 'ros'
[1.123s] Level 1:colcon.colcon_core.package_identification:_identify(src) by extensions ['cmake', 'python']
[1.123s] Level 1:colcon.colcon_core.package_identification:_identify(src) by extension 'cmake'
[1.124s] Level 1:colcon.colcon_core.package_identification:_identify(src) by extension 'python'
[1.124s] Level 1:colcon.colcon_core.package_identification:_identify(src) by extensions ['python_setup_py']
[1.124s] Level 1:colcon.colcon_core.package_identification:_identify(src) by extension 'python_setup_py'
[1.124s] Level 1:colcon.colcon_core.package_identification:_identify(src/micro_ros_setup) by extensions ['ignore', 'ignore_ament_install']
[1.125s] Level 1:colcon.colcon_core.package_identification:_identify(src/micro_ros_setup) by extension 'ignore'
[1.125s] Level 1:colcon.colcon_core.package_identification:_identify(src/micro_ros_setup) by extension 'ignore_ament_install'
[1.125s] Level 1:colcon.colcon_core.package_identification:_identify(src/micro_ros_setup) by extensions ['colcon_pkg']
[1.125s] Level 1:colcon.colcon_core.package_identification:_identify(src/micro_ros_setup) by extension 'colcon_pkg'
[1.125s] Level 1:colcon.colcon_core.package_identification:_identify(src/micro_ros_setup) by extensions ['colcon_meta']
[1.126s] Level 1:colcon.colcon_core.package_identification:_identify(src/micro_ros_setup) by extension 'colcon_meta'
[1.126s] Level 1:colcon.colcon_core.package_identification:_identify(src/micro_ros_setup) by extensions ['ros']
[1.126s] Level 1:colcon.colcon_core.package_identification:_identify(src/micro_ros_setup) by extension 'ros'
[1.135s] DEBUG:colcon.colcon_core.package_identification:Package 'src/micro_ros_setup' with type 'ros.ament_cmake' and name 'micro_ros_setup'
[1.135s] Level 1:colcon.colcon_core.package_discovery:discover_packages(recursive) using defaults
[1.136s] Level 1:colcon.colcon_core.package_discovery:discover_packages(ignore) discover
[1.136s] Level 1:colcon.colcon_core.package_discovery:discover_packages(ignore) using defaults
[1.136s] Level 1:colcon.colcon_core.package_discovery:discover_packages(path) discover
[1.136s] Level 1:colcon.colcon_core.package_discovery:discover_packages(path) using defaults
[1.209s] Level 1:colcon.colcon_core.package_discovery:discover_packages(prefix_path) check parameters
[1.209s] Level 1:colcon.colcon_core.package_discovery:discover_packages(prefix_path) discover
[1.217s] DEBUG:colcon.colcon_installed_package_information.package_discovery:Found 1 installed packages in /home/pi/microros_pi_ws/install
[1.219s] DEBUG:colcon.colcon_installed_package_information.package_discovery:Found 0 installed packages in /home/pi/telenex_ws/install
[1.221s] DEBUG:colcon.colcon_installed_package_information.package_discovery:Found 1 installed packages in /home/pi/ros2_ws/install
[1.227s] DEBUG:colcon.colcon_installed_package_information.package_discovery:Found 181 installed packages in /opt/ros/humble
[1.231s] Level 1:colcon.colcon_core.package_discovery:discover_packages(prefix_path) using defaults
[1.375s] Level 5:colcon.colcon_core.verb:set package 'micro_ros_setup' build argument 'cmake_args' from command line to 'None'
[1.375s] Level 5:colcon.colcon_core.verb:set package 'micro_ros_setup' build argument 'cmake_target' from command line to 'None'
[1.375s] Level 5:colcon.colcon_core.verb:set package 'micro_ros_setup' build argument 'cmake_target_skip_unavailable' from command line to 'False'
[1.375s] Level 5:colcon.colcon_core.verb:set package 'micro_ros_setup' build argument 'cmake_clean_cache' from command line to 'False'
[1.376s] Level 5:colcon.colcon_core.verb:set package 'micro_ros_setup' build argument 'cmake_clean_first' from command line to 'False'
[1.376s] Level 5:colcon.colcon_core.verb:set package 'micro_ros_setup' build argument 'cmake_force_configure' from command line to 'False'
[1.376s] Level 5:colcon.colcon_core.verb:set package 'micro_ros_setup' build argument 'ament_cmake_args' from command line to 'None'
[1.376s] Level 5:colcon.colcon_core.verb:set package 'micro_ros_setup' build argument 'catkin_cmake_args' from command line to 'None'
[1.376s] Level 5:colcon.colcon_core.verb:set package 'micro_ros_setup' build argument 'catkin_skip_building_tests' from command line to 'False'
[1.376s] DEBUG:colcon.colcon_core.verb:Building package 'micro_ros_setup' with the following arguments: {'ament_cmake_args': None, 'build_base': '/home/pi/microros_pi_ws/build/micro_ros_setup', 'catkin_cmake_args': None, 'catkin_skip_building_tests': False, 'cmake_args': None, 'cmake_clean_cache': False, 'cmake_clean_first': False, 'cmake_force_configure': False, 'cmake_target': None, 'cmake_target_skip_unavailable': False, 'install_base': '/home/pi/microros_pi_ws/install/micro_ros_setup', 'merge_install': False, 'path': '/home/pi/microros_pi_ws/src/micro_ros_setup', 'symlink_install': False, 'test_result_base': None}
[1.377s] INFO:colcon.colcon_core.executor:Executing jobs using 'parallel' executor
[1.380s] DEBUG:colcon.colcon_parallel_executor.executor.parallel:run_until_complete
[1.381s] INFO:colcon.colcon_ros.task.ament_cmake.build:Building ROS package in '/home/pi/microros_pi_ws/src/micro_ros_setup' with build type 'ament_cmake'
[1.381s] INFO:colcon.colcon_cmake.task.cmake.build:Building CMake package in '/home/pi/microros_pi_ws/src/micro_ros_setup'
[1.389s] INFO:colcon.colcon_core.plugin_system:Skipping extension 'colcon_core.shell.bat': Not used on non-Windows systems
[1.390s] INFO:colcon.colcon_core.shell:Skip shell extension 'powershell' for command environment: Not usable outside of PowerShell
[1.390s] DEBUG:colcon.colcon_core.shell:Skip shell extension 'dsv' for command environment
[1.436s] DEBUG:colcon.colcon_core.event_handler.log_command:Invoking command in '/home/pi/microros_pi_ws/build/micro_ros_setup': CMAKE_PREFIX_PATH=${CMAKE_PREFIX_PATH}:/opt/ros/humble /usr/bin/cmake --build /home/pi/microros_pi_ws/build/micro_ros_setup -- -j4 -l4
[1.569s] DEBUG:colcon.colcon_core.event_handler.log_command:Invoked command in '/home/pi/microros_pi_ws/build/micro_ros_setup' returned '0': CMAKE_PREFIX_PATH=${CMAKE_PREFIX_PATH}:/opt/ros/humble /usr/bin/cmake --build /home/pi/microros_pi_ws/build/micro_ros_setup -- -j4 -l4
[1.609s] DEBUG:colcon.colcon_core.event_handler.log_command:Invoking command in '/home/pi/microros_pi_ws/build/micro_ros_setup': CMAKE_PREFIX_PATH=${CMAKE_PREFIX_PATH}:/opt/ros/humble /usr/bin/cmake --install /home/pi/microros_pi_ws/build/micro_ros_setup
[1.685s] Level 1:colcon.colcon_core.environment:create_environment_scripts_only(micro_ros_setup)
[1.712s] Level 1:colcon.colcon_core.environment:checking '/home/pi/microros_pi_ws/install/micro_ros_setup' for CMake module files
[1.721s] DEBUG:colcon.colcon_core.event_handler.log_command:Invoked command in '/home/pi/microros_pi_ws/build/micro_ros_setup' returned '0': CMAKE_PREFIX_PATH=${CMAKE_PREFIX_PATH}:/opt/ros/humble /usr/bin/cmake --install /home/pi/microros_pi_ws/build/micro_ros_setup
[1.722s] Level 1:colcon.colcon_core.environment:checking '/home/pi/microros_pi_ws/install/micro_ros_setup' for CMake config files
[1.729s] Level 1:colcon.colcon_core.shell:create_environment_hook('micro_ros_setup', 'cmake_prefix_path')
[1.730s] INFO:colcon.colcon_core.shell:Creating environment hook '/home/pi/microros_pi_ws/install/micro_ros_setup/share/micro_ros_setup/hook/cmake_prefix_path.ps1'
[1.733s] INFO:colcon.colcon_core.shell:Creating environment descriptor '/home/pi/microros_pi_ws/install/micro_ros_setup/share/micro_ros_setup/hook/cmake_prefix_path.dsv'
[1.735s] INFO:colcon.colcon_core.shell:Creating environment hook '/home/pi/microros_pi_ws/install/micro_ros_setup/share/micro_ros_setup/hook/cmake_prefix_path.sh'
[1.740s] Level 1:colcon.colcon_core.environment:checking '/home/pi/microros_pi_ws/install/micro_ros_setup/lib'
[1.741s] Level 1:colcon.colcon_core.environment:checking '/home/pi/microros_pi_ws/install/micro_ros_setup/bin'
[1.741s] Level 1:colcon.colcon_core.environment:checking '/home/pi/microros_pi_ws/install/micro_ros_setup/lib/pkgconfig/micro_ros_setup.pc'
[1.742s] Level 1:colcon.colcon_core.environment:checking '/home/pi/microros_pi_ws/install/micro_ros_setup/lib/python3.10/site-packages'
[1.743s] Level 1:colcon.colcon_core.environment:checking '/home/pi/microros_pi_ws/install/micro_ros_setup/bin'
[1.744s] INFO:colcon.colcon_core.shell:Creating package script '/home/pi/microros_pi_ws/install/micro_ros_setup/share/micro_ros_setup/package.ps1'
[1.747s] INFO:colcon.colcon_core.shell:Creating package descriptor '/home/pi/microros_pi_ws/install/micro_ros_setup/share/micro_ros_setup/package.dsv'
[1.750s] INFO:colcon.colcon_core.shell:Creating package script '/home/pi/microros_pi_ws/install/micro_ros_setup/share/micro_ros_setup/package.sh'
[1.753s] INFO:colcon.colcon_core.shell:Creating package script '/home/pi/microros_pi_ws/install/micro_ros_setup/share/micro_ros_setup/package.bash'
[1.756s] INFO:colcon.colcon_core.shell:Creating package script '/home/pi/microros_pi_ws/install/micro_ros_setup/share/micro_ros_setup/package.zsh'
[1.759s] Level 1:colcon.colcon_core.environment:create_file_with_runtime_dependencies(/home/pi/microros_pi_ws/install/micro_ros_setup/share/colcon-core/packages/micro_ros_setup)
[1.762s] Level 1:colcon.colcon_core.environment:create_environment_scripts_only(micro_ros_setup)
[1.763s] Level 1:colcon.colcon_core.environment:checking '/home/pi/microros_pi_ws/install/micro_ros_setup' for CMake module files
[1.766s] Level 1:colcon.colcon_core.environment:checking '/home/pi/microros_pi_ws/install/micro_ros_setup' for CMake config files
[1.772s] Level 1:colcon.colcon_core.shell:create_environment_hook('micro_ros_setup', 'cmake_prefix_path')
[1.773s] INFO:colcon.colcon_core.shell:Creating environment hook '/home/pi/microros_pi_ws/install/micro_ros_setup/share/micro_ros_setup/hook/cmake_prefix_path.ps1'
[1.775s] INFO:colcon.colcon_core.shell:Creating environment descriptor '/home/pi/microros_pi_ws/install/micro_ros_setup/share/micro_ros_setup/hook/cmake_prefix_path.dsv'
[1.776s] INFO:colcon.colcon_core.shell:Creating environment hook '/home/pi/microros_pi_ws/install/micro_ros_setup/share/micro_ros_setup/hook/cmake_prefix_path.sh'
[1.779s] Level 1:colcon.colcon_core.environment:checking '/home/pi/microros_pi_ws/install/micro_ros_setup/lib'
[1.780s] Level 1:colcon.colcon_core.environment:checking '/home/pi/microros_pi_ws/install/micro_ros_setup/bin'
[1.780s] Level 1:colcon.colcon_core.environment:checking '/home/pi/microros_pi_ws/install/micro_ros_setup/lib/pkgconfig/micro_ros_setup.pc'
[1.781s] Level 1:colcon.colcon_core.environment:checking '/home/pi/microros_pi_ws/install/micro_ros_setup/lib/python3.10/site-packages'
[1.782s] Level 1:colcon.colcon_core.environment:checking '/home/pi/microros_pi_ws/install/micro_ros_setup/bin'
[1.783s] INFO:colcon.colcon_core.shell:Creating package script '/home/pi/microros_pi_ws/install/micro_ros_setup/share/micro_ros_setup/package.ps1'
[1.785s] INFO:colcon.colcon_core.shell:Creating package descriptor '/home/pi/microros_pi_ws/install/micro_ros_setup/share/micro_ros_setup/package.dsv'
[1.788s] INFO:colcon.colcon_core.shell:Creating package script '/home/pi/microros_pi_ws/install/micro_ros_setup/share/micro_ros_setup/package.sh'
[1.790s] INFO:colcon.colcon_core.shell:Creating package script '/home/pi/microros_pi_ws/install/micro_ros_setup/share/micro_ros_setup/package.bash'
[1.792s] INFO:colcon.colcon_core.shell:Creating package script '/home/pi/microros_pi_ws/install/micro_ros_setup/share/micro_ros_setup/package.zsh'
[1.795s] Level 1:colcon.colcon_core.environment:create_file_with_runtime_dependencies(/home/pi/microros_pi_ws/install/micro_ros_setup/share/colcon-core/packages/micro_ros_setup)
[1.796s] DEBUG:colcon.colcon_parallel_executor.executor.parallel:closing loop
[1.797s] DEBUG:colcon.colcon_parallel_executor.executor.parallel:loop closed
[1.797s] DEBUG:colcon.colcon_parallel_executor.executor.parallel:run_until_complete finished with '0'
[1.798s] DEBUG:colcon.colcon_core.event_reactor:joining thread
[1.817s] INFO:colcon.colcon_core.plugin_system:Skipping extension 'colcon_notification.desktop_notification.notify_send': Could not find 'notify-send'
[1.818s] INFO:colcon.colcon_core.plugin_system:Skipping extension 'colcon_notification.desktop_notification.terminal_notifier': Not used on non-Darwin systems
[1.818s] INFO:colcon.colcon_core.plugin_system:Skipping extension 'colcon_notification.desktop_notification.win32': Not used on non-Windows systems
[1.818s] INFO:colcon.colcon_notification.desktop_notification:Sending desktop notification using 'notify2'
[1.821s] DEBUG:colcon.colcon_notification.desktop_notification.notify2:Failed to initialize notify2: org.freedesktop.DBus.Error.ServiceUnknown: The name org.freedesktop.Notifications was not provided by any .service files
[1.821s] DEBUG:colcon.colcon_core.event_reactor:joined thread
[1.822s] INFO:colcon.colcon_core.shell:Creating prefix script '/home/pi/microros_pi_ws/install/local_setup.ps1'
[1.826s] INFO:colcon.colcon_core.shell:Creating prefix util module '/home/pi/microros_pi_ws/install/_local_setup_util_ps1.py'
[1.833s] INFO:colcon.colcon_core.shell:Creating prefix chain script '/home/pi/microros_pi_ws/install/setup.ps1'
[1.839s] INFO:colcon.colcon_core.shell:Creating prefix script '/home/pi/microros_pi_ws/install/local_setup.sh'
[1.842s] INFO:colcon.colcon_core.shell:Creating prefix util module '/home/pi/microros_pi_ws/install/_local_setup_util_sh.py'
[1.845s] INFO:colcon.colcon_core.shell:Creating prefix chain script '/home/pi/microros_pi_ws/install/setup.sh'
[1.850s] INFO:colcon.colcon_core.shell:Creating prefix script '/home/pi/microros_pi_ws/install/local_setup.bash'
[1.852s] INFO:colcon.colcon_core.shell:Creating prefix chain script '/home/pi/microros_pi_ws/install/setup.bash'
[1.857s] INFO:colcon.colcon_core.shell:Creating prefix script '/home/pi/microros_pi_ws/install/local_setup.zsh'
[1.859s] INFO:colcon.colcon_core.shell:Creating prefix chain script '/home/pi/microros_pi_ws/install/setup.zsh'
