[1.023s] DEBUG:colcon:Command line arguments: ['/usr/bin/colcon', 'build']
[1.023s] DEBUG:colcon:Parsed command line arguments: Namespace(log_base=None, log_level=None, verb_name='build', build_base='build', install_base='install', merge_install=False, symlink_install=False, test_result_base=None, continue_on_error=False, executor='parallel', parallel_workers=4, event_handlers=None, ignore_user_meta=False, metas=['./colcon.meta'], base_paths=['.'], packages_ignore=None, packages_ignore_regex=None, paths=None, packages_up_to=None, packages_up_to_regex=None, packages_above=None, packages_above_and_dependencies=None, packages_above_depth=None, packages_select_by_dep=None, packages_skip_by_dep=None, packages_skip_up_to=None, packages_select_build_failed=False, packages_skip_build_finished=False, packages_select_test_failures=False, packages_skip_test_passed=False, packages_select=None, packages_skip=None, packages_select_regex=None, packages_skip_regex=None, packages_start=None, packages_end=None, allow_overriding=[], cmake_args=None, cmake_target=None, cmake_target_skip_unavailable=False, cmake_clean_cache=False, cmake_clean_first=False, cmake_force_configure=False, ament_cmake_args=None, catkin_cmake_args=None, catkin_skip_building_tests=False, mixin_files=None, mixin=None, verb_parser=<colcon_mixin.mixin.mixin_argument.MixinArgumentDecorator object at 0xffffbbe80a30>, verb_extension=<colcon_core.verb.build.BuildVerb object at 0xffffbbfa99c0>, main=<bound method BuildVerb.main of <colcon_core.verb.build.BuildVerb object at 0xffffbbfa99c0>>, mixin_verb=('build',))
[2.061s] Level 1:colcon.colcon_core.package_discovery:discover_packages(colcon_meta) check parameters
[2.061s] Level 1:colcon.colcon_core.package_discovery:discover_packages(recursive) check parameters
[2.061s] Level 1:colcon.colcon_core.package_discovery:discover_packages(ignore) check parameters
[2.062s] Level 1:colcon.colcon_core.package_discovery:discover_packages(path) check parameters
[2.062s] Level 1:colcon.colcon_core.package_discovery:discover_packages(colcon_meta) discover
[2.062s] Level 1:colcon.colcon_core.package_discovery:discover_packages(recursive) discover
[2.062s] INFO:colcon.colcon_core.package_discovery:Crawling recursively for packages in '/home/pi/microros_pi_ws'
[2.063s] Level 1:colcon.colcon_core.package_identification:_identify(.) by extensions ['ignore', 'ignore_ament_install']
[2.063s] Level 1:colcon.colcon_core.package_identification:_identify(.) by extension 'ignore'
[2.064s] Level 1:colcon.colcon_core.package_identification:_identify(.) by extension 'ignore_ament_install'
[2.064s] Level 1:colcon.colcon_core.package_identification:_identify(.) by extensions ['colcon_pkg']
[2.064s] Level 1:colcon.colcon_core.package_identification:_identify(.) by extension 'colcon_pkg'
[2.065s] Level 1:colcon.colcon_core.package_identification:_identify(.) by extensions ['colcon_meta']
[2.065s] Level 1:colcon.colcon_core.package_identification:_identify(.) by extension 'colcon_meta'
[2.065s] Level 1:colcon.colcon_core.package_identification:_identify(.) by extensions ['ros']
[2.065s] Level 1:colcon.colcon_core.package_identification:_identify(.) by extension 'ros'
[2.150s] Level 1:colcon.colcon_core.package_identification:_identify(.) by extensions ['cmake', 'python']
[2.150s] Level 1:colcon.colcon_core.package_identification:_identify(.) by extension 'cmake'
[2.150s] Level 1:colcon.colcon_core.package_identification:_identify(.) by extension 'python'
[2.151s] Level 1:colcon.colcon_core.package_identification:_identify(.) by extensions ['python_setup_py']
[2.151s] Level 1:colcon.colcon_core.package_identification:_identify(.) by extension 'python_setup_py'
[2.151s] Level 1:colcon.colcon_core.package_identification:_identify(build) by extensions ['ignore', 'ignore_ament_install']
[2.152s] Level 1:colcon.colcon_core.package_identification:_identify(build) by extension 'ignore'
[2.152s] Level 1:colcon.colcon_core.package_identification:_identify(build) ignored
[2.153s] Level 1:colcon.colcon_core.package_identification:_identify(install) by extensions ['ignore', 'ignore_ament_install']
[2.153s] Level 1:colcon.colcon_core.package_identification:_identify(install) by extension 'ignore'
[2.153s] Level 1:colcon.colcon_core.package_identification:_identify(install) ignored
[2.154s] Level 1:colcon.colcon_core.package_identification:_identify(log) by extensions ['ignore', 'ignore_ament_install']
[2.154s] Level 1:colcon.colcon_core.package_identification:_identify(log) by extension 'ignore'
[2.154s] Level 1:colcon.colcon_core.package_identification:_identify(log) ignored
[2.155s] Level 1:colcon.colcon_core.package_identification:_identify(src) by extensions ['ignore', 'ignore_ament_install']
[2.156s] Level 1:colcon.colcon_core.package_identification:_identify(src) by extension 'ignore'
[2.156s] Level 1:colcon.colcon_core.package_identification:_identify(src) by extension 'ignore_ament_install'
[2.156s] Level 1:colcon.colcon_core.package_identification:_identify(src) by extensions ['colcon_pkg']
[2.156s] Level 1:colcon.colcon_core.package_identification:_identify(src) by extension 'colcon_pkg'
[2.156s] Level 1:colcon.colcon_core.package_identification:_identify(src) by extensions ['colcon_meta']
[2.157s] Level 1:colcon.colcon_core.package_identification:_identify(src) by extension 'colcon_meta'
[2.157s] Level 1:colcon.colcon_core.package_identification:_identify(src) by extensions ['ros']
[2.157s] Level 1:colcon.colcon_core.package_identification:_identify(src) by extension 'ros'
[2.157s] Level 1:colcon.colcon_core.package_identification:_identify(src) by extensions ['cmake', 'python']
[2.157s] Level 1:colcon.colcon_core.package_identification:_identify(src) by extension 'cmake'
[2.157s] Level 1:colcon.colcon_core.package_identification:_identify(src) by extension 'python'
[2.158s] Level 1:colcon.colcon_core.package_identification:_identify(src) by extensions ['python_setup_py']
[2.158s] Level 1:colcon.colcon_core.package_identification:_identify(src) by extension 'python_setup_py'
[2.159s] Level 1:colcon.colcon_core.package_identification:_identify(src/diffdrive_description) by extensions ['ignore', 'ignore_ament_install']
[2.159s] Level 1:colcon.colcon_core.package_identification:_identify(src/diffdrive_description) by extension 'ignore'
[2.160s] Level 1:colcon.colcon_core.package_identification:_identify(src/diffdrive_description) by extension 'ignore_ament_install'
[2.160s] Level 1:colcon.colcon_core.package_identification:_identify(src/diffdrive_description) by extensions ['colcon_pkg']
[2.160s] Level 1:colcon.colcon_core.package_identification:_identify(src/diffdrive_description) by extension 'colcon_pkg'
[2.160s] Level 1:colcon.colcon_core.package_identification:_identify(src/diffdrive_description) by extensions ['colcon_meta']
[2.160s] Level 1:colcon.colcon_core.package_identification:_identify(src/diffdrive_description) by extension 'colcon_meta'
[2.160s] Level 1:colcon.colcon_core.package_identification:_identify(src/diffdrive_description) by extensions ['ros']
[2.161s] Level 1:colcon.colcon_core.package_identification:_identify(src/diffdrive_description) by extension 'ros'
[2.173s] DEBUG:colcon.colcon_core.package_identification:Package 'src/diffdrive_description' with type 'ros.ament_cmake' and name 'diffdrive_description'
[2.174s] Level 1:colcon.colcon_core.package_identification:_identify(src/micro_ros_setup) by extensions ['ignore', 'ignore_ament_install']
[2.175s] Level 1:colcon.colcon_core.package_identification:_identify(src/micro_ros_setup) by extension 'ignore'
[2.175s] Level 1:colcon.colcon_core.package_identification:_identify(src/micro_ros_setup) by extension 'ignore_ament_install'
[2.175s] Level 1:colcon.colcon_core.package_identification:_identify(src/micro_ros_setup) by extensions ['colcon_pkg']
[2.176s] Level 1:colcon.colcon_core.package_identification:_identify(src/micro_ros_setup) by extension 'colcon_pkg'
[2.176s] Level 1:colcon.colcon_core.package_identification:_identify(src/micro_ros_setup) by extensions ['colcon_meta']
[2.176s] Level 1:colcon.colcon_core.package_identification:_identify(src/micro_ros_setup) by extension 'colcon_meta'
[2.176s] Level 1:colcon.colcon_core.package_identification:_identify(src/micro_ros_setup) by extensions ['ros']
[2.176s] Level 1:colcon.colcon_core.package_identification:_identify(src/micro_ros_setup) by extension 'ros'
[2.185s] DEBUG:colcon.colcon_core.package_identification:Package 'src/micro_ros_setup' with type 'ros.ament_cmake' and name 'micro_ros_setup'
[2.187s] Level 1:colcon.colcon_core.package_identification:_identify(src/motor_control) by extensions ['ignore', 'ignore_ament_install']
[2.187s] Level 1:colcon.colcon_core.package_identification:_identify(src/motor_control) by extension 'ignore'
[2.188s] Level 1:colcon.colcon_core.package_identification:_identify(src/motor_control) by extension 'ignore_ament_install'
[2.188s] Level 1:colcon.colcon_core.package_identification:_identify(src/motor_control) by extensions ['colcon_pkg']
[2.188s] Level 1:colcon.colcon_core.package_identification:_identify(src/motor_control) by extension 'colcon_pkg'
[2.189s] Level 1:colcon.colcon_core.package_identification:_identify(src/motor_control) by extensions ['colcon_meta']
[2.189s] Level 1:colcon.colcon_core.package_identification:_identify(src/motor_control) by extension 'colcon_meta'
[2.189s] Level 1:colcon.colcon_core.package_identification:_identify(src/motor_control) by extensions ['ros']
[2.189s] Level 1:colcon.colcon_core.package_identification:_identify(src/motor_control) by extension 'ros'
[2.194s] DEBUG:colcon.colcon_core.package_identification:Package 'src/motor_control' with type 'ros.ament_python' and name 'motor_control'
[2.196s] Level 1:colcon.colcon_core.package_identification:_identify(src/robot_localization) by extensions ['ignore', 'ignore_ament_install']
[2.196s] Level 1:colcon.colcon_core.package_identification:_identify(src/robot_localization) by extension 'ignore'
[2.197s] Level 1:colcon.colcon_core.package_identification:_identify(src/robot_localization) by extension 'ignore_ament_install'
[2.197s] Level 1:colcon.colcon_core.package_identification:_identify(src/robot_localization) by extensions ['colcon_pkg']
[2.197s] Level 1:colcon.colcon_core.package_identification:_identify(src/robot_localization) by extension 'colcon_pkg'
[2.197s] Level 1:colcon.colcon_core.package_identification:_identify(src/robot_localization) by extensions ['colcon_meta']
[2.198s] Level 1:colcon.colcon_core.package_identification:_identify(src/robot_localization) by extension 'colcon_meta'
[2.198s] Level 1:colcon.colcon_core.package_identification:_identify(src/robot_localization) by extensions ['ros']
[2.198s] Level 1:colcon.colcon_core.package_identification:_identify(src/robot_localization) by extension 'ros'
[2.207s] DEBUG:colcon.colcon_core.package_identification:Package 'src/robot_localization' with type 'ros.ament_cmake' and name 'robot_localization'
[2.209s] Level 1:colcon.colcon_core.package_identification:_identify(src/robot_odom) by extensions ['ignore', 'ignore_ament_install']
[2.209s] Level 1:colcon.colcon_core.package_identification:_identify(src/robot_odom) by extension 'ignore'
[2.209s] Level 1:colcon.colcon_core.package_identification:_identify(src/robot_odom) by extension 'ignore_ament_install'
[2.210s] Level 1:colcon.colcon_core.package_identification:_identify(src/robot_odom) by extensions ['colcon_pkg']
[2.210s] Level 1:colcon.colcon_core.package_identification:_identify(src/robot_odom) by extension 'colcon_pkg'
[2.210s] Level 1:colcon.colcon_core.package_identification:_identify(src/robot_odom) by extensions ['colcon_meta']
[2.210s] Level 1:colcon.colcon_core.package_identification:_identify(src/robot_odom) by extension 'colcon_meta'
[2.210s] Level 1:colcon.colcon_core.package_identification:_identify(src/robot_odom) by extensions ['ros']
[2.210s] Level 1:colcon.colcon_core.package_identification:_identify(src/robot_odom) by extension 'ros'
[2.215s] DEBUG:colcon.colcon_core.package_identification:Package 'src/robot_odom' with type 'ros.ament_cmake' and name 'robot_odom'
[2.216s] Level 1:colcon.colcon_core.package_identification:_identify(src/uros) by extensions ['ignore', 'ignore_ament_install']
[2.217s] Level 1:colcon.colcon_core.package_identification:_identify(src/uros) by extension 'ignore'
[2.217s] Level 1:colcon.colcon_core.package_identification:_identify(src/uros) by extension 'ignore_ament_install'
[2.217s] Level 1:colcon.colcon_core.package_identification:_identify(src/uros) by extensions ['colcon_pkg']
[2.217s] Level 1:colcon.colcon_core.package_identification:_identify(src/uros) by extension 'colcon_pkg'
[2.218s] Level 1:colcon.colcon_core.package_identification:_identify(src/uros) by extensions ['colcon_meta']
[2.218s] Level 1:colcon.colcon_core.package_identification:_identify(src/uros) by extension 'colcon_meta'
[2.218s] Level 1:colcon.colcon_core.package_identification:_identify(src/uros) by extensions ['ros']
[2.218s] Level 1:colcon.colcon_core.package_identification:_identify(src/uros) by extension 'ros'
[2.218s] Level 1:colcon.colcon_core.package_identification:_identify(src/uros) by extensions ['cmake', 'python']
[2.219s] Level 1:colcon.colcon_core.package_identification:_identify(src/uros) by extension 'cmake'
[2.219s] Level 1:colcon.colcon_core.package_identification:_identify(src/uros) by extension 'python'
[2.219s] Level 1:colcon.colcon_core.package_identification:_identify(src/uros) by extensions ['python_setup_py']
[2.219s] Level 1:colcon.colcon_core.package_identification:_identify(src/uros) by extension 'python_setup_py'
[2.220s] Level 1:colcon.colcon_core.package_identification:_identify(src/uros/micro-ROS-Agent) by extensions ['ignore', 'ignore_ament_install']
[2.221s] Level 1:colcon.colcon_core.package_identification:_identify(src/uros/micro-ROS-Agent) by extension 'ignore'
[2.221s] Level 1:colcon.colcon_core.package_identification:_identify(src/uros/micro-ROS-Agent) by extension 'ignore_ament_install'
[2.221s] Level 1:colcon.colcon_core.package_identification:_identify(src/uros/micro-ROS-Agent) by extensions ['colcon_pkg']
[2.221s] Level 1:colcon.colcon_core.package_identification:_identify(src/uros/micro-ROS-Agent) by extension 'colcon_pkg'
[2.221s] Level 1:colcon.colcon_core.package_identification:_identify(src/uros/micro-ROS-Agent) by extensions ['colcon_meta']
[2.222s] Level 1:colcon.colcon_core.package_identification:_identify(src/uros/micro-ROS-Agent) by extension 'colcon_meta'
[2.222s] Level 1:colcon.colcon_core.package_identification:_identify(src/uros/micro-ROS-Agent) by extensions ['ros']
[2.222s] Level 1:colcon.colcon_core.package_identification:_identify(src/uros/micro-ROS-Agent) by extension 'ros'
[2.222s] Level 1:colcon.colcon_core.package_identification:_identify(src/uros/micro-ROS-Agent) by extensions ['cmake', 'python']
[2.223s] Level 1:colcon.colcon_core.package_identification:_identify(src/uros/micro-ROS-Agent) by extension 'cmake'
[2.223s] Level 1:colcon.colcon_core.package_identification:_identify(src/uros/micro-ROS-Agent) by extension 'python'
[2.223s] Level 1:colcon.colcon_core.package_identification:_identify(src/uros/micro-ROS-Agent) by extensions ['python_setup_py']
[2.223s] Level 1:colcon.colcon_core.package_identification:_identify(src/uros/micro-ROS-Agent) by extension 'python_setup_py'
[2.224s] Level 1:colcon.colcon_core.package_identification:_identify(src/uros/micro-ROS-Agent/micro_ros_agent) by extensions ['ignore', 'ignore_ament_install']
[2.225s] Level 1:colcon.colcon_core.package_identification:_identify(src/uros/micro-ROS-Agent/micro_ros_agent) by extension 'ignore'
[2.225s] Level 1:colcon.colcon_core.package_identification:_identify(src/uros/micro-ROS-Agent/micro_ros_agent) by extension 'ignore_ament_install'
[2.225s] Level 1:colcon.colcon_core.package_identification:_identify(src/uros/micro-ROS-Agent/micro_ros_agent) by extensions ['colcon_pkg']
[2.225s] Level 1:colcon.colcon_core.package_identification:_identify(src/uros/micro-ROS-Agent/micro_ros_agent) by extension 'colcon_pkg'
[2.226s] Level 1:colcon.colcon_core.package_identification:_identify(src/uros/micro-ROS-Agent/micro_ros_agent) by extensions ['colcon_meta']
[2.226s] Level 1:colcon.colcon_core.package_identification:_identify(src/uros/micro-ROS-Agent/micro_ros_agent) by extension 'colcon_meta'
[2.226s] Level 1:colcon.colcon_core.package_identification:_identify(src/uros/micro-ROS-Agent/micro_ros_agent) by extensions ['ros']
[2.226s] Level 1:colcon.colcon_core.package_identification:_identify(src/uros/micro-ROS-Agent/micro_ros_agent) by extension 'ros'
[2.231s] DEBUG:colcon.colcon_core.package_identification:Package 'src/uros/micro-ROS-Agent/micro_ros_agent' with type 'ros.ament_cmake' and name 'micro_ros_agent'
[2.233s] Level 1:colcon.colcon_core.package_identification:_identify(src/uros/micro-ROS-Agent/snap) by extensions ['ignore', 'ignore_ament_install']
[2.233s] Level 1:colcon.colcon_core.package_identification:_identify(src/uros/micro-ROS-Agent/snap) by extension 'ignore'
[2.233s] Level 1:colcon.colcon_core.package_identification:_identify(src/uros/micro-ROS-Agent/snap) by extension 'ignore_ament_install'
[2.234s] Level 1:colcon.colcon_core.package_identification:_identify(src/uros/micro-ROS-Agent/snap) by extensions ['colcon_pkg']
[2.234s] Level 1:colcon.colcon_core.package_identification:_identify(src/uros/micro-ROS-Agent/snap) by extension 'colcon_pkg'
[2.234s] Level 1:colcon.colcon_core.package_identification:_identify(src/uros/micro-ROS-Agent/snap) by extensions ['colcon_meta']
[2.234s] Level 1:colcon.colcon_core.package_identification:_identify(src/uros/micro-ROS-Agent/snap) by extension 'colcon_meta'
[2.234s] Level 1:colcon.colcon_core.package_identification:_identify(src/uros/micro-ROS-Agent/snap) by extensions ['ros']
[2.235s] Level 1:colcon.colcon_core.package_identification:_identify(src/uros/micro-ROS-Agent/snap) by extension 'ros'
[2.235s] Level 1:colcon.colcon_core.package_identification:_identify(src/uros/micro-ROS-Agent/snap) by extensions ['cmake', 'python']
[2.235s] Level 1:colcon.colcon_core.package_identification:_identify(src/uros/micro-ROS-Agent/snap) by extension 'cmake'
[2.235s] Level 1:colcon.colcon_core.package_identification:_identify(src/uros/micro-ROS-Agent/snap) by extension 'python'
[2.235s] Level 1:colcon.colcon_core.package_identification:_identify(src/uros/micro-ROS-Agent/snap) by extensions ['python_setup_py']
[2.236s] Level 1:colcon.colcon_core.package_identification:_identify(src/uros/micro-ROS-Agent/snap) by extension 'python_setup_py'
[2.237s] Level 1:colcon.colcon_core.package_identification:_identify(src/uros/micro-ROS-Agent/snap/hooks) by extensions ['ignore', 'ignore_ament_install']
[2.237s] Level 1:colcon.colcon_core.package_identification:_identify(src/uros/micro-ROS-Agent/snap/hooks) by extension 'ignore'
[2.237s] Level 1:colcon.colcon_core.package_identification:_identify(src/uros/micro-ROS-Agent/snap/hooks) by extension 'ignore_ament_install'
[2.238s] Level 1:colcon.colcon_core.package_identification:_identify(src/uros/micro-ROS-Agent/snap/hooks) by extensions ['colcon_pkg']
[2.238s] Level 1:colcon.colcon_core.package_identification:_identify(src/uros/micro-ROS-Agent/snap/hooks) by extension 'colcon_pkg'
[2.238s] Level 1:colcon.colcon_core.package_identification:_identify(src/uros/micro-ROS-Agent/snap/hooks) by extensions ['colcon_meta']
[2.238s] Level 1:colcon.colcon_core.package_identification:_identify(src/uros/micro-ROS-Agent/snap/hooks) by extension 'colcon_meta'
[2.238s] Level 1:colcon.colcon_core.package_identification:_identify(src/uros/micro-ROS-Agent/snap/hooks) by extensions ['ros']
[2.238s] Level 1:colcon.colcon_core.package_identification:_identify(src/uros/micro-ROS-Agent/snap/hooks) by extension 'ros'
[2.239s] Level 1:colcon.colcon_core.package_identification:_identify(src/uros/micro-ROS-Agent/snap/hooks) by extensions ['cmake', 'python']
[2.239s] Level 1:colcon.colcon_core.package_identification:_identify(src/uros/micro-ROS-Agent/snap/hooks) by extension 'cmake'
[2.239s] Level 1:colcon.colcon_core.package_identification:_identify(src/uros/micro-ROS-Agent/snap/hooks) by extension 'python'
[2.239s] Level 1:colcon.colcon_core.package_identification:_identify(src/uros/micro-ROS-Agent/snap/hooks) by extensions ['python_setup_py']
[2.239s] Level 1:colcon.colcon_core.package_identification:_identify(src/uros/micro-ROS-Agent/snap/hooks) by extension 'python_setup_py'
[2.241s] Level 1:colcon.colcon_core.package_identification:_identify(src/uros/micro-ROS-Agent/snap/local) by extensions ['ignore', 'ignore_ament_install']
[2.241s] Level 1:colcon.colcon_core.package_identification:_identify(src/uros/micro-ROS-Agent/snap/local) by extension 'ignore'
[2.241s] Level 1:colcon.colcon_core.package_identification:_identify(src/uros/micro-ROS-Agent/snap/local) by extension 'ignore_ament_install'
[2.241s] Level 1:colcon.colcon_core.package_identification:_identify(src/uros/micro-ROS-Agent/snap/local) by extensions ['colcon_pkg']
[2.242s] Level 1:colcon.colcon_core.package_identification:_identify(src/uros/micro-ROS-Agent/snap/local) by extension 'colcon_pkg'
[2.242s] Level 1:colcon.colcon_core.package_identification:_identify(src/uros/micro-ROS-Agent/snap/local) by extensions ['colcon_meta']
[2.242s] Level 1:colcon.colcon_core.package_identification:_identify(src/uros/micro-ROS-Agent/snap/local) by extension 'colcon_meta'
[2.242s] Level 1:colcon.colcon_core.package_identification:_identify(src/uros/micro-ROS-Agent/snap/local) by extensions ['ros']
[2.242s] Level 1:colcon.colcon_core.package_identification:_identify(src/uros/micro-ROS-Agent/snap/local) by extension 'ros'
[2.243s] Level 1:colcon.colcon_core.package_identification:_identify(src/uros/micro-ROS-Agent/snap/local) by extensions ['cmake', 'python']
[2.243s] Level 1:colcon.colcon_core.package_identification:_identify(src/uros/micro-ROS-Agent/snap/local) by extension 'cmake'
[2.243s] Level 1:colcon.colcon_core.package_identification:_identify(src/uros/micro-ROS-Agent/snap/local) by extension 'python'
[2.243s] Level 1:colcon.colcon_core.package_identification:_identify(src/uros/micro-ROS-Agent/snap/local) by extensions ['python_setup_py']
[2.243s] Level 1:colcon.colcon_core.package_identification:_identify(src/uros/micro-ROS-Agent/snap/local) by extension 'python_setup_py'
[2.244s] Level 1:colcon.colcon_core.package_identification:_identify(src/uros/micro_ros_msgs) by extensions ['ignore', 'ignore_ament_install']
[2.245s] Level 1:colcon.colcon_core.package_identification:_identify(src/uros/micro_ros_msgs) by extension 'ignore'
[2.245s] Level 1:colcon.colcon_core.package_identification:_identify(src/uros/micro_ros_msgs) by extension 'ignore_ament_install'
[2.245s] Level 1:colcon.colcon_core.package_identification:_identify(src/uros/micro_ros_msgs) by extensions ['colcon_pkg']
[2.245s] Level 1:colcon.colcon_core.package_identification:_identify(src/uros/micro_ros_msgs) by extension 'colcon_pkg'
[2.246s] Level 1:colcon.colcon_core.package_identification:_identify(src/uros/micro_ros_msgs) by extensions ['colcon_meta']
[2.246s] Level 1:colcon.colcon_core.package_identification:_identify(src/uros/micro_ros_msgs) by extension 'colcon_meta'
[2.246s] Level 1:colcon.colcon_core.package_identification:_identify(src/uros/micro_ros_msgs) by extensions ['ros']
[2.246s] Level 1:colcon.colcon_core.package_identification:_identify(src/uros/micro_ros_msgs) by extension 'ros'
[2.249s] DEBUG:colcon.colcon_core.package_identification:Package 'src/uros/micro_ros_msgs' with type 'ros.ament_cmake' and name 'micro_ros_msgs'
[2.249s] Level 1:colcon.colcon_core.package_discovery:discover_packages(recursive) using defaults
[2.249s] Level 1:colcon.colcon_core.package_discovery:discover_packages(ignore) discover
[2.250s] Level 1:colcon.colcon_core.package_discovery:discover_packages(ignore) using defaults
[2.250s] Level 1:colcon.colcon_core.package_discovery:discover_packages(path) discover
[2.250s] Level 1:colcon.colcon_core.package_discovery:discover_packages(path) using defaults
[2.379s] Level 1:colcon.colcon_core.package_discovery:discover_packages(prefix_path) check parameters
[2.379s] Level 1:colcon.colcon_core.package_discovery:discover_packages(prefix_path) discover
[2.395s] DEBUG:colcon.colcon_installed_package_information.package_discovery:Found 6 installed packages in /home/pi/microros_pi_ws/install
[2.403s] DEBUG:colcon.colcon_installed_package_information.package_discovery:Found 198 installed packages in /opt/ros/humble
[2.408s] Level 1:colcon.colcon_core.package_discovery:discover_packages(prefix_path) using defaults
[2.581s] Level 5:colcon.colcon_core.verb:set package 'micro_ros_msgs' build argument 'cmake_args' from command line to 'None'
[2.581s] Level 5:colcon.colcon_core.verb:set package 'micro_ros_msgs' build argument 'cmake_target' from command line to 'None'
[2.581s] Level 5:colcon.colcon_core.verb:set package 'micro_ros_msgs' build argument 'cmake_target_skip_unavailable' from command line to 'False'
[2.582s] Level 5:colcon.colcon_core.verb:set package 'micro_ros_msgs' build argument 'cmake_clean_cache' from command line to 'False'
[2.582s] Level 5:colcon.colcon_core.verb:set package 'micro_ros_msgs' build argument 'cmake_clean_first' from command line to 'False'
[2.582s] Level 5:colcon.colcon_core.verb:set package 'micro_ros_msgs' build argument 'cmake_force_configure' from command line to 'False'
[2.582s] Level 5:colcon.colcon_core.verb:set package 'micro_ros_msgs' build argument 'ament_cmake_args' from command line to 'None'
[2.582s] Level 5:colcon.colcon_core.verb:set package 'micro_ros_msgs' build argument 'catkin_cmake_args' from command line to 'None'
[2.582s] Level 5:colcon.colcon_core.verb:set package 'micro_ros_msgs' build argument 'catkin_skip_building_tests' from command line to 'False'
[2.582s] DEBUG:colcon.colcon_core.verb:Building package 'micro_ros_msgs' with the following arguments: {'ament_cmake_args': None, 'build_base': '/home/pi/microros_pi_ws/build/micro_ros_msgs', 'catkin_cmake_args': None, 'catkin_skip_building_tests': False, 'cmake_args': None, 'cmake_clean_cache': False, 'cmake_clean_first': False, 'cmake_force_configure': False, 'cmake_target': None, 'cmake_target_skip_unavailable': False, 'install_base': '/home/pi/microros_pi_ws/install/micro_ros_msgs', 'merge_install': False, 'path': '/home/pi/microros_pi_ws/src/uros/micro_ros_msgs', 'symlink_install': False, 'test_result_base': None}
[2.584s] Level 5:colcon.colcon_core.verb:set package 'micro_ros_setup' build argument 'cmake_args' from command line to 'None'
[2.584s] Level 5:colcon.colcon_core.verb:set package 'micro_ros_setup' build argument 'cmake_target' from command line to 'None'
[2.584s] Level 5:colcon.colcon_core.verb:set package 'micro_ros_setup' build argument 'cmake_target_skip_unavailable' from command line to 'False'
[2.584s] Level 5:colcon.colcon_core.verb:set package 'micro_ros_setup' build argument 'cmake_clean_cache' from command line to 'False'
[2.584s] Level 5:colcon.colcon_core.verb:set package 'micro_ros_setup' build argument 'cmake_clean_first' from command line to 'False'
[2.584s] Level 5:colcon.colcon_core.verb:set package 'micro_ros_setup' build argument 'cmake_force_configure' from command line to 'False'
[2.584s] Level 5:colcon.colcon_core.verb:set package 'micro_ros_setup' build argument 'ament_cmake_args' from command line to 'None'
[2.584s] Level 5:colcon.colcon_core.verb:set package 'micro_ros_setup' build argument 'catkin_cmake_args' from command line to 'None'
[2.584s] Level 5:colcon.colcon_core.verb:set package 'micro_ros_setup' build argument 'catkin_skip_building_tests' from command line to 'False'
[2.585s] DEBUG:colcon.colcon_core.verb:Building package 'micro_ros_setup' with the following arguments: {'ament_cmake_args': None, 'build_base': '/home/pi/microros_pi_ws/build/micro_ros_setup', 'catkin_cmake_args': None, 'catkin_skip_building_tests': False, 'cmake_args': None, 'cmake_clean_cache': False, 'cmake_clean_first': False, 'cmake_force_configure': False, 'cmake_target': None, 'cmake_target_skip_unavailable': False, 'install_base': '/home/pi/microros_pi_ws/install/micro_ros_setup', 'merge_install': False, 'path': '/home/pi/microros_pi_ws/src/micro_ros_setup', 'symlink_install': False, 'test_result_base': None}
[2.586s] Level 5:colcon.colcon_core.verb:set package 'motor_control' build argument 'cmake_args' from command line to 'None'
[2.586s] Level 5:colcon.colcon_core.verb:set package 'motor_control' build argument 'cmake_target' from command line to 'None'
[2.586s] Level 5:colcon.colcon_core.verb:set package 'motor_control' build argument 'cmake_target_skip_unavailable' from command line to 'False'
[2.586s] Level 5:colcon.colcon_core.verb:set package 'motor_control' build argument 'cmake_clean_cache' from command line to 'False'
[2.586s] Level 5:colcon.colcon_core.verb:set package 'motor_control' build argument 'cmake_clean_first' from command line to 'False'
[2.587s] Level 5:colcon.colcon_core.verb:set package 'motor_control' build argument 'cmake_force_configure' from command line to 'False'
[2.587s] Level 5:colcon.colcon_core.verb:set package 'motor_control' build argument 'ament_cmake_args' from command line to 'None'
[2.587s] Level 5:colcon.colcon_core.verb:set package 'motor_control' build argument 'catkin_cmake_args' from command line to 'None'
[2.587s] Level 5:colcon.colcon_core.verb:set package 'motor_control' build argument 'catkin_skip_building_tests' from command line to 'False'
[2.587s] DEBUG:colcon.colcon_core.verb:Building package 'motor_control' with the following arguments: {'ament_cmake_args': None, 'build_base': '/home/pi/microros_pi_ws/build/motor_control', 'catkin_cmake_args': None, 'catkin_skip_building_tests': False, 'cmake_args': None, 'cmake_clean_cache': False, 'cmake_clean_first': False, 'cmake_force_configure': False, 'cmake_target': None, 'cmake_target_skip_unavailable': False, 'install_base': '/home/pi/microros_pi_ws/install/motor_control', 'merge_install': False, 'path': '/home/pi/microros_pi_ws/src/motor_control', 'symlink_install': False, 'test_result_base': None}
[2.588s] Level 5:colcon.colcon_core.verb:set package 'robot_localization' build argument 'cmake_args' from command line to 'None'
[2.588s] Level 5:colcon.colcon_core.verb:set package 'robot_localization' build argument 'cmake_target' from command line to 'None'
[2.589s] Level 5:colcon.colcon_core.verb:set package 'robot_localization' build argument 'cmake_target_skip_unavailable' from command line to 'False'
[2.589s] Level 5:colcon.colcon_core.verb:set package 'robot_localization' build argument 'cmake_clean_cache' from command line to 'False'
[2.589s] Level 5:colcon.colcon_core.verb:set package 'robot_localization' build argument 'cmake_clean_first' from command line to 'False'
[2.589s] Level 5:colcon.colcon_core.verb:set package 'robot_localization' build argument 'cmake_force_configure' from command line to 'False'
[2.589s] Level 5:colcon.colcon_core.verb:set package 'robot_localization' build argument 'ament_cmake_args' from command line to 'None'
[2.589s] Level 5:colcon.colcon_core.verb:set package 'robot_localization' build argument 'catkin_cmake_args' from command line to 'None'
[2.589s] Level 5:colcon.colcon_core.verb:set package 'robot_localization' build argument 'catkin_skip_building_tests' from command line to 'False'
[2.589s] DEBUG:colcon.colcon_core.verb:Building package 'robot_localization' with the following arguments: {'ament_cmake_args': None, 'build_base': '/home/pi/microros_pi_ws/build/robot_localization', 'catkin_cmake_args': None, 'catkin_skip_building_tests': False, 'cmake_args': None, 'cmake_clean_cache': False, 'cmake_clean_first': False, 'cmake_force_configure': False, 'cmake_target': None, 'cmake_target_skip_unavailable': False, 'install_base': '/home/pi/microros_pi_ws/install/robot_localization', 'merge_install': False, 'path': '/home/pi/microros_pi_ws/src/robot_localization', 'symlink_install': False, 'test_result_base': None}
[2.591s] Level 5:colcon.colcon_core.verb:set package 'robot_odom' build argument 'cmake_args' from command line to 'None'
[2.591s] Level 5:colcon.colcon_core.verb:set package 'robot_odom' build argument 'cmake_target' from command line to 'None'
[2.591s] Level 5:colcon.colcon_core.verb:set package 'robot_odom' build argument 'cmake_target_skip_unavailable' from command line to 'False'
[2.591s] Level 5:colcon.colcon_core.verb:set package 'robot_odom' build argument 'cmake_clean_cache' from command line to 'False'
[2.591s] Level 5:colcon.colcon_core.verb:set package 'robot_odom' build argument 'cmake_clean_first' from command line to 'False'
[2.591s] Level 5:colcon.colcon_core.verb:set package 'robot_odom' build argument 'cmake_force_configure' from command line to 'False'
[2.591s] Level 5:colcon.colcon_core.verb:set package 'robot_odom' build argument 'ament_cmake_args' from command line to 'None'
[2.591s] Level 5:colcon.colcon_core.verb:set package 'robot_odom' build argument 'catkin_cmake_args' from command line to 'None'
[2.591s] Level 5:colcon.colcon_core.verb:set package 'robot_odom' build argument 'catkin_skip_building_tests' from command line to 'False'
[2.592s] DEBUG:colcon.colcon_core.verb:Building package 'robot_odom' with the following arguments: {'ament_cmake_args': None, 'build_base': '/home/pi/microros_pi_ws/build/robot_odom', 'catkin_cmake_args': None, 'catkin_skip_building_tests': False, 'cmake_args': None, 'cmake_clean_cache': False, 'cmake_clean_first': False, 'cmake_force_configure': False, 'cmake_target': None, 'cmake_target_skip_unavailable': False, 'install_base': '/home/pi/microros_pi_ws/install/robot_odom', 'merge_install': False, 'path': '/home/pi/microros_pi_ws/src/robot_odom', 'symlink_install': False, 'test_result_base': None}
[2.593s] Level 5:colcon.colcon_core.verb:set package 'diffdrive_description' build argument 'cmake_args' from command line to 'None'
[2.593s] Level 5:colcon.colcon_core.verb:set package 'diffdrive_description' build argument 'cmake_target' from command line to 'None'
[2.593s] Level 5:colcon.colcon_core.verb:set package 'diffdrive_description' build argument 'cmake_target_skip_unavailable' from command line to 'False'
[2.593s] Level 5:colcon.colcon_core.verb:set package 'diffdrive_description' build argument 'cmake_clean_cache' from command line to 'False'
[2.593s] Level 5:colcon.colcon_core.verb:set package 'diffdrive_description' build argument 'cmake_clean_first' from command line to 'False'
[2.594s] Level 5:colcon.colcon_core.verb:set package 'diffdrive_description' build argument 'cmake_force_configure' from command line to 'False'
[2.594s] Level 5:colcon.colcon_core.verb:set package 'diffdrive_description' build argument 'ament_cmake_args' from command line to 'None'
[2.594s] Level 5:colcon.colcon_core.verb:set package 'diffdrive_description' build argument 'catkin_cmake_args' from command line to 'None'
[2.594s] Level 5:colcon.colcon_core.verb:set package 'diffdrive_description' build argument 'catkin_skip_building_tests' from command line to 'False'
[2.594s] DEBUG:colcon.colcon_core.verb:Building package 'diffdrive_description' with the following arguments: {'ament_cmake_args': None, 'build_base': '/home/pi/microros_pi_ws/build/diffdrive_description', 'catkin_cmake_args': None, 'catkin_skip_building_tests': False, 'cmake_args': None, 'cmake_clean_cache': False, 'cmake_clean_first': False, 'cmake_force_configure': False, 'cmake_target': None, 'cmake_target_skip_unavailable': False, 'install_base': '/home/pi/microros_pi_ws/install/diffdrive_description', 'merge_install': False, 'path': '/home/pi/microros_pi_ws/src/diffdrive_description', 'symlink_install': False, 'test_result_base': None}
[2.595s] Level 5:colcon.colcon_core.verb:set package 'micro_ros_agent' build argument 'cmake_args' from command line to 'None'
[2.595s] Level 5:colcon.colcon_core.verb:set package 'micro_ros_agent' build argument 'cmake_target' from command line to 'None'
[2.595s] Level 5:colcon.colcon_core.verb:set package 'micro_ros_agent' build argument 'cmake_target_skip_unavailable' from command line to 'False'
[2.596s] Level 5:colcon.colcon_core.verb:set package 'micro_ros_agent' build argument 'cmake_clean_cache' from command line to 'False'
[2.596s] Level 5:colcon.colcon_core.verb:set package 'micro_ros_agent' build argument 'cmake_clean_first' from command line to 'False'
[2.596s] Level 5:colcon.colcon_core.verb:set package 'micro_ros_agent' build argument 'cmake_force_configure' from command line to 'False'
[2.596s] Level 5:colcon.colcon_core.verb:set package 'micro_ros_agent' build argument 'ament_cmake_args' from command line to 'None'
[2.596s] Level 5:colcon.colcon_core.verb:set package 'micro_ros_agent' build argument 'catkin_cmake_args' from command line to 'None'
[2.596s] Level 5:colcon.colcon_core.verb:set package 'micro_ros_agent' build argument 'catkin_skip_building_tests' from command line to 'False'
[2.596s] DEBUG:colcon.colcon_core.verb:Building package 'micro_ros_agent' with the following arguments: {'ament_cmake_args': None, 'build_base': '/home/pi/microros_pi_ws/build/micro_ros_agent', 'catkin_cmake_args': None, 'catkin_skip_building_tests': False, 'cmake_args': None, 'cmake_clean_cache': False, 'cmake_clean_first': False, 'cmake_force_configure': False, 'cmake_target': None, 'cmake_target_skip_unavailable': False, 'install_base': '/home/pi/microros_pi_ws/install/micro_ros_agent', 'merge_install': False, 'path': '/home/pi/microros_pi_ws/src/uros/micro-ROS-Agent/micro_ros_agent', 'symlink_install': False, 'test_result_base': None}
[2.597s] INFO:colcon.colcon_core.executor:Executing jobs using 'parallel' executor
[2.600s] DEBUG:colcon.colcon_parallel_executor.executor.parallel:run_until_complete
[2.601s] INFO:colcon.colcon_ros.task.ament_cmake.build:Building ROS package in '/home/pi/microros_pi_ws/src/uros/micro_ros_msgs' with build type 'ament_cmake'
[2.602s] INFO:colcon.colcon_cmake.task.cmake.build:Building CMake package in '/home/pi/microros_pi_ws/src/uros/micro_ros_msgs'
[2.623s] INFO:colcon.colcon_core.plugin_system:Skipping extension 'colcon_core.shell.bat': Not used on non-Windows systems
[2.624s] INFO:colcon.colcon_core.shell:Skip shell extension 'powershell' for command environment: Not usable outside of PowerShell
[2.624s] DEBUG:colcon.colcon_core.shell:Skip shell extension 'dsv' for command environment
[2.644s] INFO:colcon.colcon_ros.task.ament_cmake.build:Building ROS package in '/home/pi/microros_pi_ws/src/robot_localization' with build type 'ament_cmake'
[2.644s] INFO:colcon.colcon_cmake.task.cmake.build:Building CMake package in '/home/pi/microros_pi_ws/src/robot_localization'
[2.645s] INFO:colcon.colcon_core.shell:Skip shell extension 'powershell' for command environment: Not usable outside of PowerShell
[2.646s] DEBUG:colcon.colcon_core.shell:Skip shell extension 'dsv' for command environment
[2.664s] INFO:colcon.colcon_ros.task.ament_cmake.build:Building ROS package in '/home/pi/microros_pi_ws/src/micro_ros_setup' with build type 'ament_cmake'
[2.665s] INFO:colcon.colcon_cmake.task.cmake.build:Building CMake package in '/home/pi/microros_pi_ws/src/micro_ros_setup'
[2.666s] INFO:colcon.colcon_core.shell:Skip shell extension 'powershell' for command environment: Not usable outside of PowerShell
[2.666s] DEBUG:colcon.colcon_core.shell:Skip shell extension 'dsv' for command environment
[2.684s] INFO:colcon.colcon_ros.task.ament_python.build:Building ROS package in '/home/pi/microros_pi_ws/src/motor_control' with build type 'ament_python'
[2.684s] Level 1:colcon.colcon_core.shell:create_environment_hook('motor_control', 'ament_prefix_path')
[2.685s] INFO:colcon.colcon_core.shell:Creating environment hook '/home/pi/microros_pi_ws/install/motor_control/share/motor_control/hook/ament_prefix_path.ps1'
[2.690s] INFO:colcon.colcon_core.shell:Creating environment descriptor '/home/pi/microros_pi_ws/install/motor_control/share/motor_control/hook/ament_prefix_path.dsv'
[2.695s] INFO:colcon.colcon_core.shell:Creating environment hook '/home/pi/microros_pi_ws/install/motor_control/share/motor_control/hook/ament_prefix_path.sh'
[2.703s] INFO:colcon.colcon_core.shell:Skip shell extension 'powershell' for command environment: Not usable outside of PowerShell
[2.703s] DEBUG:colcon.colcon_core.shell:Skip shell extension 'dsv' for command environment
[2.734s] DEBUG:colcon.colcon_core.event_handler.log_command:Invoking command in '/home/pi/microros_pi_ws/build/micro_ros_msgs': CMAKE_PREFIX_PATH=${CMAKE_PREFIX_PATH}:/home/pi/microros_pi_ws/install/motor_control:/opt/ros/humble /usr/bin/cmake /home/pi/microros_pi_ws/src/uros/micro_ros_msgs -DCMAKE_INSTALL_PREFIX=/home/pi/microros_pi_ws/install/micro_ros_msgs
[2.763s] DEBUG:colcon.colcon_core.event_handler.log_command:Invoking command in '/home/pi/microros_pi_ws/build/robot_localization': CMAKE_PREFIX_PATH=${CMAKE_PREFIX_PATH}:/home/pi/microros_pi_ws/install/motor_control:/opt/ros/humble /usr/bin/cmake /home/pi/microros_pi_ws/src/robot_localization -DCMAKE_INSTALL_PREFIX=/home/pi/microros_pi_ws/install/robot_localization
[2.781s] DEBUG:colcon.colcon_core.event_handler.log_command:Invoking command in '/home/pi/microros_pi_ws/build/micro_ros_setup': CMAKE_PREFIX_PATH=${CMAKE_PREFIX_PATH}:/home/pi/microros_pi_ws/install/motor_control:/opt/ros/humble /usr/bin/cmake /home/pi/microros_pi_ws/src/micro_ros_setup -DCMAKE_INSTALL_PREFIX=/home/pi/microros_pi_ws/install/micro_ros_setup
[4.036s] INFO:colcon.colcon_core.task.python.build:Building Python package in '/home/pi/microros_pi_ws/src/motor_control'
[4.037s] INFO:colcon.colcon_core.shell:Skip shell extension 'powershell' for command environment: Not usable outside of PowerShell
[4.037s] DEBUG:colcon.colcon_core.shell:Skip shell extension 'dsv' for command environment
[7.130s] DEBUG:colcon.colcon_core.event_handler.log_command:Invoking command in '/home/pi/microros_pi_ws/src/motor_control': PYTHONPATH=/home/pi/microros_pi_ws/build/motor_control/prefix_override:/usr/lib/python3/dist-packages/colcon_core/task/python/colcon_distutils_commands:/home/pi/microros_pi_ws/install/motor_control/lib/python3.10/site-packages:${PYTHONPATH} /usr/bin/python3 -W ignore:setup.py install is deprecated -W ignore:easy_install command is deprecated setup.py egg_info --egg-base ../../build/motor_control build --build-base /home/pi/microros_pi_ws/build/motor_control/build install --record /home/pi/microros_pi_ws/build/motor_control/install.log --single-version-externally-managed install_data
[8.777s] DEBUG:colcon.colcon_core.event_handler.log_command:Invoked command in '/home/pi/microros_pi_ws/src/motor_control' returned '0': PYTHONPATH=/home/pi/microros_pi_ws/build/motor_control/prefix_override:/usr/lib/python3/dist-packages/colcon_core/task/python/colcon_distutils_commands:/home/pi/microros_pi_ws/install/motor_control/lib/python3.10/site-packages:${PYTHONPATH} /usr/bin/python3 -W ignore:setup.py install is deprecated -W ignore:easy_install command is deprecated setup.py egg_info --egg-base ../../build/motor_control build --build-base /home/pi/microros_pi_ws/build/motor_control/build install --record /home/pi/microros_pi_ws/build/motor_control/install.log --single-version-externally-managed install_data
[8.808s] Level 1:colcon.colcon_core.environment:checking '/home/pi/microros_pi_ws/install/motor_control' for CMake module files
[8.811s] Level 1:colcon.colcon_core.environment:checking '/home/pi/microros_pi_ws/install/motor_control' for CMake config files
[8.815s] Level 1:colcon.colcon_core.environment:checking '/home/pi/microros_pi_ws/install/motor_control/lib'
[8.815s] Level 1:colcon.colcon_core.environment:checking '/home/pi/microros_pi_ws/install/motor_control/bin'
[8.816s] Level 1:colcon.colcon_core.environment:checking '/home/pi/microros_pi_ws/install/motor_control/lib/pkgconfig/motor_control.pc'
[8.817s] Level 1:colcon.colcon_core.environment:checking '/home/pi/microros_pi_ws/install/motor_control/lib/python3.10/site-packages'
[8.818s] Level 1:colcon.colcon_core.shell:create_environment_hook('motor_control', 'pythonpath')
[8.819s] INFO:colcon.colcon_core.shell:Creating environment hook '/home/pi/microros_pi_ws/install/motor_control/share/motor_control/hook/pythonpath.ps1'
[8.821s] INFO:colcon.colcon_core.shell:Creating environment descriptor '/home/pi/microros_pi_ws/install/motor_control/share/motor_control/hook/pythonpath.dsv'
[8.825s] INFO:colcon.colcon_core.shell:Creating environment hook '/home/pi/microros_pi_ws/install/motor_control/share/motor_control/hook/pythonpath.sh'
[8.829s] Level 1:colcon.colcon_core.environment:checking '/home/pi/microros_pi_ws/install/motor_control/bin'
[8.829s] Level 1:colcon.colcon_core.environment:create_environment_scripts_only(motor_control)
[8.831s] INFO:colcon.colcon_core.shell:Creating package script '/home/pi/microros_pi_ws/install/motor_control/share/motor_control/package.ps1'
[8.837s] INFO:colcon.colcon_core.shell:Creating package descriptor '/home/pi/microros_pi_ws/install/motor_control/share/motor_control/package.dsv'
[8.843s] INFO:colcon.colcon_core.shell:Creating package script '/home/pi/microros_pi_ws/install/motor_control/share/motor_control/package.sh'
[8.849s] INFO:colcon.colcon_core.shell:Creating package script '/home/pi/microros_pi_ws/install/motor_control/share/motor_control/package.bash'
[8.857s] INFO:colcon.colcon_core.shell:Creating package script '/home/pi/microros_pi_ws/install/motor_control/share/motor_control/package.zsh'
[8.864s] Level 1:colcon.colcon_core.environment:create_file_with_runtime_dependencies(/home/pi/microros_pi_ws/install/motor_control/share/colcon-core/packages/motor_control)
[8.869s] INFO:colcon.colcon_ros.task.ament_cmake.build:Building ROS package in '/home/pi/microros_pi_ws/src/robot_odom' with build type 'ament_cmake'
[8.871s] INFO:colcon.colcon_cmake.task.cmake.build:Building CMake package in '/home/pi/microros_pi_ws/src/robot_odom'
[8.872s] INFO:colcon.colcon_core.shell:Skip shell extension 'powershell' for command environment: Not usable outside of PowerShell
[8.872s] DEBUG:colcon.colcon_core.shell:Skip shell extension 'dsv' for command environment
[8.912s] DEBUG:colcon.colcon_core.event_handler.log_command:Invoking command in '/home/pi/microros_pi_ws/build/robot_odom': CMAKE_PREFIX_PATH=${CMAKE_PREFIX_PATH}:/home/pi/microros_pi_ws/install/motor_control:/opt/ros/humble /usr/bin/cmake /home/pi/microros_pi_ws/src/robot_odom -DCMAKE_INSTALL_PREFIX=/home/pi/microros_pi_ws/install/robot_odom
[9.051s] DEBUG:colcon.colcon_core.event_handler.log_command:Invoked command in '/home/pi/microros_pi_ws/build/micro_ros_setup' returned '0': CMAKE_PREFIX_PATH=${CMAKE_PREFIX_PATH}:/home/pi/microros_pi_ws/install/motor_control:/opt/ros/humble /usr/bin/cmake /home/pi/microros_pi_ws/src/micro_ros_setup -DCMAKE_INSTALL_PREFIX=/home/pi/microros_pi_ws/install/micro_ros_setup
[9.063s] DEBUG:colcon.colcon_core.event_handler.log_command:Invoking command in '/home/pi/microros_pi_ws/build/micro_ros_setup': CMAKE_PREFIX_PATH=${CMAKE_PREFIX_PATH}:/home/pi/microros_pi_ws/install/motor_control:/opt/ros/humble /usr/bin/cmake --build /home/pi/microros_pi_ws/build/micro_ros_setup -- -j4 -l4
[9.240s] DEBUG:colcon.colcon_core.event_handler.log_command:Invoked command in '/home/pi/microros_pi_ws/build/micro_ros_setup' returned '0': CMAKE_PREFIX_PATH=${CMAKE_PREFIX_PATH}:/home/pi/microros_pi_ws/install/motor_control:/opt/ros/humble /usr/bin/cmake --build /home/pi/microros_pi_ws/build/micro_ros_setup -- -j4 -l4
[9.289s] DEBUG:colcon.colcon_core.event_handler.log_command:Invoking command in '/home/pi/microros_pi_ws/build/micro_ros_setup': CMAKE_PREFIX_PATH=${CMAKE_PREFIX_PATH}:/home/pi/microros_pi_ws/install/motor_control:/opt/ros/humble /usr/bin/cmake --install /home/pi/microros_pi_ws/build/micro_ros_setup
[9.549s] Level 1:colcon.colcon_core.environment:create_environment_scripts_only(micro_ros_setup)
[9.554s] Level 1:colcon.colcon_core.environment:checking '/home/pi/microros_pi_ws/install/micro_ros_setup' for CMake module files
[9.558s] DEBUG:colcon.colcon_core.event_handler.log_command:Invoked command in '/home/pi/microros_pi_ws/build/micro_ros_setup' returned '0': CMAKE_PREFIX_PATH=${CMAKE_PREFIX_PATH}:/home/pi/microros_pi_ws/install/motor_control:/opt/ros/humble /usr/bin/cmake --install /home/pi/microros_pi_ws/build/micro_ros_setup
[9.561s] Level 1:colcon.colcon_core.environment:checking '/home/pi/microros_pi_ws/install/micro_ros_setup' for CMake config files
[9.569s] Level 1:colcon.colcon_core.shell:create_environment_hook('micro_ros_setup', 'cmake_prefix_path')
[9.571s] INFO:colcon.colcon_core.shell:Creating environment hook '/home/pi/microros_pi_ws/install/micro_ros_setup/share/micro_ros_setup/hook/cmake_prefix_path.ps1'
[9.573s] INFO:colcon.colcon_core.shell:Creating environment descriptor '/home/pi/microros_pi_ws/install/micro_ros_setup/share/micro_ros_setup/hook/cmake_prefix_path.dsv'
[9.575s] INFO:colcon.colcon_core.shell:Creating environment hook '/home/pi/microros_pi_ws/install/micro_ros_setup/share/micro_ros_setup/hook/cmake_prefix_path.sh'
[9.579s] Level 1:colcon.colcon_core.environment:checking '/home/pi/microros_pi_ws/install/micro_ros_setup/lib'
[9.581s] Level 1:colcon.colcon_core.environment:checking '/home/pi/microros_pi_ws/install/micro_ros_setup/bin'
[9.582s] Level 1:colcon.colcon_core.environment:checking '/home/pi/microros_pi_ws/install/micro_ros_setup/lib/pkgconfig/micro_ros_setup.pc'
[9.583s] Level 1:colcon.colcon_core.environment:checking '/home/pi/microros_pi_ws/install/micro_ros_setup/lib/python3.10/site-packages'
[9.585s] Level 1:colcon.colcon_core.environment:checking '/home/pi/microros_pi_ws/install/micro_ros_setup/bin'
[9.586s] INFO:colcon.colcon_core.shell:Creating package script '/home/pi/microros_pi_ws/install/micro_ros_setup/share/micro_ros_setup/package.ps1'
[9.591s] INFO:colcon.colcon_core.shell:Creating package descriptor '/home/pi/microros_pi_ws/install/micro_ros_setup/share/micro_ros_setup/package.dsv'
[9.593s] INFO:colcon.colcon_core.shell:Creating package script '/home/pi/microros_pi_ws/install/micro_ros_setup/share/micro_ros_setup/package.sh'
[9.596s] INFO:colcon.colcon_core.shell:Creating package script '/home/pi/microros_pi_ws/install/micro_ros_setup/share/micro_ros_setup/package.bash'
[9.599s] INFO:colcon.colcon_core.shell:Creating package script '/home/pi/microros_pi_ws/install/micro_ros_setup/share/micro_ros_setup/package.zsh'
[9.602s] Level 1:colcon.colcon_core.environment:create_file_with_runtime_dependencies(/home/pi/microros_pi_ws/install/micro_ros_setup/share/colcon-core/packages/micro_ros_setup)
[9.605s] Level 1:colcon.colcon_core.environment:create_environment_scripts_only(micro_ros_setup)
[9.607s] Level 1:colcon.colcon_core.environment:checking '/home/pi/microros_pi_ws/install/micro_ros_setup' for CMake module files
[9.613s] Level 1:colcon.colcon_core.environment:checking '/home/pi/microros_pi_ws/install/micro_ros_setup' for CMake config files
[9.625s] Level 1:colcon.colcon_core.shell:create_environment_hook('micro_ros_setup', 'cmake_prefix_path')
[9.627s] INFO:colcon.colcon_core.shell:Creating environment hook '/home/pi/microros_pi_ws/install/micro_ros_setup/share/micro_ros_setup/hook/cmake_prefix_path.ps1'
[9.630s] INFO:colcon.colcon_core.shell:Creating environment descriptor '/home/pi/microros_pi_ws/install/micro_ros_setup/share/micro_ros_setup/hook/cmake_prefix_path.dsv'
[9.633s] INFO:colcon.colcon_core.shell:Creating environment hook '/home/pi/microros_pi_ws/install/micro_ros_setup/share/micro_ros_setup/hook/cmake_prefix_path.sh'
[9.636s] Level 1:colcon.colcon_core.environment:checking '/home/pi/microros_pi_ws/install/micro_ros_setup/lib'
[9.637s] Level 1:colcon.colcon_core.environment:checking '/home/pi/microros_pi_ws/install/micro_ros_setup/bin'
[9.638s] Level 1:colcon.colcon_core.environment:checking '/home/pi/microros_pi_ws/install/micro_ros_setup/lib/pkgconfig/micro_ros_setup.pc'
[9.639s] Level 1:colcon.colcon_core.environment:checking '/home/pi/microros_pi_ws/install/micro_ros_setup/lib/python3.10/site-packages'
[9.641s] Level 1:colcon.colcon_core.environment:checking '/home/pi/microros_pi_ws/install/micro_ros_setup/bin'
[9.642s] INFO:colcon.colcon_core.shell:Creating package script '/home/pi/microros_pi_ws/install/micro_ros_setup/share/micro_ros_setup/package.ps1'
[9.646s] INFO:colcon.colcon_core.shell:Creating package descriptor '/home/pi/microros_pi_ws/install/micro_ros_setup/share/micro_ros_setup/package.dsv'
[9.649s] INFO:colcon.colcon_core.shell:Creating package script '/home/pi/microros_pi_ws/install/micro_ros_setup/share/micro_ros_setup/package.sh'
[9.653s] INFO:colcon.colcon_core.shell:Creating package script '/home/pi/microros_pi_ws/install/micro_ros_setup/share/micro_ros_setup/package.bash'
[9.656s] INFO:colcon.colcon_core.shell:Creating package script '/home/pi/microros_pi_ws/install/micro_ros_setup/share/micro_ros_setup/package.zsh'
[9.659s] Level 1:colcon.colcon_core.environment:create_file_with_runtime_dependencies(/home/pi/microros_pi_ws/install/micro_ros_setup/share/colcon-core/packages/micro_ros_setup)
[13.846s] DEBUG:colcon.colcon_core.event_handler.log_command:Invoked command in '/home/pi/microros_pi_ws/build/micro_ros_msgs' returned '0': CMAKE_PREFIX_PATH=${CMAKE_PREFIX_PATH}:/home/pi/microros_pi_ws/install/motor_control:/opt/ros/humble /usr/bin/cmake /home/pi/microros_pi_ws/src/uros/micro_ros_msgs -DCMAKE_INSTALL_PREFIX=/home/pi/microros_pi_ws/install/micro_ros_msgs
[13.848s] DEBUG:colcon.colcon_core.event_handler.log_command:Invoking command in '/home/pi/microros_pi_ws/build/micro_ros_msgs': CMAKE_PREFIX_PATH=${CMAKE_PREFIX_PATH}:/home/pi/microros_pi_ws/install/motor_control:/opt/ros/humble /usr/bin/cmake --build /home/pi/microros_pi_ws/build/micro_ros_msgs -- -j4 -l4
[17.984s] DEBUG:colcon.colcon_core.event_handler.log_command:Invoked command in '/home/pi/microros_pi_ws/build/robot_odom' returned '0': CMAKE_PREFIX_PATH=${CMAKE_PREFIX_PATH}:/home/pi/microros_pi_ws/install/motor_control:/opt/ros/humble /usr/bin/cmake /home/pi/microros_pi_ws/src/robot_odom -DCMAKE_INSTALL_PREFIX=/home/pi/microros_pi_ws/install/robot_odom
[17.986s] DEBUG:colcon.colcon_core.event_handler.log_command:Invoking command in '/home/pi/microros_pi_ws/build/robot_odom': CMAKE_PREFIX_PATH=${CMAKE_PREFIX_PATH}:/home/pi/microros_pi_ws/install/motor_control:/opt/ros/humble /usr/bin/cmake --build /home/pi/microros_pi_ws/build/robot_odom -- -j4 -l4
[25.240s] DEBUG:colcon.colcon_core.event_handler.log_command:Invoked command in '/home/pi/microros_pi_ws/build/robot_localization' returned '0': CMAKE_PREFIX_PATH=${CMAKE_PREFIX_PATH}:/home/pi/microros_pi_ws/install/motor_control:/opt/ros/humble /usr/bin/cmake /home/pi/microros_pi_ws/src/robot_localization -DCMAKE_INSTALL_PREFIX=/home/pi/microros_pi_ws/install/robot_localization
[25.242s] DEBUG:colcon.colcon_core.event_handler.log_command:Invoking command in '/home/pi/microros_pi_ws/build/robot_localization': CMAKE_PREFIX_PATH=${CMAKE_PREFIX_PATH}:/home/pi/microros_pi_ws/install/motor_control:/opt/ros/humble /usr/bin/cmake --build /home/pi/microros_pi_ws/build/robot_localization -- -j4 -l4
[50.837s] DEBUG:colcon.colcon_core.event_handler.log_command:Invoked command in '/home/pi/microros_pi_ws/build/micro_ros_msgs' returned '0': CMAKE_PREFIX_PATH=${CMAKE_PREFIX_PATH}:/home/pi/microros_pi_ws/install/motor_control:/opt/ros/humble /usr/bin/cmake --build /home/pi/microros_pi_ws/build/micro_ros_msgs -- -j4 -l4
[50.839s] DEBUG:colcon.colcon_core.event_handler.log_command:Invoking command in '/home/pi/microros_pi_ws/build/micro_ros_msgs': CMAKE_PREFIX_PATH=${CMAKE_PREFIX_PATH}:/home/pi/microros_pi_ws/install/motor_control:/opt/ros/humble /usr/bin/cmake --install /home/pi/microros_pi_ws/build/micro_ros_msgs
[52.016s] Level 1:colcon.colcon_core.environment:create_environment_scripts_only(micro_ros_msgs)
[52.018s] Level 1:colcon.colcon_core.environment:checking '/home/pi/microros_pi_ws/install/micro_ros_msgs' for CMake module files
[52.021s] DEBUG:colcon.colcon_core.event_handler.log_command:Invoked command in '/home/pi/microros_pi_ws/build/micro_ros_msgs' returned '0': CMAKE_PREFIX_PATH=${CMAKE_PREFIX_PATH}:/home/pi/microros_pi_ws/install/motor_control:/opt/ros/humble /usr/bin/cmake --install /home/pi/microros_pi_ws/build/micro_ros_msgs
[52.027s] Level 1:colcon.colcon_core.environment:checking '/home/pi/microros_pi_ws/install/micro_ros_msgs' for CMake config files
[52.041s] Level 1:colcon.colcon_core.shell:create_environment_hook('micro_ros_msgs', 'cmake_prefix_path')
[52.042s] INFO:colcon.colcon_core.shell:Creating environment hook '/home/pi/microros_pi_ws/install/micro_ros_msgs/share/micro_ros_msgs/hook/cmake_prefix_path.ps1'
[52.050s] INFO:colcon.colcon_core.shell:Creating environment descriptor '/home/pi/microros_pi_ws/install/micro_ros_msgs/share/micro_ros_msgs/hook/cmake_prefix_path.dsv'
[52.057s] INFO:colcon.colcon_core.shell:Creating environment hook '/home/pi/microros_pi_ws/install/micro_ros_msgs/share/micro_ros_msgs/hook/cmake_prefix_path.sh'
[52.074s] Level 1:colcon.colcon_core.environment:checking '/home/pi/microros_pi_ws/install/micro_ros_msgs/lib'
[52.075s] Level 1:colcon.colcon_core.shell:create_environment_hook('micro_ros_msgs', 'ld_library_path_lib')
[52.076s] INFO:colcon.colcon_core.shell:Creating environment hook '/home/pi/microros_pi_ws/install/micro_ros_msgs/share/micro_ros_msgs/hook/ld_library_path_lib.ps1'
[52.080s] INFO:colcon.colcon_core.shell:Creating environment descriptor '/home/pi/microros_pi_ws/install/micro_ros_msgs/share/micro_ros_msgs/hook/ld_library_path_lib.dsv'
[52.084s] INFO:colcon.colcon_core.shell:Creating environment hook '/home/pi/microros_pi_ws/install/micro_ros_msgs/share/micro_ros_msgs/hook/ld_library_path_lib.sh'
[52.088s] Level 1:colcon.colcon_core.environment:checking '/home/pi/microros_pi_ws/install/micro_ros_msgs/bin'
[52.088s] Level 1:colcon.colcon_core.environment:checking '/home/pi/microros_pi_ws/install/micro_ros_msgs/lib/pkgconfig/micro_ros_msgs.pc'
[52.090s] Level 1:colcon.colcon_core.environment:checking '/home/pi/microros_pi_ws/install/micro_ros_msgs/lib/python3.10/site-packages'
[52.092s] Level 1:colcon.colcon_core.environment:checking '/home/pi/microros_pi_ws/install/micro_ros_msgs/bin'
[52.094s] INFO:colcon.colcon_core.shell:Creating package script '/home/pi/microros_pi_ws/install/micro_ros_msgs/share/micro_ros_msgs/package.ps1'
[52.107s] INFO:colcon.colcon_core.shell:Creating package descriptor '/home/pi/microros_pi_ws/install/micro_ros_msgs/share/micro_ros_msgs/package.dsv'
[52.112s] INFO:colcon.colcon_core.shell:Creating package script '/home/pi/microros_pi_ws/install/micro_ros_msgs/share/micro_ros_msgs/package.sh'
[52.129s] INFO:colcon.colcon_core.shell:Creating package script '/home/pi/microros_pi_ws/install/micro_ros_msgs/share/micro_ros_msgs/package.bash'
[52.133s] INFO:colcon.colcon_core.shell:Creating package script '/home/pi/microros_pi_ws/install/micro_ros_msgs/share/micro_ros_msgs/package.zsh'
[52.145s] Level 1:colcon.colcon_core.environment:create_file_with_runtime_dependencies(/home/pi/microros_pi_ws/install/micro_ros_msgs/share/colcon-core/packages/micro_ros_msgs)
[52.150s] Level 1:colcon.colcon_core.environment:create_environment_scripts_only(micro_ros_msgs)
[52.152s] Level 1:colcon.colcon_core.environment:checking '/home/pi/microros_pi_ws/install/micro_ros_msgs' for CMake module files
[52.169s] Level 1:colcon.colcon_core.environment:checking '/home/pi/microros_pi_ws/install/micro_ros_msgs' for CMake config files
[52.175s] Level 1:colcon.colcon_core.shell:create_environment_hook('micro_ros_msgs', 'cmake_prefix_path')
[52.176s] INFO:colcon.colcon_core.shell:Creating environment hook '/home/pi/microros_pi_ws/install/micro_ros_msgs/share/micro_ros_msgs/hook/cmake_prefix_path.ps1'
[52.193s] INFO:colcon.colcon_core.shell:Creating environment descriptor '/home/pi/microros_pi_ws/install/micro_ros_msgs/share/micro_ros_msgs/hook/cmake_prefix_path.dsv'
[52.196s] INFO:colcon.colcon_core.shell:Creating environment hook '/home/pi/microros_pi_ws/install/micro_ros_msgs/share/micro_ros_msgs/hook/cmake_prefix_path.sh'
[52.210s] Level 1:colcon.colcon_core.environment:checking '/home/pi/microros_pi_ws/install/micro_ros_msgs/lib'
[52.211s] Level 1:colcon.colcon_core.shell:create_environment_hook('micro_ros_msgs', 'ld_library_path_lib')
[52.213s] INFO:colcon.colcon_core.shell:Creating environment hook '/home/pi/microros_pi_ws/install/micro_ros_msgs/share/micro_ros_msgs/hook/ld_library_path_lib.ps1'
[52.217s] INFO:colcon.colcon_core.shell:Creating environment descriptor '/home/pi/microros_pi_ws/install/micro_ros_msgs/share/micro_ros_msgs/hook/ld_library_path_lib.dsv'
[52.225s] INFO:colcon.colcon_core.shell:Creating environment hook '/home/pi/microros_pi_ws/install/micro_ros_msgs/share/micro_ros_msgs/hook/ld_library_path_lib.sh'
[52.237s] Level 1:colcon.colcon_core.environment:checking '/home/pi/microros_pi_ws/install/micro_ros_msgs/bin'
[52.238s] Level 1:colcon.colcon_core.environment:checking '/home/pi/microros_pi_ws/install/micro_ros_msgs/lib/pkgconfig/micro_ros_msgs.pc'
[52.239s] Level 1:colcon.colcon_core.environment:checking '/home/pi/microros_pi_ws/install/micro_ros_msgs/lib/python3.10/site-packages'
[52.241s] Level 1:colcon.colcon_core.environment:checking '/home/pi/microros_pi_ws/install/micro_ros_msgs/bin'
[52.243s] INFO:colcon.colcon_core.shell:Creating package script '/home/pi/microros_pi_ws/install/micro_ros_msgs/share/micro_ros_msgs/package.ps1'
[52.256s] INFO:colcon.colcon_core.shell:Creating package descriptor '/home/pi/microros_pi_ws/install/micro_ros_msgs/share/micro_ros_msgs/package.dsv'
[52.265s] INFO:colcon.colcon_core.shell:Creating package script '/home/pi/microros_pi_ws/install/micro_ros_msgs/share/micro_ros_msgs/package.sh'
[52.273s] INFO:colcon.colcon_core.shell:Creating package script '/home/pi/microros_pi_ws/install/micro_ros_msgs/share/micro_ros_msgs/package.bash'
[52.281s] INFO:colcon.colcon_core.shell:Creating package script '/home/pi/microros_pi_ws/install/micro_ros_msgs/share/micro_ros_msgs/package.zsh'
[52.297s] Level 1:colcon.colcon_core.environment:create_file_with_runtime_dependencies(/home/pi/microros_pi_ws/install/micro_ros_msgs/share/colcon-core/packages/micro_ros_msgs)
[52.300s] INFO:colcon.colcon_ros.task.ament_cmake.build:Building ROS package in '/home/pi/microros_pi_ws/src/uros/micro-ROS-Agent/micro_ros_agent' with build type 'ament_cmake'
[52.307s] INFO:colcon.colcon_cmake.task.cmake.build:Building CMake package in '/home/pi/microros_pi_ws/src/uros/micro-ROS-Agent/micro_ros_agent'
[52.308s] INFO:colcon.colcon_core.shell:Skip shell extension 'powershell' for command environment: Not usable outside of PowerShell
[52.309s] DEBUG:colcon.colcon_core.shell:Skip shell extension 'dsv' for command environment
[52.524s] DEBUG:colcon.colcon_core.event_handler.log_command:Invoking command in '/home/pi/microros_pi_ws/build/micro_ros_agent': CMAKE_PREFIX_PATH=/home/pi/microros_pi_ws/install/micro_ros_msgs:/home/pi/microros_pi_ws/install/robot_odom:/home/pi/microros_pi_ws/install/micro_ros_setup:/home/pi/microros_pi_ws/install/micro_ros_agent:/home/pi/microros_pi_ws/install/motor_control:/opt/ros/humble LD_LIBRARY_PATH=/home/pi/microros_pi_ws/install/micro_ros_msgs/lib:/home/pi/microros_pi_ws/install/micro_ros_agent/lib:/opt/ros/humble/opt/rviz_ogre_vendor/lib:/opt/ros/humble/lib/aarch64-linux-gnu:/opt/ros/humble/lib /usr/bin/cmake /home/pi/microros_pi_ws/src/uros/micro-ROS-Agent/micro_ros_agent -DCMAKE_INSTALL_PREFIX=/home/pi/microros_pi_ws/install/micro_ros_agent
[56.254s] DEBUG:colcon.colcon_core.event_handler.log_command:Invoked command in '/home/pi/microros_pi_ws/build/micro_ros_agent' returned '0': CMAKE_PREFIX_PATH=/home/pi/microros_pi_ws/install/micro_ros_msgs:/home/pi/microros_pi_ws/install/robot_odom:/home/pi/microros_pi_ws/install/micro_ros_setup:/home/pi/microros_pi_ws/install/micro_ros_agent:/home/pi/microros_pi_ws/install/motor_control:/opt/ros/humble LD_LIBRARY_PATH=/home/pi/microros_pi_ws/install/micro_ros_msgs/lib:/home/pi/microros_pi_ws/install/micro_ros_agent/lib:/opt/ros/humble/opt/rviz_ogre_vendor/lib:/opt/ros/humble/lib/aarch64-linux-gnu:/opt/ros/humble/lib /usr/bin/cmake /home/pi/microros_pi_ws/src/uros/micro-ROS-Agent/micro_ros_agent -DCMAKE_INSTALL_PREFIX=/home/pi/microros_pi_ws/install/micro_ros_agent
[56.273s] DEBUG:colcon.colcon_core.event_handler.log_command:Invoking command in '/home/pi/microros_pi_ws/build/micro_ros_agent': CMAKE_PREFIX_PATH=/home/pi/microros_pi_ws/install/micro_ros_msgs:/home/pi/microros_pi_ws/install/robot_odom:/home/pi/microros_pi_ws/install/micro_ros_setup:/home/pi/microros_pi_ws/install/micro_ros_agent:/home/pi/microros_pi_ws/install/motor_control:/opt/ros/humble LD_LIBRARY_PATH=/home/pi/microros_pi_ws/install/micro_ros_msgs/lib:/home/pi/microros_pi_ws/install/micro_ros_agent/lib:/opt/ros/humble/opt/rviz_ogre_vendor/lib:/opt/ros/humble/lib/aarch64-linux-gnu:/opt/ros/humble/lib /usr/bin/cmake --build /home/pi/microros_pi_ws/build/micro_ros_agent -- -j4 -l4
[94.938s] DEBUG:colcon.colcon_core.event_handler.log_command:Invoked command in '/home/pi/microros_pi_ws/build/robot_odom' returned '0': CMAKE_PREFIX_PATH=${CMAKE_PREFIX_PATH}:/home/pi/microros_pi_ws/install/motor_control:/opt/ros/humble /usr/bin/cmake --build /home/pi/microros_pi_ws/build/robot_odom -- -j4 -l4
[94.949s] DEBUG:colcon.colcon_core.event_handler.log_command:Invoking command in '/home/pi/microros_pi_ws/build/robot_odom': CMAKE_PREFIX_PATH=${CMAKE_PREFIX_PATH}:/home/pi/microros_pi_ws/install/motor_control:/opt/ros/humble /usr/bin/cmake --install /home/pi/microros_pi_ws/build/robot_odom
[95.055s] Level 1:colcon.colcon_core.environment:create_environment_scripts_only(robot_odom)
[95.056s] Level 1:colcon.colcon_core.environment:checking '/home/pi/microros_pi_ws/install/robot_odom' for CMake module files
[95.060s] Level 1:colcon.colcon_core.environment:checking '/home/pi/microros_pi_ws/install/robot_odom' for CMake config files
[95.062s] Level 1:colcon.colcon_core.shell:create_environment_hook('robot_odom', 'cmake_prefix_path')
[95.063s] INFO:colcon.colcon_core.shell:Creating environment hook '/home/pi/microros_pi_ws/install/robot_odom/share/robot_odom/hook/cmake_prefix_path.ps1'
[95.067s] DEBUG:colcon.colcon_core.event_handler.log_command:Invoked command in '/home/pi/microros_pi_ws/build/robot_odom' returned '0': CMAKE_PREFIX_PATH=${CMAKE_PREFIX_PATH}:/home/pi/microros_pi_ws/install/motor_control:/opt/ros/humble /usr/bin/cmake --install /home/pi/microros_pi_ws/build/robot_odom
[95.068s] INFO:colcon.colcon_core.shell:Creating environment descriptor '/home/pi/microros_pi_ws/install/robot_odom/share/robot_odom/hook/cmake_prefix_path.dsv'
[95.071s] INFO:colcon.colcon_core.shell:Creating environment hook '/home/pi/microros_pi_ws/install/robot_odom/share/robot_odom/hook/cmake_prefix_path.sh'
[95.076s] Level 1:colcon.colcon_core.environment:checking '/home/pi/microros_pi_ws/install/robot_odom/lib'
[95.077s] Level 1:colcon.colcon_core.environment:checking '/home/pi/microros_pi_ws/install/robot_odom/bin'
[95.078s] Level 1:colcon.colcon_core.environment:checking '/home/pi/microros_pi_ws/install/robot_odom/lib/pkgconfig/robot_odom.pc'
[95.079s] Level 1:colcon.colcon_core.environment:checking '/home/pi/microros_pi_ws/install/robot_odom/lib/python3.10/site-packages'
[95.081s] Level 1:colcon.colcon_core.environment:checking '/home/pi/microros_pi_ws/install/robot_odom/bin'
[95.083s] INFO:colcon.colcon_core.shell:Creating package script '/home/pi/microros_pi_ws/install/robot_odom/share/robot_odom/package.ps1'
[95.087s] INFO:colcon.colcon_core.shell:Creating package descriptor '/home/pi/microros_pi_ws/install/robot_odom/share/robot_odom/package.dsv'
[95.090s] INFO:colcon.colcon_core.shell:Creating package script '/home/pi/microros_pi_ws/install/robot_odom/share/robot_odom/package.sh'
[95.094s] INFO:colcon.colcon_core.shell:Creating package script '/home/pi/microros_pi_ws/install/robot_odom/share/robot_odom/package.bash'
[95.097s] INFO:colcon.colcon_core.shell:Creating package script '/home/pi/microros_pi_ws/install/robot_odom/share/robot_odom/package.zsh'
[95.100s] Level 1:colcon.colcon_core.environment:create_file_with_runtime_dependencies(/home/pi/microros_pi_ws/install/robot_odom/share/colcon-core/packages/robot_odom)
[95.104s] Level 1:colcon.colcon_core.environment:create_environment_scripts_only(robot_odom)
[95.105s] Level 1:colcon.colcon_core.environment:checking '/home/pi/microros_pi_ws/install/robot_odom' for CMake module files
[95.109s] Level 1:colcon.colcon_core.environment:checking '/home/pi/microros_pi_ws/install/robot_odom' for CMake config files
[95.111s] Level 1:colcon.colcon_core.shell:create_environment_hook('robot_odom', 'cmake_prefix_path')
[95.112s] INFO:colcon.colcon_core.shell:Creating environment hook '/home/pi/microros_pi_ws/install/robot_odom/share/robot_odom/hook/cmake_prefix_path.ps1'
[95.115s] INFO:colcon.colcon_core.shell:Creating environment descriptor '/home/pi/microros_pi_ws/install/robot_odom/share/robot_odom/hook/cmake_prefix_path.dsv'
[95.118s] INFO:colcon.colcon_core.shell:Creating environment hook '/home/pi/microros_pi_ws/install/robot_odom/share/robot_odom/hook/cmake_prefix_path.sh'
[95.123s] Level 1:colcon.colcon_core.environment:checking '/home/pi/microros_pi_ws/install/robot_odom/lib'
[95.124s] Level 1:colcon.colcon_core.environment:checking '/home/pi/microros_pi_ws/install/robot_odom/bin'
[95.125s] Level 1:colcon.colcon_core.environment:checking '/home/pi/microros_pi_ws/install/robot_odom/lib/pkgconfig/robot_odom.pc'
[95.126s] Level 1:colcon.colcon_core.environment:checking '/home/pi/microros_pi_ws/install/robot_odom/lib/python3.10/site-packages'
[95.129s] Level 1:colcon.colcon_core.environment:checking '/home/pi/microros_pi_ws/install/robot_odom/bin'
[95.130s] INFO:colcon.colcon_core.shell:Creating package script '/home/pi/microros_pi_ws/install/robot_odom/share/robot_odom/package.ps1'
[95.134s] INFO:colcon.colcon_core.shell:Creating package descriptor '/home/pi/microros_pi_ws/install/robot_odom/share/robot_odom/package.dsv'
[95.138s] INFO:colcon.colcon_core.shell:Creating package script '/home/pi/microros_pi_ws/install/robot_odom/share/robot_odom/package.sh'
[95.142s] INFO:colcon.colcon_core.shell:Creating package script '/home/pi/microros_pi_ws/install/robot_odom/share/robot_odom/package.bash'
[95.145s] INFO:colcon.colcon_core.shell:Creating package script '/home/pi/microros_pi_ws/install/robot_odom/share/robot_odom/package.zsh'
[95.149s] Level 1:colcon.colcon_core.environment:create_file_with_runtime_dependencies(/home/pi/microros_pi_ws/install/robot_odom/share/colcon-core/packages/robot_odom)
