[3.349s] Invoking command in '/home/pi/ros2_pi_ws/src/motor_control': PYTHONPATH=/home/pi/ros2_pi_ws/build/motor_control/prefix_override:/usr/lib/python3/dist-packages/colcon_core/task/python/colcon_distutils_commands:/home/pi/ros2_pi_ws/install/motor_control/lib/python3.10/site-packages:${PYTHONPATH} /usr/bin/python3 -W ignore:setup.py install is deprecated -W ignore:easy_install command is deprecated setup.py egg_info --egg-base ../../build/motor_control build --build-base /home/pi/ros2_pi_ws/build/motor_control/build install --record /home/pi/ros2_pi_ws/build/motor_control/install.log --single-version-externally-managed install_data
[4.283s] running egg_info
[4.286s] writing ../../build/motor_control/motor_control.egg-info/PKG-INFO
[4.287s] writing dependency_links to ../../build/motor_control/motor_control.egg-info/dependency_links.txt
[4.288s] writing entry points to ../../build/motor_control/motor_control.egg-info/entry_points.txt
[4.288s] writing requirements to ../../build/motor_control/motor_control.egg-info/requires.txt
[4.289s] writing top-level names to ../../build/motor_control/motor_control.egg-info/top_level.txt
[4.296s] reading manifest file '../../build/motor_control/motor_control.egg-info/SOURCES.txt'
[4.301s] writing manifest file '../../build/motor_control/motor_control.egg-info/SOURCES.txt'
[4.301s] running build
[4.302s] running build_py
[4.303s] running install
[4.304s] running install_lib
[4.309s] running install_data
[4.310s] running install_egg_info
[4.317s] removing '/home/pi/ros2_pi_ws/install/motor_control/lib/python3.10/site-packages/motor_control-0.0.0-py3.10.egg-info' (and everything under it)
[4.318s] Copying ../../build/motor_control/motor_control.egg-info to /home/pi/ros2_pi_ws/install/motor_control/lib/python3.10/site-packages/motor_control-0.0.0-py3.10.egg-info
[4.323s] running install_scripts
[4.399s] Installing motor_control_node script to /home/pi/ros2_pi_ws/install/motor_control/lib/motor_control
[4.401s] writing list of installed files to '/home/pi/ros2_pi_ws/build/motor_control/install.log'
[4.510s] Invoked command in '/home/pi/ros2_pi_ws/src/motor_control' returned '0': PYTHONPATH=/home/pi/ros2_pi_ws/build/motor_control/prefix_override:/usr/lib/python3/dist-packages/colcon_core/task/python/colcon_distutils_commands:/home/pi/ros2_pi_ws/install/motor_control/lib/python3.10/site-packages:${PYTHONPATH} /usr/bin/python3 -W ignore:setup.py install is deprecated -W ignore:easy_install command is deprecated setup.py egg_info --egg-base ../../build/motor_control build --build-base /home/pi/ros2_pi_ws/build/motor_control/build install --record /home/pi/ros2_pi_ws/build/motor_control/install.log --single-version-externally-managed install_data
