[5.315s] Invoking command in '/home/pi/ros2_pi_ws/src/motor_control': PYTHONPATH=/home/pi/ros2_pi_ws/build/motor_control/prefix_override:/usr/lib/python3/dist-packages/colcon_core/task/python/colcon_distutils_commands:/home/pi/ros2_pi_ws/install/motor_control/lib/python3.10/site-packages:${PYTHONPATH} /usr/bin/python3 -W ignore:setup.py install is deprecated -W ignore:easy_install command is deprecated setup.py egg_info --egg-base ../../build/motor_control build --build-base /home/pi/ros2_pi_ws/build/motor_control/build install --record /home/pi/ros2_pi_ws/build/motor_control/install.log --single-version-externally-managed install_data
[6.904s] running egg_info
[6.910s] writing ../../build/motor_control/motor_control.egg-info/PKG-INFO
[6.912s] writing dependency_links to ../../build/motor_control/motor_control.egg-info/dependency_links.txt
[6.913s] writing entry points to ../../build/motor_control/motor_control.egg-info/entry_points.txt
[6.915s] writing requirements to ../../build/motor_control/motor_control.egg-info/requires.txt
[6.916s] writing top-level names to ../../build/motor_control/motor_control.egg-info/top_level.txt
[6.930s] reading manifest file '../../build/motor_control/motor_control.egg-info/SOURCES.txt'
[6.933s] writing manifest file '../../build/motor_control/motor_control.egg-info/SOURCES.txt'
[6.934s] running build
[6.935s] running build_py
[6.936s] running install
[6.938s] running install_lib
[6.947s] running install_data
[6.948s] running install_egg_info
[6.966s] removing '/home/pi/ros2_pi_ws/install/motor_control/lib/python3.10/site-packages/motor_control-0.0.0-py3.10.egg-info' (and everything under it)
[6.972s] Copying ../../build/motor_control/motor_control.egg-info to /home/pi/ros2_pi_ws/install/motor_control/lib/python3.10/site-packages/motor_control-0.0.0-py3.10.egg-info
[6.985s] running install_scripts
[7.127s] Installing motor_control_node script to /home/pi/ros2_pi_ws/install/motor_control/lib/motor_control
[7.129s] writing list of installed files to '/home/pi/ros2_pi_ws/build/motor_control/install.log'
[7.342s] Invoked command in '/home/pi/ros2_pi_ws/src/motor_control' returned '0': PYTHONPATH=/home/pi/ros2_pi_ws/build/motor_control/prefix_override:/usr/lib/python3/dist-packages/colcon_core/task/python/colcon_distutils_commands:/home/pi/ros2_pi_ws/install/motor_control/lib/python3.10/site-packages:${PYTHONPATH} /usr/bin/python3 -W ignore:setup.py install is deprecated -W ignore:easy_install command is deprecated setup.py egg_info --egg-base ../../build/motor_control build --build-base /home/pi/ros2_pi_ws/build/motor_control/build install --record /home/pi/ros2_pi_ws/build/motor_control/install.log --single-version-externally-managed install_data
