[1.645s] Invoking command in '/home/pi/microros_pi_ws/build/robot_odom': CMAKE_PREFIX_PATH=${CMAKE_PREFIX_PATH}:/home/pi/microros_pi_ws/install/motor_control:/opt/ros/humble /usr/bin/cmake --build /home/pi/microros_pi_ws/build/robot_odom -- -j4 -l4
[2.228s] [100%] Built target odom
[2.293s] Invoked command in '/home/pi/microros_pi_ws/build/robot_odom' returned '0': CMAKE_PREFIX_PATH=${CMAKE_PREFIX_PATH}:/home/pi/microros_pi_ws/install/motor_control:/opt/ros/humble /usr/bin/cmake --build /home/pi/microros_pi_ws/build/robot_odom -- -j4 -l4
[2.304s] Invoking command in '/home/pi/microros_pi_ws/build/robot_odom': CMAKE_PREFIX_PATH=${CMAKE_PREFIX_PATH}:/home/pi/microros_pi_ws/install/motor_control:/opt/ros/humble /usr/bin/cmake --install /home/pi/microros_pi_ws/build/robot_odom
[2.346s] -- Install configuration: ""
[2.354s] -- Up-to-date: /home/pi/microros_pi_ws/install/robot_odom/lib/robot_odom/odom
[2.354s] -- Up-to-date: /home/pi/microros_pi_ws/install/robot_odom/share/ament_index/resource_index/package_run_dependencies/robot_odom
[2.355s] -- Up-to-date: /home/pi/microros_pi_ws/install/robot_odom/share/ament_index/resource_index/parent_prefix_path/robot_odom
[2.362s] -- Up-to-date: /home/pi/microros_pi_ws/install/robot_odom/share/robot_odom/environment/ament_prefix_path.sh
[2.374s] -- Up-to-date: /home/pi/microros_pi_ws/install/robot_odom/share/robot_odom/environment/ament_prefix_path.dsv
[2.376s] -- Up-to-date: /home/pi/microros_pi_ws/install/robot_odom/share/robot_odom/environment/path.sh
[2.379s] -- Up-to-date: /home/pi/microros_pi_ws/install/robot_odom/share/robot_odom/environment/path.dsv
[2.382s] -- Up-to-date: /home/pi/microros_pi_ws/install/robot_odom/share/robot_odom/local_setup.bash
[2.385s] -- Up-to-date: /home/pi/microros_pi_ws/install/robot_odom/share/robot_odom/local_setup.sh
[2.387s] -- Up-to-date: /home/pi/microros_pi_ws/install/robot_odom/share/robot_odom/local_setup.zsh
[2.389s] -- Up-to-date: /home/pi/microros_pi_ws/install/robot_odom/share/robot_odom/local_setup.dsv
[2.390s] -- Installing: /home/pi/microros_pi_ws/install/robot_odom/share/robot_odom/package.dsv
[2.391s] -- Up-to-date: /home/pi/microros_pi_ws/install/robot_odom/share/ament_index/resource_index/packages/robot_odom
[2.391s] -- Up-to-date: /home/pi/microros_pi_ws/install/robot_odom/share/robot_odom/cmake/robot_odomConfig.cmake
[2.392s] -- Up-to-date: /home/pi/microros_pi_ws/install/robot_odom/share/robot_odom/cmake/robot_odomConfig-version.cmake
[2.396s] -- Up-to-date: /home/pi/microros_pi_ws/install/robot_odom/share/robot_odom/package.xml
[2.412s] Invoked command in '/home/pi/microros_pi_ws/build/robot_odom' returned '0': CMAKE_PREFIX_PATH=${CMAKE_PREFIX_PATH}:/home/pi/microros_pi_ws/install/motor_control:/opt/ros/humble /usr/bin/cmake --install /home/pi/microros_pi_ws/build/robot_odom
