[0.138s] Invoking command in '/home/pi/microros_pi_ws/build/micro_ros_msgs': CMAKE_PREFIX_PATH=${CMAKE_PREFIX_PATH}:/home/pi/microros_pi_ws/install/motor_control:/opt/ros/humble /usr/bin/cmake --build /home/pi/microros_pi_ws/build/micro_ros_msgs -- -j4 -l4
[0.752s] [  2%] Built target micro_ros_msgs__cpp
[0.904s] [  2%] Built target ament_cmake_python_copy_micro_ros_msgs
[0.911s] [ 12%] Built target micro_ros_msgs__rosidl_generator_c
[1.065s] [ 23%] Built target micro_ros_msgs__rosidl_typesupport_cpp
[1.084s] [ 34%] Built target micro_ros_msgs__rosidl_typesupport_fastrtps_cpp
[1.161s] [ 44%] Built target micro_ros_msgs__rosidl_typesupport_introspection_cpp
[1.247s] [ 55%] Built target micro_ros_msgs__rosidl_typesupport_fastrtps_c
[1.299s] [ 65%] Built target micro_ros_msgs__rosidl_typesupport_introspection_c
[1.336s] [ 76%] Built target micro_ros_msgs__rosidl_typesupport_c
[1.454s] [ 76%] Built target micro_ros_msgs
[1.576s] [ 78%] Built target micro_ros_msgs__py
[1.793s] [ 87%] Built target micro_ros_msgs__rosidl_generator_py
[2.063s] [ 91%] Built target micro_ros_msgs__rosidl_typesupport_c__pyext
[2.068s] [ 95%] Built target micro_ros_msgs__rosidl_typesupport_fastrtps_c__pyext
[2.097s] [100%] Built target micro_ros_msgs__rosidl_typesupport_introspection_c__pyext
[2.670s] running egg_info
[2.673s] writing micro_ros_msgs.egg-info/PKG-INFO
[2.674s] writing dependency_links to micro_ros_msgs.egg-info/dependency_links.txt
[2.675s] writing top-level names to micro_ros_msgs.egg-info/top_level.txt
[2.717s] reading manifest file 'micro_ros_msgs.egg-info/SOURCES.txt'
[2.726s] writing manifest file 'micro_ros_msgs.egg-info/SOURCES.txt'
[2.923s] [100%] Built target ament_cmake_python_build_micro_ros_msgs_egg
[2.983s] Invoked command in '/home/pi/microros_pi_ws/build/micro_ros_msgs' returned '0': CMAKE_PREFIX_PATH=${CMAKE_PREFIX_PATH}:/home/pi/microros_pi_ws/install/motor_control:/opt/ros/humble /usr/bin/cmake --build /home/pi/microros_pi_ws/build/micro_ros_msgs -- -j4 -l4
[3.009s] Invoking command in '/home/pi/microros_pi_ws/build/micro_ros_msgs': CMAKE_PREFIX_PATH=${CMAKE_PREFIX_PATH}:/home/pi/microros_pi_ws/install/motor_control:/opt/ros/humble /usr/bin/cmake --install /home/pi/microros_pi_ws/build/micro_ros_msgs
[3.049s] -- Install configuration: ""
[3.050s] -- Up-to-date: /home/pi/microros_pi_ws/install/micro_ros_msgs/share/ament_index/resource_index/rosidl_interfaces/micro_ros_msgs
[3.050s] -- Up-to-date: /home/pi/microros_pi_ws/install/micro_ros_msgs/include/micro_ros_msgs/micro_ros_msgs
[3.051s] -- Up-to-date: /home/pi/microros_pi_ws/install/micro_ros_msgs/include/micro_ros_msgs/micro_ros_msgs/msg
[3.053s] -- Up-to-date: /home/pi/microros_pi_ws/install/micro_ros_msgs/include/micro_ros_msgs/micro_ros_msgs/msg/graph.h
[3.054s] -- Up-to-date: /home/pi/microros_pi_ws/install/micro_ros_msgs/include/micro_ros_msgs/micro_ros_msgs/msg/node.h
[3.055s] -- Up-to-date: /home/pi/microros_pi_ws/install/micro_ros_msgs/include/micro_ros_msgs/micro_ros_msgs/msg/entity.h
[3.056s] -- Up-to-date: /home/pi/microros_pi_ws/install/micro_ros_msgs/include/micro_ros_msgs/micro_ros_msgs/msg/rosidl_generator_c__visibility_control.h
[3.057s] -- Up-to-date: /home/pi/microros_pi_ws/install/micro_ros_msgs/include/micro_ros_msgs/micro_ros_msgs/msg/detail
[3.065s] -- Up-to-date: /home/pi/microros_pi_ws/install/micro_ros_msgs/include/micro_ros_msgs/micro_ros_msgs/msg/detail/entity__struct.h
[3.067s] -- Up-to-date: /home/pi/microros_pi_ws/install/micro_ros_msgs/include/micro_ros_msgs/micro_ros_msgs/msg/detail/graph__functions.c
[3.068s] -- Up-to-date: /home/pi/microros_pi_ws/install/micro_ros_msgs/include/micro_ros_msgs/micro_ros_msgs/msg/detail/entity__functions.h
[3.069s] -- Up-to-date: /home/pi/microros_pi_ws/install/micro_ros_msgs/include/micro_ros_msgs/micro_ros_msgs/msg/detail/node__type_support.h
[3.071s] -- Up-to-date: /home/pi/microros_pi_ws/install/micro_ros_msgs/include/micro_ros_msgs/micro_ros_msgs/msg/detail/graph__type_support.h
[3.072s] -- Up-to-date: /home/pi/microros_pi_ws/install/micro_ros_msgs/include/micro_ros_msgs/micro_ros_msgs/msg/detail/node__functions.c
[3.074s] -- Up-to-date: /home/pi/microros_pi_ws/install/micro_ros_msgs/include/micro_ros_msgs/micro_ros_msgs/msg/detail/graph__functions.h
[3.075s] -- Up-to-date: /home/pi/microros_pi_ws/install/micro_ros_msgs/include/micro_ros_msgs/micro_ros_msgs/msg/detail/entity__type_support.h
[3.076s] -- Up-to-date: /home/pi/microros_pi_ws/install/micro_ros_msgs/include/micro_ros_msgs/micro_ros_msgs/msg/detail/graph__struct.h
[3.076s] -- Up-to-date: /home/pi/microros_pi_ws/install/micro_ros_msgs/include/micro_ros_msgs/micro_ros_msgs/msg/detail/entity__functions.c
[3.077s] -- Up-to-date: /home/pi/microros_pi_ws/install/micro_ros_msgs/include/micro_ros_msgs/micro_ros_msgs/msg/detail/node__functions.h
[3.078s] -- Up-to-date: /home/pi/microros_pi_ws/install/micro_ros_msgs/include/micro_ros_msgs/micro_ros_msgs/msg/detail/node__struct.h
[3.079s] -- Up-to-date: /home/pi/microros_pi_ws/install/micro_ros_msgs/share/micro_ros_msgs/environment/library_path.sh
[3.080s] -- Up-to-date: /home/pi/microros_pi_ws/install/micro_ros_msgs/share/micro_ros_msgs/environment/library_path.dsv
[3.081s] -- Up-to-date: /home/pi/microros_pi_ws/install/micro_ros_msgs/lib/libmicro_ros_msgs__rosidl_generator_c.so
[3.082s] -- Up-to-date: /home/pi/microros_pi_ws/install/micro_ros_msgs/include/micro_ros_msgs/micro_ros_msgs
[3.082s] -- Up-to-date: /home/pi/microros_pi_ws/install/micro_ros_msgs/include/micro_ros_msgs/micro_ros_msgs/msg
[3.083s] -- Up-to-date: /home/pi/microros_pi_ws/install/micro_ros_msgs/include/micro_ros_msgs/micro_ros_msgs/msg/rosidl_typesupport_fastrtps_c__visibility_control.h
[3.084s] -- Up-to-date: /home/pi/microros_pi_ws/install/micro_ros_msgs/include/micro_ros_msgs/micro_ros_msgs/msg/detail
[3.088s] -- Up-to-date: /home/pi/microros_pi_ws/install/micro_ros_msgs/include/micro_ros_msgs/micro_ros_msgs/msg/detail/node__rosidl_typesupport_fastrtps_c.h
[3.089s] -- Up-to-date: /home/pi/microros_pi_ws/install/micro_ros_msgs/include/micro_ros_msgs/micro_ros_msgs/msg/detail/entity__rosidl_typesupport_fastrtps_c.h
[3.090s] -- Up-to-date: /home/pi/microros_pi_ws/install/micro_ros_msgs/include/micro_ros_msgs/micro_ros_msgs/msg/detail/graph__rosidl_typesupport_fastrtps_c.h
[3.090s] -- Up-to-date: /home/pi/microros_pi_ws/install/micro_ros_msgs/lib/libmicro_ros_msgs__rosidl_typesupport_fastrtps_c.so
[3.091s] -- Up-to-date: /home/pi/microros_pi_ws/install/micro_ros_msgs/include/micro_ros_msgs/micro_ros_msgs
[3.096s] -- Up-to-date: /home/pi/microros_pi_ws/install/micro_ros_msgs/include/micro_ros_msgs/micro_ros_msgs/msg
[3.097s] -- Up-to-date: /home/pi/microros_pi_ws/install/micro_ros_msgs/include/micro_ros_msgs/micro_ros_msgs/msg/detail
[3.100s] -- Up-to-date: /home/pi/microros_pi_ws/install/micro_ros_msgs/include/micro_ros_msgs/micro_ros_msgs/msg/detail/graph__rosidl_typesupport_introspection_c.h
[3.102s] -- Up-to-date: /home/pi/microros_pi_ws/install/micro_ros_msgs/include/micro_ros_msgs/micro_ros_msgs/msg/detail/node__type_support.c
[3.104s] -- Up-to-date: /home/pi/microros_pi_ws/install/micro_ros_msgs/include/micro_ros_msgs/micro_ros_msgs/msg/detail/node__rosidl_typesupport_introspection_c.h
[3.106s] -- Up-to-date: /home/pi/microros_pi_ws/install/micro_ros_msgs/include/micro_ros_msgs/micro_ros_msgs/msg/detail/entity__rosidl_typesupport_introspection_c.h
[3.107s] -- Up-to-date: /home/pi/microros_pi_ws/install/micro_ros_msgs/include/micro_ros_msgs/micro_ros_msgs/msg/detail/entity__type_support.c
[3.108s] -- Up-to-date: /home/pi/microros_pi_ws/install/micro_ros_msgs/include/micro_ros_msgs/micro_ros_msgs/msg/detail/graph__type_support.c
[3.109s] -- Up-to-date: /home/pi/microros_pi_ws/install/micro_ros_msgs/include/micro_ros_msgs/micro_ros_msgs/msg/rosidl_typesupport_introspection_c__visibility_control.h
[3.110s] -- Up-to-date: /home/pi/microros_pi_ws/install/micro_ros_msgs/lib/libmicro_ros_msgs__rosidl_typesupport_introspection_c.so
[3.115s] -- Up-to-date: /home/pi/microros_pi_ws/install/micro_ros_msgs/lib/libmicro_ros_msgs__rosidl_typesupport_c.so
[3.118s] -- Up-to-date: /home/pi/microros_pi_ws/install/micro_ros_msgs/include/micro_ros_msgs/micro_ros_msgs
[3.120s] -- Up-to-date: /home/pi/microros_pi_ws/install/micro_ros_msgs/include/micro_ros_msgs/micro_ros_msgs/msg
[3.121s] -- Up-to-date: /home/pi/microros_pi_ws/install/micro_ros_msgs/include/micro_ros_msgs/micro_ros_msgs/msg/node.hpp
[3.131s] -- Up-to-date: /home/pi/microros_pi_ws/install/micro_ros_msgs/include/micro_ros_msgs/micro_ros_msgs/msg/entity.hpp
[3.132s] -- Up-to-date: /home/pi/microros_pi_ws/install/micro_ros_msgs/include/micro_ros_msgs/micro_ros_msgs/msg/graph.hpp
[3.143s] -- Up-to-date: /home/pi/microros_pi_ws/install/micro_ros_msgs/include/micro_ros_msgs/micro_ros_msgs/msg/detail
[3.147s] -- Up-to-date: /home/pi/microros_pi_ws/install/micro_ros_msgs/include/micro_ros_msgs/micro_ros_msgs/msg/detail/node__traits.hpp
[3.148s] -- Up-to-date: /home/pi/microros_pi_ws/install/micro_ros_msgs/include/micro_ros_msgs/micro_ros_msgs/msg/detail/graph__struct.hpp
[3.149s] -- Up-to-date: /home/pi/microros_pi_ws/install/micro_ros_msgs/include/micro_ros_msgs/micro_ros_msgs/msg/detail/entity__type_support.hpp
[3.151s] -- Up-to-date: /home/pi/microros_pi_ws/install/micro_ros_msgs/include/micro_ros_msgs/micro_ros_msgs/msg/detail/entity__builder.hpp
[3.152s] -- Up-to-date: /home/pi/microros_pi_ws/install/micro_ros_msgs/include/micro_ros_msgs/micro_ros_msgs/msg/detail/node__builder.hpp
[3.153s] -- Up-to-date: /home/pi/microros_pi_ws/install/micro_ros_msgs/include/micro_ros_msgs/micro_ros_msgs/msg/detail/graph__builder.hpp
[3.154s] -- Up-to-date: /home/pi/microros_pi_ws/install/micro_ros_msgs/include/micro_ros_msgs/micro_ros_msgs/msg/detail/node__type_support.hpp
[3.154s] -- Up-to-date: /home/pi/microros_pi_ws/install/micro_ros_msgs/include/micro_ros_msgs/micro_ros_msgs/msg/detail/node__struct.hpp
[3.155s] -- Up-to-date: /home/pi/microros_pi_ws/install/micro_ros_msgs/include/micro_ros_msgs/micro_ros_msgs/msg/detail/entity__traits.hpp
[3.155s] -- Up-to-date: /home/pi/microros_pi_ws/install/micro_ros_msgs/include/micro_ros_msgs/micro_ros_msgs/msg/detail/graph__traits.hpp
[3.156s] -- Up-to-date: /home/pi/microros_pi_ws/install/micro_ros_msgs/include/micro_ros_msgs/micro_ros_msgs/msg/detail/graph__type_support.hpp
[3.156s] -- Up-to-date: /home/pi/microros_pi_ws/install/micro_ros_msgs/include/micro_ros_msgs/micro_ros_msgs/msg/detail/entity__struct.hpp
[3.157s] -- Up-to-date: /home/pi/microros_pi_ws/install/micro_ros_msgs/include/micro_ros_msgs/micro_ros_msgs/msg/rosidl_generator_cpp__visibility_control.hpp
[3.158s] -- Up-to-date: /home/pi/microros_pi_ws/install/micro_ros_msgs/include/micro_ros_msgs/micro_ros_msgs
[3.158s] -- Up-to-date: /home/pi/microros_pi_ws/install/micro_ros_msgs/include/micro_ros_msgs/micro_ros_msgs/msg
[3.159s] -- Up-to-date: /home/pi/microros_pi_ws/install/micro_ros_msgs/include/micro_ros_msgs/micro_ros_msgs/msg/rosidl_typesupport_fastrtps_cpp__visibility_control.h
[3.160s] -- Up-to-date: /home/pi/microros_pi_ws/install/micro_ros_msgs/include/micro_ros_msgs/micro_ros_msgs/msg/detail
[3.161s] -- Up-to-date: /home/pi/microros_pi_ws/install/micro_ros_msgs/include/micro_ros_msgs/micro_ros_msgs/msg/detail/node__rosidl_typesupport_fastrtps_cpp.hpp
[3.162s] -- Up-to-date: /home/pi/microros_pi_ws/install/micro_ros_msgs/include/micro_ros_msgs/micro_ros_msgs/msg/detail/dds_fastrtps
[3.163s] -- Up-to-date: /home/pi/microros_pi_ws/install/micro_ros_msgs/include/micro_ros_msgs/micro_ros_msgs/msg/detail/entity__rosidl_typesupport_fastrtps_cpp.hpp
[3.169s] -- Up-to-date: /home/pi/microros_pi_ws/install/micro_ros_msgs/include/micro_ros_msgs/micro_ros_msgs/msg/detail/graph__rosidl_typesupport_fastrtps_cpp.hpp
[3.170s] -- Up-to-date: /home/pi/microros_pi_ws/install/micro_ros_msgs/lib/libmicro_ros_msgs__rosidl_typesupport_fastrtps_cpp.so
[3.171s] -- Up-to-date: /home/pi/microros_pi_ws/install/micro_ros_msgs/include/micro_ros_msgs/micro_ros_msgs
[3.173s] -- Up-to-date: /home/pi/microros_pi_ws/install/micro_ros_msgs/include/micro_ros_msgs/micro_ros_msgs/msg
[3.176s] -- Up-to-date: /home/pi/microros_pi_ws/install/micro_ros_msgs/include/micro_ros_msgs/micro_ros_msgs/msg/detail
[3.178s] -- Up-to-date: /home/pi/microros_pi_ws/install/micro_ros_msgs/include/micro_ros_msgs/micro_ros_msgs/msg/detail/node__rosidl_typesupport_introspection_cpp.hpp
[3.179s] -- Up-to-date: /home/pi/microros_pi_ws/install/micro_ros_msgs/include/micro_ros_msgs/micro_ros_msgs/msg/detail/graph__type_support.cpp
[3.181s] -- Up-to-date: /home/pi/microros_pi_ws/install/micro_ros_msgs/include/micro_ros_msgs/micro_ros_msgs/msg/detail/entity__rosidl_typesupport_introspection_cpp.hpp
[3.181s] -- Up-to-date: /home/pi/microros_pi_ws/install/micro_ros_msgs/include/micro_ros_msgs/micro_ros_msgs/msg/detail/entity__type_support.cpp
[3.182s] -- Up-to-date: /home/pi/microros_pi_ws/install/micro_ros_msgs/include/micro_ros_msgs/micro_ros_msgs/msg/detail/node__type_support.cpp
[3.183s] -- Up-to-date: /home/pi/microros_pi_ws/install/micro_ros_msgs/include/micro_ros_msgs/micro_ros_msgs/msg/detail/graph__rosidl_typesupport_introspection_cpp.hpp
[3.183s] -- Up-to-date: /home/pi/microros_pi_ws/install/micro_ros_msgs/lib/libmicro_ros_msgs__rosidl_typesupport_introspection_cpp.so
[3.184s] -- Up-to-date: /home/pi/microros_pi_ws/install/micro_ros_msgs/lib/libmicro_ros_msgs__rosidl_typesupport_cpp.so
[3.184s] -- Up-to-date: /home/pi/microros_pi_ws/install/micro_ros_msgs/share/micro_ros_msgs/environment/pythonpath.sh
[3.187s] -- Up-to-date: /home/pi/microros_pi_ws/install/micro_ros_msgs/share/micro_ros_msgs/environment/pythonpath.dsv
[3.188s] -- Up-to-date: /home/pi/microros_pi_ws/install/micro_ros_msgs/local/lib/python3.10/dist-packages/micro_ros_msgs-3.0.1-py3.10.egg-info
[3.188s] -- Installing: /home/pi/microros_pi_ws/install/micro_ros_msgs/local/lib/python3.10/dist-packages/micro_ros_msgs-3.0.1-py3.10.egg-info/PKG-INFO
[3.189s] -- Installing: /home/pi/microros_pi_ws/install/micro_ros_msgs/local/lib/python3.10/dist-packages/micro_ros_msgs-3.0.1-py3.10.egg-info/top_level.txt
[3.190s] -- Installing: /home/pi/microros_pi_ws/install/micro_ros_msgs/local/lib/python3.10/dist-packages/micro_ros_msgs-3.0.1-py3.10.egg-info/SOURCES.txt
[3.190s] -- Installing: /home/pi/microros_pi_ws/install/micro_ros_msgs/local/lib/python3.10/dist-packages/micro_ros_msgs-3.0.1-py3.10.egg-info/dependency_links.txt
[3.191s] -- Up-to-date: /home/pi/microros_pi_ws/install/micro_ros_msgs/local/lib/python3.10/dist-packages/micro_ros_msgs
[3.191s] -- Up-to-date: /home/pi/microros_pi_ws/install/micro_ros_msgs/local/lib/python3.10/dist-packages/micro_ros_msgs/micro_ros_msgs_s__rosidl_typesupport_fastrtps_c.cpython-310-aarch64-linux-gnu.so
[3.192s] -- Up-to-date: /home/pi/microros_pi_ws/install/micro_ros_msgs/local/lib/python3.10/dist-packages/micro_ros_msgs/_micro_ros_msgs_s.ep.rosidl_typesupport_introspection_c.c
[3.192s] -- Up-to-date: /home/pi/microros_pi_ws/install/micro_ros_msgs/local/lib/python3.10/dist-packages/micro_ros_msgs/__init__.py
[3.193s] -- Up-to-date: /home/pi/microros_pi_ws/install/micro_ros_msgs/local/lib/python3.10/dist-packages/micro_ros_msgs/micro_ros_msgs_s__rosidl_typesupport_c.cpython-310-aarch64-linux-gnu.so
[3.193s] -- Up-to-date: /home/pi/microros_pi_ws/install/micro_ros_msgs/local/lib/python3.10/dist-packages/micro_ros_msgs/micro_ros_msgs_s__rosidl_typesupport_introspection_c.cpython-310-aarch64-linux-gnu.so
[3.194s] -- Up-to-date: /home/pi/microros_pi_ws/install/micro_ros_msgs/local/lib/python3.10/dist-packages/micro_ros_msgs/_micro_ros_msgs_s.ep.rosidl_typesupport_fastrtps_c.c
[3.195s] -- Up-to-date: /home/pi/microros_pi_ws/install/micro_ros_msgs/local/lib/python3.10/dist-packages/micro_ros_msgs/_micro_ros_msgs_s.ep.rosidl_typesupport_c.c
[3.195s] -- Up-to-date: /home/pi/microros_pi_ws/install/micro_ros_msgs/local/lib/python3.10/dist-packages/micro_ros_msgs/msg
[3.196s] -- Up-to-date: /home/pi/microros_pi_ws/install/micro_ros_msgs/local/lib/python3.10/dist-packages/micro_ros_msgs/msg/_node_s.c
[3.197s] -- Up-to-date: /home/pi/microros_pi_ws/install/micro_ros_msgs/local/lib/python3.10/dist-packages/micro_ros_msgs/msg/__init__.py
[3.197s] -- Up-to-date: /home/pi/microros_pi_ws/install/micro_ros_msgs/local/lib/python3.10/dist-packages/micro_ros_msgs/msg/_graph_s.c
[3.198s] -- Up-to-date: /home/pi/microros_pi_ws/install/micro_ros_msgs/local/lib/python3.10/dist-packages/micro_ros_msgs/msg/_entity.py
[3.198s] -- Up-to-date: /home/pi/microros_pi_ws/install/micro_ros_msgs/local/lib/python3.10/dist-packages/micro_ros_msgs/msg/_graph.py
[3.210s] -- Up-to-date: /home/pi/microros_pi_ws/install/micro_ros_msgs/local/lib/python3.10/dist-packages/micro_ros_msgs/msg/_entity_s.c
[3.211s] -- Up-to-date: /home/pi/microros_pi_ws/install/micro_ros_msgs/local/lib/python3.10/dist-packages/micro_ros_msgs/msg/_node.py
[3.212s] -- Up-to-date: /home/pi/microros_pi_ws/install/micro_ros_msgs/local/lib/python3.10/dist-packages/micro_ros_msgs/libmicro_ros_msgs__rosidl_generator_py.so
[3.330s] Listing '/home/pi/microros_pi_ws/install/micro_ros_msgs/local/lib/python3.10/dist-packages/micro_ros_msgs'...
[3.331s] Listing '/home/pi/microros_pi_ws/install/micro_ros_msgs/local/lib/python3.10/dist-packages/micro_ros_msgs/msg'...
[3.372s] -- Up-to-date: /home/pi/microros_pi_ws/install/micro_ros_msgs/local/lib/python3.10/dist-packages/micro_ros_msgs/micro_ros_msgs_s__rosidl_typesupport_fastrtps_c.cpython-310-aarch64-linux-gnu.so
[3.375s] -- Up-to-date: /home/pi/microros_pi_ws/install/micro_ros_msgs/local/lib/python3.10/dist-packages/micro_ros_msgs/micro_ros_msgs_s__rosidl_typesupport_introspection_c.cpython-310-aarch64-linux-gnu.so
[3.380s] -- Up-to-date: /home/pi/microros_pi_ws/install/micro_ros_msgs/local/lib/python3.10/dist-packages/micro_ros_msgs/micro_ros_msgs_s__rosidl_typesupport_c.cpython-310-aarch64-linux-gnu.so
[3.385s] -- Up-to-date: /home/pi/microros_pi_ws/install/micro_ros_msgs/lib/libmicro_ros_msgs__rosidl_generator_py.so
[3.389s] -- Up-to-date: /home/pi/microros_pi_ws/install/micro_ros_msgs/share/micro_ros_msgs/msg/Graph.idl
[3.391s] -- Up-to-date: /home/pi/microros_pi_ws/install/micro_ros_msgs/share/micro_ros_msgs/msg/Node.idl
[3.393s] -- Up-to-date: /home/pi/microros_pi_ws/install/micro_ros_msgs/share/micro_ros_msgs/msg/Entity.idl
[3.395s] -- Up-to-date: /home/pi/microros_pi_ws/install/micro_ros_msgs/share/micro_ros_msgs/msg/Graph.msg
[3.397s] -- Up-to-date: /home/pi/microros_pi_ws/install/micro_ros_msgs/share/micro_ros_msgs/msg/Node.msg
[3.400s] -- Up-to-date: /home/pi/microros_pi_ws/install/micro_ros_msgs/share/micro_ros_msgs/msg/Entity.msg
[3.401s] -- Up-to-date: /home/pi/microros_pi_ws/install/micro_ros_msgs/share/ament_index/resource_index/package_run_dependencies/micro_ros_msgs
[3.402s] -- Up-to-date: /home/pi/microros_pi_ws/install/micro_ros_msgs/share/ament_index/resource_index/parent_prefix_path/micro_ros_msgs
[3.403s] -- Up-to-date: /home/pi/microros_pi_ws/install/micro_ros_msgs/share/micro_ros_msgs/environment/ament_prefix_path.sh
[3.403s] -- Up-to-date: /home/pi/microros_pi_ws/install/micro_ros_msgs/share/micro_ros_msgs/environment/ament_prefix_path.dsv
[3.404s] -- Up-to-date: /home/pi/microros_pi_ws/install/micro_ros_msgs/share/micro_ros_msgs/environment/path.sh
[3.405s] -- Up-to-date: /home/pi/microros_pi_ws/install/micro_ros_msgs/share/micro_ros_msgs/environment/path.dsv
[3.405s] -- Up-to-date: /home/pi/microros_pi_ws/install/micro_ros_msgs/share/micro_ros_msgs/local_setup.bash
[3.406s] -- Up-to-date: /home/pi/microros_pi_ws/install/micro_ros_msgs/share/micro_ros_msgs/local_setup.sh
[3.407s] -- Up-to-date: /home/pi/microros_pi_ws/install/micro_ros_msgs/share/micro_ros_msgs/local_setup.zsh
[3.407s] -- Up-to-date: /home/pi/microros_pi_ws/install/micro_ros_msgs/share/micro_ros_msgs/local_setup.dsv
[3.408s] -- Installing: /home/pi/microros_pi_ws/install/micro_ros_msgs/share/micro_ros_msgs/package.dsv
[3.409s] -- Up-to-date: /home/pi/microros_pi_ws/install/micro_ros_msgs/share/ament_index/resource_index/packages/micro_ros_msgs
[3.411s] -- Up-to-date: /home/pi/microros_pi_ws/install/micro_ros_msgs/share/micro_ros_msgs/cmake/export_micro_ros_msgs__rosidl_generator_cExport.cmake
[3.412s] -- Up-to-date: /home/pi/microros_pi_ws/install/micro_ros_msgs/share/micro_ros_msgs/cmake/export_micro_ros_msgs__rosidl_generator_cExport-noconfig.cmake
[3.415s] -- Up-to-date: /home/pi/microros_pi_ws/install/micro_ros_msgs/share/micro_ros_msgs/cmake/export_micro_ros_msgs__rosidl_typesupport_fastrtps_cExport.cmake
[3.417s] -- Up-to-date: /home/pi/microros_pi_ws/install/micro_ros_msgs/share/micro_ros_msgs/cmake/export_micro_ros_msgs__rosidl_typesupport_fastrtps_cExport-noconfig.cmake
[3.419s] -- Up-to-date: /home/pi/microros_pi_ws/install/micro_ros_msgs/share/micro_ros_msgs/cmake/micro_ros_msgs__rosidl_typesupport_introspection_cExport.cmake
[3.420s] -- Up-to-date: /home/pi/microros_pi_ws/install/micro_ros_msgs/share/micro_ros_msgs/cmake/micro_ros_msgs__rosidl_typesupport_introspection_cExport-noconfig.cmake
[3.423s] -- Up-to-date: /home/pi/microros_pi_ws/install/micro_ros_msgs/share/micro_ros_msgs/cmake/micro_ros_msgs__rosidl_typesupport_cExport.cmake
[3.423s] -- Up-to-date: /home/pi/microros_pi_ws/install/micro_ros_msgs/share/micro_ros_msgs/cmake/micro_ros_msgs__rosidl_typesupport_cExport-noconfig.cmake
[3.425s] -- Up-to-date: /home/pi/microros_pi_ws/install/micro_ros_msgs/share/micro_ros_msgs/cmake/export_micro_ros_msgs__rosidl_generator_cppExport.cmake
[3.428s] -- Up-to-date: /home/pi/microros_pi_ws/install/micro_ros_msgs/share/micro_ros_msgs/cmake/export_micro_ros_msgs__rosidl_typesupport_fastrtps_cppExport.cmake
[3.429s] -- Up-to-date: /home/pi/microros_pi_ws/install/micro_ros_msgs/share/micro_ros_msgs/cmake/export_micro_ros_msgs__rosidl_typesupport_fastrtps_cppExport-noconfig.cmake
[3.432s] -- Up-to-date: /home/pi/microros_pi_ws/install/micro_ros_msgs/share/micro_ros_msgs/cmake/micro_ros_msgs__rosidl_typesupport_introspection_cppExport.cmake
[3.432s] -- Up-to-date: /home/pi/microros_pi_ws/install/micro_ros_msgs/share/micro_ros_msgs/cmake/micro_ros_msgs__rosidl_typesupport_introspection_cppExport-noconfig.cmake
[3.435s] -- Up-to-date: /home/pi/microros_pi_ws/install/micro_ros_msgs/share/micro_ros_msgs/cmake/micro_ros_msgs__rosidl_typesupport_cppExport.cmake
[3.436s] -- Up-to-date: /home/pi/microros_pi_ws/install/micro_ros_msgs/share/micro_ros_msgs/cmake/micro_ros_msgs__rosidl_typesupport_cppExport-noconfig.cmake
[3.439s] -- Up-to-date: /home/pi/microros_pi_ws/install/micro_ros_msgs/share/micro_ros_msgs/cmake/export_micro_ros_msgs__rosidl_generator_pyExport.cmake
[3.440s] -- Up-to-date: /home/pi/microros_pi_ws/install/micro_ros_msgs/share/micro_ros_msgs/cmake/export_micro_ros_msgs__rosidl_generator_pyExport-noconfig.cmake
[3.441s] -- Up-to-date: /home/pi/microros_pi_ws/install/micro_ros_msgs/share/micro_ros_msgs/cmake/rosidl_cmake-extras.cmake
[3.442s] -- Up-to-date: /home/pi/microros_pi_ws/install/micro_ros_msgs/share/micro_ros_msgs/cmake/ament_cmake_export_include_directories-extras.cmake
[3.444s] -- Up-to-date: /home/pi/microros_pi_ws/install/micro_ros_msgs/share/micro_ros_msgs/cmake/ament_cmake_export_libraries-extras.cmake
[3.445s] -- Up-to-date: /home/pi/microros_pi_ws/install/micro_ros_msgs/share/micro_ros_msgs/cmake/ament_cmake_export_targets-extras.cmake
[3.446s] -- Up-to-date: /home/pi/microros_pi_ws/install/micro_ros_msgs/share/micro_ros_msgs/cmake/rosidl_cmake_export_typesupport_targets-extras.cmake
[3.446s] -- Up-to-date: /home/pi/microros_pi_ws/install/micro_ros_msgs/share/micro_ros_msgs/cmake/ament_cmake_export_dependencies-extras.cmake
[3.447s] -- Up-to-date: /home/pi/microros_pi_ws/install/micro_ros_msgs/share/micro_ros_msgs/cmake/rosidl_cmake_export_typesupport_libraries-extras.cmake
[3.448s] -- Up-to-date: /home/pi/microros_pi_ws/install/micro_ros_msgs/share/micro_ros_msgs/cmake/micro_ros_msgsConfig.cmake
[3.448s] -- Up-to-date: /home/pi/microros_pi_ws/install/micro_ros_msgs/share/micro_ros_msgs/cmake/micro_ros_msgsConfig-version.cmake
[3.449s] -- Up-to-date: /home/pi/microros_pi_ws/install/micro_ros_msgs/share/micro_ros_msgs/package.xml
[3.458s] Invoked command in '/home/pi/microros_pi_ws/build/micro_ros_msgs' returned '0': CMAKE_PREFIX_PATH=${CMAKE_PREFIX_PATH}:/home/pi/microros_pi_ws/install/motor_control:/opt/ros/humble /usr/bin/cmake --install /home/pi/microros_pi_ws/build/micro_ros_msgs
