[6.491s] Invoking command in '/home/pi/ros2_pi_ws/src/motor_control': PYTHONPATH=/home/pi/ros2_pi_ws/build/motor_control/prefix_override:/usr/lib/python3/dist-packages/colcon_core/task/python/colcon_distutils_commands:/home/pi/ros2_pi_ws/install/motor_control/lib/python3.10/site-packages:${PYTHONPATH} /usr/bin/python3 -W ignore:setup.py install is deprecated -W ignore:easy_install command is deprecated setup.py egg_info --egg-base ../../build/motor_control build --build-base /home/pi/ros2_pi_ws/build/motor_control/build install --record /home/pi/ros2_pi_ws/build/motor_control/install.log --single-version-externally-managed install_data
[8.072s] running egg_info
[8.076s] writing ../../build/motor_control/motor_control.egg-info/PKG-INFO
[8.078s] writing dependency_links to ../../build/motor_control/motor_control.egg-info/dependency_links.txt
[8.079s] writing entry points to ../../build/motor_control/motor_control.egg-info/entry_points.txt
[8.081s] writing requirements to ../../build/motor_control/motor_control.egg-info/requires.txt
[8.082s] writing top-level names to ../../build/motor_control/motor_control.egg-info/top_level.txt
[8.095s] reading manifest file '../../build/motor_control/motor_control.egg-info/SOURCES.txt'
[8.100s] writing manifest file '../../build/motor_control/motor_control.egg-info/SOURCES.txt'
[8.101s] running build
[8.102s] running build_py
[8.104s] running install
[8.107s] running install_lib
[8.114s] running install_data
[8.115s] running install_egg_info
[8.131s] removing '/home/pi/ros2_pi_ws/install/motor_control/lib/python3.10/site-packages/motor_control-0.0.0-py3.10.egg-info' (and everything under it)
[8.133s] Copying ../../build/motor_control/motor_control.egg-info to /home/pi/ros2_pi_ws/install/motor_control/lib/python3.10/site-packages/motor_control-0.0.0-py3.10.egg-info
[8.143s] running install_scripts
[8.258s] Installing motor_control_node script to /home/pi/ros2_pi_ws/install/motor_control/lib/motor_control
[8.262s] writing list of installed files to '/home/pi/ros2_pi_ws/build/motor_control/install.log'
[8.525s] Invoked command in '/home/pi/ros2_pi_ws/src/motor_control' returned '0': PYTHONPATH=/home/pi/ros2_pi_ws/build/motor_control/prefix_override:/usr/lib/python3/dist-packages/colcon_core/task/python/colcon_distutils_commands:/home/pi/ros2_pi_ws/install/motor_control/lib/python3.10/site-packages:${PYTHONPATH} /usr/bin/python3 -W ignore:setup.py install is deprecated -W ignore:easy_install command is deprecated setup.py egg_info --egg-base ../../build/motor_control build --build-base /home/pi/ros2_pi_ws/build/motor_control/build install --record /home/pi/ros2_pi_ws/build/motor_control/install.log --single-version-externally-managed install_data
