[3.876s] Invoking command in '/home/pi/ros2_pi_ws/src/ros2_opencv': PYTHONPATH=/home/pi/ros2_pi_ws/build/ros2_opencv/prefix_override:/usr/lib/python3/dist-packages/colcon_core/task/python/colcon_distutils_commands:/home/pi/ros2_pi_ws/install/ros2_opencv/lib/python3.10/site-packages:${PYTHONPATH} /usr/bin/python3 -W ignore:setup.py install is deprecated -W ignore:easy_install command is deprecated setup.py egg_info --egg-base ../../build/ros2_opencv build --build-base /home/pi/ros2_pi_ws/build/ros2_opencv/build install --record /home/pi/ros2_pi_ws/build/ros2_opencv/install.log --single-version-externally-managed install_data
[4.974s] running egg_info
[4.977s] creating ../../build/ros2_opencv/ros2_opencv.egg-info
[4.978s] writing ../../build/ros2_opencv/ros2_opencv.egg-info/PKG-INFO
[4.979s] writing dependency_links to ../../build/ros2_opencv/ros2_opencv.egg-info/dependency_links.txt
[4.979s] writing entry points to ../../build/ros2_opencv/ros2_opencv.egg-info/entry_points.txt
[4.980s] writing requirements to ../../build/ros2_opencv/ros2_opencv.egg-info/requires.txt
[4.980s] writing top-level names to ../../build/ros2_opencv/ros2_opencv.egg-info/top_level.txt
[4.981s] writing manifest file '../../build/ros2_opencv/ros2_opencv.egg-info/SOURCES.txt'
[4.988s] reading manifest file '../../build/ros2_opencv/ros2_opencv.egg-info/SOURCES.txt'
[4.991s] writing manifest file '../../build/ros2_opencv/ros2_opencv.egg-info/SOURCES.txt'
[4.991s] running build
[4.992s] running build_py
[4.992s] creating /home/pi/ros2_pi_ws/build/ros2_opencv/build
[4.993s] creating /home/pi/ros2_pi_ws/build/ros2_opencv/build/lib
[4.993s] creating /home/pi/ros2_pi_ws/build/ros2_opencv/build/lib/ros2_opencv
[4.993s] copying ros2_opencv/subscriberImage.py -> /home/pi/ros2_pi_ws/build/ros2_opencv/build/lib/ros2_opencv
[4.994s] copying ros2_opencv/__init__.py -> /home/pi/ros2_pi_ws/build/ros2_opencv/build/lib/ros2_opencv
[4.994s] copying ros2_opencv/cameraPublisher.py -> /home/pi/ros2_pi_ws/build/ros2_opencv/build/lib/ros2_opencv
[4.995s] running install
[4.997s] running install_lib
[5.000s] creating /home/pi/ros2_pi_ws/install/ros2_opencv/lib/python3.10/site-packages/ros2_opencv
[5.000s] copying /home/pi/ros2_pi_ws/build/ros2_opencv/build/lib/ros2_opencv/subscriberImage.py -> /home/pi/ros2_pi_ws/install/ros2_opencv/lib/python3.10/site-packages/ros2_opencv
[5.001s] copying /home/pi/ros2_pi_ws/build/ros2_opencv/build/lib/ros2_opencv/__init__.py -> /home/pi/ros2_pi_ws/install/ros2_opencv/lib/python3.10/site-packages/ros2_opencv
[5.001s] copying /home/pi/ros2_pi_ws/build/ros2_opencv/build/lib/ros2_opencv/cameraPublisher.py -> /home/pi/ros2_pi_ws/install/ros2_opencv/lib/python3.10/site-packages/ros2_opencv
[5.004s] byte-compiling /home/pi/ros2_pi_ws/install/ros2_opencv/lib/python3.10/site-packages/ros2_opencv/subscriberImage.py to subscriberImage.cpython-310.pyc
[5.005s] byte-compiling /home/pi/ros2_pi_ws/install/ros2_opencv/lib/python3.10/site-packages/ros2_opencv/__init__.py to __init__.cpython-310.pyc
[5.006s] byte-compiling /home/pi/ros2_pi_ws/install/ros2_opencv/lib/python3.10/site-packages/ros2_opencv/cameraPublisher.py to cameraPublisher.cpython-310.pyc
[5.008s] running install_data
[5.009s] creating /home/pi/ros2_pi_ws/install/ros2_opencv/share/ament_index
[5.009s] creating /home/pi/ros2_pi_ws/install/ros2_opencv/share/ament_index/resource_index
[5.010s] creating /home/pi/ros2_pi_ws/install/ros2_opencv/share/ament_index/resource_index/packages
[5.010s] copying resource/ros2_opencv -> /home/pi/ros2_pi_ws/install/ros2_opencv/share/ament_index/resource_index/packages
[5.010s] copying package.xml -> /home/pi/ros2_pi_ws/install/ros2_opencv/share/ros2_opencv
[5.011s] running install_egg_info
[5.022s] Copying ../../build/ros2_opencv/ros2_opencv.egg-info to /home/pi/ros2_pi_ws/install/ros2_opencv/lib/python3.10/site-packages/ros2_opencv-0.0.0-py3.10.egg-info
[5.027s] running install_scripts
[5.104s] Installing publisher_node script to /home/pi/ros2_pi_ws/install/ros2_opencv/lib/ros2_opencv
[5.104s] Installing subscriber_node script to /home/pi/ros2_pi_ws/install/ros2_opencv/lib/ros2_opencv
[5.106s] writing list of installed files to '/home/pi/ros2_pi_ws/build/ros2_opencv/install.log'
[5.224s] Invoked command in '/home/pi/ros2_pi_ws/src/ros2_opencv' returned '0': PYTHONPATH=/home/pi/ros2_pi_ws/build/ros2_opencv/prefix_override:/usr/lib/python3/dist-packages/colcon_core/task/python/colcon_distutils_commands:/home/pi/ros2_pi_ws/install/ros2_opencv/lib/python3.10/site-packages:${PYTHONPATH} /usr/bin/python3 -W ignore:setup.py install is deprecated -W ignore:easy_install command is deprecated setup.py egg_info --egg-base ../../build/ros2_opencv build --build-base /home/pi/ros2_pi_ws/build/ros2_opencv/build install --record /home/pi/ros2_pi_ws/build/ros2_opencv/install.log --single-version-externally-managed install_data
