[6.704s] Invoking command in '/home/pi/ros2_pi_ws/src/motor_control': PYTHONPATH=/home/pi/ros2_pi_ws/build/motor_control/prefix_override:/usr/lib/python3/dist-packages/colcon_core/task/python/colcon_distutils_commands:/home/pi/ros2_pi_ws/install/motor_control/lib/python3.10/site-packages:${PYTHONPATH} /usr/bin/python3 -W ignore:setup.py install is deprecated -W ignore:easy_install command is deprecated setup.py egg_info --egg-base ../../build/motor_control build --build-base /home/pi/ros2_pi_ws/build/motor_control/build install --record /home/pi/ros2_pi_ws/build/motor_control/install.log --single-version-externally-managed install_data
[8.344s] running egg_info
[8.349s] writing ../../build/motor_control/motor_control.egg-info/PKG-INFO
[8.350s] writing dependency_links to ../../build/motor_control/motor_control.egg-info/dependency_links.txt
[8.352s] writing entry points to ../../build/motor_control/motor_control.egg-info/entry_points.txt
[8.353s] writing requirements to ../../build/motor_control/motor_control.egg-info/requires.txt
[8.354s] writing top-level names to ../../build/motor_control/motor_control.egg-info/top_level.txt
[8.365s] reading manifest file '../../build/motor_control/motor_control.egg-info/SOURCES.txt'
[8.370s] writing manifest file '../../build/motor_control/motor_control.egg-info/SOURCES.txt'
[8.371s] running build
[8.371s] running build_py
[8.372s] running install
[8.374s] running install_lib
[8.385s] running install_data
[8.387s] running install_egg_info
[8.420s] removing '/home/pi/ros2_pi_ws/install/motor_control/lib/python3.10/site-packages/motor_control-0.0.0-py3.10.egg-info' (and everything under it)
[8.490s] Copying ../../build/motor_control/motor_control.egg-info to /home/pi/ros2_pi_ws/install/motor_control/lib/python3.10/site-packages/motor_control-0.0.0-py3.10.egg-info
[8.504s] running install_scripts
[8.630s] Installing motor_control_node script to /home/pi/ros2_pi_ws/install/motor_control/lib/motor_control
[8.637s] writing list of installed files to '/home/pi/ros2_pi_ws/build/motor_control/install.log'
[8.928s] Invoked command in '/home/pi/ros2_pi_ws/src/motor_control' returned '0': PYTHONPATH=/home/pi/ros2_pi_ws/build/motor_control/prefix_override:/usr/lib/python3/dist-packages/colcon_core/task/python/colcon_distutils_commands:/home/pi/ros2_pi_ws/install/motor_control/lib/python3.10/site-packages:${PYTHONPATH} /usr/bin/python3 -W ignore:setup.py install is deprecated -W ignore:easy_install command is deprecated setup.py egg_info --egg-base ../../build/motor_control build --build-base /home/pi/ros2_pi_ws/build/motor_control/build install --record /home/pi/ros2_pi_ws/build/motor_control/install.log --single-version-externally-managed install_data
