[3.776s] Invoking command in '/home/pi/ros2_pi_ws/src/ros2_opencv': PYTHONPATH=/home/pi/ros2_pi_ws/build/ros2_opencv/prefix_override:/usr/lib/python3/dist-packages/colcon_core/task/python/colcon_distutils_commands:/home/pi/ros2_pi_ws/install/ros2_opencv/lib/python3.10/site-packages:${PYTHONPATH} /usr/bin/python3 -W ignore:setup.py install is deprecated -W ignore:easy_install command is deprecated setup.py egg_info --egg-base ../../build/ros2_opencv build --build-base /home/pi/ros2_pi_ws/build/ros2_opencv/build install --record /home/pi/ros2_pi_ws/build/ros2_opencv/install.log --single-version-externally-managed install_data
[4.874s] running egg_info
[4.878s] writing ../../build/ros2_opencv/ros2_opencv.egg-info/PKG-INFO
[4.879s] writing dependency_links to ../../build/ros2_opencv/ros2_opencv.egg-info/dependency_links.txt
[4.879s] writing entry points to ../../build/ros2_opencv/ros2_opencv.egg-info/entry_points.txt
[4.880s] writing requirements to ../../build/ros2_opencv/ros2_opencv.egg-info/requires.txt
[4.881s] writing top-level names to ../../build/ros2_opencv/ros2_opencv.egg-info/top_level.txt
[4.889s] reading manifest file '../../build/ros2_opencv/ros2_opencv.egg-info/SOURCES.txt'
[4.892s] writing manifest file '../../build/ros2_opencv/ros2_opencv.egg-info/SOURCES.txt'
[4.893s] running build
[4.893s] running build_py
[4.895s] running install
[4.896s] running install_lib
[4.901s] running install_data
[4.902s] running install_egg_info
[4.913s] removing '/home/pi/ros2_pi_ws/install/ros2_opencv/lib/python3.10/site-packages/ros2_opencv-0.0.0-py3.10.egg-info' (and everything under it)
[4.915s] Copying ../../build/ros2_opencv/ros2_opencv.egg-info to /home/pi/ros2_pi_ws/install/ros2_opencv/lib/python3.10/site-packages/ros2_opencv-0.0.0-py3.10.egg-info
[4.920s] running install_scripts
[4.996s] Installing publisher_node script to /home/pi/ros2_pi_ws/install/ros2_opencv/lib/ros2_opencv
[4.997s] Installing subscriber_node script to /home/pi/ros2_pi_ws/install/ros2_opencv/lib/ros2_opencv
[4.999s] writing list of installed files to '/home/pi/ros2_pi_ws/build/ros2_opencv/install.log'
[5.117s] Invoked command in '/home/pi/ros2_pi_ws/src/ros2_opencv' returned '0': PYTHONPATH=/home/pi/ros2_pi_ws/build/ros2_opencv/prefix_override:/usr/lib/python3/dist-packages/colcon_core/task/python/colcon_distutils_commands:/home/pi/ros2_pi_ws/install/ros2_opencv/lib/python3.10/site-packages:${PYTHONPATH} /usr/bin/python3 -W ignore:setup.py install is deprecated -W ignore:easy_install command is deprecated setup.py egg_info --egg-base ../../build/ros2_opencv build --build-base /home/pi/ros2_pi_ws/build/ros2_opencv/build install --record /home/pi/ros2_pi_ws/build/ros2_opencv/install.log --single-version-externally-managed install_data
