[0.119s] Invoking command in '/home/pi/ros2_pi_ws/build/micro_ros_msgs': CMAKE_PREFIX_PATH=${CMAKE_PREFIX_PATH}:/home/pi/ros2_pi_ws/install/myrobot:/home/pi/ros2_pi_ws/install/motor_control:/opt/ros/humble /usr/bin/cmake --build /home/pi/ros2_pi_ws/build/micro_ros_msgs -- -j4 -l4
[1.554s] [  2%] Built target micro_ros_msgs__cpp
[1.555s] [ 12%] Built target micro_ros_msgs__rosidl_generator_c
[1.556s] [ 12%] Built target ament_cmake_python_copy_micro_ros_msgs
[1.558s] [ 23%] Built target micro_ros_msgs__rosidl_typesupport_fastrtps_cpp
[1.560s] [ 34%] Built target micro_ros_msgs__rosidl_typesupport_cpp
[1.562s] [ 44%] Built target micro_ros_msgs__rosidl_typesupport_introspection_cpp
[1.563s] [ 55%] Built target micro_ros_msgs__rosidl_typesupport_fastrtps_c
[1.566s] [ 65%] Built target micro_ros_msgs__rosidl_typesupport_introspection_c
[1.567s] [ 76%] Built target micro_ros_msgs__rosidl_typesupport_c
[1.567s] [ 76%] Built target micro_ros_msgs
[1.567s] [ 78%] Built target micro_ros_msgs__py
[1.568s] [ 87%] Built target micro_ros_msgs__rosidl_generator_py
[1.568s] [ 91%] Built target micro_ros_msgs__rosidl_typesupport_fastrtps_c__pyext
[1.569s] [ 95%] Built target micro_ros_msgs__rosidl_typesupport_introspection_c__pyext
[1.569s] [100%] Built target micro_ros_msgs__rosidl_typesupport_c__pyext
[1.792s] running egg_info
[1.795s] writing micro_ros_msgs.egg-info/PKG-INFO
[1.797s] writing dependency_links to micro_ros_msgs.egg-info/dependency_links.txt
[1.798s] writing top-level names to micro_ros_msgs.egg-info/top_level.txt
[1.808s] reading manifest file 'micro_ros_msgs.egg-info/SOURCES.txt'
[1.811s] writing manifest file 'micro_ros_msgs.egg-info/SOURCES.txt'
[1.945s] [100%] Built target ament_cmake_python_build_micro_ros_msgs_egg
[2.727s] Invoked command in '/home/pi/ros2_pi_ws/build/micro_ros_msgs' returned '0': CMAKE_PREFIX_PATH=${CMAKE_PREFIX_PATH}:/home/pi/ros2_pi_ws/install/myrobot:/home/pi/ros2_pi_ws/install/motor_control:/opt/ros/humble /usr/bin/cmake --build /home/pi/ros2_pi_ws/build/micro_ros_msgs -- -j4 -l4
[2.738s] Invoking command in '/home/pi/ros2_pi_ws/build/micro_ros_msgs': CMAKE_PREFIX_PATH=${CMAKE_PREFIX_PATH}:/home/pi/ros2_pi_ws/install/myrobot:/home/pi/ros2_pi_ws/install/motor_control:/opt/ros/humble /usr/bin/cmake --install /home/pi/ros2_pi_ws/build/micro_ros_msgs
[2.923s] -- Install configuration: ""
[2.923s] -- Up-to-date: /home/pi/ros2_pi_ws/install/micro_ros_msgs/share/ament_index/resource_index/rosidl_interfaces/micro_ros_msgs
[2.924s] -- Up-to-date: /home/pi/ros2_pi_ws/install/micro_ros_msgs/include/micro_ros_msgs/micro_ros_msgs
[2.925s] -- Up-to-date: /home/pi/ros2_pi_ws/install/micro_ros_msgs/include/micro_ros_msgs/micro_ros_msgs/msg
[2.925s] -- Up-to-date: /home/pi/ros2_pi_ws/install/micro_ros_msgs/include/micro_ros_msgs/micro_ros_msgs/msg/graph.h
[2.926s] -- Up-to-date: /home/pi/ros2_pi_ws/install/micro_ros_msgs/include/micro_ros_msgs/micro_ros_msgs/msg/node.h
[2.926s] -- Up-to-date: /home/pi/ros2_pi_ws/install/micro_ros_msgs/include/micro_ros_msgs/micro_ros_msgs/msg/entity.h
[2.928s] -- Up-to-date: /home/pi/ros2_pi_ws/install/micro_ros_msgs/include/micro_ros_msgs/micro_ros_msgs/msg/rosidl_generator_c__visibility_control.h
[2.932s] -- Up-to-date: /home/pi/ros2_pi_ws/install/micro_ros_msgs/include/micro_ros_msgs/micro_ros_msgs/msg/detail
[2.933s] -- Up-to-date: /home/pi/ros2_pi_ws/install/micro_ros_msgs/include/micro_ros_msgs/micro_ros_msgs/msg/detail/entity__struct.h
[2.934s] -- Up-to-date: /home/pi/ros2_pi_ws/install/micro_ros_msgs/include/micro_ros_msgs/micro_ros_msgs/msg/detail/graph__functions.c
[2.934s] -- Up-to-date: /home/pi/ros2_pi_ws/install/micro_ros_msgs/include/micro_ros_msgs/micro_ros_msgs/msg/detail/entity__functions.h
[2.935s] -- Up-to-date: /home/pi/ros2_pi_ws/install/micro_ros_msgs/include/micro_ros_msgs/micro_ros_msgs/msg/detail/node__type_support.h
[2.936s] -- Up-to-date: /home/pi/ros2_pi_ws/install/micro_ros_msgs/include/micro_ros_msgs/micro_ros_msgs/msg/detail/graph__type_support.h
[2.952s] -- Up-to-date: /home/pi/ros2_pi_ws/install/micro_ros_msgs/include/micro_ros_msgs/micro_ros_msgs/msg/detail/node__functions.c
[2.953s] -- Up-to-date: /home/pi/ros2_pi_ws/install/micro_ros_msgs/include/micro_ros_msgs/micro_ros_msgs/msg/detail/graph__functions.h
[2.953s] -- Up-to-date: /home/pi/ros2_pi_ws/install/micro_ros_msgs/include/micro_ros_msgs/micro_ros_msgs/msg/detail/entity__type_support.h
[2.954s] -- Up-to-date: /home/pi/ros2_pi_ws/install/micro_ros_msgs/include/micro_ros_msgs/micro_ros_msgs/msg/detail/graph__struct.h
[2.954s] -- Up-to-date: /home/pi/ros2_pi_ws/install/micro_ros_msgs/include/micro_ros_msgs/micro_ros_msgs/msg/detail/entity__functions.c
[2.955s] -- Up-to-date: /home/pi/ros2_pi_ws/install/micro_ros_msgs/include/micro_ros_msgs/micro_ros_msgs/msg/detail/node__functions.h
[2.955s] -- Up-to-date: /home/pi/ros2_pi_ws/install/micro_ros_msgs/include/micro_ros_msgs/micro_ros_msgs/msg/detail/node__struct.h
[2.958s] -- Up-to-date: /home/pi/ros2_pi_ws/install/micro_ros_msgs/share/micro_ros_msgs/environment/library_path.sh
[2.958s] -- Up-to-date: /home/pi/ros2_pi_ws/install/micro_ros_msgs/share/micro_ros_msgs/environment/library_path.dsv
[2.959s] -- Up-to-date: /home/pi/ros2_pi_ws/install/micro_ros_msgs/lib/libmicro_ros_msgs__rosidl_generator_c.so
[2.960s] -- Up-to-date: /home/pi/ros2_pi_ws/install/micro_ros_msgs/include/micro_ros_msgs/micro_ros_msgs
[2.976s] -- Up-to-date: /home/pi/ros2_pi_ws/install/micro_ros_msgs/include/micro_ros_msgs/micro_ros_msgs/msg
[2.977s] -- Up-to-date: /home/pi/ros2_pi_ws/install/micro_ros_msgs/include/micro_ros_msgs/micro_ros_msgs/msg/rosidl_typesupport_fastrtps_c__visibility_control.h
[2.978s] -- Up-to-date: /home/pi/ros2_pi_ws/install/micro_ros_msgs/include/micro_ros_msgs/micro_ros_msgs/msg/detail
[2.978s] -- Up-to-date: /home/pi/ros2_pi_ws/install/micro_ros_msgs/include/micro_ros_msgs/micro_ros_msgs/msg/detail/node__rosidl_typesupport_fastrtps_c.h
[2.979s] -- Up-to-date: /home/pi/ros2_pi_ws/install/micro_ros_msgs/include/micro_ros_msgs/micro_ros_msgs/msg/detail/entity__rosidl_typesupport_fastrtps_c.h
[2.979s] -- Up-to-date: /home/pi/ros2_pi_ws/install/micro_ros_msgs/include/micro_ros_msgs/micro_ros_msgs/msg/detail/graph__rosidl_typesupport_fastrtps_c.h
[2.980s] -- Up-to-date: /home/pi/ros2_pi_ws/install/micro_ros_msgs/lib/libmicro_ros_msgs__rosidl_typesupport_fastrtps_c.so
[3.021s] -- Up-to-date: /home/pi/ros2_pi_ws/install/micro_ros_msgs/include/micro_ros_msgs/micro_ros_msgs
[3.022s] -- Up-to-date: /home/pi/ros2_pi_ws/install/micro_ros_msgs/include/micro_ros_msgs/micro_ros_msgs/msg
[3.022s] -- Up-to-date: /home/pi/ros2_pi_ws/install/micro_ros_msgs/include/micro_ros_msgs/micro_ros_msgs/msg/detail
[3.023s] -- Up-to-date: /home/pi/ros2_pi_ws/install/micro_ros_msgs/include/micro_ros_msgs/micro_ros_msgs/msg/detail/graph__rosidl_typesupport_introspection_c.h
[3.023s] -- Up-to-date: /home/pi/ros2_pi_ws/install/micro_ros_msgs/include/micro_ros_msgs/micro_ros_msgs/msg/detail/node__type_support.c
[3.024s] -- Up-to-date: /home/pi/ros2_pi_ws/install/micro_ros_msgs/include/micro_ros_msgs/micro_ros_msgs/msg/detail/node__rosidl_typesupport_introspection_c.h
[3.025s] -- Up-to-date: /home/pi/ros2_pi_ws/install/micro_ros_msgs/include/micro_ros_msgs/micro_ros_msgs/msg/detail/entity__rosidl_typesupport_introspection_c.h
[3.026s] -- Up-to-date: /home/pi/ros2_pi_ws/install/micro_ros_msgs/include/micro_ros_msgs/micro_ros_msgs/msg/detail/entity__type_support.c
[3.026s] -- Up-to-date: /home/pi/ros2_pi_ws/install/micro_ros_msgs/include/micro_ros_msgs/micro_ros_msgs/msg/detail/graph__type_support.c
[3.027s] -- Up-to-date: /home/pi/ros2_pi_ws/install/micro_ros_msgs/include/micro_ros_msgs/micro_ros_msgs/msg/rosidl_typesupport_introspection_c__visibility_control.h
[3.027s] -- Up-to-date: /home/pi/ros2_pi_ws/install/micro_ros_msgs/lib/libmicro_ros_msgs__rosidl_typesupport_introspection_c.so
[3.028s] -- Up-to-date: /home/pi/ros2_pi_ws/install/micro_ros_msgs/lib/libmicro_ros_msgs__rosidl_typesupport_c.so
[3.028s] -- Up-to-date: /home/pi/ros2_pi_ws/install/micro_ros_msgs/include/micro_ros_msgs/micro_ros_msgs
[3.029s] -- Up-to-date: /home/pi/ros2_pi_ws/install/micro_ros_msgs/include/micro_ros_msgs/micro_ros_msgs/msg
[3.030s] -- Up-to-date: /home/pi/ros2_pi_ws/install/micro_ros_msgs/include/micro_ros_msgs/micro_ros_msgs/msg/node.hpp
[3.030s] -- Up-to-date: /home/pi/ros2_pi_ws/install/micro_ros_msgs/include/micro_ros_msgs/micro_ros_msgs/msg/entity.hpp
[3.040s] -- Up-to-date: /home/pi/ros2_pi_ws/install/micro_ros_msgs/include/micro_ros_msgs/micro_ros_msgs/msg/graph.hpp
[3.041s] -- Up-to-date: /home/pi/ros2_pi_ws/install/micro_ros_msgs/include/micro_ros_msgs/micro_ros_msgs/msg/detail
[3.042s] -- Up-to-date: /home/pi/ros2_pi_ws/install/micro_ros_msgs/include/micro_ros_msgs/micro_ros_msgs/msg/detail/node__traits.hpp
[3.044s] -- Up-to-date: /home/pi/ros2_pi_ws/install/micro_ros_msgs/include/micro_ros_msgs/micro_ros_msgs/msg/detail/graph__struct.hpp
[3.045s] -- Up-to-date: /home/pi/ros2_pi_ws/install/micro_ros_msgs/include/micro_ros_msgs/micro_ros_msgs/msg/detail/entity__type_support.hpp
[3.046s] -- Up-to-date: /home/pi/ros2_pi_ws/install/micro_ros_msgs/include/micro_ros_msgs/micro_ros_msgs/msg/detail/entity__builder.hpp
[3.060s] -- Up-to-date: /home/pi/ros2_pi_ws/install/micro_ros_msgs/include/micro_ros_msgs/micro_ros_msgs/msg/detail/node__builder.hpp
[3.061s] -- Up-to-date: /home/pi/ros2_pi_ws/install/micro_ros_msgs/include/micro_ros_msgs/micro_ros_msgs/msg/detail/graph__builder.hpp
[3.062s] -- Up-to-date: /home/pi/ros2_pi_ws/install/micro_ros_msgs/include/micro_ros_msgs/micro_ros_msgs/msg/detail/node__type_support.hpp
[3.063s] -- Up-to-date: /home/pi/ros2_pi_ws/install/micro_ros_msgs/include/micro_ros_msgs/micro_ros_msgs/msg/detail/node__struct.hpp
[3.064s] -- Up-to-date: /home/pi/ros2_pi_ws/install/micro_ros_msgs/include/micro_ros_msgs/micro_ros_msgs/msg/detail/entity__traits.hpp
[3.064s] -- Up-to-date: /home/pi/ros2_pi_ws/install/micro_ros_msgs/include/micro_ros_msgs/micro_ros_msgs/msg/detail/graph__traits.hpp
[3.065s] -- Up-to-date: /home/pi/ros2_pi_ws/install/micro_ros_msgs/include/micro_ros_msgs/micro_ros_msgs/msg/detail/graph__type_support.hpp
[3.065s] -- Up-to-date: /home/pi/ros2_pi_ws/install/micro_ros_msgs/include/micro_ros_msgs/micro_ros_msgs/msg/detail/entity__struct.hpp
[3.066s] -- Up-to-date: /home/pi/ros2_pi_ws/install/micro_ros_msgs/include/micro_ros_msgs/micro_ros_msgs/msg/rosidl_generator_cpp__visibility_control.hpp
[3.077s] -- Up-to-date: /home/pi/ros2_pi_ws/install/micro_ros_msgs/include/micro_ros_msgs/micro_ros_msgs
[3.080s] -- Up-to-date: /home/pi/ros2_pi_ws/install/micro_ros_msgs/include/micro_ros_msgs/micro_ros_msgs/msg
[3.082s] -- Up-to-date: /home/pi/ros2_pi_ws/install/micro_ros_msgs/include/micro_ros_msgs/micro_ros_msgs/msg/rosidl_typesupport_fastrtps_cpp__visibility_control.h
[3.084s] -- Up-to-date: /home/pi/ros2_pi_ws/install/micro_ros_msgs/include/micro_ros_msgs/micro_ros_msgs/msg/detail
[3.085s] -- Up-to-date: /home/pi/ros2_pi_ws/install/micro_ros_msgs/include/micro_ros_msgs/micro_ros_msgs/msg/detail/node__rosidl_typesupport_fastrtps_cpp.hpp
[3.086s] -- Up-to-date: /home/pi/ros2_pi_ws/install/micro_ros_msgs/include/micro_ros_msgs/micro_ros_msgs/msg/detail/dds_fastrtps
[3.088s] -- Up-to-date: /home/pi/ros2_pi_ws/install/micro_ros_msgs/include/micro_ros_msgs/micro_ros_msgs/msg/detail/entity__rosidl_typesupport_fastrtps_cpp.hpp
[3.090s] -- Up-to-date: /home/pi/ros2_pi_ws/install/micro_ros_msgs/include/micro_ros_msgs/micro_ros_msgs/msg/detail/graph__rosidl_typesupport_fastrtps_cpp.hpp
[3.093s] -- Up-to-date: /home/pi/ros2_pi_ws/install/micro_ros_msgs/lib/libmicro_ros_msgs__rosidl_typesupport_fastrtps_cpp.so
[3.114s] -- Up-to-date: /home/pi/ros2_pi_ws/install/micro_ros_msgs/include/micro_ros_msgs/micro_ros_msgs
[3.115s] -- Up-to-date: /home/pi/ros2_pi_ws/install/micro_ros_msgs/include/micro_ros_msgs/micro_ros_msgs/msg
[3.115s] -- Up-to-date: /home/pi/ros2_pi_ws/install/micro_ros_msgs/include/micro_ros_msgs/micro_ros_msgs/msg/detail
[3.116s] -- Up-to-date: /home/pi/ros2_pi_ws/install/micro_ros_msgs/include/micro_ros_msgs/micro_ros_msgs/msg/detail/node__rosidl_typesupport_introspection_cpp.hpp
[3.118s] -- Up-to-date: /home/pi/ros2_pi_ws/install/micro_ros_msgs/include/micro_ros_msgs/micro_ros_msgs/msg/detail/graph__type_support.cpp
[3.120s] -- Up-to-date: /home/pi/ros2_pi_ws/install/micro_ros_msgs/include/micro_ros_msgs/micro_ros_msgs/msg/detail/entity__rosidl_typesupport_introspection_cpp.hpp
[3.121s] -- Up-to-date: /home/pi/ros2_pi_ws/install/micro_ros_msgs/include/micro_ros_msgs/micro_ros_msgs/msg/detail/entity__type_support.cpp
[3.122s] -- Up-to-date: /home/pi/ros2_pi_ws/install/micro_ros_msgs/include/micro_ros_msgs/micro_ros_msgs/msg/detail/node__type_support.cpp
[3.123s] -- Up-to-date: /home/pi/ros2_pi_ws/install/micro_ros_msgs/include/micro_ros_msgs/micro_ros_msgs/msg/detail/graph__rosidl_typesupport_introspection_cpp.hpp
[3.124s] -- Up-to-date: /home/pi/ros2_pi_ws/install/micro_ros_msgs/lib/libmicro_ros_msgs__rosidl_typesupport_introspection_cpp.so
[3.128s] -- Up-to-date: /home/pi/ros2_pi_ws/install/micro_ros_msgs/lib/libmicro_ros_msgs__rosidl_typesupport_cpp.so
[3.129s] -- Up-to-date: /home/pi/ros2_pi_ws/install/micro_ros_msgs/share/micro_ros_msgs/environment/pythonpath.sh
[3.130s] -- Up-to-date: /home/pi/ros2_pi_ws/install/micro_ros_msgs/share/micro_ros_msgs/environment/pythonpath.dsv
[3.133s] -- Up-to-date: /home/pi/ros2_pi_ws/install/micro_ros_msgs/local/lib/python3.10/dist-packages/micro_ros_msgs-3.0.1-py3.10.egg-info
[3.134s] -- Installing: /home/pi/ros2_pi_ws/install/micro_ros_msgs/local/lib/python3.10/dist-packages/micro_ros_msgs-3.0.1-py3.10.egg-info/PKG-INFO
[3.135s] -- Installing: /home/pi/ros2_pi_ws/install/micro_ros_msgs/local/lib/python3.10/dist-packages/micro_ros_msgs-3.0.1-py3.10.egg-info/top_level.txt
[3.141s] -- Installing: /home/pi/ros2_pi_ws/install/micro_ros_msgs/local/lib/python3.10/dist-packages/micro_ros_msgs-3.0.1-py3.10.egg-info/SOURCES.txt
[3.142s] -- Installing: /home/pi/ros2_pi_ws/install/micro_ros_msgs/local/lib/python3.10/dist-packages/micro_ros_msgs-3.0.1-py3.10.egg-info/dependency_links.txt
[3.145s] -- Up-to-date: /home/pi/ros2_pi_ws/install/micro_ros_msgs/local/lib/python3.10/dist-packages/micro_ros_msgs
[3.147s] -- Up-to-date: /home/pi/ros2_pi_ws/install/micro_ros_msgs/local/lib/python3.10/dist-packages/micro_ros_msgs/micro_ros_msgs_s__rosidl_typesupport_fastrtps_c.cpython-310-aarch64-linux-gnu.so
[3.147s] -- Up-to-date: /home/pi/ros2_pi_ws/install/micro_ros_msgs/local/lib/python3.10/dist-packages/micro_ros_msgs/_micro_ros_msgs_s.ep.rosidl_typesupport_introspection_c.c
[3.148s] -- Up-to-date: /home/pi/ros2_pi_ws/install/micro_ros_msgs/local/lib/python3.10/dist-packages/micro_ros_msgs/__init__.py
[3.149s] -- Up-to-date: /home/pi/ros2_pi_ws/install/micro_ros_msgs/local/lib/python3.10/dist-packages/micro_ros_msgs/micro_ros_msgs_s__rosidl_typesupport_c.cpython-310-aarch64-linux-gnu.so
[3.150s] -- Up-to-date: /home/pi/ros2_pi_ws/install/micro_ros_msgs/local/lib/python3.10/dist-packages/micro_ros_msgs/micro_ros_msgs_s__rosidl_typesupport_introspection_c.cpython-310-aarch64-linux-gnu.so
[3.150s] -- Up-to-date: /home/pi/ros2_pi_ws/install/micro_ros_msgs/local/lib/python3.10/dist-packages/micro_ros_msgs/_micro_ros_msgs_s.ep.rosidl_typesupport_fastrtps_c.c
[3.151s] -- Up-to-date: /home/pi/ros2_pi_ws/install/micro_ros_msgs/local/lib/python3.10/dist-packages/micro_ros_msgs/_micro_ros_msgs_s.ep.rosidl_typesupport_c.c
[3.152s] -- Up-to-date: /home/pi/ros2_pi_ws/install/micro_ros_msgs/local/lib/python3.10/dist-packages/micro_ros_msgs/msg
[3.152s] -- Up-to-date: /home/pi/ros2_pi_ws/install/micro_ros_msgs/local/lib/python3.10/dist-packages/micro_ros_msgs/msg/_node_s.c
[3.153s] -- Up-to-date: /home/pi/ros2_pi_ws/install/micro_ros_msgs/local/lib/python3.10/dist-packages/micro_ros_msgs/msg/__init__.py
[3.154s] -- Up-to-date: /home/pi/ros2_pi_ws/install/micro_ros_msgs/local/lib/python3.10/dist-packages/micro_ros_msgs/msg/_graph_s.c
[3.155s] -- Up-to-date: /home/pi/ros2_pi_ws/install/micro_ros_msgs/local/lib/python3.10/dist-packages/micro_ros_msgs/msg/_entity.py
[3.156s] -- Up-to-date: /home/pi/ros2_pi_ws/install/micro_ros_msgs/local/lib/python3.10/dist-packages/micro_ros_msgs/msg/_graph.py
[3.161s] -- Up-to-date: /home/pi/ros2_pi_ws/install/micro_ros_msgs/local/lib/python3.10/dist-packages/micro_ros_msgs/msg/_entity_s.c
[3.162s] -- Up-to-date: /home/pi/ros2_pi_ws/install/micro_ros_msgs/local/lib/python3.10/dist-packages/micro_ros_msgs/msg/_node.py
[3.164s] -- Up-to-date: /home/pi/ros2_pi_ws/install/micro_ros_msgs/local/lib/python3.10/dist-packages/micro_ros_msgs/libmicro_ros_msgs__rosidl_generator_py.so
[3.167s] Listing '/home/pi/ros2_pi_ws/install/micro_ros_msgs/local/lib/python3.10/dist-packages/micro_ros_msgs'...
[3.170s] Listing '/home/pi/ros2_pi_ws/install/micro_ros_msgs/local/lib/python3.10/dist-packages/micro_ros_msgs/msg'...
[3.173s] -- Up-to-date: /home/pi/ros2_pi_ws/install/micro_ros_msgs/local/lib/python3.10/dist-packages/micro_ros_msgs/micro_ros_msgs_s__rosidl_typesupport_fastrtps_c.cpython-310-aarch64-linux-gnu.so
[3.176s] -- Up-to-date: /home/pi/ros2_pi_ws/install/micro_ros_msgs/local/lib/python3.10/dist-packages/micro_ros_msgs/micro_ros_msgs_s__rosidl_typesupport_introspection_c.cpython-310-aarch64-linux-gnu.so
[3.180s] -- Up-to-date: /home/pi/ros2_pi_ws/install/micro_ros_msgs/local/lib/python3.10/dist-packages/micro_ros_msgs/micro_ros_msgs_s__rosidl_typesupport_c.cpython-310-aarch64-linux-gnu.so
[3.181s] -- Up-to-date: /home/pi/ros2_pi_ws/install/micro_ros_msgs/lib/libmicro_ros_msgs__rosidl_generator_py.so
[3.181s] -- Up-to-date: /home/pi/ros2_pi_ws/install/micro_ros_msgs/share/micro_ros_msgs/msg/Graph.idl
[3.182s] -- Up-to-date: /home/pi/ros2_pi_ws/install/micro_ros_msgs/share/micro_ros_msgs/msg/Node.idl
[3.183s] -- Up-to-date: /home/pi/ros2_pi_ws/install/micro_ros_msgs/share/micro_ros_msgs/msg/Entity.idl
[3.183s] -- Up-to-date: /home/pi/ros2_pi_ws/install/micro_ros_msgs/share/micro_ros_msgs/msg/Graph.msg
[3.184s] -- Up-to-date: /home/pi/ros2_pi_ws/install/micro_ros_msgs/share/micro_ros_msgs/msg/Node.msg
[3.185s] -- Up-to-date: /home/pi/ros2_pi_ws/install/micro_ros_msgs/share/micro_ros_msgs/msg/Entity.msg
[3.189s] -- Up-to-date: /home/pi/ros2_pi_ws/install/micro_ros_msgs/share/ament_index/resource_index/package_run_dependencies/micro_ros_msgs
[3.190s] -- Up-to-date: /home/pi/ros2_pi_ws/install/micro_ros_msgs/share/ament_index/resource_index/parent_prefix_path/micro_ros_msgs
[3.190s] -- Up-to-date: /home/pi/ros2_pi_ws/install/micro_ros_msgs/share/micro_ros_msgs/environment/ament_prefix_path.sh
[3.191s] -- Up-to-date: /home/pi/ros2_pi_ws/install/micro_ros_msgs/share/micro_ros_msgs/environment/ament_prefix_path.dsv
[3.191s] -- Up-to-date: /home/pi/ros2_pi_ws/install/micro_ros_msgs/share/micro_ros_msgs/environment/path.sh
[3.192s] -- Up-to-date: /home/pi/ros2_pi_ws/install/micro_ros_msgs/share/micro_ros_msgs/environment/path.dsv
[3.193s] -- Up-to-date: /home/pi/ros2_pi_ws/install/micro_ros_msgs/share/micro_ros_msgs/local_setup.bash
[3.193s] -- Up-to-date: /home/pi/ros2_pi_ws/install/micro_ros_msgs/share/micro_ros_msgs/local_setup.sh
[3.194s] -- Up-to-date: /home/pi/ros2_pi_ws/install/micro_ros_msgs/share/micro_ros_msgs/local_setup.zsh
[3.195s] -- Up-to-date: /home/pi/ros2_pi_ws/install/micro_ros_msgs/share/micro_ros_msgs/local_setup.dsv
[3.195s] -- Installing: /home/pi/ros2_pi_ws/install/micro_ros_msgs/share/micro_ros_msgs/package.dsv
[3.196s] -- Up-to-date: /home/pi/ros2_pi_ws/install/micro_ros_msgs/share/ament_index/resource_index/packages/micro_ros_msgs
[3.197s] -- Up-to-date: /home/pi/ros2_pi_ws/install/micro_ros_msgs/share/micro_ros_msgs/cmake/export_micro_ros_msgs__rosidl_generator_cExport.cmake
[3.197s] -- Up-to-date: /home/pi/ros2_pi_ws/install/micro_ros_msgs/share/micro_ros_msgs/cmake/export_micro_ros_msgs__rosidl_generator_cExport-noconfig.cmake
[3.198s] -- Up-to-date: /home/pi/ros2_pi_ws/install/micro_ros_msgs/share/micro_ros_msgs/cmake/export_micro_ros_msgs__rosidl_typesupport_fastrtps_cExport.cmake
[3.199s] -- Up-to-date: /home/pi/ros2_pi_ws/install/micro_ros_msgs/share/micro_ros_msgs/cmake/export_micro_ros_msgs__rosidl_typesupport_fastrtps_cExport-noconfig.cmake
[3.199s] -- Up-to-date: /home/pi/ros2_pi_ws/install/micro_ros_msgs/share/micro_ros_msgs/cmake/micro_ros_msgs__rosidl_typesupport_introspection_cExport.cmake
[3.200s] -- Up-to-date: /home/pi/ros2_pi_ws/install/micro_ros_msgs/share/micro_ros_msgs/cmake/micro_ros_msgs__rosidl_typesupport_introspection_cExport-noconfig.cmake
[3.201s] -- Up-to-date: /home/pi/ros2_pi_ws/install/micro_ros_msgs/share/micro_ros_msgs/cmake/micro_ros_msgs__rosidl_typesupport_cExport.cmake
[3.203s] -- Up-to-date: /home/pi/ros2_pi_ws/install/micro_ros_msgs/share/micro_ros_msgs/cmake/micro_ros_msgs__rosidl_typesupport_cExport-noconfig.cmake
[3.204s] -- Up-to-date: /home/pi/ros2_pi_ws/install/micro_ros_msgs/share/micro_ros_msgs/cmake/export_micro_ros_msgs__rosidl_generator_cppExport.cmake
[3.205s] -- Up-to-date: /home/pi/ros2_pi_ws/install/micro_ros_msgs/share/micro_ros_msgs/cmake/export_micro_ros_msgs__rosidl_typesupport_fastrtps_cppExport.cmake
[3.206s] -- Up-to-date: /home/pi/ros2_pi_ws/install/micro_ros_msgs/share/micro_ros_msgs/cmake/export_micro_ros_msgs__rosidl_typesupport_fastrtps_cppExport-noconfig.cmake
[3.206s] -- Up-to-date: /home/pi/ros2_pi_ws/install/micro_ros_msgs/share/micro_ros_msgs/cmake/micro_ros_msgs__rosidl_typesupport_introspection_cppExport.cmake
[3.209s] -- Up-to-date: /home/pi/ros2_pi_ws/install/micro_ros_msgs/share/micro_ros_msgs/cmake/micro_ros_msgs__rosidl_typesupport_introspection_cppExport-noconfig.cmake
[3.210s] -- Up-to-date: /home/pi/ros2_pi_ws/install/micro_ros_msgs/share/micro_ros_msgs/cmake/micro_ros_msgs__rosidl_typesupport_cppExport.cmake
[3.211s] -- Up-to-date: /home/pi/ros2_pi_ws/install/micro_ros_msgs/share/micro_ros_msgs/cmake/micro_ros_msgs__rosidl_typesupport_cppExport-noconfig.cmake
[3.212s] -- Up-to-date: /home/pi/ros2_pi_ws/install/micro_ros_msgs/share/micro_ros_msgs/cmake/export_micro_ros_msgs__rosidl_generator_pyExport.cmake
[3.213s] -- Up-to-date: /home/pi/ros2_pi_ws/install/micro_ros_msgs/share/micro_ros_msgs/cmake/export_micro_ros_msgs__rosidl_generator_pyExport-noconfig.cmake
[3.214s] -- Up-to-date: /home/pi/ros2_pi_ws/install/micro_ros_msgs/share/micro_ros_msgs/cmake/rosidl_cmake-extras.cmake
[3.215s] -- Up-to-date: /home/pi/ros2_pi_ws/install/micro_ros_msgs/share/micro_ros_msgs/cmake/ament_cmake_export_include_directories-extras.cmake
[3.216s] -- Up-to-date: /home/pi/ros2_pi_ws/install/micro_ros_msgs/share/micro_ros_msgs/cmake/ament_cmake_export_libraries-extras.cmake
[3.217s] -- Up-to-date: /home/pi/ros2_pi_ws/install/micro_ros_msgs/share/micro_ros_msgs/cmake/ament_cmake_export_targets-extras.cmake
[3.218s] -- Up-to-date: /home/pi/ros2_pi_ws/install/micro_ros_msgs/share/micro_ros_msgs/cmake/rosidl_cmake_export_typesupport_targets-extras.cmake
[3.220s] -- Up-to-date: /home/pi/ros2_pi_ws/install/micro_ros_msgs/share/micro_ros_msgs/cmake/ament_cmake_export_dependencies-extras.cmake
[3.221s] -- Up-to-date: /home/pi/ros2_pi_ws/install/micro_ros_msgs/share/micro_ros_msgs/cmake/rosidl_cmake_export_typesupport_libraries-extras.cmake
[3.222s] -- Up-to-date: /home/pi/ros2_pi_ws/install/micro_ros_msgs/share/micro_ros_msgs/cmake/micro_ros_msgsConfig.cmake
[3.223s] -- Up-to-date: /home/pi/ros2_pi_ws/install/micro_ros_msgs/share/micro_ros_msgs/cmake/micro_ros_msgsConfig-version.cmake
[3.224s] -- Up-to-date: /home/pi/ros2_pi_ws/install/micro_ros_msgs/share/micro_ros_msgs/package.xml
[3.224s] Invoked command in '/home/pi/ros2_pi_ws/build/micro_ros_msgs' returned '0': CMAKE_PREFIX_PATH=${CMAKE_PREFIX_PATH}:/home/pi/ros2_pi_ws/install/myrobot:/home/pi/ros2_pi_ws/install/motor_control:/opt/ros/humble /usr/bin/cmake --install /home/pi/ros2_pi_ws/build/micro_ros_msgs
