[7.009s] Invoking command in '/home/pi/ros2_pi_ws/src/camera_publisher': PYTHONPATH=/home/pi/ros2_pi_ws/build/camera_publisher/prefix_override:/usr/lib/python3/dist-packages/colcon_core/task/python/colcon_distutils_commands:/home/pi/ros2_pi_ws/install/camera_publisher/lib/python3.10/site-packages:${PYTHONPATH} /usr/bin/python3 -W ignore:setup.py install is deprecated -W ignore:easy_install command is deprecated setup.py egg_info --egg-base ../../build/camera_publisher build --build-base /home/pi/ros2_pi_ws/build/camera_publisher/build install --record /home/pi/ros2_pi_ws/build/camera_publisher/install.log --single-version-externally-managed install_data
[8.713s] running egg_info
[8.720s] writing ../../build/camera_publisher/camera_publisher.egg-info/PKG-INFO
[8.722s] writing dependency_links to ../../build/camera_publisher/camera_publisher.egg-info/dependency_links.txt
[8.724s] writing entry points to ../../build/camera_publisher/camera_publisher.egg-info/entry_points.txt
[8.725s] writing requirements to ../../build/camera_publisher/camera_publisher.egg-info/requires.txt
[8.727s] writing top-level names to ../../build/camera_publisher/camera_publisher.egg-info/top_level.txt
[8.741s] reading manifest file '../../build/camera_publisher/camera_publisher.egg-info/SOURCES.txt'
[8.751s] writing manifest file '../../build/camera_publisher/camera_publisher.egg-info/SOURCES.txt'
[8.755s] running build
[8.757s] running build_py
[8.764s] running install
[8.768s] running install_lib
[8.780s] running install_data
[8.783s] running install_egg_info
[8.802s] removing '/home/pi/ros2_pi_ws/install/camera_publisher/lib/python3.10/site-packages/camera_publisher-0.0.0-py3.10.egg-info' (and everything under it)
[8.805s] Copying ../../build/camera_publisher/camera_publisher.egg-info to /home/pi/ros2_pi_ws/install/camera_publisher/lib/python3.10/site-packages/camera_publisher-0.0.0-py3.10.egg-info
[8.820s] running install_scripts
[8.956s] Installing camera_node script to /home/pi/ros2_pi_ws/install/camera_publisher/lib/camera_publisher
[8.962s] writing list of installed files to '/home/pi/ros2_pi_ws/build/camera_publisher/install.log'
[9.197s] Invoked command in '/home/pi/ros2_pi_ws/src/camera_publisher' returned '0': PYTHONPATH=/home/pi/ros2_pi_ws/build/camera_publisher/prefix_override:/usr/lib/python3/dist-packages/colcon_core/task/python/colcon_distutils_commands:/home/pi/ros2_pi_ws/install/camera_publisher/lib/python3.10/site-packages:${PYTHONPATH} /usr/bin/python3 -W ignore:setup.py install is deprecated -W ignore:easy_install command is deprecated setup.py egg_info --egg-base ../../build/camera_publisher build --build-base /home/pi/ros2_pi_ws/build/camera_publisher/build install --record /home/pi/ros2_pi_ws/build/camera_publisher/install.log --single-version-externally-managed install_data
