[5.566s] Invoking command in '/home/pi/ros2_pi_ws/src/ros2_opencv': PYTHONPATH=/home/pi/ros2_pi_ws/build/ros2_opencv/prefix_override:/usr/lib/python3/dist-packages/colcon_core/task/python/colcon_distutils_commands:/home/pi/ros2_pi_ws/install/ros2_opencv/lib/python3.10/site-packages:${PYTHONPATH} /usr/bin/python3 -W ignore:setup.py install is deprecated -W ignore:easy_install command is deprecated setup.py egg_info --egg-base ../../build/ros2_opencv build --build-base /home/pi/ros2_pi_ws/build/ros2_opencv/build install --record /home/pi/ros2_pi_ws/build/ros2_opencv/install.log --single-version-externally-managed install_data
[7.258s] running egg_info
[7.261s] writing ../../build/ros2_opencv/ros2_opencv.egg-info/PKG-INFO
[7.262s] writing dependency_links to ../../build/ros2_opencv/ros2_opencv.egg-info/dependency_links.txt
[7.263s] writing entry points to ../../build/ros2_opencv/ros2_opencv.egg-info/entry_points.txt
[7.264s] writing requirements to ../../build/ros2_opencv/ros2_opencv.egg-info/requires.txt
[7.265s] writing top-level names to ../../build/ros2_opencv/ros2_opencv.egg-info/top_level.txt
[7.273s] reading manifest file '../../build/ros2_opencv/ros2_opencv.egg-info/SOURCES.txt'
[7.277s] writing manifest file '../../build/ros2_opencv/ros2_opencv.egg-info/SOURCES.txt'
[7.277s] running build
[7.278s] running build_py
[7.279s] running install
[7.280s] running install_lib
[7.286s] running install_data
[7.287s] running install_egg_info
[7.298s] removing '/home/pi/ros2_pi_ws/install/ros2_opencv/lib/python3.10/site-packages/ros2_opencv-0.0.0-py3.10.egg-info' (and everything under it)
[7.299s] Copying ../../build/ros2_opencv/ros2_opencv.egg-info to /home/pi/ros2_pi_ws/install/ros2_opencv/lib/python3.10/site-packages/ros2_opencv-0.0.0-py3.10.egg-info
[7.306s] running install_scripts
[7.382s] Installing publisher_node script to /home/pi/ros2_pi_ws/install/ros2_opencv/lib/ros2_opencv
[7.383s] Installing subscriber_node script to /home/pi/ros2_pi_ws/install/ros2_opencv/lib/ros2_opencv
[7.385s] writing list of installed files to '/home/pi/ros2_pi_ws/build/ros2_opencv/install.log'
[7.503s] Invoked command in '/home/pi/ros2_pi_ws/src/ros2_opencv' returned '0': PYTHONPATH=/home/pi/ros2_pi_ws/build/ros2_opencv/prefix_override:/usr/lib/python3/dist-packages/colcon_core/task/python/colcon_distutils_commands:/home/pi/ros2_pi_ws/install/ros2_opencv/lib/python3.10/site-packages:${PYTHONPATH} /usr/bin/python3 -W ignore:setup.py install is deprecated -W ignore:easy_install command is deprecated setup.py egg_info --egg-base ../../build/ros2_opencv build --build-base /home/pi/ros2_pi_ws/build/ros2_opencv/build install --record /home/pi/ros2_pi_ws/build/ros2_opencv/install.log --single-version-externally-managed install_data
