[0.059s] Invoking command in '/home/pi/ros2_pi_ws/build/robot_odom': CMAKE_PREFIX_PATH=${CMAKE_PREFIX_PATH}:/home/pi/ros2_pi_ws/install/motor_control:/opt/ros/humble /usr/bin/cmake --build /home/pi/ros2_pi_ws/build/robot_odom -- -j4 -l4
[0.484s] [100%] Built target odom
[0.548s] Invoked command in '/home/pi/ros2_pi_ws/build/robot_odom' returned '0': CMAKE_PREFIX_PATH=${CMAKE_PREFIX_PATH}:/home/pi/ros2_pi_ws/install/motor_control:/opt/ros/humble /usr/bin/cmake --build /home/pi/ros2_pi_ws/build/robot_odom -- -j4 -l4
[0.550s] Invoking command in '/home/pi/ros2_pi_ws/build/robot_odom': CMAKE_PREFIX_PATH=${CMAKE_PREFIX_PATH}:/home/pi/ros2_pi_ws/install/motor_control:/opt/ros/humble /usr/bin/cmake --install /home/pi/ros2_pi_ws/build/robot_odom
[0.611s] -- Install configuration: ""
[0.616s] -- Up-to-date: /home/pi/ros2_pi_ws/install/robot_odom/lib/robot_odom/odom
[0.617s] -- Up-to-date: /home/pi/ros2_pi_ws/install/robot_odom/share/ament_index/resource_index/package_run_dependencies/robot_odom
[0.619s] -- Up-to-date: /home/pi/ros2_pi_ws/install/robot_odom/share/ament_index/resource_index/parent_prefix_path/robot_odom
[0.621s] -- Up-to-date: /home/pi/ros2_pi_ws/install/robot_odom/share/robot_odom/environment/ament_prefix_path.sh
[0.623s] -- Up-to-date: /home/pi/ros2_pi_ws/install/robot_odom/share/robot_odom/environment/ament_prefix_path.dsv
[0.625s] -- Up-to-date: /home/pi/ros2_pi_ws/install/robot_odom/share/robot_odom/environment/path.sh
[0.626s] -- Up-to-date: /home/pi/ros2_pi_ws/install/robot_odom/share/robot_odom/environment/path.dsv
[0.627s] -- Up-to-date: /home/pi/ros2_pi_ws/install/robot_odom/share/robot_odom/local_setup.bash
[0.629s] -- Up-to-date: /home/pi/ros2_pi_ws/install/robot_odom/share/robot_odom/local_setup.sh
[0.630s] -- Up-to-date: /home/pi/ros2_pi_ws/install/robot_odom/share/robot_odom/local_setup.zsh
[0.632s] -- Up-to-date: /home/pi/ros2_pi_ws/install/robot_odom/share/robot_odom/local_setup.dsv
[0.634s] -- Installing: /home/pi/ros2_pi_ws/install/robot_odom/share/robot_odom/package.dsv
[0.637s] -- Up-to-date: /home/pi/ros2_pi_ws/install/robot_odom/share/ament_index/resource_index/packages/robot_odom
[0.640s] -- Up-to-date: /home/pi/ros2_pi_ws/install/robot_odom/share/robot_odom/cmake/robot_odomConfig.cmake
[0.642s] -- Up-to-date: /home/pi/ros2_pi_ws/install/robot_odom/share/robot_odom/cmake/robot_odomConfig-version.cmake
[0.643s] -- Up-to-date: /home/pi/ros2_pi_ws/install/robot_odom/share/robot_odom/package.xml
[0.783s] Invoked command in '/home/pi/ros2_pi_ws/build/robot_odom' returned '0': CMAKE_PREFIX_PATH=${CMAKE_PREFIX_PATH}:/home/pi/ros2_pi_ws/install/motor_control:/opt/ros/humble /usr/bin/cmake --install /home/pi/ros2_pi_ws/build/robot_odom
