[0.443s] DEBUG:colcon:Command line arguments: ['/usr/bin/colcon', 'build']
[0.443s] DEBUG:colcon:Parsed command line arguments: Namespace(log_base=None, log_level=None, verb_name='build', build_base='build', install_base='install', merge_install=False, symlink_install=False, test_result_base=None, continue_on_error=False, executor='parallel', parallel_workers=4, event_handlers=None, ignore_user_meta=False, metas=['./colcon.meta'], base_paths=['.'], packages_ignore=None, packages_ignore_regex=None, paths=None, packages_up_to=None, packages_up_to_regex=None, packages_above=None, packages_above_and_dependencies=None, packages_above_depth=None, packages_select_by_dep=None, packages_skip_by_dep=None, packages_skip_up_to=None, packages_select_build_failed=False, packages_skip_build_finished=False, packages_select_test_failures=False, packages_skip_test_passed=False, packages_select=None, packages_skip=None, packages_select_regex=None, packages_skip_regex=None, packages_start=None, packages_end=None, allow_overriding=[], cmake_args=None, cmake_target=None, cmake_target_skip_unavailable=False, cmake_clean_cache=False, cmake_clean_first=False, cmake_force_configure=False, ament_cmake_args=None, catkin_cmake_args=None, catkin_skip_building_tests=False, mixin_files=None, mixin=None, verb_parser=<colcon_mixin.mixin.mixin_argument.MixinArgumentDecorator object at 0xffff96efc520>, verb_extension=<colcon_core.verb.build.BuildVerb object at 0xffff9702ca90>, main=<bound method BuildVerb.main of <colcon_core.verb.build.BuildVerb object at 0xffff9702ca90>>, mixin_verb=('build',))
[1.113s] Level 1:colcon.colcon_core.package_discovery:discover_packages(colcon_meta) check parameters
[1.113s] Level 1:colcon.colcon_core.package_discovery:discover_packages(recursive) check parameters
[1.113s] Level 1:colcon.colcon_core.package_discovery:discover_packages(ignore) check parameters
[1.113s] Level 1:colcon.colcon_core.package_discovery:discover_packages(path) check parameters
[1.113s] Level 1:colcon.colcon_core.package_discovery:discover_packages(colcon_meta) discover
[1.114s] Level 1:colcon.colcon_core.package_discovery:discover_packages(recursive) discover
[1.114s] INFO:colcon.colcon_core.package_discovery:Crawling recursively for packages in '/home/pi/ros2_pi_ws'
[1.114s] Level 1:colcon.colcon_core.package_identification:_identify(.) by extensions ['ignore', 'ignore_ament_install']
[1.115s] Level 1:colcon.colcon_core.package_identification:_identify(.) by extension 'ignore'
[1.115s] Level 1:colcon.colcon_core.package_identification:_identify(.) by extension 'ignore_ament_install'
[1.115s] Level 1:colcon.colcon_core.package_identification:_identify(.) by extensions ['colcon_pkg']
[1.115s] Level 1:colcon.colcon_core.package_identification:_identify(.) by extension 'colcon_pkg'
[1.115s] Level 1:colcon.colcon_core.package_identification:_identify(.) by extensions ['colcon_meta']
[1.115s] Level 1:colcon.colcon_core.package_identification:_identify(.) by extension 'colcon_meta'
[1.116s] Level 1:colcon.colcon_core.package_identification:_identify(.) by extensions ['ros']
[1.116s] Level 1:colcon.colcon_core.package_identification:_identify(.) by extension 'ros'
[1.164s] Level 1:colcon.colcon_core.package_identification:_identify(.) by extensions ['cmake', 'python']
[1.164s] Level 1:colcon.colcon_core.package_identification:_identify(.) by extension 'cmake'
[1.164s] Level 1:colcon.colcon_core.package_identification:_identify(.) by extension 'python'
[1.164s] Level 1:colcon.colcon_core.package_identification:_identify(.) by extensions ['python_setup_py']
[1.165s] Level 1:colcon.colcon_core.package_identification:_identify(.) by extension 'python_setup_py'
[1.165s] Level 1:colcon.colcon_core.package_identification:_identify(build) by extensions ['ignore', 'ignore_ament_install']
[1.165s] Level 1:colcon.colcon_core.package_identification:_identify(build) by extension 'ignore'
[1.166s] Level 1:colcon.colcon_core.package_identification:_identify(build) ignored
[1.166s] Level 1:colcon.colcon_core.package_identification:_identify(install) by extensions ['ignore', 'ignore_ament_install']
[1.167s] Level 1:colcon.colcon_core.package_identification:_identify(install) by extension 'ignore'
[1.167s] Level 1:colcon.colcon_core.package_identification:_identify(install) ignored
[1.167s] Level 1:colcon.colcon_core.package_identification:_identify(log) by extensions ['ignore', 'ignore_ament_install']
[1.168s] Level 1:colcon.colcon_core.package_identification:_identify(log) by extension 'ignore'
[1.168s] Level 1:colcon.colcon_core.package_identification:_identify(log) ignored
[1.168s] Level 1:colcon.colcon_core.package_identification:_identify(src) by extensions ['ignore', 'ignore_ament_install']
[1.169s] Level 1:colcon.colcon_core.package_identification:_identify(src) by extension 'ignore'
[1.169s] Level 1:colcon.colcon_core.package_identification:_identify(src) by extension 'ignore_ament_install'
[1.169s] Level 1:colcon.colcon_core.package_identification:_identify(src) by extensions ['colcon_pkg']
[1.169s] Level 1:colcon.colcon_core.package_identification:_identify(src) by extension 'colcon_pkg'
[1.169s] Level 1:colcon.colcon_core.package_identification:_identify(src) by extensions ['colcon_meta']
[1.169s] Level 1:colcon.colcon_core.package_identification:_identify(src) by extension 'colcon_meta'
[1.170s] Level 1:colcon.colcon_core.package_identification:_identify(src) by extensions ['ros']
[1.170s] Level 1:colcon.colcon_core.package_identification:_identify(src) by extension 'ros'
[1.170s] Level 1:colcon.colcon_core.package_identification:_identify(src) by extensions ['cmake', 'python']
[1.170s] Level 1:colcon.colcon_core.package_identification:_identify(src) by extension 'cmake'
[1.170s] Level 1:colcon.colcon_core.package_identification:_identify(src) by extension 'python'
[1.170s] Level 1:colcon.colcon_core.package_identification:_identify(src) by extensions ['python_setup_py']
[1.171s] Level 1:colcon.colcon_core.package_identification:_identify(src) by extension 'python_setup_py'
[1.171s] Level 1:colcon.colcon_core.package_identification:_identify(src/micro_ros_setup) by extensions ['ignore', 'ignore_ament_install']
[1.171s] Level 1:colcon.colcon_core.package_identification:_identify(src/micro_ros_setup) by extension 'ignore'
[1.172s] Level 1:colcon.colcon_core.package_identification:_identify(src/micro_ros_setup) by extension 'ignore_ament_install'
[1.172s] Level 1:colcon.colcon_core.package_identification:_identify(src/micro_ros_setup) by extensions ['colcon_pkg']
[1.172s] Level 1:colcon.colcon_core.package_identification:_identify(src/micro_ros_setup) by extension 'colcon_pkg'
[1.172s] Level 1:colcon.colcon_core.package_identification:_identify(src/micro_ros_setup) by extensions ['colcon_meta']
[1.172s] Level 1:colcon.colcon_core.package_identification:_identify(src/micro_ros_setup) by extension 'colcon_meta'
[1.172s] Level 1:colcon.colcon_core.package_identification:_identify(src/micro_ros_setup) by extensions ['ros']
[1.172s] Level 1:colcon.colcon_core.package_identification:_identify(src/micro_ros_setup) by extension 'ros'
[1.182s] DEBUG:colcon.colcon_core.package_identification:Package 'src/micro_ros_setup' with type 'ros.ament_cmake' and name 'micro_ros_setup'
[1.182s] Level 1:colcon.colcon_core.package_identification:_identify(src/motor_control) by extensions ['ignore', 'ignore_ament_install']
[1.183s] Level 1:colcon.colcon_core.package_identification:_identify(src/motor_control) by extension 'ignore'
[1.183s] Level 1:colcon.colcon_core.package_identification:_identify(src/motor_control) by extension 'ignore_ament_install'
[1.183s] Level 1:colcon.colcon_core.package_identification:_identify(src/motor_control) by extensions ['colcon_pkg']
[1.183s] Level 1:colcon.colcon_core.package_identification:_identify(src/motor_control) by extension 'colcon_pkg'
[1.183s] Level 1:colcon.colcon_core.package_identification:_identify(src/motor_control) by extensions ['colcon_meta']
[1.183s] Level 1:colcon.colcon_core.package_identification:_identify(src/motor_control) by extension 'colcon_meta'
[1.184s] Level 1:colcon.colcon_core.package_identification:_identify(src/motor_control) by extensions ['ros']
[1.184s] Level 1:colcon.colcon_core.package_identification:_identify(src/motor_control) by extension 'ros'
[1.186s] DEBUG:colcon.colcon_core.package_identification:Package 'src/motor_control' with type 'ros.ament_python' and name 'motor_control'
[1.186s] Level 1:colcon.colcon_core.package_identification:_identify(src/myrobot) by extensions ['ignore', 'ignore_ament_install']
[1.187s] Level 1:colcon.colcon_core.package_identification:_identify(src/myrobot) by extension 'ignore'
[1.187s] Level 1:colcon.colcon_core.package_identification:_identify(src/myrobot) by extension 'ignore_ament_install'
[1.187s] Level 1:colcon.colcon_core.package_identification:_identify(src/myrobot) by extensions ['colcon_pkg']
[1.187s] Level 1:colcon.colcon_core.package_identification:_identify(src/myrobot) by extension 'colcon_pkg'
[1.187s] Level 1:colcon.colcon_core.package_identification:_identify(src/myrobot) by extensions ['colcon_meta']
[1.187s] Level 1:colcon.colcon_core.package_identification:_identify(src/myrobot) by extension 'colcon_meta'
[1.188s] Level 1:colcon.colcon_core.package_identification:_identify(src/myrobot) by extensions ['ros']
[1.188s] Level 1:colcon.colcon_core.package_identification:_identify(src/myrobot) by extension 'ros'
[1.190s] DEBUG:colcon.colcon_core.package_identification:Package 'src/myrobot' with type 'ros.ament_python' and name 'myrobot'
[1.191s] Level 1:colcon.colcon_core.package_identification:_identify(src/opencv_tools) by extensions ['ignore', 'ignore_ament_install']
[1.191s] Level 1:colcon.colcon_core.package_identification:_identify(src/opencv_tools) by extension 'ignore'
[1.191s] Level 1:colcon.colcon_core.package_identification:_identify(src/opencv_tools) by extension 'ignore_ament_install'
[1.191s] Level 1:colcon.colcon_core.package_identification:_identify(src/opencv_tools) by extensions ['colcon_pkg']
[1.192s] Level 1:colcon.colcon_core.package_identification:_identify(src/opencv_tools) by extension 'colcon_pkg'
[1.192s] Level 1:colcon.colcon_core.package_identification:_identify(src/opencv_tools) by extensions ['colcon_meta']
[1.192s] Level 1:colcon.colcon_core.package_identification:_identify(src/opencv_tools) by extension 'colcon_meta'
[1.192s] Level 1:colcon.colcon_core.package_identification:_identify(src/opencv_tools) by extensions ['ros']
[1.192s] Level 1:colcon.colcon_core.package_identification:_identify(src/opencv_tools) by extension 'ros'
[1.197s] DEBUG:colcon.colcon_core.package_identification:Package 'src/opencv_tools' with type 'ros.ament_python' and name 'opencv_tools'
[1.197s] Level 1:colcon.colcon_core.package_identification:_identify(src/robot_odom) by extensions ['ignore', 'ignore_ament_install']
[1.197s] Level 1:colcon.colcon_core.package_identification:_identify(src/robot_odom) by extension 'ignore'
[1.198s] Level 1:colcon.colcon_core.package_identification:_identify(src/robot_odom) by extension 'ignore_ament_install'
[1.198s] Level 1:colcon.colcon_core.package_identification:_identify(src/robot_odom) by extensions ['colcon_pkg']
[1.198s] Level 1:colcon.colcon_core.package_identification:_identify(src/robot_odom) by extension 'colcon_pkg'
[1.198s] Level 1:colcon.colcon_core.package_identification:_identify(src/robot_odom) by extensions ['colcon_meta']
[1.198s] Level 1:colcon.colcon_core.package_identification:_identify(src/robot_odom) by extension 'colcon_meta'
[1.198s] Level 1:colcon.colcon_core.package_identification:_identify(src/robot_odom) by extensions ['ros']
[1.199s] Level 1:colcon.colcon_core.package_identification:_identify(src/robot_odom) by extension 'ros'
[1.202s] DEBUG:colcon.colcon_core.package_identification:Package 'src/robot_odom' with type 'ros.ament_cmake' and name 'robot_odom'
[1.203s] Level 1:colcon.colcon_core.package_identification:_identify(src/uros) by extensions ['ignore', 'ignore_ament_install']
[1.203s] Level 1:colcon.colcon_core.package_identification:_identify(src/uros) by extension 'ignore'
[1.203s] Level 1:colcon.colcon_core.package_identification:_identify(src/uros) by extension 'ignore_ament_install'
[1.203s] Level 1:colcon.colcon_core.package_identification:_identify(src/uros) by extensions ['colcon_pkg']
[1.204s] Level 1:colcon.colcon_core.package_identification:_identify(src/uros) by extension 'colcon_pkg'
[1.204s] Level 1:colcon.colcon_core.package_identification:_identify(src/uros) by extensions ['colcon_meta']
[1.204s] Level 1:colcon.colcon_core.package_identification:_identify(src/uros) by extension 'colcon_meta'
[1.204s] Level 1:colcon.colcon_core.package_identification:_identify(src/uros) by extensions ['ros']
[1.204s] Level 1:colcon.colcon_core.package_identification:_identify(src/uros) by extension 'ros'
[1.205s] Level 1:colcon.colcon_core.package_identification:_identify(src/uros) by extensions ['cmake', 'python']
[1.205s] Level 1:colcon.colcon_core.package_identification:_identify(src/uros) by extension 'cmake'
[1.205s] Level 1:colcon.colcon_core.package_identification:_identify(src/uros) by extension 'python'
[1.205s] Level 1:colcon.colcon_core.package_identification:_identify(src/uros) by extensions ['python_setup_py']
[1.205s] Level 1:colcon.colcon_core.package_identification:_identify(src/uros) by extension 'python_setup_py'
[1.206s] Level 1:colcon.colcon_core.package_identification:_identify(src/uros/micro-ROS-Agent) by extensions ['ignore', 'ignore_ament_install']
[1.206s] Level 1:colcon.colcon_core.package_identification:_identify(src/uros/micro-ROS-Agent) by extension 'ignore'
[1.206s] Level 1:colcon.colcon_core.package_identification:_identify(src/uros/micro-ROS-Agent) by extension 'ignore_ament_install'
[1.206s] Level 1:colcon.colcon_core.package_identification:_identify(src/uros/micro-ROS-Agent) by extensions ['colcon_pkg']
[1.206s] Level 1:colcon.colcon_core.package_identification:_identify(src/uros/micro-ROS-Agent) by extension 'colcon_pkg'
[1.207s] Level 1:colcon.colcon_core.package_identification:_identify(src/uros/micro-ROS-Agent) by extensions ['colcon_meta']
[1.207s] Level 1:colcon.colcon_core.package_identification:_identify(src/uros/micro-ROS-Agent) by extension 'colcon_meta'
[1.207s] Level 1:colcon.colcon_core.package_identification:_identify(src/uros/micro-ROS-Agent) by extensions ['ros']
[1.207s] Level 1:colcon.colcon_core.package_identification:_identify(src/uros/micro-ROS-Agent) by extension 'ros'
[1.207s] Level 1:colcon.colcon_core.package_identification:_identify(src/uros/micro-ROS-Agent) by extensions ['cmake', 'python']
[1.207s] Level 1:colcon.colcon_core.package_identification:_identify(src/uros/micro-ROS-Agent) by extension 'cmake'
[1.208s] Level 1:colcon.colcon_core.package_identification:_identify(src/uros/micro-ROS-Agent) by extension 'python'
[1.208s] Level 1:colcon.colcon_core.package_identification:_identify(src/uros/micro-ROS-Agent) by extensions ['python_setup_py']
[1.208s] Level 1:colcon.colcon_core.package_identification:_identify(src/uros/micro-ROS-Agent) by extension 'python_setup_py'
[1.208s] Level 1:colcon.colcon_core.package_identification:_identify(src/uros/micro-ROS-Agent/micro_ros_agent) by extensions ['ignore', 'ignore_ament_install']
[1.209s] Level 1:colcon.colcon_core.package_identification:_identify(src/uros/micro-ROS-Agent/micro_ros_agent) by extension 'ignore'
[1.209s] Level 1:colcon.colcon_core.package_identification:_identify(src/uros/micro-ROS-Agent/micro_ros_agent) by extension 'ignore_ament_install'
[1.209s] Level 1:colcon.colcon_core.package_identification:_identify(src/uros/micro-ROS-Agent/micro_ros_agent) by extensions ['colcon_pkg']
[1.209s] Level 1:colcon.colcon_core.package_identification:_identify(src/uros/micro-ROS-Agent/micro_ros_agent) by extension 'colcon_pkg'
[1.209s] Level 1:colcon.colcon_core.package_identification:_identify(src/uros/micro-ROS-Agent/micro_ros_agent) by extensions ['colcon_meta']
[1.209s] Level 1:colcon.colcon_core.package_identification:_identify(src/uros/micro-ROS-Agent/micro_ros_agent) by extension 'colcon_meta'
[1.210s] Level 1:colcon.colcon_core.package_identification:_identify(src/uros/micro-ROS-Agent/micro_ros_agent) by extensions ['ros']
[1.210s] Level 1:colcon.colcon_core.package_identification:_identify(src/uros/micro-ROS-Agent/micro_ros_agent) by extension 'ros'
[1.213s] DEBUG:colcon.colcon_core.package_identification:Package 'src/uros/micro-ROS-Agent/micro_ros_agent' with type 'ros.ament_cmake' and name 'micro_ros_agent'
[1.214s] Level 1:colcon.colcon_core.package_identification:_identify(src/uros/micro-ROS-Agent/snap) by extensions ['ignore', 'ignore_ament_install']
[1.214s] Level 1:colcon.colcon_core.package_identification:_identify(src/uros/micro-ROS-Agent/snap) by extension 'ignore'
[1.214s] Level 1:colcon.colcon_core.package_identification:_identify(src/uros/micro-ROS-Agent/snap) by extension 'ignore_ament_install'
[1.215s] Level 1:colcon.colcon_core.package_identification:_identify(src/uros/micro-ROS-Agent/snap) by extensions ['colcon_pkg']
[1.215s] Level 1:colcon.colcon_core.package_identification:_identify(src/uros/micro-ROS-Agent/snap) by extension 'colcon_pkg'
[1.215s] Level 1:colcon.colcon_core.package_identification:_identify(src/uros/micro-ROS-Agent/snap) by extensions ['colcon_meta']
[1.215s] Level 1:colcon.colcon_core.package_identification:_identify(src/uros/micro-ROS-Agent/snap) by extension 'colcon_meta'
[1.215s] Level 1:colcon.colcon_core.package_identification:_identify(src/uros/micro-ROS-Agent/snap) by extensions ['ros']
[1.215s] Level 1:colcon.colcon_core.package_identification:_identify(src/uros/micro-ROS-Agent/snap) by extension 'ros'
[1.216s] Level 1:colcon.colcon_core.package_identification:_identify(src/uros/micro-ROS-Agent/snap) by extensions ['cmake', 'python']
[1.216s] Level 1:colcon.colcon_core.package_identification:_identify(src/uros/micro-ROS-Agent/snap) by extension 'cmake'
[1.216s] Level 1:colcon.colcon_core.package_identification:_identify(src/uros/micro-ROS-Agent/snap) by extension 'python'
[1.216s] Level 1:colcon.colcon_core.package_identification:_identify(src/uros/micro-ROS-Agent/snap) by extensions ['python_setup_py']
[1.216s] Level 1:colcon.colcon_core.package_identification:_identify(src/uros/micro-ROS-Agent/snap) by extension 'python_setup_py'
[1.217s] Level 1:colcon.colcon_core.package_identification:_identify(src/uros/micro-ROS-Agent/snap/hooks) by extensions ['ignore', 'ignore_ament_install']
[1.217s] Level 1:colcon.colcon_core.package_identification:_identify(src/uros/micro-ROS-Agent/snap/hooks) by extension 'ignore'
[1.217s] Level 1:colcon.colcon_core.package_identification:_identify(src/uros/micro-ROS-Agent/snap/hooks) by extension 'ignore_ament_install'
[1.217s] Level 1:colcon.colcon_core.package_identification:_identify(src/uros/micro-ROS-Agent/snap/hooks) by extensions ['colcon_pkg']
[1.218s] Level 1:colcon.colcon_core.package_identification:_identify(src/uros/micro-ROS-Agent/snap/hooks) by extension 'colcon_pkg'
[1.218s] Level 1:colcon.colcon_core.package_identification:_identify(src/uros/micro-ROS-Agent/snap/hooks) by extensions ['colcon_meta']
[1.218s] Level 1:colcon.colcon_core.package_identification:_identify(src/uros/micro-ROS-Agent/snap/hooks) by extension 'colcon_meta'
[1.218s] Level 1:colcon.colcon_core.package_identification:_identify(src/uros/micro-ROS-Agent/snap/hooks) by extensions ['ros']
[1.218s] Level 1:colcon.colcon_core.package_identification:_identify(src/uros/micro-ROS-Agent/snap/hooks) by extension 'ros'
[1.218s] Level 1:colcon.colcon_core.package_identification:_identify(src/uros/micro-ROS-Agent/snap/hooks) by extensions ['cmake', 'python']
[1.219s] Level 1:colcon.colcon_core.package_identification:_identify(src/uros/micro-ROS-Agent/snap/hooks) by extension 'cmake'
[1.219s] Level 1:colcon.colcon_core.package_identification:_identify(src/uros/micro-ROS-Agent/snap/hooks) by extension 'python'
[1.219s] Level 1:colcon.colcon_core.package_identification:_identify(src/uros/micro-ROS-Agent/snap/hooks) by extensions ['python_setup_py']
[1.219s] Level 1:colcon.colcon_core.package_identification:_identify(src/uros/micro-ROS-Agent/snap/hooks) by extension 'python_setup_py'
[1.219s] Level 1:colcon.colcon_core.package_identification:_identify(src/uros/micro-ROS-Agent/snap/local) by extensions ['ignore', 'ignore_ament_install']
[1.220s] Level 1:colcon.colcon_core.package_identification:_identify(src/uros/micro-ROS-Agent/snap/local) by extension 'ignore'
[1.220s] Level 1:colcon.colcon_core.package_identification:_identify(src/uros/micro-ROS-Agent/snap/local) by extension 'ignore_ament_install'
[1.220s] Level 1:colcon.colcon_core.package_identification:_identify(src/uros/micro-ROS-Agent/snap/local) by extensions ['colcon_pkg']
[1.220s] Level 1:colcon.colcon_core.package_identification:_identify(src/uros/micro-ROS-Agent/snap/local) by extension 'colcon_pkg'
[1.220s] Level 1:colcon.colcon_core.package_identification:_identify(src/uros/micro-ROS-Agent/snap/local) by extensions ['colcon_meta']
[1.221s] Level 1:colcon.colcon_core.package_identification:_identify(src/uros/micro-ROS-Agent/snap/local) by extension 'colcon_meta'
[1.221s] Level 1:colcon.colcon_core.package_identification:_identify(src/uros/micro-ROS-Agent/snap/local) by extensions ['ros']
[1.221s] Level 1:colcon.colcon_core.package_identification:_identify(src/uros/micro-ROS-Agent/snap/local) by extension 'ros'
[1.221s] Level 1:colcon.colcon_core.package_identification:_identify(src/uros/micro-ROS-Agent/snap/local) by extensions ['cmake', 'python']
[1.221s] Level 1:colcon.colcon_core.package_identification:_identify(src/uros/micro-ROS-Agent/snap/local) by extension 'cmake'
[1.222s] Level 1:colcon.colcon_core.package_identification:_identify(src/uros/micro-ROS-Agent/snap/local) by extension 'python'
[1.222s] Level 1:colcon.colcon_core.package_identification:_identify(src/uros/micro-ROS-Agent/snap/local) by extensions ['python_setup_py']
[1.222s] Level 1:colcon.colcon_core.package_identification:_identify(src/uros/micro-ROS-Agent/snap/local) by extension 'python_setup_py'
[1.222s] Level 1:colcon.colcon_core.package_identification:_identify(src/uros/micro_ros_msgs) by extensions ['ignore', 'ignore_ament_install']
[1.223s] Level 1:colcon.colcon_core.package_identification:_identify(src/uros/micro_ros_msgs) by extension 'ignore'
[1.223s] Level 1:colcon.colcon_core.package_identification:_identify(src/uros/micro_ros_msgs) by extension 'ignore_ament_install'
[1.223s] Level 1:colcon.colcon_core.package_identification:_identify(src/uros/micro_ros_msgs) by extensions ['colcon_pkg']
[1.223s] Level 1:colcon.colcon_core.package_identification:_identify(src/uros/micro_ros_msgs) by extension 'colcon_pkg'
[1.223s] Level 1:colcon.colcon_core.package_identification:_identify(src/uros/micro_ros_msgs) by extensions ['colcon_meta']
[1.223s] Level 1:colcon.colcon_core.package_identification:_identify(src/uros/micro_ros_msgs) by extension 'colcon_meta'
[1.224s] Level 1:colcon.colcon_core.package_identification:_identify(src/uros/micro_ros_msgs) by extensions ['ros']
[1.224s] Level 1:colcon.colcon_core.package_identification:_identify(src/uros/micro_ros_msgs) by extension 'ros'
[1.226s] DEBUG:colcon.colcon_core.package_identification:Package 'src/uros/micro_ros_msgs' with type 'ros.ament_cmake' and name 'micro_ros_msgs'
[1.226s] Level 1:colcon.colcon_core.package_discovery:discover_packages(recursive) using defaults
[1.226s] Level 1:colcon.colcon_core.package_discovery:discover_packages(ignore) discover
[1.226s] Level 1:colcon.colcon_core.package_discovery:discover_packages(ignore) using defaults
[1.226s] Level 1:colcon.colcon_core.package_discovery:discover_packages(path) discover
[1.226s] Level 1:colcon.colcon_core.package_discovery:discover_packages(path) using defaults
[1.306s] Level 1:colcon.colcon_core.package_discovery:discover_packages(prefix_path) check parameters
[1.307s] Level 1:colcon.colcon_core.package_discovery:discover_packages(prefix_path) discover
[1.317s] DEBUG:colcon.colcon_installed_package_information.package_discovery:Found 8 installed packages in /home/pi/ros2_pi_ws/install
[1.324s] DEBUG:colcon.colcon_installed_package_information.package_discovery:Found 204 installed packages in /opt/ros/humble
[1.328s] Level 1:colcon.colcon_core.package_discovery:discover_packages(prefix_path) using defaults
[1.485s] Level 5:colcon.colcon_core.verb:set package 'micro_ros_msgs' build argument 'cmake_args' from command line to 'None'
[1.485s] Level 5:colcon.colcon_core.verb:set package 'micro_ros_msgs' build argument 'cmake_target' from command line to 'None'
[1.485s] Level 5:colcon.colcon_core.verb:set package 'micro_ros_msgs' build argument 'cmake_target_skip_unavailable' from command line to 'False'
[1.485s] Level 5:colcon.colcon_core.verb:set package 'micro_ros_msgs' build argument 'cmake_clean_cache' from command line to 'False'
[1.485s] Level 5:colcon.colcon_core.verb:set package 'micro_ros_msgs' build argument 'cmake_clean_first' from command line to 'False'
[1.485s] Level 5:colcon.colcon_core.verb:set package 'micro_ros_msgs' build argument 'cmake_force_configure' from command line to 'False'
[1.486s] Level 5:colcon.colcon_core.verb:set package 'micro_ros_msgs' build argument 'ament_cmake_args' from command line to 'None'
[1.486s] Level 5:colcon.colcon_core.verb:set package 'micro_ros_msgs' build argument 'catkin_cmake_args' from command line to 'None'
[1.486s] Level 5:colcon.colcon_core.verb:set package 'micro_ros_msgs' build argument 'catkin_skip_building_tests' from command line to 'False'
[1.486s] DEBUG:colcon.colcon_core.verb:Building package 'micro_ros_msgs' with the following arguments: {'ament_cmake_args': None, 'build_base': '/home/pi/ros2_pi_ws/build/micro_ros_msgs', 'catkin_cmake_args': None, 'catkin_skip_building_tests': False, 'cmake_args': None, 'cmake_clean_cache': False, 'cmake_clean_first': False, 'cmake_force_configure': False, 'cmake_target': None, 'cmake_target_skip_unavailable': False, 'install_base': '/home/pi/ros2_pi_ws/install/micro_ros_msgs', 'merge_install': False, 'path': '/home/pi/ros2_pi_ws/src/uros/micro_ros_msgs', 'symlink_install': False, 'test_result_base': None}
[1.487s] Level 5:colcon.colcon_core.verb:set package 'micro_ros_setup' build argument 'cmake_args' from command line to 'None'
[1.487s] Level 5:colcon.colcon_core.verb:set package 'micro_ros_setup' build argument 'cmake_target' from command line to 'None'
[1.488s] Level 5:colcon.colcon_core.verb:set package 'micro_ros_setup' build argument 'cmake_target_skip_unavailable' from command line to 'False'
[1.488s] Level 5:colcon.colcon_core.verb:set package 'micro_ros_setup' build argument 'cmake_clean_cache' from command line to 'False'
[1.488s] Level 5:colcon.colcon_core.verb:set package 'micro_ros_setup' build argument 'cmake_clean_first' from command line to 'False'
[1.488s] Level 5:colcon.colcon_core.verb:set package 'micro_ros_setup' build argument 'cmake_force_configure' from command line to 'False'
[1.488s] Level 5:colcon.colcon_core.verb:set package 'micro_ros_setup' build argument 'ament_cmake_args' from command line to 'None'
[1.488s] Level 5:colcon.colcon_core.verb:set package 'micro_ros_setup' build argument 'catkin_cmake_args' from command line to 'None'
[1.488s] Level 5:colcon.colcon_core.verb:set package 'micro_ros_setup' build argument 'catkin_skip_building_tests' from command line to 'False'
[1.488s] DEBUG:colcon.colcon_core.verb:Building package 'micro_ros_setup' with the following arguments: {'ament_cmake_args': None, 'build_base': '/home/pi/ros2_pi_ws/build/micro_ros_setup', 'catkin_cmake_args': None, 'catkin_skip_building_tests': False, 'cmake_args': None, 'cmake_clean_cache': False, 'cmake_clean_first': False, 'cmake_force_configure': False, 'cmake_target': None, 'cmake_target_skip_unavailable': False, 'install_base': '/home/pi/ros2_pi_ws/install/micro_ros_setup', 'merge_install': False, 'path': '/home/pi/ros2_pi_ws/src/micro_ros_setup', 'symlink_install': False, 'test_result_base': None}
[1.490s] Level 5:colcon.colcon_core.verb:set package 'motor_control' build argument 'cmake_args' from command line to 'None'
[1.490s] Level 5:colcon.colcon_core.verb:set package 'motor_control' build argument 'cmake_target' from command line to 'None'
[1.490s] Level 5:colcon.colcon_core.verb:set package 'motor_control' build argument 'cmake_target_skip_unavailable' from command line to 'False'
[1.490s] Level 5:colcon.colcon_core.verb:set package 'motor_control' build argument 'cmake_clean_cache' from command line to 'False'
[1.490s] Level 5:colcon.colcon_core.verb:set package 'motor_control' build argument 'cmake_clean_first' from command line to 'False'
[1.490s] Level 5:colcon.colcon_core.verb:set package 'motor_control' build argument 'cmake_force_configure' from command line to 'False'
[1.490s] Level 5:colcon.colcon_core.verb:set package 'motor_control' build argument 'ament_cmake_args' from command line to 'None'
[1.490s] Level 5:colcon.colcon_core.verb:set package 'motor_control' build argument 'catkin_cmake_args' from command line to 'None'
[1.491s] Level 5:colcon.colcon_core.verb:set package 'motor_control' build argument 'catkin_skip_building_tests' from command line to 'False'
[1.491s] DEBUG:colcon.colcon_core.verb:Building package 'motor_control' with the following arguments: {'ament_cmake_args': None, 'build_base': '/home/pi/ros2_pi_ws/build/motor_control', 'catkin_cmake_args': None, 'catkin_skip_building_tests': False, 'cmake_args': None, 'cmake_clean_cache': False, 'cmake_clean_first': False, 'cmake_force_configure': False, 'cmake_target': None, 'cmake_target_skip_unavailable': False, 'install_base': '/home/pi/ros2_pi_ws/install/motor_control', 'merge_install': False, 'path': '/home/pi/ros2_pi_ws/src/motor_control', 'symlink_install': False, 'test_result_base': None}
[1.492s] Level 5:colcon.colcon_core.verb:set package 'myrobot' build argument 'cmake_args' from command line to 'None'
[1.492s] Level 5:colcon.colcon_core.verb:set package 'myrobot' build argument 'cmake_target' from command line to 'None'
[1.492s] Level 5:colcon.colcon_core.verb:set package 'myrobot' build argument 'cmake_target_skip_unavailable' from command line to 'False'
[1.492s] Level 5:colcon.colcon_core.verb:set package 'myrobot' build argument 'cmake_clean_cache' from command line to 'False'
[1.493s] Level 5:colcon.colcon_core.verb:set package 'myrobot' build argument 'cmake_clean_first' from command line to 'False'
[1.493s] Level 5:colcon.colcon_core.verb:set package 'myrobot' build argument 'cmake_force_configure' from command line to 'False'
[1.493s] Level 5:colcon.colcon_core.verb:set package 'myrobot' build argument 'ament_cmake_args' from command line to 'None'
[1.493s] Level 5:colcon.colcon_core.verb:set package 'myrobot' build argument 'catkin_cmake_args' from command line to 'None'
[1.493s] Level 5:colcon.colcon_core.verb:set package 'myrobot' build argument 'catkin_skip_building_tests' from command line to 'False'
[1.493s] DEBUG:colcon.colcon_core.verb:Building package 'myrobot' with the following arguments: {'ament_cmake_args': None, 'build_base': '/home/pi/ros2_pi_ws/build/myrobot', 'catkin_cmake_args': None, 'catkin_skip_building_tests': False, 'cmake_args': None, 'cmake_clean_cache': False, 'cmake_clean_first': False, 'cmake_force_configure': False, 'cmake_target': None, 'cmake_target_skip_unavailable': False, 'install_base': '/home/pi/ros2_pi_ws/install/myrobot', 'merge_install': False, 'path': '/home/pi/ros2_pi_ws/src/myrobot', 'symlink_install': False, 'test_result_base': None}
[1.494s] Level 5:colcon.colcon_core.verb:set package 'opencv_tools' build argument 'cmake_args' from command line to 'None'
[1.494s] Level 5:colcon.colcon_core.verb:set package 'opencv_tools' build argument 'cmake_target' from command line to 'None'
[1.495s] Level 5:colcon.colcon_core.verb:set package 'opencv_tools' build argument 'cmake_target_skip_unavailable' from command line to 'False'
[1.495s] Level 5:colcon.colcon_core.verb:set package 'opencv_tools' build argument 'cmake_clean_cache' from command line to 'False'
[1.495s] Level 5:colcon.colcon_core.verb:set package 'opencv_tools' build argument 'cmake_clean_first' from command line to 'False'
[1.495s] Level 5:colcon.colcon_core.verb:set package 'opencv_tools' build argument 'cmake_force_configure' from command line to 'False'
[1.495s] Level 5:colcon.colcon_core.verb:set package 'opencv_tools' build argument 'ament_cmake_args' from command line to 'None'
[1.495s] Level 5:colcon.colcon_core.verb:set package 'opencv_tools' build argument 'catkin_cmake_args' from command line to 'None'
[1.495s] Level 5:colcon.colcon_core.verb:set package 'opencv_tools' build argument 'catkin_skip_building_tests' from command line to 'False'
[1.495s] DEBUG:colcon.colcon_core.verb:Building package 'opencv_tools' with the following arguments: {'ament_cmake_args': None, 'build_base': '/home/pi/ros2_pi_ws/build/opencv_tools', 'catkin_cmake_args': None, 'catkin_skip_building_tests': False, 'cmake_args': None, 'cmake_clean_cache': False, 'cmake_clean_first': False, 'cmake_force_configure': False, 'cmake_target': None, 'cmake_target_skip_unavailable': False, 'install_base': '/home/pi/ros2_pi_ws/install/opencv_tools', 'merge_install': False, 'path': '/home/pi/ros2_pi_ws/src/opencv_tools', 'symlink_install': False, 'test_result_base': None}
[1.497s] Level 5:colcon.colcon_core.verb:set package 'robot_odom' build argument 'cmake_args' from command line to 'None'
[1.497s] Level 5:colcon.colcon_core.verb:set package 'robot_odom' build argument 'cmake_target' from command line to 'None'
[1.497s] Level 5:colcon.colcon_core.verb:set package 'robot_odom' build argument 'cmake_target_skip_unavailable' from command line to 'False'
[1.497s] Level 5:colcon.colcon_core.verb:set package 'robot_odom' build argument 'cmake_clean_cache' from command line to 'False'
[1.497s] Level 5:colcon.colcon_core.verb:set package 'robot_odom' build argument 'cmake_clean_first' from command line to 'False'
[1.497s] Level 5:colcon.colcon_core.verb:set package 'robot_odom' build argument 'cmake_force_configure' from command line to 'False'
[1.497s] Level 5:colcon.colcon_core.verb:set package 'robot_odom' build argument 'ament_cmake_args' from command line to 'None'
[1.497s] Level 5:colcon.colcon_core.verb:set package 'robot_odom' build argument 'catkin_cmake_args' from command line to 'None'
[1.497s] Level 5:colcon.colcon_core.verb:set package 'robot_odom' build argument 'catkin_skip_building_tests' from command line to 'False'
[1.498s] DEBUG:colcon.colcon_core.verb:Building package 'robot_odom' with the following arguments: {'ament_cmake_args': None, 'build_base': '/home/pi/ros2_pi_ws/build/robot_odom', 'catkin_cmake_args': None, 'catkin_skip_building_tests': False, 'cmake_args': None, 'cmake_clean_cache': False, 'cmake_clean_first': False, 'cmake_force_configure': False, 'cmake_target': None, 'cmake_target_skip_unavailable': False, 'install_base': '/home/pi/ros2_pi_ws/install/robot_odom', 'merge_install': False, 'path': '/home/pi/ros2_pi_ws/src/robot_odom', 'symlink_install': False, 'test_result_base': None}
[1.499s] Level 5:colcon.colcon_core.verb:set package 'micro_ros_agent' build argument 'cmake_args' from command line to 'None'
[1.499s] Level 5:colcon.colcon_core.verb:set package 'micro_ros_agent' build argument 'cmake_target' from command line to 'None'
[1.499s] Level 5:colcon.colcon_core.verb:set package 'micro_ros_agent' build argument 'cmake_target_skip_unavailable' from command line to 'False'
[1.499s] Level 5:colcon.colcon_core.verb:set package 'micro_ros_agent' build argument 'cmake_clean_cache' from command line to 'False'
[1.499s] Level 5:colcon.colcon_core.verb:set package 'micro_ros_agent' build argument 'cmake_clean_first' from command line to 'False'
[1.499s] Level 5:colcon.colcon_core.verb:set package 'micro_ros_agent' build argument 'cmake_force_configure' from command line to 'False'
[1.499s] Level 5:colcon.colcon_core.verb:set package 'micro_ros_agent' build argument 'ament_cmake_args' from command line to 'None'
[1.500s] Level 5:colcon.colcon_core.verb:set package 'micro_ros_agent' build argument 'catkin_cmake_args' from command line to 'None'
[1.500s] Level 5:colcon.colcon_core.verb:set package 'micro_ros_agent' build argument 'catkin_skip_building_tests' from command line to 'False'
[1.500s] DEBUG:colcon.colcon_core.verb:Building package 'micro_ros_agent' with the following arguments: {'ament_cmake_args': None, 'build_base': '/home/pi/ros2_pi_ws/build/micro_ros_agent', 'catkin_cmake_args': None, 'catkin_skip_building_tests': False, 'cmake_args': None, 'cmake_clean_cache': False, 'cmake_clean_first': False, 'cmake_force_configure': False, 'cmake_target': None, 'cmake_target_skip_unavailable': False, 'install_base': '/home/pi/ros2_pi_ws/install/micro_ros_agent', 'merge_install': False, 'path': '/home/pi/ros2_pi_ws/src/uros/micro-ROS-Agent/micro_ros_agent', 'symlink_install': False, 'test_result_base': None}
[1.500s] INFO:colcon.colcon_core.executor:Executing jobs using 'parallel' executor
[1.504s] DEBUG:colcon.colcon_parallel_executor.executor.parallel:run_until_complete
[1.505s] INFO:colcon.colcon_ros.task.ament_cmake.build:Building ROS package in '/home/pi/ros2_pi_ws/src/uros/micro_ros_msgs' with build type 'ament_cmake'
[1.505s] INFO:colcon.colcon_cmake.task.cmake.build:Building CMake package in '/home/pi/ros2_pi_ws/src/uros/micro_ros_msgs'
[1.514s] INFO:colcon.colcon_core.plugin_system:Skipping extension 'colcon_core.shell.bat': Not used on non-Windows systems
[1.515s] INFO:colcon.colcon_core.shell:Skip shell extension 'powershell' for command environment: Not usable outside of PowerShell
[1.516s] DEBUG:colcon.colcon_core.shell:Skip shell extension 'dsv' for command environment
[1.533s] INFO:colcon.colcon_ros.task.ament_cmake.build:Building ROS package in '/home/pi/ros2_pi_ws/src/micro_ros_setup' with build type 'ament_cmake'
[1.534s] INFO:colcon.colcon_cmake.task.cmake.build:Building CMake package in '/home/pi/ros2_pi_ws/src/micro_ros_setup'
[1.535s] INFO:colcon.colcon_core.shell:Skip shell extension 'powershell' for command environment: Not usable outside of PowerShell
[1.536s] DEBUG:colcon.colcon_core.shell:Skip shell extension 'dsv' for command environment
[1.554s] INFO:colcon.colcon_ros.task.ament_python.build:Building ROS package in '/home/pi/ros2_pi_ws/src/motor_control' with build type 'ament_python'
[1.555s] Level 1:colcon.colcon_core.shell:create_environment_hook('motor_control', 'ament_prefix_path')
[1.556s] INFO:colcon.colcon_core.shell:Creating environment hook '/home/pi/ros2_pi_ws/install/motor_control/share/motor_control/hook/ament_prefix_path.ps1'
[1.559s] INFO:colcon.colcon_core.shell:Creating environment descriptor '/home/pi/ros2_pi_ws/install/motor_control/share/motor_control/hook/ament_prefix_path.dsv'
[1.561s] INFO:colcon.colcon_core.shell:Creating environment hook '/home/pi/ros2_pi_ws/install/motor_control/share/motor_control/hook/ament_prefix_path.sh'
[1.565s] INFO:colcon.colcon_core.shell:Skip shell extension 'powershell' for command environment: Not usable outside of PowerShell
[1.565s] DEBUG:colcon.colcon_core.shell:Skip shell extension 'dsv' for command environment
[1.583s] INFO:colcon.colcon_ros.task.ament_python.build:Building ROS package in '/home/pi/ros2_pi_ws/src/myrobot' with build type 'ament_python'
[1.583s] Level 1:colcon.colcon_core.shell:create_environment_hook('myrobot', 'ament_prefix_path')
[1.585s] INFO:colcon.colcon_core.shell:Creating environment hook '/home/pi/ros2_pi_ws/install/myrobot/share/myrobot/hook/ament_prefix_path.ps1'
[1.587s] INFO:colcon.colcon_core.shell:Creating environment descriptor '/home/pi/ros2_pi_ws/install/myrobot/share/myrobot/hook/ament_prefix_path.dsv'
[1.589s] INFO:colcon.colcon_core.shell:Creating environment hook '/home/pi/ros2_pi_ws/install/myrobot/share/myrobot/hook/ament_prefix_path.sh'
[1.592s] INFO:colcon.colcon_core.shell:Skip shell extension 'powershell' for command environment: Not usable outside of PowerShell
[1.593s] DEBUG:colcon.colcon_core.shell:Skip shell extension 'dsv' for command environment
[1.626s] DEBUG:colcon.colcon_core.event_handler.log_command:Invoking command in '/home/pi/ros2_pi_ws/build/micro_ros_msgs': CMAKE_PREFIX_PATH=${CMAKE_PREFIX_PATH}:/home/pi/ros2_pi_ws/install/opencv_tools:/home/pi/ros2_pi_ws/install/myrobot:/home/pi/ros2_pi_ws/install/motor_control:/opt/ros/humble /usr/bin/cmake --build /home/pi/ros2_pi_ws/build/micro_ros_msgs -- -j4 -l4
[1.649s] DEBUG:colcon.colcon_core.event_handler.log_command:Invoking command in '/home/pi/ros2_pi_ws/build/micro_ros_setup': CMAKE_PREFIX_PATH=${CMAKE_PREFIX_PATH}:/home/pi/ros2_pi_ws/install/opencv_tools:/home/pi/ros2_pi_ws/install/myrobot:/home/pi/ros2_pi_ws/install/motor_control:/opt/ros/humble /usr/bin/cmake --build /home/pi/ros2_pi_ws/build/micro_ros_setup -- -j4 -l4
[3.029s] INFO:colcon.colcon_core.task.python.build:Building Python package in '/home/pi/ros2_pi_ws/src/motor_control'
[3.030s] INFO:colcon.colcon_core.shell:Skip shell extension 'powershell' for command environment: Not usable outside of PowerShell
[3.030s] DEBUG:colcon.colcon_core.shell:Skip shell extension 'dsv' for command environment
[4.157s] INFO:colcon.colcon_core.task.python.build:Building Python package in '/home/pi/ros2_pi_ws/src/myrobot'
[4.158s] INFO:colcon.colcon_core.shell:Skip shell extension 'powershell' for command environment: Not usable outside of PowerShell
[4.158s] DEBUG:colcon.colcon_core.shell:Skip shell extension 'dsv' for command environment
[4.181s] DEBUG:colcon.colcon_core.event_handler.log_command:Invoked command in '/home/pi/ros2_pi_ws/build/micro_ros_setup' returned '0': CMAKE_PREFIX_PATH=${CMAKE_PREFIX_PATH}:/home/pi/ros2_pi_ws/install/opencv_tools:/home/pi/ros2_pi_ws/install/myrobot:/home/pi/ros2_pi_ws/install/motor_control:/opt/ros/humble /usr/bin/cmake --build /home/pi/ros2_pi_ws/build/micro_ros_setup -- -j4 -l4
[4.220s] DEBUG:colcon.colcon_core.event_handler.log_command:Invoking command in '/home/pi/ros2_pi_ws/build/micro_ros_setup': CMAKE_PREFIX_PATH=${CMAKE_PREFIX_PATH}:/home/pi/ros2_pi_ws/install/opencv_tools:/home/pi/ros2_pi_ws/install/myrobot:/home/pi/ros2_pi_ws/install/motor_control:/opt/ros/humble /usr/bin/cmake --install /home/pi/ros2_pi_ws/build/micro_ros_setup
[4.226s] DEBUG:colcon.colcon_core.event_handler.log_command:Invoked command in '/home/pi/ros2_pi_ws/build/micro_ros_msgs' returned '0': CMAKE_PREFIX_PATH=${CMAKE_PREFIX_PATH}:/home/pi/ros2_pi_ws/install/opencv_tools:/home/pi/ros2_pi_ws/install/myrobot:/home/pi/ros2_pi_ws/install/motor_control:/opt/ros/humble /usr/bin/cmake --build /home/pi/ros2_pi_ws/build/micro_ros_msgs -- -j4 -l4
[4.237s] DEBUG:colcon.colcon_core.event_handler.log_command:Invoking command in '/home/pi/ros2_pi_ws/build/micro_ros_msgs': CMAKE_PREFIX_PATH=${CMAKE_PREFIX_PATH}:/home/pi/ros2_pi_ws/install/opencv_tools:/home/pi/ros2_pi_ws/install/myrobot:/home/pi/ros2_pi_ws/install/motor_control:/opt/ros/humble /usr/bin/cmake --install /home/pi/ros2_pi_ws/build/micro_ros_msgs
[4.387s] Level 1:colcon.colcon_core.environment:create_environment_scripts_only(micro_ros_setup)
[4.428s] Level 1:colcon.colcon_core.environment:checking '/home/pi/ros2_pi_ws/install/micro_ros_setup' for CMake module files
[4.436s] Level 1:colcon.colcon_core.environment:checking '/home/pi/ros2_pi_ws/install/micro_ros_setup' for CMake config files
[4.472s] Level 1:colcon.colcon_core.shell:create_environment_hook('micro_ros_setup', 'cmake_prefix_path')
[4.474s] INFO:colcon.colcon_core.shell:Creating environment hook '/home/pi/ros2_pi_ws/install/micro_ros_setup/share/micro_ros_setup/hook/cmake_prefix_path.ps1'
[4.480s] INFO:colcon.colcon_core.shell:Creating environment descriptor '/home/pi/ros2_pi_ws/install/micro_ros_setup/share/micro_ros_setup/hook/cmake_prefix_path.dsv'
[4.500s] INFO:colcon.colcon_core.shell:Creating environment hook '/home/pi/ros2_pi_ws/install/micro_ros_setup/share/micro_ros_setup/hook/cmake_prefix_path.sh'
[4.519s] Level 1:colcon.colcon_core.environment:checking '/home/pi/ros2_pi_ws/install/micro_ros_setup/lib'
[4.522s] Level 1:colcon.colcon_core.environment:checking '/home/pi/ros2_pi_ws/install/micro_ros_setup/bin'
[4.523s] Level 1:colcon.colcon_core.environment:checking '/home/pi/ros2_pi_ws/install/micro_ros_setup/lib/pkgconfig/micro_ros_setup.pc'
[4.525s] Level 1:colcon.colcon_core.environment:checking '/home/pi/ros2_pi_ws/install/micro_ros_setup/lib/python3.10/site-packages'
[4.527s] Level 1:colcon.colcon_core.environment:checking '/home/pi/ros2_pi_ws/install/micro_ros_setup/bin'
[4.537s] INFO:colcon.colcon_core.shell:Creating package script '/home/pi/ros2_pi_ws/install/micro_ros_setup/share/micro_ros_setup/package.ps1'
[4.542s] INFO:colcon.colcon_core.shell:Creating package descriptor '/home/pi/ros2_pi_ws/install/micro_ros_setup/share/micro_ros_setup/package.dsv'
[4.547s] INFO:colcon.colcon_core.shell:Creating package script '/home/pi/ros2_pi_ws/install/micro_ros_setup/share/micro_ros_setup/package.sh'
[4.553s] INFO:colcon.colcon_core.shell:Creating package script '/home/pi/ros2_pi_ws/install/micro_ros_setup/share/micro_ros_setup/package.bash'
[4.558s] INFO:colcon.colcon_core.shell:Creating package script '/home/pi/ros2_pi_ws/install/micro_ros_setup/share/micro_ros_setup/package.zsh'
[4.563s] Level 1:colcon.colcon_core.environment:create_file_with_runtime_dependencies(/home/pi/ros2_pi_ws/install/micro_ros_setup/share/colcon-core/packages/micro_ros_setup)
[4.569s] Level 1:colcon.colcon_core.environment:create_environment_scripts_only(micro_ros_setup)
[4.570s] Level 1:colcon.colcon_core.environment:checking '/home/pi/ros2_pi_ws/install/micro_ros_setup' for CMake module files
[4.578s] Level 1:colcon.colcon_core.environment:checking '/home/pi/ros2_pi_ws/install/micro_ros_setup' for CMake config files
[4.591s] Level 1:colcon.colcon_core.shell:create_environment_hook('micro_ros_setup', 'cmake_prefix_path')
[4.593s] INFO:colcon.colcon_core.shell:Creating environment hook '/home/pi/ros2_pi_ws/install/micro_ros_setup/share/micro_ros_setup/hook/cmake_prefix_path.ps1'
[4.599s] INFO:colcon.colcon_core.shell:Creating environment descriptor '/home/pi/ros2_pi_ws/install/micro_ros_setup/share/micro_ros_setup/hook/cmake_prefix_path.dsv'
[4.603s] INFO:colcon.colcon_core.shell:Creating environment hook '/home/pi/ros2_pi_ws/install/micro_ros_setup/share/micro_ros_setup/hook/cmake_prefix_path.sh'
[4.618s] Level 1:colcon.colcon_core.environment:checking '/home/pi/ros2_pi_ws/install/micro_ros_setup/lib'
[4.618s] Level 1:colcon.colcon_core.environment:checking '/home/pi/ros2_pi_ws/install/micro_ros_setup/bin'
[4.619s] Level 1:colcon.colcon_core.environment:checking '/home/pi/ros2_pi_ws/install/micro_ros_setup/lib/pkgconfig/micro_ros_setup.pc'
[4.620s] Level 1:colcon.colcon_core.environment:checking '/home/pi/ros2_pi_ws/install/micro_ros_setup/lib/python3.10/site-packages'
[4.622s] Level 1:colcon.colcon_core.environment:checking '/home/pi/ros2_pi_ws/install/micro_ros_setup/bin'
[4.623s] INFO:colcon.colcon_core.shell:Creating package script '/home/pi/ros2_pi_ws/install/micro_ros_setup/share/micro_ros_setup/package.ps1'
[4.640s] INFO:colcon.colcon_core.shell:Creating package descriptor '/home/pi/ros2_pi_ws/install/micro_ros_setup/share/micro_ros_setup/package.dsv'
[4.651s] DEBUG:colcon.colcon_core.event_handler.log_command:Invoked command in '/home/pi/ros2_pi_ws/build/micro_ros_setup' returned '0': CMAKE_PREFIX_PATH=${CMAKE_PREFIX_PATH}:/home/pi/ros2_pi_ws/install/opencv_tools:/home/pi/ros2_pi_ws/install/myrobot:/home/pi/ros2_pi_ws/install/motor_control:/opt/ros/humble /usr/bin/cmake --install /home/pi/ros2_pi_ws/build/micro_ros_setup
[4.653s] INFO:colcon.colcon_core.shell:Creating package script '/home/pi/ros2_pi_ws/install/micro_ros_setup/share/micro_ros_setup/package.sh'
[4.662s] INFO:colcon.colcon_core.shell:Creating package script '/home/pi/ros2_pi_ws/install/micro_ros_setup/share/micro_ros_setup/package.bash'
[4.666s] INFO:colcon.colcon_core.shell:Creating package script '/home/pi/ros2_pi_ws/install/micro_ros_setup/share/micro_ros_setup/package.zsh'
[4.671s] Level 1:colcon.colcon_core.environment:create_file_with_runtime_dependencies(/home/pi/ros2_pi_ws/install/micro_ros_setup/share/colcon-core/packages/micro_ros_setup)
[4.678s] INFO:colcon.colcon_ros.task.ament_python.build:Building ROS package in '/home/pi/ros2_pi_ws/src/opencv_tools' with build type 'ament_python'
[4.679s] Level 1:colcon.colcon_core.shell:create_environment_hook('opencv_tools', 'ament_prefix_path')
[4.680s] INFO:colcon.colcon_core.shell:Creating environment hook '/home/pi/ros2_pi_ws/install/opencv_tools/share/opencv_tools/hook/ament_prefix_path.ps1'
[4.699s] INFO:colcon.colcon_core.shell:Creating environment descriptor '/home/pi/ros2_pi_ws/install/opencv_tools/share/opencv_tools/hook/ament_prefix_path.dsv'
[4.703s] INFO:colcon.colcon_core.shell:Creating environment hook '/home/pi/ros2_pi_ws/install/opencv_tools/share/opencv_tools/hook/ament_prefix_path.sh'
[4.707s] INFO:colcon.colcon_core.shell:Skip shell extension 'powershell' for command environment: Not usable outside of PowerShell
[4.708s] DEBUG:colcon.colcon_core.shell:Skip shell extension 'dsv' for command environment
[4.754s] Level 1:colcon.colcon_core.environment:create_environment_scripts_only(micro_ros_msgs)
[4.755s] Level 1:colcon.colcon_core.environment:checking '/home/pi/ros2_pi_ws/install/micro_ros_msgs' for CMake module files
[4.760s] DEBUG:colcon.colcon_core.event_handler.log_command:Invoked command in '/home/pi/ros2_pi_ws/build/micro_ros_msgs' returned '0': CMAKE_PREFIX_PATH=${CMAKE_PREFIX_PATH}:/home/pi/ros2_pi_ws/install/opencv_tools:/home/pi/ros2_pi_ws/install/myrobot:/home/pi/ros2_pi_ws/install/motor_control:/opt/ros/humble /usr/bin/cmake --install /home/pi/ros2_pi_ws/build/micro_ros_msgs
[4.763s] Level 1:colcon.colcon_core.environment:checking '/home/pi/ros2_pi_ws/install/micro_ros_msgs' for CMake config files
[4.767s] Level 1:colcon.colcon_core.shell:create_environment_hook('micro_ros_msgs', 'cmake_prefix_path')
[4.768s] INFO:colcon.colcon_core.shell:Creating environment hook '/home/pi/ros2_pi_ws/install/micro_ros_msgs/share/micro_ros_msgs/hook/cmake_prefix_path.ps1'
[4.771s] INFO:colcon.colcon_core.shell:Creating environment descriptor '/home/pi/ros2_pi_ws/install/micro_ros_msgs/share/micro_ros_msgs/hook/cmake_prefix_path.dsv'
[4.773s] INFO:colcon.colcon_core.shell:Creating environment hook '/home/pi/ros2_pi_ws/install/micro_ros_msgs/share/micro_ros_msgs/hook/cmake_prefix_path.sh'
[4.777s] Level 1:colcon.colcon_core.environment:checking '/home/pi/ros2_pi_ws/install/micro_ros_msgs/lib'
[4.777s] Level 1:colcon.colcon_core.shell:create_environment_hook('micro_ros_msgs', 'ld_library_path_lib')
[4.779s] INFO:colcon.colcon_core.shell:Creating environment hook '/home/pi/ros2_pi_ws/install/micro_ros_msgs/share/micro_ros_msgs/hook/ld_library_path_lib.ps1'
[4.781s] INFO:colcon.colcon_core.shell:Creating environment descriptor '/home/pi/ros2_pi_ws/install/micro_ros_msgs/share/micro_ros_msgs/hook/ld_library_path_lib.dsv'
[4.784s] INFO:colcon.colcon_core.shell:Creating environment hook '/home/pi/ros2_pi_ws/install/micro_ros_msgs/share/micro_ros_msgs/hook/ld_library_path_lib.sh'
[4.786s] Level 1:colcon.colcon_core.environment:checking '/home/pi/ros2_pi_ws/install/micro_ros_msgs/bin'
[4.787s] Level 1:colcon.colcon_core.environment:checking '/home/pi/ros2_pi_ws/install/micro_ros_msgs/lib/pkgconfig/micro_ros_msgs.pc'
[4.788s] Level 1:colcon.colcon_core.environment:checking '/home/pi/ros2_pi_ws/install/micro_ros_msgs/lib/python3.10/site-packages'
[4.789s] Level 1:colcon.colcon_core.environment:checking '/home/pi/ros2_pi_ws/install/micro_ros_msgs/bin'
[4.791s] INFO:colcon.colcon_core.shell:Creating package script '/home/pi/ros2_pi_ws/install/micro_ros_msgs/share/micro_ros_msgs/package.ps1'
[4.793s] INFO:colcon.colcon_core.shell:Creating package descriptor '/home/pi/ros2_pi_ws/install/micro_ros_msgs/share/micro_ros_msgs/package.dsv'
[4.796s] INFO:colcon.colcon_core.shell:Creating package script '/home/pi/ros2_pi_ws/install/micro_ros_msgs/share/micro_ros_msgs/package.sh'
[4.799s] INFO:colcon.colcon_core.shell:Creating package script '/home/pi/ros2_pi_ws/install/micro_ros_msgs/share/micro_ros_msgs/package.bash'
[4.803s] INFO:colcon.colcon_core.shell:Creating package script '/home/pi/ros2_pi_ws/install/micro_ros_msgs/share/micro_ros_msgs/package.zsh'
[4.806s] Level 1:colcon.colcon_core.environment:create_file_with_runtime_dependencies(/home/pi/ros2_pi_ws/install/micro_ros_msgs/share/colcon-core/packages/micro_ros_msgs)
[4.810s] Level 1:colcon.colcon_core.environment:create_environment_scripts_only(micro_ros_msgs)
[4.811s] Level 1:colcon.colcon_core.environment:checking '/home/pi/ros2_pi_ws/install/micro_ros_msgs' for CMake module files
[4.816s] Level 1:colcon.colcon_core.environment:checking '/home/pi/ros2_pi_ws/install/micro_ros_msgs' for CMake config files
[4.821s] Level 1:colcon.colcon_core.shell:create_environment_hook('micro_ros_msgs', 'cmake_prefix_path')
[4.822s] INFO:colcon.colcon_core.shell:Creating environment hook '/home/pi/ros2_pi_ws/install/micro_ros_msgs/share/micro_ros_msgs/hook/cmake_prefix_path.ps1'
[4.825s] INFO:colcon.colcon_core.shell:Creating environment descriptor '/home/pi/ros2_pi_ws/install/micro_ros_msgs/share/micro_ros_msgs/hook/cmake_prefix_path.dsv'
[4.827s] INFO:colcon.colcon_core.shell:Creating environment hook '/home/pi/ros2_pi_ws/install/micro_ros_msgs/share/micro_ros_msgs/hook/cmake_prefix_path.sh'
[4.830s] Level 1:colcon.colcon_core.environment:checking '/home/pi/ros2_pi_ws/install/micro_ros_msgs/lib'
[4.831s] Level 1:colcon.colcon_core.shell:create_environment_hook('micro_ros_msgs', 'ld_library_path_lib')
[4.832s] INFO:colcon.colcon_core.shell:Creating environment hook '/home/pi/ros2_pi_ws/install/micro_ros_msgs/share/micro_ros_msgs/hook/ld_library_path_lib.ps1'
[4.834s] INFO:colcon.colcon_core.shell:Creating environment descriptor '/home/pi/ros2_pi_ws/install/micro_ros_msgs/share/micro_ros_msgs/hook/ld_library_path_lib.dsv'
[4.836s] INFO:colcon.colcon_core.shell:Creating environment hook '/home/pi/ros2_pi_ws/install/micro_ros_msgs/share/micro_ros_msgs/hook/ld_library_path_lib.sh'
[4.839s] Level 1:colcon.colcon_core.environment:checking '/home/pi/ros2_pi_ws/install/micro_ros_msgs/bin'
[4.839s] Level 1:colcon.colcon_core.environment:checking '/home/pi/ros2_pi_ws/install/micro_ros_msgs/lib/pkgconfig/micro_ros_msgs.pc'
[4.840s] Level 1:colcon.colcon_core.environment:checking '/home/pi/ros2_pi_ws/install/micro_ros_msgs/lib/python3.10/site-packages'
[4.841s] Level 1:colcon.colcon_core.environment:checking '/home/pi/ros2_pi_ws/install/micro_ros_msgs/bin'
[4.843s] INFO:colcon.colcon_core.shell:Creating package script '/home/pi/ros2_pi_ws/install/micro_ros_msgs/share/micro_ros_msgs/package.ps1'
[4.847s] INFO:colcon.colcon_core.shell:Creating package descriptor '/home/pi/ros2_pi_ws/install/micro_ros_msgs/share/micro_ros_msgs/package.dsv'
[4.850s] INFO:colcon.colcon_core.shell:Creating package script '/home/pi/ros2_pi_ws/install/micro_ros_msgs/share/micro_ros_msgs/package.sh'
[4.853s] INFO:colcon.colcon_core.shell:Creating package script '/home/pi/ros2_pi_ws/install/micro_ros_msgs/share/micro_ros_msgs/package.bash'
[4.856s] INFO:colcon.colcon_core.shell:Creating package script '/home/pi/ros2_pi_ws/install/micro_ros_msgs/share/micro_ros_msgs/package.zsh'
[4.858s] Level 1:colcon.colcon_core.environment:create_file_with_runtime_dependencies(/home/pi/ros2_pi_ws/install/micro_ros_msgs/share/colcon-core/packages/micro_ros_msgs)
[4.860s] INFO:colcon.colcon_ros.task.ament_cmake.build:Building ROS package in '/home/pi/ros2_pi_ws/src/robot_odom' with build type 'ament_cmake'
[4.861s] INFO:colcon.colcon_cmake.task.cmake.build:Building CMake package in '/home/pi/ros2_pi_ws/src/robot_odom'
[4.862s] INFO:colcon.colcon_core.shell:Skip shell extension 'powershell' for command environment: Not usable outside of PowerShell
[4.863s] DEBUG:colcon.colcon_core.shell:Skip shell extension 'dsv' for command environment
[6.352s] INFO:colcon.colcon_core.task.python.build:Building Python package in '/home/pi/ros2_pi_ws/src/opencv_tools'
[6.353s] INFO:colcon.colcon_core.shell:Skip shell extension 'powershell' for command environment: Not usable outside of PowerShell
[6.353s] DEBUG:colcon.colcon_core.shell:Skip shell extension 'dsv' for command environment
[6.394s] DEBUG:colcon.colcon_core.event_handler.log_command:Invoking command in '/home/pi/ros2_pi_ws/src/motor_control': PYTHONPATH=/home/pi/ros2_pi_ws/build/motor_control/prefix_override:/usr/lib/python3/dist-packages/colcon_core/task/python/colcon_distutils_commands:/home/pi/ros2_pi_ws/install/motor_control/lib/python3.10/site-packages:${PYTHONPATH} /usr/bin/python3 -W ignore:setup.py install is deprecated -W ignore:easy_install command is deprecated setup.py egg_info --egg-base ../../build/motor_control build --build-base /home/pi/ros2_pi_ws/build/motor_control/build install --record /home/pi/ros2_pi_ws/build/motor_control/install.log --single-version-externally-managed install_data
[6.400s] DEBUG:colcon.colcon_core.event_handler.log_command:Invoking command in '/home/pi/ros2_pi_ws/src/myrobot': PYTHONPATH=/home/pi/ros2_pi_ws/build/myrobot/prefix_override:/usr/lib/python3/dist-packages/colcon_core/task/python/colcon_distutils_commands:/home/pi/ros2_pi_ws/install/myrobot/lib/python3.10/site-packages:${PYTHONPATH} /usr/bin/python3 -W ignore:setup.py install is deprecated -W ignore:easy_install command is deprecated setup.py egg_info --egg-base ../../build/myrobot build --build-base /home/pi/ros2_pi_ws/build/myrobot/build install --record /home/pi/ros2_pi_ws/build/myrobot/install.log --single-version-externally-managed install_data
[6.411s] DEBUG:colcon.colcon_core.event_handler.log_command:Invoking command in '/home/pi/ros2_pi_ws/build/robot_odom': CMAKE_PREFIX_PATH=${CMAKE_PREFIX_PATH}:/home/pi/ros2_pi_ws/install/opencv_tools:/home/pi/ros2_pi_ws/install/myrobot:/home/pi/ros2_pi_ws/install/motor_control:/opt/ros/humble /usr/bin/cmake --build /home/pi/ros2_pi_ws/build/robot_odom -- -j4 -l4
[6.785s] DEBUG:colcon.colcon_core.event_handler.log_command:Invoked command in '/home/pi/ros2_pi_ws/build/robot_odom' returned '0': CMAKE_PREFIX_PATH=${CMAKE_PREFIX_PATH}:/home/pi/ros2_pi_ws/install/opencv_tools:/home/pi/ros2_pi_ws/install/myrobot:/home/pi/ros2_pi_ws/install/motor_control:/opt/ros/humble /usr/bin/cmake --build /home/pi/ros2_pi_ws/build/robot_odom -- -j4 -l4
[6.788s] DEBUG:colcon.colcon_core.event_handler.log_command:Invoking command in '/home/pi/ros2_pi_ws/build/robot_odom': CMAKE_PREFIX_PATH=${CMAKE_PREFIX_PATH}:/home/pi/ros2_pi_ws/install/opencv_tools:/home/pi/ros2_pi_ws/install/myrobot:/home/pi/ros2_pi_ws/install/motor_control:/opt/ros/humble /usr/bin/cmake --install /home/pi/ros2_pi_ws/build/robot_odom
[6.869s] Level 1:colcon.colcon_core.environment:create_environment_scripts_only(robot_odom)
[6.870s] Level 1:colcon.colcon_core.environment:checking '/home/pi/ros2_pi_ws/install/robot_odom' for CMake module files
[6.873s] Level 1:colcon.colcon_core.environment:checking '/home/pi/ros2_pi_ws/install/robot_odom' for CMake config files
[6.875s] Level 1:colcon.colcon_core.shell:create_environment_hook('robot_odom', 'cmake_prefix_path')
[6.876s] INFO:colcon.colcon_core.shell:Creating environment hook '/home/pi/ros2_pi_ws/install/robot_odom/share/robot_odom/hook/cmake_prefix_path.ps1'
[6.882s] DEBUG:colcon.colcon_core.event_handler.log_command:Invoked command in '/home/pi/ros2_pi_ws/build/robot_odom' returned '0': CMAKE_PREFIX_PATH=${CMAKE_PREFIX_PATH}:/home/pi/ros2_pi_ws/install/opencv_tools:/home/pi/ros2_pi_ws/install/myrobot:/home/pi/ros2_pi_ws/install/motor_control:/opt/ros/humble /usr/bin/cmake --install /home/pi/ros2_pi_ws/build/robot_odom
[6.883s] INFO:colcon.colcon_core.shell:Creating environment descriptor '/home/pi/ros2_pi_ws/install/robot_odom/share/robot_odom/hook/cmake_prefix_path.dsv'
[6.886s] INFO:colcon.colcon_core.shell:Creating environment hook '/home/pi/ros2_pi_ws/install/robot_odom/share/robot_odom/hook/cmake_prefix_path.sh'
[6.889s] Level 1:colcon.colcon_core.environment:checking '/home/pi/ros2_pi_ws/install/robot_odom/lib'
[6.890s] Level 1:colcon.colcon_core.environment:checking '/home/pi/ros2_pi_ws/install/robot_odom/bin'
[6.890s] Level 1:colcon.colcon_core.environment:checking '/home/pi/ros2_pi_ws/install/robot_odom/lib/pkgconfig/robot_odom.pc'
[6.892s] Level 1:colcon.colcon_core.environment:checking '/home/pi/ros2_pi_ws/install/robot_odom/lib/python3.10/site-packages'
[6.893s] Level 1:colcon.colcon_core.environment:checking '/home/pi/ros2_pi_ws/install/robot_odom/bin'
[6.895s] INFO:colcon.colcon_core.shell:Creating package script '/home/pi/ros2_pi_ws/install/robot_odom/share/robot_odom/package.ps1'
[6.898s] INFO:colcon.colcon_core.shell:Creating package descriptor '/home/pi/ros2_pi_ws/install/robot_odom/share/robot_odom/package.dsv'
[6.901s] INFO:colcon.colcon_core.shell:Creating package script '/home/pi/ros2_pi_ws/install/robot_odom/share/robot_odom/package.sh'
[6.904s] INFO:colcon.colcon_core.shell:Creating package script '/home/pi/ros2_pi_ws/install/robot_odom/share/robot_odom/package.bash'
[6.906s] INFO:colcon.colcon_core.shell:Creating package script '/home/pi/ros2_pi_ws/install/robot_odom/share/robot_odom/package.zsh'
[6.909s] Level 1:colcon.colcon_core.environment:create_file_with_runtime_dependencies(/home/pi/ros2_pi_ws/install/robot_odom/share/colcon-core/packages/robot_odom)
[6.913s] Level 1:colcon.colcon_core.environment:create_environment_scripts_only(robot_odom)
[6.914s] Level 1:colcon.colcon_core.environment:checking '/home/pi/ros2_pi_ws/install/robot_odom' for CMake module files
[6.918s] Level 1:colcon.colcon_core.environment:checking '/home/pi/ros2_pi_ws/install/robot_odom' for CMake config files
[6.919s] Level 1:colcon.colcon_core.shell:create_environment_hook('robot_odom', 'cmake_prefix_path')
[6.921s] INFO:colcon.colcon_core.shell:Creating environment hook '/home/pi/ros2_pi_ws/install/robot_odom/share/robot_odom/hook/cmake_prefix_path.ps1'
[6.923s] INFO:colcon.colcon_core.shell:Creating environment descriptor '/home/pi/ros2_pi_ws/install/robot_odom/share/robot_odom/hook/cmake_prefix_path.dsv'
[6.926s] INFO:colcon.colcon_core.shell:Creating environment hook '/home/pi/ros2_pi_ws/install/robot_odom/share/robot_odom/hook/cmake_prefix_path.sh'
[6.929s] Level 1:colcon.colcon_core.environment:checking '/home/pi/ros2_pi_ws/install/robot_odom/lib'
[6.930s] Level 1:colcon.colcon_core.environment:checking '/home/pi/ros2_pi_ws/install/robot_odom/bin'
[6.930s] Level 1:colcon.colcon_core.environment:checking '/home/pi/ros2_pi_ws/install/robot_odom/lib/pkgconfig/robot_odom.pc'
[6.932s] Level 1:colcon.colcon_core.environment:checking '/home/pi/ros2_pi_ws/install/robot_odom/lib/python3.10/site-packages'
[6.934s] Level 1:colcon.colcon_core.environment:checking '/home/pi/ros2_pi_ws/install/robot_odom/bin'
[6.936s] INFO:colcon.colcon_core.shell:Creating package script '/home/pi/ros2_pi_ws/install/robot_odom/share/robot_odom/package.ps1'
[6.939s] INFO:colcon.colcon_core.shell:Creating package descriptor '/home/pi/ros2_pi_ws/install/robot_odom/share/robot_odom/package.dsv'
[6.942s] INFO:colcon.colcon_core.shell:Creating package script '/home/pi/ros2_pi_ws/install/robot_odom/share/robot_odom/package.sh'
[6.944s] INFO:colcon.colcon_core.shell:Creating package script '/home/pi/ros2_pi_ws/install/robot_odom/share/robot_odom/package.bash'
[6.947s] INFO:colcon.colcon_core.shell:Creating package script '/home/pi/ros2_pi_ws/install/robot_odom/share/robot_odom/package.zsh'
[6.950s] Level 1:colcon.colcon_core.environment:create_file_with_runtime_dependencies(/home/pi/ros2_pi_ws/install/robot_odom/share/colcon-core/packages/robot_odom)
[6.955s] INFO:colcon.colcon_ros.task.ament_cmake.build:Building ROS package in '/home/pi/ros2_pi_ws/src/uros/micro-ROS-Agent/micro_ros_agent' with build type 'ament_cmake'
[6.956s] INFO:colcon.colcon_cmake.task.cmake.build:Building CMake package in '/home/pi/ros2_pi_ws/src/uros/micro-ROS-Agent/micro_ros_agent'
[6.957s] INFO:colcon.colcon_core.shell:Skip shell extension 'powershell' for command environment: Not usable outside of PowerShell
[6.957s] DEBUG:colcon.colcon_core.shell:Skip shell extension 'dsv' for command environment
[7.010s] DEBUG:colcon.colcon_core.event_handler.log_command:Invoking command in '/home/pi/ros2_pi_ws/build/micro_ros_agent': CMAKE_PREFIX_PATH=/home/pi/ros2_pi_ws/install/micro_ros_msgs:/home/pi/ros2_pi_ws/install/robot_odom:/home/pi/ros2_pi_ws/install/micro_ros_setup:/home/pi/ros2_pi_ws/install/micro_ros_agent:/home/pi/ros2_pi_ws/install/opencv_tools:/home/pi/ros2_pi_ws/install/myrobot:/home/pi/ros2_pi_ws/install/motor_control:/opt/ros/humble LD_LIBRARY_PATH=/home/pi/ros2_pi_ws/install/micro_ros_msgs/lib:/home/pi/ros2_pi_ws/install/micro_ros_agent/lib:/opt/ros/humble/opt/rviz_ogre_vendor/lib:/opt/ros/humble/lib/aarch64-linux-gnu:/opt/ros/humble/lib /usr/bin/cmake --build /home/pi/ros2_pi_ws/build/micro_ros_agent -- -j4 -l4
[7.352s] DEBUG:colcon.colcon_core.event_handler.log_command:Invoked command in '/home/pi/ros2_pi_ws/build/micro_ros_agent' returned '0': CMAKE_PREFIX_PATH=/home/pi/ros2_pi_ws/install/micro_ros_msgs:/home/pi/ros2_pi_ws/install/robot_odom:/home/pi/ros2_pi_ws/install/micro_ros_setup:/home/pi/ros2_pi_ws/install/micro_ros_agent:/home/pi/ros2_pi_ws/install/opencv_tools:/home/pi/ros2_pi_ws/install/myrobot:/home/pi/ros2_pi_ws/install/motor_control:/opt/ros/humble LD_LIBRARY_PATH=/home/pi/ros2_pi_ws/install/micro_ros_msgs/lib:/home/pi/ros2_pi_ws/install/micro_ros_agent/lib:/opt/ros/humble/opt/rviz_ogre_vendor/lib:/opt/ros/humble/lib/aarch64-linux-gnu:/opt/ros/humble/lib /usr/bin/cmake --build /home/pi/ros2_pi_ws/build/micro_ros_agent -- -j4 -l4
[7.353s] DEBUG:colcon.colcon_core.event_handler.log_command:Invoking command in '/home/pi/ros2_pi_ws/build/micro_ros_agent': CMAKE_PREFIX_PATH=/home/pi/ros2_pi_ws/install/micro_ros_msgs:/home/pi/ros2_pi_ws/install/robot_odom:/home/pi/ros2_pi_ws/install/micro_ros_setup:/home/pi/ros2_pi_ws/install/micro_ros_agent:/home/pi/ros2_pi_ws/install/opencv_tools:/home/pi/ros2_pi_ws/install/myrobot:/home/pi/ros2_pi_ws/install/motor_control:/opt/ros/humble LD_LIBRARY_PATH=/home/pi/ros2_pi_ws/install/micro_ros_msgs/lib:/home/pi/ros2_pi_ws/install/micro_ros_agent/lib:/opt/ros/humble/opt/rviz_ogre_vendor/lib:/opt/ros/humble/lib/aarch64-linux-gnu:/opt/ros/humble/lib /usr/bin/cmake --install /home/pi/ros2_pi_ws/build/micro_ros_agent
[7.413s] Level 1:colcon.colcon_core.environment:create_environment_scripts_only(micro_ros_agent)
[7.414s] Level 1:colcon.colcon_core.environment:checking '/home/pi/ros2_pi_ws/install/micro_ros_agent' for CMake module files
[7.418s] Level 1:colcon.colcon_core.environment:checking '/home/pi/ros2_pi_ws/install/micro_ros_agent' for CMake config files
[7.419s] Level 1:colcon.colcon_core.shell:create_environment_hook('micro_ros_agent', 'cmake_prefix_path')
[7.420s] INFO:colcon.colcon_core.shell:Creating environment hook '/home/pi/ros2_pi_ws/install/micro_ros_agent/share/micro_ros_agent/hook/cmake_prefix_path.ps1'
[7.426s] DEBUG:colcon.colcon_core.event_handler.log_command:Invoked command in '/home/pi/ros2_pi_ws/build/micro_ros_agent' returned '0': CMAKE_PREFIX_PATH=/home/pi/ros2_pi_ws/install/micro_ros_msgs:/home/pi/ros2_pi_ws/install/robot_odom:/home/pi/ros2_pi_ws/install/micro_ros_setup:/home/pi/ros2_pi_ws/install/micro_ros_agent:/home/pi/ros2_pi_ws/install/opencv_tools:/home/pi/ros2_pi_ws/install/myrobot:/home/pi/ros2_pi_ws/install/motor_control:/opt/ros/humble LD_LIBRARY_PATH=/home/pi/ros2_pi_ws/install/micro_ros_msgs/lib:/home/pi/ros2_pi_ws/install/micro_ros_agent/lib:/opt/ros/humble/opt/rviz_ogre_vendor/lib:/opt/ros/humble/lib/aarch64-linux-gnu:/opt/ros/humble/lib /usr/bin/cmake --install /home/pi/ros2_pi_ws/build/micro_ros_agent
[7.427s] INFO:colcon.colcon_core.shell:Creating environment descriptor '/home/pi/ros2_pi_ws/install/micro_ros_agent/share/micro_ros_agent/hook/cmake_prefix_path.dsv'
[7.429s] INFO:colcon.colcon_core.shell:Creating environment hook '/home/pi/ros2_pi_ws/install/micro_ros_agent/share/micro_ros_agent/hook/cmake_prefix_path.sh'
[7.432s] Level 1:colcon.colcon_core.environment:checking '/home/pi/ros2_pi_ws/install/micro_ros_agent/lib'
[7.433s] Level 1:colcon.colcon_core.shell:create_environment_hook('micro_ros_agent', 'ld_library_path_lib')
[7.434s] INFO:colcon.colcon_core.shell:Creating environment hook '/home/pi/ros2_pi_ws/install/micro_ros_agent/share/micro_ros_agent/hook/ld_library_path_lib.ps1'
[7.437s] INFO:colcon.colcon_core.shell:Creating environment descriptor '/home/pi/ros2_pi_ws/install/micro_ros_agent/share/micro_ros_agent/hook/ld_library_path_lib.dsv'
[7.439s] INFO:colcon.colcon_core.shell:Creating environment hook '/home/pi/ros2_pi_ws/install/micro_ros_agent/share/micro_ros_agent/hook/ld_library_path_lib.sh'
[7.443s] Level 1:colcon.colcon_core.environment:checking '/home/pi/ros2_pi_ws/install/micro_ros_agent/bin'
[7.443s] Level 1:colcon.colcon_core.environment:checking '/home/pi/ros2_pi_ws/install/micro_ros_agent/lib/pkgconfig/micro_ros_agent.pc'
[7.445s] Level 1:colcon.colcon_core.environment:checking '/home/pi/ros2_pi_ws/install/micro_ros_agent/lib/python3.10/site-packages'
[7.446s] Level 1:colcon.colcon_core.environment:checking '/home/pi/ros2_pi_ws/install/micro_ros_agent/bin'
[7.448s] INFO:colcon.colcon_core.shell:Creating package script '/home/pi/ros2_pi_ws/install/micro_ros_agent/share/micro_ros_agent/package.ps1'
[7.451s] INFO:colcon.colcon_core.shell:Creating package descriptor '/home/pi/ros2_pi_ws/install/micro_ros_agent/share/micro_ros_agent/package.dsv'
[7.454s] INFO:colcon.colcon_core.shell:Creating package script '/home/pi/ros2_pi_ws/install/micro_ros_agent/share/micro_ros_agent/package.sh'
[7.457s] INFO:colcon.colcon_core.shell:Creating package script '/home/pi/ros2_pi_ws/install/micro_ros_agent/share/micro_ros_agent/package.bash'
[7.459s] INFO:colcon.colcon_core.shell:Creating package script '/home/pi/ros2_pi_ws/install/micro_ros_agent/share/micro_ros_agent/package.zsh'
[7.462s] Level 1:colcon.colcon_core.environment:create_file_with_runtime_dependencies(/home/pi/ros2_pi_ws/install/micro_ros_agent/share/colcon-core/packages/micro_ros_agent)
[7.465s] Level 1:colcon.colcon_core.environment:create_environment_scripts_only(micro_ros_agent)
[7.466s] Level 1:colcon.colcon_core.environment:checking '/home/pi/ros2_pi_ws/install/micro_ros_agent' for CMake module files
[7.470s] Level 1:colcon.colcon_core.environment:checking '/home/pi/ros2_pi_ws/install/micro_ros_agent' for CMake config files
[7.472s] Level 1:colcon.colcon_core.shell:create_environment_hook('micro_ros_agent', 'cmake_prefix_path')
[7.473s] INFO:colcon.colcon_core.shell:Creating environment hook '/home/pi/ros2_pi_ws/install/micro_ros_agent/share/micro_ros_agent/hook/cmake_prefix_path.ps1'
[7.475s] INFO:colcon.colcon_core.shell:Creating environment descriptor '/home/pi/ros2_pi_ws/install/micro_ros_agent/share/micro_ros_agent/hook/cmake_prefix_path.dsv'
[7.478s] INFO:colcon.colcon_core.shell:Creating environment hook '/home/pi/ros2_pi_ws/install/micro_ros_agent/share/micro_ros_agent/hook/cmake_prefix_path.sh'
[7.482s] Level 1:colcon.colcon_core.environment:checking '/home/pi/ros2_pi_ws/install/micro_ros_agent/lib'
[7.482s] Level 1:colcon.colcon_core.shell:create_environment_hook('micro_ros_agent', 'ld_library_path_lib')
[7.484s] INFO:colcon.colcon_core.shell:Creating environment hook '/home/pi/ros2_pi_ws/install/micro_ros_agent/share/micro_ros_agent/hook/ld_library_path_lib.ps1'
[7.488s] INFO:colcon.colcon_core.shell:Creating environment descriptor '/home/pi/ros2_pi_ws/install/micro_ros_agent/share/micro_ros_agent/hook/ld_library_path_lib.dsv'
[7.491s] INFO:colcon.colcon_core.shell:Creating environment hook '/home/pi/ros2_pi_ws/install/micro_ros_agent/share/micro_ros_agent/hook/ld_library_path_lib.sh'
[7.494s] Level 1:colcon.colcon_core.environment:checking '/home/pi/ros2_pi_ws/install/micro_ros_agent/bin'
[7.494s] Level 1:colcon.colcon_core.environment:checking '/home/pi/ros2_pi_ws/install/micro_ros_agent/lib/pkgconfig/micro_ros_agent.pc'
[7.496s] Level 1:colcon.colcon_core.environment:checking '/home/pi/ros2_pi_ws/install/micro_ros_agent/lib/python3.10/site-packages'
[7.497s] Level 1:colcon.colcon_core.environment:checking '/home/pi/ros2_pi_ws/install/micro_ros_agent/bin'
[7.499s] INFO:colcon.colcon_core.shell:Creating package script '/home/pi/ros2_pi_ws/install/micro_ros_agent/share/micro_ros_agent/package.ps1'
[7.502s] INFO:colcon.colcon_core.shell:Creating package descriptor '/home/pi/ros2_pi_ws/install/micro_ros_agent/share/micro_ros_agent/package.dsv'
[7.506s] INFO:colcon.colcon_core.shell:Creating package script '/home/pi/ros2_pi_ws/install/micro_ros_agent/share/micro_ros_agent/package.sh'
[7.511s] INFO:colcon.colcon_core.shell:Creating package script '/home/pi/ros2_pi_ws/install/micro_ros_agent/share/micro_ros_agent/package.bash'
[7.514s] INFO:colcon.colcon_core.shell:Creating package script '/home/pi/ros2_pi_ws/install/micro_ros_agent/share/micro_ros_agent/package.zsh'
[7.517s] Level 1:colcon.colcon_core.environment:create_file_with_runtime_dependencies(/home/pi/ros2_pi_ws/install/micro_ros_agent/share/colcon-core/packages/micro_ros_agent)
[8.107s] Level 1:colcon.colcon_core.environment:checking '/home/pi/ros2_pi_ws/install/motor_control' for CMake module files
[8.110s] Level 1:colcon.colcon_core.environment:checking '/home/pi/ros2_pi_ws/install/motor_control' for CMake config files
[8.114s] DEBUG:colcon.colcon_core.event_handler.log_command:Invoked command in '/home/pi/ros2_pi_ws/src/motor_control' returned '0': PYTHONPATH=/home/pi/ros2_pi_ws/build/motor_control/prefix_override:/usr/lib/python3/dist-packages/colcon_core/task/python/colcon_distutils_commands:/home/pi/ros2_pi_ws/install/motor_control/lib/python3.10/site-packages:${PYTHONPATH} /usr/bin/python3 -W ignore:setup.py install is deprecated -W ignore:easy_install command is deprecated setup.py egg_info --egg-base ../../build/motor_control build --build-base /home/pi/ros2_pi_ws/build/motor_control/build install --record /home/pi/ros2_pi_ws/build/motor_control/install.log --single-version-externally-managed install_data
[8.117s] Level 1:colcon.colcon_core.environment:checking '/home/pi/ros2_pi_ws/install/motor_control/lib'
[8.118s] Level 1:colcon.colcon_core.environment:checking '/home/pi/ros2_pi_ws/install/motor_control/bin'
[8.119s] Level 1:colcon.colcon_core.environment:checking '/home/pi/ros2_pi_ws/install/motor_control/lib/pkgconfig/motor_control.pc'
[8.121s] Level 1:colcon.colcon_core.environment:checking '/home/pi/ros2_pi_ws/install/motor_control/lib/python3.10/site-packages'
[8.121s] Level 1:colcon.colcon_core.shell:create_environment_hook('motor_control', 'pythonpath')
[8.123s] INFO:colcon.colcon_core.shell:Creating environment hook '/home/pi/ros2_pi_ws/install/motor_control/share/motor_control/hook/pythonpath.ps1'
[8.127s] INFO:colcon.colcon_core.shell:Creating environment descriptor '/home/pi/ros2_pi_ws/install/motor_control/share/motor_control/hook/pythonpath.dsv'
[8.130s] INFO:colcon.colcon_core.shell:Creating environment hook '/home/pi/ros2_pi_ws/install/motor_control/share/motor_control/hook/pythonpath.sh'
[8.134s] Level 1:colcon.colcon_core.environment:checking '/home/pi/ros2_pi_ws/install/motor_control/bin'
[8.134s] Level 1:colcon.colcon_core.environment:create_environment_scripts_only(motor_control)
[8.136s] INFO:colcon.colcon_core.shell:Creating package script '/home/pi/ros2_pi_ws/install/motor_control/share/motor_control/package.ps1'
[8.138s] INFO:colcon.colcon_core.shell:Creating package descriptor '/home/pi/ros2_pi_ws/install/motor_control/share/motor_control/package.dsv'
[8.141s] INFO:colcon.colcon_core.shell:Creating package script '/home/pi/ros2_pi_ws/install/motor_control/share/motor_control/package.sh'
[8.143s] INFO:colcon.colcon_core.shell:Creating package script '/home/pi/ros2_pi_ws/install/motor_control/share/motor_control/package.bash'
[8.146s] INFO:colcon.colcon_core.shell:Creating package script '/home/pi/ros2_pi_ws/install/motor_control/share/motor_control/package.zsh'
[8.147s] Level 1:colcon.colcon_core.environment:create_file_with_runtime_dependencies(/home/pi/ros2_pi_ws/install/motor_control/share/colcon-core/packages/motor_control)
[8.152s] Level 1:colcon.colcon_core.environment:checking '/home/pi/ros2_pi_ws/install/myrobot' for CMake module files
[8.155s] DEBUG:colcon.colcon_core.event_handler.log_command:Invoked command in '/home/pi/ros2_pi_ws/src/myrobot' returned '0': PYTHONPATH=/home/pi/ros2_pi_ws/build/myrobot/prefix_override:/usr/lib/python3/dist-packages/colcon_core/task/python/colcon_distutils_commands:/home/pi/ros2_pi_ws/install/myrobot/lib/python3.10/site-packages:${PYTHONPATH} /usr/bin/python3 -W ignore:setup.py install is deprecated -W ignore:easy_install command is deprecated setup.py egg_info --egg-base ../../build/myrobot build --build-base /home/pi/ros2_pi_ws/build/myrobot/build install --record /home/pi/ros2_pi_ws/build/myrobot/install.log --single-version-externally-managed install_data
[8.156s] Level 1:colcon.colcon_core.environment:checking '/home/pi/ros2_pi_ws/install/myrobot' for CMake config files
[8.159s] Level 1:colcon.colcon_core.environment:checking '/home/pi/ros2_pi_ws/install/myrobot/lib'
[8.159s] Level 1:colcon.colcon_core.environment:checking '/home/pi/ros2_pi_ws/install/myrobot/bin'
[8.160s] Level 1:colcon.colcon_core.environment:checking '/home/pi/ros2_pi_ws/install/myrobot/lib/pkgconfig/myrobot.pc'
[8.161s] Level 1:colcon.colcon_core.environment:checking '/home/pi/ros2_pi_ws/install/myrobot/lib/python3.10/site-packages'
[8.161s] Level 1:colcon.colcon_core.shell:create_environment_hook('myrobot', 'pythonpath')
[8.162s] INFO:colcon.colcon_core.shell:Creating environment hook '/home/pi/ros2_pi_ws/install/myrobot/share/myrobot/hook/pythonpath.ps1'
[8.164s] INFO:colcon.colcon_core.shell:Creating environment descriptor '/home/pi/ros2_pi_ws/install/myrobot/share/myrobot/hook/pythonpath.dsv'
[8.166s] INFO:colcon.colcon_core.shell:Creating environment hook '/home/pi/ros2_pi_ws/install/myrobot/share/myrobot/hook/pythonpath.sh'
[8.168s] Level 1:colcon.colcon_core.environment:checking '/home/pi/ros2_pi_ws/install/myrobot/bin'
[8.169s] Level 1:colcon.colcon_core.environment:create_environment_scripts_only(myrobot)
[8.170s] INFO:colcon.colcon_core.shell:Creating package script '/home/pi/ros2_pi_ws/install/myrobot/share/myrobot/package.ps1'
[8.172s] INFO:colcon.colcon_core.shell:Creating package descriptor '/home/pi/ros2_pi_ws/install/myrobot/share/myrobot/package.dsv'
[8.174s] INFO:colcon.colcon_core.shell:Creating package script '/home/pi/ros2_pi_ws/install/myrobot/share/myrobot/package.sh'
[8.177s] INFO:colcon.colcon_core.shell:Creating package script '/home/pi/ros2_pi_ws/install/myrobot/share/myrobot/package.bash'
[8.178s] INFO:colcon.colcon_core.shell:Creating package script '/home/pi/ros2_pi_ws/install/myrobot/share/myrobot/package.zsh'
[8.180s] Level 1:colcon.colcon_core.environment:create_file_with_runtime_dependencies(/home/pi/ros2_pi_ws/install/myrobot/share/colcon-core/packages/myrobot)
[8.503s] DEBUG:colcon.colcon_core.event_handler.log_command:Invoking command in '/home/pi/ros2_pi_ws/src/opencv_tools': PYTHONPATH=/home/pi/ros2_pi_ws/build/opencv_tools/prefix_override:/usr/lib/python3/dist-packages/colcon_core/task/python/colcon_distutils_commands:/home/pi/ros2_pi_ws/install/opencv_tools/lib/python3.10/site-packages:${PYTHONPATH} /usr/bin/python3 -W ignore:setup.py install is deprecated -W ignore:easy_install command is deprecated setup.py egg_info --egg-base ../../build/opencv_tools build --build-base /home/pi/ros2_pi_ws/build/opencv_tools/build install --record /home/pi/ros2_pi_ws/build/opencv_tools/install.log --single-version-externally-managed install_data
[9.693s] Level 1:colcon.colcon_core.environment:checking '/home/pi/ros2_pi_ws/install/opencv_tools' for CMake module files
[9.695s] DEBUG:colcon.colcon_core.event_handler.log_command:Invoked command in '/home/pi/ros2_pi_ws/src/opencv_tools' returned '0': PYTHONPATH=/home/pi/ros2_pi_ws/build/opencv_tools/prefix_override:/usr/lib/python3/dist-packages/colcon_core/task/python/colcon_distutils_commands:/home/pi/ros2_pi_ws/install/opencv_tools/lib/python3.10/site-packages:${PYTHONPATH} /usr/bin/python3 -W ignore:setup.py install is deprecated -W ignore:easy_install command is deprecated setup.py egg_info --egg-base ../../build/opencv_tools build --build-base /home/pi/ros2_pi_ws/build/opencv_tools/build install --record /home/pi/ros2_pi_ws/build/opencv_tools/install.log --single-version-externally-managed install_data
[9.696s] Level 1:colcon.colcon_core.environment:checking '/home/pi/ros2_pi_ws/install/opencv_tools' for CMake config files
[9.699s] Level 1:colcon.colcon_core.environment:checking '/home/pi/ros2_pi_ws/install/opencv_tools/lib'
[9.700s] Level 1:colcon.colcon_core.environment:checking '/home/pi/ros2_pi_ws/install/opencv_tools/bin'
[9.700s] Level 1:colcon.colcon_core.environment:checking '/home/pi/ros2_pi_ws/install/opencv_tools/lib/pkgconfig/opencv_tools.pc'
[9.701s] Level 1:colcon.colcon_core.environment:checking '/home/pi/ros2_pi_ws/install/opencv_tools/lib/python3.10/site-packages'
[9.701s] Level 1:colcon.colcon_core.shell:create_environment_hook('opencv_tools', 'pythonpath')
[9.702s] INFO:colcon.colcon_core.shell:Creating environment hook '/home/pi/ros2_pi_ws/install/opencv_tools/share/opencv_tools/hook/pythonpath.ps1'
[9.704s] INFO:colcon.colcon_core.shell:Creating environment descriptor '/home/pi/ros2_pi_ws/install/opencv_tools/share/opencv_tools/hook/pythonpath.dsv'
[9.706s] INFO:colcon.colcon_core.shell:Creating environment hook '/home/pi/ros2_pi_ws/install/opencv_tools/share/opencv_tools/hook/pythonpath.sh'
[9.709s] Level 1:colcon.colcon_core.environment:checking '/home/pi/ros2_pi_ws/install/opencv_tools/bin'
[9.710s] Level 1:colcon.colcon_core.environment:create_environment_scripts_only(opencv_tools)
[9.711s] INFO:colcon.colcon_core.shell:Creating package script '/home/pi/ros2_pi_ws/install/opencv_tools/share/opencv_tools/package.ps1'
[9.714s] INFO:colcon.colcon_core.shell:Creating package descriptor '/home/pi/ros2_pi_ws/install/opencv_tools/share/opencv_tools/package.dsv'
[9.716s] INFO:colcon.colcon_core.shell:Creating package script '/home/pi/ros2_pi_ws/install/opencv_tools/share/opencv_tools/package.sh'
[9.718s] INFO:colcon.colcon_core.shell:Creating package script '/home/pi/ros2_pi_ws/install/opencv_tools/share/opencv_tools/package.bash'
[9.720s] INFO:colcon.colcon_core.shell:Creating package script '/home/pi/ros2_pi_ws/install/opencv_tools/share/opencv_tools/package.zsh'
[9.722s] Level 1:colcon.colcon_core.environment:create_file_with_runtime_dependencies(/home/pi/ros2_pi_ws/install/opencv_tools/share/colcon-core/packages/opencv_tools)
[9.723s] DEBUG:colcon.colcon_parallel_executor.executor.parallel:closing loop
[9.724s] DEBUG:colcon.colcon_parallel_executor.executor.parallel:loop closed
[9.725s] DEBUG:colcon.colcon_parallel_executor.executor.parallel:run_until_complete finished with '0'
[9.725s] DEBUG:colcon.colcon_core.event_reactor:joining thread
[9.747s] INFO:colcon.colcon_core.plugin_system:Skipping extension 'colcon_notification.desktop_notification.notify_send': Could not find 'notify-send'
[9.748s] INFO:colcon.colcon_core.plugin_system:Skipping extension 'colcon_notification.desktop_notification.terminal_notifier': Not used on non-Darwin systems
[9.748s] INFO:colcon.colcon_core.plugin_system:Skipping extension 'colcon_notification.desktop_notification.win32': Not used on non-Windows systems
[9.748s] INFO:colcon.colcon_notification.desktop_notification:Sending desktop notification using 'notify2'
[9.751s] DEBUG:colcon.colcon_notification.desktop_notification.notify2:Failed to initialize notify2: org.freedesktop.DBus.Error.ServiceUnknown: The name org.freedesktop.Notifications was not provided by any .service files
[9.751s] DEBUG:colcon.colcon_core.event_reactor:joined thread
[9.752s] INFO:colcon.colcon_core.shell:Creating prefix script '/home/pi/ros2_pi_ws/install/local_setup.ps1'
[9.756s] INFO:colcon.colcon_core.shell:Creating prefix util module '/home/pi/ros2_pi_ws/install/_local_setup_util_ps1.py'
[9.763s] INFO:colcon.colcon_core.shell:Creating prefix chain script '/home/pi/ros2_pi_ws/install/setup.ps1'
[9.771s] INFO:colcon.colcon_core.shell:Creating prefix script '/home/pi/ros2_pi_ws/install/local_setup.sh'
[9.773s] INFO:colcon.colcon_core.shell:Creating prefix util module '/home/pi/ros2_pi_ws/install/_local_setup_util_sh.py'
[9.776s] INFO:colcon.colcon_core.shell:Creating prefix chain script '/home/pi/ros2_pi_ws/install/setup.sh'
[9.782s] INFO:colcon.colcon_core.shell:Creating prefix script '/home/pi/ros2_pi_ws/install/local_setup.bash'
[9.784s] INFO:colcon.colcon_core.shell:Creating prefix chain script '/home/pi/ros2_pi_ws/install/setup.bash'
[9.790s] INFO:colcon.colcon_core.shell:Creating prefix script '/home/pi/ros2_pi_ws/install/local_setup.zsh'
[9.792s] INFO:colcon.colcon_core.shell:Creating prefix chain script '/home/pi/ros2_pi_ws/install/setup.zsh'
