[5.928s] Invoking command in '/home/pi/ros2_pi_ws/src/myrobot': PYTHONPATH=/home/pi/ros2_pi_ws/build/myrobot/prefix_override:/usr/lib/python3/dist-packages/colcon_core/task/python/colcon_distutils_commands:/home/pi/ros2_pi_ws/install/myrobot/lib/python3.10/site-packages:${PYTHONPATH} /usr/bin/python3 -W ignore:setup.py install is deprecated -W ignore:easy_install command is deprecated setup.py egg_info --egg-base ../../build/myrobot build --build-base /home/pi/ros2_pi_ws/build/myrobot/build install --record /home/pi/ros2_pi_ws/build/myrobot/install.log --single-version-externally-managed install_data
[7.428s] running egg_info
[7.429s] writing ../../build/myrobot/myrobot.egg-info/PKG-INFO
[7.432s] writing dependency_links to ../../build/myrobot/myrobot.egg-info/dependency_links.txt
[7.434s] writing entry points to ../../build/myrobot/myrobot.egg-info/entry_points.txt
[7.436s] writing requirements to ../../build/myrobot/myrobot.egg-info/requires.txt
[7.437s] writing top-level names to ../../build/myrobot/myrobot.egg-info/top_level.txt
[7.443s] reading manifest file '../../build/myrobot/myrobot.egg-info/SOURCES.txt'
[7.449s] writing manifest file '../../build/myrobot/myrobot.egg-info/SOURCES.txt'
[7.451s] running build
[7.452s] running build_py
[7.455s] running install
[7.455s] running install_lib
[7.461s] running install_data
[7.462s] running install_egg_info
[7.478s] removing '/home/pi/ros2_pi_ws/install/myrobot/lib/python3.10/site-packages/myrobot-0.0.0-py3.10.egg-info' (and everything under it)
[7.480s] Copying ../../build/myrobot/myrobot.egg-info to /home/pi/ros2_pi_ws/install/myrobot/lib/python3.10/site-packages/myrobot-0.0.0-py3.10.egg-info
[7.488s] running install_scripts
[7.579s] Installing pid_tuner script to /home/pi/ros2_pi_ws/install/myrobot/lib/myrobot
[7.584s] writing list of installed files to '/home/pi/ros2_pi_ws/build/myrobot/install.log'
[7.822s] Invoked command in '/home/pi/ros2_pi_ws/src/myrobot' returned '0': PYTHONPATH=/home/pi/ros2_pi_ws/build/myrobot/prefix_override:/usr/lib/python3/dist-packages/colcon_core/task/python/colcon_distutils_commands:/home/pi/ros2_pi_ws/install/myrobot/lib/python3.10/site-packages:${PYTHONPATH} /usr/bin/python3 -W ignore:setup.py install is deprecated -W ignore:easy_install command is deprecated setup.py egg_info --egg-base ../../build/myrobot build --build-base /home/pi/ros2_pi_ws/build/myrobot/build install --record /home/pi/ros2_pi_ws/build/myrobot/install.log --single-version-externally-managed install_data
