[0.055s] Invoking command in '/home/pi/ros2_pi_ws/build/robot_odom': CMAKE_PREFIX_PATH=${CMAKE_PREFIX_PATH}:/home/pi/ros2_pi_ws/install/myrobot:/home/pi/ros2_pi_ws/install/motor_control:/opt/ros/humble /usr/bin/cmake --build /home/pi/ros2_pi_ws/build/robot_odom -- -j4 -l4
[0.512s] [100%] Built target odom
[0.561s] Invoked command in '/home/pi/ros2_pi_ws/build/robot_odom' returned '0': CMAKE_PREFIX_PATH=${CMAKE_PREFIX_PATH}:/home/pi/ros2_pi_ws/install/myrobot:/home/pi/ros2_pi_ws/install/motor_control:/opt/ros/humble /usr/bin/cmake --build /home/pi/ros2_pi_ws/build/robot_odom -- -j4 -l4
[0.574s] Invoking command in '/home/pi/ros2_pi_ws/build/robot_odom': CMAKE_PREFIX_PATH=${CMAKE_PREFIX_PATH}:/home/pi/ros2_pi_ws/install/myrobot:/home/pi/ros2_pi_ws/install/motor_control:/opt/ros/humble /usr/bin/cmake --install /home/pi/ros2_pi_ws/build/robot_odom
[0.660s] -- Install configuration: ""
[0.669s] -- Up-to-date: /home/pi/ros2_pi_ws/install/robot_odom/lib/robot_odom/odom
[0.672s] -- Up-to-date: /home/pi/ros2_pi_ws/install/robot_odom/share/ament_index/resource_index/package_run_dependencies/robot_odom
[0.674s] -- Up-to-date: /home/pi/ros2_pi_ws/install/robot_odom/share/ament_index/resource_index/parent_prefix_path/robot_odom
[0.675s] -- Up-to-date: /home/pi/ros2_pi_ws/install/robot_odom/share/robot_odom/environment/ament_prefix_path.sh
[0.677s] -- Up-to-date: /home/pi/ros2_pi_ws/install/robot_odom/share/robot_odom/environment/ament_prefix_path.dsv
[0.678s] -- Up-to-date: /home/pi/ros2_pi_ws/install/robot_odom/share/robot_odom/environment/path.sh
[0.680s] -- Up-to-date: /home/pi/ros2_pi_ws/install/robot_odom/share/robot_odom/environment/path.dsv
[0.682s] -- Up-to-date: /home/pi/ros2_pi_ws/install/robot_odom/share/robot_odom/local_setup.bash
[0.683s] -- Up-to-date: /home/pi/ros2_pi_ws/install/robot_odom/share/robot_odom/local_setup.sh
[0.684s] -- Up-to-date: /home/pi/ros2_pi_ws/install/robot_odom/share/robot_odom/local_setup.zsh
[0.686s] -- Up-to-date: /home/pi/ros2_pi_ws/install/robot_odom/share/robot_odom/local_setup.dsv
[0.687s] -- Installing: /home/pi/ros2_pi_ws/install/robot_odom/share/robot_odom/package.dsv
[0.695s] -- Up-to-date: /home/pi/ros2_pi_ws/install/robot_odom/share/ament_index/resource_index/packages/robot_odom
[0.699s] -- Up-to-date: /home/pi/ros2_pi_ws/install/robot_odom/share/robot_odom/cmake/robot_odomConfig.cmake
[0.703s] -- Up-to-date: /home/pi/ros2_pi_ws/install/robot_odom/share/robot_odom/cmake/robot_odomConfig-version.cmake
[0.706s] -- Up-to-date: /home/pi/ros2_pi_ws/install/robot_odom/share/robot_odom/package.xml
[0.733s] Invoked command in '/home/pi/ros2_pi_ws/build/robot_odom' returned '0': CMAKE_PREFIX_PATH=${CMAKE_PREFIX_PATH}:/home/pi/ros2_pi_ws/install/myrobot:/home/pi/ros2_pi_ws/install/motor_control:/opt/ros/humble /usr/bin/cmake --install /home/pi/ros2_pi_ws/build/robot_odom
