[6.502s] Invoking command in '/home/pi/ros2_pi_ws/src/motor_control': PYTHONPATH=/home/pi/ros2_pi_ws/build/motor_control/prefix_override:/usr/lib/python3/dist-packages/colcon_core/task/python/colcon_distutils_commands:/home/pi/ros2_pi_ws/install/motor_control/lib/python3.10/site-packages:${PYTHONPATH} /usr/bin/python3 -W ignore:setup.py install is deprecated -W ignore:easy_install command is deprecated setup.py egg_info --egg-base ../../build/motor_control build --build-base /home/pi/ros2_pi_ws/build/motor_control/build install --record /home/pi/ros2_pi_ws/build/motor_control/install.log --single-version-externally-managed install_data
[8.083s] running egg_info
[8.085s] writing ../../build/motor_control/motor_control.egg-info/PKG-INFO
[8.087s] writing dependency_links to ../../build/motor_control/motor_control.egg-info/dependency_links.txt
[8.089s] writing entry points to ../../build/motor_control/motor_control.egg-info/entry_points.txt
[8.090s] writing requirements to ../../build/motor_control/motor_control.egg-info/requires.txt
[8.091s] writing top-level names to ../../build/motor_control/motor_control.egg-info/top_level.txt
[8.102s] reading manifest file '../../build/motor_control/motor_control.egg-info/SOURCES.txt'
[8.107s] writing manifest file '../../build/motor_control/motor_control.egg-info/SOURCES.txt'
[8.110s] running build
[8.111s] running build_py
[8.112s] running install
[8.114s] running install_lib
[8.121s] running install_data
[8.124s] running install_egg_info
[8.146s] removing '/home/pi/ros2_pi_ws/install/motor_control/lib/python3.10/site-packages/motor_control-0.0.0-py3.10.egg-info' (and everything under it)
[8.150s] Copying ../../build/motor_control/motor_control.egg-info to /home/pi/ros2_pi_ws/install/motor_control/lib/python3.10/site-packages/motor_control-0.0.0-py3.10.egg-info
[8.159s] running install_scripts
[8.283s] Installing motor_control_node script to /home/pi/ros2_pi_ws/install/motor_control/lib/motor_control
[8.289s] writing list of installed files to '/home/pi/ros2_pi_ws/build/motor_control/install.log'
[8.541s] Invoked command in '/home/pi/ros2_pi_ws/src/motor_control' returned '0': PYTHONPATH=/home/pi/ros2_pi_ws/build/motor_control/prefix_override:/usr/lib/python3/dist-packages/colcon_core/task/python/colcon_distutils_commands:/home/pi/ros2_pi_ws/install/motor_control/lib/python3.10/site-packages:${PYTHONPATH} /usr/bin/python3 -W ignore:setup.py install is deprecated -W ignore:easy_install command is deprecated setup.py egg_info --egg-base ../../build/motor_control build --build-base /home/pi/ros2_pi_ws/build/motor_control/build install --record /home/pi/ros2_pi_ws/build/motor_control/install.log --single-version-externally-managed install_data
