[5.283s] Invoking command in '/home/pi/ros2_pi_ws/src/camera_publisher': PYTHONPATH=/home/pi/ros2_pi_ws/build/camera_publisher/prefix_override:/usr/lib/python3/dist-packages/colcon_core/task/python/colcon_distutils_commands:/home/pi/ros2_pi_ws/install/camera_publisher/lib/python3.10/site-packages:${PYTHONPATH} /usr/bin/python3 -W ignore:setup.py install is deprecated -W ignore:easy_install command is deprecated setup.py egg_info --egg-base ../../build/camera_publisher build --build-base /home/pi/ros2_pi_ws/build/camera_publisher/build install --record /home/pi/ros2_pi_ws/build/camera_publisher/install.log --single-version-externally-managed install_data
[6.867s] running egg_info
[6.874s] writing ../../build/camera_publisher/camera_publisher.egg-info/PKG-INFO
[6.877s] writing dependency_links to ../../build/camera_publisher/camera_publisher.egg-info/dependency_links.txt
[6.891s] writing entry points to ../../build/camera_publisher/camera_publisher.egg-info/entry_points.txt
[6.893s] writing requirements to ../../build/camera_publisher/camera_publisher.egg-info/requires.txt
[6.894s] writing top-level names to ../../build/camera_publisher/camera_publisher.egg-info/top_level.txt
[6.902s] reading manifest file '../../build/camera_publisher/camera_publisher.egg-info/SOURCES.txt'
[6.918s] writing manifest file '../../build/camera_publisher/camera_publisher.egg-info/SOURCES.txt'
[6.923s] running build
[6.925s] running build_py
[6.932s] running install
[6.936s] running install_lib
[6.951s] running install_data
[6.954s] running install_egg_info
[6.977s] removing '/home/pi/ros2_pi_ws/install/camera_publisher/lib/python3.10/site-packages/camera_publisher-0.0.0-py3.10.egg-info' (and everything under it)
[6.985s] Copying ../../build/camera_publisher/camera_publisher.egg-info to /home/pi/ros2_pi_ws/install/camera_publisher/lib/python3.10/site-packages/camera_publisher-0.0.0-py3.10.egg-info
[6.996s] running install_scripts
[7.115s] Installing camera_node script to /home/pi/ros2_pi_ws/install/camera_publisher/lib/camera_publisher
[7.119s] writing list of installed files to '/home/pi/ros2_pi_ws/build/camera_publisher/install.log'
[7.367s] Invoked command in '/home/pi/ros2_pi_ws/src/camera_publisher' returned '0': PYTHONPATH=/home/pi/ros2_pi_ws/build/camera_publisher/prefix_override:/usr/lib/python3/dist-packages/colcon_core/task/python/colcon_distutils_commands:/home/pi/ros2_pi_ws/install/camera_publisher/lib/python3.10/site-packages:${PYTHONPATH} /usr/bin/python3 -W ignore:setup.py install is deprecated -W ignore:easy_install command is deprecated setup.py egg_info --egg-base ../../build/camera_publisher build --build-base /home/pi/ros2_pi_ws/build/camera_publisher/build install --record /home/pi/ros2_pi_ws/build/camera_publisher/install.log --single-version-externally-managed install_data
