[3.796s] Invoking command in '/home/pi/ros2_pi_ws/src/ros2_opencv': PYTHONPATH=/home/pi/ros2_pi_ws/build/ros2_opencv/prefix_override:/usr/lib/python3/dist-packages/colcon_core/task/python/colcon_distutils_commands:/home/pi/ros2_pi_ws/install/ros2_opencv/lib/python3.10/site-packages:${PYTHONPATH} /usr/bin/python3 -W ignore:setup.py install is deprecated -W ignore:easy_install command is deprecated setup.py egg_info --egg-base ../../build/ros2_opencv build --build-base /home/pi/ros2_pi_ws/build/ros2_opencv/build install --record /home/pi/ros2_pi_ws/build/ros2_opencv/install.log --single-version-externally-managed install_data
[4.897s] running egg_info
[4.900s] writing ../../build/ros2_opencv/ros2_opencv.egg-info/PKG-INFO
[4.901s] writing dependency_links to ../../build/ros2_opencv/ros2_opencv.egg-info/dependency_links.txt
[4.902s] writing entry points to ../../build/ros2_opencv/ros2_opencv.egg-info/entry_points.txt
[4.903s] writing requirements to ../../build/ros2_opencv/ros2_opencv.egg-info/requires.txt
[4.904s] writing top-level names to ../../build/ros2_opencv/ros2_opencv.egg-info/top_level.txt
[4.911s] reading manifest file '../../build/ros2_opencv/ros2_opencv.egg-info/SOURCES.txt'
[4.915s] writing manifest file '../../build/ros2_opencv/ros2_opencv.egg-info/SOURCES.txt'
[4.916s] running build
[4.916s] running build_py
[4.916s] copying ros2_opencv/subscriberImage.py -> /home/pi/ros2_pi_ws/build/ros2_opencv/build/lib/ros2_opencv
[4.918s] copying ros2_opencv/cameraPublisher.py -> /home/pi/ros2_pi_ws/build/ros2_opencv/build/lib/ros2_opencv
[4.919s] running install
[4.920s] running install_lib
[4.923s] copying /home/pi/ros2_pi_ws/build/ros2_opencv/build/lib/ros2_opencv/subscriberImage.py -> /home/pi/ros2_pi_ws/install/ros2_opencv/lib/python3.10/site-packages/ros2_opencv
[4.924s] copying /home/pi/ros2_pi_ws/build/ros2_opencv/build/lib/ros2_opencv/cameraPublisher.py -> /home/pi/ros2_pi_ws/install/ros2_opencv/lib/python3.10/site-packages/ros2_opencv
[4.927s] byte-compiling /home/pi/ros2_pi_ws/install/ros2_opencv/lib/python3.10/site-packages/ros2_opencv/subscriberImage.py to subscriberImage.cpython-310.pyc
[4.930s] byte-compiling /home/pi/ros2_pi_ws/install/ros2_opencv/lib/python3.10/site-packages/ros2_opencv/cameraPublisher.py to cameraPublisher.cpython-310.pyc
[4.932s] running install_data
[4.933s] running install_egg_info
[4.944s] removing '/home/pi/ros2_pi_ws/install/ros2_opencv/lib/python3.10/site-packages/ros2_opencv-0.0.0-py3.10.egg-info' (and everything under it)
[4.946s] Copying ../../build/ros2_opencv/ros2_opencv.egg-info to /home/pi/ros2_pi_ws/install/ros2_opencv/lib/python3.10/site-packages/ros2_opencv-0.0.0-py3.10.egg-info
[4.952s] running install_scripts
[5.029s] Installing publisher_node script to /home/pi/ros2_pi_ws/install/ros2_opencv/lib/ros2_opencv
[5.030s] Installing subscriber_node script to /home/pi/ros2_pi_ws/install/ros2_opencv/lib/ros2_opencv
[5.032s] writing list of installed files to '/home/pi/ros2_pi_ws/build/ros2_opencv/install.log'
[5.148s] Invoked command in '/home/pi/ros2_pi_ws/src/ros2_opencv' returned '0': PYTHONPATH=/home/pi/ros2_pi_ws/build/ros2_opencv/prefix_override:/usr/lib/python3/dist-packages/colcon_core/task/python/colcon_distutils_commands:/home/pi/ros2_pi_ws/install/ros2_opencv/lib/python3.10/site-packages:${PYTHONPATH} /usr/bin/python3 -W ignore:setup.py install is deprecated -W ignore:easy_install command is deprecated setup.py egg_info --egg-base ../../build/ros2_opencv build --build-base /home/pi/ros2_pi_ws/build/ros2_opencv/build install --record /home/pi/ros2_pi_ws/build/ros2_opencv/install.log --single-version-externally-managed install_data
