[5.410s] Invoking command in '/home/pi/ros2_pi_ws/src/myrobot': PYTHONPATH=/home/pi/ros2_pi_ws/build/myrobot/prefix_override:/usr/lib/python3/dist-packages/colcon_core/task/python/colcon_distutils_commands:/home/pi/ros2_pi_ws/install/myrobot/lib/python3.10/site-packages:${PYTHONPATH} /usr/bin/python3 -W ignore:setup.py install is deprecated -W ignore:easy_install command is deprecated setup.py egg_info --egg-base ../../build/myrobot build --build-base /home/pi/ros2_pi_ws/build/myrobot/build install --record /home/pi/ros2_pi_ws/build/myrobot/install.log --single-version-externally-managed install_data
[6.778s] running egg_info
[6.781s] writing ../../build/myrobot/myrobot.egg-info/PKG-INFO
[6.783s] writing dependency_links to ../../build/myrobot/myrobot.egg-info/dependency_links.txt
[6.785s] writing entry points to ../../build/myrobot/myrobot.egg-info/entry_points.txt
[6.787s] writing requirements to ../../build/myrobot/myrobot.egg-info/requires.txt
[6.788s] writing top-level names to ../../build/myrobot/myrobot.egg-info/top_level.txt
[6.796s] reading manifest file '../../build/myrobot/myrobot.egg-info/SOURCES.txt'
[6.801s] writing manifest file '../../build/myrobot/myrobot.egg-info/SOURCES.txt'
[6.803s] running build
[6.803s] running build_py
[6.808s] running install
[6.810s] running install_lib
[6.815s] running install_data
[6.817s] running install_egg_info
[6.825s] removing '/home/pi/ros2_pi_ws/install/myrobot/lib/python3.10/site-packages/myrobot-0.0.0-py3.10.egg-info' (and everything under it)
[6.836s] Copying ../../build/myrobot/myrobot.egg-info to /home/pi/ros2_pi_ws/install/myrobot/lib/python3.10/site-packages/myrobot-0.0.0-py3.10.egg-info
[6.837s] running install_scripts
[6.934s] Installing pid_tuner script to /home/pi/ros2_pi_ws/install/myrobot/lib/myrobot
[6.939s] writing list of installed files to '/home/pi/ros2_pi_ws/build/myrobot/install.log'
[7.134s] Invoked command in '/home/pi/ros2_pi_ws/src/myrobot' returned '0': PYTHONPATH=/home/pi/ros2_pi_ws/build/myrobot/prefix_override:/usr/lib/python3/dist-packages/colcon_core/task/python/colcon_distutils_commands:/home/pi/ros2_pi_ws/install/myrobot/lib/python3.10/site-packages:${PYTHONPATH} /usr/bin/python3 -W ignore:setup.py install is deprecated -W ignore:easy_install command is deprecated setup.py egg_info --egg-base ../../build/myrobot build --build-base /home/pi/ros2_pi_ws/build/myrobot/build install --record /home/pi/ros2_pi_ws/build/myrobot/install.log --single-version-externally-managed install_data
