[5.558s] Invoking command in '/home/pi/ros2_pi_ws/src/motor_control': PYTHONPATH=/home/pi/ros2_pi_ws/build/motor_control/prefix_override:/usr/lib/python3/dist-packages/colcon_core/task/python/colcon_distutils_commands:/home/pi/ros2_pi_ws/install/motor_control/lib/python3.10/site-packages:${PYTHONPATH} /usr/bin/python3 -W ignore:setup.py install is deprecated -W ignore:easy_install command is deprecated setup.py egg_info --egg-base ../../build/motor_control build --build-base /home/pi/ros2_pi_ws/build/motor_control/build install --record /home/pi/ros2_pi_ws/build/motor_control/install.log --single-version-externally-managed install_data
[7.146s] running egg_info
[7.151s] writing ../../build/motor_control/motor_control.egg-info/PKG-INFO
[7.152s] writing dependency_links to ../../build/motor_control/motor_control.egg-info/dependency_links.txt
[7.155s] writing entry points to ../../build/motor_control/motor_control.egg-info/entry_points.txt
[7.155s] writing requirements to ../../build/motor_control/motor_control.egg-info/requires.txt
[7.156s] writing top-level names to ../../build/motor_control/motor_control.egg-info/top_level.txt
[7.165s] reading manifest file '../../build/motor_control/motor_control.egg-info/SOURCES.txt'
[7.174s] writing manifest file '../../build/motor_control/motor_control.egg-info/SOURCES.txt'
[7.175s] running build
[7.177s] running build_py
[7.181s] running install
[7.184s] running install_lib
[7.197s] running install_data
[7.202s] running install_egg_info
[7.216s] removing '/home/pi/ros2_pi_ws/install/motor_control/lib/python3.10/site-packages/motor_control-0.0.0-py3.10.egg-info' (and everything under it)
[7.220s] Copying ../../build/motor_control/motor_control.egg-info to /home/pi/ros2_pi_ws/install/motor_control/lib/python3.10/site-packages/motor_control-0.0.0-py3.10.egg-info
[7.255s] running install_scripts
[7.371s] Installing motor_control_node script to /home/pi/ros2_pi_ws/install/motor_control/lib/motor_control
[7.374s] writing list of installed files to '/home/pi/ros2_pi_ws/build/motor_control/install.log'
[7.715s] Invoked command in '/home/pi/ros2_pi_ws/src/motor_control' returned '0': PYTHONPATH=/home/pi/ros2_pi_ws/build/motor_control/prefix_override:/usr/lib/python3/dist-packages/colcon_core/task/python/colcon_distutils_commands:/home/pi/ros2_pi_ws/install/motor_control/lib/python3.10/site-packages:${PYTHONPATH} /usr/bin/python3 -W ignore:setup.py install is deprecated -W ignore:easy_install command is deprecated setup.py egg_info --egg-base ../../build/motor_control build --build-base /home/pi/ros2_pi_ws/build/motor_control/build install --record /home/pi/ros2_pi_ws/build/motor_control/install.log --single-version-externally-managed install_data
