running egg_info
creating ../../build/myrobot/myrobot.egg-info
writing ../../build/myrobot/myrobot.egg-info/PKG-INFO
writing dependency_links to ../../build/myrobot/myrobot.egg-info/dependency_links.txt
writing entry points to ../../build/myrobot/myrobot.egg-info/entry_points.txt
writing requirements to ../../build/myrobot/myrobot.egg-info/requires.txt
writing top-level names to ../../build/myrobot/myrobot.egg-info/top_level.txt
writing manifest file '../../build/myrobot/myrobot.egg-info/SOURCES.txt'
reading manifest file '../../build/myrobot/myrobot.egg-info/SOURCES.txt'
writing manifest file '../../build/myrobot/myrobot.egg-info/SOURCES.txt'
running build
running build_py
creating /home/pi/ros2_pi_ws/build/myrobot/build
creating /home/pi/ros2_pi_ws/build/myrobot/build/lib
creating /home/pi/ros2_pi_ws/build/myrobot/build/lib/myrobot
copying myrobot/__init__.py -> /home/pi/ros2_pi_ws/build/myrobot/build/lib/myrobot
copying myrobot/pid_tuner.py -> /home/pi/ros2_pi_ws/build/myrobot/build/lib/myrobot
running install
running install_lib
creating /home/pi/ros2_pi_ws/install/myrobot/lib/python3.10/site-packages/myrobot
copying /home/pi/ros2_pi_ws/build/myrobot/build/lib/myrobot/__init__.py -> /home/pi/ros2_pi_ws/install/myrobot/lib/python3.10/site-packages/myrobot
copying /home/pi/ros2_pi_ws/build/myrobot/build/lib/myrobot/pid_tuner.py -> /home/pi/ros2_pi_ws/install/myrobot/lib/python3.10/site-packages/myrobot
byte-compiling /home/pi/ros2_pi_ws/install/myrobot/lib/python3.10/site-packages/myrobot/__init__.py to __init__.cpython-310.pyc
byte-compiling /home/pi/ros2_pi_ws/install/myrobot/lib/python3.10/site-packages/myrobot/pid_tuner.py to pid_tuner.cpython-310.pyc
running install_data
creating /home/pi/ros2_pi_ws/install/myrobot/share/ament_index
creating /home/pi/ros2_pi_ws/install/myrobot/share/ament_index/resource_index
creating /home/pi/ros2_pi_ws/install/myrobot/share/ament_index/resource_index/packages
copying resource/myrobot -> /home/pi/ros2_pi_ws/install/myrobot/share/ament_index/resource_index/packages
copying package.xml -> /home/pi/ros2_pi_ws/install/myrobot/share/myrobot
running install_egg_info
Copying ../../build/myrobot/myrobot.egg-info to /home/pi/ros2_pi_ws/install/myrobot/lib/python3.10/site-packages/myrobot-0.0.0-py3.10.egg-info
running install_scripts
Installing pid_tuner script to /home/pi/ros2_pi_ws/install/myrobot/lib/myrobot
writing list of installed files to '/home/pi/ros2_pi_ws/build/myrobot/install.log'
