[1.676s] Invoking command in '/home/pi/ros2_pi_ws/build/micro_ros_setup': CMAKE_PREFIX_PATH=${CMAKE_PREFIX_PATH}:/home/pi/ros2_pi_ws/install/ros2_opencv:/home/pi/ros2_pi_ws/install/opencv_tools:/home/pi/ros2_pi_ws/install/myrobot:/home/pi/ros2_pi_ws/install/motor_control:/home/pi/ros2_pi_ws/install/camera_publisher:/opt/ros/humble /usr/bin/cmake --build /home/pi/ros2_pi_ws/build/micro_ros_setup -- -j4 -l4
[3.000s] Invoked command in '/home/pi/ros2_pi_ws/build/micro_ros_setup' returned '0': CMAKE_PREFIX_PATH=${CMAKE_PREFIX_PATH}:/home/pi/ros2_pi_ws/install/ros2_opencv:/home/pi/ros2_pi_ws/install/opencv_tools:/home/pi/ros2_pi_ws/install/myrobot:/home/pi/ros2_pi_ws/install/motor_control:/home/pi/ros2_pi_ws/install/camera_publisher:/opt/ros/humble /usr/bin/cmake --build /home/pi/ros2_pi_ws/build/micro_ros_setup -- -j4 -l4
[3.042s] Invoking command in '/home/pi/ros2_pi_ws/build/micro_ros_setup': CMAKE_PREFIX_PATH=${CMAKE_PREFIX_PATH}:/home/pi/ros2_pi_ws/install/ros2_opencv:/home/pi/ros2_pi_ws/install/opencv_tools:/home/pi/ros2_pi_ws/install/myrobot:/home/pi/ros2_pi_ws/install/motor_control:/home/pi/ros2_pi_ws/install/camera_publisher:/opt/ros/humble /usr/bin/cmake --install /home/pi/ros2_pi_ws/build/micro_ros_setup
[3.075s] -- Install configuration: ""
[3.077s] -- Up-to-date: /home/pi/ros2_pi_ws/install/micro_ros_setup/share/ament_index/resource_index/package_run_dependencies/micro_ros_setup
[3.078s] -- Up-to-date: /home/pi/ros2_pi_ws/install/micro_ros_setup/share/ament_index/resource_index/parent_prefix_path/micro_ros_setup
[3.079s] -- Up-to-date: /home/pi/ros2_pi_ws/install/micro_ros_setup/share/micro_ros_setup/environment/ament_prefix_path.sh
[3.079s] -- Up-to-date: /home/pi/ros2_pi_ws/install/micro_ros_setup/share/micro_ros_setup/environment/ament_prefix_path.dsv
[3.081s] -- Up-to-date: /home/pi/ros2_pi_ws/install/micro_ros_setup/share/micro_ros_setup/environment/path.sh
[3.082s] -- Up-to-date: /home/pi/ros2_pi_ws/install/micro_ros_setup/share/micro_ros_setup/environment/path.dsv
[3.082s] -- Up-to-date: /home/pi/ros2_pi_ws/install/micro_ros_setup/share/micro_ros_setup/local_setup.bash
[3.084s] -- Up-to-date: /home/pi/ros2_pi_ws/install/micro_ros_setup/share/micro_ros_setup/local_setup.sh
[3.085s] -- Up-to-date: /home/pi/ros2_pi_ws/install/micro_ros_setup/share/micro_ros_setup/local_setup.zsh
[3.086s] -- Up-to-date: /home/pi/ros2_pi_ws/install/micro_ros_setup/share/micro_ros_setup/local_setup.dsv
[3.088s] -- Installing: /home/pi/ros2_pi_ws/install/micro_ros_setup/share/micro_ros_setup/package.dsv
[3.090s] -- Up-to-date: /home/pi/ros2_pi_ws/install/micro_ros_setup/share/ament_index/resource_index/packages/micro_ros_setup
[3.095s] -- Up-to-date: /home/pi/ros2_pi_ws/install/micro_ros_setup/share/micro_ros_setup/cmake/micro_ros_setupConfig.cmake
[3.097s] -- Up-to-date: /home/pi/ros2_pi_ws/install/micro_ros_setup/share/micro_ros_setup/cmake/micro_ros_setupConfig-version.cmake
[3.099s] -- Up-to-date: /home/pi/ros2_pi_ws/install/micro_ros_setup/share/micro_ros_setup/package.xml
[3.101s] -- Up-to-date: /home/pi/ros2_pi_ws/install/micro_ros_setup/./config
[3.104s] -- Up-to-date: /home/pi/ros2_pi_ws/install/micro_ros_setup/./config/generate_lib
[3.106s] -- Up-to-date: /home/pi/ros2_pi_ws/install/micro_ros_setup/./config/generate_lib/generic
[3.110s] -- Up-to-date: /home/pi/ros2_pi_ws/install/micro_ros_setup/./config/generate_lib/generic/create.sh
[3.113s] -- Up-to-date: /home/pi/ros2_pi_ws/install/micro_ros_setup/./config/generate_lib/generic/client-colcon.meta
[3.116s] -- Up-to-date: /home/pi/ros2_pi_ws/install/micro_ros_setup/./config/generate_lib/generic/build.sh
[3.119s] -- Up-to-date: /home/pi/ros2_pi_ws/install/micro_ros_setup/./config/generate_lib/generic/package.xml
[3.122s] -- Up-to-date: /home/pi/ros2_pi_ws/install/micro_ros_setup/./config/generate_lib/generic/flash.sh
[3.125s] -- Up-to-date: /home/pi/ros2_pi_ws/install/micro_ros_setup/./config/generate_lib/generic/demo_toolchain.cmake
[3.128s] -- Up-to-date: /home/pi/ros2_pi_ws/install/micro_ros_setup/./config/generate_lib/generic/client_uros_packages.repos
[3.135s] -- Up-to-date: /home/pi/ros2_pi_ws/install/micro_ros_setup/./config/generate_lib/dev_uros_packages.repos
[3.136s] -- Up-to-date: /home/pi/ros2_pi_ws/install/micro_ros_setup/./config/generate_lib/dev_ros2_packages.txt
[3.150s] -- Up-to-date: /home/pi/ros2_pi_ws/install/micro_ros_setup/./config/host
[3.152s] -- Up-to-date: /home/pi/ros2_pi_ws/install/micro_ros_setup/./config/host/generic
[3.154s] -- Up-to-date: /home/pi/ros2_pi_ws/install/micro_ros_setup/./config/host/generic/client-host-colcon.meta
[3.155s] -- Up-to-date: /home/pi/ros2_pi_ws/install/micro_ros_setup/./config/host/generic/create.sh
[3.159s] -- Up-to-date: /home/pi/ros2_pi_ws/install/micro_ros_setup/./config/host/generic/build.sh
[3.159s] -- Up-to-date: /home/pi/ros2_pi_ws/install/micro_ros_setup/./config/host/generic/package.xml
[3.160s] -- Up-to-date: /home/pi/ros2_pi_ws/install/micro_ros_setup/./config/host/generic/flash.sh
[3.160s] -- Up-to-date: /home/pi/ros2_pi_ws/install/micro_ros_setup/./config/host/generic/client_host_packages.repos
[3.164s] -- Up-to-date: /home/pi/ros2_pi_ws/install/micro_ros_setup/./config/host/dev_uros_packages.repos
[3.166s] -- Up-to-date: /home/pi/ros2_pi_ws/install/micro_ros_setup/./config/host/dev_ros2_packages.txt
[3.170s] -- Up-to-date: /home/pi/ros2_pi_ws/install/micro_ros_setup/./config/host/client_ros2_packages.txt
[3.171s] -- Up-to-date: /home/pi/ros2_pi_ws/install/micro_ros_setup/./config/mbed
[3.174s] -- Up-to-date: /home/pi/ros2_pi_ws/install/micro_ros_setup/./config/mbed/generic
[3.178s] -- Up-to-date: /home/pi/ros2_pi_ws/install/micro_ros_setup/./config/mbed/generic/board.repos
[3.179s] -- Up-to-date: /home/pi/ros2_pi_ws/install/micro_ros_setup/./config/mbed/generic/create.sh
[3.182s] -- Up-to-date: /home/pi/ros2_pi_ws/install/micro_ros_setup/./config/mbed/generic/build.sh
[3.182s] -- Up-to-date: /home/pi/ros2_pi_ws/install/micro_ros_setup/./config/mbed/generic/package.xml
[3.183s] -- Up-to-date: /home/pi/ros2_pi_ws/install/micro_ros_setup/./config/mbed/generic/flash.sh
[3.185s] -- Up-to-date: /home/pi/ros2_pi_ws/install/micro_ros_setup/./config/mbed/generic/supported_platforms
[3.187s] -- Up-to-date: /home/pi/ros2_pi_ws/install/micro_ros_setup/./config/mbed/generic/client_uros_packages.repos
[3.188s] -- Up-to-date: /home/pi/ros2_pi_ws/install/micro_ros_setup/./config/mbed/dev_uros_packages.repos
[3.188s] -- Up-to-date: /home/pi/ros2_pi_ws/install/micro_ros_setup/./config/mbed/dev_ros2_packages.txt
[3.189s] -- Up-to-date: /home/pi/ros2_pi_ws/install/micro_ros_setup/./config/mbed/list_apps.sh
[3.193s] -- Up-to-date: /home/pi/ros2_pi_ws/install/micro_ros_setup/./config/agent_uros_packages.repos
[3.196s] -- Up-to-date: /home/pi/ros2_pi_ws/install/micro_ros_setup/./config/agent_ros2_packages.txt
[3.197s] -- Up-to-date: /home/pi/ros2_pi_ws/install/micro_ros_setup/./config/freertos
[3.197s] -- Up-to-date: /home/pi/ros2_pi_ws/install/micro_ros_setup/./config/freertos/olimex-stm32-e407
[3.198s] -- Up-to-date: /home/pi/ros2_pi_ws/install/micro_ros_setup/./config/freertos/olimex-stm32-e407/board.repos
[3.198s] -- Up-to-date: /home/pi/ros2_pi_ws/install/micro_ros_setup/./config/freertos/olimex-stm32-e407/create.sh
[3.199s] -- Up-to-date: /home/pi/ros2_pi_ws/install/micro_ros_setup/./config/freertos/olimex-stm32-e407/configure.sh
[3.199s] -- Up-to-date: /home/pi/ros2_pi_ws/install/micro_ros_setup/./config/freertos/olimex-stm32-e407/client-colcon.meta
[3.200s] -- Up-to-date: /home/pi/ros2_pi_ws/install/micro_ros_setup/./config/freertos/olimex-stm32-e407/build.sh
[3.200s] -- Up-to-date: /home/pi/ros2_pi_ws/install/micro_ros_setup/./config/freertos/olimex-stm32-e407/package.xml
[3.201s] -- Up-to-date: /home/pi/ros2_pi_ws/install/micro_ros_setup/./config/freertos/olimex-stm32-e407/flash.sh
[3.201s] -- Up-to-date: /home/pi/ros2_pi_ws/install/micro_ros_setup/./config/freertos/olimex-stm32-e407/client_uros_packages.repos
[3.201s] -- Up-to-date: /home/pi/ros2_pi_ws/install/micro_ros_setup/./config/freertos/dev_uros_packages.repos
[3.202s] -- Up-to-date: /home/pi/ros2_pi_ws/install/micro_ros_setup/./config/freertos/nucleo_f746zg
[3.208s] -- Up-to-date: /home/pi/ros2_pi_ws/install/micro_ros_setup/./config/freertos/nucleo_f746zg/board.repos
[3.209s] -- Up-to-date: /home/pi/ros2_pi_ws/install/micro_ros_setup/./config/freertos/nucleo_f746zg/create.sh
[3.210s] -- Up-to-date: /home/pi/ros2_pi_ws/install/micro_ros_setup/./config/freertos/nucleo_f746zg/configure.sh
[3.215s] -- Up-to-date: /home/pi/ros2_pi_ws/install/micro_ros_setup/./config/freertos/nucleo_f746zg/client-colcon.meta
[3.218s] -- Up-to-date: /home/pi/ros2_pi_ws/install/micro_ros_setup/./config/freertos/nucleo_f746zg/build.sh
[3.221s] -- Up-to-date: /home/pi/ros2_pi_ws/install/micro_ros_setup/./config/freertos/nucleo_f746zg/package.xml
[3.221s] -- Up-to-date: /home/pi/ros2_pi_ws/install/micro_ros_setup/./config/freertos/nucleo_f746zg/flash.sh
[3.223s] -- Up-to-date: /home/pi/ros2_pi_ws/install/micro_ros_setup/./config/freertos/nucleo_f746zg/client_uros_packages.repos
[3.226s] -- Up-to-date: /home/pi/ros2_pi_ws/install/micro_ros_setup/./config/freertos/dev_ros2_packages.txt
[3.226s] -- Up-to-date: /home/pi/ros2_pi_ws/install/micro_ros_setup/./config/freertos/list_apps.sh
[3.229s] -- Up-to-date: /home/pi/ros2_pi_ws/install/micro_ros_setup/./config/freertos/nucleo_f446re
[3.229s] -- Up-to-date: /home/pi/ros2_pi_ws/install/micro_ros_setup/./config/freertos/nucleo_f446re/board.repos
[3.230s] -- Up-to-date: /home/pi/ros2_pi_ws/install/micro_ros_setup/./config/freertos/nucleo_f446re/create.sh
[3.230s] -- Up-to-date: /home/pi/ros2_pi_ws/install/micro_ros_setup/./config/freertos/nucleo_f446re/configure.sh
[3.231s] -- Up-to-date: /home/pi/ros2_pi_ws/install/micro_ros_setup/./config/freertos/nucleo_f446re/client-colcon.meta
[3.232s] -- Up-to-date: /home/pi/ros2_pi_ws/install/micro_ros_setup/./config/freertos/nucleo_f446re/build.sh
[3.232s] -- Up-to-date: /home/pi/ros2_pi_ws/install/micro_ros_setup/./config/freertos/nucleo_f446re/package.xml
[3.232s] -- Up-to-date: /home/pi/ros2_pi_ws/install/micro_ros_setup/./config/freertos/nucleo_f446re/flash.sh
[3.233s] -- Up-to-date: /home/pi/ros2_pi_ws/install/micro_ros_setup/./config/freertos/nucleo_f446re/client_uros_packages.repos
[3.233s] -- Up-to-date: /home/pi/ros2_pi_ws/install/micro_ros_setup/./config/freertos/nucleo_f446ze
[3.234s] -- Up-to-date: /home/pi/ros2_pi_ws/install/micro_ros_setup/./config/freertos/nucleo_f446ze/board.repos
[3.234s] -- Up-to-date: /home/pi/ros2_pi_ws/install/micro_ros_setup/./config/freertos/nucleo_f446ze/create.sh
[3.235s] -- Up-to-date: /home/pi/ros2_pi_ws/install/micro_ros_setup/./config/freertos/nucleo_f446ze/configure.sh
[3.236s] -- Up-to-date: /home/pi/ros2_pi_ws/install/micro_ros_setup/./config/freertos/nucleo_f446ze/client-colcon.meta
[3.237s] -- Up-to-date: /home/pi/ros2_pi_ws/install/micro_ros_setup/./config/freertos/nucleo_f446ze/build.sh
[3.237s] -- Up-to-date: /home/pi/ros2_pi_ws/install/micro_ros_setup/./config/freertos/nucleo_f446ze/package.xml
[3.238s] -- Up-to-date: /home/pi/ros2_pi_ws/install/micro_ros_setup/./config/freertos/nucleo_f446ze/flash.sh
[3.255s] -- Up-to-date: /home/pi/ros2_pi_ws/install/micro_ros_setup/./config/freertos/nucleo_f446ze/client_uros_packages.repos
[3.256s] -- Up-to-date: /home/pi/ros2_pi_ws/install/micro_ros_setup/./config/freertos/esp32
[3.270s] -- Up-to-date: /home/pi/ros2_pi_ws/install/micro_ros_setup/./config/freertos/esp32/board.repos
[3.273s] -- Up-to-date: /home/pi/ros2_pi_ws/install/micro_ros_setup/./config/freertos/esp32/create.sh
[3.274s] -- Up-to-date: /home/pi/ros2_pi_ws/install/micro_ros_setup/./config/freertos/esp32/configure.sh
[3.275s] -- Up-to-date: /home/pi/ros2_pi_ws/install/micro_ros_setup/./config/freertos/esp32/client-colcon.meta
[3.275s] -- Up-to-date: /home/pi/ros2_pi_ws/install/micro_ros_setup/./config/freertos/esp32/build.sh
[3.276s] -- Up-to-date: /home/pi/ros2_pi_ws/install/micro_ros_setup/./config/freertos/esp32/package.xml
[3.277s] -- Up-to-date: /home/pi/ros2_pi_ws/install/micro_ros_setup/./config/freertos/esp32/README.md
[3.278s] -- Up-to-date: /home/pi/ros2_pi_ws/install/micro_ros_setup/./config/freertos/esp32/flash.sh
[3.279s] -- Up-to-date: /home/pi/ros2_pi_ws/install/micro_ros_setup/./config/freertos/esp32/client_uros_packages.repos
[3.280s] -- Up-to-date: /home/pi/ros2_pi_ws/install/micro_ros_setup/./config/freertos/crazyflie21
[3.280s] -- Up-to-date: /home/pi/ros2_pi_ws/install/micro_ros_setup/./config/freertos/crazyflie21/board.repos
[3.281s] -- Up-to-date: /home/pi/ros2_pi_ws/install/micro_ros_setup/./config/freertos/crazyflie21/create.sh
[3.281s] -- Up-to-date: /home/pi/ros2_pi_ws/install/micro_ros_setup/./config/freertos/crazyflie21/configure.sh
[3.282s] -- Up-to-date: /home/pi/ros2_pi_ws/install/micro_ros_setup/./config/freertos/crazyflie21/client-colcon.meta
[3.282s] -- Up-to-date: /home/pi/ros2_pi_ws/install/micro_ros_setup/./config/freertos/crazyflie21/build.sh
[3.282s] -- Up-to-date: /home/pi/ros2_pi_ws/install/micro_ros_setup/./config/freertos/crazyflie21/package.xml
[3.283s] -- Up-to-date: /home/pi/ros2_pi_ws/install/micro_ros_setup/./config/freertos/crazyflie21/flash.sh
[3.283s] -- Up-to-date: /home/pi/ros2_pi_ws/install/micro_ros_setup/./config/freertos/crazyflie21/client_uros_packages.repos
[3.284s] -- Up-to-date: /home/pi/ros2_pi_ws/install/micro_ros_setup/./config/freertos/nucleo_f767zi
[3.285s] -- Up-to-date: /home/pi/ros2_pi_ws/install/micro_ros_setup/./config/freertos/nucleo_f767zi/board.repos
[3.288s] -- Up-to-date: /home/pi/ros2_pi_ws/install/micro_ros_setup/./config/freertos/nucleo_f767zi/create.sh
[3.295s] -- Up-to-date: /home/pi/ros2_pi_ws/install/micro_ros_setup/./config/freertos/nucleo_f767zi/configure.sh
[3.295s] -- Up-to-date: /home/pi/ros2_pi_ws/install/micro_ros_setup/./config/freertos/nucleo_f767zi/client-colcon.meta
[3.296s] -- Up-to-date: /home/pi/ros2_pi_ws/install/micro_ros_setup/./config/freertos/nucleo_f767zi/build.sh
[3.296s] -- Up-to-date: /home/pi/ros2_pi_ws/install/micro_ros_setup/./config/freertos/nucleo_f767zi/package.xml
[3.296s] -- Up-to-date: /home/pi/ros2_pi_ws/install/micro_ros_setup/./config/freertos/nucleo_f767zi/flash.sh
[3.298s] -- Up-to-date: /home/pi/ros2_pi_ws/install/micro_ros_setup/./config/freertos/nucleo_f767zi/client_uros_packages.repos
[3.298s] -- Up-to-date: /home/pi/ros2_pi_ws/install/micro_ros_setup/./config/zephyr
[3.299s] -- Up-to-date: /home/pi/ros2_pi_ws/install/micro_ros_setup/./config/zephyr/generic
[3.300s] -- Up-to-date: /home/pi/ros2_pi_ws/install/micro_ros_setup/./config/zephyr/generic/board.repos
[3.300s] -- Up-to-date: /home/pi/ros2_pi_ws/install/micro_ros_setup/./config/zephyr/generic/create.sh
[3.301s] -- Up-to-date: /home/pi/ros2_pi_ws/install/micro_ros_setup/./config/zephyr/generic/configure.sh
[3.301s] -- Up-to-date: /home/pi/ros2_pi_ws/install/micro_ros_setup/./config/zephyr/generic/client-colcon.meta
[3.302s] -- Up-to-date: /home/pi/ros2_pi_ws/install/micro_ros_setup/./config/zephyr/generic/build.sh
[3.311s] -- Up-to-date: /home/pi/ros2_pi_ws/install/micro_ros_setup/./config/zephyr/generic/package.xml
[3.312s] -- Up-to-date: /home/pi/ros2_pi_ws/install/micro_ros_setup/./config/zephyr/generic/flash.sh
[3.313s] -- Up-to-date: /home/pi/ros2_pi_ws/install/micro_ros_setup/./config/zephyr/generic/supported_platforms
[3.314s] -- Up-to-date: /home/pi/ros2_pi_ws/install/micro_ros_setup/./config/zephyr/generic/client_uros_packages.repos
[3.315s] -- Up-to-date: /home/pi/ros2_pi_ws/install/micro_ros_setup/./config/zephyr/dev_uros_packages.repos
[3.315s] -- Up-to-date: /home/pi/ros2_pi_ws/install/micro_ros_setup/./config/zephyr/dev_ros2_packages.txt
[3.316s] -- Up-to-date: /home/pi/ros2_pi_ws/install/micro_ros_setup/./config/zephyr/list_apps.sh
[3.317s] -- Up-to-date: /home/pi/ros2_pi_ws/install/micro_ros_setup/./config/raspbian
[3.319s] -- Up-to-date: /home/pi/ros2_pi_ws/install/micro_ros_setup/./config/raspbian/generic
[3.327s] -- Up-to-date: /home/pi/ros2_pi_ws/install/micro_ros_setup/./config/raspbian/generic/create.sh
[3.328s] -- Up-to-date: /home/pi/ros2_pi_ws/install/micro_ros_setup/./config/raspbian/generic/configure.sh
[3.329s] -- Up-to-date: /home/pi/ros2_pi_ws/install/micro_ros_setup/./config/raspbian/generic/client-colcon.meta
[3.329s] -- Up-to-date: /home/pi/ros2_pi_ws/install/micro_ros_setup/./config/raspbian/generic/build.sh
[3.330s] -- Up-to-date: /home/pi/ros2_pi_ws/install/micro_ros_setup/./config/raspbian/generic/flash.sh
[3.330s] -- Up-to-date: /home/pi/ros2_pi_ws/install/micro_ros_setup/./config/raspbian/generic/supported_platforms
[3.339s] -- Up-to-date: /home/pi/ros2_pi_ws/install/micro_ros_setup/./config/raspbian/generic/client_uros_packages.repos
[3.339s] -- Up-to-date: /home/pi/ros2_pi_ws/install/micro_ros_setup/./config/raspbian/dev_uros_packages.repos
[3.340s] -- Up-to-date: /home/pi/ros2_pi_ws/install/micro_ros_setup/./config/raspbian/dev_ros2_packages.txt
[3.340s] -- Up-to-date: /home/pi/ros2_pi_ws/install/micro_ros_setup/./config/utils.sh
[3.340s] -- Up-to-date: /home/pi/ros2_pi_ws/install/micro_ros_setup/./config/renesas_ra
[3.341s] -- Up-to-date: /home/pi/ros2_pi_ws/install/micro_ros_setup/./config/renesas_ra/dev_uros_packages.repos
[3.342s] -- Up-to-date: /home/pi/ros2_pi_ws/install/micro_ros_setup/./config/renesas_ra/ra6m5
[3.342s] -- Up-to-date: /home/pi/ros2_pi_ws/install/micro_ros_setup/./config/renesas_ra/ra6m5/board.repos
[3.343s] -- Up-to-date: /home/pi/ros2_pi_ws/install/micro_ros_setup/./config/renesas_ra/ra6m5/create.sh
[3.344s] -- Up-to-date: /home/pi/ros2_pi_ws/install/micro_ros_setup/./config/renesas_ra/ra6m5/configure.sh
[3.345s] -- Up-to-date: /home/pi/ros2_pi_ws/install/micro_ros_setup/./config/renesas_ra/ra6m5/client-colcon.meta
[3.345s] -- Up-to-date: /home/pi/ros2_pi_ws/install/micro_ros_setup/./config/renesas_ra/ra6m5/build.sh
[3.346s] -- Up-to-date: /home/pi/ros2_pi_ws/install/micro_ros_setup/./config/renesas_ra/ra6m5/flash.sh
[3.346s] -- Up-to-date: /home/pi/ros2_pi_ws/install/micro_ros_setup/./config/renesas_ra/ra6m5/client_uros_packages.repos
[3.348s] -- Up-to-date: /home/pi/ros2_pi_ws/install/micro_ros_setup/./config/renesas_ra/dev_ros2_packages.txt
[3.349s] -- Up-to-date: /home/pi/ros2_pi_ws/install/micro_ros_setup/./config/renesas_ra/list_apps.sh
[3.350s] -- Up-to-date: /home/pi/ros2_pi_ws/install/micro_ros_setup/./config/client_ros2_packages.txt
[3.351s] -- Up-to-date: /home/pi/ros2_pi_ws/install/micro_ros_setup/./config/client_uros_packages.repos
[3.351s] -- Up-to-date: /home/pi/ros2_pi_ws/install/micro_ros_setup/./config/android
[3.352s] -- Up-to-date: /home/pi/ros2_pi_ws/install/micro_ros_setup/./config/android/generic
[3.352s] -- Up-to-date: /home/pi/ros2_pi_ws/install/micro_ros_setup/./config/android/generic/create.sh
[3.353s] -- Up-to-date: /home/pi/ros2_pi_ws/install/micro_ros_setup/./config/android/generic/client-colcon.meta
[3.354s] -- Up-to-date: /home/pi/ros2_pi_ws/install/micro_ros_setup/./config/android/generic/build.sh
[3.354s] -- Up-to-date: /home/pi/ros2_pi_ws/install/micro_ros_setup/./config/android/generic/package.xml
[3.355s] -- Up-to-date: /home/pi/ros2_pi_ws/install/micro_ros_setup/./config/android/generic/flash.sh
[3.356s] -- Up-to-date: /home/pi/ros2_pi_ws/install/micro_ros_setup/./config/android/generic/client_uros_packages.repos
[3.356s] -- Up-to-date: /home/pi/ros2_pi_ws/install/micro_ros_setup/./config/android/dev_uros_packages.repos
[3.357s] -- Up-to-date: /home/pi/ros2_pi_ws/install/micro_ros_setup/./config/android/dev_ros2_packages.txt
[3.358s] -- Up-to-date: /home/pi/ros2_pi_ws/install/micro_ros_setup/lib/micro_ros_setup/create_ws.sh
[3.358s] -- Up-to-date: /home/pi/ros2_pi_ws/install/micro_ros_setup/lib/micro_ros_setup/create_agent_ws.sh
[3.359s] -- Up-to-date: /home/pi/ros2_pi_ws/install/micro_ros_setup/lib/micro_ros_setup/create_firmware_ws.sh
[3.359s] -- Up-to-date: /home/pi/ros2_pi_ws/install/micro_ros_setup/lib/micro_ros_setup/configure_firmware.sh
[3.370s] -- Up-to-date: /home/pi/ros2_pi_ws/install/micro_ros_setup/lib/micro_ros_setup/flash_firmware.sh
[3.372s] -- Up-to-date: /home/pi/ros2_pi_ws/install/micro_ros_setup/lib/micro_ros_setup/build_firmware.sh
[3.372s] -- Up-to-date: /home/pi/ros2_pi_ws/install/micro_ros_setup/lib/micro_ros_setup/build_agent.sh
[3.373s] -- Up-to-date: /home/pi/ros2_pi_ws/install/micro_ros_setup/lib/micro_ros_setup/yaml_filter.py
[3.373s] -- Up-to-date: /home/pi/ros2_pi_ws/install/micro_ros_setup/lib/micro_ros_setup/clean_env.sh
[3.374s] -- Up-to-date: /home/pi/ros2_pi_ws/install/micro_ros_setup/lib/micro_ros_setup/component
[3.375s] Invoked command in '/home/pi/ros2_pi_ws/build/micro_ros_setup' returned '0': CMAKE_PREFIX_PATH=${CMAKE_PREFIX_PATH}:/home/pi/ros2_pi_ws/install/ros2_opencv:/home/pi/ros2_pi_ws/install/opencv_tools:/home/pi/ros2_pi_ws/install/myrobot:/home/pi/ros2_pi_ws/install/motor_control:/home/pi/ros2_pi_ws/install/camera_publisher:/opt/ros/humble /usr/bin/cmake --install /home/pi/ros2_pi_ws/build/micro_ros_setup
