[6.187s] Invoking command in '/home/pi/ros2_pi_ws/src/ros2_opencv': PYTHONPATH=/home/pi/ros2_pi_ws/build/ros2_opencv/prefix_override:/usr/lib/python3/dist-packages/colcon_core/task/python/colcon_distutils_commands:/home/pi/ros2_pi_ws/install/ros2_opencv/lib/python3.10/site-packages:${PYTHONPATH} /usr/bin/python3 -W ignore:setup.py install is deprecated -W ignore:easy_install command is deprecated setup.py egg_info --egg-base ../../build/ros2_opencv build --build-base /home/pi/ros2_pi_ws/build/ros2_opencv/build install --record /home/pi/ros2_pi_ws/build/ros2_opencv/install.log --single-version-externally-managed install_data
[8.122s] running egg_info
[8.126s] writing ../../build/ros2_opencv/ros2_opencv.egg-info/PKG-INFO
[8.127s] writing dependency_links to ../../build/ros2_opencv/ros2_opencv.egg-info/dependency_links.txt
[8.128s] writing entry points to ../../build/ros2_opencv/ros2_opencv.egg-info/entry_points.txt
[8.129s] writing requirements to ../../build/ros2_opencv/ros2_opencv.egg-info/requires.txt
[8.130s] writing top-level names to ../../build/ros2_opencv/ros2_opencv.egg-info/top_level.txt
[8.140s] reading manifest file '../../build/ros2_opencv/ros2_opencv.egg-info/SOURCES.txt'
[8.145s] writing manifest file '../../build/ros2_opencv/ros2_opencv.egg-info/SOURCES.txt'
[8.147s] running build
[8.147s] running build_py
[8.148s] copying ros2_opencv/subscriberImage.py -> /home/pi/ros2_pi_ws/build/ros2_opencv/build/lib/ros2_opencv
[8.149s] running install
[8.151s] running install_lib
[8.156s] copying /home/pi/ros2_pi_ws/build/ros2_opencv/build/lib/ros2_opencv/subscriberImage.py -> /home/pi/ros2_pi_ws/install/ros2_opencv/lib/python3.10/site-packages/ros2_opencv
[8.161s] byte-compiling /home/pi/ros2_pi_ws/install/ros2_opencv/lib/python3.10/site-packages/ros2_opencv/subscriberImage.py to subscriberImage.cpython-310.pyc
[8.165s] running install_data
[8.165s] running install_egg_info
[8.183s] removing '/home/pi/ros2_pi_ws/install/ros2_opencv/lib/python3.10/site-packages/ros2_opencv-0.0.0-py3.10.egg-info' (and everything under it)
[8.187s] Copying ../../build/ros2_opencv/ros2_opencv.egg-info to /home/pi/ros2_pi_ws/install/ros2_opencv/lib/python3.10/site-packages/ros2_opencv-0.0.0-py3.10.egg-info
[8.197s] running install_scripts
[8.308s] Installing publisher_node script to /home/pi/ros2_pi_ws/install/ros2_opencv/lib/ros2_opencv
[8.310s] Installing subscriber_node script to /home/pi/ros2_pi_ws/install/ros2_opencv/lib/ros2_opencv
[8.312s] writing list of installed files to '/home/pi/ros2_pi_ws/build/ros2_opencv/install.log'
[8.459s] Invoked command in '/home/pi/ros2_pi_ws/src/ros2_opencv' returned '0': PYTHONPATH=/home/pi/ros2_pi_ws/build/ros2_opencv/prefix_override:/usr/lib/python3/dist-packages/colcon_core/task/python/colcon_distutils_commands:/home/pi/ros2_pi_ws/install/ros2_opencv/lib/python3.10/site-packages:${PYTHONPATH} /usr/bin/python3 -W ignore:setup.py install is deprecated -W ignore:easy_install command is deprecated setup.py egg_info --egg-base ../../build/ros2_opencv build --build-base /home/pi/ros2_pi_ws/build/ros2_opencv/build install --record /home/pi/ros2_pi_ws/build/ros2_opencv/install.log --single-version-externally-managed install_data
