[5.292s] Invoking command in '/home/pi/ros2_pi_ws/src/camera_publisher': PYTHONPATH=/home/pi/ros2_pi_ws/build/camera_publisher/prefix_override:/usr/lib/python3/dist-packages/colcon_core/task/python/colcon_distutils_commands:/home/pi/ros2_pi_ws/install/camera_publisher/lib/python3.10/site-packages:${PYTHONPATH} /usr/bin/python3 -W ignore:setup.py install is deprecated -W ignore:easy_install command is deprecated setup.py egg_info --egg-base ../../build/camera_publisher build --build-base /home/pi/ros2_pi_ws/build/camera_publisher/build install --record /home/pi/ros2_pi_ws/build/camera_publisher/install.log --single-version-externally-managed install_data
[6.953s] running egg_info
[6.958s] writing ../../build/camera_publisher/camera_publisher.egg-info/PKG-INFO
[6.959s] writing dependency_links to ../../build/camera_publisher/camera_publisher.egg-info/dependency_links.txt
[6.961s] writing entry points to ../../build/camera_publisher/camera_publisher.egg-info/entry_points.txt
[6.962s] writing requirements to ../../build/camera_publisher/camera_publisher.egg-info/requires.txt
[6.963s] writing top-level names to ../../build/camera_publisher/camera_publisher.egg-info/top_level.txt
[6.973s] reading manifest file '../../build/camera_publisher/camera_publisher.egg-info/SOURCES.txt'
[6.977s] writing manifest file '../../build/camera_publisher/camera_publisher.egg-info/SOURCES.txt'
[6.978s] running build
[6.978s] running build_py
[6.980s] running install
[6.981s] running install_lib
[6.987s] running install_data
[6.988s] running install_egg_info
[7.002s] removing '/home/pi/ros2_pi_ws/install/camera_publisher/lib/python3.10/site-packages/camera_publisher-0.0.0-py3.10.egg-info' (and everything under it)
[7.009s] Copying ../../build/camera_publisher/camera_publisher.egg-info to /home/pi/ros2_pi_ws/install/camera_publisher/lib/python3.10/site-packages/camera_publisher-0.0.0-py3.10.egg-info
[7.029s] running install_scripts
[7.155s] Installing camera_node script to /home/pi/ros2_pi_ws/install/camera_publisher/lib/camera_publisher
[7.160s] writing list of installed files to '/home/pi/ros2_pi_ws/build/camera_publisher/install.log'
[7.375s] Invoked command in '/home/pi/ros2_pi_ws/src/camera_publisher' returned '0': PYTHONPATH=/home/pi/ros2_pi_ws/build/camera_publisher/prefix_override:/usr/lib/python3/dist-packages/colcon_core/task/python/colcon_distutils_commands:/home/pi/ros2_pi_ws/install/camera_publisher/lib/python3.10/site-packages:${PYTHONPATH} /usr/bin/python3 -W ignore:setup.py install is deprecated -W ignore:easy_install command is deprecated setup.py egg_info --egg-base ../../build/camera_publisher build --build-base /home/pi/ros2_pi_ws/build/camera_publisher/build install --record /home/pi/ros2_pi_ws/build/camera_publisher/install.log --single-version-externally-managed install_data
