[3.755s] Invoking command in '/home/pi/ros2_pi_ws/src/opencv_tools': PYTHONPATH=/home/pi/ros2_pi_ws/build/opencv_tools/prefix_override:/usr/lib/python3/dist-packages/colcon_core/task/python/colcon_distutils_commands:/home/pi/ros2_pi_ws/install/opencv_tools/lib/python3.10/site-packages:${PYTHONPATH} /usr/bin/python3 -W ignore:setup.py install is deprecated -W ignore:easy_install command is deprecated setup.py egg_info --egg-base ../../build/opencv_tools build --build-base /home/pi/ros2_pi_ws/build/opencv_tools/build install --record /home/pi/ros2_pi_ws/build/opencv_tools/install.log --single-version-externally-managed install_data
[4.705s] running egg_info
[4.708s] writing ../../build/opencv_tools/opencv_tools.egg-info/PKG-INFO
[4.709s] writing dependency_links to ../../build/opencv_tools/opencv_tools.egg-info/dependency_links.txt
[4.709s] writing entry points to ../../build/opencv_tools/opencv_tools.egg-info/entry_points.txt
[4.710s] writing requirements to ../../build/opencv_tools/opencv_tools.egg-info/requires.txt
[4.711s] writing top-level names to ../../build/opencv_tools/opencv_tools.egg-info/top_level.txt
[4.719s] reading manifest file '../../build/opencv_tools/opencv_tools.egg-info/SOURCES.txt'
[4.723s] writing manifest file '../../build/opencv_tools/opencv_tools.egg-info/SOURCES.txt'
[4.723s] running build
[4.724s] running build_py
[4.725s] running install
[4.726s] running install_lib
[4.732s] running install_data
[4.732s] running install_egg_info
[4.739s] removing '/home/pi/ros2_pi_ws/install/opencv_tools/lib/python3.10/site-packages/opencv_tools-0.0.0-py3.10.egg-info' (and everything under it)
[4.741s] Copying ../../build/opencv_tools/opencv_tools.egg-info to /home/pi/ros2_pi_ws/install/opencv_tools/lib/python3.10/site-packages/opencv_tools-0.0.0-py3.10.egg-info
[4.746s] running install_scripts
[4.824s] writing list of installed files to '/home/pi/ros2_pi_ws/build/opencv_tools/install.log'
[4.932s] Invoked command in '/home/pi/ros2_pi_ws/src/opencv_tools' returned '0': PYTHONPATH=/home/pi/ros2_pi_ws/build/opencv_tools/prefix_override:/usr/lib/python3/dist-packages/colcon_core/task/python/colcon_distutils_commands:/home/pi/ros2_pi_ws/install/opencv_tools/lib/python3.10/site-packages:${PYTHONPATH} /usr/bin/python3 -W ignore:setup.py install is deprecated -W ignore:easy_install command is deprecated setup.py egg_info --egg-base ../../build/opencv_tools build --build-base /home/pi/ros2_pi_ws/build/opencv_tools/build install --record /home/pi/ros2_pi_ws/build/opencv_tools/install.log --single-version-externally-managed install_data
