[4.658s] Invoking command in '/home/pi/ros2_pi_ws/src/motor_control': PYTHONPATH=/home/pi/ros2_pi_ws/build/motor_control/prefix_override:/usr/lib/python3/dist-packages/colcon_core/task/python/colcon_distutils_commands:/home/pi/ros2_pi_ws/install/motor_control/lib/python3.10/site-packages:${PYTHONPATH} /usr/bin/python3 -W ignore:setup.py install is deprecated -W ignore:easy_install command is deprecated setup.py egg_info --egg-base ../../build/motor_control build --build-base /home/pi/ros2_pi_ws/build/motor_control/build install --record /home/pi/ros2_pi_ws/build/motor_control/install.log --single-version-externally-managed install_data
[6.111s] running egg_info
[6.114s] writing ../../build/motor_control/motor_control.egg-info/PKG-INFO
[6.116s] writing dependency_links to ../../build/motor_control/motor_control.egg-info/dependency_links.txt
[6.117s] writing entry points to ../../build/motor_control/motor_control.egg-info/entry_points.txt
[6.118s] writing requirements to ../../build/motor_control/motor_control.egg-info/requires.txt
[6.119s] writing top-level names to ../../build/motor_control/motor_control.egg-info/top_level.txt
[6.129s] reading manifest file '../../build/motor_control/motor_control.egg-info/SOURCES.txt'
[6.133s] writing manifest file '../../build/motor_control/motor_control.egg-info/SOURCES.txt'
[6.134s] running build
[6.135s] running build_py
[6.136s] running install
[6.138s] running install_lib
[6.145s] running install_data
[6.145s] running install_egg_info
[6.154s] removing '/home/pi/ros2_pi_ws/install/motor_control/lib/python3.10/site-packages/motor_control-0.0.0-py3.10.egg-info' (and everything under it)
[6.160s] Copying ../../build/motor_control/motor_control.egg-info to /home/pi/ros2_pi_ws/install/motor_control/lib/python3.10/site-packages/motor_control-0.0.0-py3.10.egg-info
[6.181s] running install_scripts
[6.271s] Installing motor_control_node script to /home/pi/ros2_pi_ws/install/motor_control/lib/motor_control
[6.273s] writing list of installed files to '/home/pi/ros2_pi_ws/build/motor_control/install.log'
[6.428s] Invoked command in '/home/pi/ros2_pi_ws/src/motor_control' returned '0': PYTHONPATH=/home/pi/ros2_pi_ws/build/motor_control/prefix_override:/usr/lib/python3/dist-packages/colcon_core/task/python/colcon_distutils_commands:/home/pi/ros2_pi_ws/install/motor_control/lib/python3.10/site-packages:${PYTHONPATH} /usr/bin/python3 -W ignore:setup.py install is deprecated -W ignore:easy_install command is deprecated setup.py egg_info --egg-base ../../build/motor_control build --build-base /home/pi/ros2_pi_ws/build/motor_control/build install --record /home/pi/ros2_pi_ws/build/motor_control/install.log --single-version-externally-managed install_data
