[4.098s] Invoking command in '/home/pi/ros2_pi_ws/src/opencv_tools': PYTHONPATH=/home/pi/ros2_pi_ws/build/opencv_tools/prefix_override:/usr/lib/python3/dist-packages/colcon_core/task/python/colcon_distutils_commands:/home/pi/ros2_pi_ws/install/opencv_tools/lib/python3.10/site-packages:${PYTHONPATH} /usr/bin/python3 -W ignore:setup.py install is deprecated -W ignore:easy_install command is deprecated setup.py egg_info --egg-base ../../build/opencv_tools build --build-base /home/pi/ros2_pi_ws/build/opencv_tools/build install --record /home/pi/ros2_pi_ws/build/opencv_tools/install.log --single-version-externally-managed install_data
[5.664s] running egg_info
[5.670s] writing ../../build/opencv_tools/opencv_tools.egg-info/PKG-INFO
[5.671s] writing dependency_links to ../../build/opencv_tools/opencv_tools.egg-info/dependency_links.txt
[5.673s] writing entry points to ../../build/opencv_tools/opencv_tools.egg-info/entry_points.txt
[5.674s] writing requirements to ../../build/opencv_tools/opencv_tools.egg-info/requires.txt
[5.675s] writing top-level names to ../../build/opencv_tools/opencv_tools.egg-info/top_level.txt
[5.688s] reading manifest file '../../build/opencv_tools/opencv_tools.egg-info/SOURCES.txt'
[5.693s] writing manifest file '../../build/opencv_tools/opencv_tools.egg-info/SOURCES.txt'
[5.695s] running build
[5.697s] running build_py
[5.699s] running install
[5.701s] running install_lib
[5.711s] running install_data
[5.712s] running install_egg_info
[5.732s] removing '/home/pi/ros2_pi_ws/install/opencv_tools/lib/python3.10/site-packages/opencv_tools-0.0.0-py3.10.egg-info' (and everything under it)
[5.737s] Copying ../../build/opencv_tools/opencv_tools.egg-info to /home/pi/ros2_pi_ws/install/opencv_tools/lib/python3.10/site-packages/opencv_tools-0.0.0-py3.10.egg-info
[5.742s] running install_scripts
[5.829s] Installing img_pub_node script to /home/pi/ros2_pi_ws/install/opencv_tools/lib/opencv_tools
[5.830s] Installing img_sub_node script to /home/pi/ros2_pi_ws/install/opencv_tools/lib/opencv_tools
[5.832s] writing list of installed files to '/home/pi/ros2_pi_ws/build/opencv_tools/install.log'
[5.973s] Invoked command in '/home/pi/ros2_pi_ws/src/opencv_tools' returned '0': PYTHONPATH=/home/pi/ros2_pi_ws/build/opencv_tools/prefix_override:/usr/lib/python3/dist-packages/colcon_core/task/python/colcon_distutils_commands:/home/pi/ros2_pi_ws/install/opencv_tools/lib/python3.10/site-packages:${PYTHONPATH} /usr/bin/python3 -W ignore:setup.py install is deprecated -W ignore:easy_install command is deprecated setup.py egg_info --egg-base ../../build/opencv_tools build --build-base /home/pi/ros2_pi_ws/build/opencv_tools/build install --record /home/pi/ros2_pi_ws/build/opencv_tools/install.log --single-version-externally-managed install_data
