[5.430s] Invoking command in '/home/pi/ros2_pi_ws/src/motor_control': PYTHONPATH=/home/pi/ros2_pi_ws/build/motor_control/prefix_override:/usr/lib/python3/dist-packages/colcon_core/task/python/colcon_distutils_commands:/home/pi/ros2_pi_ws/install/motor_control/lib/python3.10/site-packages:${PYTHONPATH} /usr/bin/python3 -W ignore:setup.py install is deprecated -W ignore:easy_install command is deprecated setup.py egg_info --egg-base ../../build/motor_control build --build-base /home/pi/ros2_pi_ws/build/motor_control/build install --record /home/pi/ros2_pi_ws/build/motor_control/install.log --single-version-externally-managed install_data
[7.000s] running egg_info
[7.001s] writing ../../build/motor_control/motor_control.egg-info/PKG-INFO
[7.001s] writing dependency_links to ../../build/motor_control/motor_control.egg-info/dependency_links.txt
[7.002s] writing entry points to ../../build/motor_control/motor_control.egg-info/entry_points.txt
[7.002s] writing requirements to ../../build/motor_control/motor_control.egg-info/requires.txt
[7.003s] writing top-level names to ../../build/motor_control/motor_control.egg-info/top_level.txt
[7.003s] reading manifest file '../../build/motor_control/motor_control.egg-info/SOURCES.txt'
[7.004s] writing manifest file '../../build/motor_control/motor_control.egg-info/SOURCES.txt'
[7.005s] running build
[7.005s] running build_py
[7.006s] running install
[7.006s] running install_lib
[7.007s] running install_data
[7.007s] running install_egg_info
[7.013s] removing '/home/pi/ros2_pi_ws/install/motor_control/lib/python3.10/site-packages/motor_control-0.0.0-py3.10.egg-info' (and everything under it)
[7.014s] Copying ../../build/motor_control/motor_control.egg-info to /home/pi/ros2_pi_ws/install/motor_control/lib/python3.10/site-packages/motor_control-0.0.0-py3.10.egg-info
[7.016s] running install_scripts
[7.043s] Installing motor_control_node script to /home/pi/ros2_pi_ws/install/motor_control/lib/motor_control
[7.044s] writing list of installed files to '/home/pi/ros2_pi_ws/build/motor_control/install.log'
[7.277s] Invoked command in '/home/pi/ros2_pi_ws/src/motor_control' returned '0': PYTHONPATH=/home/pi/ros2_pi_ws/build/motor_control/prefix_override:/usr/lib/python3/dist-packages/colcon_core/task/python/colcon_distutils_commands:/home/pi/ros2_pi_ws/install/motor_control/lib/python3.10/site-packages:${PYTHONPATH} /usr/bin/python3 -W ignore:setup.py install is deprecated -W ignore:easy_install command is deprecated setup.py egg_info --egg-base ../../build/motor_control build --build-base /home/pi/ros2_pi_ws/build/motor_control/build install --record /home/pi/ros2_pi_ws/build/motor_control/install.log --single-version-externally-managed install_data
