[8.486s] Invoking command in '/home/pi/ros2_pi_ws/src/opencv_tools': PYTHONPATH=/home/pi/ros2_pi_ws/build/opencv_tools/prefix_override:/usr/lib/python3/dist-packages/colcon_core/task/python/colcon_distutils_commands:/home/pi/ros2_pi_ws/install/opencv_tools/lib/python3.10/site-packages:${PYTHONPATH} /usr/bin/python3 -W ignore:setup.py install is deprecated -W ignore:easy_install command is deprecated setup.py egg_info --egg-base ../../build/opencv_tools build --build-base /home/pi/ros2_pi_ws/build/opencv_tools/build install --record /home/pi/ros2_pi_ws/build/opencv_tools/install.log --single-version-externally-managed install_data
[10.929s] running egg_info
[10.933s] writing ../../build/opencv_tools/opencv_tools.egg-info/PKG-INFO
[10.938s] writing dependency_links to ../../build/opencv_tools/opencv_tools.egg-info/dependency_links.txt
[10.942s] writing entry points to ../../build/opencv_tools/opencv_tools.egg-info/entry_points.txt
[10.945s] writing requirements to ../../build/opencv_tools/opencv_tools.egg-info/requires.txt
[10.946s] writing top-level names to ../../build/opencv_tools/opencv_tools.egg-info/top_level.txt
[10.957s] reading manifest file '../../build/opencv_tools/opencv_tools.egg-info/SOURCES.txt'
[10.965s] writing manifest file '../../build/opencv_tools/opencv_tools.egg-info/SOURCES.txt'
[10.967s] running build
[10.967s] running build_py
[10.970s] copying opencv_tools/opencv_pub.py -> /home/pi/ros2_pi_ws/build/opencv_tools/build/lib/opencv_tools
[10.972s] copying opencv_tools/opencv_sub.py -> /home/pi/ros2_pi_ws/build/opencv_tools/build/lib/opencv_tools
[10.981s] running install
[10.985s] running install_lib
[10.995s] copying /home/pi/ros2_pi_ws/build/opencv_tools/build/lib/opencv_tools/opencv_pub.py -> /home/pi/ros2_pi_ws/install/opencv_tools/lib/python3.10/site-packages/opencv_tools
[11.002s] copying /home/pi/ros2_pi_ws/build/opencv_tools/build/lib/opencv_tools/opencv_sub.py -> /home/pi/ros2_pi_ws/install/opencv_tools/lib/python3.10/site-packages/opencv_tools
[11.013s] byte-compiling /home/pi/ros2_pi_ws/install/opencv_tools/lib/python3.10/site-packages/opencv_tools/opencv_pub.py to opencv_pub.cpython-310.pyc
[11.022s] byte-compiling /home/pi/ros2_pi_ws/install/opencv_tools/lib/python3.10/site-packages/opencv_tools/opencv_sub.py to opencv_sub.cpython-310.pyc
[11.030s] running install_data
[11.033s] running install_egg_info
[11.057s] removing '/home/pi/ros2_pi_ws/install/opencv_tools/lib/python3.10/site-packages/opencv_tools-0.0.0-py3.10.egg-info' (and everything under it)
[11.063s] Copying ../../build/opencv_tools/opencv_tools.egg-info to /home/pi/ros2_pi_ws/install/opencv_tools/lib/python3.10/site-packages/opencv_tools-0.0.0-py3.10.egg-info
[11.071s] running install_scripts
[11.192s] Installing img_pub_node script to /home/pi/ros2_pi_ws/install/opencv_tools/lib/opencv_tools
[11.195s] Installing img_sub_node script to /home/pi/ros2_pi_ws/install/opencv_tools/lib/opencv_tools
[11.197s] writing list of installed files to '/home/pi/ros2_pi_ws/build/opencv_tools/install.log'
[11.409s] Invoked command in '/home/pi/ros2_pi_ws/src/opencv_tools' returned '0': PYTHONPATH=/home/pi/ros2_pi_ws/build/opencv_tools/prefix_override:/usr/lib/python3/dist-packages/colcon_core/task/python/colcon_distutils_commands:/home/pi/ros2_pi_ws/install/opencv_tools/lib/python3.10/site-packages:${PYTHONPATH} /usr/bin/python3 -W ignore:setup.py install is deprecated -W ignore:easy_install command is deprecated setup.py egg_info --egg-base ../../build/opencv_tools build --build-base /home/pi/ros2_pi_ws/build/opencv_tools/build install --record /home/pi/ros2_pi_ws/build/opencv_tools/install.log --single-version-externally-managed install_data
