[0.156s] Invoking command in '/home/pi/microros_pi_ws/build/micro_ros_msgs': CMAKE_PREFIX_PATH=${CMAKE_PREFIX_PATH}:/home/pi/microros_pi_ws/install/motor_control:/opt/ros/humble /usr/bin/cmake --build /home/pi/microros_pi_ws/build/micro_ros_msgs -- -j4 -l4
[1.672s] [  2%] Built target micro_ros_msgs__cpp
[1.674s] [ 12%] Built target micro_ros_msgs__rosidl_generator_c
[1.675s] [ 12%] Built target ament_cmake_python_copy_micro_ros_msgs
[1.678s] [ 23%] Built target micro_ros_msgs__rosidl_typesupport_introspection_cpp
[1.679s] [ 40%] Built target micro_ros_msgs__rosidl_typesupport_cpp
[1.680s] [ 44%] Built target micro_ros_msgs__rosidl_typesupport_fastrtps_cpp
[1.680s] [ 55%] Built target micro_ros_msgs__rosidl_typesupport_fastrtps_c
[1.680s] [ 65%] Built target micro_ros_msgs__rosidl_typesupport_c
[1.681s] [ 76%] Built target micro_ros_msgs__rosidl_typesupport_introspection_c
[1.682s] [ 76%] Built target micro_ros_msgs
[1.683s] [ 78%] Built target micro_ros_msgs__py
[1.685s] [ 87%] Built target micro_ros_msgs__rosidl_generator_py
[1.687s] [ 91%] Built target micro_ros_msgs__rosidl_typesupport_fastrtps_c__pyext
[1.687s] [ 95%] Built target micro_ros_msgs__rosidl_typesupport_introspection_c__pyext
[1.687s] [100%] Built target micro_ros_msgs__rosidl_typesupport_c__pyext
[2.131s] running egg_info
[2.135s] writing micro_ros_msgs.egg-info/PKG-INFO
[2.145s] writing dependency_links to micro_ros_msgs.egg-info/dependency_links.txt
[2.149s] writing top-level names to micro_ros_msgs.egg-info/top_level.txt
[2.172s] reading manifest file 'micro_ros_msgs.egg-info/SOURCES.txt'
[2.174s] writing manifest file 'micro_ros_msgs.egg-info/SOURCES.txt'
[2.322s] [100%] Built target ament_cmake_python_build_micro_ros_msgs_egg
[2.376s] Invoked command in '/home/pi/microros_pi_ws/build/micro_ros_msgs' returned '0': CMAKE_PREFIX_PATH=${CMAKE_PREFIX_PATH}:/home/pi/microros_pi_ws/install/motor_control:/opt/ros/humble /usr/bin/cmake --build /home/pi/microros_pi_ws/build/micro_ros_msgs -- -j4 -l4
[2.385s] Invoking command in '/home/pi/microros_pi_ws/build/micro_ros_msgs': CMAKE_PREFIX_PATH=${CMAKE_PREFIX_PATH}:/home/pi/microros_pi_ws/install/motor_control:/opt/ros/humble /usr/bin/cmake --install /home/pi/microros_pi_ws/build/micro_ros_msgs
[2.425s] -- Install configuration: ""
[2.426s] -- Up-to-date: /home/pi/microros_pi_ws/install/micro_ros_msgs/share/ament_index/resource_index/rosidl_interfaces/micro_ros_msgs
[2.427s] -- Up-to-date: /home/pi/microros_pi_ws/install/micro_ros_msgs/include/micro_ros_msgs/micro_ros_msgs
[2.427s] -- Up-to-date: /home/pi/microros_pi_ws/install/micro_ros_msgs/include/micro_ros_msgs/micro_ros_msgs/msg
[2.429s] -- Up-to-date: /home/pi/microros_pi_ws/install/micro_ros_msgs/include/micro_ros_msgs/micro_ros_msgs/msg/graph.h
[2.435s] -- Up-to-date: /home/pi/microros_pi_ws/install/micro_ros_msgs/include/micro_ros_msgs/micro_ros_msgs/msg/node.h
[2.435s] -- Up-to-date: /home/pi/microros_pi_ws/install/micro_ros_msgs/include/micro_ros_msgs/micro_ros_msgs/msg/entity.h
[2.436s] -- Up-to-date: /home/pi/microros_pi_ws/install/micro_ros_msgs/include/micro_ros_msgs/micro_ros_msgs/msg/rosidl_generator_c__visibility_control.h
[2.436s] -- Up-to-date: /home/pi/microros_pi_ws/install/micro_ros_msgs/include/micro_ros_msgs/micro_ros_msgs/msg/detail
[2.437s] -- Up-to-date: /home/pi/microros_pi_ws/install/micro_ros_msgs/include/micro_ros_msgs/micro_ros_msgs/msg/detail/entity__struct.h
[2.437s] -- Up-to-date: /home/pi/microros_pi_ws/install/micro_ros_msgs/include/micro_ros_msgs/micro_ros_msgs/msg/detail/graph__functions.c
[2.438s] -- Up-to-date: /home/pi/microros_pi_ws/install/micro_ros_msgs/include/micro_ros_msgs/micro_ros_msgs/msg/detail/entity__functions.h
[2.439s] -- Up-to-date: /home/pi/microros_pi_ws/install/micro_ros_msgs/include/micro_ros_msgs/micro_ros_msgs/msg/detail/node__type_support.h
[2.440s] -- Up-to-date: /home/pi/microros_pi_ws/install/micro_ros_msgs/include/micro_ros_msgs/micro_ros_msgs/msg/detail/graph__type_support.h
[2.440s] -- Up-to-date: /home/pi/microros_pi_ws/install/micro_ros_msgs/include/micro_ros_msgs/micro_ros_msgs/msg/detail/node__functions.c
[2.441s] -- Up-to-date: /home/pi/microros_pi_ws/install/micro_ros_msgs/include/micro_ros_msgs/micro_ros_msgs/msg/detail/graph__functions.h
[2.441s] -- Up-to-date: /home/pi/microros_pi_ws/install/micro_ros_msgs/include/micro_ros_msgs/micro_ros_msgs/msg/detail/entity__type_support.h
[2.442s] -- Up-to-date: /home/pi/microros_pi_ws/install/micro_ros_msgs/include/micro_ros_msgs/micro_ros_msgs/msg/detail/graph__struct.h
[2.443s] -- Up-to-date: /home/pi/microros_pi_ws/install/micro_ros_msgs/include/micro_ros_msgs/micro_ros_msgs/msg/detail/entity__functions.c
[2.444s] -- Up-to-date: /home/pi/microros_pi_ws/install/micro_ros_msgs/include/micro_ros_msgs/micro_ros_msgs/msg/detail/node__functions.h
[2.444s] -- Up-to-date: /home/pi/microros_pi_ws/install/micro_ros_msgs/include/micro_ros_msgs/micro_ros_msgs/msg/detail/node__struct.h
[2.445s] -- Up-to-date: /home/pi/microros_pi_ws/install/micro_ros_msgs/share/micro_ros_msgs/environment/library_path.sh
[2.445s] -- Up-to-date: /home/pi/microros_pi_ws/install/micro_ros_msgs/share/micro_ros_msgs/environment/library_path.dsv
[2.446s] -- Up-to-date: /home/pi/microros_pi_ws/install/micro_ros_msgs/lib/libmicro_ros_msgs__rosidl_generator_c.so
[2.447s] -- Up-to-date: /home/pi/microros_pi_ws/install/micro_ros_msgs/include/micro_ros_msgs/micro_ros_msgs
[2.448s] -- Up-to-date: /home/pi/microros_pi_ws/install/micro_ros_msgs/include/micro_ros_msgs/micro_ros_msgs/msg
[2.448s] -- Up-to-date: /home/pi/microros_pi_ws/install/micro_ros_msgs/include/micro_ros_msgs/micro_ros_msgs/msg/rosidl_typesupport_fastrtps_c__visibility_control.h
[2.450s] -- Up-to-date: /home/pi/microros_pi_ws/install/micro_ros_msgs/include/micro_ros_msgs/micro_ros_msgs/msg/detail
[2.451s] -- Up-to-date: /home/pi/microros_pi_ws/install/micro_ros_msgs/include/micro_ros_msgs/micro_ros_msgs/msg/detail/node__rosidl_typesupport_fastrtps_c.h
[2.452s] -- Up-to-date: /home/pi/microros_pi_ws/install/micro_ros_msgs/include/micro_ros_msgs/micro_ros_msgs/msg/detail/entity__rosidl_typesupport_fastrtps_c.h
[2.453s] -- Up-to-date: /home/pi/microros_pi_ws/install/micro_ros_msgs/include/micro_ros_msgs/micro_ros_msgs/msg/detail/graph__rosidl_typesupport_fastrtps_c.h
[2.492s] -- Up-to-date: /home/pi/microros_pi_ws/install/micro_ros_msgs/lib/libmicro_ros_msgs__rosidl_typesupport_fastrtps_c.so
[2.496s] -- Up-to-date: /home/pi/microros_pi_ws/install/micro_ros_msgs/include/micro_ros_msgs/micro_ros_msgs
[2.496s] -- Up-to-date: /home/pi/microros_pi_ws/install/micro_ros_msgs/include/micro_ros_msgs/micro_ros_msgs/msg
[2.499s] -- Up-to-date: /home/pi/microros_pi_ws/install/micro_ros_msgs/include/micro_ros_msgs/micro_ros_msgs/msg/detail
[2.500s] -- Up-to-date: /home/pi/microros_pi_ws/install/micro_ros_msgs/include/micro_ros_msgs/micro_ros_msgs/msg/detail/graph__rosidl_typesupport_introspection_c.h
[2.501s] -- Up-to-date: /home/pi/microros_pi_ws/install/micro_ros_msgs/include/micro_ros_msgs/micro_ros_msgs/msg/detail/node__type_support.c
[2.501s] -- Up-to-date: /home/pi/microros_pi_ws/install/micro_ros_msgs/include/micro_ros_msgs/micro_ros_msgs/msg/detail/node__rosidl_typesupport_introspection_c.h
[2.505s] -- Up-to-date: /home/pi/microros_pi_ws/install/micro_ros_msgs/include/micro_ros_msgs/micro_ros_msgs/msg/detail/entity__rosidl_typesupport_introspection_c.h
[2.506s] -- Up-to-date: /home/pi/microros_pi_ws/install/micro_ros_msgs/include/micro_ros_msgs/micro_ros_msgs/msg/detail/entity__type_support.c
[2.508s] -- Up-to-date: /home/pi/microros_pi_ws/install/micro_ros_msgs/include/micro_ros_msgs/micro_ros_msgs/msg/detail/graph__type_support.c
[2.511s] -- Up-to-date: /home/pi/microros_pi_ws/install/micro_ros_msgs/include/micro_ros_msgs/micro_ros_msgs/msg/rosidl_typesupport_introspection_c__visibility_control.h
[2.514s] -- Up-to-date: /home/pi/microros_pi_ws/install/micro_ros_msgs/lib/libmicro_ros_msgs__rosidl_typesupport_introspection_c.so
[2.516s] -- Up-to-date: /home/pi/microros_pi_ws/install/micro_ros_msgs/lib/libmicro_ros_msgs__rosidl_typesupport_c.so
[2.517s] -- Up-to-date: /home/pi/microros_pi_ws/install/micro_ros_msgs/include/micro_ros_msgs/micro_ros_msgs
[2.518s] -- Up-to-date: /home/pi/microros_pi_ws/install/micro_ros_msgs/include/micro_ros_msgs/micro_ros_msgs/msg
[2.518s] -- Up-to-date: /home/pi/microros_pi_ws/install/micro_ros_msgs/include/micro_ros_msgs/micro_ros_msgs/msg/node.hpp
[2.519s] -- Up-to-date: /home/pi/microros_pi_ws/install/micro_ros_msgs/include/micro_ros_msgs/micro_ros_msgs/msg/entity.hpp
[2.520s] -- Up-to-date: /home/pi/microros_pi_ws/install/micro_ros_msgs/include/micro_ros_msgs/micro_ros_msgs/msg/graph.hpp
[2.522s] -- Up-to-date: /home/pi/microros_pi_ws/install/micro_ros_msgs/include/micro_ros_msgs/micro_ros_msgs/msg/detail
[2.523s] -- Up-to-date: /home/pi/microros_pi_ws/install/micro_ros_msgs/include/micro_ros_msgs/micro_ros_msgs/msg/detail/node__traits.hpp
[2.523s] -- Up-to-date: /home/pi/microros_pi_ws/install/micro_ros_msgs/include/micro_ros_msgs/micro_ros_msgs/msg/detail/graph__struct.hpp
[2.525s] -- Up-to-date: /home/pi/microros_pi_ws/install/micro_ros_msgs/include/micro_ros_msgs/micro_ros_msgs/msg/detail/entity__type_support.hpp
[2.526s] -- Up-to-date: /home/pi/microros_pi_ws/install/micro_ros_msgs/include/micro_ros_msgs/micro_ros_msgs/msg/detail/entity__builder.hpp
[2.527s] -- Up-to-date: /home/pi/microros_pi_ws/install/micro_ros_msgs/include/micro_ros_msgs/micro_ros_msgs/msg/detail/node__builder.hpp
[2.527s] -- Up-to-date: /home/pi/microros_pi_ws/install/micro_ros_msgs/include/micro_ros_msgs/micro_ros_msgs/msg/detail/graph__builder.hpp
[2.528s] -- Up-to-date: /home/pi/microros_pi_ws/install/micro_ros_msgs/include/micro_ros_msgs/micro_ros_msgs/msg/detail/node__type_support.hpp
[2.529s] -- Up-to-date: /home/pi/microros_pi_ws/install/micro_ros_msgs/include/micro_ros_msgs/micro_ros_msgs/msg/detail/node__struct.hpp
[2.529s] -- Up-to-date: /home/pi/microros_pi_ws/install/micro_ros_msgs/include/micro_ros_msgs/micro_ros_msgs/msg/detail/entity__traits.hpp
[2.530s] -- Up-to-date: /home/pi/microros_pi_ws/install/micro_ros_msgs/include/micro_ros_msgs/micro_ros_msgs/msg/detail/graph__traits.hpp
[2.531s] -- Up-to-date: /home/pi/microros_pi_ws/install/micro_ros_msgs/include/micro_ros_msgs/micro_ros_msgs/msg/detail/graph__type_support.hpp
[2.531s] -- Up-to-date: /home/pi/microros_pi_ws/install/micro_ros_msgs/include/micro_ros_msgs/micro_ros_msgs/msg/detail/entity__struct.hpp
[2.532s] -- Up-to-date: /home/pi/microros_pi_ws/install/micro_ros_msgs/include/micro_ros_msgs/micro_ros_msgs/msg/rosidl_generator_cpp__visibility_control.hpp
[2.532s] -- Up-to-date: /home/pi/microros_pi_ws/install/micro_ros_msgs/include/micro_ros_msgs/micro_ros_msgs
[2.533s] -- Up-to-date: /home/pi/microros_pi_ws/install/micro_ros_msgs/include/micro_ros_msgs/micro_ros_msgs/msg
[2.533s] -- Up-to-date: /home/pi/microros_pi_ws/install/micro_ros_msgs/include/micro_ros_msgs/micro_ros_msgs/msg/rosidl_typesupport_fastrtps_cpp__visibility_control.h
[2.534s] -- Up-to-date: /home/pi/microros_pi_ws/install/micro_ros_msgs/include/micro_ros_msgs/micro_ros_msgs/msg/detail
[2.535s] -- Up-to-date: /home/pi/microros_pi_ws/install/micro_ros_msgs/include/micro_ros_msgs/micro_ros_msgs/msg/detail/node__rosidl_typesupport_fastrtps_cpp.hpp
[2.535s] -- Up-to-date: /home/pi/microros_pi_ws/install/micro_ros_msgs/include/micro_ros_msgs/micro_ros_msgs/msg/detail/dds_fastrtps
[2.536s] -- Up-to-date: /home/pi/microros_pi_ws/install/micro_ros_msgs/include/micro_ros_msgs/micro_ros_msgs/msg/detail/entity__rosidl_typesupport_fastrtps_cpp.hpp
[2.536s] -- Up-to-date: /home/pi/microros_pi_ws/install/micro_ros_msgs/include/micro_ros_msgs/micro_ros_msgs/msg/detail/graph__rosidl_typesupport_fastrtps_cpp.hpp
[2.536s] -- Up-to-date: /home/pi/microros_pi_ws/install/micro_ros_msgs/lib/libmicro_ros_msgs__rosidl_typesupport_fastrtps_cpp.so
[2.537s] -- Up-to-date: /home/pi/microros_pi_ws/install/micro_ros_msgs/include/micro_ros_msgs/micro_ros_msgs
[2.539s] -- Up-to-date: /home/pi/microros_pi_ws/install/micro_ros_msgs/include/micro_ros_msgs/micro_ros_msgs/msg
[2.544s] -- Up-to-date: /home/pi/microros_pi_ws/install/micro_ros_msgs/include/micro_ros_msgs/micro_ros_msgs/msg/detail
[2.545s] -- Up-to-date: /home/pi/microros_pi_ws/install/micro_ros_msgs/include/micro_ros_msgs/micro_ros_msgs/msg/detail/node__rosidl_typesupport_introspection_cpp.hpp
[2.546s] -- Up-to-date: /home/pi/microros_pi_ws/install/micro_ros_msgs/include/micro_ros_msgs/micro_ros_msgs/msg/detail/graph__type_support.cpp
[2.547s] -- Up-to-date: /home/pi/microros_pi_ws/install/micro_ros_msgs/include/micro_ros_msgs/micro_ros_msgs/msg/detail/entity__rosidl_typesupport_introspection_cpp.hpp
[2.551s] -- Up-to-date: /home/pi/microros_pi_ws/install/micro_ros_msgs/include/micro_ros_msgs/micro_ros_msgs/msg/detail/entity__type_support.cpp
[2.552s] -- Up-to-date: /home/pi/microros_pi_ws/install/micro_ros_msgs/include/micro_ros_msgs/micro_ros_msgs/msg/detail/node__type_support.cpp
[2.553s] -- Up-to-date: /home/pi/microros_pi_ws/install/micro_ros_msgs/include/micro_ros_msgs/micro_ros_msgs/msg/detail/graph__rosidl_typesupport_introspection_cpp.hpp
[2.553s] -- Up-to-date: /home/pi/microros_pi_ws/install/micro_ros_msgs/lib/libmicro_ros_msgs__rosidl_typesupport_introspection_cpp.so
[2.554s] -- Up-to-date: /home/pi/microros_pi_ws/install/micro_ros_msgs/lib/libmicro_ros_msgs__rosidl_typesupport_cpp.so
[2.555s] -- Up-to-date: /home/pi/microros_pi_ws/install/micro_ros_msgs/share/micro_ros_msgs/environment/pythonpath.sh
[2.556s] -- Up-to-date: /home/pi/microros_pi_ws/install/micro_ros_msgs/share/micro_ros_msgs/environment/pythonpath.dsv
[2.556s] -- Up-to-date: /home/pi/microros_pi_ws/install/micro_ros_msgs/local/lib/python3.10/dist-packages/micro_ros_msgs-3.0.1-py3.10.egg-info
[2.557s] -- Installing: /home/pi/microros_pi_ws/install/micro_ros_msgs/local/lib/python3.10/dist-packages/micro_ros_msgs-3.0.1-py3.10.egg-info/PKG-INFO
[2.558s] -- Installing: /home/pi/microros_pi_ws/install/micro_ros_msgs/local/lib/python3.10/dist-packages/micro_ros_msgs-3.0.1-py3.10.egg-info/top_level.txt
[2.558s] -- Installing: /home/pi/microros_pi_ws/install/micro_ros_msgs/local/lib/python3.10/dist-packages/micro_ros_msgs-3.0.1-py3.10.egg-info/SOURCES.txt
[2.559s] -- Installing: /home/pi/microros_pi_ws/install/micro_ros_msgs/local/lib/python3.10/dist-packages/micro_ros_msgs-3.0.1-py3.10.egg-info/dependency_links.txt
[2.559s] -- Up-to-date: /home/pi/microros_pi_ws/install/micro_ros_msgs/local/lib/python3.10/dist-packages/micro_ros_msgs
[2.559s] -- Up-to-date: /home/pi/microros_pi_ws/install/micro_ros_msgs/local/lib/python3.10/dist-packages/micro_ros_msgs/micro_ros_msgs_s__rosidl_typesupport_fastrtps_c.cpython-310-aarch64-linux-gnu.so
[2.560s] -- Up-to-date: /home/pi/microros_pi_ws/install/micro_ros_msgs/local/lib/python3.10/dist-packages/micro_ros_msgs/_micro_ros_msgs_s.ep.rosidl_typesupport_introspection_c.c
[2.560s] -- Up-to-date: /home/pi/microros_pi_ws/install/micro_ros_msgs/local/lib/python3.10/dist-packages/micro_ros_msgs/__init__.py
[2.561s] -- Up-to-date: /home/pi/microros_pi_ws/install/micro_ros_msgs/local/lib/python3.10/dist-packages/micro_ros_msgs/micro_ros_msgs_s__rosidl_typesupport_c.cpython-310-aarch64-linux-gnu.so
[2.561s] -- Up-to-date: /home/pi/microros_pi_ws/install/micro_ros_msgs/local/lib/python3.10/dist-packages/micro_ros_msgs/micro_ros_msgs_s__rosidl_typesupport_introspection_c.cpython-310-aarch64-linux-gnu.so
[2.562s] -- Up-to-date: /home/pi/microros_pi_ws/install/micro_ros_msgs/local/lib/python3.10/dist-packages/micro_ros_msgs/_micro_ros_msgs_s.ep.rosidl_typesupport_fastrtps_c.c
[2.563s] -- Up-to-date: /home/pi/microros_pi_ws/install/micro_ros_msgs/local/lib/python3.10/dist-packages/micro_ros_msgs/_micro_ros_msgs_s.ep.rosidl_typesupport_c.c
[2.563s] -- Up-to-date: /home/pi/microros_pi_ws/install/micro_ros_msgs/local/lib/python3.10/dist-packages/micro_ros_msgs/msg
[2.564s] -- Up-to-date: /home/pi/microros_pi_ws/install/micro_ros_msgs/local/lib/python3.10/dist-packages/micro_ros_msgs/msg/_node_s.c
[2.565s] -- Up-to-date: /home/pi/microros_pi_ws/install/micro_ros_msgs/local/lib/python3.10/dist-packages/micro_ros_msgs/msg/__init__.py
[2.567s] -- Up-to-date: /home/pi/microros_pi_ws/install/micro_ros_msgs/local/lib/python3.10/dist-packages/micro_ros_msgs/msg/_graph_s.c
[2.568s] -- Up-to-date: /home/pi/microros_pi_ws/install/micro_ros_msgs/local/lib/python3.10/dist-packages/micro_ros_msgs/msg/_entity.py
[2.569s] -- Up-to-date: /home/pi/microros_pi_ws/install/micro_ros_msgs/local/lib/python3.10/dist-packages/micro_ros_msgs/msg/_graph.py
[2.570s] -- Up-to-date: /home/pi/microros_pi_ws/install/micro_ros_msgs/local/lib/python3.10/dist-packages/micro_ros_msgs/msg/_entity_s.c
[2.571s] -- Up-to-date: /home/pi/microros_pi_ws/install/micro_ros_msgs/local/lib/python3.10/dist-packages/micro_ros_msgs/msg/_node.py
[2.573s] -- Up-to-date: /home/pi/microros_pi_ws/install/micro_ros_msgs/local/lib/python3.10/dist-packages/micro_ros_msgs/libmicro_ros_msgs__rosidl_generator_py.so
[2.729s] Listing '/home/pi/microros_pi_ws/install/micro_ros_msgs/local/lib/python3.10/dist-packages/micro_ros_msgs'...
[2.730s] Listing '/home/pi/microros_pi_ws/install/micro_ros_msgs/local/lib/python3.10/dist-packages/micro_ros_msgs/msg'...
[2.757s] -- Up-to-date: /home/pi/microros_pi_ws/install/micro_ros_msgs/local/lib/python3.10/dist-packages/micro_ros_msgs/micro_ros_msgs_s__rosidl_typesupport_fastrtps_c.cpython-310-aarch64-linux-gnu.so
[2.759s] -- Up-to-date: /home/pi/microros_pi_ws/install/micro_ros_msgs/local/lib/python3.10/dist-packages/micro_ros_msgs/micro_ros_msgs_s__rosidl_typesupport_introspection_c.cpython-310-aarch64-linux-gnu.so
[2.763s] -- Up-to-date: /home/pi/microros_pi_ws/install/micro_ros_msgs/local/lib/python3.10/dist-packages/micro_ros_msgs/micro_ros_msgs_s__rosidl_typesupport_c.cpython-310-aarch64-linux-gnu.so
[2.767s] -- Up-to-date: /home/pi/microros_pi_ws/install/micro_ros_msgs/lib/libmicro_ros_msgs__rosidl_generator_py.so
[2.769s] -- Up-to-date: /home/pi/microros_pi_ws/install/micro_ros_msgs/share/micro_ros_msgs/msg/Graph.idl
[2.770s] -- Up-to-date: /home/pi/microros_pi_ws/install/micro_ros_msgs/share/micro_ros_msgs/msg/Node.idl
[2.773s] -- Up-to-date: /home/pi/microros_pi_ws/install/micro_ros_msgs/share/micro_ros_msgs/msg/Entity.idl
[2.774s] -- Up-to-date: /home/pi/microros_pi_ws/install/micro_ros_msgs/share/micro_ros_msgs/msg/Graph.msg
[2.776s] -- Up-to-date: /home/pi/microros_pi_ws/install/micro_ros_msgs/share/micro_ros_msgs/msg/Node.msg
[2.777s] -- Up-to-date: /home/pi/microros_pi_ws/install/micro_ros_msgs/share/micro_ros_msgs/msg/Entity.msg
[2.781s] -- Up-to-date: /home/pi/microros_pi_ws/install/micro_ros_msgs/share/ament_index/resource_index/package_run_dependencies/micro_ros_msgs
[2.782s] -- Up-to-date: /home/pi/microros_pi_ws/install/micro_ros_msgs/share/ament_index/resource_index/parent_prefix_path/micro_ros_msgs
[2.783s] -- Up-to-date: /home/pi/microros_pi_ws/install/micro_ros_msgs/share/micro_ros_msgs/environment/ament_prefix_path.sh
[2.783s] -- Up-to-date: /home/pi/microros_pi_ws/install/micro_ros_msgs/share/micro_ros_msgs/environment/ament_prefix_path.dsv
[2.784s] -- Up-to-date: /home/pi/microros_pi_ws/install/micro_ros_msgs/share/micro_ros_msgs/environment/path.sh
[2.785s] -- Up-to-date: /home/pi/microros_pi_ws/install/micro_ros_msgs/share/micro_ros_msgs/environment/path.dsv
[2.785s] -- Up-to-date: /home/pi/microros_pi_ws/install/micro_ros_msgs/share/micro_ros_msgs/local_setup.bash
[2.786s] -- Up-to-date: /home/pi/microros_pi_ws/install/micro_ros_msgs/share/micro_ros_msgs/local_setup.sh
[2.787s] -- Up-to-date: /home/pi/microros_pi_ws/install/micro_ros_msgs/share/micro_ros_msgs/local_setup.zsh
[2.788s] -- Up-to-date: /home/pi/microros_pi_ws/install/micro_ros_msgs/share/micro_ros_msgs/local_setup.dsv
[2.788s] -- Installing: /home/pi/microros_pi_ws/install/micro_ros_msgs/share/micro_ros_msgs/package.dsv
[2.790s] -- Up-to-date: /home/pi/microros_pi_ws/install/micro_ros_msgs/share/ament_index/resource_index/packages/micro_ros_msgs
[2.791s] -- Up-to-date: /home/pi/microros_pi_ws/install/micro_ros_msgs/share/micro_ros_msgs/cmake/export_micro_ros_msgs__rosidl_generator_cExport.cmake
[2.792s] -- Up-to-date: /home/pi/microros_pi_ws/install/micro_ros_msgs/share/micro_ros_msgs/cmake/export_micro_ros_msgs__rosidl_generator_cExport-noconfig.cmake
[2.801s] -- Up-to-date: /home/pi/microros_pi_ws/install/micro_ros_msgs/share/micro_ros_msgs/cmake/export_micro_ros_msgs__rosidl_typesupport_fastrtps_cExport.cmake
[2.801s] -- Up-to-date: /home/pi/microros_pi_ws/install/micro_ros_msgs/share/micro_ros_msgs/cmake/export_micro_ros_msgs__rosidl_typesupport_fastrtps_cExport-noconfig.cmake
[2.802s] -- Up-to-date: /home/pi/microros_pi_ws/install/micro_ros_msgs/share/micro_ros_msgs/cmake/micro_ros_msgs__rosidl_typesupport_introspection_cExport.cmake
[2.803s] -- Up-to-date: /home/pi/microros_pi_ws/install/micro_ros_msgs/share/micro_ros_msgs/cmake/micro_ros_msgs__rosidl_typesupport_introspection_cExport-noconfig.cmake
[2.807s] -- Up-to-date: /home/pi/microros_pi_ws/install/micro_ros_msgs/share/micro_ros_msgs/cmake/micro_ros_msgs__rosidl_typesupport_cExport.cmake
[2.812s] -- Up-to-date: /home/pi/microros_pi_ws/install/micro_ros_msgs/share/micro_ros_msgs/cmake/micro_ros_msgs__rosidl_typesupport_cExport-noconfig.cmake
[2.813s] -- Up-to-date: /home/pi/microros_pi_ws/install/micro_ros_msgs/share/micro_ros_msgs/cmake/export_micro_ros_msgs__rosidl_generator_cppExport.cmake
[2.816s] -- Up-to-date: /home/pi/microros_pi_ws/install/micro_ros_msgs/share/micro_ros_msgs/cmake/export_micro_ros_msgs__rosidl_typesupport_fastrtps_cppExport.cmake
[2.817s] -- Up-to-date: /home/pi/microros_pi_ws/install/micro_ros_msgs/share/micro_ros_msgs/cmake/export_micro_ros_msgs__rosidl_typesupport_fastrtps_cppExport-noconfig.cmake
[2.820s] -- Up-to-date: /home/pi/microros_pi_ws/install/micro_ros_msgs/share/micro_ros_msgs/cmake/micro_ros_msgs__rosidl_typesupport_introspection_cppExport.cmake
[2.824s] -- Up-to-date: /home/pi/microros_pi_ws/install/micro_ros_msgs/share/micro_ros_msgs/cmake/micro_ros_msgs__rosidl_typesupport_introspection_cppExport-noconfig.cmake
[2.828s] -- Up-to-date: /home/pi/microros_pi_ws/install/micro_ros_msgs/share/micro_ros_msgs/cmake/micro_ros_msgs__rosidl_typesupport_cppExport.cmake
[2.828s] -- Up-to-date: /home/pi/microros_pi_ws/install/micro_ros_msgs/share/micro_ros_msgs/cmake/micro_ros_msgs__rosidl_typesupport_cppExport-noconfig.cmake
[2.832s] -- Up-to-date: /home/pi/microros_pi_ws/install/micro_ros_msgs/share/micro_ros_msgs/cmake/export_micro_ros_msgs__rosidl_generator_pyExport.cmake
[2.833s] -- Up-to-date: /home/pi/microros_pi_ws/install/micro_ros_msgs/share/micro_ros_msgs/cmake/export_micro_ros_msgs__rosidl_generator_pyExport-noconfig.cmake
[2.834s] -- Up-to-date: /home/pi/microros_pi_ws/install/micro_ros_msgs/share/micro_ros_msgs/cmake/rosidl_cmake-extras.cmake
[2.836s] -- Up-to-date: /home/pi/microros_pi_ws/install/micro_ros_msgs/share/micro_ros_msgs/cmake/ament_cmake_export_include_directories-extras.cmake
[2.837s] -- Up-to-date: /home/pi/microros_pi_ws/install/micro_ros_msgs/share/micro_ros_msgs/cmake/ament_cmake_export_libraries-extras.cmake
[2.837s] -- Up-to-date: /home/pi/microros_pi_ws/install/micro_ros_msgs/share/micro_ros_msgs/cmake/ament_cmake_export_targets-extras.cmake
[2.838s] -- Up-to-date: /home/pi/microros_pi_ws/install/micro_ros_msgs/share/micro_ros_msgs/cmake/rosidl_cmake_export_typesupport_targets-extras.cmake
[2.839s] -- Up-to-date: /home/pi/microros_pi_ws/install/micro_ros_msgs/share/micro_ros_msgs/cmake/ament_cmake_export_dependencies-extras.cmake
[2.839s] -- Up-to-date: /home/pi/microros_pi_ws/install/micro_ros_msgs/share/micro_ros_msgs/cmake/rosidl_cmake_export_typesupport_libraries-extras.cmake
[2.840s] -- Up-to-date: /home/pi/microros_pi_ws/install/micro_ros_msgs/share/micro_ros_msgs/cmake/micro_ros_msgsConfig.cmake
[2.841s] -- Up-to-date: /home/pi/microros_pi_ws/install/micro_ros_msgs/share/micro_ros_msgs/cmake/micro_ros_msgsConfig-version.cmake
[2.842s] -- Up-to-date: /home/pi/microros_pi_ws/install/micro_ros_msgs/share/micro_ros_msgs/package.xml
[2.849s] Invoked command in '/home/pi/microros_pi_ws/build/micro_ros_msgs' returned '0': CMAKE_PREFIX_PATH=${CMAKE_PREFIX_PATH}:/home/pi/microros_pi_ws/install/motor_control:/opt/ros/humble /usr/bin/cmake --install /home/pi/microros_pi_ws/build/micro_ros_msgs
