[6.513s] Invoking command in '/home/pi/ros2_pi_ws/src/myrobot': PYTHONPATH=/home/pi/ros2_pi_ws/build/myrobot/prefix_override:/usr/lib/python3/dist-packages/colcon_core/task/python/colcon_distutils_commands:/home/pi/ros2_pi_ws/install/myrobot/lib/python3.10/site-packages:${PYTHONPATH} /usr/bin/python3 -W ignore:setup.py install is deprecated -W ignore:easy_install command is deprecated setup.py egg_info --egg-base ../../build/myrobot build --build-base /home/pi/ros2_pi_ws/build/myrobot/build install --record /home/pi/ros2_pi_ws/build/myrobot/install.log --single-version-externally-managed install_data
[8.663s] running egg_info
[8.667s] writing ../../build/myrobot/myrobot.egg-info/PKG-INFO
[8.670s] writing dependency_links to ../../build/myrobot/myrobot.egg-info/dependency_links.txt
[8.673s] writing entry points to ../../build/myrobot/myrobot.egg-info/entry_points.txt
[8.673s] writing requirements to ../../build/myrobot/myrobot.egg-info/requires.txt
[8.674s] writing top-level names to ../../build/myrobot/myrobot.egg-info/top_level.txt
[8.699s] reading manifest file '../../build/myrobot/myrobot.egg-info/SOURCES.txt'
[8.702s] writing manifest file '../../build/myrobot/myrobot.egg-info/SOURCES.txt'
[8.725s] running build
[8.725s] running build_py
[8.726s] running install
[8.727s] running install_lib
[8.773s] running install_data
[8.775s] running install_egg_info
[8.775s] removing '/home/pi/ros2_pi_ws/install/myrobot/lib/python3.10/site-packages/myrobot-0.0.0-py3.10.egg-info' (and everything under it)
[8.784s] Copying ../../build/myrobot/myrobot.egg-info to /home/pi/ros2_pi_ws/install/myrobot/lib/python3.10/site-packages/myrobot-0.0.0-py3.10.egg-info
[8.785s] running install_scripts
[8.847s] Installing pid_tuner script to /home/pi/ros2_pi_ws/install/myrobot/lib/myrobot
[8.849s] writing list of installed files to '/home/pi/ros2_pi_ws/build/myrobot/install.log'
[9.150s] Invoked command in '/home/pi/ros2_pi_ws/src/myrobot' returned '0': PYTHONPATH=/home/pi/ros2_pi_ws/build/myrobot/prefix_override:/usr/lib/python3/dist-packages/colcon_core/task/python/colcon_distutils_commands:/home/pi/ros2_pi_ws/install/myrobot/lib/python3.10/site-packages:${PYTHONPATH} /usr/bin/python3 -W ignore:setup.py install is deprecated -W ignore:easy_install command is deprecated setup.py egg_info --egg-base ../../build/myrobot build --build-base /home/pi/ros2_pi_ws/build/myrobot/build install --record /home/pi/ros2_pi_ws/build/myrobot/install.log --single-version-externally-managed install_data
