[0.437s] DEBUG:colcon:Command line arguments: ['/usr/bin/colcon', 'build']
[0.437s] DEBUG:colcon:Parsed command line arguments: Namespace(log_base=None, log_level=None, verb_name='build', build_base='build', install_base='install', merge_install=False, symlink_install=False, test_result_base=None, continue_on_error=False, executor='parallel', parallel_workers=4, event_handlers=None, ignore_user_meta=False, metas=['./colcon.meta'], base_paths=['.'], packages_ignore=None, packages_ignore_regex=None, paths=None, packages_up_to=None, packages_up_to_regex=None, packages_above=None, packages_above_and_dependencies=None, packages_above_depth=None, packages_select_by_dep=None, packages_skip_by_dep=None, packages_skip_up_to=None, packages_select_build_failed=False, packages_skip_build_finished=False, packages_select_test_failures=False, packages_skip_test_passed=False, packages_select=None, packages_skip=None, packages_select_regex=None, packages_skip_regex=None, packages_start=None, packages_end=None, allow_overriding=[], cmake_args=None, cmake_target=None, cmake_target_skip_unavailable=False, cmake_clean_cache=False, cmake_clean_first=False, cmake_force_configure=False, ament_cmake_args=None, catkin_cmake_args=None, catkin_skip_building_tests=False, mixin_files=None, mixin=None, verb_parser=<colcon_mixin.mixin.mixin_argument.MixinArgumentDecorator object at 0xffffa3c30a90>, verb_extension=<colcon_core.verb.build.BuildVerb object at 0xffffa3d59a20>, main=<bound method BuildVerb.main of <colcon_core.verb.build.BuildVerb object at 0xffffa3d59a20>>, mixin_verb=('build',))
[1.098s] Level 1:colcon.colcon_core.package_discovery:discover_packages(colcon_meta) check parameters
[1.099s] Level 1:colcon.colcon_core.package_discovery:discover_packages(recursive) check parameters
[1.099s] Level 1:colcon.colcon_core.package_discovery:discover_packages(ignore) check parameters
[1.099s] Level 1:colcon.colcon_core.package_discovery:discover_packages(path) check parameters
[1.099s] Level 1:colcon.colcon_core.package_discovery:discover_packages(colcon_meta) discover
[1.099s] Level 1:colcon.colcon_core.package_discovery:discover_packages(recursive) discover
[1.100s] INFO:colcon.colcon_core.package_discovery:Crawling recursively for packages in '/home/pi/ros2_pi_ws'
[1.100s] Level 1:colcon.colcon_core.package_identification:_identify(.) by extensions ['ignore', 'ignore_ament_install']
[1.100s] Level 1:colcon.colcon_core.package_identification:_identify(.) by extension 'ignore'
[1.101s] Level 1:colcon.colcon_core.package_identification:_identify(.) by extension 'ignore_ament_install'
[1.101s] Level 1:colcon.colcon_core.package_identification:_identify(.) by extensions ['colcon_pkg']
[1.101s] Level 1:colcon.colcon_core.package_identification:_identify(.) by extension 'colcon_pkg'
[1.101s] Level 1:colcon.colcon_core.package_identification:_identify(.) by extensions ['colcon_meta']
[1.101s] Level 1:colcon.colcon_core.package_identification:_identify(.) by extension 'colcon_meta'
[1.101s] Level 1:colcon.colcon_core.package_identification:_identify(.) by extensions ['ros']
[1.101s] Level 1:colcon.colcon_core.package_identification:_identify(.) by extension 'ros'
[1.150s] Level 1:colcon.colcon_core.package_identification:_identify(.) by extensions ['cmake', 'python']
[1.150s] Level 1:colcon.colcon_core.package_identification:_identify(.) by extension 'cmake'
[1.150s] Level 1:colcon.colcon_core.package_identification:_identify(.) by extension 'python'
[1.150s] Level 1:colcon.colcon_core.package_identification:_identify(.) by extensions ['python_setup_py']
[1.150s] Level 1:colcon.colcon_core.package_identification:_identify(.) by extension 'python_setup_py'
[1.151s] Level 1:colcon.colcon_core.package_identification:_identify(build) by extensions ['ignore', 'ignore_ament_install']
[1.151s] Level 1:colcon.colcon_core.package_identification:_identify(build) by extension 'ignore'
[1.151s] Level 1:colcon.colcon_core.package_identification:_identify(build) ignored
[1.152s] Level 1:colcon.colcon_core.package_identification:_identify(install) by extensions ['ignore', 'ignore_ament_install']
[1.152s] Level 1:colcon.colcon_core.package_identification:_identify(install) by extension 'ignore'
[1.153s] Level 1:colcon.colcon_core.package_identification:_identify(install) ignored
[1.153s] Level 1:colcon.colcon_core.package_identification:_identify(log) by extensions ['ignore', 'ignore_ament_install']
[1.154s] Level 1:colcon.colcon_core.package_identification:_identify(log) by extension 'ignore'
[1.154s] Level 1:colcon.colcon_core.package_identification:_identify(log) ignored
[1.154s] Level 1:colcon.colcon_core.package_identification:_identify(src) by extensions ['ignore', 'ignore_ament_install']
[1.154s] Level 1:colcon.colcon_core.package_identification:_identify(src) by extension 'ignore'
[1.155s] Level 1:colcon.colcon_core.package_identification:_identify(src) by extension 'ignore_ament_install'
[1.155s] Level 1:colcon.colcon_core.package_identification:_identify(src) by extensions ['colcon_pkg']
[1.155s] Level 1:colcon.colcon_core.package_identification:_identify(src) by extension 'colcon_pkg'
[1.155s] Level 1:colcon.colcon_core.package_identification:_identify(src) by extensions ['colcon_meta']
[1.155s] Level 1:colcon.colcon_core.package_identification:_identify(src) by extension 'colcon_meta'
[1.155s] Level 1:colcon.colcon_core.package_identification:_identify(src) by extensions ['ros']
[1.155s] Level 1:colcon.colcon_core.package_identification:_identify(src) by extension 'ros'
[1.156s] Level 1:colcon.colcon_core.package_identification:_identify(src) by extensions ['cmake', 'python']
[1.156s] Level 1:colcon.colcon_core.package_identification:_identify(src) by extension 'cmake'
[1.156s] Level 1:colcon.colcon_core.package_identification:_identify(src) by extension 'python'
[1.156s] Level 1:colcon.colcon_core.package_identification:_identify(src) by extensions ['python_setup_py']
[1.156s] Level 1:colcon.colcon_core.package_identification:_identify(src) by extension 'python_setup_py'
[1.157s] Level 1:colcon.colcon_core.package_identification:_identify(src/micro_ros_setup) by extensions ['ignore', 'ignore_ament_install']
[1.157s] Level 1:colcon.colcon_core.package_identification:_identify(src/micro_ros_setup) by extension 'ignore'
[1.157s] Level 1:colcon.colcon_core.package_identification:_identify(src/micro_ros_setup) by extension 'ignore_ament_install'
[1.158s] Level 1:colcon.colcon_core.package_identification:_identify(src/micro_ros_setup) by extensions ['colcon_pkg']
[1.158s] Level 1:colcon.colcon_core.package_identification:_identify(src/micro_ros_setup) by extension 'colcon_pkg'
[1.158s] Level 1:colcon.colcon_core.package_identification:_identify(src/micro_ros_setup) by extensions ['colcon_meta']
[1.158s] Level 1:colcon.colcon_core.package_identification:_identify(src/micro_ros_setup) by extension 'colcon_meta'
[1.158s] Level 1:colcon.colcon_core.package_identification:_identify(src/micro_ros_setup) by extensions ['ros']
[1.158s] Level 1:colcon.colcon_core.package_identification:_identify(src/micro_ros_setup) by extension 'ros'
[1.167s] DEBUG:colcon.colcon_core.package_identification:Package 'src/micro_ros_setup' with type 'ros.ament_cmake' and name 'micro_ros_setup'
[1.168s] Level 1:colcon.colcon_core.package_identification:_identify(src/motor_control) by extensions ['ignore', 'ignore_ament_install']
[1.168s] Level 1:colcon.colcon_core.package_identification:_identify(src/motor_control) by extension 'ignore'
[1.169s] Level 1:colcon.colcon_core.package_identification:_identify(src/motor_control) by extension 'ignore_ament_install'
[1.169s] Level 1:colcon.colcon_core.package_identification:_identify(src/motor_control) by extensions ['colcon_pkg']
[1.169s] Level 1:colcon.colcon_core.package_identification:_identify(src/motor_control) by extension 'colcon_pkg'
[1.169s] Level 1:colcon.colcon_core.package_identification:_identify(src/motor_control) by extensions ['colcon_meta']
[1.169s] Level 1:colcon.colcon_core.package_identification:_identify(src/motor_control) by extension 'colcon_meta'
[1.170s] Level 1:colcon.colcon_core.package_identification:_identify(src/motor_control) by extensions ['ros']
[1.170s] Level 1:colcon.colcon_core.package_identification:_identify(src/motor_control) by extension 'ros'
[1.172s] DEBUG:colcon.colcon_core.package_identification:Package 'src/motor_control' with type 'ros.ament_python' and name 'motor_control'
[1.172s] Level 1:colcon.colcon_core.package_identification:_identify(src/robot_odom) by extensions ['ignore', 'ignore_ament_install']
[1.173s] Level 1:colcon.colcon_core.package_identification:_identify(src/robot_odom) by extension 'ignore'
[1.173s] Level 1:colcon.colcon_core.package_identification:_identify(src/robot_odom) by extension 'ignore_ament_install'
[1.173s] Level 1:colcon.colcon_core.package_identification:_identify(src/robot_odom) by extensions ['colcon_pkg']
[1.173s] Level 1:colcon.colcon_core.package_identification:_identify(src/robot_odom) by extension 'colcon_pkg'
[1.173s] Level 1:colcon.colcon_core.package_identification:_identify(src/robot_odom) by extensions ['colcon_meta']
[1.173s] Level 1:colcon.colcon_core.package_identification:_identify(src/robot_odom) by extension 'colcon_meta'
[1.174s] Level 1:colcon.colcon_core.package_identification:_identify(src/robot_odom) by extensions ['ros']
[1.174s] Level 1:colcon.colcon_core.package_identification:_identify(src/robot_odom) by extension 'ros'
[1.178s] DEBUG:colcon.colcon_core.package_identification:Package 'src/robot_odom' with type 'ros.ament_cmake' and name 'robot_odom'
[1.178s] Level 1:colcon.colcon_core.package_identification:_identify(src/uros) by extensions ['ignore', 'ignore_ament_install']
[1.179s] Level 1:colcon.colcon_core.package_identification:_identify(src/uros) by extension 'ignore'
[1.179s] Level 1:colcon.colcon_core.package_identification:_identify(src/uros) by extension 'ignore_ament_install'
[1.179s] Level 1:colcon.colcon_core.package_identification:_identify(src/uros) by extensions ['colcon_pkg']
[1.179s] Level 1:colcon.colcon_core.package_identification:_identify(src/uros) by extension 'colcon_pkg'
[1.180s] Level 1:colcon.colcon_core.package_identification:_identify(src/uros) by extensions ['colcon_meta']
[1.180s] Level 1:colcon.colcon_core.package_identification:_identify(src/uros) by extension 'colcon_meta'
[1.180s] Level 1:colcon.colcon_core.package_identification:_identify(src/uros) by extensions ['ros']
[1.180s] Level 1:colcon.colcon_core.package_identification:_identify(src/uros) by extension 'ros'
[1.180s] Level 1:colcon.colcon_core.package_identification:_identify(src/uros) by extensions ['cmake', 'python']
[1.180s] Level 1:colcon.colcon_core.package_identification:_identify(src/uros) by extension 'cmake'
[1.181s] Level 1:colcon.colcon_core.package_identification:_identify(src/uros) by extension 'python'
[1.181s] Level 1:colcon.colcon_core.package_identification:_identify(src/uros) by extensions ['python_setup_py']
[1.181s] Level 1:colcon.colcon_core.package_identification:_identify(src/uros) by extension 'python_setup_py'
[1.181s] Level 1:colcon.colcon_core.package_identification:_identify(src/uros/micro-ROS-Agent) by extensions ['ignore', 'ignore_ament_install']
[1.182s] Level 1:colcon.colcon_core.package_identification:_identify(src/uros/micro-ROS-Agent) by extension 'ignore'
[1.182s] Level 1:colcon.colcon_core.package_identification:_identify(src/uros/micro-ROS-Agent) by extension 'ignore_ament_install'
[1.182s] Level 1:colcon.colcon_core.package_identification:_identify(src/uros/micro-ROS-Agent) by extensions ['colcon_pkg']
[1.182s] Level 1:colcon.colcon_core.package_identification:_identify(src/uros/micro-ROS-Agent) by extension 'colcon_pkg'
[1.182s] Level 1:colcon.colcon_core.package_identification:_identify(src/uros/micro-ROS-Agent) by extensions ['colcon_meta']
[1.182s] Level 1:colcon.colcon_core.package_identification:_identify(src/uros/micro-ROS-Agent) by extension 'colcon_meta'
[1.183s] Level 1:colcon.colcon_core.package_identification:_identify(src/uros/micro-ROS-Agent) by extensions ['ros']
[1.183s] Level 1:colcon.colcon_core.package_identification:_identify(src/uros/micro-ROS-Agent) by extension 'ros'
[1.183s] Level 1:colcon.colcon_core.package_identification:_identify(src/uros/micro-ROS-Agent) by extensions ['cmake', 'python']
[1.183s] Level 1:colcon.colcon_core.package_identification:_identify(src/uros/micro-ROS-Agent) by extension 'cmake'
[1.183s] Level 1:colcon.colcon_core.package_identification:_identify(src/uros/micro-ROS-Agent) by extension 'python'
[1.184s] Level 1:colcon.colcon_core.package_identification:_identify(src/uros/micro-ROS-Agent) by extensions ['python_setup_py']
[1.184s] Level 1:colcon.colcon_core.package_identification:_identify(src/uros/micro-ROS-Agent) by extension 'python_setup_py'
[1.184s] Level 1:colcon.colcon_core.package_identification:_identify(src/uros/micro-ROS-Agent/micro_ros_agent) by extensions ['ignore', 'ignore_ament_install']
[1.185s] Level 1:colcon.colcon_core.package_identification:_identify(src/uros/micro-ROS-Agent/micro_ros_agent) by extension 'ignore'
[1.185s] Level 1:colcon.colcon_core.package_identification:_identify(src/uros/micro-ROS-Agent/micro_ros_agent) by extension 'ignore_ament_install'
[1.185s] Level 1:colcon.colcon_core.package_identification:_identify(src/uros/micro-ROS-Agent/micro_ros_agent) by extensions ['colcon_pkg']
[1.185s] Level 1:colcon.colcon_core.package_identification:_identify(src/uros/micro-ROS-Agent/micro_ros_agent) by extension 'colcon_pkg'
[1.185s] Level 1:colcon.colcon_core.package_identification:_identify(src/uros/micro-ROS-Agent/micro_ros_agent) by extensions ['colcon_meta']
[1.185s] Level 1:colcon.colcon_core.package_identification:_identify(src/uros/micro-ROS-Agent/micro_ros_agent) by extension 'colcon_meta'
[1.186s] Level 1:colcon.colcon_core.package_identification:_identify(src/uros/micro-ROS-Agent/micro_ros_agent) by extensions ['ros']
[1.186s] Level 1:colcon.colcon_core.package_identification:_identify(src/uros/micro-ROS-Agent/micro_ros_agent) by extension 'ros'
[1.189s] DEBUG:colcon.colcon_core.package_identification:Package 'src/uros/micro-ROS-Agent/micro_ros_agent' with type 'ros.ament_cmake' and name 'micro_ros_agent'
[1.190s] Level 1:colcon.colcon_core.package_identification:_identify(src/uros/micro-ROS-Agent/snap) by extensions ['ignore', 'ignore_ament_install']
[1.190s] Level 1:colcon.colcon_core.package_identification:_identify(src/uros/micro-ROS-Agent/snap) by extension 'ignore'
[1.190s] Level 1:colcon.colcon_core.package_identification:_identify(src/uros/micro-ROS-Agent/snap) by extension 'ignore_ament_install'
[1.191s] Level 1:colcon.colcon_core.package_identification:_identify(src/uros/micro-ROS-Agent/snap) by extensions ['colcon_pkg']
[1.191s] Level 1:colcon.colcon_core.package_identification:_identify(src/uros/micro-ROS-Agent/snap) by extension 'colcon_pkg'
[1.191s] Level 1:colcon.colcon_core.package_identification:_identify(src/uros/micro-ROS-Agent/snap) by extensions ['colcon_meta']
[1.191s] Level 1:colcon.colcon_core.package_identification:_identify(src/uros/micro-ROS-Agent/snap) by extension 'colcon_meta'
[1.191s] Level 1:colcon.colcon_core.package_identification:_identify(src/uros/micro-ROS-Agent/snap) by extensions ['ros']
[1.191s] Level 1:colcon.colcon_core.package_identification:_identify(src/uros/micro-ROS-Agent/snap) by extension 'ros'
[1.192s] Level 1:colcon.colcon_core.package_identification:_identify(src/uros/micro-ROS-Agent/snap) by extensions ['cmake', 'python']
[1.192s] Level 1:colcon.colcon_core.package_identification:_identify(src/uros/micro-ROS-Agent/snap) by extension 'cmake'
[1.192s] Level 1:colcon.colcon_core.package_identification:_identify(src/uros/micro-ROS-Agent/snap) by extension 'python'
[1.192s] Level 1:colcon.colcon_core.package_identification:_identify(src/uros/micro-ROS-Agent/snap) by extensions ['python_setup_py']
[1.192s] Level 1:colcon.colcon_core.package_identification:_identify(src/uros/micro-ROS-Agent/snap) by extension 'python_setup_py'
[1.193s] Level 1:colcon.colcon_core.package_identification:_identify(src/uros/micro-ROS-Agent/snap/hooks) by extensions ['ignore', 'ignore_ament_install']
[1.193s] Level 1:colcon.colcon_core.package_identification:_identify(src/uros/micro-ROS-Agent/snap/hooks) by extension 'ignore'
[1.193s] Level 1:colcon.colcon_core.package_identification:_identify(src/uros/micro-ROS-Agent/snap/hooks) by extension 'ignore_ament_install'
[1.194s] Level 1:colcon.colcon_core.package_identification:_identify(src/uros/micro-ROS-Agent/snap/hooks) by extensions ['colcon_pkg']
[1.194s] Level 1:colcon.colcon_core.package_identification:_identify(src/uros/micro-ROS-Agent/snap/hooks) by extension 'colcon_pkg'
[1.194s] Level 1:colcon.colcon_core.package_identification:_identify(src/uros/micro-ROS-Agent/snap/hooks) by extensions ['colcon_meta']
[1.194s] Level 1:colcon.colcon_core.package_identification:_identify(src/uros/micro-ROS-Agent/snap/hooks) by extension 'colcon_meta'
[1.194s] Level 1:colcon.colcon_core.package_identification:_identify(src/uros/micro-ROS-Agent/snap/hooks) by extensions ['ros']
[1.194s] Level 1:colcon.colcon_core.package_identification:_identify(src/uros/micro-ROS-Agent/snap/hooks) by extension 'ros'
[1.195s] Level 1:colcon.colcon_core.package_identification:_identify(src/uros/micro-ROS-Agent/snap/hooks) by extensions ['cmake', 'python']
[1.195s] Level 1:colcon.colcon_core.package_identification:_identify(src/uros/micro-ROS-Agent/snap/hooks) by extension 'cmake'
[1.195s] Level 1:colcon.colcon_core.package_identification:_identify(src/uros/micro-ROS-Agent/snap/hooks) by extension 'python'
[1.195s] Level 1:colcon.colcon_core.package_identification:_identify(src/uros/micro-ROS-Agent/snap/hooks) by extensions ['python_setup_py']
[1.195s] Level 1:colcon.colcon_core.package_identification:_identify(src/uros/micro-ROS-Agent/snap/hooks) by extension 'python_setup_py'
[1.196s] Level 1:colcon.colcon_core.package_identification:_identify(src/uros/micro-ROS-Agent/snap/local) by extensions ['ignore', 'ignore_ament_install']
[1.196s] Level 1:colcon.colcon_core.package_identification:_identify(src/uros/micro-ROS-Agent/snap/local) by extension 'ignore'
[1.196s] Level 1:colcon.colcon_core.package_identification:_identify(src/uros/micro-ROS-Agent/snap/local) by extension 'ignore_ament_install'
[1.196s] Level 1:colcon.colcon_core.package_identification:_identify(src/uros/micro-ROS-Agent/snap/local) by extensions ['colcon_pkg']
[1.197s] Level 1:colcon.colcon_core.package_identification:_identify(src/uros/micro-ROS-Agent/snap/local) by extension 'colcon_pkg'
[1.197s] Level 1:colcon.colcon_core.package_identification:_identify(src/uros/micro-ROS-Agent/snap/local) by extensions ['colcon_meta']
[1.197s] Level 1:colcon.colcon_core.package_identification:_identify(src/uros/micro-ROS-Agent/snap/local) by extension 'colcon_meta'
[1.197s] Level 1:colcon.colcon_core.package_identification:_identify(src/uros/micro-ROS-Agent/snap/local) by extensions ['ros']
[1.197s] Level 1:colcon.colcon_core.package_identification:_identify(src/uros/micro-ROS-Agent/snap/local) by extension 'ros'
[1.198s] Level 1:colcon.colcon_core.package_identification:_identify(src/uros/micro-ROS-Agent/snap/local) by extensions ['cmake', 'python']
[1.198s] Level 1:colcon.colcon_core.package_identification:_identify(src/uros/micro-ROS-Agent/snap/local) by extension 'cmake'
[1.198s] Level 1:colcon.colcon_core.package_identification:_identify(src/uros/micro-ROS-Agent/snap/local) by extension 'python'
[1.198s] Level 1:colcon.colcon_core.package_identification:_identify(src/uros/micro-ROS-Agent/snap/local) by extensions ['python_setup_py']
[1.198s] Level 1:colcon.colcon_core.package_identification:_identify(src/uros/micro-ROS-Agent/snap/local) by extension 'python_setup_py'
[1.199s] Level 1:colcon.colcon_core.package_identification:_identify(src/uros/micro_ros_msgs) by extensions ['ignore', 'ignore_ament_install']
[1.199s] Level 1:colcon.colcon_core.package_identification:_identify(src/uros/micro_ros_msgs) by extension 'ignore'
[1.199s] Level 1:colcon.colcon_core.package_identification:_identify(src/uros/micro_ros_msgs) by extension 'ignore_ament_install'
[1.199s] Level 1:colcon.colcon_core.package_identification:_identify(src/uros/micro_ros_msgs) by extensions ['colcon_pkg']
[1.199s] Level 1:colcon.colcon_core.package_identification:_identify(src/uros/micro_ros_msgs) by extension 'colcon_pkg'
[1.200s] Level 1:colcon.colcon_core.package_identification:_identify(src/uros/micro_ros_msgs) by extensions ['colcon_meta']
[1.200s] Level 1:colcon.colcon_core.package_identification:_identify(src/uros/micro_ros_msgs) by extension 'colcon_meta'
[1.200s] Level 1:colcon.colcon_core.package_identification:_identify(src/uros/micro_ros_msgs) by extensions ['ros']
[1.200s] Level 1:colcon.colcon_core.package_identification:_identify(src/uros/micro_ros_msgs) by extension 'ros'
[1.202s] DEBUG:colcon.colcon_core.package_identification:Package 'src/uros/micro_ros_msgs' with type 'ros.ament_cmake' and name 'micro_ros_msgs'
[1.202s] Level 1:colcon.colcon_core.package_discovery:discover_packages(recursive) using defaults
[1.203s] Level 1:colcon.colcon_core.package_discovery:discover_packages(ignore) discover
[1.203s] Level 1:colcon.colcon_core.package_discovery:discover_packages(ignore) using defaults
[1.203s] Level 1:colcon.colcon_core.package_discovery:discover_packages(path) discover
[1.203s] Level 1:colcon.colcon_core.package_discovery:discover_packages(path) using defaults
[1.279s] Level 1:colcon.colcon_core.package_discovery:discover_packages(prefix_path) check parameters
[1.279s] Level 1:colcon.colcon_core.package_discovery:discover_packages(prefix_path) discover
[1.289s] DEBUG:colcon.colcon_installed_package_information.package_discovery:Found 6 installed packages in /home/pi/ros2_pi_ws/install
[1.296s] DEBUG:colcon.colcon_installed_package_information.package_discovery:Found 200 installed packages in /opt/ros/humble
[1.300s] Level 1:colcon.colcon_core.package_discovery:discover_packages(prefix_path) using defaults
[1.454s] Level 5:colcon.colcon_core.verb:set package 'micro_ros_msgs' build argument 'cmake_args' from command line to 'None'
[1.455s] Level 5:colcon.colcon_core.verb:set package 'micro_ros_msgs' build argument 'cmake_target' from command line to 'None'
[1.455s] Level 5:colcon.colcon_core.verb:set package 'micro_ros_msgs' build argument 'cmake_target_skip_unavailable' from command line to 'False'
[1.455s] Level 5:colcon.colcon_core.verb:set package 'micro_ros_msgs' build argument 'cmake_clean_cache' from command line to 'False'
[1.455s] Level 5:colcon.colcon_core.verb:set package 'micro_ros_msgs' build argument 'cmake_clean_first' from command line to 'False'
[1.455s] Level 5:colcon.colcon_core.verb:set package 'micro_ros_msgs' build argument 'cmake_force_configure' from command line to 'False'
[1.455s] Level 5:colcon.colcon_core.verb:set package 'micro_ros_msgs' build argument 'ament_cmake_args' from command line to 'None'
[1.455s] Level 5:colcon.colcon_core.verb:set package 'micro_ros_msgs' build argument 'catkin_cmake_args' from command line to 'None'
[1.455s] Level 5:colcon.colcon_core.verb:set package 'micro_ros_msgs' build argument 'catkin_skip_building_tests' from command line to 'False'
[1.456s] DEBUG:colcon.colcon_core.verb:Building package 'micro_ros_msgs' with the following arguments: {'ament_cmake_args': None, 'build_base': '/home/pi/ros2_pi_ws/build/micro_ros_msgs', 'catkin_cmake_args': None, 'catkin_skip_building_tests': False, 'cmake_args': None, 'cmake_clean_cache': False, 'cmake_clean_first': False, 'cmake_force_configure': False, 'cmake_target': None, 'cmake_target_skip_unavailable': False, 'install_base': '/home/pi/ros2_pi_ws/install/micro_ros_msgs', 'merge_install': False, 'path': '/home/pi/ros2_pi_ws/src/uros/micro_ros_msgs', 'symlink_install': False, 'test_result_base': None}
[1.457s] Level 5:colcon.colcon_core.verb:set package 'micro_ros_setup' build argument 'cmake_args' from command line to 'None'
[1.457s] Level 5:colcon.colcon_core.verb:set package 'micro_ros_setup' build argument 'cmake_target' from command line to 'None'
[1.457s] Level 5:colcon.colcon_core.verb:set package 'micro_ros_setup' build argument 'cmake_target_skip_unavailable' from command line to 'False'
[1.457s] Level 5:colcon.colcon_core.verb:set package 'micro_ros_setup' build argument 'cmake_clean_cache' from command line to 'False'
[1.457s] Level 5:colcon.colcon_core.verb:set package 'micro_ros_setup' build argument 'cmake_clean_first' from command line to 'False'
[1.458s] Level 5:colcon.colcon_core.verb:set package 'micro_ros_setup' build argument 'cmake_force_configure' from command line to 'False'
[1.458s] Level 5:colcon.colcon_core.verb:set package 'micro_ros_setup' build argument 'ament_cmake_args' from command line to 'None'
[1.458s] Level 5:colcon.colcon_core.verb:set package 'micro_ros_setup' build argument 'catkin_cmake_args' from command line to 'None'
[1.458s] Level 5:colcon.colcon_core.verb:set package 'micro_ros_setup' build argument 'catkin_skip_building_tests' from command line to 'False'
[1.458s] DEBUG:colcon.colcon_core.verb:Building package 'micro_ros_setup' with the following arguments: {'ament_cmake_args': None, 'build_base': '/home/pi/ros2_pi_ws/build/micro_ros_setup', 'catkin_cmake_args': None, 'catkin_skip_building_tests': False, 'cmake_args': None, 'cmake_clean_cache': False, 'cmake_clean_first': False, 'cmake_force_configure': False, 'cmake_target': None, 'cmake_target_skip_unavailable': False, 'install_base': '/home/pi/ros2_pi_ws/install/micro_ros_setup', 'merge_install': False, 'path': '/home/pi/ros2_pi_ws/src/micro_ros_setup', 'symlink_install': False, 'test_result_base': None}
[1.459s] Level 5:colcon.colcon_core.verb:set package 'motor_control' build argument 'cmake_args' from command line to 'None'
[1.460s] Level 5:colcon.colcon_core.verb:set package 'motor_control' build argument 'cmake_target' from command line to 'None'
[1.460s] Level 5:colcon.colcon_core.verb:set package 'motor_control' build argument 'cmake_target_skip_unavailable' from command line to 'False'
[1.460s] Level 5:colcon.colcon_core.verb:set package 'motor_control' build argument 'cmake_clean_cache' from command line to 'False'
[1.460s] Level 5:colcon.colcon_core.verb:set package 'motor_control' build argument 'cmake_clean_first' from command line to 'False'
[1.460s] Level 5:colcon.colcon_core.verb:set package 'motor_control' build argument 'cmake_force_configure' from command line to 'False'
[1.460s] Level 5:colcon.colcon_core.verb:set package 'motor_control' build argument 'ament_cmake_args' from command line to 'None'
[1.460s] Level 5:colcon.colcon_core.verb:set package 'motor_control' build argument 'catkin_cmake_args' from command line to 'None'
[1.460s] Level 5:colcon.colcon_core.verb:set package 'motor_control' build argument 'catkin_skip_building_tests' from command line to 'False'
[1.460s] DEBUG:colcon.colcon_core.verb:Building package 'motor_control' with the following arguments: {'ament_cmake_args': None, 'build_base': '/home/pi/ros2_pi_ws/build/motor_control', 'catkin_cmake_args': None, 'catkin_skip_building_tests': False, 'cmake_args': None, 'cmake_clean_cache': False, 'cmake_clean_first': False, 'cmake_force_configure': False, 'cmake_target': None, 'cmake_target_skip_unavailable': False, 'install_base': '/home/pi/ros2_pi_ws/install/motor_control', 'merge_install': False, 'path': '/home/pi/ros2_pi_ws/src/motor_control', 'symlink_install': False, 'test_result_base': None}
[1.462s] Level 5:colcon.colcon_core.verb:set package 'robot_odom' build argument 'cmake_args' from command line to 'None'
[1.462s] Level 5:colcon.colcon_core.verb:set package 'robot_odom' build argument 'cmake_target' from command line to 'None'
[1.462s] Level 5:colcon.colcon_core.verb:set package 'robot_odom' build argument 'cmake_target_skip_unavailable' from command line to 'False'
[1.462s] Level 5:colcon.colcon_core.verb:set package 'robot_odom' build argument 'cmake_clean_cache' from command line to 'False'
[1.462s] Level 5:colcon.colcon_core.verb:set package 'robot_odom' build argument 'cmake_clean_first' from command line to 'False'
[1.462s] Level 5:colcon.colcon_core.verb:set package 'robot_odom' build argument 'cmake_force_configure' from command line to 'False'
[1.462s] Level 5:colcon.colcon_core.verb:set package 'robot_odom' build argument 'ament_cmake_args' from command line to 'None'
[1.463s] Level 5:colcon.colcon_core.verb:set package 'robot_odom' build argument 'catkin_cmake_args' from command line to 'None'
[1.463s] Level 5:colcon.colcon_core.verb:set package 'robot_odom' build argument 'catkin_skip_building_tests' from command line to 'False'
[1.463s] DEBUG:colcon.colcon_core.verb:Building package 'robot_odom' with the following arguments: {'ament_cmake_args': None, 'build_base': '/home/pi/ros2_pi_ws/build/robot_odom', 'catkin_cmake_args': None, 'catkin_skip_building_tests': False, 'cmake_args': None, 'cmake_clean_cache': False, 'cmake_clean_first': False, 'cmake_force_configure': False, 'cmake_target': None, 'cmake_target_skip_unavailable': False, 'install_base': '/home/pi/ros2_pi_ws/install/robot_odom', 'merge_install': False, 'path': '/home/pi/ros2_pi_ws/src/robot_odom', 'symlink_install': False, 'test_result_base': None}
[1.464s] Level 5:colcon.colcon_core.verb:set package 'micro_ros_agent' build argument 'cmake_args' from command line to 'None'
[1.464s] Level 5:colcon.colcon_core.verb:set package 'micro_ros_agent' build argument 'cmake_target' from command line to 'None'
[1.464s] Level 5:colcon.colcon_core.verb:set package 'micro_ros_agent' build argument 'cmake_target_skip_unavailable' from command line to 'False'
[1.465s] Level 5:colcon.colcon_core.verb:set package 'micro_ros_agent' build argument 'cmake_clean_cache' from command line to 'False'
[1.465s] Level 5:colcon.colcon_core.verb:set package 'micro_ros_agent' build argument 'cmake_clean_first' from command line to 'False'
[1.465s] Level 5:colcon.colcon_core.verb:set package 'micro_ros_agent' build argument 'cmake_force_configure' from command line to 'False'
[1.465s] Level 5:colcon.colcon_core.verb:set package 'micro_ros_agent' build argument 'ament_cmake_args' from command line to 'None'
[1.465s] Level 5:colcon.colcon_core.verb:set package 'micro_ros_agent' build argument 'catkin_cmake_args' from command line to 'None'
[1.465s] Level 5:colcon.colcon_core.verb:set package 'micro_ros_agent' build argument 'catkin_skip_building_tests' from command line to 'False'
[1.465s] DEBUG:colcon.colcon_core.verb:Building package 'micro_ros_agent' with the following arguments: {'ament_cmake_args': None, 'build_base': '/home/pi/ros2_pi_ws/build/micro_ros_agent', 'catkin_cmake_args': None, 'catkin_skip_building_tests': False, 'cmake_args': None, 'cmake_clean_cache': False, 'cmake_clean_first': False, 'cmake_force_configure': False, 'cmake_target': None, 'cmake_target_skip_unavailable': False, 'install_base': '/home/pi/ros2_pi_ws/install/micro_ros_agent', 'merge_install': False, 'path': '/home/pi/ros2_pi_ws/src/uros/micro-ROS-Agent/micro_ros_agent', 'symlink_install': False, 'test_result_base': None}
[1.466s] INFO:colcon.colcon_core.executor:Executing jobs using 'parallel' executor
[1.469s] DEBUG:colcon.colcon_parallel_executor.executor.parallel:run_until_complete
[1.470s] INFO:colcon.colcon_ros.task.ament_cmake.build:Building ROS package in '/home/pi/ros2_pi_ws/src/uros/micro_ros_msgs' with build type 'ament_cmake'
[1.471s] INFO:colcon.colcon_cmake.task.cmake.build:Building CMake package in '/home/pi/ros2_pi_ws/src/uros/micro_ros_msgs'
[1.479s] INFO:colcon.colcon_core.plugin_system:Skipping extension 'colcon_core.shell.bat': Not used on non-Windows systems
[1.480s] INFO:colcon.colcon_core.shell:Skip shell extension 'powershell' for command environment: Not usable outside of PowerShell
[1.481s] DEBUG:colcon.colcon_core.shell:Skip shell extension 'dsv' for command environment
[1.498s] INFO:colcon.colcon_ros.task.ament_cmake.build:Building ROS package in '/home/pi/ros2_pi_ws/src/micro_ros_setup' with build type 'ament_cmake'
[1.498s] INFO:colcon.colcon_cmake.task.cmake.build:Building CMake package in '/home/pi/ros2_pi_ws/src/micro_ros_setup'
[1.499s] INFO:colcon.colcon_core.shell:Skip shell extension 'powershell' for command environment: Not usable outside of PowerShell
[1.500s] DEBUG:colcon.colcon_core.shell:Skip shell extension 'dsv' for command environment
[1.517s] INFO:colcon.colcon_ros.task.ament_python.build:Building ROS package in '/home/pi/ros2_pi_ws/src/motor_control' with build type 'ament_python'
[1.518s] Level 1:colcon.colcon_core.shell:create_environment_hook('motor_control', 'ament_prefix_path')
[1.519s] INFO:colcon.colcon_core.shell:Creating environment hook '/home/pi/ros2_pi_ws/install/motor_control/share/motor_control/hook/ament_prefix_path.ps1'
[1.522s] INFO:colcon.colcon_core.shell:Creating environment descriptor '/home/pi/ros2_pi_ws/install/motor_control/share/motor_control/hook/ament_prefix_path.dsv'
[1.524s] INFO:colcon.colcon_core.shell:Creating environment hook '/home/pi/ros2_pi_ws/install/motor_control/share/motor_control/hook/ament_prefix_path.sh'
[1.528s] INFO:colcon.colcon_core.shell:Skip shell extension 'powershell' for command environment: Not usable outside of PowerShell
[1.529s] DEBUG:colcon.colcon_core.shell:Skip shell extension 'dsv' for command environment
[1.547s] INFO:colcon.colcon_ros.task.ament_cmake.build:Building ROS package in '/home/pi/ros2_pi_ws/src/robot_odom' with build type 'ament_cmake'
[1.547s] INFO:colcon.colcon_cmake.task.cmake.build:Building CMake package in '/home/pi/ros2_pi_ws/src/robot_odom'
[1.548s] INFO:colcon.colcon_core.shell:Skip shell extension 'powershell' for command environment: Not usable outside of PowerShell
[1.549s] DEBUG:colcon.colcon_core.shell:Skip shell extension 'dsv' for command environment
[1.584s] DEBUG:colcon.colcon_core.event_handler.log_command:Invoking command in '/home/pi/ros2_pi_ws/build/micro_ros_msgs': CMAKE_PREFIX_PATH=${CMAKE_PREFIX_PATH}:/home/pi/ros2_pi_ws/install/motor_control:/opt/ros/humble /usr/bin/cmake --build /home/pi/ros2_pi_ws/build/micro_ros_msgs -- -j4 -l4
[1.609s] DEBUG:colcon.colcon_core.event_handler.log_command:Invoking command in '/home/pi/ros2_pi_ws/build/micro_ros_setup': CMAKE_PREFIX_PATH=${CMAKE_PREFIX_PATH}:/home/pi/ros2_pi_ws/install/motor_control:/opt/ros/humble /usr/bin/cmake --build /home/pi/ros2_pi_ws/build/micro_ros_setup -- -j4 -l4
[2.989s] INFO:colcon.colcon_core.task.python.build:Building Python package in '/home/pi/ros2_pi_ws/src/motor_control'
[2.990s] INFO:colcon.colcon_core.shell:Skip shell extension 'powershell' for command environment: Not usable outside of PowerShell
[2.990s] DEBUG:colcon.colcon_core.shell:Skip shell extension 'dsv' for command environment
[3.031s] DEBUG:colcon.colcon_core.event_handler.log_command:Invoked command in '/home/pi/ros2_pi_ws/build/micro_ros_setup' returned '0': CMAKE_PREFIX_PATH=${CMAKE_PREFIX_PATH}:/home/pi/ros2_pi_ws/install/motor_control:/opt/ros/humble /usr/bin/cmake --build /home/pi/ros2_pi_ws/build/micro_ros_setup -- -j4 -l4
[3.066s] DEBUG:colcon.colcon_core.event_handler.log_command:Invoking command in '/home/pi/ros2_pi_ws/build/micro_ros_setup': CMAKE_PREFIX_PATH=${CMAKE_PREFIX_PATH}:/home/pi/ros2_pi_ws/install/motor_control:/opt/ros/humble /usr/bin/cmake --install /home/pi/ros2_pi_ws/build/micro_ros_setup
[3.088s] DEBUG:colcon.colcon_core.event_handler.log_command:Invoking command in '/home/pi/ros2_pi_ws/build/robot_odom': CMAKE_PREFIX_PATH=${CMAKE_PREFIX_PATH}:/home/pi/ros2_pi_ws/install/motor_control:/opt/ros/humble /usr/bin/cmake --build /home/pi/ros2_pi_ws/build/robot_odom -- -j4 -l4
[3.163s] Level 1:colcon.colcon_core.environment:create_environment_scripts_only(micro_ros_setup)
[3.189s] Level 1:colcon.colcon_core.environment:checking '/home/pi/ros2_pi_ws/install/micro_ros_setup' for CMake module files
[3.193s] Level 1:colcon.colcon_core.environment:checking '/home/pi/ros2_pi_ws/install/micro_ros_setup' for CMake config files
[3.226s] Level 1:colcon.colcon_core.shell:create_environment_hook('micro_ros_setup', 'cmake_prefix_path')
[3.227s] INFO:colcon.colcon_core.shell:Creating environment hook '/home/pi/ros2_pi_ws/install/micro_ros_setup/share/micro_ros_setup/hook/cmake_prefix_path.ps1'
[3.232s] INFO:colcon.colcon_core.shell:Creating environment descriptor '/home/pi/ros2_pi_ws/install/micro_ros_setup/share/micro_ros_setup/hook/cmake_prefix_path.dsv'
[3.243s] INFO:colcon.colcon_core.shell:Creating environment hook '/home/pi/ros2_pi_ws/install/micro_ros_setup/share/micro_ros_setup/hook/cmake_prefix_path.sh'
[3.249s] Level 1:colcon.colcon_core.environment:checking '/home/pi/ros2_pi_ws/install/micro_ros_setup/lib'
[3.251s] Level 1:colcon.colcon_core.environment:checking '/home/pi/ros2_pi_ws/install/micro_ros_setup/bin'
[3.252s] Level 1:colcon.colcon_core.environment:checking '/home/pi/ros2_pi_ws/install/micro_ros_setup/lib/pkgconfig/micro_ros_setup.pc'
[3.253s] Level 1:colcon.colcon_core.environment:checking '/home/pi/ros2_pi_ws/install/micro_ros_setup/lib/python3.10/site-packages'
[3.255s] Level 1:colcon.colcon_core.environment:checking '/home/pi/ros2_pi_ws/install/micro_ros_setup/bin'
[3.272s] INFO:colcon.colcon_core.shell:Creating package script '/home/pi/ros2_pi_ws/install/micro_ros_setup/share/micro_ros_setup/package.ps1'
[3.277s] INFO:colcon.colcon_core.shell:Creating package descriptor '/home/pi/ros2_pi_ws/install/micro_ros_setup/share/micro_ros_setup/package.dsv'
[3.280s] INFO:colcon.colcon_core.shell:Creating package script '/home/pi/ros2_pi_ws/install/micro_ros_setup/share/micro_ros_setup/package.sh'
[3.295s] INFO:colcon.colcon_core.shell:Creating package script '/home/pi/ros2_pi_ws/install/micro_ros_setup/share/micro_ros_setup/package.bash'
[3.300s] INFO:colcon.colcon_core.shell:Creating package script '/home/pi/ros2_pi_ws/install/micro_ros_setup/share/micro_ros_setup/package.zsh'
[3.315s] Level 1:colcon.colcon_core.environment:create_file_with_runtime_dependencies(/home/pi/ros2_pi_ws/install/micro_ros_setup/share/colcon-core/packages/micro_ros_setup)
[3.319s] Level 1:colcon.colcon_core.environment:create_environment_scripts_only(micro_ros_setup)
[3.320s] Level 1:colcon.colcon_core.environment:checking '/home/pi/ros2_pi_ws/install/micro_ros_setup' for CMake module files
[3.324s] Level 1:colcon.colcon_core.environment:checking '/home/pi/ros2_pi_ws/install/micro_ros_setup' for CMake config files
[3.329s] DEBUG:colcon.colcon_core.event_handler.log_command:Invoked command in '/home/pi/ros2_pi_ws/build/micro_ros_setup' returned '0': CMAKE_PREFIX_PATH=${CMAKE_PREFIX_PATH}:/home/pi/ros2_pi_ws/install/motor_control:/opt/ros/humble /usr/bin/cmake --install /home/pi/ros2_pi_ws/build/micro_ros_setup
[3.334s] Level 1:colcon.colcon_core.shell:create_environment_hook('micro_ros_setup', 'cmake_prefix_path')
[3.335s] INFO:colcon.colcon_core.shell:Creating environment hook '/home/pi/ros2_pi_ws/install/micro_ros_setup/share/micro_ros_setup/hook/cmake_prefix_path.ps1'
[3.337s] INFO:colcon.colcon_core.shell:Creating environment descriptor '/home/pi/ros2_pi_ws/install/micro_ros_setup/share/micro_ros_setup/hook/cmake_prefix_path.dsv'
[3.340s] INFO:colcon.colcon_core.shell:Creating environment hook '/home/pi/ros2_pi_ws/install/micro_ros_setup/share/micro_ros_setup/hook/cmake_prefix_path.sh'
[3.345s] Level 1:colcon.colcon_core.environment:checking '/home/pi/ros2_pi_ws/install/micro_ros_setup/lib'
[3.346s] Level 1:colcon.colcon_core.environment:checking '/home/pi/ros2_pi_ws/install/micro_ros_setup/bin'
[3.347s] Level 1:colcon.colcon_core.environment:checking '/home/pi/ros2_pi_ws/install/micro_ros_setup/lib/pkgconfig/micro_ros_setup.pc'
[3.348s] Level 1:colcon.colcon_core.environment:checking '/home/pi/ros2_pi_ws/install/micro_ros_setup/lib/python3.10/site-packages'
[3.349s] Level 1:colcon.colcon_core.environment:checking '/home/pi/ros2_pi_ws/install/micro_ros_setup/bin'
[3.351s] INFO:colcon.colcon_core.shell:Creating package script '/home/pi/ros2_pi_ws/install/micro_ros_setup/share/micro_ros_setup/package.ps1'
[3.354s] INFO:colcon.colcon_core.shell:Creating package descriptor '/home/pi/ros2_pi_ws/install/micro_ros_setup/share/micro_ros_setup/package.dsv'
[3.359s] INFO:colcon.colcon_core.shell:Creating package script '/home/pi/ros2_pi_ws/install/micro_ros_setup/share/micro_ros_setup/package.sh'
[3.367s] INFO:colcon.colcon_core.shell:Creating package script '/home/pi/ros2_pi_ws/install/micro_ros_setup/share/micro_ros_setup/package.bash'
[3.371s] INFO:colcon.colcon_core.shell:Creating package script '/home/pi/ros2_pi_ws/install/micro_ros_setup/share/micro_ros_setup/package.zsh'
[3.375s] Level 1:colcon.colcon_core.environment:create_file_with_runtime_dependencies(/home/pi/ros2_pi_ws/install/micro_ros_setup/share/colcon-core/packages/micro_ros_setup)
[3.518s] DEBUG:colcon.colcon_core.event_handler.log_command:Invoked command in '/home/pi/ros2_pi_ws/build/robot_odom' returned '0': CMAKE_PREFIX_PATH=${CMAKE_PREFIX_PATH}:/home/pi/ros2_pi_ws/install/motor_control:/opt/ros/humble /usr/bin/cmake --build /home/pi/ros2_pi_ws/build/robot_odom -- -j4 -l4
[3.529s] DEBUG:colcon.colcon_core.event_handler.log_command:Invoking command in '/home/pi/ros2_pi_ws/build/robot_odom': CMAKE_PREFIX_PATH=${CMAKE_PREFIX_PATH}:/home/pi/ros2_pi_ws/install/motor_control:/opt/ros/humble /usr/bin/cmake --install /home/pi/ros2_pi_ws/build/robot_odom
[3.585s] DEBUG:colcon.colcon_core.event_handler.log_command:Invoked command in '/home/pi/ros2_pi_ws/build/micro_ros_msgs' returned '0': CMAKE_PREFIX_PATH=${CMAKE_PREFIX_PATH}:/home/pi/ros2_pi_ws/install/motor_control:/opt/ros/humble /usr/bin/cmake --build /home/pi/ros2_pi_ws/build/micro_ros_msgs -- -j4 -l4
[3.595s] DEBUG:colcon.colcon_core.event_handler.log_command:Invoking command in '/home/pi/ros2_pi_ws/build/micro_ros_msgs': CMAKE_PREFIX_PATH=${CMAKE_PREFIX_PATH}:/home/pi/ros2_pi_ws/install/motor_control:/opt/ros/humble /usr/bin/cmake --install /home/pi/ros2_pi_ws/build/micro_ros_msgs
[3.597s] Level 1:colcon.colcon_core.environment:create_environment_scripts_only(robot_odom)
[3.598s] Level 1:colcon.colcon_core.environment:checking '/home/pi/ros2_pi_ws/install/robot_odom' for CMake module files
[3.602s] DEBUG:colcon.colcon_core.event_handler.log_command:Invoked command in '/home/pi/ros2_pi_ws/build/robot_odom' returned '0': CMAKE_PREFIX_PATH=${CMAKE_PREFIX_PATH}:/home/pi/ros2_pi_ws/install/motor_control:/opt/ros/humble /usr/bin/cmake --install /home/pi/ros2_pi_ws/build/robot_odom
[3.604s] Level 1:colcon.colcon_core.environment:checking '/home/pi/ros2_pi_ws/install/robot_odom' for CMake config files
[3.607s] Level 1:colcon.colcon_core.shell:create_environment_hook('robot_odom', 'cmake_prefix_path')
[3.608s] INFO:colcon.colcon_core.shell:Creating environment hook '/home/pi/ros2_pi_ws/install/robot_odom/share/robot_odom/hook/cmake_prefix_path.ps1'
[3.611s] INFO:colcon.colcon_core.shell:Creating environment descriptor '/home/pi/ros2_pi_ws/install/robot_odom/share/robot_odom/hook/cmake_prefix_path.dsv'
[3.613s] INFO:colcon.colcon_core.shell:Creating environment hook '/home/pi/ros2_pi_ws/install/robot_odom/share/robot_odom/hook/cmake_prefix_path.sh'
[3.617s] Level 1:colcon.colcon_core.environment:checking '/home/pi/ros2_pi_ws/install/robot_odom/lib'
[3.618s] Level 1:colcon.colcon_core.environment:checking '/home/pi/ros2_pi_ws/install/robot_odom/bin'
[3.618s] Level 1:colcon.colcon_core.environment:checking '/home/pi/ros2_pi_ws/install/robot_odom/lib/pkgconfig/robot_odom.pc'
[3.619s] Level 1:colcon.colcon_core.environment:checking '/home/pi/ros2_pi_ws/install/robot_odom/lib/python3.10/site-packages'
[3.621s] Level 1:colcon.colcon_core.environment:checking '/home/pi/ros2_pi_ws/install/robot_odom/bin'
[3.622s] INFO:colcon.colcon_core.shell:Creating package script '/home/pi/ros2_pi_ws/install/robot_odom/share/robot_odom/package.ps1'
[3.625s] INFO:colcon.colcon_core.shell:Creating package descriptor '/home/pi/ros2_pi_ws/install/robot_odom/share/robot_odom/package.dsv'
[3.627s] INFO:colcon.colcon_core.shell:Creating package script '/home/pi/ros2_pi_ws/install/robot_odom/share/robot_odom/package.sh'
[3.632s] INFO:colcon.colcon_core.shell:Creating package script '/home/pi/ros2_pi_ws/install/robot_odom/share/robot_odom/package.bash'
[3.638s] INFO:colcon.colcon_core.shell:Creating package script '/home/pi/ros2_pi_ws/install/robot_odom/share/robot_odom/package.zsh'
[3.642s] Level 1:colcon.colcon_core.environment:create_file_with_runtime_dependencies(/home/pi/ros2_pi_ws/install/robot_odom/share/colcon-core/packages/robot_odom)
[3.649s] Level 1:colcon.colcon_core.environment:create_environment_scripts_only(robot_odom)
[3.650s] Level 1:colcon.colcon_core.environment:checking '/home/pi/ros2_pi_ws/install/robot_odom' for CMake module files
[3.661s] Level 1:colcon.colcon_core.environment:checking '/home/pi/ros2_pi_ws/install/robot_odom' for CMake config files
[3.669s] Level 1:colcon.colcon_core.shell:create_environment_hook('robot_odom', 'cmake_prefix_path')
[3.671s] INFO:colcon.colcon_core.shell:Creating environment hook '/home/pi/ros2_pi_ws/install/robot_odom/share/robot_odom/hook/cmake_prefix_path.ps1'
[3.676s] INFO:colcon.colcon_core.shell:Creating environment descriptor '/home/pi/ros2_pi_ws/install/robot_odom/share/robot_odom/hook/cmake_prefix_path.dsv'
[3.681s] INFO:colcon.colcon_core.shell:Creating environment hook '/home/pi/ros2_pi_ws/install/robot_odom/share/robot_odom/hook/cmake_prefix_path.sh'
[3.685s] Level 1:colcon.colcon_core.environment:checking '/home/pi/ros2_pi_ws/install/robot_odom/lib'
[3.686s] Level 1:colcon.colcon_core.environment:checking '/home/pi/ros2_pi_ws/install/robot_odom/bin'
[3.686s] Level 1:colcon.colcon_core.environment:checking '/home/pi/ros2_pi_ws/install/robot_odom/lib/pkgconfig/robot_odom.pc'
[3.687s] Level 1:colcon.colcon_core.environment:checking '/home/pi/ros2_pi_ws/install/robot_odom/lib/python3.10/site-packages'
[3.689s] Level 1:colcon.colcon_core.environment:checking '/home/pi/ros2_pi_ws/install/robot_odom/bin'
[3.691s] INFO:colcon.colcon_core.shell:Creating package script '/home/pi/ros2_pi_ws/install/robot_odom/share/robot_odom/package.ps1'
[3.700s] INFO:colcon.colcon_core.shell:Creating package descriptor '/home/pi/ros2_pi_ws/install/robot_odom/share/robot_odom/package.dsv'
[3.705s] INFO:colcon.colcon_core.shell:Creating package script '/home/pi/ros2_pi_ws/install/robot_odom/share/robot_odom/package.sh'
[3.709s] INFO:colcon.colcon_core.shell:Creating package script '/home/pi/ros2_pi_ws/install/robot_odom/share/robot_odom/package.bash'
[3.713s] INFO:colcon.colcon_core.shell:Creating package script '/home/pi/ros2_pi_ws/install/robot_odom/share/robot_odom/package.zsh'
[3.718s] Level 1:colcon.colcon_core.environment:create_file_with_runtime_dependencies(/home/pi/ros2_pi_ws/install/robot_odom/share/colcon-core/packages/robot_odom)
[3.897s] Level 1:colcon.colcon_core.environment:create_environment_scripts_only(micro_ros_msgs)
[3.898s] Level 1:colcon.colcon_core.environment:checking '/home/pi/ros2_pi_ws/install/micro_ros_msgs' for CMake module files
[3.900s] DEBUG:colcon.colcon_core.event_handler.log_command:Invoked command in '/home/pi/ros2_pi_ws/build/micro_ros_msgs' returned '0': CMAKE_PREFIX_PATH=${CMAKE_PREFIX_PATH}:/home/pi/ros2_pi_ws/install/motor_control:/opt/ros/humble /usr/bin/cmake --install /home/pi/ros2_pi_ws/build/micro_ros_msgs
[3.904s] Level 1:colcon.colcon_core.environment:checking '/home/pi/ros2_pi_ws/install/micro_ros_msgs' for CMake config files
[3.907s] Level 1:colcon.colcon_core.shell:create_environment_hook('micro_ros_msgs', 'cmake_prefix_path')
[3.908s] INFO:colcon.colcon_core.shell:Creating environment hook '/home/pi/ros2_pi_ws/install/micro_ros_msgs/share/micro_ros_msgs/hook/cmake_prefix_path.ps1'
[3.911s] INFO:colcon.colcon_core.shell:Creating environment descriptor '/home/pi/ros2_pi_ws/install/micro_ros_msgs/share/micro_ros_msgs/hook/cmake_prefix_path.dsv'
[3.912s] INFO:colcon.colcon_core.shell:Creating environment hook '/home/pi/ros2_pi_ws/install/micro_ros_msgs/share/micro_ros_msgs/hook/cmake_prefix_path.sh'
[3.916s] Level 1:colcon.colcon_core.environment:checking '/home/pi/ros2_pi_ws/install/micro_ros_msgs/lib'
[3.916s] Level 1:colcon.colcon_core.shell:create_environment_hook('micro_ros_msgs', 'ld_library_path_lib')
[3.917s] INFO:colcon.colcon_core.shell:Creating environment hook '/home/pi/ros2_pi_ws/install/micro_ros_msgs/share/micro_ros_msgs/hook/ld_library_path_lib.ps1'
[3.919s] INFO:colcon.colcon_core.shell:Creating environment descriptor '/home/pi/ros2_pi_ws/install/micro_ros_msgs/share/micro_ros_msgs/hook/ld_library_path_lib.dsv'
[3.921s] INFO:colcon.colcon_core.shell:Creating environment hook '/home/pi/ros2_pi_ws/install/micro_ros_msgs/share/micro_ros_msgs/hook/ld_library_path_lib.sh'
[3.923s] Level 1:colcon.colcon_core.environment:checking '/home/pi/ros2_pi_ws/install/micro_ros_msgs/bin'
[3.923s] Level 1:colcon.colcon_core.environment:checking '/home/pi/ros2_pi_ws/install/micro_ros_msgs/lib/pkgconfig/micro_ros_msgs.pc'
[3.924s] Level 1:colcon.colcon_core.environment:checking '/home/pi/ros2_pi_ws/install/micro_ros_msgs/lib/python3.10/site-packages'
[3.925s] Level 1:colcon.colcon_core.environment:checking '/home/pi/ros2_pi_ws/install/micro_ros_msgs/bin'
[3.927s] INFO:colcon.colcon_core.shell:Creating package script '/home/pi/ros2_pi_ws/install/micro_ros_msgs/share/micro_ros_msgs/package.ps1'
[3.929s] INFO:colcon.colcon_core.shell:Creating package descriptor '/home/pi/ros2_pi_ws/install/micro_ros_msgs/share/micro_ros_msgs/package.dsv'
[3.931s] INFO:colcon.colcon_core.shell:Creating package script '/home/pi/ros2_pi_ws/install/micro_ros_msgs/share/micro_ros_msgs/package.sh'
[3.934s] INFO:colcon.colcon_core.shell:Creating package script '/home/pi/ros2_pi_ws/install/micro_ros_msgs/share/micro_ros_msgs/package.bash'
[3.936s] INFO:colcon.colcon_core.shell:Creating package script '/home/pi/ros2_pi_ws/install/micro_ros_msgs/share/micro_ros_msgs/package.zsh'
[3.938s] Level 1:colcon.colcon_core.environment:create_file_with_runtime_dependencies(/home/pi/ros2_pi_ws/install/micro_ros_msgs/share/colcon-core/packages/micro_ros_msgs)
[3.941s] Level 1:colcon.colcon_core.environment:create_environment_scripts_only(micro_ros_msgs)
[3.942s] Level 1:colcon.colcon_core.environment:checking '/home/pi/ros2_pi_ws/install/micro_ros_msgs' for CMake module files
[3.946s] Level 1:colcon.colcon_core.environment:checking '/home/pi/ros2_pi_ws/install/micro_ros_msgs' for CMake config files
[3.949s] Level 1:colcon.colcon_core.shell:create_environment_hook('micro_ros_msgs', 'cmake_prefix_path')
[3.950s] INFO:colcon.colcon_core.shell:Creating environment hook '/home/pi/ros2_pi_ws/install/micro_ros_msgs/share/micro_ros_msgs/hook/cmake_prefix_path.ps1'
[3.952s] INFO:colcon.colcon_core.shell:Creating environment descriptor '/home/pi/ros2_pi_ws/install/micro_ros_msgs/share/micro_ros_msgs/hook/cmake_prefix_path.dsv'
[3.954s] INFO:colcon.colcon_core.shell:Creating environment hook '/home/pi/ros2_pi_ws/install/micro_ros_msgs/share/micro_ros_msgs/hook/cmake_prefix_path.sh'
[3.957s] Level 1:colcon.colcon_core.environment:checking '/home/pi/ros2_pi_ws/install/micro_ros_msgs/lib'
[3.957s] Level 1:colcon.colcon_core.shell:create_environment_hook('micro_ros_msgs', 'ld_library_path_lib')
[3.958s] INFO:colcon.colcon_core.shell:Creating environment hook '/home/pi/ros2_pi_ws/install/micro_ros_msgs/share/micro_ros_msgs/hook/ld_library_path_lib.ps1'
[3.960s] INFO:colcon.colcon_core.shell:Creating environment descriptor '/home/pi/ros2_pi_ws/install/micro_ros_msgs/share/micro_ros_msgs/hook/ld_library_path_lib.dsv'
[3.962s] INFO:colcon.colcon_core.shell:Creating environment hook '/home/pi/ros2_pi_ws/install/micro_ros_msgs/share/micro_ros_msgs/hook/ld_library_path_lib.sh'
[3.965s] Level 1:colcon.colcon_core.environment:checking '/home/pi/ros2_pi_ws/install/micro_ros_msgs/bin'
[3.965s] Level 1:colcon.colcon_core.environment:checking '/home/pi/ros2_pi_ws/install/micro_ros_msgs/lib/pkgconfig/micro_ros_msgs.pc'
[3.966s] Level 1:colcon.colcon_core.environment:checking '/home/pi/ros2_pi_ws/install/micro_ros_msgs/lib/python3.10/site-packages'
[3.967s] Level 1:colcon.colcon_core.environment:checking '/home/pi/ros2_pi_ws/install/micro_ros_msgs/bin'
[3.968s] INFO:colcon.colcon_core.shell:Creating package script '/home/pi/ros2_pi_ws/install/micro_ros_msgs/share/micro_ros_msgs/package.ps1'
[3.971s] INFO:colcon.colcon_core.shell:Creating package descriptor '/home/pi/ros2_pi_ws/install/micro_ros_msgs/share/micro_ros_msgs/package.dsv'
[3.973s] INFO:colcon.colcon_core.shell:Creating package script '/home/pi/ros2_pi_ws/install/micro_ros_msgs/share/micro_ros_msgs/package.sh'
[3.976s] INFO:colcon.colcon_core.shell:Creating package script '/home/pi/ros2_pi_ws/install/micro_ros_msgs/share/micro_ros_msgs/package.bash'
[3.978s] INFO:colcon.colcon_core.shell:Creating package script '/home/pi/ros2_pi_ws/install/micro_ros_msgs/share/micro_ros_msgs/package.zsh'
[3.980s] Level 1:colcon.colcon_core.environment:create_file_with_runtime_dependencies(/home/pi/ros2_pi_ws/install/micro_ros_msgs/share/colcon-core/packages/micro_ros_msgs)
[3.982s] INFO:colcon.colcon_ros.task.ament_cmake.build:Building ROS package in '/home/pi/ros2_pi_ws/src/uros/micro-ROS-Agent/micro_ros_agent' with build type 'ament_cmake'
[3.983s] INFO:colcon.colcon_cmake.task.cmake.build:Building CMake package in '/home/pi/ros2_pi_ws/src/uros/micro-ROS-Agent/micro_ros_agent'
[3.984s] INFO:colcon.colcon_core.shell:Skip shell extension 'powershell' for command environment: Not usable outside of PowerShell
[3.985s] DEBUG:colcon.colcon_core.shell:Skip shell extension 'dsv' for command environment
[4.033s] DEBUG:colcon.colcon_core.event_handler.log_command:Invoking command in '/home/pi/ros2_pi_ws/build/micro_ros_agent': CMAKE_PREFIX_PATH=/home/pi/ros2_pi_ws/install/micro_ros_msgs:/home/pi/ros2_pi_ws/install/robot_odom:/home/pi/ros2_pi_ws/install/micro_ros_setup:/home/pi/ros2_pi_ws/install/micro_ros_agent:/home/pi/ros2_pi_ws/install/motor_control:/opt/ros/humble LD_LIBRARY_PATH=/home/pi/ros2_pi_ws/install/micro_ros_msgs/lib:/home/pi/ros2_pi_ws/install/micro_ros_agent/lib:/opt/ros/humble/opt/rviz_ogre_vendor/lib:/opt/ros/humble/lib/aarch64-linux-gnu:/opt/ros/humble/lib /usr/bin/cmake --build /home/pi/ros2_pi_ws/build/micro_ros_agent -- -j4 -l4
[4.309s] DEBUG:colcon.colcon_core.event_handler.log_command:Invoked command in '/home/pi/ros2_pi_ws/build/micro_ros_agent' returned '0': CMAKE_PREFIX_PATH=/home/pi/ros2_pi_ws/install/micro_ros_msgs:/home/pi/ros2_pi_ws/install/robot_odom:/home/pi/ros2_pi_ws/install/micro_ros_setup:/home/pi/ros2_pi_ws/install/micro_ros_agent:/home/pi/ros2_pi_ws/install/motor_control:/opt/ros/humble LD_LIBRARY_PATH=/home/pi/ros2_pi_ws/install/micro_ros_msgs/lib:/home/pi/ros2_pi_ws/install/micro_ros_agent/lib:/opt/ros/humble/opt/rviz_ogre_vendor/lib:/opt/ros/humble/lib/aarch64-linux-gnu:/opt/ros/humble/lib /usr/bin/cmake --build /home/pi/ros2_pi_ws/build/micro_ros_agent -- -j4 -l4
[4.318s] DEBUG:colcon.colcon_core.event_handler.log_command:Invoking command in '/home/pi/ros2_pi_ws/build/micro_ros_agent': CMAKE_PREFIX_PATH=/home/pi/ros2_pi_ws/install/micro_ros_msgs:/home/pi/ros2_pi_ws/install/robot_odom:/home/pi/ros2_pi_ws/install/micro_ros_setup:/home/pi/ros2_pi_ws/install/micro_ros_agent:/home/pi/ros2_pi_ws/install/motor_control:/opt/ros/humble LD_LIBRARY_PATH=/home/pi/ros2_pi_ws/install/micro_ros_msgs/lib:/home/pi/ros2_pi_ws/install/micro_ros_agent/lib:/opt/ros/humble/opt/rviz_ogre_vendor/lib:/opt/ros/humble/lib/aarch64-linux-gnu:/opt/ros/humble/lib /usr/bin/cmake --install /home/pi/ros2_pi_ws/build/micro_ros_agent
[4.363s] Level 1:colcon.colcon_core.environment:create_environment_scripts_only(micro_ros_agent)
[4.364s] Level 1:colcon.colcon_core.environment:checking '/home/pi/ros2_pi_ws/install/micro_ros_agent' for CMake module files
[4.366s] DEBUG:colcon.colcon_core.event_handler.log_command:Invoked command in '/home/pi/ros2_pi_ws/build/micro_ros_agent' returned '0': CMAKE_PREFIX_PATH=/home/pi/ros2_pi_ws/install/micro_ros_msgs:/home/pi/ros2_pi_ws/install/robot_odom:/home/pi/ros2_pi_ws/install/micro_ros_setup:/home/pi/ros2_pi_ws/install/micro_ros_agent:/home/pi/ros2_pi_ws/install/motor_control:/opt/ros/humble LD_LIBRARY_PATH=/home/pi/ros2_pi_ws/install/micro_ros_msgs/lib:/home/pi/ros2_pi_ws/install/micro_ros_agent/lib:/opt/ros/humble/opt/rviz_ogre_vendor/lib:/opt/ros/humble/lib/aarch64-linux-gnu:/opt/ros/humble/lib /usr/bin/cmake --install /home/pi/ros2_pi_ws/build/micro_ros_agent
[4.369s] Level 1:colcon.colcon_core.environment:checking '/home/pi/ros2_pi_ws/install/micro_ros_agent' for CMake config files
[4.370s] Level 1:colcon.colcon_core.shell:create_environment_hook('micro_ros_agent', 'cmake_prefix_path')
[4.371s] INFO:colcon.colcon_core.shell:Creating environment hook '/home/pi/ros2_pi_ws/install/micro_ros_agent/share/micro_ros_agent/hook/cmake_prefix_path.ps1'
[4.374s] INFO:colcon.colcon_core.shell:Creating environment descriptor '/home/pi/ros2_pi_ws/install/micro_ros_agent/share/micro_ros_agent/hook/cmake_prefix_path.dsv'
[4.376s] INFO:colcon.colcon_core.shell:Creating environment hook '/home/pi/ros2_pi_ws/install/micro_ros_agent/share/micro_ros_agent/hook/cmake_prefix_path.sh'
[4.379s] Level 1:colcon.colcon_core.environment:checking '/home/pi/ros2_pi_ws/install/micro_ros_agent/lib'
[4.380s] Level 1:colcon.colcon_core.shell:create_environment_hook('micro_ros_agent', 'ld_library_path_lib')
[4.381s] INFO:colcon.colcon_core.shell:Creating environment hook '/home/pi/ros2_pi_ws/install/micro_ros_agent/share/micro_ros_agent/hook/ld_library_path_lib.ps1'
[4.383s] INFO:colcon.colcon_core.shell:Creating environment descriptor '/home/pi/ros2_pi_ws/install/micro_ros_agent/share/micro_ros_agent/hook/ld_library_path_lib.dsv'
[4.385s] INFO:colcon.colcon_core.shell:Creating environment hook '/home/pi/ros2_pi_ws/install/micro_ros_agent/share/micro_ros_agent/hook/ld_library_path_lib.sh'
[4.388s] Level 1:colcon.colcon_core.environment:checking '/home/pi/ros2_pi_ws/install/micro_ros_agent/bin'
[4.388s] Level 1:colcon.colcon_core.environment:checking '/home/pi/ros2_pi_ws/install/micro_ros_agent/lib/pkgconfig/micro_ros_agent.pc'
[4.389s] Level 1:colcon.colcon_core.environment:checking '/home/pi/ros2_pi_ws/install/micro_ros_agent/lib/python3.10/site-packages'
[4.391s] Level 1:colcon.colcon_core.environment:checking '/home/pi/ros2_pi_ws/install/micro_ros_agent/bin'
[4.392s] INFO:colcon.colcon_core.shell:Creating package script '/home/pi/ros2_pi_ws/install/micro_ros_agent/share/micro_ros_agent/package.ps1'
[4.395s] INFO:colcon.colcon_core.shell:Creating package descriptor '/home/pi/ros2_pi_ws/install/micro_ros_agent/share/micro_ros_agent/package.dsv'
[4.399s] INFO:colcon.colcon_core.shell:Creating package script '/home/pi/ros2_pi_ws/install/micro_ros_agent/share/micro_ros_agent/package.sh'
[4.401s] INFO:colcon.colcon_core.shell:Creating package script '/home/pi/ros2_pi_ws/install/micro_ros_agent/share/micro_ros_agent/package.bash'
[4.403s] INFO:colcon.colcon_core.shell:Creating package script '/home/pi/ros2_pi_ws/install/micro_ros_agent/share/micro_ros_agent/package.zsh'
[4.405s] Level 1:colcon.colcon_core.environment:create_file_with_runtime_dependencies(/home/pi/ros2_pi_ws/install/micro_ros_agent/share/colcon-core/packages/micro_ros_agent)
[4.409s] Level 1:colcon.colcon_core.environment:create_environment_scripts_only(micro_ros_agent)
[4.410s] Level 1:colcon.colcon_core.environment:checking '/home/pi/ros2_pi_ws/install/micro_ros_agent' for CMake module files
[4.414s] Level 1:colcon.colcon_core.environment:checking '/home/pi/ros2_pi_ws/install/micro_ros_agent' for CMake config files
[4.415s] Level 1:colcon.colcon_core.shell:create_environment_hook('micro_ros_agent', 'cmake_prefix_path')
[4.416s] INFO:colcon.colcon_core.shell:Creating environment hook '/home/pi/ros2_pi_ws/install/micro_ros_agent/share/micro_ros_agent/hook/cmake_prefix_path.ps1'
[4.419s] INFO:colcon.colcon_core.shell:Creating environment descriptor '/home/pi/ros2_pi_ws/install/micro_ros_agent/share/micro_ros_agent/hook/cmake_prefix_path.dsv'
[4.421s] INFO:colcon.colcon_core.shell:Creating environment hook '/home/pi/ros2_pi_ws/install/micro_ros_agent/share/micro_ros_agent/hook/cmake_prefix_path.sh'
[4.424s] Level 1:colcon.colcon_core.environment:checking '/home/pi/ros2_pi_ws/install/micro_ros_agent/lib'
[4.424s] Level 1:colcon.colcon_core.shell:create_environment_hook('micro_ros_agent', 'ld_library_path_lib')
[4.425s] INFO:colcon.colcon_core.shell:Creating environment hook '/home/pi/ros2_pi_ws/install/micro_ros_agent/share/micro_ros_agent/hook/ld_library_path_lib.ps1'
[4.428s] INFO:colcon.colcon_core.shell:Creating environment descriptor '/home/pi/ros2_pi_ws/install/micro_ros_agent/share/micro_ros_agent/hook/ld_library_path_lib.dsv'
[4.430s] INFO:colcon.colcon_core.shell:Creating environment hook '/home/pi/ros2_pi_ws/install/micro_ros_agent/share/micro_ros_agent/hook/ld_library_path_lib.sh'
[4.432s] Level 1:colcon.colcon_core.environment:checking '/home/pi/ros2_pi_ws/install/micro_ros_agent/bin'
[4.433s] Level 1:colcon.colcon_core.environment:checking '/home/pi/ros2_pi_ws/install/micro_ros_agent/lib/pkgconfig/micro_ros_agent.pc'
[4.434s] Level 1:colcon.colcon_core.environment:checking '/home/pi/ros2_pi_ws/install/micro_ros_agent/lib/python3.10/site-packages'
[4.435s] Level 1:colcon.colcon_core.environment:checking '/home/pi/ros2_pi_ws/install/micro_ros_agent/bin'
[4.436s] INFO:colcon.colcon_core.shell:Creating package script '/home/pi/ros2_pi_ws/install/micro_ros_agent/share/micro_ros_agent/package.ps1'
[4.439s] INFO:colcon.colcon_core.shell:Creating package descriptor '/home/pi/ros2_pi_ws/install/micro_ros_agent/share/micro_ros_agent/package.dsv'
[4.442s] INFO:colcon.colcon_core.shell:Creating package script '/home/pi/ros2_pi_ws/install/micro_ros_agent/share/micro_ros_agent/package.sh'
[4.444s] INFO:colcon.colcon_core.shell:Creating package script '/home/pi/ros2_pi_ws/install/micro_ros_agent/share/micro_ros_agent/package.bash'
[4.447s] INFO:colcon.colcon_core.shell:Creating package script '/home/pi/ros2_pi_ws/install/micro_ros_agent/share/micro_ros_agent/package.zsh'
[4.449s] Level 1:colcon.colcon_core.environment:create_file_with_runtime_dependencies(/home/pi/ros2_pi_ws/install/micro_ros_agent/share/colcon-core/packages/micro_ros_agent)
[4.868s] DEBUG:colcon.colcon_core.event_handler.log_command:Invoking command in '/home/pi/ros2_pi_ws/src/motor_control': PYTHONPATH=/home/pi/ros2_pi_ws/build/motor_control/prefix_override:/usr/lib/python3/dist-packages/colcon_core/task/python/colcon_distutils_commands:/home/pi/ros2_pi_ws/install/motor_control/lib/python3.10/site-packages:${PYTHONPATH} /usr/bin/python3 -W ignore:setup.py install is deprecated -W ignore:easy_install command is deprecated setup.py egg_info --egg-base ../../build/motor_control build --build-base /home/pi/ros2_pi_ws/build/motor_control/build install --record /home/pi/ros2_pi_ws/build/motor_control/install.log --single-version-externally-managed install_data
[6.026s] Level 1:colcon.colcon_core.environment:checking '/home/pi/ros2_pi_ws/install/motor_control' for CMake module files
[6.028s] DEBUG:colcon.colcon_core.event_handler.log_command:Invoked command in '/home/pi/ros2_pi_ws/src/motor_control' returned '0': PYTHONPATH=/home/pi/ros2_pi_ws/build/motor_control/prefix_override:/usr/lib/python3/dist-packages/colcon_core/task/python/colcon_distutils_commands:/home/pi/ros2_pi_ws/install/motor_control/lib/python3.10/site-packages:${PYTHONPATH} /usr/bin/python3 -W ignore:setup.py install is deprecated -W ignore:easy_install command is deprecated setup.py egg_info --egg-base ../../build/motor_control build --build-base /home/pi/ros2_pi_ws/build/motor_control/build install --record /home/pi/ros2_pi_ws/build/motor_control/install.log --single-version-externally-managed install_data
[6.030s] Level 1:colcon.colcon_core.environment:checking '/home/pi/ros2_pi_ws/install/motor_control' for CMake config files
[6.033s] Level 1:colcon.colcon_core.environment:checking '/home/pi/ros2_pi_ws/install/motor_control/lib'
[6.034s] Level 1:colcon.colcon_core.environment:checking '/home/pi/ros2_pi_ws/install/motor_control/bin'
[6.034s] Level 1:colcon.colcon_core.environment:checking '/home/pi/ros2_pi_ws/install/motor_control/lib/pkgconfig/motor_control.pc'
[6.035s] Level 1:colcon.colcon_core.environment:checking '/home/pi/ros2_pi_ws/install/motor_control/lib/python3.10/site-packages'
[6.035s] Level 1:colcon.colcon_core.shell:create_environment_hook('motor_control', 'pythonpath')
[6.036s] INFO:colcon.colcon_core.shell:Creating environment hook '/home/pi/ros2_pi_ws/install/motor_control/share/motor_control/hook/pythonpath.ps1'
[6.038s] INFO:colcon.colcon_core.shell:Creating environment descriptor '/home/pi/ros2_pi_ws/install/motor_control/share/motor_control/hook/pythonpath.dsv'
[6.040s] INFO:colcon.colcon_core.shell:Creating environment hook '/home/pi/ros2_pi_ws/install/motor_control/share/motor_control/hook/pythonpath.sh'
[6.043s] Level 1:colcon.colcon_core.environment:checking '/home/pi/ros2_pi_ws/install/motor_control/bin'
[6.043s] Level 1:colcon.colcon_core.environment:create_environment_scripts_only(motor_control)
[6.044s] INFO:colcon.colcon_core.shell:Creating package script '/home/pi/ros2_pi_ws/install/motor_control/share/motor_control/package.ps1'
[6.047s] INFO:colcon.colcon_core.shell:Creating package descriptor '/home/pi/ros2_pi_ws/install/motor_control/share/motor_control/package.dsv'
[6.049s] INFO:colcon.colcon_core.shell:Creating package script '/home/pi/ros2_pi_ws/install/motor_control/share/motor_control/package.sh'
[6.051s] INFO:colcon.colcon_core.shell:Creating package script '/home/pi/ros2_pi_ws/install/motor_control/share/motor_control/package.bash'
[6.053s] INFO:colcon.colcon_core.shell:Creating package script '/home/pi/ros2_pi_ws/install/motor_control/share/motor_control/package.zsh'
[6.055s] Level 1:colcon.colcon_core.environment:create_file_with_runtime_dependencies(/home/pi/ros2_pi_ws/install/motor_control/share/colcon-core/packages/motor_control)
[6.056s] DEBUG:colcon.colcon_parallel_executor.executor.parallel:closing loop
[6.057s] DEBUG:colcon.colcon_parallel_executor.executor.parallel:loop closed
[6.058s] DEBUG:colcon.colcon_parallel_executor.executor.parallel:run_until_complete finished with '0'
[6.058s] DEBUG:colcon.colcon_core.event_reactor:joining thread
[6.081s] INFO:colcon.colcon_core.plugin_system:Skipping extension 'colcon_notification.desktop_notification.notify_send': Could not find 'notify-send'
[6.081s] INFO:colcon.colcon_core.plugin_system:Skipping extension 'colcon_notification.desktop_notification.terminal_notifier': Not used on non-Darwin systems
[6.081s] INFO:colcon.colcon_core.plugin_system:Skipping extension 'colcon_notification.desktop_notification.win32': Not used on non-Windows systems
[6.081s] INFO:colcon.colcon_notification.desktop_notification:Sending desktop notification using 'notify2'
[6.084s] DEBUG:colcon.colcon_notification.desktop_notification.notify2:Failed to initialize notify2: org.freedesktop.DBus.Error.ServiceUnknown: The name org.freedesktop.Notifications was not provided by any .service files
[6.084s] DEBUG:colcon.colcon_core.event_reactor:joined thread
[6.085s] INFO:colcon.colcon_core.shell:Creating prefix script '/home/pi/ros2_pi_ws/install/local_setup.ps1'
[6.089s] INFO:colcon.colcon_core.shell:Creating prefix util module '/home/pi/ros2_pi_ws/install/_local_setup_util_ps1.py'
[6.096s] INFO:colcon.colcon_core.shell:Creating prefix chain script '/home/pi/ros2_pi_ws/install/setup.ps1'
[6.103s] INFO:colcon.colcon_core.shell:Creating prefix script '/home/pi/ros2_pi_ws/install/local_setup.sh'
[6.105s] INFO:colcon.colcon_core.shell:Creating prefix util module '/home/pi/ros2_pi_ws/install/_local_setup_util_sh.py'
[6.108s] INFO:colcon.colcon_core.shell:Creating prefix chain script '/home/pi/ros2_pi_ws/install/setup.sh'
[6.114s] INFO:colcon.colcon_core.shell:Creating prefix script '/home/pi/ros2_pi_ws/install/local_setup.bash'
[6.116s] INFO:colcon.colcon_core.shell:Creating prefix chain script '/home/pi/ros2_pi_ws/install/setup.bash'
[6.121s] INFO:colcon.colcon_core.shell:Creating prefix script '/home/pi/ros2_pi_ws/install/local_setup.zsh'
[6.124s] INFO:colcon.colcon_core.shell:Creating prefix chain script '/home/pi/ros2_pi_ws/install/setup.zsh'
