[0.436s] DEBUG:colcon:Command line arguments: ['/usr/bin/colcon', 'build']
[0.437s] DEBUG:colcon:Parsed command line arguments: Namespace(log_base=None, log_level=None, verb_name='build', build_base='build', install_base='install', merge_install=False, symlink_install=False, test_result_base=None, continue_on_error=False, executor='parallel', parallel_workers=4, event_handlers=None, ignore_user_meta=False, metas=['./colcon.meta'], base_paths=['.'], packages_ignore=None, packages_ignore_regex=None, paths=None, packages_up_to=None, packages_up_to_regex=None, packages_above=None, packages_above_and_dependencies=None, packages_above_depth=None, packages_select_by_dep=None, packages_skip_by_dep=None, packages_skip_up_to=None, packages_select_build_failed=False, packages_skip_build_finished=False, packages_select_test_failures=False, packages_skip_test_passed=False, packages_select=None, packages_skip=None, packages_select_regex=None, packages_skip_regex=None, packages_start=None, packages_end=None, allow_overriding=[], cmake_args=None, cmake_target=None, cmake_target_skip_unavailable=False, cmake_clean_cache=False, cmake_clean_first=False, cmake_force_configure=False, ament_cmake_args=None, catkin_cmake_args=None, catkin_skip_building_tests=False, mixin_files=None, mixin=None, verb_parser=<colcon_mixin.mixin.mixin_argument.MixinArgumentDecorator object at 0xffff9f370a00>, verb_extension=<colcon_core.verb.build.BuildVerb object at 0xffff9f499990>, main=<bound method BuildVerb.main of <colcon_core.verb.build.BuildVerb object at 0xffff9f499990>>, mixin_verb=('build',))
[1.094s] Level 1:colcon.colcon_core.package_discovery:discover_packages(colcon_meta) check parameters
[1.094s] Level 1:colcon.colcon_core.package_discovery:discover_packages(recursive) check parameters
[1.094s] Level 1:colcon.colcon_core.package_discovery:discover_packages(ignore) check parameters
[1.094s] Level 1:colcon.colcon_core.package_discovery:discover_packages(path) check parameters
[1.094s] Level 1:colcon.colcon_core.package_discovery:discover_packages(colcon_meta) discover
[1.095s] Level 1:colcon.colcon_core.package_discovery:discover_packages(recursive) discover
[1.095s] INFO:colcon.colcon_core.package_discovery:Crawling recursively for packages in '/home/pi/microros_pi_ws'
[1.095s] Level 1:colcon.colcon_core.package_identification:_identify(.) by extensions ['ignore', 'ignore_ament_install']
[1.096s] Level 1:colcon.colcon_core.package_identification:_identify(.) by extension 'ignore'
[1.096s] Level 1:colcon.colcon_core.package_identification:_identify(.) by extension 'ignore_ament_install'
[1.096s] Level 1:colcon.colcon_core.package_identification:_identify(.) by extensions ['colcon_pkg']
[1.096s] Level 1:colcon.colcon_core.package_identification:_identify(.) by extension 'colcon_pkg'
[1.096s] Level 1:colcon.colcon_core.package_identification:_identify(.) by extensions ['colcon_meta']
[1.096s] Level 1:colcon.colcon_core.package_identification:_identify(.) by extension 'colcon_meta'
[1.096s] Level 1:colcon.colcon_core.package_identification:_identify(.) by extensions ['ros']
[1.097s] Level 1:colcon.colcon_core.package_identification:_identify(.) by extension 'ros'
[1.145s] Level 1:colcon.colcon_core.package_identification:_identify(.) by extensions ['cmake', 'python']
[1.145s] Level 1:colcon.colcon_core.package_identification:_identify(.) by extension 'cmake'
[1.145s] Level 1:colcon.colcon_core.package_identification:_identify(.) by extension 'python'
[1.145s] Level 1:colcon.colcon_core.package_identification:_identify(.) by extensions ['python_setup_py']
[1.145s] Level 1:colcon.colcon_core.package_identification:_identify(.) by extension 'python_setup_py'
[1.146s] Level 1:colcon.colcon_core.package_identification:_identify(build) by extensions ['ignore', 'ignore_ament_install']
[1.146s] Level 1:colcon.colcon_core.package_identification:_identify(build) by extension 'ignore'
[1.146s] Level 1:colcon.colcon_core.package_identification:_identify(build) ignored
[1.147s] Level 1:colcon.colcon_core.package_identification:_identify(install) by extensions ['ignore', 'ignore_ament_install']
[1.148s] Level 1:colcon.colcon_core.package_identification:_identify(install) by extension 'ignore'
[1.148s] Level 1:colcon.colcon_core.package_identification:_identify(install) ignored
[1.148s] Level 1:colcon.colcon_core.package_identification:_identify(log) by extensions ['ignore', 'ignore_ament_install']
[1.149s] Level 1:colcon.colcon_core.package_identification:_identify(log) by extension 'ignore'
[1.149s] Level 1:colcon.colcon_core.package_identification:_identify(log) ignored
[1.149s] Level 1:colcon.colcon_core.package_identification:_identify(src) by extensions ['ignore', 'ignore_ament_install']
[1.149s] Level 1:colcon.colcon_core.package_identification:_identify(src) by extension 'ignore'
[1.150s] Level 1:colcon.colcon_core.package_identification:_identify(src) by extension 'ignore_ament_install'
[1.150s] Level 1:colcon.colcon_core.package_identification:_identify(src) by extensions ['colcon_pkg']
[1.150s] Level 1:colcon.colcon_core.package_identification:_identify(src) by extension 'colcon_pkg'
[1.150s] Level 1:colcon.colcon_core.package_identification:_identify(src) by extensions ['colcon_meta']
[1.150s] Level 1:colcon.colcon_core.package_identification:_identify(src) by extension 'colcon_meta'
[1.150s] Level 1:colcon.colcon_core.package_identification:_identify(src) by extensions ['ros']
[1.151s] Level 1:colcon.colcon_core.package_identification:_identify(src) by extension 'ros'
[1.151s] Level 1:colcon.colcon_core.package_identification:_identify(src) by extensions ['cmake', 'python']
[1.151s] Level 1:colcon.colcon_core.package_identification:_identify(src) by extension 'cmake'
[1.151s] Level 1:colcon.colcon_core.package_identification:_identify(src) by extension 'python'
[1.151s] Level 1:colcon.colcon_core.package_identification:_identify(src) by extensions ['python_setup_py']
[1.151s] Level 1:colcon.colcon_core.package_identification:_identify(src) by extension 'python_setup_py'
[1.152s] Level 1:colcon.colcon_core.package_identification:_identify(src/micro_ros_setup) by extensions ['ignore', 'ignore_ament_install']
[1.152s] Level 1:colcon.colcon_core.package_identification:_identify(src/micro_ros_setup) by extension 'ignore'
[1.152s] Level 1:colcon.colcon_core.package_identification:_identify(src/micro_ros_setup) by extension 'ignore_ament_install'
[1.153s] Level 1:colcon.colcon_core.package_identification:_identify(src/micro_ros_setup) by extensions ['colcon_pkg']
[1.153s] Level 1:colcon.colcon_core.package_identification:_identify(src/micro_ros_setup) by extension 'colcon_pkg'
[1.153s] Level 1:colcon.colcon_core.package_identification:_identify(src/micro_ros_setup) by extensions ['colcon_meta']
[1.153s] Level 1:colcon.colcon_core.package_identification:_identify(src/micro_ros_setup) by extension 'colcon_meta'
[1.153s] Level 1:colcon.colcon_core.package_identification:_identify(src/micro_ros_setup) by extensions ['ros']
[1.153s] Level 1:colcon.colcon_core.package_identification:_identify(src/micro_ros_setup) by extension 'ros'
[1.162s] DEBUG:colcon.colcon_core.package_identification:Package 'src/micro_ros_setup' with type 'ros.ament_cmake' and name 'micro_ros_setup'
[1.163s] Level 1:colcon.colcon_core.package_identification:_identify(src/motor_control) by extensions ['ignore', 'ignore_ament_install']
[1.164s] Level 1:colcon.colcon_core.package_identification:_identify(src/motor_control) by extension 'ignore'
[1.164s] Level 1:colcon.colcon_core.package_identification:_identify(src/motor_control) by extension 'ignore_ament_install'
[1.164s] Level 1:colcon.colcon_core.package_identification:_identify(src/motor_control) by extensions ['colcon_pkg']
[1.164s] Level 1:colcon.colcon_core.package_identification:_identify(src/motor_control) by extension 'colcon_pkg'
[1.164s] Level 1:colcon.colcon_core.package_identification:_identify(src/motor_control) by extensions ['colcon_meta']
[1.164s] Level 1:colcon.colcon_core.package_identification:_identify(src/motor_control) by extension 'colcon_meta'
[1.165s] Level 1:colcon.colcon_core.package_identification:_identify(src/motor_control) by extensions ['ros']
[1.165s] Level 1:colcon.colcon_core.package_identification:_identify(src/motor_control) by extension 'ros'
[1.167s] DEBUG:colcon.colcon_core.package_identification:Package 'src/motor_control' with type 'ros.ament_python' and name 'motor_control'
[1.167s] Level 1:colcon.colcon_core.package_identification:_identify(src/robot_odom) by extensions ['ignore', 'ignore_ament_install']
[1.168s] Level 1:colcon.colcon_core.package_identification:_identify(src/robot_odom) by extension 'ignore'
[1.168s] Level 1:colcon.colcon_core.package_identification:_identify(src/robot_odom) by extension 'ignore_ament_install'
[1.168s] Level 1:colcon.colcon_core.package_identification:_identify(src/robot_odom) by extensions ['colcon_pkg']
[1.168s] Level 1:colcon.colcon_core.package_identification:_identify(src/robot_odom) by extension 'colcon_pkg'
[1.168s] Level 1:colcon.colcon_core.package_identification:_identify(src/robot_odom) by extensions ['colcon_meta']
[1.168s] Level 1:colcon.colcon_core.package_identification:_identify(src/robot_odom) by extension 'colcon_meta'
[1.169s] Level 1:colcon.colcon_core.package_identification:_identify(src/robot_odom) by extensions ['ros']
[1.169s] Level 1:colcon.colcon_core.package_identification:_identify(src/robot_odom) by extension 'ros'
[1.173s] DEBUG:colcon.colcon_core.package_identification:Package 'src/robot_odom' with type 'ros.ament_cmake' and name 'robot_odom'
[1.173s] Level 1:colcon.colcon_core.package_identification:_identify(src/uros) by extensions ['ignore', 'ignore_ament_install']
[1.174s] Level 1:colcon.colcon_core.package_identification:_identify(src/uros) by extension 'ignore'
[1.174s] Level 1:colcon.colcon_core.package_identification:_identify(src/uros) by extension 'ignore_ament_install'
[1.174s] Level 1:colcon.colcon_core.package_identification:_identify(src/uros) by extensions ['colcon_pkg']
[1.174s] Level 1:colcon.colcon_core.package_identification:_identify(src/uros) by extension 'colcon_pkg'
[1.174s] Level 1:colcon.colcon_core.package_identification:_identify(src/uros) by extensions ['colcon_meta']
[1.175s] Level 1:colcon.colcon_core.package_identification:_identify(src/uros) by extension 'colcon_meta'
[1.175s] Level 1:colcon.colcon_core.package_identification:_identify(src/uros) by extensions ['ros']
[1.175s] Level 1:colcon.colcon_core.package_identification:_identify(src/uros) by extension 'ros'
[1.175s] Level 1:colcon.colcon_core.package_identification:_identify(src/uros) by extensions ['cmake', 'python']
[1.175s] Level 1:colcon.colcon_core.package_identification:_identify(src/uros) by extension 'cmake'
[1.175s] Level 1:colcon.colcon_core.package_identification:_identify(src/uros) by extension 'python'
[1.176s] Level 1:colcon.colcon_core.package_identification:_identify(src/uros) by extensions ['python_setup_py']
[1.176s] Level 1:colcon.colcon_core.package_identification:_identify(src/uros) by extension 'python_setup_py'
[1.176s] Level 1:colcon.colcon_core.package_identification:_identify(src/uros/micro-ROS-Agent) by extensions ['ignore', 'ignore_ament_install']
[1.177s] Level 1:colcon.colcon_core.package_identification:_identify(src/uros/micro-ROS-Agent) by extension 'ignore'
[1.177s] Level 1:colcon.colcon_core.package_identification:_identify(src/uros/micro-ROS-Agent) by extension 'ignore_ament_install'
[1.177s] Level 1:colcon.colcon_core.package_identification:_identify(src/uros/micro-ROS-Agent) by extensions ['colcon_pkg']
[1.177s] Level 1:colcon.colcon_core.package_identification:_identify(src/uros/micro-ROS-Agent) by extension 'colcon_pkg'
[1.177s] Level 1:colcon.colcon_core.package_identification:_identify(src/uros/micro-ROS-Agent) by extensions ['colcon_meta']
[1.177s] Level 1:colcon.colcon_core.package_identification:_identify(src/uros/micro-ROS-Agent) by extension 'colcon_meta'
[1.178s] Level 1:colcon.colcon_core.package_identification:_identify(src/uros/micro-ROS-Agent) by extensions ['ros']
[1.178s] Level 1:colcon.colcon_core.package_identification:_identify(src/uros/micro-ROS-Agent) by extension 'ros'
[1.178s] Level 1:colcon.colcon_core.package_identification:_identify(src/uros/micro-ROS-Agent) by extensions ['cmake', 'python']
[1.178s] Level 1:colcon.colcon_core.package_identification:_identify(src/uros/micro-ROS-Agent) by extension 'cmake'
[1.178s] Level 1:colcon.colcon_core.package_identification:_identify(src/uros/micro-ROS-Agent) by extension 'python'
[1.178s] Level 1:colcon.colcon_core.package_identification:_identify(src/uros/micro-ROS-Agent) by extensions ['python_setup_py']
[1.179s] Level 1:colcon.colcon_core.package_identification:_identify(src/uros/micro-ROS-Agent) by extension 'python_setup_py'
[1.179s] Level 1:colcon.colcon_core.package_identification:_identify(src/uros/micro-ROS-Agent/micro_ros_agent) by extensions ['ignore', 'ignore_ament_install']
[1.179s] Level 1:colcon.colcon_core.package_identification:_identify(src/uros/micro-ROS-Agent/micro_ros_agent) by extension 'ignore'
[1.180s] Level 1:colcon.colcon_core.package_identification:_identify(src/uros/micro-ROS-Agent/micro_ros_agent) by extension 'ignore_ament_install'
[1.180s] Level 1:colcon.colcon_core.package_identification:_identify(src/uros/micro-ROS-Agent/micro_ros_agent) by extensions ['colcon_pkg']
[1.180s] Level 1:colcon.colcon_core.package_identification:_identify(src/uros/micro-ROS-Agent/micro_ros_agent) by extension 'colcon_pkg'
[1.180s] Level 1:colcon.colcon_core.package_identification:_identify(src/uros/micro-ROS-Agent/micro_ros_agent) by extensions ['colcon_meta']
[1.180s] Level 1:colcon.colcon_core.package_identification:_identify(src/uros/micro-ROS-Agent/micro_ros_agent) by extension 'colcon_meta'
[1.180s] Level 1:colcon.colcon_core.package_identification:_identify(src/uros/micro-ROS-Agent/micro_ros_agent) by extensions ['ros']
[1.181s] Level 1:colcon.colcon_core.package_identification:_identify(src/uros/micro-ROS-Agent/micro_ros_agent) by extension 'ros'
[1.184s] DEBUG:colcon.colcon_core.package_identification:Package 'src/uros/micro-ROS-Agent/micro_ros_agent' with type 'ros.ament_cmake' and name 'micro_ros_agent'
[1.185s] Level 1:colcon.colcon_core.package_identification:_identify(src/uros/micro-ROS-Agent/snap) by extensions ['ignore', 'ignore_ament_install']
[1.185s] Level 1:colcon.colcon_core.package_identification:_identify(src/uros/micro-ROS-Agent/snap) by extension 'ignore'
[1.185s] Level 1:colcon.colcon_core.package_identification:_identify(src/uros/micro-ROS-Agent/snap) by extension 'ignore_ament_install'
[1.185s] Level 1:colcon.colcon_core.package_identification:_identify(src/uros/micro-ROS-Agent/snap) by extensions ['colcon_pkg']
[1.186s] Level 1:colcon.colcon_core.package_identification:_identify(src/uros/micro-ROS-Agent/snap) by extension 'colcon_pkg'
[1.186s] Level 1:colcon.colcon_core.package_identification:_identify(src/uros/micro-ROS-Agent/snap) by extensions ['colcon_meta']
[1.186s] Level 1:colcon.colcon_core.package_identification:_identify(src/uros/micro-ROS-Agent/snap) by extension 'colcon_meta'
[1.186s] Level 1:colcon.colcon_core.package_identification:_identify(src/uros/micro-ROS-Agent/snap) by extensions ['ros']
[1.186s] Level 1:colcon.colcon_core.package_identification:_identify(src/uros/micro-ROS-Agent/snap) by extension 'ros'
[1.186s] Level 1:colcon.colcon_core.package_identification:_identify(src/uros/micro-ROS-Agent/snap) by extensions ['cmake', 'python']
[1.187s] Level 1:colcon.colcon_core.package_identification:_identify(src/uros/micro-ROS-Agent/snap) by extension 'cmake'
[1.187s] Level 1:colcon.colcon_core.package_identification:_identify(src/uros/micro-ROS-Agent/snap) by extension 'python'
[1.187s] Level 1:colcon.colcon_core.package_identification:_identify(src/uros/micro-ROS-Agent/snap) by extensions ['python_setup_py']
[1.187s] Level 1:colcon.colcon_core.package_identification:_identify(src/uros/micro-ROS-Agent/snap) by extension 'python_setup_py'
[1.188s] Level 1:colcon.colcon_core.package_identification:_identify(src/uros/micro-ROS-Agent/snap/hooks) by extensions ['ignore', 'ignore_ament_install']
[1.188s] Level 1:colcon.colcon_core.package_identification:_identify(src/uros/micro-ROS-Agent/snap/hooks) by extension 'ignore'
[1.188s] Level 1:colcon.colcon_core.package_identification:_identify(src/uros/micro-ROS-Agent/snap/hooks) by extension 'ignore_ament_install'
[1.188s] Level 1:colcon.colcon_core.package_identification:_identify(src/uros/micro-ROS-Agent/snap/hooks) by extensions ['colcon_pkg']
[1.188s] Level 1:colcon.colcon_core.package_identification:_identify(src/uros/micro-ROS-Agent/snap/hooks) by extension 'colcon_pkg'
[1.189s] Level 1:colcon.colcon_core.package_identification:_identify(src/uros/micro-ROS-Agent/snap/hooks) by extensions ['colcon_meta']
[1.189s] Level 1:colcon.colcon_core.package_identification:_identify(src/uros/micro-ROS-Agent/snap/hooks) by extension 'colcon_meta'
[1.189s] Level 1:colcon.colcon_core.package_identification:_identify(src/uros/micro-ROS-Agent/snap/hooks) by extensions ['ros']
[1.189s] Level 1:colcon.colcon_core.package_identification:_identify(src/uros/micro-ROS-Agent/snap/hooks) by extension 'ros'
[1.189s] Level 1:colcon.colcon_core.package_identification:_identify(src/uros/micro-ROS-Agent/snap/hooks) by extensions ['cmake', 'python']
[1.190s] Level 1:colcon.colcon_core.package_identification:_identify(src/uros/micro-ROS-Agent/snap/hooks) by extension 'cmake'
[1.190s] Level 1:colcon.colcon_core.package_identification:_identify(src/uros/micro-ROS-Agent/snap/hooks) by extension 'python'
[1.190s] Level 1:colcon.colcon_core.package_identification:_identify(src/uros/micro-ROS-Agent/snap/hooks) by extensions ['python_setup_py']
[1.190s] Level 1:colcon.colcon_core.package_identification:_identify(src/uros/micro-ROS-Agent/snap/hooks) by extension 'python_setup_py'
[1.190s] Level 1:colcon.colcon_core.package_identification:_identify(src/uros/micro-ROS-Agent/snap/local) by extensions ['ignore', 'ignore_ament_install']
[1.191s] Level 1:colcon.colcon_core.package_identification:_identify(src/uros/micro-ROS-Agent/snap/local) by extension 'ignore'
[1.191s] Level 1:colcon.colcon_core.package_identification:_identify(src/uros/micro-ROS-Agent/snap/local) by extension 'ignore_ament_install'
[1.191s] Level 1:colcon.colcon_core.package_identification:_identify(src/uros/micro-ROS-Agent/snap/local) by extensions ['colcon_pkg']
[1.191s] Level 1:colcon.colcon_core.package_identification:_identify(src/uros/micro-ROS-Agent/snap/local) by extension 'colcon_pkg'
[1.191s] Level 1:colcon.colcon_core.package_identification:_identify(src/uros/micro-ROS-Agent/snap/local) by extensions ['colcon_meta']
[1.192s] Level 1:colcon.colcon_core.package_identification:_identify(src/uros/micro-ROS-Agent/snap/local) by extension 'colcon_meta'
[1.192s] Level 1:colcon.colcon_core.package_identification:_identify(src/uros/micro-ROS-Agent/snap/local) by extensions ['ros']
[1.192s] Level 1:colcon.colcon_core.package_identification:_identify(src/uros/micro-ROS-Agent/snap/local) by extension 'ros'
[1.192s] Level 1:colcon.colcon_core.package_identification:_identify(src/uros/micro-ROS-Agent/snap/local) by extensions ['cmake', 'python']
[1.192s] Level 1:colcon.colcon_core.package_identification:_identify(src/uros/micro-ROS-Agent/snap/local) by extension 'cmake'
[1.193s] Level 1:colcon.colcon_core.package_identification:_identify(src/uros/micro-ROS-Agent/snap/local) by extension 'python'
[1.193s] Level 1:colcon.colcon_core.package_identification:_identify(src/uros/micro-ROS-Agent/snap/local) by extensions ['python_setup_py']
[1.193s] Level 1:colcon.colcon_core.package_identification:_identify(src/uros/micro-ROS-Agent/snap/local) by extension 'python_setup_py'
[1.193s] Level 1:colcon.colcon_core.package_identification:_identify(src/uros/micro_ros_msgs) by extensions ['ignore', 'ignore_ament_install']
[1.194s] Level 1:colcon.colcon_core.package_identification:_identify(src/uros/micro_ros_msgs) by extension 'ignore'
[1.194s] Level 1:colcon.colcon_core.package_identification:_identify(src/uros/micro_ros_msgs) by extension 'ignore_ament_install'
[1.194s] Level 1:colcon.colcon_core.package_identification:_identify(src/uros/micro_ros_msgs) by extensions ['colcon_pkg']
[1.194s] Level 1:colcon.colcon_core.package_identification:_identify(src/uros/micro_ros_msgs) by extension 'colcon_pkg'
[1.194s] Level 1:colcon.colcon_core.package_identification:_identify(src/uros/micro_ros_msgs) by extensions ['colcon_meta']
[1.194s] Level 1:colcon.colcon_core.package_identification:_identify(src/uros/micro_ros_msgs) by extension 'colcon_meta'
[1.195s] Level 1:colcon.colcon_core.package_identification:_identify(src/uros/micro_ros_msgs) by extensions ['ros']
[1.195s] Level 1:colcon.colcon_core.package_identification:_identify(src/uros/micro_ros_msgs) by extension 'ros'
[1.197s] DEBUG:colcon.colcon_core.package_identification:Package 'src/uros/micro_ros_msgs' with type 'ros.ament_cmake' and name 'micro_ros_msgs'
[1.197s] Level 1:colcon.colcon_core.package_discovery:discover_packages(recursive) using defaults
[1.197s] Level 1:colcon.colcon_core.package_discovery:discover_packages(ignore) discover
[1.197s] Level 1:colcon.colcon_core.package_discovery:discover_packages(ignore) using defaults
[1.198s] Level 1:colcon.colcon_core.package_discovery:discover_packages(path) discover
[1.198s] Level 1:colcon.colcon_core.package_discovery:discover_packages(path) using defaults
[1.274s] Level 1:colcon.colcon_core.package_discovery:discover_packages(prefix_path) check parameters
[1.274s] Level 1:colcon.colcon_core.package_discovery:discover_packages(prefix_path) discover
[1.284s] DEBUG:colcon.colcon_installed_package_information.package_discovery:Found 6 installed packages in /home/pi/microros_pi_ws/install
[1.291s] DEBUG:colcon.colcon_installed_package_information.package_discovery:Found 198 installed packages in /opt/ros/humble
[1.295s] Level 1:colcon.colcon_core.package_discovery:discover_packages(prefix_path) using defaults
[1.449s] Level 5:colcon.colcon_core.verb:set package 'micro_ros_msgs' build argument 'cmake_args' from command line to 'None'
[1.449s] Level 5:colcon.colcon_core.verb:set package 'micro_ros_msgs' build argument 'cmake_target' from command line to 'None'
[1.450s] Level 5:colcon.colcon_core.verb:set package 'micro_ros_msgs' build argument 'cmake_target_skip_unavailable' from command line to 'False'
[1.450s] Level 5:colcon.colcon_core.verb:set package 'micro_ros_msgs' build argument 'cmake_clean_cache' from command line to 'False'
[1.450s] Level 5:colcon.colcon_core.verb:set package 'micro_ros_msgs' build argument 'cmake_clean_first' from command line to 'False'
[1.450s] Level 5:colcon.colcon_core.verb:set package 'micro_ros_msgs' build argument 'cmake_force_configure' from command line to 'False'
[1.450s] Level 5:colcon.colcon_core.verb:set package 'micro_ros_msgs' build argument 'ament_cmake_args' from command line to 'None'
[1.450s] Level 5:colcon.colcon_core.verb:set package 'micro_ros_msgs' build argument 'catkin_cmake_args' from command line to 'None'
[1.450s] Level 5:colcon.colcon_core.verb:set package 'micro_ros_msgs' build argument 'catkin_skip_building_tests' from command line to 'False'
[1.450s] DEBUG:colcon.colcon_core.verb:Building package 'micro_ros_msgs' with the following arguments: {'ament_cmake_args': None, 'build_base': '/home/pi/microros_pi_ws/build/micro_ros_msgs', 'catkin_cmake_args': None, 'catkin_skip_building_tests': False, 'cmake_args': None, 'cmake_clean_cache': False, 'cmake_clean_first': False, 'cmake_force_configure': False, 'cmake_target': None, 'cmake_target_skip_unavailable': False, 'install_base': '/home/pi/microros_pi_ws/install/micro_ros_msgs', 'merge_install': False, 'path': '/home/pi/microros_pi_ws/src/uros/micro_ros_msgs', 'symlink_install': False, 'test_result_base': None}
[1.452s] Level 5:colcon.colcon_core.verb:set package 'micro_ros_setup' build argument 'cmake_args' from command line to 'None'
[1.452s] Level 5:colcon.colcon_core.verb:set package 'micro_ros_setup' build argument 'cmake_target' from command line to 'None'
[1.452s] Level 5:colcon.colcon_core.verb:set package 'micro_ros_setup' build argument 'cmake_target_skip_unavailable' from command line to 'False'
[1.452s] Level 5:colcon.colcon_core.verb:set package 'micro_ros_setup' build argument 'cmake_clean_cache' from command line to 'False'
[1.452s] Level 5:colcon.colcon_core.verb:set package 'micro_ros_setup' build argument 'cmake_clean_first' from command line to 'False'
[1.452s] Level 5:colcon.colcon_core.verb:set package 'micro_ros_setup' build argument 'cmake_force_configure' from command line to 'False'
[1.453s] Level 5:colcon.colcon_core.verb:set package 'micro_ros_setup' build argument 'ament_cmake_args' from command line to 'None'
[1.453s] Level 5:colcon.colcon_core.verb:set package 'micro_ros_setup' build argument 'catkin_cmake_args' from command line to 'None'
[1.453s] Level 5:colcon.colcon_core.verb:set package 'micro_ros_setup' build argument 'catkin_skip_building_tests' from command line to 'False'
[1.453s] DEBUG:colcon.colcon_core.verb:Building package 'micro_ros_setup' with the following arguments: {'ament_cmake_args': None, 'build_base': '/home/pi/microros_pi_ws/build/micro_ros_setup', 'catkin_cmake_args': None, 'catkin_skip_building_tests': False, 'cmake_args': None, 'cmake_clean_cache': False, 'cmake_clean_first': False, 'cmake_force_configure': False, 'cmake_target': None, 'cmake_target_skip_unavailable': False, 'install_base': '/home/pi/microros_pi_ws/install/micro_ros_setup', 'merge_install': False, 'path': '/home/pi/microros_pi_ws/src/micro_ros_setup', 'symlink_install': False, 'test_result_base': None}
[1.454s] Level 5:colcon.colcon_core.verb:set package 'motor_control' build argument 'cmake_args' from command line to 'None'
[1.454s] Level 5:colcon.colcon_core.verb:set package 'motor_control' build argument 'cmake_target' from command line to 'None'
[1.454s] Level 5:colcon.colcon_core.verb:set package 'motor_control' build argument 'cmake_target_skip_unavailable' from command line to 'False'
[1.455s] Level 5:colcon.colcon_core.verb:set package 'motor_control' build argument 'cmake_clean_cache' from command line to 'False'
[1.455s] Level 5:colcon.colcon_core.verb:set package 'motor_control' build argument 'cmake_clean_first' from command line to 'False'
[1.455s] Level 5:colcon.colcon_core.verb:set package 'motor_control' build argument 'cmake_force_configure' from command line to 'False'
[1.455s] Level 5:colcon.colcon_core.verb:set package 'motor_control' build argument 'ament_cmake_args' from command line to 'None'
[1.455s] Level 5:colcon.colcon_core.verb:set package 'motor_control' build argument 'catkin_cmake_args' from command line to 'None'
[1.455s] Level 5:colcon.colcon_core.verb:set package 'motor_control' build argument 'catkin_skip_building_tests' from command line to 'False'
[1.455s] DEBUG:colcon.colcon_core.verb:Building package 'motor_control' with the following arguments: {'ament_cmake_args': None, 'build_base': '/home/pi/microros_pi_ws/build/motor_control', 'catkin_cmake_args': None, 'catkin_skip_building_tests': False, 'cmake_args': None, 'cmake_clean_cache': False, 'cmake_clean_first': False, 'cmake_force_configure': False, 'cmake_target': None, 'cmake_target_skip_unavailable': False, 'install_base': '/home/pi/microros_pi_ws/install/motor_control', 'merge_install': False, 'path': '/home/pi/microros_pi_ws/src/motor_control', 'symlink_install': False, 'test_result_base': None}
[1.457s] Level 5:colcon.colcon_core.verb:set package 'robot_odom' build argument 'cmake_args' from command line to 'None'
[1.457s] Level 5:colcon.colcon_core.verb:set package 'robot_odom' build argument 'cmake_target' from command line to 'None'
[1.457s] Level 5:colcon.colcon_core.verb:set package 'robot_odom' build argument 'cmake_target_skip_unavailable' from command line to 'False'
[1.457s] Level 5:colcon.colcon_core.verb:set package 'robot_odom' build argument 'cmake_clean_cache' from command line to 'False'
[1.457s] Level 5:colcon.colcon_core.verb:set package 'robot_odom' build argument 'cmake_clean_first' from command line to 'False'
[1.457s] Level 5:colcon.colcon_core.verb:set package 'robot_odom' build argument 'cmake_force_configure' from command line to 'False'
[1.457s] Level 5:colcon.colcon_core.verb:set package 'robot_odom' build argument 'ament_cmake_args' from command line to 'None'
[1.457s] Level 5:colcon.colcon_core.verb:set package 'robot_odom' build argument 'catkin_cmake_args' from command line to 'None'
[1.457s] Level 5:colcon.colcon_core.verb:set package 'robot_odom' build argument 'catkin_skip_building_tests' from command line to 'False'
[1.458s] DEBUG:colcon.colcon_core.verb:Building package 'robot_odom' with the following arguments: {'ament_cmake_args': None, 'build_base': '/home/pi/microros_pi_ws/build/robot_odom', 'catkin_cmake_args': None, 'catkin_skip_building_tests': False, 'cmake_args': None, 'cmake_clean_cache': False, 'cmake_clean_first': False, 'cmake_force_configure': False, 'cmake_target': None, 'cmake_target_skip_unavailable': False, 'install_base': '/home/pi/microros_pi_ws/install/robot_odom', 'merge_install': False, 'path': '/home/pi/microros_pi_ws/src/robot_odom', 'symlink_install': False, 'test_result_base': None}
[1.459s] Level 5:colcon.colcon_core.verb:set package 'micro_ros_agent' build argument 'cmake_args' from command line to 'None'
[1.459s] Level 5:colcon.colcon_core.verb:set package 'micro_ros_agent' build argument 'cmake_target' from command line to 'None'
[1.459s] Level 5:colcon.colcon_core.verb:set package 'micro_ros_agent' build argument 'cmake_target_skip_unavailable' from command line to 'False'
[1.459s] Level 5:colcon.colcon_core.verb:set package 'micro_ros_agent' build argument 'cmake_clean_cache' from command line to 'False'
[1.459s] Level 5:colcon.colcon_core.verb:set package 'micro_ros_agent' build argument 'cmake_clean_first' from command line to 'False'
[1.460s] Level 5:colcon.colcon_core.verb:set package 'micro_ros_agent' build argument 'cmake_force_configure' from command line to 'False'
[1.460s] Level 5:colcon.colcon_core.verb:set package 'micro_ros_agent' build argument 'ament_cmake_args' from command line to 'None'
[1.460s] Level 5:colcon.colcon_core.verb:set package 'micro_ros_agent' build argument 'catkin_cmake_args' from command line to 'None'
[1.460s] Level 5:colcon.colcon_core.verb:set package 'micro_ros_agent' build argument 'catkin_skip_building_tests' from command line to 'False'
[1.460s] DEBUG:colcon.colcon_core.verb:Building package 'micro_ros_agent' with the following arguments: {'ament_cmake_args': None, 'build_base': '/home/pi/microros_pi_ws/build/micro_ros_agent', 'catkin_cmake_args': None, 'catkin_skip_building_tests': False, 'cmake_args': None, 'cmake_clean_cache': False, 'cmake_clean_first': False, 'cmake_force_configure': False, 'cmake_target': None, 'cmake_target_skip_unavailable': False, 'install_base': '/home/pi/microros_pi_ws/install/micro_ros_agent', 'merge_install': False, 'path': '/home/pi/microros_pi_ws/src/uros/micro-ROS-Agent/micro_ros_agent', 'symlink_install': False, 'test_result_base': None}
[1.460s] INFO:colcon.colcon_core.executor:Executing jobs using 'parallel' executor
[1.464s] DEBUG:colcon.colcon_parallel_executor.executor.parallel:run_until_complete
[1.465s] INFO:colcon.colcon_ros.task.ament_cmake.build:Building ROS package in '/home/pi/microros_pi_ws/src/uros/micro_ros_msgs' with build type 'ament_cmake'
[1.465s] INFO:colcon.colcon_cmake.task.cmake.build:Building CMake package in '/home/pi/microros_pi_ws/src/uros/micro_ros_msgs'
[1.474s] INFO:colcon.colcon_core.plugin_system:Skipping extension 'colcon_core.shell.bat': Not used on non-Windows systems
[1.475s] INFO:colcon.colcon_core.shell:Skip shell extension 'powershell' for command environment: Not usable outside of PowerShell
[1.475s] DEBUG:colcon.colcon_core.shell:Skip shell extension 'dsv' for command environment
[1.493s] INFO:colcon.colcon_ros.task.ament_cmake.build:Building ROS package in '/home/pi/microros_pi_ws/src/micro_ros_setup' with build type 'ament_cmake'
[1.493s] INFO:colcon.colcon_cmake.task.cmake.build:Building CMake package in '/home/pi/microros_pi_ws/src/micro_ros_setup'
[1.494s] INFO:colcon.colcon_core.shell:Skip shell extension 'powershell' for command environment: Not usable outside of PowerShell
[1.495s] DEBUG:colcon.colcon_core.shell:Skip shell extension 'dsv' for command environment
[1.513s] INFO:colcon.colcon_ros.task.ament_python.build:Building ROS package in '/home/pi/microros_pi_ws/src/motor_control' with build type 'ament_python'
[1.514s] Level 1:colcon.colcon_core.shell:create_environment_hook('motor_control', 'ament_prefix_path')
[1.515s] INFO:colcon.colcon_core.shell:Creating environment hook '/home/pi/microros_pi_ws/install/motor_control/share/motor_control/hook/ament_prefix_path.ps1'
[1.518s] INFO:colcon.colcon_core.shell:Creating environment descriptor '/home/pi/microros_pi_ws/install/motor_control/share/motor_control/hook/ament_prefix_path.dsv'
[1.520s] INFO:colcon.colcon_core.shell:Creating environment hook '/home/pi/microros_pi_ws/install/motor_control/share/motor_control/hook/ament_prefix_path.sh'
[1.525s] INFO:colcon.colcon_core.shell:Skip shell extension 'powershell' for command environment: Not usable outside of PowerShell
[1.525s] DEBUG:colcon.colcon_core.shell:Skip shell extension 'dsv' for command environment
[1.543s] INFO:colcon.colcon_ros.task.ament_cmake.build:Building ROS package in '/home/pi/microros_pi_ws/src/robot_odom' with build type 'ament_cmake'
[1.544s] INFO:colcon.colcon_cmake.task.cmake.build:Building CMake package in '/home/pi/microros_pi_ws/src/robot_odom'
[1.545s] INFO:colcon.colcon_core.shell:Skip shell extension 'powershell' for command environment: Not usable outside of PowerShell
[1.545s] DEBUG:colcon.colcon_core.shell:Skip shell extension 'dsv' for command environment
[1.581s] DEBUG:colcon.colcon_core.event_handler.log_command:Invoking command in '/home/pi/microros_pi_ws/build/micro_ros_msgs': CMAKE_PREFIX_PATH=${CMAKE_PREFIX_PATH}:/home/pi/microros_pi_ws/install/motor_control:/opt/ros/humble /usr/bin/cmake --build /home/pi/microros_pi_ws/build/micro_ros_msgs -- -j4 -l4
[1.608s] DEBUG:colcon.colcon_core.event_handler.log_command:Invoking command in '/home/pi/microros_pi_ws/build/micro_ros_setup': CMAKE_PREFIX_PATH=${CMAKE_PREFIX_PATH}:/home/pi/microros_pi_ws/install/motor_control:/opt/ros/humble /usr/bin/cmake --build /home/pi/microros_pi_ws/build/micro_ros_setup -- -j4 -l4
[2.977s] INFO:colcon.colcon_core.task.python.build:Building Python package in '/home/pi/microros_pi_ws/src/motor_control'
[2.978s] INFO:colcon.colcon_core.shell:Skip shell extension 'powershell' for command environment: Not usable outside of PowerShell
[2.978s] DEBUG:colcon.colcon_core.shell:Skip shell extension 'dsv' for command environment
[3.017s] DEBUG:colcon.colcon_core.event_handler.log_command:Invoked command in '/home/pi/microros_pi_ws/build/micro_ros_setup' returned '0': CMAKE_PREFIX_PATH=${CMAKE_PREFIX_PATH}:/home/pi/microros_pi_ws/install/motor_control:/opt/ros/humble /usr/bin/cmake --build /home/pi/microros_pi_ws/build/micro_ros_setup -- -j4 -l4
[3.050s] DEBUG:colcon.colcon_core.event_handler.log_command:Invoking command in '/home/pi/microros_pi_ws/build/micro_ros_setup': CMAKE_PREFIX_PATH=${CMAKE_PREFIX_PATH}:/home/pi/microros_pi_ws/install/motor_control:/opt/ros/humble /usr/bin/cmake --install /home/pi/microros_pi_ws/build/micro_ros_setup
[3.066s] DEBUG:colcon.colcon_core.event_handler.log_command:Invoking command in '/home/pi/microros_pi_ws/build/robot_odom': CMAKE_PREFIX_PATH=${CMAKE_PREFIX_PATH}:/home/pi/microros_pi_ws/install/motor_control:/opt/ros/humble /usr/bin/cmake --build /home/pi/microros_pi_ws/build/robot_odom -- -j4 -l4
[3.192s] Level 1:colcon.colcon_core.environment:create_environment_scripts_only(micro_ros_setup)
[3.210s] Level 1:colcon.colcon_core.environment:checking '/home/pi/microros_pi_ws/install/micro_ros_setup' for CMake module files
[3.222s] Level 1:colcon.colcon_core.environment:checking '/home/pi/microros_pi_ws/install/micro_ros_setup' for CMake config files
[3.237s] Level 1:colcon.colcon_core.shell:create_environment_hook('micro_ros_setup', 'cmake_prefix_path')
[3.239s] INFO:colcon.colcon_core.shell:Creating environment hook '/home/pi/microros_pi_ws/install/micro_ros_setup/share/micro_ros_setup/hook/cmake_prefix_path.ps1'
[3.251s] INFO:colcon.colcon_core.shell:Creating environment descriptor '/home/pi/microros_pi_ws/install/micro_ros_setup/share/micro_ros_setup/hook/cmake_prefix_path.dsv'
[3.253s] INFO:colcon.colcon_core.shell:Creating environment hook '/home/pi/microros_pi_ws/install/micro_ros_setup/share/micro_ros_setup/hook/cmake_prefix_path.sh'
[3.257s] Level 1:colcon.colcon_core.environment:checking '/home/pi/microros_pi_ws/install/micro_ros_setup/lib'
[3.258s] Level 1:colcon.colcon_core.environment:checking '/home/pi/microros_pi_ws/install/micro_ros_setup/bin'
[3.259s] Level 1:colcon.colcon_core.environment:checking '/home/pi/microros_pi_ws/install/micro_ros_setup/lib/pkgconfig/micro_ros_setup.pc'
[3.260s] Level 1:colcon.colcon_core.environment:checking '/home/pi/microros_pi_ws/install/micro_ros_setup/lib/python3.10/site-packages'
[3.261s] Level 1:colcon.colcon_core.environment:checking '/home/pi/microros_pi_ws/install/micro_ros_setup/bin'
[3.263s] INFO:colcon.colcon_core.shell:Creating package script '/home/pi/microros_pi_ws/install/micro_ros_setup/share/micro_ros_setup/package.ps1'
[3.279s] INFO:colcon.colcon_core.shell:Creating package descriptor '/home/pi/microros_pi_ws/install/micro_ros_setup/share/micro_ros_setup/package.dsv'
[3.283s] INFO:colcon.colcon_core.shell:Creating package script '/home/pi/microros_pi_ws/install/micro_ros_setup/share/micro_ros_setup/package.sh'
[3.288s] INFO:colcon.colcon_core.shell:Creating package script '/home/pi/microros_pi_ws/install/micro_ros_setup/share/micro_ros_setup/package.bash'
[3.293s] INFO:colcon.colcon_core.shell:Creating package script '/home/pi/microros_pi_ws/install/micro_ros_setup/share/micro_ros_setup/package.zsh'
[3.306s] Level 1:colcon.colcon_core.environment:create_file_with_runtime_dependencies(/home/pi/microros_pi_ws/install/micro_ros_setup/share/colcon-core/packages/micro_ros_setup)
[3.310s] Level 1:colcon.colcon_core.environment:create_environment_scripts_only(micro_ros_setup)
[3.311s] Level 1:colcon.colcon_core.environment:checking '/home/pi/microros_pi_ws/install/micro_ros_setup' for CMake module files
[3.315s] Level 1:colcon.colcon_core.environment:checking '/home/pi/microros_pi_ws/install/micro_ros_setup' for CMake config files
[3.332s] Level 1:colcon.colcon_core.shell:create_environment_hook('micro_ros_setup', 'cmake_prefix_path')
[3.334s] INFO:colcon.colcon_core.shell:Creating environment hook '/home/pi/microros_pi_ws/install/micro_ros_setup/share/micro_ros_setup/hook/cmake_prefix_path.ps1'
[3.343s] INFO:colcon.colcon_core.shell:Creating environment descriptor '/home/pi/microros_pi_ws/install/micro_ros_setup/share/micro_ros_setup/hook/cmake_prefix_path.dsv'
[3.346s] INFO:colcon.colcon_core.shell:Creating environment hook '/home/pi/microros_pi_ws/install/micro_ros_setup/share/micro_ros_setup/hook/cmake_prefix_path.sh'
[3.356s] DEBUG:colcon.colcon_core.event_handler.log_command:Invoked command in '/home/pi/microros_pi_ws/build/micro_ros_setup' returned '0': CMAKE_PREFIX_PATH=${CMAKE_PREFIX_PATH}:/home/pi/microros_pi_ws/install/motor_control:/opt/ros/humble /usr/bin/cmake --install /home/pi/microros_pi_ws/build/micro_ros_setup
[3.362s] Level 1:colcon.colcon_core.environment:checking '/home/pi/microros_pi_ws/install/micro_ros_setup/lib'
[3.364s] Level 1:colcon.colcon_core.environment:checking '/home/pi/microros_pi_ws/install/micro_ros_setup/bin'
[3.365s] Level 1:colcon.colcon_core.environment:checking '/home/pi/microros_pi_ws/install/micro_ros_setup/lib/pkgconfig/micro_ros_setup.pc'
[3.367s] Level 1:colcon.colcon_core.environment:checking '/home/pi/microros_pi_ws/install/micro_ros_setup/lib/python3.10/site-packages'
[3.369s] Level 1:colcon.colcon_core.environment:checking '/home/pi/microros_pi_ws/install/micro_ros_setup/bin'
[3.372s] INFO:colcon.colcon_core.shell:Creating package script '/home/pi/microros_pi_ws/install/micro_ros_setup/share/micro_ros_setup/package.ps1'
[3.383s] INFO:colcon.colcon_core.shell:Creating package descriptor '/home/pi/microros_pi_ws/install/micro_ros_setup/share/micro_ros_setup/package.dsv'
[3.387s] INFO:colcon.colcon_core.shell:Creating package script '/home/pi/microros_pi_ws/install/micro_ros_setup/share/micro_ros_setup/package.sh'
[3.395s] INFO:colcon.colcon_core.shell:Creating package script '/home/pi/microros_pi_ws/install/micro_ros_setup/share/micro_ros_setup/package.bash'
[3.400s] INFO:colcon.colcon_core.shell:Creating package script '/home/pi/microros_pi_ws/install/micro_ros_setup/share/micro_ros_setup/package.zsh'
[3.406s] Level 1:colcon.colcon_core.environment:create_file_with_runtime_dependencies(/home/pi/microros_pi_ws/install/micro_ros_setup/share/colcon-core/packages/micro_ros_setup)
[3.438s] DEBUG:colcon.colcon_core.event_handler.log_command:Invoked command in '/home/pi/microros_pi_ws/build/robot_odom' returned '0': CMAKE_PREFIX_PATH=${CMAKE_PREFIX_PATH}:/home/pi/microros_pi_ws/install/motor_control:/opt/ros/humble /usr/bin/cmake --build /home/pi/microros_pi_ws/build/robot_odom -- -j4 -l4
[3.453s] DEBUG:colcon.colcon_core.event_handler.log_command:Invoking command in '/home/pi/microros_pi_ws/build/robot_odom': CMAKE_PREFIX_PATH=${CMAKE_PREFIX_PATH}:/home/pi/microros_pi_ws/install/motor_control:/opt/ros/humble /usr/bin/cmake --install /home/pi/microros_pi_ws/build/robot_odom
[3.519s] Level 1:colcon.colcon_core.environment:create_environment_scripts_only(robot_odom)
[3.520s] Level 1:colcon.colcon_core.environment:checking '/home/pi/microros_pi_ws/install/robot_odom' for CMake module files
[3.522s] DEBUG:colcon.colcon_core.event_handler.log_command:Invoked command in '/home/pi/microros_pi_ws/build/robot_odom' returned '0': CMAKE_PREFIX_PATH=${CMAKE_PREFIX_PATH}:/home/pi/microros_pi_ws/install/motor_control:/opt/ros/humble /usr/bin/cmake --install /home/pi/microros_pi_ws/build/robot_odom
[3.526s] Level 1:colcon.colcon_core.environment:checking '/home/pi/microros_pi_ws/install/robot_odom' for CMake config files
[3.528s] Level 1:colcon.colcon_core.shell:create_environment_hook('robot_odom', 'cmake_prefix_path')
[3.529s] INFO:colcon.colcon_core.shell:Creating environment hook '/home/pi/microros_pi_ws/install/robot_odom/share/robot_odom/hook/cmake_prefix_path.ps1'
[3.531s] INFO:colcon.colcon_core.shell:Creating environment descriptor '/home/pi/microros_pi_ws/install/robot_odom/share/robot_odom/hook/cmake_prefix_path.dsv'
[3.533s] INFO:colcon.colcon_core.shell:Creating environment hook '/home/pi/microros_pi_ws/install/robot_odom/share/robot_odom/hook/cmake_prefix_path.sh'
[3.537s] Level 1:colcon.colcon_core.environment:checking '/home/pi/microros_pi_ws/install/robot_odom/lib'
[3.537s] Level 1:colcon.colcon_core.environment:checking '/home/pi/microros_pi_ws/install/robot_odom/bin'
[3.538s] Level 1:colcon.colcon_core.environment:checking '/home/pi/microros_pi_ws/install/robot_odom/lib/pkgconfig/robot_odom.pc'
[3.539s] Level 1:colcon.colcon_core.environment:checking '/home/pi/microros_pi_ws/install/robot_odom/lib/python3.10/site-packages'
[3.540s] Level 1:colcon.colcon_core.environment:checking '/home/pi/microros_pi_ws/install/robot_odom/bin'
[3.542s] INFO:colcon.colcon_core.shell:Creating package script '/home/pi/microros_pi_ws/install/robot_odom/share/robot_odom/package.ps1'
[3.545s] INFO:colcon.colcon_core.shell:Creating package descriptor '/home/pi/microros_pi_ws/install/robot_odom/share/robot_odom/package.dsv'
[3.548s] INFO:colcon.colcon_core.shell:Creating package script '/home/pi/microros_pi_ws/install/robot_odom/share/robot_odom/package.sh'
[3.551s] INFO:colcon.colcon_core.shell:Creating package script '/home/pi/microros_pi_ws/install/robot_odom/share/robot_odom/package.bash'
[3.553s] INFO:colcon.colcon_core.shell:Creating package script '/home/pi/microros_pi_ws/install/robot_odom/share/robot_odom/package.zsh'
[3.556s] Level 1:colcon.colcon_core.environment:create_file_with_runtime_dependencies(/home/pi/microros_pi_ws/install/robot_odom/share/colcon-core/packages/robot_odom)
[3.558s] Level 1:colcon.colcon_core.environment:create_environment_scripts_only(robot_odom)
[3.560s] Level 1:colcon.colcon_core.environment:checking '/home/pi/microros_pi_ws/install/robot_odom' for CMake module files
[3.562s] Level 1:colcon.colcon_core.environment:checking '/home/pi/microros_pi_ws/install/robot_odom' for CMake config files
[3.564s] Level 1:colcon.colcon_core.shell:create_environment_hook('robot_odom', 'cmake_prefix_path')
[3.565s] INFO:colcon.colcon_core.shell:Creating environment hook '/home/pi/microros_pi_ws/install/robot_odom/share/robot_odom/hook/cmake_prefix_path.ps1'
[3.568s] INFO:colcon.colcon_core.shell:Creating environment descriptor '/home/pi/microros_pi_ws/install/robot_odom/share/robot_odom/hook/cmake_prefix_path.dsv'
[3.571s] INFO:colcon.colcon_core.shell:Creating environment hook '/home/pi/microros_pi_ws/install/robot_odom/share/robot_odom/hook/cmake_prefix_path.sh'
[3.574s] Level 1:colcon.colcon_core.environment:checking '/home/pi/microros_pi_ws/install/robot_odom/lib'
[3.575s] Level 1:colcon.colcon_core.environment:checking '/home/pi/microros_pi_ws/install/robot_odom/bin'
[3.575s] Level 1:colcon.colcon_core.environment:checking '/home/pi/microros_pi_ws/install/robot_odom/lib/pkgconfig/robot_odom.pc'
[3.576s] Level 1:colcon.colcon_core.environment:checking '/home/pi/microros_pi_ws/install/robot_odom/lib/python3.10/site-packages'
[3.577s] Level 1:colcon.colcon_core.environment:checking '/home/pi/microros_pi_ws/install/robot_odom/bin'
[3.578s] INFO:colcon.colcon_core.shell:Creating package script '/home/pi/microros_pi_ws/install/robot_odom/share/robot_odom/package.ps1'
[3.581s] INFO:colcon.colcon_core.shell:Creating package descriptor '/home/pi/microros_pi_ws/install/robot_odom/share/robot_odom/package.dsv'
[3.584s] INFO:colcon.colcon_core.shell:Creating package script '/home/pi/microros_pi_ws/install/robot_odom/share/robot_odom/package.sh'
[3.587s] INFO:colcon.colcon_core.shell:Creating package script '/home/pi/microros_pi_ws/install/robot_odom/share/robot_odom/package.bash'
[3.590s] INFO:colcon.colcon_core.shell:Creating package script '/home/pi/microros_pi_ws/install/robot_odom/share/robot_odom/package.zsh'
[3.592s] Level 1:colcon.colcon_core.environment:create_file_with_runtime_dependencies(/home/pi/microros_pi_ws/install/robot_odom/share/colcon-core/packages/robot_odom)
[3.599s] DEBUG:colcon.colcon_core.event_handler.log_command:Invoked command in '/home/pi/microros_pi_ws/build/micro_ros_msgs' returned '0': CMAKE_PREFIX_PATH=${CMAKE_PREFIX_PATH}:/home/pi/microros_pi_ws/install/motor_control:/opt/ros/humble /usr/bin/cmake --build /home/pi/microros_pi_ws/build/micro_ros_msgs -- -j4 -l4
[3.607s] DEBUG:colcon.colcon_core.event_handler.log_command:Invoking command in '/home/pi/microros_pi_ws/build/micro_ros_msgs': CMAKE_PREFIX_PATH=${CMAKE_PREFIX_PATH}:/home/pi/microros_pi_ws/install/motor_control:/opt/ros/humble /usr/bin/cmake --install /home/pi/microros_pi_ws/build/micro_ros_msgs
[3.904s] Level 1:colcon.colcon_core.environment:create_environment_scripts_only(micro_ros_msgs)
[3.905s] Level 1:colcon.colcon_core.environment:checking '/home/pi/microros_pi_ws/install/micro_ros_msgs' for CMake module files
[3.906s] DEBUG:colcon.colcon_core.event_handler.log_command:Invoked command in '/home/pi/microros_pi_ws/build/micro_ros_msgs' returned '0': CMAKE_PREFIX_PATH=${CMAKE_PREFIX_PATH}:/home/pi/microros_pi_ws/install/motor_control:/opt/ros/humble /usr/bin/cmake --install /home/pi/microros_pi_ws/build/micro_ros_msgs
[3.910s] Level 1:colcon.colcon_core.environment:checking '/home/pi/microros_pi_ws/install/micro_ros_msgs' for CMake config files
[3.913s] Level 1:colcon.colcon_core.shell:create_environment_hook('micro_ros_msgs', 'cmake_prefix_path')
[3.914s] INFO:colcon.colcon_core.shell:Creating environment hook '/home/pi/microros_pi_ws/install/micro_ros_msgs/share/micro_ros_msgs/hook/cmake_prefix_path.ps1'
[3.916s] INFO:colcon.colcon_core.shell:Creating environment descriptor '/home/pi/microros_pi_ws/install/micro_ros_msgs/share/micro_ros_msgs/hook/cmake_prefix_path.dsv'
[3.918s] INFO:colcon.colcon_core.shell:Creating environment hook '/home/pi/microros_pi_ws/install/micro_ros_msgs/share/micro_ros_msgs/hook/cmake_prefix_path.sh'
[3.922s] Level 1:colcon.colcon_core.environment:checking '/home/pi/microros_pi_ws/install/micro_ros_msgs/lib'
[3.922s] Level 1:colcon.colcon_core.shell:create_environment_hook('micro_ros_msgs', 'ld_library_path_lib')
[3.923s] INFO:colcon.colcon_core.shell:Creating environment hook '/home/pi/microros_pi_ws/install/micro_ros_msgs/share/micro_ros_msgs/hook/ld_library_path_lib.ps1'
[3.925s] INFO:colcon.colcon_core.shell:Creating environment descriptor '/home/pi/microros_pi_ws/install/micro_ros_msgs/share/micro_ros_msgs/hook/ld_library_path_lib.dsv'
[3.927s] INFO:colcon.colcon_core.shell:Creating environment hook '/home/pi/microros_pi_ws/install/micro_ros_msgs/share/micro_ros_msgs/hook/ld_library_path_lib.sh'
[3.930s] Level 1:colcon.colcon_core.environment:checking '/home/pi/microros_pi_ws/install/micro_ros_msgs/bin'
[3.930s] Level 1:colcon.colcon_core.environment:checking '/home/pi/microros_pi_ws/install/micro_ros_msgs/lib/pkgconfig/micro_ros_msgs.pc'
[3.931s] Level 1:colcon.colcon_core.environment:checking '/home/pi/microros_pi_ws/install/micro_ros_msgs/lib/python3.10/site-packages'
[3.932s] Level 1:colcon.colcon_core.environment:checking '/home/pi/microros_pi_ws/install/micro_ros_msgs/bin'
[3.933s] INFO:colcon.colcon_core.shell:Creating package script '/home/pi/microros_pi_ws/install/micro_ros_msgs/share/micro_ros_msgs/package.ps1'
[3.936s] INFO:colcon.colcon_core.shell:Creating package descriptor '/home/pi/microros_pi_ws/install/micro_ros_msgs/share/micro_ros_msgs/package.dsv'
[3.938s] INFO:colcon.colcon_core.shell:Creating package script '/home/pi/microros_pi_ws/install/micro_ros_msgs/share/micro_ros_msgs/package.sh'
[3.941s] INFO:colcon.colcon_core.shell:Creating package script '/home/pi/microros_pi_ws/install/micro_ros_msgs/share/micro_ros_msgs/package.bash'
[3.943s] INFO:colcon.colcon_core.shell:Creating package script '/home/pi/microros_pi_ws/install/micro_ros_msgs/share/micro_ros_msgs/package.zsh'
[3.945s] Level 1:colcon.colcon_core.environment:create_file_with_runtime_dependencies(/home/pi/microros_pi_ws/install/micro_ros_msgs/share/colcon-core/packages/micro_ros_msgs)
[3.948s] Level 1:colcon.colcon_core.environment:create_environment_scripts_only(micro_ros_msgs)
[3.949s] Level 1:colcon.colcon_core.environment:checking '/home/pi/microros_pi_ws/install/micro_ros_msgs' for CMake module files
[3.953s] Level 1:colcon.colcon_core.environment:checking '/home/pi/microros_pi_ws/install/micro_ros_msgs' for CMake config files
[3.956s] Level 1:colcon.colcon_core.shell:create_environment_hook('micro_ros_msgs', 'cmake_prefix_path')
[3.957s] INFO:colcon.colcon_core.shell:Creating environment hook '/home/pi/microros_pi_ws/install/micro_ros_msgs/share/micro_ros_msgs/hook/cmake_prefix_path.ps1'
[3.960s] INFO:colcon.colcon_core.shell:Creating environment descriptor '/home/pi/microros_pi_ws/install/micro_ros_msgs/share/micro_ros_msgs/hook/cmake_prefix_path.dsv'
[3.962s] INFO:colcon.colcon_core.shell:Creating environment hook '/home/pi/microros_pi_ws/install/micro_ros_msgs/share/micro_ros_msgs/hook/cmake_prefix_path.sh'
[3.964s] Level 1:colcon.colcon_core.environment:checking '/home/pi/microros_pi_ws/install/micro_ros_msgs/lib'
[3.965s] Level 1:colcon.colcon_core.shell:create_environment_hook('micro_ros_msgs', 'ld_library_path_lib')
[3.966s] INFO:colcon.colcon_core.shell:Creating environment hook '/home/pi/microros_pi_ws/install/micro_ros_msgs/share/micro_ros_msgs/hook/ld_library_path_lib.ps1'
[3.968s] INFO:colcon.colcon_core.shell:Creating environment descriptor '/home/pi/microros_pi_ws/install/micro_ros_msgs/share/micro_ros_msgs/hook/ld_library_path_lib.dsv'
[3.970s] INFO:colcon.colcon_core.shell:Creating environment hook '/home/pi/microros_pi_ws/install/micro_ros_msgs/share/micro_ros_msgs/hook/ld_library_path_lib.sh'
[3.973s] Level 1:colcon.colcon_core.environment:checking '/home/pi/microros_pi_ws/install/micro_ros_msgs/bin'
[3.973s] Level 1:colcon.colcon_core.environment:checking '/home/pi/microros_pi_ws/install/micro_ros_msgs/lib/pkgconfig/micro_ros_msgs.pc'
[3.974s] Level 1:colcon.colcon_core.environment:checking '/home/pi/microros_pi_ws/install/micro_ros_msgs/lib/python3.10/site-packages'
[3.975s] Level 1:colcon.colcon_core.environment:checking '/home/pi/microros_pi_ws/install/micro_ros_msgs/bin'
[3.977s] INFO:colcon.colcon_core.shell:Creating package script '/home/pi/microros_pi_ws/install/micro_ros_msgs/share/micro_ros_msgs/package.ps1'
[3.979s] INFO:colcon.colcon_core.shell:Creating package descriptor '/home/pi/microros_pi_ws/install/micro_ros_msgs/share/micro_ros_msgs/package.dsv'
[3.982s] INFO:colcon.colcon_core.shell:Creating package script '/home/pi/microros_pi_ws/install/micro_ros_msgs/share/micro_ros_msgs/package.sh'
[3.985s] INFO:colcon.colcon_core.shell:Creating package script '/home/pi/microros_pi_ws/install/micro_ros_msgs/share/micro_ros_msgs/package.bash'
[3.987s] INFO:colcon.colcon_core.shell:Creating package script '/home/pi/microros_pi_ws/install/micro_ros_msgs/share/micro_ros_msgs/package.zsh'
[3.989s] Level 1:colcon.colcon_core.environment:create_file_with_runtime_dependencies(/home/pi/microros_pi_ws/install/micro_ros_msgs/share/colcon-core/packages/micro_ros_msgs)
[3.992s] INFO:colcon.colcon_ros.task.ament_cmake.build:Building ROS package in '/home/pi/microros_pi_ws/src/uros/micro-ROS-Agent/micro_ros_agent' with build type 'ament_cmake'
[3.992s] INFO:colcon.colcon_cmake.task.cmake.build:Building CMake package in '/home/pi/microros_pi_ws/src/uros/micro-ROS-Agent/micro_ros_agent'
[3.993s] INFO:colcon.colcon_core.shell:Skip shell extension 'powershell' for command environment: Not usable outside of PowerShell
[3.994s] DEBUG:colcon.colcon_core.shell:Skip shell extension 'dsv' for command environment
[4.043s] DEBUG:colcon.colcon_core.event_handler.log_command:Invoking command in '/home/pi/microros_pi_ws/build/micro_ros_agent': CMAKE_PREFIX_PATH=/home/pi/microros_pi_ws/install/micro_ros_msgs:/home/pi/microros_pi_ws/install/robot_odom:/home/pi/microros_pi_ws/install/micro_ros_setup:/home/pi/microros_pi_ws/install/micro_ros_agent:/home/pi/microros_pi_ws/install/motor_control:/opt/ros/humble LD_LIBRARY_PATH=/home/pi/microros_pi_ws/install/micro_ros_msgs/lib:/home/pi/microros_pi_ws/install/micro_ros_agent/lib:/opt/ros/humble/opt/rviz_ogre_vendor/lib:/opt/ros/humble/lib/aarch64-linux-gnu:/opt/ros/humble/lib /usr/bin/cmake --build /home/pi/microros_pi_ws/build/micro_ros_agent -- -j4 -l4
[4.373s] DEBUG:colcon.colcon_core.event_handler.log_command:Invoked command in '/home/pi/microros_pi_ws/build/micro_ros_agent' returned '0': CMAKE_PREFIX_PATH=/home/pi/microros_pi_ws/install/micro_ros_msgs:/home/pi/microros_pi_ws/install/robot_odom:/home/pi/microros_pi_ws/install/micro_ros_setup:/home/pi/microros_pi_ws/install/micro_ros_agent:/home/pi/microros_pi_ws/install/motor_control:/opt/ros/humble LD_LIBRARY_PATH=/home/pi/microros_pi_ws/install/micro_ros_msgs/lib:/home/pi/microros_pi_ws/install/micro_ros_agent/lib:/opt/ros/humble/opt/rviz_ogre_vendor/lib:/opt/ros/humble/lib/aarch64-linux-gnu:/opt/ros/humble/lib /usr/bin/cmake --build /home/pi/microros_pi_ws/build/micro_ros_agent -- -j4 -l4
[4.384s] DEBUG:colcon.colcon_core.event_handler.log_command:Invoking command in '/home/pi/microros_pi_ws/build/micro_ros_agent': CMAKE_PREFIX_PATH=/home/pi/microros_pi_ws/install/micro_ros_msgs:/home/pi/microros_pi_ws/install/robot_odom:/home/pi/microros_pi_ws/install/micro_ros_setup:/home/pi/microros_pi_ws/install/micro_ros_agent:/home/pi/microros_pi_ws/install/motor_control:/opt/ros/humble LD_LIBRARY_PATH=/home/pi/microros_pi_ws/install/micro_ros_msgs/lib:/home/pi/microros_pi_ws/install/micro_ros_agent/lib:/opt/ros/humble/opt/rviz_ogre_vendor/lib:/opt/ros/humble/lib/aarch64-linux-gnu:/opt/ros/humble/lib /usr/bin/cmake --install /home/pi/microros_pi_ws/build/micro_ros_agent
[4.427s] Level 1:colcon.colcon_core.environment:create_environment_scripts_only(micro_ros_agent)
[4.428s] Level 1:colcon.colcon_core.environment:checking '/home/pi/microros_pi_ws/install/micro_ros_agent' for CMake module files
[4.431s] DEBUG:colcon.colcon_core.event_handler.log_command:Invoked command in '/home/pi/microros_pi_ws/build/micro_ros_agent' returned '0': CMAKE_PREFIX_PATH=/home/pi/microros_pi_ws/install/micro_ros_msgs:/home/pi/microros_pi_ws/install/robot_odom:/home/pi/microros_pi_ws/install/micro_ros_setup:/home/pi/microros_pi_ws/install/micro_ros_agent:/home/pi/microros_pi_ws/install/motor_control:/opt/ros/humble LD_LIBRARY_PATH=/home/pi/microros_pi_ws/install/micro_ros_msgs/lib:/home/pi/microros_pi_ws/install/micro_ros_agent/lib:/opt/ros/humble/opt/rviz_ogre_vendor/lib:/opt/ros/humble/lib/aarch64-linux-gnu:/opt/ros/humble/lib /usr/bin/cmake --install /home/pi/microros_pi_ws/build/micro_ros_agent
[4.434s] Level 1:colcon.colcon_core.environment:checking '/home/pi/microros_pi_ws/install/micro_ros_agent' for CMake config files
[4.435s] Level 1:colcon.colcon_core.shell:create_environment_hook('micro_ros_agent', 'cmake_prefix_path')
[4.436s] INFO:colcon.colcon_core.shell:Creating environment hook '/home/pi/microros_pi_ws/install/micro_ros_agent/share/micro_ros_agent/hook/cmake_prefix_path.ps1'
[4.438s] INFO:colcon.colcon_core.shell:Creating environment descriptor '/home/pi/microros_pi_ws/install/micro_ros_agent/share/micro_ros_agent/hook/cmake_prefix_path.dsv'
[4.441s] INFO:colcon.colcon_core.shell:Creating environment hook '/home/pi/microros_pi_ws/install/micro_ros_agent/share/micro_ros_agent/hook/cmake_prefix_path.sh'
[4.444s] Level 1:colcon.colcon_core.environment:checking '/home/pi/microros_pi_ws/install/micro_ros_agent/lib'
[4.445s] Level 1:colcon.colcon_core.shell:create_environment_hook('micro_ros_agent', 'ld_library_path_lib')
[4.446s] INFO:colcon.colcon_core.shell:Creating environment hook '/home/pi/microros_pi_ws/install/micro_ros_agent/share/micro_ros_agent/hook/ld_library_path_lib.ps1'
[4.448s] INFO:colcon.colcon_core.shell:Creating environment descriptor '/home/pi/microros_pi_ws/install/micro_ros_agent/share/micro_ros_agent/hook/ld_library_path_lib.dsv'
[4.450s] INFO:colcon.colcon_core.shell:Creating environment hook '/home/pi/microros_pi_ws/install/micro_ros_agent/share/micro_ros_agent/hook/ld_library_path_lib.sh'
[4.452s] Level 1:colcon.colcon_core.environment:checking '/home/pi/microros_pi_ws/install/micro_ros_agent/bin'
[4.453s] Level 1:colcon.colcon_core.environment:checking '/home/pi/microros_pi_ws/install/micro_ros_agent/lib/pkgconfig/micro_ros_agent.pc'
[4.454s] Level 1:colcon.colcon_core.environment:checking '/home/pi/microros_pi_ws/install/micro_ros_agent/lib/python3.10/site-packages'
[4.455s] Level 1:colcon.colcon_core.environment:checking '/home/pi/microros_pi_ws/install/micro_ros_agent/bin'
[4.456s] INFO:colcon.colcon_core.shell:Creating package script '/home/pi/microros_pi_ws/install/micro_ros_agent/share/micro_ros_agent/package.ps1'
[4.459s] INFO:colcon.colcon_core.shell:Creating package descriptor '/home/pi/microros_pi_ws/install/micro_ros_agent/share/micro_ros_agent/package.dsv'
[4.462s] INFO:colcon.colcon_core.shell:Creating package script '/home/pi/microros_pi_ws/install/micro_ros_agent/share/micro_ros_agent/package.sh'
[4.465s] INFO:colcon.colcon_core.shell:Creating package script '/home/pi/microros_pi_ws/install/micro_ros_agent/share/micro_ros_agent/package.bash'
[4.467s] INFO:colcon.colcon_core.shell:Creating package script '/home/pi/microros_pi_ws/install/micro_ros_agent/share/micro_ros_agent/package.zsh'
[4.469s] Level 1:colcon.colcon_core.environment:create_file_with_runtime_dependencies(/home/pi/microros_pi_ws/install/micro_ros_agent/share/colcon-core/packages/micro_ros_agent)
[4.473s] Level 1:colcon.colcon_core.environment:create_environment_scripts_only(micro_ros_agent)
[4.474s] Level 1:colcon.colcon_core.environment:checking '/home/pi/microros_pi_ws/install/micro_ros_agent' for CMake module files
[4.477s] Level 1:colcon.colcon_core.environment:checking '/home/pi/microros_pi_ws/install/micro_ros_agent' for CMake config files
[4.478s] Level 1:colcon.colcon_core.shell:create_environment_hook('micro_ros_agent', 'cmake_prefix_path')
[4.479s] INFO:colcon.colcon_core.shell:Creating environment hook '/home/pi/microros_pi_ws/install/micro_ros_agent/share/micro_ros_agent/hook/cmake_prefix_path.ps1'
[4.482s] INFO:colcon.colcon_core.shell:Creating environment descriptor '/home/pi/microros_pi_ws/install/micro_ros_agent/share/micro_ros_agent/hook/cmake_prefix_path.dsv'
[4.484s] INFO:colcon.colcon_core.shell:Creating environment hook '/home/pi/microros_pi_ws/install/micro_ros_agent/share/micro_ros_agent/hook/cmake_prefix_path.sh'
[4.487s] Level 1:colcon.colcon_core.environment:checking '/home/pi/microros_pi_ws/install/micro_ros_agent/lib'
[4.488s] Level 1:colcon.colcon_core.shell:create_environment_hook('micro_ros_agent', 'ld_library_path_lib')
[4.489s] INFO:colcon.colcon_core.shell:Creating environment hook '/home/pi/microros_pi_ws/install/micro_ros_agent/share/micro_ros_agent/hook/ld_library_path_lib.ps1'
[4.491s] INFO:colcon.colcon_core.shell:Creating environment descriptor '/home/pi/microros_pi_ws/install/micro_ros_agent/share/micro_ros_agent/hook/ld_library_path_lib.dsv'
[4.494s] INFO:colcon.colcon_core.shell:Creating environment hook '/home/pi/microros_pi_ws/install/micro_ros_agent/share/micro_ros_agent/hook/ld_library_path_lib.sh'
[4.496s] Level 1:colcon.colcon_core.environment:checking '/home/pi/microros_pi_ws/install/micro_ros_agent/bin'
[4.497s] Level 1:colcon.colcon_core.environment:checking '/home/pi/microros_pi_ws/install/micro_ros_agent/lib/pkgconfig/micro_ros_agent.pc'
[4.498s] Level 1:colcon.colcon_core.environment:checking '/home/pi/microros_pi_ws/install/micro_ros_agent/lib/python3.10/site-packages'
[4.499s] Level 1:colcon.colcon_core.environment:checking '/home/pi/microros_pi_ws/install/micro_ros_agent/bin'
[4.500s] INFO:colcon.colcon_core.shell:Creating package script '/home/pi/microros_pi_ws/install/micro_ros_agent/share/micro_ros_agent/package.ps1'
[4.504s] INFO:colcon.colcon_core.shell:Creating package descriptor '/home/pi/microros_pi_ws/install/micro_ros_agent/share/micro_ros_agent/package.dsv'
[4.507s] INFO:colcon.colcon_core.shell:Creating package script '/home/pi/microros_pi_ws/install/micro_ros_agent/share/micro_ros_agent/package.sh'
[4.510s] INFO:colcon.colcon_core.shell:Creating package script '/home/pi/microros_pi_ws/install/micro_ros_agent/share/micro_ros_agent/package.bash'
[4.512s] INFO:colcon.colcon_core.shell:Creating package script '/home/pi/microros_pi_ws/install/micro_ros_agent/share/micro_ros_agent/package.zsh'
[4.514s] Level 1:colcon.colcon_core.environment:create_file_with_runtime_dependencies(/home/pi/microros_pi_ws/install/micro_ros_agent/share/colcon-core/packages/micro_ros_agent)
[4.854s] DEBUG:colcon.colcon_core.event_handler.log_command:Invoking command in '/home/pi/microros_pi_ws/src/motor_control': PYTHONPATH=/home/pi/microros_pi_ws/build/motor_control/prefix_override:/usr/lib/python3/dist-packages/colcon_core/task/python/colcon_distutils_commands:/home/pi/microros_pi_ws/install/motor_control/lib/python3.10/site-packages:${PYTHONPATH} /usr/bin/python3 -W ignore:setup.py install is deprecated -W ignore:easy_install command is deprecated setup.py egg_info --egg-base ../../build/motor_control build --build-base /home/pi/microros_pi_ws/build/motor_control/build install --record /home/pi/microros_pi_ws/build/motor_control/install.log --single-version-externally-managed install_data
[6.013s] Level 1:colcon.colcon_core.environment:checking '/home/pi/microros_pi_ws/install/motor_control' for CMake module files
[6.014s] DEBUG:colcon.colcon_core.event_handler.log_command:Invoked command in '/home/pi/microros_pi_ws/src/motor_control' returned '0': PYTHONPATH=/home/pi/microros_pi_ws/build/motor_control/prefix_override:/usr/lib/python3/dist-packages/colcon_core/task/python/colcon_distutils_commands:/home/pi/microros_pi_ws/install/motor_control/lib/python3.10/site-packages:${PYTHONPATH} /usr/bin/python3 -W ignore:setup.py install is deprecated -W ignore:easy_install command is deprecated setup.py egg_info --egg-base ../../build/motor_control build --build-base /home/pi/microros_pi_ws/build/motor_control/build install --record /home/pi/microros_pi_ws/build/motor_control/install.log --single-version-externally-managed install_data
[6.016s] Level 1:colcon.colcon_core.environment:checking '/home/pi/microros_pi_ws/install/motor_control' for CMake config files
[6.019s] Level 1:colcon.colcon_core.environment:checking '/home/pi/microros_pi_ws/install/motor_control/lib'
[6.019s] Level 1:colcon.colcon_core.environment:checking '/home/pi/microros_pi_ws/install/motor_control/bin'
[6.020s] Level 1:colcon.colcon_core.environment:checking '/home/pi/microros_pi_ws/install/motor_control/lib/pkgconfig/motor_control.pc'
[6.021s] Level 1:colcon.colcon_core.environment:checking '/home/pi/microros_pi_ws/install/motor_control/lib/python3.10/site-packages'
[6.021s] Level 1:colcon.colcon_core.shell:create_environment_hook('motor_control', 'pythonpath')
[6.022s] INFO:colcon.colcon_core.shell:Creating environment hook '/home/pi/microros_pi_ws/install/motor_control/share/motor_control/hook/pythonpath.ps1'
[6.024s] INFO:colcon.colcon_core.shell:Creating environment descriptor '/home/pi/microros_pi_ws/install/motor_control/share/motor_control/hook/pythonpath.dsv'
[6.027s] INFO:colcon.colcon_core.shell:Creating environment hook '/home/pi/microros_pi_ws/install/motor_control/share/motor_control/hook/pythonpath.sh'
[6.030s] Level 1:colcon.colcon_core.environment:checking '/home/pi/microros_pi_ws/install/motor_control/bin'
[6.031s] Level 1:colcon.colcon_core.environment:create_environment_scripts_only(motor_control)
[6.032s] INFO:colcon.colcon_core.shell:Creating package script '/home/pi/microros_pi_ws/install/motor_control/share/motor_control/package.ps1'
[6.034s] INFO:colcon.colcon_core.shell:Creating package descriptor '/home/pi/microros_pi_ws/install/motor_control/share/motor_control/package.dsv'
[6.037s] INFO:colcon.colcon_core.shell:Creating package script '/home/pi/microros_pi_ws/install/motor_control/share/motor_control/package.sh'
[6.039s] INFO:colcon.colcon_core.shell:Creating package script '/home/pi/microros_pi_ws/install/motor_control/share/motor_control/package.bash'
[6.041s] INFO:colcon.colcon_core.shell:Creating package script '/home/pi/microros_pi_ws/install/motor_control/share/motor_control/package.zsh'
[6.043s] Level 1:colcon.colcon_core.environment:create_file_with_runtime_dependencies(/home/pi/microros_pi_ws/install/motor_control/share/colcon-core/packages/motor_control)
[6.044s] DEBUG:colcon.colcon_parallel_executor.executor.parallel:closing loop
[6.045s] DEBUG:colcon.colcon_parallel_executor.executor.parallel:loop closed
[6.045s] DEBUG:colcon.colcon_parallel_executor.executor.parallel:run_until_complete finished with '0'
[6.046s] DEBUG:colcon.colcon_core.event_reactor:joining thread
[6.068s] INFO:colcon.colcon_core.plugin_system:Skipping extension 'colcon_notification.desktop_notification.notify_send': Could not find 'notify-send'
[6.069s] INFO:colcon.colcon_core.plugin_system:Skipping extension 'colcon_notification.desktop_notification.terminal_notifier': Not used on non-Darwin systems
[6.069s] INFO:colcon.colcon_core.plugin_system:Skipping extension 'colcon_notification.desktop_notification.win32': Not used on non-Windows systems
[6.069s] INFO:colcon.colcon_notification.desktop_notification:Sending desktop notification using 'notify2'
[6.072s] DEBUG:colcon.colcon_notification.desktop_notification.notify2:Failed to initialize notify2: org.freedesktop.DBus.Error.ServiceUnknown: The name org.freedesktop.Notifications was not provided by any .service files
[6.072s] DEBUG:colcon.colcon_core.event_reactor:joined thread
[6.073s] INFO:colcon.colcon_core.shell:Creating prefix script '/home/pi/microros_pi_ws/install/local_setup.ps1'
[6.077s] INFO:colcon.colcon_core.shell:Creating prefix util module '/home/pi/microros_pi_ws/install/_local_setup_util_ps1.py'
[6.084s] INFO:colcon.colcon_core.shell:Creating prefix chain script '/home/pi/microros_pi_ws/install/setup.ps1'
[6.090s] INFO:colcon.colcon_core.shell:Creating prefix script '/home/pi/microros_pi_ws/install/local_setup.sh'
[6.092s] INFO:colcon.colcon_core.shell:Creating prefix util module '/home/pi/microros_pi_ws/install/_local_setup_util_sh.py'
[6.095s] INFO:colcon.colcon_core.shell:Creating prefix chain script '/home/pi/microros_pi_ws/install/setup.sh'
[6.100s] INFO:colcon.colcon_core.shell:Creating prefix script '/home/pi/microros_pi_ws/install/local_setup.bash'
[6.102s] INFO:colcon.colcon_core.shell:Creating prefix chain script '/home/pi/microros_pi_ws/install/setup.bash'
[6.108s] INFO:colcon.colcon_core.shell:Creating prefix script '/home/pi/microros_pi_ws/install/local_setup.zsh'
[6.111s] INFO:colcon.colcon_core.shell:Creating prefix chain script '/home/pi/microros_pi_ws/install/setup.zsh'
