[6.772s] Invoking command in '/home/pi/ros2_pi_ws/src/opencv_tools': PYTHONPATH=/home/pi/ros2_pi_ws/build/opencv_tools/prefix_override:/usr/lib/python3/dist-packages/colcon_core/task/python/colcon_distutils_commands:/home/pi/ros2_pi_ws/install/opencv_tools/lib/python3.10/site-packages:${PYTHONPATH} /usr/bin/python3 -W ignore:setup.py install is deprecated -W ignore:easy_install command is deprecated setup.py egg_info --egg-base ../../build/opencv_tools build --build-base /home/pi/ros2_pi_ws/build/opencv_tools/build install --record /home/pi/ros2_pi_ws/build/opencv_tools/install.log --single-version-externally-managed install_data
[8.313s] running egg_info
[8.317s] writing ../../build/opencv_tools/opencv_tools.egg-info/PKG-INFO
[8.319s] writing dependency_links to ../../build/opencv_tools/opencv_tools.egg-info/dependency_links.txt
[8.320s] writing entry points to ../../build/opencv_tools/opencv_tools.egg-info/entry_points.txt
[8.321s] writing requirements to ../../build/opencv_tools/opencv_tools.egg-info/requires.txt
[8.322s] writing top-level names to ../../build/opencv_tools/opencv_tools.egg-info/top_level.txt
[8.333s] reading manifest file '../../build/opencv_tools/opencv_tools.egg-info/SOURCES.txt'
[8.337s] writing manifest file '../../build/opencv_tools/opencv_tools.egg-info/SOURCES.txt'
[8.338s] running build
[8.339s] running build_py
[8.340s] running install
[8.343s] running install_lib
[8.350s] running install_data
[8.351s] running install_egg_info
[8.365s] removing '/home/pi/ros2_pi_ws/install/opencv_tools/lib/python3.10/site-packages/opencv_tools-0.0.0-py3.10.egg-info' (and everything under it)
[8.369s] Copying ../../build/opencv_tools/opencv_tools.egg-info to /home/pi/ros2_pi_ws/install/opencv_tools/lib/python3.10/site-packages/opencv_tools-0.0.0-py3.10.egg-info
[8.380s] running install_scripts
[8.478s] Installing img_pub_node script to /home/pi/ros2_pi_ws/install/opencv_tools/lib/opencv_tools
[8.479s] Installing img_sub_node script to /home/pi/ros2_pi_ws/install/opencv_tools/lib/opencv_tools
[8.481s] writing list of installed files to '/home/pi/ros2_pi_ws/build/opencv_tools/install.log'
[8.707s] Invoked command in '/home/pi/ros2_pi_ws/src/opencv_tools' returned '0': PYTHONPATH=/home/pi/ros2_pi_ws/build/opencv_tools/prefix_override:/usr/lib/python3/dist-packages/colcon_core/task/python/colcon_distutils_commands:/home/pi/ros2_pi_ws/install/opencv_tools/lib/python3.10/site-packages:${PYTHONPATH} /usr/bin/python3 -W ignore:setup.py install is deprecated -W ignore:easy_install command is deprecated setup.py egg_info --egg-base ../../build/opencv_tools build --build-base /home/pi/ros2_pi_ws/build/opencv_tools/build install --record /home/pi/ros2_pi_ws/build/opencv_tools/install.log --single-version-externally-managed install_data
