[3.341s] Invoking command in '/home/pi/microros_pi_ws/src/motor_control': PYTHONPATH=/home/pi/microros_pi_ws/build/motor_control/prefix_override:/usr/lib/python3/dist-packages/colcon_core/task/python/colcon_distutils_commands:/home/pi/microros_pi_ws/install/motor_control/lib/python3.10/site-packages:${PYTHONPATH} /usr/bin/python3 -W ignore:setup.py install is deprecated -W ignore:easy_install command is deprecated setup.py egg_info --egg-base ../../build/motor_control build --build-base /home/pi/microros_pi_ws/build/motor_control/build install --record /home/pi/microros_pi_ws/build/motor_control/install.log --single-version-externally-managed install_data
[4.276s] running egg_info
[4.279s] writing ../../build/motor_control/motor_control.egg-info/PKG-INFO
[4.280s] writing dependency_links to ../../build/motor_control/motor_control.egg-info/dependency_links.txt
[4.280s] writing entry points to ../../build/motor_control/motor_control.egg-info/entry_points.txt
[4.281s] writing requirements to ../../build/motor_control/motor_control.egg-info/requires.txt
[4.282s] writing top-level names to ../../build/motor_control/motor_control.egg-info/top_level.txt
[4.289s] reading manifest file '../../build/motor_control/motor_control.egg-info/SOURCES.txt'
[4.294s] writing manifest file '../../build/motor_control/motor_control.egg-info/SOURCES.txt'
[4.294s] running build
[4.294s] running build_py
[4.296s] running install
[4.297s] running install_lib
[4.302s] running install_data
[4.302s] running install_egg_info
[4.309s] removing '/home/pi/microros_pi_ws/install/motor_control/lib/python3.10/site-packages/motor_control-0.0.0-py3.10.egg-info' (and everything under it)
[4.311s] Copying ../../build/motor_control/motor_control.egg-info to /home/pi/microros_pi_ws/install/motor_control/lib/python3.10/site-packages/motor_control-0.0.0-py3.10.egg-info
[4.316s] running install_scripts
[4.392s] Installing motor_control_node script to /home/pi/microros_pi_ws/install/motor_control/lib/motor_control
[4.394s] writing list of installed files to '/home/pi/microros_pi_ws/build/motor_control/install.log'
[4.501s] Invoked command in '/home/pi/microros_pi_ws/src/motor_control' returned '0': PYTHONPATH=/home/pi/microros_pi_ws/build/motor_control/prefix_override:/usr/lib/python3/dist-packages/colcon_core/task/python/colcon_distutils_commands:/home/pi/microros_pi_ws/install/motor_control/lib/python3.10/site-packages:${PYTHONPATH} /usr/bin/python3 -W ignore:setup.py install is deprecated -W ignore:easy_install command is deprecated setup.py egg_info --egg-base ../../build/motor_control build --build-base /home/pi/microros_pi_ws/build/motor_control/build install --record /home/pi/microros_pi_ws/build/motor_control/install.log --single-version-externally-managed install_data
