[0.063s] Invoking command in '/home/pi/microros_pi_ws/build/robot_odom': CMAKE_PREFIX_PATH=${CMAKE_PREFIX_PATH}:/home/pi/microros_pi_ws/install/motor_control:/opt/ros/humble /usr/bin/cmake --build /home/pi/microros_pi_ws/build/robot_odom -- -j4 -l4
[0.671s] [100%] Built target odom
[0.719s] Invoked command in '/home/pi/microros_pi_ws/build/robot_odom' returned '0': CMAKE_PREFIX_PATH=${CMAKE_PREFIX_PATH}:/home/pi/microros_pi_ws/install/motor_control:/opt/ros/humble /usr/bin/cmake --build /home/pi/microros_pi_ws/build/robot_odom -- -j4 -l4
[0.735s] Invoking command in '/home/pi/microros_pi_ws/build/robot_odom': CMAKE_PREFIX_PATH=${CMAKE_PREFIX_PATH}:/home/pi/microros_pi_ws/install/motor_control:/opt/ros/humble /usr/bin/cmake --install /home/pi/microros_pi_ws/build/robot_odom
[0.769s] -- Install configuration: ""
[0.774s] -- Up-to-date: /home/pi/microros_pi_ws/install/robot_odom/lib/robot_odom/odom
[0.775s] -- Up-to-date: /home/pi/microros_pi_ws/install/robot_odom/share/ament_index/resource_index/package_run_dependencies/robot_odom
[0.777s] -- Up-to-date: /home/pi/microros_pi_ws/install/robot_odom/share/ament_index/resource_index/parent_prefix_path/robot_odom
[0.778s] -- Up-to-date: /home/pi/microros_pi_ws/install/robot_odom/share/robot_odom/environment/ament_prefix_path.sh
[0.779s] -- Up-to-date: /home/pi/microros_pi_ws/install/robot_odom/share/robot_odom/environment/ament_prefix_path.dsv
[0.780s] -- Up-to-date: /home/pi/microros_pi_ws/install/robot_odom/share/robot_odom/environment/path.sh
[0.780s] -- Up-to-date: /home/pi/microros_pi_ws/install/robot_odom/share/robot_odom/environment/path.dsv
[0.781s] -- Up-to-date: /home/pi/microros_pi_ws/install/robot_odom/share/robot_odom/local_setup.bash
[0.786s] -- Up-to-date: /home/pi/microros_pi_ws/install/robot_odom/share/robot_odom/local_setup.sh
[0.786s] -- Up-to-date: /home/pi/microros_pi_ws/install/robot_odom/share/robot_odom/local_setup.zsh
[0.787s] -- Up-to-date: /home/pi/microros_pi_ws/install/robot_odom/share/robot_odom/local_setup.dsv
[0.788s] -- Installing: /home/pi/microros_pi_ws/install/robot_odom/share/robot_odom/package.dsv
[0.793s] -- Up-to-date: /home/pi/microros_pi_ws/install/robot_odom/share/ament_index/resource_index/packages/robot_odom
[0.796s] -- Up-to-date: /home/pi/microros_pi_ws/install/robot_odom/share/robot_odom/cmake/robot_odomConfig.cmake
[0.797s] -- Up-to-date: /home/pi/microros_pi_ws/install/robot_odom/share/robot_odom/cmake/robot_odomConfig-version.cmake
[0.797s] -- Up-to-date: /home/pi/microros_pi_ws/install/robot_odom/share/robot_odom/package.xml
[0.806s] Invoked command in '/home/pi/microros_pi_ws/build/robot_odom' returned '0': CMAKE_PREFIX_PATH=${CMAKE_PREFIX_PATH}:/home/pi/microros_pi_ws/install/motor_control:/opt/ros/humble /usr/bin/cmake --install /home/pi/microros_pi_ws/build/robot_odom
