[4.445s] Invoking command in '/home/pi/microros_pi_ws/src/motor_control': PYTHONPATH=/home/pi/microros_pi_ws/build/motor_control/prefix_override:/usr/lib/python3/dist-packages/colcon_core/task/python/colcon_distutils_commands:/home/pi/microros_pi_ws/install/motor_control/lib/python3.10/site-packages:${PYTHONPATH} /usr/bin/python3 -W ignore:setup.py install is deprecated -W ignore:easy_install command is deprecated setup.py egg_info --egg-base ../../build/motor_control build --build-base /home/pi/microros_pi_ws/build/motor_control/build install --record /home/pi/microros_pi_ws/build/motor_control/install.log --single-version-externally-managed install_data
[5.798s] running egg_info
[5.802s] creating ../../build/motor_control/motor_control.egg-info
[5.803s] writing ../../build/motor_control/motor_control.egg-info/PKG-INFO
[5.804s] writing dependency_links to ../../build/motor_control/motor_control.egg-info/dependency_links.txt
[5.805s] writing entry points to ../../build/motor_control/motor_control.egg-info/entry_points.txt
[5.806s] writing requirements to ../../build/motor_control/motor_control.egg-info/requires.txt
[5.807s] writing top-level names to ../../build/motor_control/motor_control.egg-info/top_level.txt
[5.809s] writing manifest file '../../build/motor_control/motor_control.egg-info/SOURCES.txt'
[5.816s] reading manifest file '../../build/motor_control/motor_control.egg-info/SOURCES.txt'
[5.821s] writing manifest file '../../build/motor_control/motor_control.egg-info/SOURCES.txt'
[5.822s] running build
[5.822s] running build_py
[5.823s] creating /home/pi/microros_pi_ws/build/motor_control/build
[5.823s] creating /home/pi/microros_pi_ws/build/motor_control/build/lib
[5.824s] creating /home/pi/microros_pi_ws/build/motor_control/build/lib/motor_control
[5.824s] copying motor_control/__init__.py -> /home/pi/microros_pi_ws/build/motor_control/build/lib/motor_control
[5.825s] copying motor_control/motor.py -> /home/pi/microros_pi_ws/build/motor_control/build/lib/motor_control
[5.828s] running install
[5.829s] running install_lib
[5.837s] running install_data
[5.838s] running install_egg_info
[5.846s] removing '/home/pi/microros_pi_ws/install/motor_control/lib/python3.10/site-packages/motor_control-0.0.0-py3.10.egg-info' (and everything under it)
[5.848s] Copying ../../build/motor_control/motor_control.egg-info to /home/pi/microros_pi_ws/install/motor_control/lib/python3.10/site-packages/motor_control-0.0.0-py3.10.egg-info
[5.853s] running install_scripts
[5.944s] Installing motor_control_node script to /home/pi/microros_pi_ws/install/motor_control/lib/motor_control
[5.953s] writing list of installed files to '/home/pi/microros_pi_ws/build/motor_control/install.log'
[6.092s] Invoked command in '/home/pi/microros_pi_ws/src/motor_control' returned '0': PYTHONPATH=/home/pi/microros_pi_ws/build/motor_control/prefix_override:/usr/lib/python3/dist-packages/colcon_core/task/python/colcon_distutils_commands:/home/pi/microros_pi_ws/install/motor_control/lib/python3.10/site-packages:${PYTHONPATH} /usr/bin/python3 -W ignore:setup.py install is deprecated -W ignore:easy_install command is deprecated setup.py egg_info --egg-base ../../build/motor_control build --build-base /home/pi/microros_pi_ws/build/motor_control/build install --record /home/pi/microros_pi_ws/build/motor_control/install.log --single-version-externally-managed install_data
