[0.119s] Invoking command in '/home/pi/ros2_pi_ws/build/micro_ros_msgs': CMAKE_PREFIX_PATH=${CMAKE_PREFIX_PATH}:/home/pi/ros2_pi_ws/install/opencv_tools:/home/pi/ros2_pi_ws/install/myrobot:/home/pi/ros2_pi_ws/install/motor_control:/opt/ros/humble /usr/bin/cmake --build /home/pi/ros2_pi_ws/build/micro_ros_msgs -- -j4 -l4
[1.552s] [  2%] Built target micro_ros_msgs__cpp
[1.552s] [ 12%] Built target micro_ros_msgs__rosidl_generator_c
[1.553s] [ 12%] Built target ament_cmake_python_copy_micro_ros_msgs
[1.554s] [ 23%] Built target micro_ros_msgs__rosidl_typesupport_introspection_cpp
[1.556s] [ 34%] Built target micro_ros_msgs__rosidl_typesupport_cpp
[1.556s] [ 44%] Built target micro_ros_msgs__rosidl_typesupport_fastrtps_cpp
[1.559s] [ 55%] Built target micro_ros_msgs__rosidl_typesupport_fastrtps_c
[1.559s] [ 65%] Built target micro_ros_msgs__rosidl_typesupport_introspection_c
[1.561s] [ 76%] Built target micro_ros_msgs__rosidl_typesupport_c
[1.562s] [ 76%] Built target micro_ros_msgs
[1.562s] [ 78%] Built target micro_ros_msgs__py
[1.563s] [ 87%] Built target micro_ros_msgs__rosidl_generator_py
[1.563s] [ 91%] Built target micro_ros_msgs__rosidl_typesupport_fastrtps_c__pyext
[1.563s] [ 95%] Built target micro_ros_msgs__rosidl_typesupport_c__pyext
[1.564s] [100%] Built target micro_ros_msgs__rosidl_typesupport_introspection_c__pyext
[1.837s] running egg_info
[1.840s] writing micro_ros_msgs.egg-info/PKG-INFO
[1.841s] writing dependency_links to micro_ros_msgs.egg-info/dependency_links.txt
[1.842s] writing top-level names to micro_ros_msgs.egg-info/top_level.txt
[1.853s] reading manifest file 'micro_ros_msgs.egg-info/SOURCES.txt'
[1.856s] writing manifest file 'micro_ros_msgs.egg-info/SOURCES.txt'
[1.988s] [100%] Built target ament_cmake_python_build_micro_ros_msgs_egg
[2.927s] Invoked command in '/home/pi/ros2_pi_ws/build/micro_ros_msgs' returned '0': CMAKE_PREFIX_PATH=${CMAKE_PREFIX_PATH}:/home/pi/ros2_pi_ws/install/opencv_tools:/home/pi/ros2_pi_ws/install/myrobot:/home/pi/ros2_pi_ws/install/motor_control:/opt/ros/humble /usr/bin/cmake --build /home/pi/ros2_pi_ws/build/micro_ros_msgs -- -j4 -l4
[2.930s] Invoking command in '/home/pi/ros2_pi_ws/build/micro_ros_msgs': CMAKE_PREFIX_PATH=${CMAKE_PREFIX_PATH}:/home/pi/ros2_pi_ws/install/opencv_tools:/home/pi/ros2_pi_ws/install/myrobot:/home/pi/ros2_pi_ws/install/motor_control:/opt/ros/humble /usr/bin/cmake --install /home/pi/ros2_pi_ws/build/micro_ros_msgs
[2.967s] -- Install configuration: ""
[2.967s] -- Up-to-date: /home/pi/ros2_pi_ws/install/micro_ros_msgs/share/ament_index/resource_index/rosidl_interfaces/micro_ros_msgs
[2.967s] -- Up-to-date: /home/pi/ros2_pi_ws/install/micro_ros_msgs/include/micro_ros_msgs/micro_ros_msgs
[2.968s] -- Up-to-date: /home/pi/ros2_pi_ws/install/micro_ros_msgs/include/micro_ros_msgs/micro_ros_msgs/msg
[2.968s] -- Up-to-date: /home/pi/ros2_pi_ws/install/micro_ros_msgs/include/micro_ros_msgs/micro_ros_msgs/msg/graph.h
[2.973s] -- Up-to-date: /home/pi/ros2_pi_ws/install/micro_ros_msgs/include/micro_ros_msgs/micro_ros_msgs/msg/node.h
[2.974s] -- Up-to-date: /home/pi/ros2_pi_ws/install/micro_ros_msgs/include/micro_ros_msgs/micro_ros_msgs/msg/entity.h
[2.978s] -- Up-to-date: /home/pi/ros2_pi_ws/install/micro_ros_msgs/include/micro_ros_msgs/micro_ros_msgs/msg/rosidl_generator_c__visibility_control.h
[2.978s] -- Up-to-date: /home/pi/ros2_pi_ws/install/micro_ros_msgs/include/micro_ros_msgs/micro_ros_msgs/msg/detail
[2.979s] -- Up-to-date: /home/pi/ros2_pi_ws/install/micro_ros_msgs/include/micro_ros_msgs/micro_ros_msgs/msg/detail/entity__struct.h
[2.979s] -- Up-to-date: /home/pi/ros2_pi_ws/install/micro_ros_msgs/include/micro_ros_msgs/micro_ros_msgs/msg/detail/graph__functions.c
[2.979s] -- Up-to-date: /home/pi/ros2_pi_ws/install/micro_ros_msgs/include/micro_ros_msgs/micro_ros_msgs/msg/detail/entity__functions.h
[2.980s] -- Up-to-date: /home/pi/ros2_pi_ws/install/micro_ros_msgs/include/micro_ros_msgs/micro_ros_msgs/msg/detail/node__type_support.h
[2.981s] -- Up-to-date: /home/pi/ros2_pi_ws/install/micro_ros_msgs/include/micro_ros_msgs/micro_ros_msgs/msg/detail/graph__type_support.h
[2.981s] -- Up-to-date: /home/pi/ros2_pi_ws/install/micro_ros_msgs/include/micro_ros_msgs/micro_ros_msgs/msg/detail/node__functions.c
[2.982s] -- Up-to-date: /home/pi/ros2_pi_ws/install/micro_ros_msgs/include/micro_ros_msgs/micro_ros_msgs/msg/detail/graph__functions.h
[2.982s] -- Up-to-date: /home/pi/ros2_pi_ws/install/micro_ros_msgs/include/micro_ros_msgs/micro_ros_msgs/msg/detail/entity__type_support.h
[2.983s] -- Up-to-date: /home/pi/ros2_pi_ws/install/micro_ros_msgs/include/micro_ros_msgs/micro_ros_msgs/msg/detail/graph__struct.h
[2.983s] -- Up-to-date: /home/pi/ros2_pi_ws/install/micro_ros_msgs/include/micro_ros_msgs/micro_ros_msgs/msg/detail/entity__functions.c
[2.984s] -- Up-to-date: /home/pi/ros2_pi_ws/install/micro_ros_msgs/include/micro_ros_msgs/micro_ros_msgs/msg/detail/node__functions.h
[2.986s] -- Up-to-date: /home/pi/ros2_pi_ws/install/micro_ros_msgs/include/micro_ros_msgs/micro_ros_msgs/msg/detail/node__struct.h
[2.986s] -- Up-to-date: /home/pi/ros2_pi_ws/install/micro_ros_msgs/share/micro_ros_msgs/environment/library_path.sh
[2.987s] -- Up-to-date: /home/pi/ros2_pi_ws/install/micro_ros_msgs/share/micro_ros_msgs/environment/library_path.dsv
[2.988s] -- Up-to-date: /home/pi/ros2_pi_ws/install/micro_ros_msgs/lib/libmicro_ros_msgs__rosidl_generator_c.so
[2.990s] -- Up-to-date: /home/pi/ros2_pi_ws/install/micro_ros_msgs/include/micro_ros_msgs/micro_ros_msgs
[2.991s] -- Up-to-date: /home/pi/ros2_pi_ws/install/micro_ros_msgs/include/micro_ros_msgs/micro_ros_msgs/msg
[2.993s] -- Up-to-date: /home/pi/ros2_pi_ws/install/micro_ros_msgs/include/micro_ros_msgs/micro_ros_msgs/msg/rosidl_typesupport_fastrtps_c__visibility_control.h
[2.994s] -- Up-to-date: /home/pi/ros2_pi_ws/install/micro_ros_msgs/include/micro_ros_msgs/micro_ros_msgs/msg/detail
[2.995s] -- Up-to-date: /home/pi/ros2_pi_ws/install/micro_ros_msgs/include/micro_ros_msgs/micro_ros_msgs/msg/detail/node__rosidl_typesupport_fastrtps_c.h
[2.996s] -- Up-to-date: /home/pi/ros2_pi_ws/install/micro_ros_msgs/include/micro_ros_msgs/micro_ros_msgs/msg/detail/entity__rosidl_typesupport_fastrtps_c.h
[2.997s] -- Up-to-date: /home/pi/ros2_pi_ws/install/micro_ros_msgs/include/micro_ros_msgs/micro_ros_msgs/msg/detail/graph__rosidl_typesupport_fastrtps_c.h
[2.998s] -- Up-to-date: /home/pi/ros2_pi_ws/install/micro_ros_msgs/lib/libmicro_ros_msgs__rosidl_typesupport_fastrtps_c.so
[2.999s] -- Up-to-date: /home/pi/ros2_pi_ws/install/micro_ros_msgs/include/micro_ros_msgs/micro_ros_msgs
[2.999s] -- Up-to-date: /home/pi/ros2_pi_ws/install/micro_ros_msgs/include/micro_ros_msgs/micro_ros_msgs/msg
[3.000s] -- Up-to-date: /home/pi/ros2_pi_ws/install/micro_ros_msgs/include/micro_ros_msgs/micro_ros_msgs/msg/detail
[3.001s] -- Up-to-date: /home/pi/ros2_pi_ws/install/micro_ros_msgs/include/micro_ros_msgs/micro_ros_msgs/msg/detail/graph__rosidl_typesupport_introspection_c.h
[3.014s] -- Up-to-date: /home/pi/ros2_pi_ws/install/micro_ros_msgs/include/micro_ros_msgs/micro_ros_msgs/msg/detail/node__type_support.c
[3.014s] -- Up-to-date: /home/pi/ros2_pi_ws/install/micro_ros_msgs/include/micro_ros_msgs/micro_ros_msgs/msg/detail/node__rosidl_typesupport_introspection_c.h
[3.015s] -- Up-to-date: /home/pi/ros2_pi_ws/install/micro_ros_msgs/include/micro_ros_msgs/micro_ros_msgs/msg/detail/entity__rosidl_typesupport_introspection_c.h
[3.015s] -- Up-to-date: /home/pi/ros2_pi_ws/install/micro_ros_msgs/include/micro_ros_msgs/micro_ros_msgs/msg/detail/entity__type_support.c
[3.016s] -- Up-to-date: /home/pi/ros2_pi_ws/install/micro_ros_msgs/include/micro_ros_msgs/micro_ros_msgs/msg/detail/graph__type_support.c
[3.017s] -- Up-to-date: /home/pi/ros2_pi_ws/install/micro_ros_msgs/include/micro_ros_msgs/micro_ros_msgs/msg/rosidl_typesupport_introspection_c__visibility_control.h
[3.017s] -- Up-to-date: /home/pi/ros2_pi_ws/install/micro_ros_msgs/lib/libmicro_ros_msgs__rosidl_typesupport_introspection_c.so
[3.017s] -- Up-to-date: /home/pi/ros2_pi_ws/install/micro_ros_msgs/lib/libmicro_ros_msgs__rosidl_typesupport_c.so
[3.018s] -- Up-to-date: /home/pi/ros2_pi_ws/install/micro_ros_msgs/include/micro_ros_msgs/micro_ros_msgs
[3.019s] -- Up-to-date: /home/pi/ros2_pi_ws/install/micro_ros_msgs/include/micro_ros_msgs/micro_ros_msgs/msg
[3.019s] -- Up-to-date: /home/pi/ros2_pi_ws/install/micro_ros_msgs/include/micro_ros_msgs/micro_ros_msgs/msg/node.hpp
[3.020s] -- Up-to-date: /home/pi/ros2_pi_ws/install/micro_ros_msgs/include/micro_ros_msgs/micro_ros_msgs/msg/entity.hpp
[3.020s] -- Up-to-date: /home/pi/ros2_pi_ws/install/micro_ros_msgs/include/micro_ros_msgs/micro_ros_msgs/msg/graph.hpp
[3.021s] -- Up-to-date: /home/pi/ros2_pi_ws/install/micro_ros_msgs/include/micro_ros_msgs/micro_ros_msgs/msg/detail
[3.022s] -- Up-to-date: /home/pi/ros2_pi_ws/install/micro_ros_msgs/include/micro_ros_msgs/micro_ros_msgs/msg/detail/node__traits.hpp
[3.022s] -- Up-to-date: /home/pi/ros2_pi_ws/install/micro_ros_msgs/include/micro_ros_msgs/micro_ros_msgs/msg/detail/graph__struct.hpp
[3.023s] -- Up-to-date: /home/pi/ros2_pi_ws/install/micro_ros_msgs/include/micro_ros_msgs/micro_ros_msgs/msg/detail/entity__type_support.hpp
[3.030s] -- Up-to-date: /home/pi/ros2_pi_ws/install/micro_ros_msgs/include/micro_ros_msgs/micro_ros_msgs/msg/detail/entity__builder.hpp
[3.031s] -- Up-to-date: /home/pi/ros2_pi_ws/install/micro_ros_msgs/include/micro_ros_msgs/micro_ros_msgs/msg/detail/node__builder.hpp
[3.031s] -- Up-to-date: /home/pi/ros2_pi_ws/install/micro_ros_msgs/include/micro_ros_msgs/micro_ros_msgs/msg/detail/graph__builder.hpp
[3.032s] -- Up-to-date: /home/pi/ros2_pi_ws/install/micro_ros_msgs/include/micro_ros_msgs/micro_ros_msgs/msg/detail/node__type_support.hpp
[3.032s] -- Up-to-date: /home/pi/ros2_pi_ws/install/micro_ros_msgs/include/micro_ros_msgs/micro_ros_msgs/msg/detail/node__struct.hpp
[3.033s] -- Up-to-date: /home/pi/ros2_pi_ws/install/micro_ros_msgs/include/micro_ros_msgs/micro_ros_msgs/msg/detail/entity__traits.hpp
[3.033s] -- Up-to-date: /home/pi/ros2_pi_ws/install/micro_ros_msgs/include/micro_ros_msgs/micro_ros_msgs/msg/detail/graph__traits.hpp
[3.040s] -- Up-to-date: /home/pi/ros2_pi_ws/install/micro_ros_msgs/include/micro_ros_msgs/micro_ros_msgs/msg/detail/graph__type_support.hpp
[3.041s] -- Up-to-date: /home/pi/ros2_pi_ws/install/micro_ros_msgs/include/micro_ros_msgs/micro_ros_msgs/msg/detail/entity__struct.hpp
[3.047s] -- Up-to-date: /home/pi/ros2_pi_ws/install/micro_ros_msgs/include/micro_ros_msgs/micro_ros_msgs/msg/rosidl_generator_cpp__visibility_control.hpp
[3.049s] -- Up-to-date: /home/pi/ros2_pi_ws/install/micro_ros_msgs/include/micro_ros_msgs/micro_ros_msgs
[3.051s] -- Up-to-date: /home/pi/ros2_pi_ws/install/micro_ros_msgs/include/micro_ros_msgs/micro_ros_msgs/msg
[3.052s] -- Up-to-date: /home/pi/ros2_pi_ws/install/micro_ros_msgs/include/micro_ros_msgs/micro_ros_msgs/msg/rosidl_typesupport_fastrtps_cpp__visibility_control.h
[3.052s] -- Up-to-date: /home/pi/ros2_pi_ws/install/micro_ros_msgs/include/micro_ros_msgs/micro_ros_msgs/msg/detail
[3.053s] -- Up-to-date: /home/pi/ros2_pi_ws/install/micro_ros_msgs/include/micro_ros_msgs/micro_ros_msgs/msg/detail/node__rosidl_typesupport_fastrtps_cpp.hpp
[3.054s] -- Up-to-date: /home/pi/ros2_pi_ws/install/micro_ros_msgs/include/micro_ros_msgs/micro_ros_msgs/msg/detail/dds_fastrtps
[3.054s] -- Up-to-date: /home/pi/ros2_pi_ws/install/micro_ros_msgs/include/micro_ros_msgs/micro_ros_msgs/msg/detail/entity__rosidl_typesupport_fastrtps_cpp.hpp
[3.055s] -- Up-to-date: /home/pi/ros2_pi_ws/install/micro_ros_msgs/include/micro_ros_msgs/micro_ros_msgs/msg/detail/graph__rosidl_typesupport_fastrtps_cpp.hpp
[3.056s] -- Up-to-date: /home/pi/ros2_pi_ws/install/micro_ros_msgs/lib/libmicro_ros_msgs__rosidl_typesupport_fastrtps_cpp.so
[3.056s] -- Up-to-date: /home/pi/ros2_pi_ws/install/micro_ros_msgs/include/micro_ros_msgs/micro_ros_msgs
[3.057s] -- Up-to-date: /home/pi/ros2_pi_ws/install/micro_ros_msgs/include/micro_ros_msgs/micro_ros_msgs/msg
[3.058s] -- Up-to-date: /home/pi/ros2_pi_ws/install/micro_ros_msgs/include/micro_ros_msgs/micro_ros_msgs/msg/detail
[3.058s] -- Up-to-date: /home/pi/ros2_pi_ws/install/micro_ros_msgs/include/micro_ros_msgs/micro_ros_msgs/msg/detail/node__rosidl_typesupport_introspection_cpp.hpp
[3.059s] -- Up-to-date: /home/pi/ros2_pi_ws/install/micro_ros_msgs/include/micro_ros_msgs/micro_ros_msgs/msg/detail/graph__type_support.cpp
[3.059s] -- Up-to-date: /home/pi/ros2_pi_ws/install/micro_ros_msgs/include/micro_ros_msgs/micro_ros_msgs/msg/detail/entity__rosidl_typesupport_introspection_cpp.hpp
[3.060s] -- Up-to-date: /home/pi/ros2_pi_ws/install/micro_ros_msgs/include/micro_ros_msgs/micro_ros_msgs/msg/detail/entity__type_support.cpp
[3.060s] -- Up-to-date: /home/pi/ros2_pi_ws/install/micro_ros_msgs/include/micro_ros_msgs/micro_ros_msgs/msg/detail/node__type_support.cpp
[3.061s] -- Up-to-date: /home/pi/ros2_pi_ws/install/micro_ros_msgs/include/micro_ros_msgs/micro_ros_msgs/msg/detail/graph__rosidl_typesupport_introspection_cpp.hpp
[3.061s] -- Up-to-date: /home/pi/ros2_pi_ws/install/micro_ros_msgs/lib/libmicro_ros_msgs__rosidl_typesupport_introspection_cpp.so
[3.062s] -- Up-to-date: /home/pi/ros2_pi_ws/install/micro_ros_msgs/lib/libmicro_ros_msgs__rosidl_typesupport_cpp.so
[3.062s] -- Up-to-date: /home/pi/ros2_pi_ws/install/micro_ros_msgs/share/micro_ros_msgs/environment/pythonpath.sh
[3.063s] -- Up-to-date: /home/pi/ros2_pi_ws/install/micro_ros_msgs/share/micro_ros_msgs/environment/pythonpath.dsv
[3.063s] -- Up-to-date: /home/pi/ros2_pi_ws/install/micro_ros_msgs/local/lib/python3.10/dist-packages/micro_ros_msgs-3.0.1-py3.10.egg-info
[3.064s] -- Installing: /home/pi/ros2_pi_ws/install/micro_ros_msgs/local/lib/python3.10/dist-packages/micro_ros_msgs-3.0.1-py3.10.egg-info/PKG-INFO
[3.064s] -- Installing: /home/pi/ros2_pi_ws/install/micro_ros_msgs/local/lib/python3.10/dist-packages/micro_ros_msgs-3.0.1-py3.10.egg-info/top_level.txt
[3.065s] -- Installing: /home/pi/ros2_pi_ws/install/micro_ros_msgs/local/lib/python3.10/dist-packages/micro_ros_msgs-3.0.1-py3.10.egg-info/SOURCES.txt
[3.066s] -- Installing: /home/pi/ros2_pi_ws/install/micro_ros_msgs/local/lib/python3.10/dist-packages/micro_ros_msgs-3.0.1-py3.10.egg-info/dependency_links.txt
[3.066s] -- Up-to-date: /home/pi/ros2_pi_ws/install/micro_ros_msgs/local/lib/python3.10/dist-packages/micro_ros_msgs
[3.067s] -- Up-to-date: /home/pi/ros2_pi_ws/install/micro_ros_msgs/local/lib/python3.10/dist-packages/micro_ros_msgs/micro_ros_msgs_s__rosidl_typesupport_fastrtps_c.cpython-310-aarch64-linux-gnu.so
[3.067s] -- Up-to-date: /home/pi/ros2_pi_ws/install/micro_ros_msgs/local/lib/python3.10/dist-packages/micro_ros_msgs/_micro_ros_msgs_s.ep.rosidl_typesupport_introspection_c.c
[3.068s] -- Up-to-date: /home/pi/ros2_pi_ws/install/micro_ros_msgs/local/lib/python3.10/dist-packages/micro_ros_msgs/__init__.py
[3.069s] -- Up-to-date: /home/pi/ros2_pi_ws/install/micro_ros_msgs/local/lib/python3.10/dist-packages/micro_ros_msgs/micro_ros_msgs_s__rosidl_typesupport_c.cpython-310-aarch64-linux-gnu.so
[3.070s] -- Up-to-date: /home/pi/ros2_pi_ws/install/micro_ros_msgs/local/lib/python3.10/dist-packages/micro_ros_msgs/micro_ros_msgs_s__rosidl_typesupport_introspection_c.cpython-310-aarch64-linux-gnu.so
[3.070s] -- Up-to-date: /home/pi/ros2_pi_ws/install/micro_ros_msgs/local/lib/python3.10/dist-packages/micro_ros_msgs/_micro_ros_msgs_s.ep.rosidl_typesupport_fastrtps_c.c
[3.071s] -- Up-to-date: /home/pi/ros2_pi_ws/install/micro_ros_msgs/local/lib/python3.10/dist-packages/micro_ros_msgs/_micro_ros_msgs_s.ep.rosidl_typesupport_c.c
[3.071s] -- Up-to-date: /home/pi/ros2_pi_ws/install/micro_ros_msgs/local/lib/python3.10/dist-packages/micro_ros_msgs/msg
[3.072s] -- Up-to-date: /home/pi/ros2_pi_ws/install/micro_ros_msgs/local/lib/python3.10/dist-packages/micro_ros_msgs/msg/_node_s.c
[3.072s] -- Up-to-date: /home/pi/ros2_pi_ws/install/micro_ros_msgs/local/lib/python3.10/dist-packages/micro_ros_msgs/msg/__init__.py
[3.073s] -- Up-to-date: /home/pi/ros2_pi_ws/install/micro_ros_msgs/local/lib/python3.10/dist-packages/micro_ros_msgs/msg/_graph_s.c
[3.073s] -- Up-to-date: /home/pi/ros2_pi_ws/install/micro_ros_msgs/local/lib/python3.10/dist-packages/micro_ros_msgs/msg/_entity.py
[3.074s] -- Up-to-date: /home/pi/ros2_pi_ws/install/micro_ros_msgs/local/lib/python3.10/dist-packages/micro_ros_msgs/msg/_graph.py
[3.074s] -- Up-to-date: /home/pi/ros2_pi_ws/install/micro_ros_msgs/local/lib/python3.10/dist-packages/micro_ros_msgs/msg/_entity_s.c
[3.074s] -- Up-to-date: /home/pi/ros2_pi_ws/install/micro_ros_msgs/local/lib/python3.10/dist-packages/micro_ros_msgs/msg/_node.py
[3.075s] -- Up-to-date: /home/pi/ros2_pi_ws/install/micro_ros_msgs/local/lib/python3.10/dist-packages/micro_ros_msgs/libmicro_ros_msgs__rosidl_generator_py.so
[3.289s] Listing '/home/pi/ros2_pi_ws/install/micro_ros_msgs/local/lib/python3.10/dist-packages/micro_ros_msgs'...
[3.290s] Listing '/home/pi/ros2_pi_ws/install/micro_ros_msgs/local/lib/python3.10/dist-packages/micro_ros_msgs/msg'...
[3.322s] -- Up-to-date: /home/pi/ros2_pi_ws/install/micro_ros_msgs/local/lib/python3.10/dist-packages/micro_ros_msgs/micro_ros_msgs_s__rosidl_typesupport_fastrtps_c.cpython-310-aarch64-linux-gnu.so
[3.325s] -- Up-to-date: /home/pi/ros2_pi_ws/install/micro_ros_msgs/local/lib/python3.10/dist-packages/micro_ros_msgs/micro_ros_msgs_s__rosidl_typesupport_introspection_c.cpython-310-aarch64-linux-gnu.so
[3.328s] -- Up-to-date: /home/pi/ros2_pi_ws/install/micro_ros_msgs/local/lib/python3.10/dist-packages/micro_ros_msgs/micro_ros_msgs_s__rosidl_typesupport_c.cpython-310-aarch64-linux-gnu.so
[3.331s] -- Up-to-date: /home/pi/ros2_pi_ws/install/micro_ros_msgs/lib/libmicro_ros_msgs__rosidl_generator_py.so
[3.333s] -- Up-to-date: /home/pi/ros2_pi_ws/install/micro_ros_msgs/share/micro_ros_msgs/msg/Graph.idl
[3.335s] -- Up-to-date: /home/pi/ros2_pi_ws/install/micro_ros_msgs/share/micro_ros_msgs/msg/Node.idl
[3.338s] -- Up-to-date: /home/pi/ros2_pi_ws/install/micro_ros_msgs/share/micro_ros_msgs/msg/Entity.idl
[3.340s] -- Up-to-date: /home/pi/ros2_pi_ws/install/micro_ros_msgs/share/micro_ros_msgs/msg/Graph.msg
[3.341s] -- Up-to-date: /home/pi/ros2_pi_ws/install/micro_ros_msgs/share/micro_ros_msgs/msg/Node.msg
[3.342s] -- Up-to-date: /home/pi/ros2_pi_ws/install/micro_ros_msgs/share/micro_ros_msgs/msg/Entity.msg
[3.342s] -- Up-to-date: /home/pi/ros2_pi_ws/install/micro_ros_msgs/share/ament_index/resource_index/package_run_dependencies/micro_ros_msgs
[3.343s] -- Up-to-date: /home/pi/ros2_pi_ws/install/micro_ros_msgs/share/ament_index/resource_index/parent_prefix_path/micro_ros_msgs
[3.345s] -- Up-to-date: /home/pi/ros2_pi_ws/install/micro_ros_msgs/share/micro_ros_msgs/environment/ament_prefix_path.sh
[3.348s] -- Up-to-date: /home/pi/ros2_pi_ws/install/micro_ros_msgs/share/micro_ros_msgs/environment/ament_prefix_path.dsv
[3.349s] -- Up-to-date: /home/pi/ros2_pi_ws/install/micro_ros_msgs/share/micro_ros_msgs/environment/path.sh
[3.351s] -- Up-to-date: /home/pi/ros2_pi_ws/install/micro_ros_msgs/share/micro_ros_msgs/environment/path.dsv
[3.353s] -- Up-to-date: /home/pi/ros2_pi_ws/install/micro_ros_msgs/share/micro_ros_msgs/local_setup.bash
[3.355s] -- Up-to-date: /home/pi/ros2_pi_ws/install/micro_ros_msgs/share/micro_ros_msgs/local_setup.sh
[3.355s] -- Up-to-date: /home/pi/ros2_pi_ws/install/micro_ros_msgs/share/micro_ros_msgs/local_setup.zsh
[3.356s] -- Up-to-date: /home/pi/ros2_pi_ws/install/micro_ros_msgs/share/micro_ros_msgs/local_setup.dsv
[3.357s] -- Installing: /home/pi/ros2_pi_ws/install/micro_ros_msgs/share/micro_ros_msgs/package.dsv
[3.357s] -- Up-to-date: /home/pi/ros2_pi_ws/install/micro_ros_msgs/share/ament_index/resource_index/packages/micro_ros_msgs
[3.358s] -- Up-to-date: /home/pi/ros2_pi_ws/install/micro_ros_msgs/share/micro_ros_msgs/cmake/export_micro_ros_msgs__rosidl_generator_cExport.cmake
[3.358s] -- Up-to-date: /home/pi/ros2_pi_ws/install/micro_ros_msgs/share/micro_ros_msgs/cmake/export_micro_ros_msgs__rosidl_generator_cExport-noconfig.cmake
[3.359s] -- Up-to-date: /home/pi/ros2_pi_ws/install/micro_ros_msgs/share/micro_ros_msgs/cmake/export_micro_ros_msgs__rosidl_typesupport_fastrtps_cExport.cmake
[3.360s] -- Up-to-date: /home/pi/ros2_pi_ws/install/micro_ros_msgs/share/micro_ros_msgs/cmake/export_micro_ros_msgs__rosidl_typesupport_fastrtps_cExport-noconfig.cmake
[3.360s] -- Up-to-date: /home/pi/ros2_pi_ws/install/micro_ros_msgs/share/micro_ros_msgs/cmake/micro_ros_msgs__rosidl_typesupport_introspection_cExport.cmake
[3.361s] -- Up-to-date: /home/pi/ros2_pi_ws/install/micro_ros_msgs/share/micro_ros_msgs/cmake/micro_ros_msgs__rosidl_typesupport_introspection_cExport-noconfig.cmake
[3.361s] -- Up-to-date: /home/pi/ros2_pi_ws/install/micro_ros_msgs/share/micro_ros_msgs/cmake/micro_ros_msgs__rosidl_typesupport_cExport.cmake
[3.362s] -- Up-to-date: /home/pi/ros2_pi_ws/install/micro_ros_msgs/share/micro_ros_msgs/cmake/micro_ros_msgs__rosidl_typesupport_cExport-noconfig.cmake
[3.362s] -- Up-to-date: /home/pi/ros2_pi_ws/install/micro_ros_msgs/share/micro_ros_msgs/cmake/export_micro_ros_msgs__rosidl_generator_cppExport.cmake
[3.363s] -- Up-to-date: /home/pi/ros2_pi_ws/install/micro_ros_msgs/share/micro_ros_msgs/cmake/export_micro_ros_msgs__rosidl_typesupport_fastrtps_cppExport.cmake
[3.364s] -- Up-to-date: /home/pi/ros2_pi_ws/install/micro_ros_msgs/share/micro_ros_msgs/cmake/export_micro_ros_msgs__rosidl_typesupport_fastrtps_cppExport-noconfig.cmake
[3.364s] -- Up-to-date: /home/pi/ros2_pi_ws/install/micro_ros_msgs/share/micro_ros_msgs/cmake/micro_ros_msgs__rosidl_typesupport_introspection_cppExport.cmake
[3.365s] -- Up-to-date: /home/pi/ros2_pi_ws/install/micro_ros_msgs/share/micro_ros_msgs/cmake/micro_ros_msgs__rosidl_typesupport_introspection_cppExport-noconfig.cmake
[3.366s] -- Up-to-date: /home/pi/ros2_pi_ws/install/micro_ros_msgs/share/micro_ros_msgs/cmake/micro_ros_msgs__rosidl_typesupport_cppExport.cmake
[3.367s] -- Up-to-date: /home/pi/ros2_pi_ws/install/micro_ros_msgs/share/micro_ros_msgs/cmake/micro_ros_msgs__rosidl_typesupport_cppExport-noconfig.cmake
[3.369s] -- Up-to-date: /home/pi/ros2_pi_ws/install/micro_ros_msgs/share/micro_ros_msgs/cmake/export_micro_ros_msgs__rosidl_generator_pyExport.cmake
[3.370s] -- Up-to-date: /home/pi/ros2_pi_ws/install/micro_ros_msgs/share/micro_ros_msgs/cmake/export_micro_ros_msgs__rosidl_generator_pyExport-noconfig.cmake
[3.371s] -- Up-to-date: /home/pi/ros2_pi_ws/install/micro_ros_msgs/share/micro_ros_msgs/cmake/rosidl_cmake-extras.cmake
[3.373s] -- Up-to-date: /home/pi/ros2_pi_ws/install/micro_ros_msgs/share/micro_ros_msgs/cmake/ament_cmake_export_include_directories-extras.cmake
[3.374s] -- Up-to-date: /home/pi/ros2_pi_ws/install/micro_ros_msgs/share/micro_ros_msgs/cmake/ament_cmake_export_libraries-extras.cmake
[3.374s] -- Up-to-date: /home/pi/ros2_pi_ws/install/micro_ros_msgs/share/micro_ros_msgs/cmake/ament_cmake_export_targets-extras.cmake
[3.375s] -- Up-to-date: /home/pi/ros2_pi_ws/install/micro_ros_msgs/share/micro_ros_msgs/cmake/rosidl_cmake_export_typesupport_targets-extras.cmake
[3.375s] -- Up-to-date: /home/pi/ros2_pi_ws/install/micro_ros_msgs/share/micro_ros_msgs/cmake/ament_cmake_export_dependencies-extras.cmake
[3.376s] -- Up-to-date: /home/pi/ros2_pi_ws/install/micro_ros_msgs/share/micro_ros_msgs/cmake/rosidl_cmake_export_typesupport_libraries-extras.cmake
[3.376s] -- Up-to-date: /home/pi/ros2_pi_ws/install/micro_ros_msgs/share/micro_ros_msgs/cmake/micro_ros_msgsConfig.cmake
[3.377s] -- Up-to-date: /home/pi/ros2_pi_ws/install/micro_ros_msgs/share/micro_ros_msgs/cmake/micro_ros_msgsConfig-version.cmake
[3.378s] -- Up-to-date: /home/pi/ros2_pi_ws/install/micro_ros_msgs/share/micro_ros_msgs/package.xml
[4.462s] Invoked command in '/home/pi/ros2_pi_ws/build/micro_ros_msgs' returned '0': CMAKE_PREFIX_PATH=${CMAKE_PREFIX_PATH}:/home/pi/ros2_pi_ws/install/opencv_tools:/home/pi/ros2_pi_ws/install/myrobot:/home/pi/ros2_pi_ws/install/motor_control:/opt/ros/humble /usr/bin/cmake --install /home/pi/ros2_pi_ws/build/micro_ros_msgs
