[0.443s] DEBUG:colcon:Command line arguments: ['/usr/bin/colcon', 'build']
[0.443s] DEBUG:colcon:Parsed command line arguments: Namespace(log_base=None, log_level=None, verb_name='build', build_base='build', install_base='install', merge_install=False, symlink_install=False, test_result_base=None, continue_on_error=False, executor='parallel', parallel_workers=4, event_handlers=None, ignore_user_meta=False, metas=['./colcon.meta'], base_paths=['.'], packages_ignore=None, packages_ignore_regex=None, paths=None, packages_up_to=None, packages_up_to_regex=None, packages_above=None, packages_above_and_dependencies=None, packages_above_depth=None, packages_select_by_dep=None, packages_skip_by_dep=None, packages_skip_up_to=None, packages_select_build_failed=False, packages_skip_build_finished=False, packages_select_test_failures=False, packages_skip_test_passed=False, packages_select=None, packages_skip=None, packages_select_regex=None, packages_skip_regex=None, packages_start=None, packages_end=None, allow_overriding=[], cmake_args=None, cmake_target=None, cmake_target_skip_unavailable=False, cmake_clean_cache=False, cmake_clean_first=False, cmake_force_configure=False, ament_cmake_args=None, catkin_cmake_args=None, catkin_skip_building_tests=False, mixin_files=None, mixin=None, verb_parser=<colcon_mixin.mixin.mixin_argument.MixinArgumentDecorator object at 0xffffa3eac520>, verb_extension=<colcon_core.verb.build.BuildVerb object at 0xffffa3fdca90>, main=<bound method BuildVerb.main of <colcon_core.verb.build.BuildVerb object at 0xffffa3fdca90>>, mixin_verb=('build',))
[1.120s] Level 1:colcon.colcon_core.package_discovery:discover_packages(colcon_meta) check parameters
[1.120s] Level 1:colcon.colcon_core.package_discovery:discover_packages(recursive) check parameters
[1.120s] Level 1:colcon.colcon_core.package_discovery:discover_packages(ignore) check parameters
[1.120s] Level 1:colcon.colcon_core.package_discovery:discover_packages(path) check parameters
[1.120s] Level 1:colcon.colcon_core.package_discovery:discover_packages(colcon_meta) discover
[1.121s] Level 1:colcon.colcon_core.package_discovery:discover_packages(recursive) discover
[1.121s] INFO:colcon.colcon_core.package_discovery:Crawling recursively for packages in '/home/pi/ros2_pi_ws'
[1.121s] Level 1:colcon.colcon_core.package_identification:_identify(.) by extensions ['ignore', 'ignore_ament_install']
[1.121s] Level 1:colcon.colcon_core.package_identification:_identify(.) by extension 'ignore'
[1.122s] Level 1:colcon.colcon_core.package_identification:_identify(.) by extension 'ignore_ament_install'
[1.122s] Level 1:colcon.colcon_core.package_identification:_identify(.) by extensions ['colcon_pkg']
[1.122s] Level 1:colcon.colcon_core.package_identification:_identify(.) by extension 'colcon_pkg'
[1.122s] Level 1:colcon.colcon_core.package_identification:_identify(.) by extensions ['colcon_meta']
[1.122s] Level 1:colcon.colcon_core.package_identification:_identify(.) by extension 'colcon_meta'
[1.122s] Level 1:colcon.colcon_core.package_identification:_identify(.) by extensions ['ros']
[1.122s] Level 1:colcon.colcon_core.package_identification:_identify(.) by extension 'ros'
[1.170s] Level 1:colcon.colcon_core.package_identification:_identify(.) by extensions ['cmake', 'python']
[1.170s] Level 1:colcon.colcon_core.package_identification:_identify(.) by extension 'cmake'
[1.171s] Level 1:colcon.colcon_core.package_identification:_identify(.) by extension 'python'
[1.171s] Level 1:colcon.colcon_core.package_identification:_identify(.) by extensions ['python_setup_py']
[1.171s] Level 1:colcon.colcon_core.package_identification:_identify(.) by extension 'python_setup_py'
[1.172s] Level 1:colcon.colcon_core.package_identification:_identify(build) by extensions ['ignore', 'ignore_ament_install']
[1.172s] Level 1:colcon.colcon_core.package_identification:_identify(build) by extension 'ignore'
[1.172s] Level 1:colcon.colcon_core.package_identification:_identify(build) ignored
[1.173s] Level 1:colcon.colcon_core.package_identification:_identify(install) by extensions ['ignore', 'ignore_ament_install']
[1.173s] Level 1:colcon.colcon_core.package_identification:_identify(install) by extension 'ignore'
[1.173s] Level 1:colcon.colcon_core.package_identification:_identify(install) ignored
[1.174s] Level 1:colcon.colcon_core.package_identification:_identify(log) by extensions ['ignore', 'ignore_ament_install']
[1.174s] Level 1:colcon.colcon_core.package_identification:_identify(log) by extension 'ignore'
[1.174s] Level 1:colcon.colcon_core.package_identification:_identify(log) ignored
[1.175s] Level 1:colcon.colcon_core.package_identification:_identify(src) by extensions ['ignore', 'ignore_ament_install']
[1.175s] Level 1:colcon.colcon_core.package_identification:_identify(src) by extension 'ignore'
[1.175s] Level 1:colcon.colcon_core.package_identification:_identify(src) by extension 'ignore_ament_install'
[1.176s] Level 1:colcon.colcon_core.package_identification:_identify(src) by extensions ['colcon_pkg']
[1.176s] Level 1:colcon.colcon_core.package_identification:_identify(src) by extension 'colcon_pkg'
[1.176s] Level 1:colcon.colcon_core.package_identification:_identify(src) by extensions ['colcon_meta']
[1.176s] Level 1:colcon.colcon_core.package_identification:_identify(src) by extension 'colcon_meta'
[1.176s] Level 1:colcon.colcon_core.package_identification:_identify(src) by extensions ['ros']
[1.176s] Level 1:colcon.colcon_core.package_identification:_identify(src) by extension 'ros'
[1.177s] Level 1:colcon.colcon_core.package_identification:_identify(src) by extensions ['cmake', 'python']
[1.177s] Level 1:colcon.colcon_core.package_identification:_identify(src) by extension 'cmake'
[1.177s] Level 1:colcon.colcon_core.package_identification:_identify(src) by extension 'python'
[1.177s] Level 1:colcon.colcon_core.package_identification:_identify(src) by extensions ['python_setup_py']
[1.177s] Level 1:colcon.colcon_core.package_identification:_identify(src) by extension 'python_setup_py'
[1.178s] Level 1:colcon.colcon_core.package_identification:_identify(src/micro_ros_setup) by extensions ['ignore', 'ignore_ament_install']
[1.178s] Level 1:colcon.colcon_core.package_identification:_identify(src/micro_ros_setup) by extension 'ignore'
[1.178s] Level 1:colcon.colcon_core.package_identification:_identify(src/micro_ros_setup) by extension 'ignore_ament_install'
[1.178s] Level 1:colcon.colcon_core.package_identification:_identify(src/micro_ros_setup) by extensions ['colcon_pkg']
[1.179s] Level 1:colcon.colcon_core.package_identification:_identify(src/micro_ros_setup) by extension 'colcon_pkg'
[1.179s] Level 1:colcon.colcon_core.package_identification:_identify(src/micro_ros_setup) by extensions ['colcon_meta']
[1.179s] Level 1:colcon.colcon_core.package_identification:_identify(src/micro_ros_setup) by extension 'colcon_meta'
[1.179s] Level 1:colcon.colcon_core.package_identification:_identify(src/micro_ros_setup) by extensions ['ros']
[1.179s] Level 1:colcon.colcon_core.package_identification:_identify(src/micro_ros_setup) by extension 'ros'
[1.188s] DEBUG:colcon.colcon_core.package_identification:Package 'src/micro_ros_setup' with type 'ros.ament_cmake' and name 'micro_ros_setup'
[1.189s] Level 1:colcon.colcon_core.package_identification:_identify(src/motor_control) by extensions ['ignore', 'ignore_ament_install']
[1.189s] Level 1:colcon.colcon_core.package_identification:_identify(src/motor_control) by extension 'ignore'
[1.190s] Level 1:colcon.colcon_core.package_identification:_identify(src/motor_control) by extension 'ignore_ament_install'
[1.190s] Level 1:colcon.colcon_core.package_identification:_identify(src/motor_control) by extensions ['colcon_pkg']
[1.190s] Level 1:colcon.colcon_core.package_identification:_identify(src/motor_control) by extension 'colcon_pkg'
[1.190s] Level 1:colcon.colcon_core.package_identification:_identify(src/motor_control) by extensions ['colcon_meta']
[1.190s] Level 1:colcon.colcon_core.package_identification:_identify(src/motor_control) by extension 'colcon_meta'
[1.190s] Level 1:colcon.colcon_core.package_identification:_identify(src/motor_control) by extensions ['ros']
[1.190s] Level 1:colcon.colcon_core.package_identification:_identify(src/motor_control) by extension 'ros'
[1.192s] DEBUG:colcon.colcon_core.package_identification:Package 'src/motor_control' with type 'ros.ament_python' and name 'motor_control'
[1.193s] Level 1:colcon.colcon_core.package_identification:_identify(src/myrobot) by extensions ['ignore', 'ignore_ament_install']
[1.193s] Level 1:colcon.colcon_core.package_identification:_identify(src/myrobot) by extension 'ignore'
[1.194s] Level 1:colcon.colcon_core.package_identification:_identify(src/myrobot) by extension 'ignore_ament_install'
[1.194s] Level 1:colcon.colcon_core.package_identification:_identify(src/myrobot) by extensions ['colcon_pkg']
[1.194s] Level 1:colcon.colcon_core.package_identification:_identify(src/myrobot) by extension 'colcon_pkg'
[1.194s] Level 1:colcon.colcon_core.package_identification:_identify(src/myrobot) by extensions ['colcon_meta']
[1.194s] Level 1:colcon.colcon_core.package_identification:_identify(src/myrobot) by extension 'colcon_meta'
[1.194s] Level 1:colcon.colcon_core.package_identification:_identify(src/myrobot) by extensions ['ros']
[1.194s] Level 1:colcon.colcon_core.package_identification:_identify(src/myrobot) by extension 'ros'
[1.197s] DEBUG:colcon.colcon_core.package_identification:Package 'src/myrobot' with type 'ros.ament_python' and name 'myrobot'
[1.197s] Level 1:colcon.colcon_core.package_identification:_identify(src/opencv_tools) by extensions ['ignore', 'ignore_ament_install']
[1.198s] Level 1:colcon.colcon_core.package_identification:_identify(src/opencv_tools) by extension 'ignore'
[1.198s] Level 1:colcon.colcon_core.package_identification:_identify(src/opencv_tools) by extension 'ignore_ament_install'
[1.198s] Level 1:colcon.colcon_core.package_identification:_identify(src/opencv_tools) by extensions ['colcon_pkg']
[1.198s] Level 1:colcon.colcon_core.package_identification:_identify(src/opencv_tools) by extension 'colcon_pkg'
[1.198s] Level 1:colcon.colcon_core.package_identification:_identify(src/opencv_tools) by extensions ['colcon_meta']
[1.199s] Level 1:colcon.colcon_core.package_identification:_identify(src/opencv_tools) by extension 'colcon_meta'
[1.199s] Level 1:colcon.colcon_core.package_identification:_identify(src/opencv_tools) by extensions ['ros']
[1.199s] Level 1:colcon.colcon_core.package_identification:_identify(src/opencv_tools) by extension 'ros'
[1.203s] DEBUG:colcon.colcon_core.package_identification:Package 'src/opencv_tools' with type 'ros.ament_python' and name 'opencv_tools'
[1.204s] Level 1:colcon.colcon_core.package_identification:_identify(src/robot_odom) by extensions ['ignore', 'ignore_ament_install']
[1.204s] Level 1:colcon.colcon_core.package_identification:_identify(src/robot_odom) by extension 'ignore'
[1.204s] Level 1:colcon.colcon_core.package_identification:_identify(src/robot_odom) by extension 'ignore_ament_install'
[1.205s] Level 1:colcon.colcon_core.package_identification:_identify(src/robot_odom) by extensions ['colcon_pkg']
[1.205s] Level 1:colcon.colcon_core.package_identification:_identify(src/robot_odom) by extension 'colcon_pkg'
[1.205s] Level 1:colcon.colcon_core.package_identification:_identify(src/robot_odom) by extensions ['colcon_meta']
[1.205s] Level 1:colcon.colcon_core.package_identification:_identify(src/robot_odom) by extension 'colcon_meta'
[1.205s] Level 1:colcon.colcon_core.package_identification:_identify(src/robot_odom) by extensions ['ros']
[1.205s] Level 1:colcon.colcon_core.package_identification:_identify(src/robot_odom) by extension 'ros'
[1.209s] DEBUG:colcon.colcon_core.package_identification:Package 'src/robot_odom' with type 'ros.ament_cmake' and name 'robot_odom'
[1.209s] Level 1:colcon.colcon_core.package_identification:_identify(src/uros) by extensions ['ignore', 'ignore_ament_install']
[1.210s] Level 1:colcon.colcon_core.package_identification:_identify(src/uros) by extension 'ignore'
[1.210s] Level 1:colcon.colcon_core.package_identification:_identify(src/uros) by extension 'ignore_ament_install'
[1.210s] Level 1:colcon.colcon_core.package_identification:_identify(src/uros) by extensions ['colcon_pkg']
[1.210s] Level 1:colcon.colcon_core.package_identification:_identify(src/uros) by extension 'colcon_pkg'
[1.210s] Level 1:colcon.colcon_core.package_identification:_identify(src/uros) by extensions ['colcon_meta']
[1.211s] Level 1:colcon.colcon_core.package_identification:_identify(src/uros) by extension 'colcon_meta'
[1.211s] Level 1:colcon.colcon_core.package_identification:_identify(src/uros) by extensions ['ros']
[1.211s] Level 1:colcon.colcon_core.package_identification:_identify(src/uros) by extension 'ros'
[1.211s] Level 1:colcon.colcon_core.package_identification:_identify(src/uros) by extensions ['cmake', 'python']
[1.211s] Level 1:colcon.colcon_core.package_identification:_identify(src/uros) by extension 'cmake'
[1.212s] Level 1:colcon.colcon_core.package_identification:_identify(src/uros) by extension 'python'
[1.212s] Level 1:colcon.colcon_core.package_identification:_identify(src/uros) by extensions ['python_setup_py']
[1.212s] Level 1:colcon.colcon_core.package_identification:_identify(src/uros) by extension 'python_setup_py'
[1.212s] Level 1:colcon.colcon_core.package_identification:_identify(src/uros/micro-ROS-Agent) by extensions ['ignore', 'ignore_ament_install']
[1.213s] Level 1:colcon.colcon_core.package_identification:_identify(src/uros/micro-ROS-Agent) by extension 'ignore'
[1.213s] Level 1:colcon.colcon_core.package_identification:_identify(src/uros/micro-ROS-Agent) by extension 'ignore_ament_install'
[1.213s] Level 1:colcon.colcon_core.package_identification:_identify(src/uros/micro-ROS-Agent) by extensions ['colcon_pkg']
[1.213s] Level 1:colcon.colcon_core.package_identification:_identify(src/uros/micro-ROS-Agent) by extension 'colcon_pkg'
[1.213s] Level 1:colcon.colcon_core.package_identification:_identify(src/uros/micro-ROS-Agent) by extensions ['colcon_meta']
[1.213s] Level 1:colcon.colcon_core.package_identification:_identify(src/uros/micro-ROS-Agent) by extension 'colcon_meta'
[1.214s] Level 1:colcon.colcon_core.package_identification:_identify(src/uros/micro-ROS-Agent) by extensions ['ros']
[1.214s] Level 1:colcon.colcon_core.package_identification:_identify(src/uros/micro-ROS-Agent) by extension 'ros'
[1.214s] Level 1:colcon.colcon_core.package_identification:_identify(src/uros/micro-ROS-Agent) by extensions ['cmake', 'python']
[1.214s] Level 1:colcon.colcon_core.package_identification:_identify(src/uros/micro-ROS-Agent) by extension 'cmake'
[1.214s] Level 1:colcon.colcon_core.package_identification:_identify(src/uros/micro-ROS-Agent) by extension 'python'
[1.214s] Level 1:colcon.colcon_core.package_identification:_identify(src/uros/micro-ROS-Agent) by extensions ['python_setup_py']
[1.215s] Level 1:colcon.colcon_core.package_identification:_identify(src/uros/micro-ROS-Agent) by extension 'python_setup_py'
[1.215s] Level 1:colcon.colcon_core.package_identification:_identify(src/uros/micro-ROS-Agent/micro_ros_agent) by extensions ['ignore', 'ignore_ament_install']
[1.215s] Level 1:colcon.colcon_core.package_identification:_identify(src/uros/micro-ROS-Agent/micro_ros_agent) by extension 'ignore'
[1.216s] Level 1:colcon.colcon_core.package_identification:_identify(src/uros/micro-ROS-Agent/micro_ros_agent) by extension 'ignore_ament_install'
[1.216s] Level 1:colcon.colcon_core.package_identification:_identify(src/uros/micro-ROS-Agent/micro_ros_agent) by extensions ['colcon_pkg']
[1.216s] Level 1:colcon.colcon_core.package_identification:_identify(src/uros/micro-ROS-Agent/micro_ros_agent) by extension 'colcon_pkg'
[1.216s] Level 1:colcon.colcon_core.package_identification:_identify(src/uros/micro-ROS-Agent/micro_ros_agent) by extensions ['colcon_meta']
[1.216s] Level 1:colcon.colcon_core.package_identification:_identify(src/uros/micro-ROS-Agent/micro_ros_agent) by extension 'colcon_meta'
[1.216s] Level 1:colcon.colcon_core.package_identification:_identify(src/uros/micro-ROS-Agent/micro_ros_agent) by extensions ['ros']
[1.217s] Level 1:colcon.colcon_core.package_identification:_identify(src/uros/micro-ROS-Agent/micro_ros_agent) by extension 'ros'
[1.220s] DEBUG:colcon.colcon_core.package_identification:Package 'src/uros/micro-ROS-Agent/micro_ros_agent' with type 'ros.ament_cmake' and name 'micro_ros_agent'
[1.221s] Level 1:colcon.colcon_core.package_identification:_identify(src/uros/micro-ROS-Agent/snap) by extensions ['ignore', 'ignore_ament_install']
[1.221s] Level 1:colcon.colcon_core.package_identification:_identify(src/uros/micro-ROS-Agent/snap) by extension 'ignore'
[1.221s] Level 1:colcon.colcon_core.package_identification:_identify(src/uros/micro-ROS-Agent/snap) by extension 'ignore_ament_install'
[1.221s] Level 1:colcon.colcon_core.package_identification:_identify(src/uros/micro-ROS-Agent/snap) by extensions ['colcon_pkg']
[1.222s] Level 1:colcon.colcon_core.package_identification:_identify(src/uros/micro-ROS-Agent/snap) by extension 'colcon_pkg'
[1.222s] Level 1:colcon.colcon_core.package_identification:_identify(src/uros/micro-ROS-Agent/snap) by extensions ['colcon_meta']
[1.222s] Level 1:colcon.colcon_core.package_identification:_identify(src/uros/micro-ROS-Agent/snap) by extension 'colcon_meta'
[1.222s] Level 1:colcon.colcon_core.package_identification:_identify(src/uros/micro-ROS-Agent/snap) by extensions ['ros']
[1.222s] Level 1:colcon.colcon_core.package_identification:_identify(src/uros/micro-ROS-Agent/snap) by extension 'ros'
[1.222s] Level 1:colcon.colcon_core.package_identification:_identify(src/uros/micro-ROS-Agent/snap) by extensions ['cmake', 'python']
[1.223s] Level 1:colcon.colcon_core.package_identification:_identify(src/uros/micro-ROS-Agent/snap) by extension 'cmake'
[1.223s] Level 1:colcon.colcon_core.package_identification:_identify(src/uros/micro-ROS-Agent/snap) by extension 'python'
[1.223s] Level 1:colcon.colcon_core.package_identification:_identify(src/uros/micro-ROS-Agent/snap) by extensions ['python_setup_py']
[1.223s] Level 1:colcon.colcon_core.package_identification:_identify(src/uros/micro-ROS-Agent/snap) by extension 'python_setup_py'
[1.224s] Level 1:colcon.colcon_core.package_identification:_identify(src/uros/micro-ROS-Agent/snap/hooks) by extensions ['ignore', 'ignore_ament_install']
[1.224s] Level 1:colcon.colcon_core.package_identification:_identify(src/uros/micro-ROS-Agent/snap/hooks) by extension 'ignore'
[1.224s] Level 1:colcon.colcon_core.package_identification:_identify(src/uros/micro-ROS-Agent/snap/hooks) by extension 'ignore_ament_install'
[1.224s] Level 1:colcon.colcon_core.package_identification:_identify(src/uros/micro-ROS-Agent/snap/hooks) by extensions ['colcon_pkg']
[1.224s] Level 1:colcon.colcon_core.package_identification:_identify(src/uros/micro-ROS-Agent/snap/hooks) by extension 'colcon_pkg'
[1.225s] Level 1:colcon.colcon_core.package_identification:_identify(src/uros/micro-ROS-Agent/snap/hooks) by extensions ['colcon_meta']
[1.225s] Level 1:colcon.colcon_core.package_identification:_identify(src/uros/micro-ROS-Agent/snap/hooks) by extension 'colcon_meta'
[1.225s] Level 1:colcon.colcon_core.package_identification:_identify(src/uros/micro-ROS-Agent/snap/hooks) by extensions ['ros']
[1.225s] Level 1:colcon.colcon_core.package_identification:_identify(src/uros/micro-ROS-Agent/snap/hooks) by extension 'ros'
[1.225s] Level 1:colcon.colcon_core.package_identification:_identify(src/uros/micro-ROS-Agent/snap/hooks) by extensions ['cmake', 'python']
[1.225s] Level 1:colcon.colcon_core.package_identification:_identify(src/uros/micro-ROS-Agent/snap/hooks) by extension 'cmake'
[1.226s] Level 1:colcon.colcon_core.package_identification:_identify(src/uros/micro-ROS-Agent/snap/hooks) by extension 'python'
[1.226s] Level 1:colcon.colcon_core.package_identification:_identify(src/uros/micro-ROS-Agent/snap/hooks) by extensions ['python_setup_py']
[1.226s] Level 1:colcon.colcon_core.package_identification:_identify(src/uros/micro-ROS-Agent/snap/hooks) by extension 'python_setup_py'
[1.226s] Level 1:colcon.colcon_core.package_identification:_identify(src/uros/micro-ROS-Agent/snap/local) by extensions ['ignore', 'ignore_ament_install']
[1.227s] Level 1:colcon.colcon_core.package_identification:_identify(src/uros/micro-ROS-Agent/snap/local) by extension 'ignore'
[1.227s] Level 1:colcon.colcon_core.package_identification:_identify(src/uros/micro-ROS-Agent/snap/local) by extension 'ignore_ament_install'
[1.227s] Level 1:colcon.colcon_core.package_identification:_identify(src/uros/micro-ROS-Agent/snap/local) by extensions ['colcon_pkg']
[1.227s] Level 1:colcon.colcon_core.package_identification:_identify(src/uros/micro-ROS-Agent/snap/local) by extension 'colcon_pkg'
[1.227s] Level 1:colcon.colcon_core.package_identification:_identify(src/uros/micro-ROS-Agent/snap/local) by extensions ['colcon_meta']
[1.228s] Level 1:colcon.colcon_core.package_identification:_identify(src/uros/micro-ROS-Agent/snap/local) by extension 'colcon_meta'
[1.228s] Level 1:colcon.colcon_core.package_identification:_identify(src/uros/micro-ROS-Agent/snap/local) by extensions ['ros']
[1.228s] Level 1:colcon.colcon_core.package_identification:_identify(src/uros/micro-ROS-Agent/snap/local) by extension 'ros'
[1.228s] Level 1:colcon.colcon_core.package_identification:_identify(src/uros/micro-ROS-Agent/snap/local) by extensions ['cmake', 'python']
[1.228s] Level 1:colcon.colcon_core.package_identification:_identify(src/uros/micro-ROS-Agent/snap/local) by extension 'cmake'
[1.229s] Level 1:colcon.colcon_core.package_identification:_identify(src/uros/micro-ROS-Agent/snap/local) by extension 'python'
[1.229s] Level 1:colcon.colcon_core.package_identification:_identify(src/uros/micro-ROS-Agent/snap/local) by extensions ['python_setup_py']
[1.229s] Level 1:colcon.colcon_core.package_identification:_identify(src/uros/micro-ROS-Agent/snap/local) by extension 'python_setup_py'
[1.229s] Level 1:colcon.colcon_core.package_identification:_identify(src/uros/micro_ros_msgs) by extensions ['ignore', 'ignore_ament_install']
[1.230s] Level 1:colcon.colcon_core.package_identification:_identify(src/uros/micro_ros_msgs) by extension 'ignore'
[1.230s] Level 1:colcon.colcon_core.package_identification:_identify(src/uros/micro_ros_msgs) by extension 'ignore_ament_install'
[1.230s] Level 1:colcon.colcon_core.package_identification:_identify(src/uros/micro_ros_msgs) by extensions ['colcon_pkg']
[1.230s] Level 1:colcon.colcon_core.package_identification:_identify(src/uros/micro_ros_msgs) by extension 'colcon_pkg'
[1.230s] Level 1:colcon.colcon_core.package_identification:_identify(src/uros/micro_ros_msgs) by extensions ['colcon_meta']
[1.230s] Level 1:colcon.colcon_core.package_identification:_identify(src/uros/micro_ros_msgs) by extension 'colcon_meta'
[1.231s] Level 1:colcon.colcon_core.package_identification:_identify(src/uros/micro_ros_msgs) by extensions ['ros']
[1.231s] Level 1:colcon.colcon_core.package_identification:_identify(src/uros/micro_ros_msgs) by extension 'ros'
[1.233s] DEBUG:colcon.colcon_core.package_identification:Package 'src/uros/micro_ros_msgs' with type 'ros.ament_cmake' and name 'micro_ros_msgs'
[1.233s] Level 1:colcon.colcon_core.package_discovery:discover_packages(recursive) using defaults
[1.233s] Level 1:colcon.colcon_core.package_discovery:discover_packages(ignore) discover
[1.233s] Level 1:colcon.colcon_core.package_discovery:discover_packages(ignore) using defaults
[1.233s] Level 1:colcon.colcon_core.package_discovery:discover_packages(path) discover
[1.233s] Level 1:colcon.colcon_core.package_discovery:discover_packages(path) using defaults
[1.313s] Level 1:colcon.colcon_core.package_discovery:discover_packages(prefix_path) check parameters
[1.314s] Level 1:colcon.colcon_core.package_discovery:discover_packages(prefix_path) discover
[1.324s] DEBUG:colcon.colcon_installed_package_information.package_discovery:Found 8 installed packages in /home/pi/ros2_pi_ws/install
[1.331s] DEBUG:colcon.colcon_installed_package_information.package_discovery:Found 204 installed packages in /opt/ros/humble
[1.335s] Level 1:colcon.colcon_core.package_discovery:discover_packages(prefix_path) using defaults
[1.492s] Level 5:colcon.colcon_core.verb:set package 'micro_ros_msgs' build argument 'cmake_args' from command line to 'None'
[1.493s] Level 5:colcon.colcon_core.verb:set package 'micro_ros_msgs' build argument 'cmake_target' from command line to 'None'
[1.493s] Level 5:colcon.colcon_core.verb:set package 'micro_ros_msgs' build argument 'cmake_target_skip_unavailable' from command line to 'False'
[1.493s] Level 5:colcon.colcon_core.verb:set package 'micro_ros_msgs' build argument 'cmake_clean_cache' from command line to 'False'
[1.493s] Level 5:colcon.colcon_core.verb:set package 'micro_ros_msgs' build argument 'cmake_clean_first' from command line to 'False'
[1.493s] Level 5:colcon.colcon_core.verb:set package 'micro_ros_msgs' build argument 'cmake_force_configure' from command line to 'False'
[1.493s] Level 5:colcon.colcon_core.verb:set package 'micro_ros_msgs' build argument 'ament_cmake_args' from command line to 'None'
[1.493s] Level 5:colcon.colcon_core.verb:set package 'micro_ros_msgs' build argument 'catkin_cmake_args' from command line to 'None'
[1.493s] Level 5:colcon.colcon_core.verb:set package 'micro_ros_msgs' build argument 'catkin_skip_building_tests' from command line to 'False'
[1.494s] DEBUG:colcon.colcon_core.verb:Building package 'micro_ros_msgs' with the following arguments: {'ament_cmake_args': None, 'build_base': '/home/pi/ros2_pi_ws/build/micro_ros_msgs', 'catkin_cmake_args': None, 'catkin_skip_building_tests': False, 'cmake_args': None, 'cmake_clean_cache': False, 'cmake_clean_first': False, 'cmake_force_configure': False, 'cmake_target': None, 'cmake_target_skip_unavailable': False, 'install_base': '/home/pi/ros2_pi_ws/install/micro_ros_msgs', 'merge_install': False, 'path': '/home/pi/ros2_pi_ws/src/uros/micro_ros_msgs', 'symlink_install': False, 'test_result_base': None}
[1.495s] Level 5:colcon.colcon_core.verb:set package 'micro_ros_setup' build argument 'cmake_args' from command line to 'None'
[1.495s] Level 5:colcon.colcon_core.verb:set package 'micro_ros_setup' build argument 'cmake_target' from command line to 'None'
[1.495s] Level 5:colcon.colcon_core.verb:set package 'micro_ros_setup' build argument 'cmake_target_skip_unavailable' from command line to 'False'
[1.496s] Level 5:colcon.colcon_core.verb:set package 'micro_ros_setup' build argument 'cmake_clean_cache' from command line to 'False'
[1.496s] Level 5:colcon.colcon_core.verb:set package 'micro_ros_setup' build argument 'cmake_clean_first' from command line to 'False'
[1.496s] Level 5:colcon.colcon_core.verb:set package 'micro_ros_setup' build argument 'cmake_force_configure' from command line to 'False'
[1.496s] Level 5:colcon.colcon_core.verb:set package 'micro_ros_setup' build argument 'ament_cmake_args' from command line to 'None'
[1.496s] Level 5:colcon.colcon_core.verb:set package 'micro_ros_setup' build argument 'catkin_cmake_args' from command line to 'None'
[1.496s] Level 5:colcon.colcon_core.verb:set package 'micro_ros_setup' build argument 'catkin_skip_building_tests' from command line to 'False'
[1.496s] DEBUG:colcon.colcon_core.verb:Building package 'micro_ros_setup' with the following arguments: {'ament_cmake_args': None, 'build_base': '/home/pi/ros2_pi_ws/build/micro_ros_setup', 'catkin_cmake_args': None, 'catkin_skip_building_tests': False, 'cmake_args': None, 'cmake_clean_cache': False, 'cmake_clean_first': False, 'cmake_force_configure': False, 'cmake_target': None, 'cmake_target_skip_unavailable': False, 'install_base': '/home/pi/ros2_pi_ws/install/micro_ros_setup', 'merge_install': False, 'path': '/home/pi/ros2_pi_ws/src/micro_ros_setup', 'symlink_install': False, 'test_result_base': None}
[1.497s] Level 5:colcon.colcon_core.verb:set package 'motor_control' build argument 'cmake_args' from command line to 'None'
[1.498s] Level 5:colcon.colcon_core.verb:set package 'motor_control' build argument 'cmake_target' from command line to 'None'
[1.498s] Level 5:colcon.colcon_core.verb:set package 'motor_control' build argument 'cmake_target_skip_unavailable' from command line to 'False'
[1.498s] Level 5:colcon.colcon_core.verb:set package 'motor_control' build argument 'cmake_clean_cache' from command line to 'False'
[1.498s] Level 5:colcon.colcon_core.verb:set package 'motor_control' build argument 'cmake_clean_first' from command line to 'False'
[1.498s] Level 5:colcon.colcon_core.verb:set package 'motor_control' build argument 'cmake_force_configure' from command line to 'False'
[1.498s] Level 5:colcon.colcon_core.verb:set package 'motor_control' build argument 'ament_cmake_args' from command line to 'None'
[1.498s] Level 5:colcon.colcon_core.verb:set package 'motor_control' build argument 'catkin_cmake_args' from command line to 'None'
[1.498s] Level 5:colcon.colcon_core.verb:set package 'motor_control' build argument 'catkin_skip_building_tests' from command line to 'False'
[1.498s] DEBUG:colcon.colcon_core.verb:Building package 'motor_control' with the following arguments: {'ament_cmake_args': None, 'build_base': '/home/pi/ros2_pi_ws/build/motor_control', 'catkin_cmake_args': None, 'catkin_skip_building_tests': False, 'cmake_args': None, 'cmake_clean_cache': False, 'cmake_clean_first': False, 'cmake_force_configure': False, 'cmake_target': None, 'cmake_target_skip_unavailable': False, 'install_base': '/home/pi/ros2_pi_ws/install/motor_control', 'merge_install': False, 'path': '/home/pi/ros2_pi_ws/src/motor_control', 'symlink_install': False, 'test_result_base': None}
[1.500s] Level 5:colcon.colcon_core.verb:set package 'myrobot' build argument 'cmake_args' from command line to 'None'
[1.500s] Level 5:colcon.colcon_core.verb:set package 'myrobot' build argument 'cmake_target' from command line to 'None'
[1.500s] Level 5:colcon.colcon_core.verb:set package 'myrobot' build argument 'cmake_target_skip_unavailable' from command line to 'False'
[1.500s] Level 5:colcon.colcon_core.verb:set package 'myrobot' build argument 'cmake_clean_cache' from command line to 'False'
[1.500s] Level 5:colcon.colcon_core.verb:set package 'myrobot' build argument 'cmake_clean_first' from command line to 'False'
[1.500s] Level 5:colcon.colcon_core.verb:set package 'myrobot' build argument 'cmake_force_configure' from command line to 'False'
[1.500s] Level 5:colcon.colcon_core.verb:set package 'myrobot' build argument 'ament_cmake_args' from command line to 'None'
[1.501s] Level 5:colcon.colcon_core.verb:set package 'myrobot' build argument 'catkin_cmake_args' from command line to 'None'
[1.501s] Level 5:colcon.colcon_core.verb:set package 'myrobot' build argument 'catkin_skip_building_tests' from command line to 'False'
[1.501s] DEBUG:colcon.colcon_core.verb:Building package 'myrobot' with the following arguments: {'ament_cmake_args': None, 'build_base': '/home/pi/ros2_pi_ws/build/myrobot', 'catkin_cmake_args': None, 'catkin_skip_building_tests': False, 'cmake_args': None, 'cmake_clean_cache': False, 'cmake_clean_first': False, 'cmake_force_configure': False, 'cmake_target': None, 'cmake_target_skip_unavailable': False, 'install_base': '/home/pi/ros2_pi_ws/install/myrobot', 'merge_install': False, 'path': '/home/pi/ros2_pi_ws/src/myrobot', 'symlink_install': False, 'test_result_base': None}
[1.502s] Level 5:colcon.colcon_core.verb:set package 'opencv_tools' build argument 'cmake_args' from command line to 'None'
[1.502s] Level 5:colcon.colcon_core.verb:set package 'opencv_tools' build argument 'cmake_target' from command line to 'None'
[1.502s] Level 5:colcon.colcon_core.verb:set package 'opencv_tools' build argument 'cmake_target_skip_unavailable' from command line to 'False'
[1.502s] Level 5:colcon.colcon_core.verb:set package 'opencv_tools' build argument 'cmake_clean_cache' from command line to 'False'
[1.503s] Level 5:colcon.colcon_core.verb:set package 'opencv_tools' build argument 'cmake_clean_first' from command line to 'False'
[1.503s] Level 5:colcon.colcon_core.verb:set package 'opencv_tools' build argument 'cmake_force_configure' from command line to 'False'
[1.503s] Level 5:colcon.colcon_core.verb:set package 'opencv_tools' build argument 'ament_cmake_args' from command line to 'None'
[1.503s] Level 5:colcon.colcon_core.verb:set package 'opencv_tools' build argument 'catkin_cmake_args' from command line to 'None'
[1.503s] Level 5:colcon.colcon_core.verb:set package 'opencv_tools' build argument 'catkin_skip_building_tests' from command line to 'False'
[1.503s] DEBUG:colcon.colcon_core.verb:Building package 'opencv_tools' with the following arguments: {'ament_cmake_args': None, 'build_base': '/home/pi/ros2_pi_ws/build/opencv_tools', 'catkin_cmake_args': None, 'catkin_skip_building_tests': False, 'cmake_args': None, 'cmake_clean_cache': False, 'cmake_clean_first': False, 'cmake_force_configure': False, 'cmake_target': None, 'cmake_target_skip_unavailable': False, 'install_base': '/home/pi/ros2_pi_ws/install/opencv_tools', 'merge_install': False, 'path': '/home/pi/ros2_pi_ws/src/opencv_tools', 'symlink_install': False, 'test_result_base': None}
[1.504s] Level 5:colcon.colcon_core.verb:set package 'robot_odom' build argument 'cmake_args' from command line to 'None'
[1.505s] Level 5:colcon.colcon_core.verb:set package 'robot_odom' build argument 'cmake_target' from command line to 'None'
[1.505s] Level 5:colcon.colcon_core.verb:set package 'robot_odom' build argument 'cmake_target_skip_unavailable' from command line to 'False'
[1.505s] Level 5:colcon.colcon_core.verb:set package 'robot_odom' build argument 'cmake_clean_cache' from command line to 'False'
[1.505s] Level 5:colcon.colcon_core.verb:set package 'robot_odom' build argument 'cmake_clean_first' from command line to 'False'
[1.505s] Level 5:colcon.colcon_core.verb:set package 'robot_odom' build argument 'cmake_force_configure' from command line to 'False'
[1.505s] Level 5:colcon.colcon_core.verb:set package 'robot_odom' build argument 'ament_cmake_args' from command line to 'None'
[1.505s] Level 5:colcon.colcon_core.verb:set package 'robot_odom' build argument 'catkin_cmake_args' from command line to 'None'
[1.505s] Level 5:colcon.colcon_core.verb:set package 'robot_odom' build argument 'catkin_skip_building_tests' from command line to 'False'
[1.505s] DEBUG:colcon.colcon_core.verb:Building package 'robot_odom' with the following arguments: {'ament_cmake_args': None, 'build_base': '/home/pi/ros2_pi_ws/build/robot_odom', 'catkin_cmake_args': None, 'catkin_skip_building_tests': False, 'cmake_args': None, 'cmake_clean_cache': False, 'cmake_clean_first': False, 'cmake_force_configure': False, 'cmake_target': None, 'cmake_target_skip_unavailable': False, 'install_base': '/home/pi/ros2_pi_ws/install/robot_odom', 'merge_install': False, 'path': '/home/pi/ros2_pi_ws/src/robot_odom', 'symlink_install': False, 'test_result_base': None}
[1.507s] Level 5:colcon.colcon_core.verb:set package 'micro_ros_agent' build argument 'cmake_args' from command line to 'None'
[1.507s] Level 5:colcon.colcon_core.verb:set package 'micro_ros_agent' build argument 'cmake_target' from command line to 'None'
[1.507s] Level 5:colcon.colcon_core.verb:set package 'micro_ros_agent' build argument 'cmake_target_skip_unavailable' from command line to 'False'
[1.507s] Level 5:colcon.colcon_core.verb:set package 'micro_ros_agent' build argument 'cmake_clean_cache' from command line to 'False'
[1.507s] Level 5:colcon.colcon_core.verb:set package 'micro_ros_agent' build argument 'cmake_clean_first' from command line to 'False'
[1.507s] Level 5:colcon.colcon_core.verb:set package 'micro_ros_agent' build argument 'cmake_force_configure' from command line to 'False'
[1.507s] Level 5:colcon.colcon_core.verb:set package 'micro_ros_agent' build argument 'ament_cmake_args' from command line to 'None'
[1.507s] Level 5:colcon.colcon_core.verb:set package 'micro_ros_agent' build argument 'catkin_cmake_args' from command line to 'None'
[1.508s] Level 5:colcon.colcon_core.verb:set package 'micro_ros_agent' build argument 'catkin_skip_building_tests' from command line to 'False'
[1.508s] DEBUG:colcon.colcon_core.verb:Building package 'micro_ros_agent' with the following arguments: {'ament_cmake_args': None, 'build_base': '/home/pi/ros2_pi_ws/build/micro_ros_agent', 'catkin_cmake_args': None, 'catkin_skip_building_tests': False, 'cmake_args': None, 'cmake_clean_cache': False, 'cmake_clean_first': False, 'cmake_force_configure': False, 'cmake_target': None, 'cmake_target_skip_unavailable': False, 'install_base': '/home/pi/ros2_pi_ws/install/micro_ros_agent', 'merge_install': False, 'path': '/home/pi/ros2_pi_ws/src/uros/micro-ROS-Agent/micro_ros_agent', 'symlink_install': False, 'test_result_base': None}
[1.508s] INFO:colcon.colcon_core.executor:Executing jobs using 'parallel' executor
[1.511s] DEBUG:colcon.colcon_parallel_executor.executor.parallel:run_until_complete
[1.513s] INFO:colcon.colcon_ros.task.ament_cmake.build:Building ROS package in '/home/pi/ros2_pi_ws/src/uros/micro_ros_msgs' with build type 'ament_cmake'
[1.513s] INFO:colcon.colcon_cmake.task.cmake.build:Building CMake package in '/home/pi/ros2_pi_ws/src/uros/micro_ros_msgs'
[1.522s] INFO:colcon.colcon_core.plugin_system:Skipping extension 'colcon_core.shell.bat': Not used on non-Windows systems
[1.523s] INFO:colcon.colcon_core.shell:Skip shell extension 'powershell' for command environment: Not usable outside of PowerShell
[1.524s] DEBUG:colcon.colcon_core.shell:Skip shell extension 'dsv' for command environment
[1.542s] INFO:colcon.colcon_ros.task.ament_cmake.build:Building ROS package in '/home/pi/ros2_pi_ws/src/micro_ros_setup' with build type 'ament_cmake'
[1.542s] INFO:colcon.colcon_cmake.task.cmake.build:Building CMake package in '/home/pi/ros2_pi_ws/src/micro_ros_setup'
[1.543s] INFO:colcon.colcon_core.shell:Skip shell extension 'powershell' for command environment: Not usable outside of PowerShell
[1.544s] DEBUG:colcon.colcon_core.shell:Skip shell extension 'dsv' for command environment
[1.562s] INFO:colcon.colcon_ros.task.ament_python.build:Building ROS package in '/home/pi/ros2_pi_ws/src/motor_control' with build type 'ament_python'
[1.563s] Level 1:colcon.colcon_core.shell:create_environment_hook('motor_control', 'ament_prefix_path')
[1.564s] INFO:colcon.colcon_core.shell:Creating environment hook '/home/pi/ros2_pi_ws/install/motor_control/share/motor_control/hook/ament_prefix_path.ps1'
[1.567s] INFO:colcon.colcon_core.shell:Creating environment descriptor '/home/pi/ros2_pi_ws/install/motor_control/share/motor_control/hook/ament_prefix_path.dsv'
[1.570s] INFO:colcon.colcon_core.shell:Creating environment hook '/home/pi/ros2_pi_ws/install/motor_control/share/motor_control/hook/ament_prefix_path.sh'
[1.573s] INFO:colcon.colcon_core.shell:Skip shell extension 'powershell' for command environment: Not usable outside of PowerShell
[1.574s] DEBUG:colcon.colcon_core.shell:Skip shell extension 'dsv' for command environment
[1.591s] INFO:colcon.colcon_ros.task.ament_python.build:Building ROS package in '/home/pi/ros2_pi_ws/src/myrobot' with build type 'ament_python'
[1.592s] Level 1:colcon.colcon_core.shell:create_environment_hook('myrobot', 'ament_prefix_path')
[1.593s] INFO:colcon.colcon_core.shell:Creating environment hook '/home/pi/ros2_pi_ws/install/myrobot/share/myrobot/hook/ament_prefix_path.ps1'
[1.595s] INFO:colcon.colcon_core.shell:Creating environment descriptor '/home/pi/ros2_pi_ws/install/myrobot/share/myrobot/hook/ament_prefix_path.dsv'
[1.597s] INFO:colcon.colcon_core.shell:Creating environment hook '/home/pi/ros2_pi_ws/install/myrobot/share/myrobot/hook/ament_prefix_path.sh'
[1.601s] INFO:colcon.colcon_core.shell:Skip shell extension 'powershell' for command environment: Not usable outside of PowerShell
[1.601s] DEBUG:colcon.colcon_core.shell:Skip shell extension 'dsv' for command environment
[1.634s] DEBUG:colcon.colcon_core.event_handler.log_command:Invoking command in '/home/pi/ros2_pi_ws/build/micro_ros_msgs': CMAKE_PREFIX_PATH=${CMAKE_PREFIX_PATH}:/home/pi/ros2_pi_ws/install/opencv_tools:/home/pi/ros2_pi_ws/install/myrobot:/home/pi/ros2_pi_ws/install/motor_control:/opt/ros/humble /usr/bin/cmake --build /home/pi/ros2_pi_ws/build/micro_ros_msgs -- -j4 -l4
[1.657s] DEBUG:colcon.colcon_core.event_handler.log_command:Invoking command in '/home/pi/ros2_pi_ws/build/micro_ros_setup': CMAKE_PREFIX_PATH=${CMAKE_PREFIX_PATH}:/home/pi/ros2_pi_ws/install/opencv_tools:/home/pi/ros2_pi_ws/install/myrobot:/home/pi/ros2_pi_ws/install/motor_control:/opt/ros/humble /usr/bin/cmake --build /home/pi/ros2_pi_ws/build/micro_ros_setup -- -j4 -l4
[3.042s] INFO:colcon.colcon_core.task.python.build:Building Python package in '/home/pi/ros2_pi_ws/src/motor_control'
[3.043s] INFO:colcon.colcon_core.shell:Skip shell extension 'powershell' for command environment: Not usable outside of PowerShell
[3.044s] DEBUG:colcon.colcon_core.shell:Skip shell extension 'dsv' for command environment
[3.079s] DEBUG:colcon.colcon_core.event_handler.log_command:Invoked command in '/home/pi/ros2_pi_ws/build/micro_ros_setup' returned '0': CMAKE_PREFIX_PATH=${CMAKE_PREFIX_PATH}:/home/pi/ros2_pi_ws/install/opencv_tools:/home/pi/ros2_pi_ws/install/myrobot:/home/pi/ros2_pi_ws/install/motor_control:/opt/ros/humble /usr/bin/cmake --build /home/pi/ros2_pi_ws/build/micro_ros_setup -- -j4 -l4
[3.120s] DEBUG:colcon.colcon_core.event_handler.log_command:Invoking command in '/home/pi/ros2_pi_ws/build/micro_ros_setup': CMAKE_PREFIX_PATH=${CMAKE_PREFIX_PATH}:/home/pi/ros2_pi_ws/install/opencv_tools:/home/pi/ros2_pi_ws/install/myrobot:/home/pi/ros2_pi_ws/install/motor_control:/opt/ros/humble /usr/bin/cmake --install /home/pi/ros2_pi_ws/build/micro_ros_setup
[4.218s] INFO:colcon.colcon_core.task.python.build:Building Python package in '/home/pi/ros2_pi_ws/src/myrobot'
[4.219s] INFO:colcon.colcon_core.shell:Skip shell extension 'powershell' for command environment: Not usable outside of PowerShell
[4.219s] DEBUG:colcon.colcon_core.shell:Skip shell extension 'dsv' for command environment
[4.261s] Level 1:colcon.colcon_core.environment:create_environment_scripts_only(micro_ros_setup)
[4.293s] Level 1:colcon.colcon_core.environment:checking '/home/pi/ros2_pi_ws/install/micro_ros_setup' for CMake module files
[4.304s] Level 1:colcon.colcon_core.environment:checking '/home/pi/ros2_pi_ws/install/micro_ros_setup' for CMake config files
[4.330s] Level 1:colcon.colcon_core.shell:create_environment_hook('micro_ros_setup', 'cmake_prefix_path')
[4.331s] INFO:colcon.colcon_core.shell:Creating environment hook '/home/pi/ros2_pi_ws/install/micro_ros_setup/share/micro_ros_setup/hook/cmake_prefix_path.ps1'
[4.336s] INFO:colcon.colcon_core.shell:Creating environment descriptor '/home/pi/ros2_pi_ws/install/micro_ros_setup/share/micro_ros_setup/hook/cmake_prefix_path.dsv'
[4.340s] INFO:colcon.colcon_core.shell:Creating environment hook '/home/pi/ros2_pi_ws/install/micro_ros_setup/share/micro_ros_setup/hook/cmake_prefix_path.sh'
[4.346s] Level 1:colcon.colcon_core.environment:checking '/home/pi/ros2_pi_ws/install/micro_ros_setup/lib'
[4.348s] Level 1:colcon.colcon_core.environment:checking '/home/pi/ros2_pi_ws/install/micro_ros_setup/bin'
[4.348s] Level 1:colcon.colcon_core.environment:checking '/home/pi/ros2_pi_ws/install/micro_ros_setup/lib/pkgconfig/micro_ros_setup.pc'
[4.350s] Level 1:colcon.colcon_core.environment:checking '/home/pi/ros2_pi_ws/install/micro_ros_setup/lib/python3.10/site-packages'
[4.351s] Level 1:colcon.colcon_core.environment:checking '/home/pi/ros2_pi_ws/install/micro_ros_setup/bin'
[4.352s] INFO:colcon.colcon_core.shell:Creating package script '/home/pi/ros2_pi_ws/install/micro_ros_setup/share/micro_ros_setup/package.ps1'
[4.357s] INFO:colcon.colcon_core.shell:Creating package descriptor '/home/pi/ros2_pi_ws/install/micro_ros_setup/share/micro_ros_setup/package.dsv'
[4.363s] INFO:colcon.colcon_core.shell:Creating package script '/home/pi/ros2_pi_ws/install/micro_ros_setup/share/micro_ros_setup/package.sh'
[4.368s] INFO:colcon.colcon_core.shell:Creating package script '/home/pi/ros2_pi_ws/install/micro_ros_setup/share/micro_ros_setup/package.bash'
[4.373s] INFO:colcon.colcon_core.shell:Creating package script '/home/pi/ros2_pi_ws/install/micro_ros_setup/share/micro_ros_setup/package.zsh'
[4.378s] Level 1:colcon.colcon_core.environment:create_file_with_runtime_dependencies(/home/pi/ros2_pi_ws/install/micro_ros_setup/share/colcon-core/packages/micro_ros_setup)
[4.384s] Level 1:colcon.colcon_core.environment:create_environment_scripts_only(micro_ros_setup)
[4.385s] Level 1:colcon.colcon_core.environment:checking '/home/pi/ros2_pi_ws/install/micro_ros_setup' for CMake module files
[4.396s] Level 1:colcon.colcon_core.environment:checking '/home/pi/ros2_pi_ws/install/micro_ros_setup' for CMake config files
[4.399s] DEBUG:colcon.colcon_core.event_handler.log_command:Invoked command in '/home/pi/ros2_pi_ws/build/micro_ros_setup' returned '0': CMAKE_PREFIX_PATH=${CMAKE_PREFIX_PATH}:/home/pi/ros2_pi_ws/install/opencv_tools:/home/pi/ros2_pi_ws/install/myrobot:/home/pi/ros2_pi_ws/install/motor_control:/opt/ros/humble /usr/bin/cmake --install /home/pi/ros2_pi_ws/build/micro_ros_setup
[4.405s] Level 1:colcon.colcon_core.shell:create_environment_hook('micro_ros_setup', 'cmake_prefix_path')
[4.406s] INFO:colcon.colcon_core.shell:Creating environment hook '/home/pi/ros2_pi_ws/install/micro_ros_setup/share/micro_ros_setup/hook/cmake_prefix_path.ps1'
[4.408s] INFO:colcon.colcon_core.shell:Creating environment descriptor '/home/pi/ros2_pi_ws/install/micro_ros_setup/share/micro_ros_setup/hook/cmake_prefix_path.dsv'
[4.410s] INFO:colcon.colcon_core.shell:Creating environment hook '/home/pi/ros2_pi_ws/install/micro_ros_setup/share/micro_ros_setup/hook/cmake_prefix_path.sh'
[4.414s] Level 1:colcon.colcon_core.environment:checking '/home/pi/ros2_pi_ws/install/micro_ros_setup/lib'
[4.414s] Level 1:colcon.colcon_core.environment:checking '/home/pi/ros2_pi_ws/install/micro_ros_setup/bin'
[4.415s] Level 1:colcon.colcon_core.environment:checking '/home/pi/ros2_pi_ws/install/micro_ros_setup/lib/pkgconfig/micro_ros_setup.pc'
[4.416s] Level 1:colcon.colcon_core.environment:checking '/home/pi/ros2_pi_ws/install/micro_ros_setup/lib/python3.10/site-packages'
[4.416s] Level 1:colcon.colcon_core.environment:checking '/home/pi/ros2_pi_ws/install/micro_ros_setup/bin'
[4.418s] INFO:colcon.colcon_core.shell:Creating package script '/home/pi/ros2_pi_ws/install/micro_ros_setup/share/micro_ros_setup/package.ps1'
[4.420s] INFO:colcon.colcon_core.shell:Creating package descriptor '/home/pi/ros2_pi_ws/install/micro_ros_setup/share/micro_ros_setup/package.dsv'
[4.423s] INFO:colcon.colcon_core.shell:Creating package script '/home/pi/ros2_pi_ws/install/micro_ros_setup/share/micro_ros_setup/package.sh'
[4.425s] INFO:colcon.colcon_core.shell:Creating package script '/home/pi/ros2_pi_ws/install/micro_ros_setup/share/micro_ros_setup/package.bash'
[4.428s] INFO:colcon.colcon_core.shell:Creating package script '/home/pi/ros2_pi_ws/install/micro_ros_setup/share/micro_ros_setup/package.zsh'
[4.430s] Level 1:colcon.colcon_core.environment:create_file_with_runtime_dependencies(/home/pi/ros2_pi_ws/install/micro_ros_setup/share/colcon-core/packages/micro_ros_setup)
[4.442s] DEBUG:colcon.colcon_core.event_handler.log_command:Invoked command in '/home/pi/ros2_pi_ws/build/micro_ros_msgs' returned '0': CMAKE_PREFIX_PATH=${CMAKE_PREFIX_PATH}:/home/pi/ros2_pi_ws/install/opencv_tools:/home/pi/ros2_pi_ws/install/myrobot:/home/pi/ros2_pi_ws/install/motor_control:/opt/ros/humble /usr/bin/cmake --build /home/pi/ros2_pi_ws/build/micro_ros_msgs -- -j4 -l4
[4.445s] DEBUG:colcon.colcon_core.event_handler.log_command:Invoking command in '/home/pi/ros2_pi_ws/build/micro_ros_msgs': CMAKE_PREFIX_PATH=${CMAKE_PREFIX_PATH}:/home/pi/ros2_pi_ws/install/opencv_tools:/home/pi/ros2_pi_ws/install/myrobot:/home/pi/ros2_pi_ws/install/motor_control:/opt/ros/humble /usr/bin/cmake --install /home/pi/ros2_pi_ws/build/micro_ros_msgs
[4.447s] INFO:colcon.colcon_ros.task.ament_python.build:Building ROS package in '/home/pi/ros2_pi_ws/src/opencv_tools' with build type 'ament_python'
[4.448s] Level 1:colcon.colcon_core.shell:create_environment_hook('opencv_tools', 'ament_prefix_path')
[4.449s] INFO:colcon.colcon_core.shell:Creating environment hook '/home/pi/ros2_pi_ws/install/opencv_tools/share/opencv_tools/hook/ament_prefix_path.ps1'
[4.451s] INFO:colcon.colcon_core.shell:Creating environment descriptor '/home/pi/ros2_pi_ws/install/opencv_tools/share/opencv_tools/hook/ament_prefix_path.dsv'
[4.453s] INFO:colcon.colcon_core.shell:Creating environment hook '/home/pi/ros2_pi_ws/install/opencv_tools/share/opencv_tools/hook/ament_prefix_path.sh'
[4.457s] INFO:colcon.colcon_core.shell:Skip shell extension 'powershell' for command environment: Not usable outside of PowerShell
[4.458s] DEBUG:colcon.colcon_core.shell:Skip shell extension 'dsv' for command environment
[5.941s] INFO:colcon.colcon_core.task.python.build:Building Python package in '/home/pi/ros2_pi_ws/src/opencv_tools'
[5.943s] INFO:colcon.colcon_core.shell:Skip shell extension 'powershell' for command environment: Not usable outside of PowerShell
[5.947s] DEBUG:colcon.colcon_core.shell:Skip shell extension 'dsv' for command environment
[5.971s] Level 1:colcon.colcon_core.environment:create_environment_scripts_only(micro_ros_msgs)
[5.973s] Level 1:colcon.colcon_core.environment:checking '/home/pi/ros2_pi_ws/install/micro_ros_msgs' for CMake module files
[5.977s] DEBUG:colcon.colcon_core.event_handler.log_command:Invoked command in '/home/pi/ros2_pi_ws/build/micro_ros_msgs' returned '0': CMAKE_PREFIX_PATH=${CMAKE_PREFIX_PATH}:/home/pi/ros2_pi_ws/install/opencv_tools:/home/pi/ros2_pi_ws/install/myrobot:/home/pi/ros2_pi_ws/install/motor_control:/opt/ros/humble /usr/bin/cmake --install /home/pi/ros2_pi_ws/build/micro_ros_msgs
[5.979s] Level 1:colcon.colcon_core.environment:checking '/home/pi/ros2_pi_ws/install/micro_ros_msgs' for CMake config files
[5.983s] Level 1:colcon.colcon_core.shell:create_environment_hook('micro_ros_msgs', 'cmake_prefix_path')
[5.984s] INFO:colcon.colcon_core.shell:Creating environment hook '/home/pi/ros2_pi_ws/install/micro_ros_msgs/share/micro_ros_msgs/hook/cmake_prefix_path.ps1'
[5.986s] INFO:colcon.colcon_core.shell:Creating environment descriptor '/home/pi/ros2_pi_ws/install/micro_ros_msgs/share/micro_ros_msgs/hook/cmake_prefix_path.dsv'
[5.989s] INFO:colcon.colcon_core.shell:Creating environment hook '/home/pi/ros2_pi_ws/install/micro_ros_msgs/share/micro_ros_msgs/hook/cmake_prefix_path.sh'
[5.992s] Level 1:colcon.colcon_core.environment:checking '/home/pi/ros2_pi_ws/install/micro_ros_msgs/lib'
[5.993s] Level 1:colcon.colcon_core.shell:create_environment_hook('micro_ros_msgs', 'ld_library_path_lib')
[5.994s] INFO:colcon.colcon_core.shell:Creating environment hook '/home/pi/ros2_pi_ws/install/micro_ros_msgs/share/micro_ros_msgs/hook/ld_library_path_lib.ps1'
[5.996s] INFO:colcon.colcon_core.shell:Creating environment descriptor '/home/pi/ros2_pi_ws/install/micro_ros_msgs/share/micro_ros_msgs/hook/ld_library_path_lib.dsv'
[5.998s] INFO:colcon.colcon_core.shell:Creating environment hook '/home/pi/ros2_pi_ws/install/micro_ros_msgs/share/micro_ros_msgs/hook/ld_library_path_lib.sh'
[6.001s] Level 1:colcon.colcon_core.environment:checking '/home/pi/ros2_pi_ws/install/micro_ros_msgs/bin'
[6.001s] Level 1:colcon.colcon_core.environment:checking '/home/pi/ros2_pi_ws/install/micro_ros_msgs/lib/pkgconfig/micro_ros_msgs.pc'
[6.002s] Level 1:colcon.colcon_core.environment:checking '/home/pi/ros2_pi_ws/install/micro_ros_msgs/lib/python3.10/site-packages'
[6.003s] Level 1:colcon.colcon_core.environment:checking '/home/pi/ros2_pi_ws/install/micro_ros_msgs/bin'
[6.005s] INFO:colcon.colcon_core.shell:Creating package script '/home/pi/ros2_pi_ws/install/micro_ros_msgs/share/micro_ros_msgs/package.ps1'
[6.008s] INFO:colcon.colcon_core.shell:Creating package descriptor '/home/pi/ros2_pi_ws/install/micro_ros_msgs/share/micro_ros_msgs/package.dsv'
[6.011s] INFO:colcon.colcon_core.shell:Creating package script '/home/pi/ros2_pi_ws/install/micro_ros_msgs/share/micro_ros_msgs/package.sh'
[6.014s] INFO:colcon.colcon_core.shell:Creating package script '/home/pi/ros2_pi_ws/install/micro_ros_msgs/share/micro_ros_msgs/package.bash'
[6.016s] INFO:colcon.colcon_core.shell:Creating package script '/home/pi/ros2_pi_ws/install/micro_ros_msgs/share/micro_ros_msgs/package.zsh'
[6.019s] Level 1:colcon.colcon_core.environment:create_file_with_runtime_dependencies(/home/pi/ros2_pi_ws/install/micro_ros_msgs/share/colcon-core/packages/micro_ros_msgs)
[6.022s] Level 1:colcon.colcon_core.environment:create_environment_scripts_only(micro_ros_msgs)
[6.024s] Level 1:colcon.colcon_core.environment:checking '/home/pi/ros2_pi_ws/install/micro_ros_msgs' for CMake module files
[6.028s] Level 1:colcon.colcon_core.environment:checking '/home/pi/ros2_pi_ws/install/micro_ros_msgs' for CMake config files
[6.031s] Level 1:colcon.colcon_core.shell:create_environment_hook('micro_ros_msgs', 'cmake_prefix_path')
[6.032s] INFO:colcon.colcon_core.shell:Creating environment hook '/home/pi/ros2_pi_ws/install/micro_ros_msgs/share/micro_ros_msgs/hook/cmake_prefix_path.ps1'
[6.035s] INFO:colcon.colcon_core.shell:Creating environment descriptor '/home/pi/ros2_pi_ws/install/micro_ros_msgs/share/micro_ros_msgs/hook/cmake_prefix_path.dsv'
[6.037s] INFO:colcon.colcon_core.shell:Creating environment hook '/home/pi/ros2_pi_ws/install/micro_ros_msgs/share/micro_ros_msgs/hook/cmake_prefix_path.sh'
[6.040s] Level 1:colcon.colcon_core.environment:checking '/home/pi/ros2_pi_ws/install/micro_ros_msgs/lib'
[6.041s] Level 1:colcon.colcon_core.shell:create_environment_hook('micro_ros_msgs', 'ld_library_path_lib')
[6.042s] INFO:colcon.colcon_core.shell:Creating environment hook '/home/pi/ros2_pi_ws/install/micro_ros_msgs/share/micro_ros_msgs/hook/ld_library_path_lib.ps1'
[6.044s] INFO:colcon.colcon_core.shell:Creating environment descriptor '/home/pi/ros2_pi_ws/install/micro_ros_msgs/share/micro_ros_msgs/hook/ld_library_path_lib.dsv'
[6.046s] INFO:colcon.colcon_core.shell:Creating environment hook '/home/pi/ros2_pi_ws/install/micro_ros_msgs/share/micro_ros_msgs/hook/ld_library_path_lib.sh'
[6.048s] Level 1:colcon.colcon_core.environment:checking '/home/pi/ros2_pi_ws/install/micro_ros_msgs/bin'
[6.049s] Level 1:colcon.colcon_core.environment:checking '/home/pi/ros2_pi_ws/install/micro_ros_msgs/lib/pkgconfig/micro_ros_msgs.pc'
[6.050s] Level 1:colcon.colcon_core.environment:checking '/home/pi/ros2_pi_ws/install/micro_ros_msgs/lib/python3.10/site-packages'
[6.051s] Level 1:colcon.colcon_core.environment:checking '/home/pi/ros2_pi_ws/install/micro_ros_msgs/bin'
[6.053s] INFO:colcon.colcon_core.shell:Creating package script '/home/pi/ros2_pi_ws/install/micro_ros_msgs/share/micro_ros_msgs/package.ps1'
[6.057s] INFO:colcon.colcon_core.shell:Creating package descriptor '/home/pi/ros2_pi_ws/install/micro_ros_msgs/share/micro_ros_msgs/package.dsv'
[6.062s] INFO:colcon.colcon_core.shell:Creating package script '/home/pi/ros2_pi_ws/install/micro_ros_msgs/share/micro_ros_msgs/package.sh'
[6.067s] INFO:colcon.colcon_core.shell:Creating package script '/home/pi/ros2_pi_ws/install/micro_ros_msgs/share/micro_ros_msgs/package.bash'
[6.072s] INFO:colcon.colcon_core.shell:Creating package script '/home/pi/ros2_pi_ws/install/micro_ros_msgs/share/micro_ros_msgs/package.zsh'
[6.077s] Level 1:colcon.colcon_core.environment:create_file_with_runtime_dependencies(/home/pi/ros2_pi_ws/install/micro_ros_msgs/share/colcon-core/packages/micro_ros_msgs)
[6.084s] INFO:colcon.colcon_ros.task.ament_cmake.build:Building ROS package in '/home/pi/ros2_pi_ws/src/robot_odom' with build type 'ament_cmake'
[6.085s] INFO:colcon.colcon_cmake.task.cmake.build:Building CMake package in '/home/pi/ros2_pi_ws/src/robot_odom'
[6.087s] INFO:colcon.colcon_core.shell:Skip shell extension 'powershell' for command environment: Not usable outside of PowerShell
[6.087s] DEBUG:colcon.colcon_core.shell:Skip shell extension 'dsv' for command environment
[6.168s] DEBUG:colcon.colcon_core.event_handler.log_command:Invoking command in '/home/pi/ros2_pi_ws/build/robot_odom': CMAKE_PREFIX_PATH=${CMAKE_PREFIX_PATH}:/home/pi/ros2_pi_ws/install/opencv_tools:/home/pi/ros2_pi_ws/install/myrobot:/home/pi/ros2_pi_ws/install/motor_control:/opt/ros/humble /usr/bin/cmake --build /home/pi/ros2_pi_ws/build/robot_odom -- -j4 -l4
[6.249s] DEBUG:colcon.colcon_core.event_handler.log_command:Invoking command in '/home/pi/ros2_pi_ws/src/motor_control': PYTHONPATH=/home/pi/ros2_pi_ws/build/motor_control/prefix_override:/usr/lib/python3/dist-packages/colcon_core/task/python/colcon_distutils_commands:/home/pi/ros2_pi_ws/install/motor_control/lib/python3.10/site-packages:${PYTHONPATH} /usr/bin/python3 -W ignore:setup.py install is deprecated -W ignore:easy_install command is deprecated setup.py egg_info --egg-base ../../build/motor_control build --build-base /home/pi/ros2_pi_ws/build/motor_control/build install --record /home/pi/ros2_pi_ws/build/motor_control/install.log --single-version-externally-managed install_data
[6.498s] DEBUG:colcon.colcon_core.event_handler.log_command:Invoking command in '/home/pi/ros2_pi_ws/src/myrobot': PYTHONPATH=/home/pi/ros2_pi_ws/build/myrobot/prefix_override:/usr/lib/python3/dist-packages/colcon_core/task/python/colcon_distutils_commands:/home/pi/ros2_pi_ws/install/myrobot/lib/python3.10/site-packages:${PYTHONPATH} /usr/bin/python3 -W ignore:setup.py install is deprecated -W ignore:easy_install command is deprecated setup.py egg_info --egg-base ../../build/myrobot build --build-base /home/pi/ros2_pi_ws/build/myrobot/build install --record /home/pi/ros2_pi_ws/build/myrobot/install.log --single-version-externally-managed install_data
[6.613s] DEBUG:colcon.colcon_core.event_handler.log_command:Invoked command in '/home/pi/ros2_pi_ws/build/robot_odom' returned '0': CMAKE_PREFIX_PATH=${CMAKE_PREFIX_PATH}:/home/pi/ros2_pi_ws/install/opencv_tools:/home/pi/ros2_pi_ws/install/myrobot:/home/pi/ros2_pi_ws/install/motor_control:/opt/ros/humble /usr/bin/cmake --build /home/pi/ros2_pi_ws/build/robot_odom -- -j4 -l4
[6.614s] DEBUG:colcon.colcon_core.event_handler.log_command:Invoking command in '/home/pi/ros2_pi_ws/build/robot_odom': CMAKE_PREFIX_PATH=${CMAKE_PREFIX_PATH}:/home/pi/ros2_pi_ws/install/opencv_tools:/home/pi/ros2_pi_ws/install/myrobot:/home/pi/ros2_pi_ws/install/motor_control:/opt/ros/humble /usr/bin/cmake --install /home/pi/ros2_pi_ws/build/robot_odom
[6.673s] Level 1:colcon.colcon_core.environment:create_environment_scripts_only(robot_odom)
[6.674s] Level 1:colcon.colcon_core.environment:checking '/home/pi/ros2_pi_ws/install/robot_odom' for CMake module files
[6.678s] Level 1:colcon.colcon_core.environment:checking '/home/pi/ros2_pi_ws/install/robot_odom' for CMake config files
[6.679s] Level 1:colcon.colcon_core.shell:create_environment_hook('robot_odom', 'cmake_prefix_path')
[6.681s] INFO:colcon.colcon_core.shell:Creating environment hook '/home/pi/ros2_pi_ws/install/robot_odom/share/robot_odom/hook/cmake_prefix_path.ps1'
[6.687s] DEBUG:colcon.colcon_core.event_handler.log_command:Invoked command in '/home/pi/ros2_pi_ws/build/robot_odom' returned '0': CMAKE_PREFIX_PATH=${CMAKE_PREFIX_PATH}:/home/pi/ros2_pi_ws/install/opencv_tools:/home/pi/ros2_pi_ws/install/myrobot:/home/pi/ros2_pi_ws/install/motor_control:/opt/ros/humble /usr/bin/cmake --install /home/pi/ros2_pi_ws/build/robot_odom
[6.688s] INFO:colcon.colcon_core.shell:Creating environment descriptor '/home/pi/ros2_pi_ws/install/robot_odom/share/robot_odom/hook/cmake_prefix_path.dsv'
[6.691s] INFO:colcon.colcon_core.shell:Creating environment hook '/home/pi/ros2_pi_ws/install/robot_odom/share/robot_odom/hook/cmake_prefix_path.sh'
[6.695s] Level 1:colcon.colcon_core.environment:checking '/home/pi/ros2_pi_ws/install/robot_odom/lib'
[6.696s] Level 1:colcon.colcon_core.environment:checking '/home/pi/ros2_pi_ws/install/robot_odom/bin'
[6.697s] Level 1:colcon.colcon_core.environment:checking '/home/pi/ros2_pi_ws/install/robot_odom/lib/pkgconfig/robot_odom.pc'
[6.698s] Level 1:colcon.colcon_core.environment:checking '/home/pi/ros2_pi_ws/install/robot_odom/lib/python3.10/site-packages'
[6.699s] Level 1:colcon.colcon_core.environment:checking '/home/pi/ros2_pi_ws/install/robot_odom/bin'
[6.701s] INFO:colcon.colcon_core.shell:Creating package script '/home/pi/ros2_pi_ws/install/robot_odom/share/robot_odom/package.ps1'
[6.704s] INFO:colcon.colcon_core.shell:Creating package descriptor '/home/pi/ros2_pi_ws/install/robot_odom/share/robot_odom/package.dsv'
[6.707s] INFO:colcon.colcon_core.shell:Creating package script '/home/pi/ros2_pi_ws/install/robot_odom/share/robot_odom/package.sh'
[6.711s] INFO:colcon.colcon_core.shell:Creating package script '/home/pi/ros2_pi_ws/install/robot_odom/share/robot_odom/package.bash'
[6.715s] INFO:colcon.colcon_core.shell:Creating package script '/home/pi/ros2_pi_ws/install/robot_odom/share/robot_odom/package.zsh'
[6.718s] Level 1:colcon.colcon_core.environment:create_file_with_runtime_dependencies(/home/pi/ros2_pi_ws/install/robot_odom/share/colcon-core/packages/robot_odom)
[6.722s] Level 1:colcon.colcon_core.environment:create_environment_scripts_only(robot_odom)
[6.723s] Level 1:colcon.colcon_core.environment:checking '/home/pi/ros2_pi_ws/install/robot_odom' for CMake module files
[6.726s] Level 1:colcon.colcon_core.environment:checking '/home/pi/ros2_pi_ws/install/robot_odom' for CMake config files
[6.728s] Level 1:colcon.colcon_core.shell:create_environment_hook('robot_odom', 'cmake_prefix_path')
[6.729s] INFO:colcon.colcon_core.shell:Creating environment hook '/home/pi/ros2_pi_ws/install/robot_odom/share/robot_odom/hook/cmake_prefix_path.ps1'
[6.732s] INFO:colcon.colcon_core.shell:Creating environment descriptor '/home/pi/ros2_pi_ws/install/robot_odom/share/robot_odom/hook/cmake_prefix_path.dsv'
[6.735s] INFO:colcon.colcon_core.shell:Creating environment hook '/home/pi/ros2_pi_ws/install/robot_odom/share/robot_odom/hook/cmake_prefix_path.sh'
[6.740s] Level 1:colcon.colcon_core.environment:checking '/home/pi/ros2_pi_ws/install/robot_odom/lib'
[6.741s] Level 1:colcon.colcon_core.environment:checking '/home/pi/ros2_pi_ws/install/robot_odom/bin'
[6.742s] Level 1:colcon.colcon_core.environment:checking '/home/pi/ros2_pi_ws/install/robot_odom/lib/pkgconfig/robot_odom.pc'
[6.744s] Level 1:colcon.colcon_core.environment:checking '/home/pi/ros2_pi_ws/install/robot_odom/lib/python3.10/site-packages'
[6.745s] Level 1:colcon.colcon_core.environment:checking '/home/pi/ros2_pi_ws/install/robot_odom/bin'
[6.747s] INFO:colcon.colcon_core.shell:Creating package script '/home/pi/ros2_pi_ws/install/robot_odom/share/robot_odom/package.ps1'
[6.750s] INFO:colcon.colcon_core.shell:Creating package descriptor '/home/pi/ros2_pi_ws/install/robot_odom/share/robot_odom/package.dsv'
[6.754s] INFO:colcon.colcon_core.shell:Creating package script '/home/pi/ros2_pi_ws/install/robot_odom/share/robot_odom/package.sh'
[6.757s] INFO:colcon.colcon_core.shell:Creating package script '/home/pi/ros2_pi_ws/install/robot_odom/share/robot_odom/package.bash'
[6.760s] INFO:colcon.colcon_core.shell:Creating package script '/home/pi/ros2_pi_ws/install/robot_odom/share/robot_odom/package.zsh'
[6.764s] Level 1:colcon.colcon_core.environment:create_file_with_runtime_dependencies(/home/pi/ros2_pi_ws/install/robot_odom/share/colcon-core/packages/robot_odom)
[6.771s] INFO:colcon.colcon_ros.task.ament_cmake.build:Building ROS package in '/home/pi/ros2_pi_ws/src/uros/micro-ROS-Agent/micro_ros_agent' with build type 'ament_cmake'
[6.772s] INFO:colcon.colcon_cmake.task.cmake.build:Building CMake package in '/home/pi/ros2_pi_ws/src/uros/micro-ROS-Agent/micro_ros_agent'
[6.773s] INFO:colcon.colcon_core.shell:Skip shell extension 'powershell' for command environment: Not usable outside of PowerShell
[6.774s] DEBUG:colcon.colcon_core.shell:Skip shell extension 'dsv' for command environment
[6.833s] DEBUG:colcon.colcon_core.event_handler.log_command:Invoking command in '/home/pi/ros2_pi_ws/build/micro_ros_agent': CMAKE_PREFIX_PATH=/home/pi/ros2_pi_ws/install/micro_ros_msgs:/home/pi/ros2_pi_ws/install/robot_odom:/home/pi/ros2_pi_ws/install/micro_ros_setup:/home/pi/ros2_pi_ws/install/micro_ros_agent:/home/pi/ros2_pi_ws/install/opencv_tools:/home/pi/ros2_pi_ws/install/myrobot:/home/pi/ros2_pi_ws/install/motor_control:/opt/ros/humble LD_LIBRARY_PATH=/home/pi/ros2_pi_ws/install/micro_ros_msgs/lib:/home/pi/ros2_pi_ws/install/micro_ros_agent/lib:/opt/ros/humble/opt/rviz_ogre_vendor/lib:/opt/ros/humble/lib/aarch64-linux-gnu:/opt/ros/humble/lib /usr/bin/cmake --build /home/pi/ros2_pi_ws/build/micro_ros_agent -- -j4 -l4
[7.176s] DEBUG:colcon.colcon_core.event_handler.log_command:Invoked command in '/home/pi/ros2_pi_ws/build/micro_ros_agent' returned '0': CMAKE_PREFIX_PATH=/home/pi/ros2_pi_ws/install/micro_ros_msgs:/home/pi/ros2_pi_ws/install/robot_odom:/home/pi/ros2_pi_ws/install/micro_ros_setup:/home/pi/ros2_pi_ws/install/micro_ros_agent:/home/pi/ros2_pi_ws/install/opencv_tools:/home/pi/ros2_pi_ws/install/myrobot:/home/pi/ros2_pi_ws/install/motor_control:/opt/ros/humble LD_LIBRARY_PATH=/home/pi/ros2_pi_ws/install/micro_ros_msgs/lib:/home/pi/ros2_pi_ws/install/micro_ros_agent/lib:/opt/ros/humble/opt/rviz_ogre_vendor/lib:/opt/ros/humble/lib/aarch64-linux-gnu:/opt/ros/humble/lib /usr/bin/cmake --build /home/pi/ros2_pi_ws/build/micro_ros_agent -- -j4 -l4
[7.181s] DEBUG:colcon.colcon_core.event_handler.log_command:Invoking command in '/home/pi/ros2_pi_ws/build/micro_ros_agent': CMAKE_PREFIX_PATH=/home/pi/ros2_pi_ws/install/micro_ros_msgs:/home/pi/ros2_pi_ws/install/robot_odom:/home/pi/ros2_pi_ws/install/micro_ros_setup:/home/pi/ros2_pi_ws/install/micro_ros_agent:/home/pi/ros2_pi_ws/install/opencv_tools:/home/pi/ros2_pi_ws/install/myrobot:/home/pi/ros2_pi_ws/install/motor_control:/opt/ros/humble LD_LIBRARY_PATH=/home/pi/ros2_pi_ws/install/micro_ros_msgs/lib:/home/pi/ros2_pi_ws/install/micro_ros_agent/lib:/opt/ros/humble/opt/rviz_ogre_vendor/lib:/opt/ros/humble/lib/aarch64-linux-gnu:/opt/ros/humble/lib /usr/bin/cmake --install /home/pi/ros2_pi_ws/build/micro_ros_agent
[7.258s] Level 1:colcon.colcon_core.environment:create_environment_scripts_only(micro_ros_agent)
[7.259s] Level 1:colcon.colcon_core.environment:checking '/home/pi/ros2_pi_ws/install/micro_ros_agent' for CMake module files
[7.262s] Level 1:colcon.colcon_core.environment:checking '/home/pi/ros2_pi_ws/install/micro_ros_agent' for CMake config files
[7.264s] DEBUG:colcon.colcon_core.event_handler.log_command:Invoked command in '/home/pi/ros2_pi_ws/build/micro_ros_agent' returned '0': CMAKE_PREFIX_PATH=/home/pi/ros2_pi_ws/install/micro_ros_msgs:/home/pi/ros2_pi_ws/install/robot_odom:/home/pi/ros2_pi_ws/install/micro_ros_setup:/home/pi/ros2_pi_ws/install/micro_ros_agent:/home/pi/ros2_pi_ws/install/opencv_tools:/home/pi/ros2_pi_ws/install/myrobot:/home/pi/ros2_pi_ws/install/motor_control:/opt/ros/humble LD_LIBRARY_PATH=/home/pi/ros2_pi_ws/install/micro_ros_msgs/lib:/home/pi/ros2_pi_ws/install/micro_ros_agent/lib:/opt/ros/humble/opt/rviz_ogre_vendor/lib:/opt/ros/humble/lib/aarch64-linux-gnu:/opt/ros/humble/lib /usr/bin/cmake --install /home/pi/ros2_pi_ws/build/micro_ros_agent
[7.266s] Level 1:colcon.colcon_core.shell:create_environment_hook('micro_ros_agent', 'cmake_prefix_path')
[7.267s] INFO:colcon.colcon_core.shell:Creating environment hook '/home/pi/ros2_pi_ws/install/micro_ros_agent/share/micro_ros_agent/hook/cmake_prefix_path.ps1'
[7.270s] INFO:colcon.colcon_core.shell:Creating environment descriptor '/home/pi/ros2_pi_ws/install/micro_ros_agent/share/micro_ros_agent/hook/cmake_prefix_path.dsv'
[7.272s] INFO:colcon.colcon_core.shell:Creating environment hook '/home/pi/ros2_pi_ws/install/micro_ros_agent/share/micro_ros_agent/hook/cmake_prefix_path.sh'
[7.276s] Level 1:colcon.colcon_core.environment:checking '/home/pi/ros2_pi_ws/install/micro_ros_agent/lib'
[7.277s] Level 1:colcon.colcon_core.shell:create_environment_hook('micro_ros_agent', 'ld_library_path_lib')
[7.278s] INFO:colcon.colcon_core.shell:Creating environment hook '/home/pi/ros2_pi_ws/install/micro_ros_agent/share/micro_ros_agent/hook/ld_library_path_lib.ps1'
[7.280s] INFO:colcon.colcon_core.shell:Creating environment descriptor '/home/pi/ros2_pi_ws/install/micro_ros_agent/share/micro_ros_agent/hook/ld_library_path_lib.dsv'
[7.283s] INFO:colcon.colcon_core.shell:Creating environment hook '/home/pi/ros2_pi_ws/install/micro_ros_agent/share/micro_ros_agent/hook/ld_library_path_lib.sh'
[7.286s] Level 1:colcon.colcon_core.environment:checking '/home/pi/ros2_pi_ws/install/micro_ros_agent/bin'
[7.286s] Level 1:colcon.colcon_core.environment:checking '/home/pi/ros2_pi_ws/install/micro_ros_agent/lib/pkgconfig/micro_ros_agent.pc'
[7.288s] Level 1:colcon.colcon_core.environment:checking '/home/pi/ros2_pi_ws/install/micro_ros_agent/lib/python3.10/site-packages'
[7.290s] Level 1:colcon.colcon_core.environment:checking '/home/pi/ros2_pi_ws/install/micro_ros_agent/bin'
[7.292s] INFO:colcon.colcon_core.shell:Creating package script '/home/pi/ros2_pi_ws/install/micro_ros_agent/share/micro_ros_agent/package.ps1'
[7.295s] INFO:colcon.colcon_core.shell:Creating package descriptor '/home/pi/ros2_pi_ws/install/micro_ros_agent/share/micro_ros_agent/package.dsv'
[7.298s] INFO:colcon.colcon_core.shell:Creating package script '/home/pi/ros2_pi_ws/install/micro_ros_agent/share/micro_ros_agent/package.sh'
[7.301s] INFO:colcon.colcon_core.shell:Creating package script '/home/pi/ros2_pi_ws/install/micro_ros_agent/share/micro_ros_agent/package.bash'
[7.303s] INFO:colcon.colcon_core.shell:Creating package script '/home/pi/ros2_pi_ws/install/micro_ros_agent/share/micro_ros_agent/package.zsh'
[7.306s] Level 1:colcon.colcon_core.environment:create_file_with_runtime_dependencies(/home/pi/ros2_pi_ws/install/micro_ros_agent/share/colcon-core/packages/micro_ros_agent)
[7.309s] Level 1:colcon.colcon_core.environment:create_environment_scripts_only(micro_ros_agent)
[7.310s] Level 1:colcon.colcon_core.environment:checking '/home/pi/ros2_pi_ws/install/micro_ros_agent' for CMake module files
[7.314s] Level 1:colcon.colcon_core.environment:checking '/home/pi/ros2_pi_ws/install/micro_ros_agent' for CMake config files
[7.316s] Level 1:colcon.colcon_core.shell:create_environment_hook('micro_ros_agent', 'cmake_prefix_path')
[7.317s] INFO:colcon.colcon_core.shell:Creating environment hook '/home/pi/ros2_pi_ws/install/micro_ros_agent/share/micro_ros_agent/hook/cmake_prefix_path.ps1'
[7.319s] INFO:colcon.colcon_core.shell:Creating environment descriptor '/home/pi/ros2_pi_ws/install/micro_ros_agent/share/micro_ros_agent/hook/cmake_prefix_path.dsv'
[7.322s] INFO:colcon.colcon_core.shell:Creating environment hook '/home/pi/ros2_pi_ws/install/micro_ros_agent/share/micro_ros_agent/hook/cmake_prefix_path.sh'
[7.325s] Level 1:colcon.colcon_core.environment:checking '/home/pi/ros2_pi_ws/install/micro_ros_agent/lib'
[7.326s] Level 1:colcon.colcon_core.shell:create_environment_hook('micro_ros_agent', 'ld_library_path_lib')
[7.327s] INFO:colcon.colcon_core.shell:Creating environment hook '/home/pi/ros2_pi_ws/install/micro_ros_agent/share/micro_ros_agent/hook/ld_library_path_lib.ps1'
[7.329s] INFO:colcon.colcon_core.shell:Creating environment descriptor '/home/pi/ros2_pi_ws/install/micro_ros_agent/share/micro_ros_agent/hook/ld_library_path_lib.dsv'
[7.332s] INFO:colcon.colcon_core.shell:Creating environment hook '/home/pi/ros2_pi_ws/install/micro_ros_agent/share/micro_ros_agent/hook/ld_library_path_lib.sh'
[7.334s] Level 1:colcon.colcon_core.environment:checking '/home/pi/ros2_pi_ws/install/micro_ros_agent/bin'
[7.335s] Level 1:colcon.colcon_core.environment:checking '/home/pi/ros2_pi_ws/install/micro_ros_agent/lib/pkgconfig/micro_ros_agent.pc'
[7.336s] Level 1:colcon.colcon_core.environment:checking '/home/pi/ros2_pi_ws/install/micro_ros_agent/lib/python3.10/site-packages'
[7.337s] Level 1:colcon.colcon_core.environment:checking '/home/pi/ros2_pi_ws/install/micro_ros_agent/bin'
[7.339s] INFO:colcon.colcon_core.shell:Creating package script '/home/pi/ros2_pi_ws/install/micro_ros_agent/share/micro_ros_agent/package.ps1'
[7.342s] INFO:colcon.colcon_core.shell:Creating package descriptor '/home/pi/ros2_pi_ws/install/micro_ros_agent/share/micro_ros_agent/package.dsv'
[7.345s] INFO:colcon.colcon_core.shell:Creating package script '/home/pi/ros2_pi_ws/install/micro_ros_agent/share/micro_ros_agent/package.sh'
[7.348s] INFO:colcon.colcon_core.shell:Creating package script '/home/pi/ros2_pi_ws/install/micro_ros_agent/share/micro_ros_agent/package.bash'
[7.350s] INFO:colcon.colcon_core.shell:Creating package script '/home/pi/ros2_pi_ws/install/micro_ros_agent/share/micro_ros_agent/package.zsh'
[7.354s] Level 1:colcon.colcon_core.environment:create_file_with_runtime_dependencies(/home/pi/ros2_pi_ws/install/micro_ros_agent/share/colcon-core/packages/micro_ros_agent)
[7.997s] Level 1:colcon.colcon_core.environment:checking '/home/pi/ros2_pi_ws/install/motor_control' for CMake module files
[8.001s] Level 1:colcon.colcon_core.environment:checking '/home/pi/ros2_pi_ws/install/motor_control' for CMake config files
[8.005s] Level 1:colcon.colcon_core.environment:checking '/home/pi/ros2_pi_ws/install/motor_control/lib'
[8.005s] Level 1:colcon.colcon_core.environment:checking '/home/pi/ros2_pi_ws/install/motor_control/bin'
[8.006s] Level 1:colcon.colcon_core.environment:checking '/home/pi/ros2_pi_ws/install/motor_control/lib/pkgconfig/motor_control.pc'
[8.007s] Level 1:colcon.colcon_core.environment:checking '/home/pi/ros2_pi_ws/install/motor_control/lib/python3.10/site-packages'
[8.008s] DEBUG:colcon.colcon_core.event_handler.log_command:Invoked command in '/home/pi/ros2_pi_ws/src/motor_control' returned '0': PYTHONPATH=/home/pi/ros2_pi_ws/build/motor_control/prefix_override:/usr/lib/python3/dist-packages/colcon_core/task/python/colcon_distutils_commands:/home/pi/ros2_pi_ws/install/motor_control/lib/python3.10/site-packages:${PYTHONPATH} /usr/bin/python3 -W ignore:setup.py install is deprecated -W ignore:easy_install command is deprecated setup.py egg_info --egg-base ../../build/motor_control build --build-base /home/pi/ros2_pi_ws/build/motor_control/build install --record /home/pi/ros2_pi_ws/build/motor_control/install.log --single-version-externally-managed install_data
[8.009s] Level 1:colcon.colcon_core.shell:create_environment_hook('motor_control', 'pythonpath')
[8.011s] INFO:colcon.colcon_core.shell:Creating environment hook '/home/pi/ros2_pi_ws/install/motor_control/share/motor_control/hook/pythonpath.ps1'
[8.013s] INFO:colcon.colcon_core.shell:Creating environment descriptor '/home/pi/ros2_pi_ws/install/motor_control/share/motor_control/hook/pythonpath.dsv'
[8.016s] INFO:colcon.colcon_core.shell:Creating environment hook '/home/pi/ros2_pi_ws/install/motor_control/share/motor_control/hook/pythonpath.sh'
[8.019s] Level 1:colcon.colcon_core.environment:checking '/home/pi/ros2_pi_ws/install/motor_control/bin'
[8.020s] Level 1:colcon.colcon_core.environment:create_environment_scripts_only(motor_control)
[8.022s] INFO:colcon.colcon_core.shell:Creating package script '/home/pi/ros2_pi_ws/install/motor_control/share/motor_control/package.ps1'
[8.025s] INFO:colcon.colcon_core.shell:Creating package descriptor '/home/pi/ros2_pi_ws/install/motor_control/share/motor_control/package.dsv'
[8.028s] INFO:colcon.colcon_core.shell:Creating package script '/home/pi/ros2_pi_ws/install/motor_control/share/motor_control/package.sh'
[8.030s] INFO:colcon.colcon_core.shell:Creating package script '/home/pi/ros2_pi_ws/install/motor_control/share/motor_control/package.bash'
[8.033s] INFO:colcon.colcon_core.shell:Creating package script '/home/pi/ros2_pi_ws/install/motor_control/share/motor_control/package.zsh'
[8.035s] Level 1:colcon.colcon_core.environment:create_file_with_runtime_dependencies(/home/pi/ros2_pi_ws/install/motor_control/share/colcon-core/packages/motor_control)
[8.221s] Level 1:colcon.colcon_core.environment:checking '/home/pi/ros2_pi_ws/install/myrobot' for CMake module files
[8.224s] DEBUG:colcon.colcon_core.event_handler.log_command:Invoked command in '/home/pi/ros2_pi_ws/src/myrobot' returned '0': PYTHONPATH=/home/pi/ros2_pi_ws/build/myrobot/prefix_override:/usr/lib/python3/dist-packages/colcon_core/task/python/colcon_distutils_commands:/home/pi/ros2_pi_ws/install/myrobot/lib/python3.10/site-packages:${PYTHONPATH} /usr/bin/python3 -W ignore:setup.py install is deprecated -W ignore:easy_install command is deprecated setup.py egg_info --egg-base ../../build/myrobot build --build-base /home/pi/ros2_pi_ws/build/myrobot/build install --record /home/pi/ros2_pi_ws/build/myrobot/install.log --single-version-externally-managed install_data
[8.226s] Level 1:colcon.colcon_core.environment:checking '/home/pi/ros2_pi_ws/install/myrobot' for CMake config files
[8.233s] Level 1:colcon.colcon_core.environment:checking '/home/pi/ros2_pi_ws/install/myrobot/lib'
[8.234s] Level 1:colcon.colcon_core.environment:checking '/home/pi/ros2_pi_ws/install/myrobot/bin'
[8.235s] Level 1:colcon.colcon_core.environment:checking '/home/pi/ros2_pi_ws/install/myrobot/lib/pkgconfig/myrobot.pc'
[8.236s] Level 1:colcon.colcon_core.environment:checking '/home/pi/ros2_pi_ws/install/myrobot/lib/python3.10/site-packages'
[8.237s] Level 1:colcon.colcon_core.shell:create_environment_hook('myrobot', 'pythonpath')
[8.239s] INFO:colcon.colcon_core.shell:Creating environment hook '/home/pi/ros2_pi_ws/install/myrobot/share/myrobot/hook/pythonpath.ps1'
[8.243s] INFO:colcon.colcon_core.shell:Creating environment descriptor '/home/pi/ros2_pi_ws/install/myrobot/share/myrobot/hook/pythonpath.dsv'
[8.246s] INFO:colcon.colcon_core.shell:Creating environment hook '/home/pi/ros2_pi_ws/install/myrobot/share/myrobot/hook/pythonpath.sh'
[8.250s] Level 1:colcon.colcon_core.environment:checking '/home/pi/ros2_pi_ws/install/myrobot/bin'
[8.250s] Level 1:colcon.colcon_core.environment:create_environment_scripts_only(myrobot)
[8.252s] INFO:colcon.colcon_core.shell:Creating package script '/home/pi/ros2_pi_ws/install/myrobot/share/myrobot/package.ps1'
[8.255s] INFO:colcon.colcon_core.shell:Creating package descriptor '/home/pi/ros2_pi_ws/install/myrobot/share/myrobot/package.dsv'
[8.258s] INFO:colcon.colcon_core.shell:Creating package script '/home/pi/ros2_pi_ws/install/myrobot/share/myrobot/package.sh'
[8.262s] INFO:colcon.colcon_core.shell:Creating package script '/home/pi/ros2_pi_ws/install/myrobot/share/myrobot/package.bash'
[8.266s] INFO:colcon.colcon_core.shell:Creating package script '/home/pi/ros2_pi_ws/install/myrobot/share/myrobot/package.zsh'
[8.269s] Level 1:colcon.colcon_core.environment:create_file_with_runtime_dependencies(/home/pi/ros2_pi_ws/install/myrobot/share/colcon-core/packages/myrobot)
[8.286s] DEBUG:colcon.colcon_core.event_handler.log_command:Invoking command in '/home/pi/ros2_pi_ws/src/opencv_tools': PYTHONPATH=/home/pi/ros2_pi_ws/build/opencv_tools/prefix_override:/usr/lib/python3/dist-packages/colcon_core/task/python/colcon_distutils_commands:/home/pi/ros2_pi_ws/install/opencv_tools/lib/python3.10/site-packages:${PYTHONPATH} /usr/bin/python3 -W ignore:setup.py install is deprecated -W ignore:easy_install command is deprecated setup.py egg_info --egg-base ../../build/opencv_tools build --build-base /home/pi/ros2_pi_ws/build/opencv_tools/build install --record /home/pi/ros2_pi_ws/build/opencv_tools/install.log --single-version-externally-managed install_data
[9.458s] Level 1:colcon.colcon_core.environment:checking '/home/pi/ros2_pi_ws/install/opencv_tools' for CMake module files
[9.460s] DEBUG:colcon.colcon_core.event_handler.log_command:Invoked command in '/home/pi/ros2_pi_ws/src/opencv_tools' returned '0': PYTHONPATH=/home/pi/ros2_pi_ws/build/opencv_tools/prefix_override:/usr/lib/python3/dist-packages/colcon_core/task/python/colcon_distutils_commands:/home/pi/ros2_pi_ws/install/opencv_tools/lib/python3.10/site-packages:${PYTHONPATH} /usr/bin/python3 -W ignore:setup.py install is deprecated -W ignore:easy_install command is deprecated setup.py egg_info --egg-base ../../build/opencv_tools build --build-base /home/pi/ros2_pi_ws/build/opencv_tools/build install --record /home/pi/ros2_pi_ws/build/opencv_tools/install.log --single-version-externally-managed install_data
[9.462s] Level 1:colcon.colcon_core.environment:checking '/home/pi/ros2_pi_ws/install/opencv_tools' for CMake config files
[9.465s] Level 1:colcon.colcon_core.environment:checking '/home/pi/ros2_pi_ws/install/opencv_tools/lib'
[9.465s] Level 1:colcon.colcon_core.environment:checking '/home/pi/ros2_pi_ws/install/opencv_tools/bin'
[9.466s] Level 1:colcon.colcon_core.environment:checking '/home/pi/ros2_pi_ws/install/opencv_tools/lib/pkgconfig/opencv_tools.pc'
[9.466s] Level 1:colcon.colcon_core.environment:checking '/home/pi/ros2_pi_ws/install/opencv_tools/lib/python3.10/site-packages'
[9.467s] Level 1:colcon.colcon_core.shell:create_environment_hook('opencv_tools', 'pythonpath')
[9.468s] INFO:colcon.colcon_core.shell:Creating environment hook '/home/pi/ros2_pi_ws/install/opencv_tools/share/opencv_tools/hook/pythonpath.ps1'
[9.470s] INFO:colcon.colcon_core.shell:Creating environment descriptor '/home/pi/ros2_pi_ws/install/opencv_tools/share/opencv_tools/hook/pythonpath.dsv'
[9.471s] INFO:colcon.colcon_core.shell:Creating environment hook '/home/pi/ros2_pi_ws/install/opencv_tools/share/opencv_tools/hook/pythonpath.sh'
[9.474s] Level 1:colcon.colcon_core.environment:checking '/home/pi/ros2_pi_ws/install/opencv_tools/bin'
[9.474s] Level 1:colcon.colcon_core.environment:create_environment_scripts_only(opencv_tools)
[9.476s] INFO:colcon.colcon_core.shell:Creating package script '/home/pi/ros2_pi_ws/install/opencv_tools/share/opencv_tools/package.ps1'
[9.478s] INFO:colcon.colcon_core.shell:Creating package descriptor '/home/pi/ros2_pi_ws/install/opencv_tools/share/opencv_tools/package.dsv'
[9.480s] INFO:colcon.colcon_core.shell:Creating package script '/home/pi/ros2_pi_ws/install/opencv_tools/share/opencv_tools/package.sh'
[9.482s] INFO:colcon.colcon_core.shell:Creating package script '/home/pi/ros2_pi_ws/install/opencv_tools/share/opencv_tools/package.bash'
[9.484s] INFO:colcon.colcon_core.shell:Creating package script '/home/pi/ros2_pi_ws/install/opencv_tools/share/opencv_tools/package.zsh'
[9.486s] Level 1:colcon.colcon_core.environment:create_file_with_runtime_dependencies(/home/pi/ros2_pi_ws/install/opencv_tools/share/colcon-core/packages/opencv_tools)
[9.487s] DEBUG:colcon.colcon_parallel_executor.executor.parallel:closing loop
[9.488s] DEBUG:colcon.colcon_parallel_executor.executor.parallel:loop closed
[9.489s] DEBUG:colcon.colcon_parallel_executor.executor.parallel:run_until_complete finished with '0'
[9.489s] DEBUG:colcon.colcon_core.event_reactor:joining thread
[9.511s] INFO:colcon.colcon_core.plugin_system:Skipping extension 'colcon_notification.desktop_notification.notify_send': Could not find 'notify-send'
[9.512s] INFO:colcon.colcon_core.plugin_system:Skipping extension 'colcon_notification.desktop_notification.terminal_notifier': Not used on non-Darwin systems
[9.512s] INFO:colcon.colcon_core.plugin_system:Skipping extension 'colcon_notification.desktop_notification.win32': Not used on non-Windows systems
[9.512s] INFO:colcon.colcon_notification.desktop_notification:Sending desktop notification using 'notify2'
[9.515s] DEBUG:colcon.colcon_notification.desktop_notification.notify2:Failed to initialize notify2: org.freedesktop.DBus.Error.ServiceUnknown: The name org.freedesktop.Notifications was not provided by any .service files
[9.515s] DEBUG:colcon.colcon_core.event_reactor:joined thread
[9.516s] INFO:colcon.colcon_core.shell:Creating prefix script '/home/pi/ros2_pi_ws/install/local_setup.ps1'
[9.520s] INFO:colcon.colcon_core.shell:Creating prefix util module '/home/pi/ros2_pi_ws/install/_local_setup_util_ps1.py'
[9.526s] INFO:colcon.colcon_core.shell:Creating prefix chain script '/home/pi/ros2_pi_ws/install/setup.ps1'
[9.532s] INFO:colcon.colcon_core.shell:Creating prefix script '/home/pi/ros2_pi_ws/install/local_setup.sh'
[9.534s] INFO:colcon.colcon_core.shell:Creating prefix util module '/home/pi/ros2_pi_ws/install/_local_setup_util_sh.py'
[9.537s] INFO:colcon.colcon_core.shell:Creating prefix chain script '/home/pi/ros2_pi_ws/install/setup.sh'
[9.543s] INFO:colcon.colcon_core.shell:Creating prefix script '/home/pi/ros2_pi_ws/install/local_setup.bash'
[9.545s] INFO:colcon.colcon_core.shell:Creating prefix chain script '/home/pi/ros2_pi_ws/install/setup.bash'
[9.551s] INFO:colcon.colcon_core.shell:Creating prefix script '/home/pi/ros2_pi_ws/install/local_setup.zsh'
[9.555s] INFO:colcon.colcon_core.shell:Creating prefix chain script '/home/pi/ros2_pi_ws/install/setup.zsh'
