[0.429s] DEBUG:colcon:Command line arguments: ['/usr/bin/colcon', 'build']
[0.430s] DEBUG:colcon:Parsed command line arguments: Namespace(log_base=None, log_level=None, verb_name='build', build_base='build', install_base='install', merge_install=False, symlink_install=False, test_result_base=None, continue_on_error=False, executor='parallel', parallel_workers=4, event_handlers=None, ignore_user_meta=False, metas=['./colcon.meta'], base_paths=['.'], packages_ignore=None, packages_ignore_regex=None, paths=None, packages_up_to=None, packages_up_to_regex=None, packages_above=None, packages_above_and_dependencies=None, packages_above_depth=None, packages_select_by_dep=None, packages_skip_by_dep=None, packages_skip_up_to=None, packages_select_build_failed=False, packages_skip_build_finished=False, packages_select_test_failures=False, packages_skip_test_passed=False, packages_select=None, packages_skip=None, packages_select_regex=None, packages_skip_regex=None, packages_start=None, packages_end=None, allow_overriding=[], cmake_args=None, cmake_target=None, cmake_target_skip_unavailable=False, cmake_clean_cache=False, cmake_clean_first=False, cmake_force_configure=False, ament_cmake_args=None, catkin_cmake_args=None, catkin_skip_building_tests=False, mixin_files=None, mixin=None, verb_parser=<colcon_mixin.mixin.mixin_argument.MixinArgumentDecorator object at 0xffffa74e4a30>, verb_extension=<colcon_core.verb.build.BuildVerb object at 0xffffa76159c0>, main=<bound method BuildVerb.main of <colcon_core.verb.build.BuildVerb object at 0xffffa76159c0>>, mixin_verb=('build',))
[1.068s] Level 1:colcon.colcon_core.package_discovery:discover_packages(colcon_meta) check parameters
[1.069s] Level 1:colcon.colcon_core.package_discovery:discover_packages(recursive) check parameters
[1.069s] Level 1:colcon.colcon_core.package_discovery:discover_packages(ignore) check parameters
[1.069s] Level 1:colcon.colcon_core.package_discovery:discover_packages(path) check parameters
[1.069s] Level 1:colcon.colcon_core.package_discovery:discover_packages(colcon_meta) discover
[1.069s] Level 1:colcon.colcon_core.package_discovery:discover_packages(recursive) discover
[1.069s] INFO:colcon.colcon_core.package_discovery:Crawling recursively for packages in '/home/pi/microros_pi_ws'
[1.070s] Level 1:colcon.colcon_core.package_identification:_identify(.) by extensions ['ignore', 'ignore_ament_install']
[1.070s] Level 1:colcon.colcon_core.package_identification:_identify(.) by extension 'ignore'
[1.070s] Level 1:colcon.colcon_core.package_identification:_identify(.) by extension 'ignore_ament_install'
[1.070s] Level 1:colcon.colcon_core.package_identification:_identify(.) by extensions ['colcon_pkg']
[1.071s] Level 1:colcon.colcon_core.package_identification:_identify(.) by extension 'colcon_pkg'
[1.071s] Level 1:colcon.colcon_core.package_identification:_identify(.) by extensions ['colcon_meta']
[1.071s] Level 1:colcon.colcon_core.package_identification:_identify(.) by extension 'colcon_meta'
[1.071s] Level 1:colcon.colcon_core.package_identification:_identify(.) by extensions ['ros']
[1.071s] Level 1:colcon.colcon_core.package_identification:_identify(.) by extension 'ros'
[1.119s] Level 1:colcon.colcon_core.package_identification:_identify(.) by extensions ['cmake', 'python']
[1.119s] Level 1:colcon.colcon_core.package_identification:_identify(.) by extension 'cmake'
[1.119s] Level 1:colcon.colcon_core.package_identification:_identify(.) by extension 'python'
[1.119s] Level 1:colcon.colcon_core.package_identification:_identify(.) by extensions ['python_setup_py']
[1.119s] Level 1:colcon.colcon_core.package_identification:_identify(.) by extension 'python_setup_py'
[1.120s] Level 1:colcon.colcon_core.package_identification:_identify(build) by extensions ['ignore', 'ignore_ament_install']
[1.120s] Level 1:colcon.colcon_core.package_identification:_identify(build) by extension 'ignore'
[1.120s] Level 1:colcon.colcon_core.package_identification:_identify(build) ignored
[1.121s] Level 1:colcon.colcon_core.package_identification:_identify(install) by extensions ['ignore', 'ignore_ament_install']
[1.121s] Level 1:colcon.colcon_core.package_identification:_identify(install) by extension 'ignore'
[1.121s] Level 1:colcon.colcon_core.package_identification:_identify(install) ignored
[1.122s] Level 1:colcon.colcon_core.package_identification:_identify(log) by extensions ['ignore', 'ignore_ament_install']
[1.122s] Level 1:colcon.colcon_core.package_identification:_identify(log) by extension 'ignore'
[1.122s] Level 1:colcon.colcon_core.package_identification:_identify(log) ignored
[1.123s] Level 1:colcon.colcon_core.package_identification:_identify(src) by extensions ['ignore', 'ignore_ament_install']
[1.123s] Level 1:colcon.colcon_core.package_identification:_identify(src) by extension 'ignore'
[1.123s] Level 1:colcon.colcon_core.package_identification:_identify(src) by extension 'ignore_ament_install'
[1.123s] Level 1:colcon.colcon_core.package_identification:_identify(src) by extensions ['colcon_pkg']
[1.124s] Level 1:colcon.colcon_core.package_identification:_identify(src) by extension 'colcon_pkg'
[1.124s] Level 1:colcon.colcon_core.package_identification:_identify(src) by extensions ['colcon_meta']
[1.124s] Level 1:colcon.colcon_core.package_identification:_identify(src) by extension 'colcon_meta'
[1.124s] Level 1:colcon.colcon_core.package_identification:_identify(src) by extensions ['ros']
[1.124s] Level 1:colcon.colcon_core.package_identification:_identify(src) by extension 'ros'
[1.124s] Level 1:colcon.colcon_core.package_identification:_identify(src) by extensions ['cmake', 'python']
[1.124s] Level 1:colcon.colcon_core.package_identification:_identify(src) by extension 'cmake'
[1.125s] Level 1:colcon.colcon_core.package_identification:_identify(src) by extension 'python'
[1.125s] Level 1:colcon.colcon_core.package_identification:_identify(src) by extensions ['python_setup_py']
[1.125s] Level 1:colcon.colcon_core.package_identification:_identify(src) by extension 'python_setup_py'
[1.125s] Level 1:colcon.colcon_core.package_identification:_identify(src/micro_ros_setup) by extensions ['ignore', 'ignore_ament_install']
[1.126s] Level 1:colcon.colcon_core.package_identification:_identify(src/micro_ros_setup) by extension 'ignore'
[1.126s] Level 1:colcon.colcon_core.package_identification:_identify(src/micro_ros_setup) by extension 'ignore_ament_install'
[1.126s] Level 1:colcon.colcon_core.package_identification:_identify(src/micro_ros_setup) by extensions ['colcon_pkg']
[1.126s] Level 1:colcon.colcon_core.package_identification:_identify(src/micro_ros_setup) by extension 'colcon_pkg'
[1.126s] Level 1:colcon.colcon_core.package_identification:_identify(src/micro_ros_setup) by extensions ['colcon_meta']
[1.127s] Level 1:colcon.colcon_core.package_identification:_identify(src/micro_ros_setup) by extension 'colcon_meta'
[1.127s] Level 1:colcon.colcon_core.package_identification:_identify(src/micro_ros_setup) by extensions ['ros']
[1.127s] Level 1:colcon.colcon_core.package_identification:_identify(src/micro_ros_setup) by extension 'ros'
[1.136s] DEBUG:colcon.colcon_core.package_identification:Package 'src/micro_ros_setup' with type 'ros.ament_cmake' and name 'micro_ros_setup'
[1.137s] Level 1:colcon.colcon_core.package_identification:_identify(src/uros) by extensions ['ignore', 'ignore_ament_install']
[1.137s] Level 1:colcon.colcon_core.package_identification:_identify(src/uros) by extension 'ignore'
[1.137s] Level 1:colcon.colcon_core.package_identification:_identify(src/uros) by extension 'ignore_ament_install'
[1.137s] Level 1:colcon.colcon_core.package_identification:_identify(src/uros) by extensions ['colcon_pkg']
[1.137s] Level 1:colcon.colcon_core.package_identification:_identify(src/uros) by extension 'colcon_pkg'
[1.138s] Level 1:colcon.colcon_core.package_identification:_identify(src/uros) by extensions ['colcon_meta']
[1.138s] Level 1:colcon.colcon_core.package_identification:_identify(src/uros) by extension 'colcon_meta'
[1.138s] Level 1:colcon.colcon_core.package_identification:_identify(src/uros) by extensions ['ros']
[1.138s] Level 1:colcon.colcon_core.package_identification:_identify(src/uros) by extension 'ros'
[1.139s] Level 1:colcon.colcon_core.package_identification:_identify(src/uros) by extensions ['cmake', 'python']
[1.139s] Level 1:colcon.colcon_core.package_identification:_identify(src/uros) by extension 'cmake'
[1.139s] Level 1:colcon.colcon_core.package_identification:_identify(src/uros) by extension 'python'
[1.139s] Level 1:colcon.colcon_core.package_identification:_identify(src/uros) by extensions ['python_setup_py']
[1.139s] Level 1:colcon.colcon_core.package_identification:_identify(src/uros) by extension 'python_setup_py'
[1.140s] Level 1:colcon.colcon_core.package_identification:_identify(src/uros/micro-ROS-Agent) by extensions ['ignore', 'ignore_ament_install']
[1.140s] Level 1:colcon.colcon_core.package_identification:_identify(src/uros/micro-ROS-Agent) by extension 'ignore'
[1.140s] Level 1:colcon.colcon_core.package_identification:_identify(src/uros/micro-ROS-Agent) by extension 'ignore_ament_install'
[1.140s] Level 1:colcon.colcon_core.package_identification:_identify(src/uros/micro-ROS-Agent) by extensions ['colcon_pkg']
[1.140s] Level 1:colcon.colcon_core.package_identification:_identify(src/uros/micro-ROS-Agent) by extension 'colcon_pkg'
[1.141s] Level 1:colcon.colcon_core.package_identification:_identify(src/uros/micro-ROS-Agent) by extensions ['colcon_meta']
[1.141s] Level 1:colcon.colcon_core.package_identification:_identify(src/uros/micro-ROS-Agent) by extension 'colcon_meta'
[1.141s] Level 1:colcon.colcon_core.package_identification:_identify(src/uros/micro-ROS-Agent) by extensions ['ros']
[1.141s] Level 1:colcon.colcon_core.package_identification:_identify(src/uros/micro-ROS-Agent) by extension 'ros'
[1.141s] Level 1:colcon.colcon_core.package_identification:_identify(src/uros/micro-ROS-Agent) by extensions ['cmake', 'python']
[1.141s] Level 1:colcon.colcon_core.package_identification:_identify(src/uros/micro-ROS-Agent) by extension 'cmake'
[1.142s] Level 1:colcon.colcon_core.package_identification:_identify(src/uros/micro-ROS-Agent) by extension 'python'
[1.142s] Level 1:colcon.colcon_core.package_identification:_identify(src/uros/micro-ROS-Agent) by extensions ['python_setup_py']
[1.142s] Level 1:colcon.colcon_core.package_identification:_identify(src/uros/micro-ROS-Agent) by extension 'python_setup_py'
[1.142s] Level 1:colcon.colcon_core.package_identification:_identify(src/uros/micro-ROS-Agent/micro_ros_agent) by extensions ['ignore', 'ignore_ament_install']
[1.143s] Level 1:colcon.colcon_core.package_identification:_identify(src/uros/micro-ROS-Agent/micro_ros_agent) by extension 'ignore'
[1.143s] Level 1:colcon.colcon_core.package_identification:_identify(src/uros/micro-ROS-Agent/micro_ros_agent) by extension 'ignore_ament_install'
[1.143s] Level 1:colcon.colcon_core.package_identification:_identify(src/uros/micro-ROS-Agent/micro_ros_agent) by extensions ['colcon_pkg']
[1.143s] Level 1:colcon.colcon_core.package_identification:_identify(src/uros/micro-ROS-Agent/micro_ros_agent) by extension 'colcon_pkg'
[1.143s] Level 1:colcon.colcon_core.package_identification:_identify(src/uros/micro-ROS-Agent/micro_ros_agent) by extensions ['colcon_meta']
[1.144s] Level 1:colcon.colcon_core.package_identification:_identify(src/uros/micro-ROS-Agent/micro_ros_agent) by extension 'colcon_meta'
[1.144s] Level 1:colcon.colcon_core.package_identification:_identify(src/uros/micro-ROS-Agent/micro_ros_agent) by extensions ['ros']
[1.144s] Level 1:colcon.colcon_core.package_identification:_identify(src/uros/micro-ROS-Agent/micro_ros_agent) by extension 'ros'
[1.148s] DEBUG:colcon.colcon_core.package_identification:Package 'src/uros/micro-ROS-Agent/micro_ros_agent' with type 'ros.ament_cmake' and name 'micro_ros_agent'
[1.148s] Level 1:colcon.colcon_core.package_identification:_identify(src/uros/micro-ROS-Agent/snap) by extensions ['ignore', 'ignore_ament_install']
[1.149s] Level 1:colcon.colcon_core.package_identification:_identify(src/uros/micro-ROS-Agent/snap) by extension 'ignore'
[1.149s] Level 1:colcon.colcon_core.package_identification:_identify(src/uros/micro-ROS-Agent/snap) by extension 'ignore_ament_install'
[1.149s] Level 1:colcon.colcon_core.package_identification:_identify(src/uros/micro-ROS-Agent/snap) by extensions ['colcon_pkg']
[1.149s] Level 1:colcon.colcon_core.package_identification:_identify(src/uros/micro-ROS-Agent/snap) by extension 'colcon_pkg'
[1.149s] Level 1:colcon.colcon_core.package_identification:_identify(src/uros/micro-ROS-Agent/snap) by extensions ['colcon_meta']
[1.150s] Level 1:colcon.colcon_core.package_identification:_identify(src/uros/micro-ROS-Agent/snap) by extension 'colcon_meta'
[1.150s] Level 1:colcon.colcon_core.package_identification:_identify(src/uros/micro-ROS-Agent/snap) by extensions ['ros']
[1.150s] Level 1:colcon.colcon_core.package_identification:_identify(src/uros/micro-ROS-Agent/snap) by extension 'ros'
[1.150s] Level 1:colcon.colcon_core.package_identification:_identify(src/uros/micro-ROS-Agent/snap) by extensions ['cmake', 'python']
[1.151s] Level 1:colcon.colcon_core.package_identification:_identify(src/uros/micro-ROS-Agent/snap) by extension 'cmake'
[1.151s] Level 1:colcon.colcon_core.package_identification:_identify(src/uros/micro-ROS-Agent/snap) by extension 'python'
[1.151s] Level 1:colcon.colcon_core.package_identification:_identify(src/uros/micro-ROS-Agent/snap) by extensions ['python_setup_py']
[1.151s] Level 1:colcon.colcon_core.package_identification:_identify(src/uros/micro-ROS-Agent/snap) by extension 'python_setup_py'
[1.151s] Level 1:colcon.colcon_core.package_identification:_identify(src/uros/micro-ROS-Agent/snap/hooks) by extensions ['ignore', 'ignore_ament_install']
[1.152s] Level 1:colcon.colcon_core.package_identification:_identify(src/uros/micro-ROS-Agent/snap/hooks) by extension 'ignore'
[1.152s] Level 1:colcon.colcon_core.package_identification:_identify(src/uros/micro-ROS-Agent/snap/hooks) by extension 'ignore_ament_install'
[1.152s] Level 1:colcon.colcon_core.package_identification:_identify(src/uros/micro-ROS-Agent/snap/hooks) by extensions ['colcon_pkg']
[1.152s] Level 1:colcon.colcon_core.package_identification:_identify(src/uros/micro-ROS-Agent/snap/hooks) by extension 'colcon_pkg'
[1.152s] Level 1:colcon.colcon_core.package_identification:_identify(src/uros/micro-ROS-Agent/snap/hooks) by extensions ['colcon_meta']
[1.153s] Level 1:colcon.colcon_core.package_identification:_identify(src/uros/micro-ROS-Agent/snap/hooks) by extension 'colcon_meta'
[1.153s] Level 1:colcon.colcon_core.package_identification:_identify(src/uros/micro-ROS-Agent/snap/hooks) by extensions ['ros']
[1.153s] Level 1:colcon.colcon_core.package_identification:_identify(src/uros/micro-ROS-Agent/snap/hooks) by extension 'ros'
[1.153s] Level 1:colcon.colcon_core.package_identification:_identify(src/uros/micro-ROS-Agent/snap/hooks) by extensions ['cmake', 'python']
[1.153s] Level 1:colcon.colcon_core.package_identification:_identify(src/uros/micro-ROS-Agent/snap/hooks) by extension 'cmake'
[1.153s] Level 1:colcon.colcon_core.package_identification:_identify(src/uros/micro-ROS-Agent/snap/hooks) by extension 'python'
[1.154s] Level 1:colcon.colcon_core.package_identification:_identify(src/uros/micro-ROS-Agent/snap/hooks) by extensions ['python_setup_py']
[1.154s] Level 1:colcon.colcon_core.package_identification:_identify(src/uros/micro-ROS-Agent/snap/hooks) by extension 'python_setup_py'
[1.154s] Level 1:colcon.colcon_core.package_identification:_identify(src/uros/micro-ROS-Agent/snap/local) by extensions ['ignore', 'ignore_ament_install']
[1.155s] Level 1:colcon.colcon_core.package_identification:_identify(src/uros/micro-ROS-Agent/snap/local) by extension 'ignore'
[1.155s] Level 1:colcon.colcon_core.package_identification:_identify(src/uros/micro-ROS-Agent/snap/local) by extension 'ignore_ament_install'
[1.155s] Level 1:colcon.colcon_core.package_identification:_identify(src/uros/micro-ROS-Agent/snap/local) by extensions ['colcon_pkg']
[1.155s] Level 1:colcon.colcon_core.package_identification:_identify(src/uros/micro-ROS-Agent/snap/local) by extension 'colcon_pkg'
[1.155s] Level 1:colcon.colcon_core.package_identification:_identify(src/uros/micro-ROS-Agent/snap/local) by extensions ['colcon_meta']
[1.155s] Level 1:colcon.colcon_core.package_identification:_identify(src/uros/micro-ROS-Agent/snap/local) by extension 'colcon_meta'
[1.156s] Level 1:colcon.colcon_core.package_identification:_identify(src/uros/micro-ROS-Agent/snap/local) by extensions ['ros']
[1.156s] Level 1:colcon.colcon_core.package_identification:_identify(src/uros/micro-ROS-Agent/snap/local) by extension 'ros'
[1.156s] Level 1:colcon.colcon_core.package_identification:_identify(src/uros/micro-ROS-Agent/snap/local) by extensions ['cmake', 'python']
[1.156s] Level 1:colcon.colcon_core.package_identification:_identify(src/uros/micro-ROS-Agent/snap/local) by extension 'cmake'
[1.156s] Level 1:colcon.colcon_core.package_identification:_identify(src/uros/micro-ROS-Agent/snap/local) by extension 'python'
[1.156s] Level 1:colcon.colcon_core.package_identification:_identify(src/uros/micro-ROS-Agent/snap/local) by extensions ['python_setup_py']
[1.157s] Level 1:colcon.colcon_core.package_identification:_identify(src/uros/micro-ROS-Agent/snap/local) by extension 'python_setup_py'
[1.157s] Level 1:colcon.colcon_core.package_identification:_identify(src/uros/micro_ros_msgs) by extensions ['ignore', 'ignore_ament_install']
[1.157s] Level 1:colcon.colcon_core.package_identification:_identify(src/uros/micro_ros_msgs) by extension 'ignore'
[1.158s] Level 1:colcon.colcon_core.package_identification:_identify(src/uros/micro_ros_msgs) by extension 'ignore_ament_install'
[1.158s] Level 1:colcon.colcon_core.package_identification:_identify(src/uros/micro_ros_msgs) by extensions ['colcon_pkg']
[1.158s] Level 1:colcon.colcon_core.package_identification:_identify(src/uros/micro_ros_msgs) by extension 'colcon_pkg'
[1.158s] Level 1:colcon.colcon_core.package_identification:_identify(src/uros/micro_ros_msgs) by extensions ['colcon_meta']
[1.158s] Level 1:colcon.colcon_core.package_identification:_identify(src/uros/micro_ros_msgs) by extension 'colcon_meta'
[1.158s] Level 1:colcon.colcon_core.package_identification:_identify(src/uros/micro_ros_msgs) by extensions ['ros']
[1.159s] Level 1:colcon.colcon_core.package_identification:_identify(src/uros/micro_ros_msgs) by extension 'ros'
[1.161s] DEBUG:colcon.colcon_core.package_identification:Package 'src/uros/micro_ros_msgs' with type 'ros.ament_cmake' and name 'micro_ros_msgs'
[1.161s] Level 1:colcon.colcon_core.package_discovery:discover_packages(recursive) using defaults
[1.161s] Level 1:colcon.colcon_core.package_discovery:discover_packages(ignore) discover
[1.161s] Level 1:colcon.colcon_core.package_discovery:discover_packages(ignore) using defaults
[1.161s] Level 1:colcon.colcon_core.package_discovery:discover_packages(path) discover
[1.161s] Level 1:colcon.colcon_core.package_discovery:discover_packages(path) using defaults
[1.235s] Level 1:colcon.colcon_core.package_discovery:discover_packages(prefix_path) check parameters
[1.236s] Level 1:colcon.colcon_core.package_discovery:discover_packages(prefix_path) discover
[1.240s] WARNING:colcon.colcon_core.prefix_path.colcon:The path '/home/pi/telenex_ws/install' in the environment variable COLCON_PREFIX_PATH doesn't exist
[1.240s] WARNING:colcon.colcon_core.prefix_path.colcon:The path '/home/pi/ros2_ws/install' in the environment variable COLCON_PREFIX_PATH doesn't exist
[1.241s] WARNING:colcon.colcon_ros.prefix_path.catkin:The path '/home/pi/ros2_ws/install/micro_ros_agent' in the environment variable CMAKE_PREFIX_PATH doesn't exist
[1.245s] DEBUG:colcon.colcon_installed_package_information.package_discovery:Found 3 installed packages in /home/pi/microros_pi_ws/install
[1.251s] DEBUG:colcon.colcon_installed_package_information.package_discovery:Found 181 installed packages in /opt/ros/humble
[1.256s] Level 1:colcon.colcon_core.package_discovery:discover_packages(prefix_path) using defaults
[1.400s] Level 5:colcon.colcon_core.verb:set package 'micro_ros_msgs' build argument 'cmake_args' from command line to 'None'
[1.400s] Level 5:colcon.colcon_core.verb:set package 'micro_ros_msgs' build argument 'cmake_target' from command line to 'None'
[1.400s] Level 5:colcon.colcon_core.verb:set package 'micro_ros_msgs' build argument 'cmake_target_skip_unavailable' from command line to 'False'
[1.400s] Level 5:colcon.colcon_core.verb:set package 'micro_ros_msgs' build argument 'cmake_clean_cache' from command line to 'False'
[1.401s] Level 5:colcon.colcon_core.verb:set package 'micro_ros_msgs' build argument 'cmake_clean_first' from command line to 'False'
[1.401s] Level 5:colcon.colcon_core.verb:set package 'micro_ros_msgs' build argument 'cmake_force_configure' from command line to 'False'
[1.401s] Level 5:colcon.colcon_core.verb:set package 'micro_ros_msgs' build argument 'ament_cmake_args' from command line to 'None'
[1.401s] Level 5:colcon.colcon_core.verb:set package 'micro_ros_msgs' build argument 'catkin_cmake_args' from command line to 'None'
[1.401s] Level 5:colcon.colcon_core.verb:set package 'micro_ros_msgs' build argument 'catkin_skip_building_tests' from command line to 'False'
[1.401s] DEBUG:colcon.colcon_core.verb:Building package 'micro_ros_msgs' with the following arguments: {'ament_cmake_args': None, 'build_base': '/home/pi/microros_pi_ws/build/micro_ros_msgs', 'catkin_cmake_args': None, 'catkin_skip_building_tests': False, 'cmake_args': None, 'cmake_clean_cache': False, 'cmake_clean_first': False, 'cmake_force_configure': False, 'cmake_target': None, 'cmake_target_skip_unavailable': False, 'install_base': '/home/pi/microros_pi_ws/install/micro_ros_msgs', 'merge_install': False, 'path': '/home/pi/microros_pi_ws/src/uros/micro_ros_msgs', 'symlink_install': False, 'test_result_base': None}
[1.403s] Level 5:colcon.colcon_core.verb:set package 'micro_ros_setup' build argument 'cmake_args' from command line to 'None'
[1.403s] Level 5:colcon.colcon_core.verb:set package 'micro_ros_setup' build argument 'cmake_target' from command line to 'None'
[1.403s] Level 5:colcon.colcon_core.verb:set package 'micro_ros_setup' build argument 'cmake_target_skip_unavailable' from command line to 'False'
[1.403s] Level 5:colcon.colcon_core.verb:set package 'micro_ros_setup' build argument 'cmake_clean_cache' from command line to 'False'
[1.403s] Level 5:colcon.colcon_core.verb:set package 'micro_ros_setup' build argument 'cmake_clean_first' from command line to 'False'
[1.403s] Level 5:colcon.colcon_core.verb:set package 'micro_ros_setup' build argument 'cmake_force_configure' from command line to 'False'
[1.403s] Level 5:colcon.colcon_core.verb:set package 'micro_ros_setup' build argument 'ament_cmake_args' from command line to 'None'
[1.403s] Level 5:colcon.colcon_core.verb:set package 'micro_ros_setup' build argument 'catkin_cmake_args' from command line to 'None'
[1.404s] Level 5:colcon.colcon_core.verb:set package 'micro_ros_setup' build argument 'catkin_skip_building_tests' from command line to 'False'
[1.404s] DEBUG:colcon.colcon_core.verb:Building package 'micro_ros_setup' with the following arguments: {'ament_cmake_args': None, 'build_base': '/home/pi/microros_pi_ws/build/micro_ros_setup', 'catkin_cmake_args': None, 'catkin_skip_building_tests': False, 'cmake_args': None, 'cmake_clean_cache': False, 'cmake_clean_first': False, 'cmake_force_configure': False, 'cmake_target': None, 'cmake_target_skip_unavailable': False, 'install_base': '/home/pi/microros_pi_ws/install/micro_ros_setup', 'merge_install': False, 'path': '/home/pi/microros_pi_ws/src/micro_ros_setup', 'symlink_install': False, 'test_result_base': None}
[1.405s] Level 5:colcon.colcon_core.verb:set package 'micro_ros_agent' build argument 'cmake_args' from command line to 'None'
[1.405s] Level 5:colcon.colcon_core.verb:set package 'micro_ros_agent' build argument 'cmake_target' from command line to 'None'
[1.405s] Level 5:colcon.colcon_core.verb:set package 'micro_ros_agent' build argument 'cmake_target_skip_unavailable' from command line to 'False'
[1.405s] Level 5:colcon.colcon_core.verb:set package 'micro_ros_agent' build argument 'cmake_clean_cache' from command line to 'False'
[1.405s] Level 5:colcon.colcon_core.verb:set package 'micro_ros_agent' build argument 'cmake_clean_first' from command line to 'False'
[1.406s] Level 5:colcon.colcon_core.verb:set package 'micro_ros_agent' build argument 'cmake_force_configure' from command line to 'False'
[1.406s] Level 5:colcon.colcon_core.verb:set package 'micro_ros_agent' build argument 'ament_cmake_args' from command line to 'None'
[1.406s] Level 5:colcon.colcon_core.verb:set package 'micro_ros_agent' build argument 'catkin_cmake_args' from command line to 'None'
[1.406s] Level 5:colcon.colcon_core.verb:set package 'micro_ros_agent' build argument 'catkin_skip_building_tests' from command line to 'False'
[1.406s] DEBUG:colcon.colcon_core.verb:Building package 'micro_ros_agent' with the following arguments: {'ament_cmake_args': None, 'build_base': '/home/pi/microros_pi_ws/build/micro_ros_agent', 'catkin_cmake_args': None, 'catkin_skip_building_tests': False, 'cmake_args': None, 'cmake_clean_cache': False, 'cmake_clean_first': False, 'cmake_force_configure': False, 'cmake_target': None, 'cmake_target_skip_unavailable': False, 'install_base': '/home/pi/microros_pi_ws/install/micro_ros_agent', 'merge_install': False, 'path': '/home/pi/microros_pi_ws/src/uros/micro-ROS-Agent/micro_ros_agent', 'symlink_install': False, 'test_result_base': None}
[1.406s] INFO:colcon.colcon_core.executor:Executing jobs using 'parallel' executor
[1.409s] DEBUG:colcon.colcon_parallel_executor.executor.parallel:run_until_complete
[1.410s] INFO:colcon.colcon_ros.task.ament_cmake.build:Building ROS package in '/home/pi/microros_pi_ws/src/uros/micro_ros_msgs' with build type 'ament_cmake'
[1.411s] INFO:colcon.colcon_cmake.task.cmake.build:Building CMake package in '/home/pi/microros_pi_ws/src/uros/micro_ros_msgs'
[1.420s] INFO:colcon.colcon_core.plugin_system:Skipping extension 'colcon_core.shell.bat': Not used on non-Windows systems
[1.421s] INFO:colcon.colcon_core.shell:Skip shell extension 'powershell' for command environment: Not usable outside of PowerShell
[1.421s] DEBUG:colcon.colcon_core.shell:Skip shell extension 'dsv' for command environment
[1.437s] INFO:colcon.colcon_ros.task.ament_cmake.build:Building ROS package in '/home/pi/microros_pi_ws/src/micro_ros_setup' with build type 'ament_cmake'
[1.438s] INFO:colcon.colcon_cmake.task.cmake.build:Building CMake package in '/home/pi/microros_pi_ws/src/micro_ros_setup'
[1.439s] INFO:colcon.colcon_core.shell:Skip shell extension 'powershell' for command environment: Not usable outside of PowerShell
[1.439s] DEBUG:colcon.colcon_core.shell:Skip shell extension 'dsv' for command environment
[1.471s] DEBUG:colcon.colcon_core.event_handler.log_command:Invoking command in '/home/pi/microros_pi_ws/build/micro_ros_msgs': CMAKE_PREFIX_PATH=${CMAKE_PREFIX_PATH}:/opt/ros/humble /usr/bin/cmake --build /home/pi/microros_pi_ws/build/micro_ros_msgs -- -j4 -l4
[1.498s] DEBUG:colcon.colcon_core.event_handler.log_command:Invoking command in '/home/pi/microros_pi_ws/build/micro_ros_setup': CMAKE_PREFIX_PATH=${CMAKE_PREFIX_PATH}:/opt/ros/humble /usr/bin/cmake --build /home/pi/microros_pi_ws/build/micro_ros_setup -- -j4 -l4
[1.653s] DEBUG:colcon.colcon_core.event_handler.log_command:Invoked command in '/home/pi/microros_pi_ws/build/micro_ros_setup' returned '0': CMAKE_PREFIX_PATH=${CMAKE_PREFIX_PATH}:/opt/ros/humble /usr/bin/cmake --build /home/pi/microros_pi_ws/build/micro_ros_setup -- -j4 -l4
[1.695s] DEBUG:colcon.colcon_core.event_handler.log_command:Invoking command in '/home/pi/microros_pi_ws/build/micro_ros_setup': CMAKE_PREFIX_PATH=${CMAKE_PREFIX_PATH}:/opt/ros/humble /usr/bin/cmake --install /home/pi/microros_pi_ws/build/micro_ros_setup
[1.795s] Level 1:colcon.colcon_core.environment:create_environment_scripts_only(micro_ros_setup)
[1.816s] Level 1:colcon.colcon_core.environment:checking '/home/pi/microros_pi_ws/install/micro_ros_setup' for CMake module files
[1.831s] Level 1:colcon.colcon_core.environment:checking '/home/pi/microros_pi_ws/install/micro_ros_setup' for CMake config files
[1.845s] Level 1:colcon.colcon_core.shell:create_environment_hook('micro_ros_setup', 'cmake_prefix_path')
[1.846s] INFO:colcon.colcon_core.shell:Creating environment hook '/home/pi/microros_pi_ws/install/micro_ros_setup/share/micro_ros_setup/hook/cmake_prefix_path.ps1'
[1.852s] INFO:colcon.colcon_core.shell:Creating environment descriptor '/home/pi/microros_pi_ws/install/micro_ros_setup/share/micro_ros_setup/hook/cmake_prefix_path.dsv'
[1.862s] INFO:colcon.colcon_core.shell:Creating environment hook '/home/pi/microros_pi_ws/install/micro_ros_setup/share/micro_ros_setup/hook/cmake_prefix_path.sh'
[1.869s] Level 1:colcon.colcon_core.environment:checking '/home/pi/microros_pi_ws/install/micro_ros_setup/lib'
[1.870s] Level 1:colcon.colcon_core.environment:checking '/home/pi/microros_pi_ws/install/micro_ros_setup/bin'
[1.871s] Level 1:colcon.colcon_core.environment:checking '/home/pi/microros_pi_ws/install/micro_ros_setup/lib/pkgconfig/micro_ros_setup.pc'
[1.872s] Level 1:colcon.colcon_core.environment:checking '/home/pi/microros_pi_ws/install/micro_ros_setup/lib/python3.10/site-packages'
[1.873s] Level 1:colcon.colcon_core.environment:checking '/home/pi/microros_pi_ws/install/micro_ros_setup/bin'
[1.875s] INFO:colcon.colcon_core.shell:Creating package script '/home/pi/microros_pi_ws/install/micro_ros_setup/share/micro_ros_setup/package.ps1'
[1.895s] INFO:colcon.colcon_core.shell:Creating package descriptor '/home/pi/microros_pi_ws/install/micro_ros_setup/share/micro_ros_setup/package.dsv'
[1.899s] INFO:colcon.colcon_core.shell:Creating package script '/home/pi/microros_pi_ws/install/micro_ros_setup/share/micro_ros_setup/package.sh'
[1.917s] INFO:colcon.colcon_core.shell:Creating package script '/home/pi/microros_pi_ws/install/micro_ros_setup/share/micro_ros_setup/package.bash'
[1.923s] INFO:colcon.colcon_core.shell:Creating package script '/home/pi/microros_pi_ws/install/micro_ros_setup/share/micro_ros_setup/package.zsh'
[1.937s] Level 1:colcon.colcon_core.environment:create_file_with_runtime_dependencies(/home/pi/microros_pi_ws/install/micro_ros_setup/share/colcon-core/packages/micro_ros_setup)
[1.944s] Level 1:colcon.colcon_core.environment:create_environment_scripts_only(micro_ros_setup)
[1.946s] Level 1:colcon.colcon_core.environment:checking '/home/pi/microros_pi_ws/install/micro_ros_setup' for CMake module files
[1.957s] Level 1:colcon.colcon_core.environment:checking '/home/pi/microros_pi_ws/install/micro_ros_setup' for CMake config files
[1.969s] Level 1:colcon.colcon_core.shell:create_environment_hook('micro_ros_setup', 'cmake_prefix_path')
[1.970s] INFO:colcon.colcon_core.shell:Creating environment hook '/home/pi/microros_pi_ws/install/micro_ros_setup/share/micro_ros_setup/hook/cmake_prefix_path.ps1'
[1.977s] INFO:colcon.colcon_core.shell:Creating environment descriptor '/home/pi/microros_pi_ws/install/micro_ros_setup/share/micro_ros_setup/hook/cmake_prefix_path.dsv'
[1.982s] INFO:colcon.colcon_core.shell:Creating environment hook '/home/pi/microros_pi_ws/install/micro_ros_setup/share/micro_ros_setup/hook/cmake_prefix_path.sh'
[1.987s] Level 1:colcon.colcon_core.environment:checking '/home/pi/microros_pi_ws/install/micro_ros_setup/lib'
[1.988s] Level 1:colcon.colcon_core.environment:checking '/home/pi/microros_pi_ws/install/micro_ros_setup/bin'
[1.989s] Level 1:colcon.colcon_core.environment:checking '/home/pi/microros_pi_ws/install/micro_ros_setup/lib/pkgconfig/micro_ros_setup.pc'
[1.991s] Level 1:colcon.colcon_core.environment:checking '/home/pi/microros_pi_ws/install/micro_ros_setup/lib/python3.10/site-packages'
[1.993s] Level 1:colcon.colcon_core.environment:checking '/home/pi/microros_pi_ws/install/micro_ros_setup/bin'
[1.994s] INFO:colcon.colcon_core.shell:Creating package script '/home/pi/microros_pi_ws/install/micro_ros_setup/share/micro_ros_setup/package.ps1'
[2.000s] DEBUG:colcon.colcon_core.event_handler.log_command:Invoked command in '/home/pi/microros_pi_ws/build/micro_ros_setup' returned '0': CMAKE_PREFIX_PATH=${CMAKE_PREFIX_PATH}:/opt/ros/humble /usr/bin/cmake --install /home/pi/microros_pi_ws/build/micro_ros_setup
[2.000s] INFO:colcon.colcon_core.shell:Creating package descriptor '/home/pi/microros_pi_ws/install/micro_ros_setup/share/micro_ros_setup/package.dsv'
[2.005s] INFO:colcon.colcon_core.shell:Creating package script '/home/pi/microros_pi_ws/install/micro_ros_setup/share/micro_ros_setup/package.sh'
[2.010s] INFO:colcon.colcon_core.shell:Creating package script '/home/pi/microros_pi_ws/install/micro_ros_setup/share/micro_ros_setup/package.bash'
[2.014s] INFO:colcon.colcon_core.shell:Creating package script '/home/pi/microros_pi_ws/install/micro_ros_setup/share/micro_ros_setup/package.zsh'
[2.017s] Level 1:colcon.colcon_core.environment:create_file_with_runtime_dependencies(/home/pi/microros_pi_ws/install/micro_ros_setup/share/colcon-core/packages/micro_ros_setup)
[3.107s] DEBUG:colcon.colcon_core.event_handler.log_command:Invoked command in '/home/pi/microros_pi_ws/build/micro_ros_msgs' returned '0': CMAKE_PREFIX_PATH=${CMAKE_PREFIX_PATH}:/opt/ros/humble /usr/bin/cmake --build /home/pi/microros_pi_ws/build/micro_ros_msgs -- -j4 -l4
[3.115s] DEBUG:colcon.colcon_core.event_handler.log_command:Invoking command in '/home/pi/microros_pi_ws/build/micro_ros_msgs': CMAKE_PREFIX_PATH=${CMAKE_PREFIX_PATH}:/opt/ros/humble /usr/bin/cmake --install /home/pi/microros_pi_ws/build/micro_ros_msgs
[3.382s] Level 1:colcon.colcon_core.environment:create_environment_scripts_only(micro_ros_msgs)
[3.383s] Level 1:colcon.colcon_core.environment:checking '/home/pi/microros_pi_ws/install/micro_ros_msgs' for CMake module files
[3.384s] DEBUG:colcon.colcon_core.event_handler.log_command:Invoked command in '/home/pi/microros_pi_ws/build/micro_ros_msgs' returned '0': CMAKE_PREFIX_PATH=${CMAKE_PREFIX_PATH}:/opt/ros/humble /usr/bin/cmake --install /home/pi/microros_pi_ws/build/micro_ros_msgs
[3.388s] Level 1:colcon.colcon_core.environment:checking '/home/pi/microros_pi_ws/install/micro_ros_msgs' for CMake config files
[3.393s] Level 1:colcon.colcon_core.shell:create_environment_hook('micro_ros_msgs', 'cmake_prefix_path')
[3.394s] INFO:colcon.colcon_core.shell:Creating environment hook '/home/pi/microros_pi_ws/install/micro_ros_msgs/share/micro_ros_msgs/hook/cmake_prefix_path.ps1'
[3.396s] INFO:colcon.colcon_core.shell:Creating environment descriptor '/home/pi/microros_pi_ws/install/micro_ros_msgs/share/micro_ros_msgs/hook/cmake_prefix_path.dsv'
[3.399s] INFO:colcon.colcon_core.shell:Creating environment hook '/home/pi/microros_pi_ws/install/micro_ros_msgs/share/micro_ros_msgs/hook/cmake_prefix_path.sh'
[3.402s] Level 1:colcon.colcon_core.environment:checking '/home/pi/microros_pi_ws/install/micro_ros_msgs/lib'
[3.402s] Level 1:colcon.colcon_core.shell:create_environment_hook('micro_ros_msgs', 'ld_library_path_lib')
[3.403s] INFO:colcon.colcon_core.shell:Creating environment hook '/home/pi/microros_pi_ws/install/micro_ros_msgs/share/micro_ros_msgs/hook/ld_library_path_lib.ps1'
[3.405s] INFO:colcon.colcon_core.shell:Creating environment descriptor '/home/pi/microros_pi_ws/install/micro_ros_msgs/share/micro_ros_msgs/hook/ld_library_path_lib.dsv'
[3.407s] INFO:colcon.colcon_core.shell:Creating environment hook '/home/pi/microros_pi_ws/install/micro_ros_msgs/share/micro_ros_msgs/hook/ld_library_path_lib.sh'
[3.409s] Level 1:colcon.colcon_core.environment:checking '/home/pi/microros_pi_ws/install/micro_ros_msgs/bin'
[3.409s] Level 1:colcon.colcon_core.environment:checking '/home/pi/microros_pi_ws/install/micro_ros_msgs/lib/pkgconfig/micro_ros_msgs.pc'
[3.410s] Level 1:colcon.colcon_core.environment:checking '/home/pi/microros_pi_ws/install/micro_ros_msgs/lib/python3.10/site-packages'
[3.411s] Level 1:colcon.colcon_core.environment:checking '/home/pi/microros_pi_ws/install/micro_ros_msgs/bin'
[3.412s] INFO:colcon.colcon_core.shell:Creating package script '/home/pi/microros_pi_ws/install/micro_ros_msgs/share/micro_ros_msgs/package.ps1'
[3.415s] INFO:colcon.colcon_core.shell:Creating package descriptor '/home/pi/microros_pi_ws/install/micro_ros_msgs/share/micro_ros_msgs/package.dsv'
[3.417s] INFO:colcon.colcon_core.shell:Creating package script '/home/pi/microros_pi_ws/install/micro_ros_msgs/share/micro_ros_msgs/package.sh'
[3.420s] INFO:colcon.colcon_core.shell:Creating package script '/home/pi/microros_pi_ws/install/micro_ros_msgs/share/micro_ros_msgs/package.bash'
[3.422s] INFO:colcon.colcon_core.shell:Creating package script '/home/pi/microros_pi_ws/install/micro_ros_msgs/share/micro_ros_msgs/package.zsh'
[3.423s] Level 1:colcon.colcon_core.environment:create_file_with_runtime_dependencies(/home/pi/microros_pi_ws/install/micro_ros_msgs/share/colcon-core/packages/micro_ros_msgs)
[3.426s] Level 1:colcon.colcon_core.environment:create_environment_scripts_only(micro_ros_msgs)
[3.427s] Level 1:colcon.colcon_core.environment:checking '/home/pi/microros_pi_ws/install/micro_ros_msgs' for CMake module files
[3.431s] Level 1:colcon.colcon_core.environment:checking '/home/pi/microros_pi_ws/install/micro_ros_msgs' for CMake config files
[3.434s] Level 1:colcon.colcon_core.shell:create_environment_hook('micro_ros_msgs', 'cmake_prefix_path')
[3.435s] INFO:colcon.colcon_core.shell:Creating environment hook '/home/pi/microros_pi_ws/install/micro_ros_msgs/share/micro_ros_msgs/hook/cmake_prefix_path.ps1'
[3.437s] INFO:colcon.colcon_core.shell:Creating environment descriptor '/home/pi/microros_pi_ws/install/micro_ros_msgs/share/micro_ros_msgs/hook/cmake_prefix_path.dsv'
[3.439s] INFO:colcon.colcon_core.shell:Creating environment hook '/home/pi/microros_pi_ws/install/micro_ros_msgs/share/micro_ros_msgs/hook/cmake_prefix_path.sh'
[3.442s] Level 1:colcon.colcon_core.environment:checking '/home/pi/microros_pi_ws/install/micro_ros_msgs/lib'
[3.442s] Level 1:colcon.colcon_core.shell:create_environment_hook('micro_ros_msgs', 'ld_library_path_lib')
[3.443s] INFO:colcon.colcon_core.shell:Creating environment hook '/home/pi/microros_pi_ws/install/micro_ros_msgs/share/micro_ros_msgs/hook/ld_library_path_lib.ps1'
[3.445s] INFO:colcon.colcon_core.shell:Creating environment descriptor '/home/pi/microros_pi_ws/install/micro_ros_msgs/share/micro_ros_msgs/hook/ld_library_path_lib.dsv'
[3.447s] INFO:colcon.colcon_core.shell:Creating environment hook '/home/pi/microros_pi_ws/install/micro_ros_msgs/share/micro_ros_msgs/hook/ld_library_path_lib.sh'
[3.449s] Level 1:colcon.colcon_core.environment:checking '/home/pi/microros_pi_ws/install/micro_ros_msgs/bin'
[3.449s] Level 1:colcon.colcon_core.environment:checking '/home/pi/microros_pi_ws/install/micro_ros_msgs/lib/pkgconfig/micro_ros_msgs.pc'
[3.450s] Level 1:colcon.colcon_core.environment:checking '/home/pi/microros_pi_ws/install/micro_ros_msgs/lib/python3.10/site-packages'
[3.451s] Level 1:colcon.colcon_core.environment:checking '/home/pi/microros_pi_ws/install/micro_ros_msgs/bin'
[3.452s] INFO:colcon.colcon_core.shell:Creating package script '/home/pi/microros_pi_ws/install/micro_ros_msgs/share/micro_ros_msgs/package.ps1'
[3.455s] INFO:colcon.colcon_core.shell:Creating package descriptor '/home/pi/microros_pi_ws/install/micro_ros_msgs/share/micro_ros_msgs/package.dsv'
[3.458s] INFO:colcon.colcon_core.shell:Creating package script '/home/pi/microros_pi_ws/install/micro_ros_msgs/share/micro_ros_msgs/package.sh'
[3.460s] INFO:colcon.colcon_core.shell:Creating package script '/home/pi/microros_pi_ws/install/micro_ros_msgs/share/micro_ros_msgs/package.bash'
[3.462s] INFO:colcon.colcon_core.shell:Creating package script '/home/pi/microros_pi_ws/install/micro_ros_msgs/share/micro_ros_msgs/package.zsh'
[3.464s] Level 1:colcon.colcon_core.environment:create_file_with_runtime_dependencies(/home/pi/microros_pi_ws/install/micro_ros_msgs/share/colcon-core/packages/micro_ros_msgs)
[3.466s] INFO:colcon.colcon_ros.task.ament_cmake.build:Building ROS package in '/home/pi/microros_pi_ws/src/uros/micro-ROS-Agent/micro_ros_agent' with build type 'ament_cmake'
[3.467s] INFO:colcon.colcon_cmake.task.cmake.build:Building CMake package in '/home/pi/microros_pi_ws/src/uros/micro-ROS-Agent/micro_ros_agent'
[3.468s] INFO:colcon.colcon_core.shell:Skip shell extension 'powershell' for command environment: Not usable outside of PowerShell
[3.468s] DEBUG:colcon.colcon_core.shell:Skip shell extension 'dsv' for command environment
[3.520s] DEBUG:colcon.colcon_core.event_handler.log_command:Invoking command in '/home/pi/microros_pi_ws/build/micro_ros_agent': CMAKE_PREFIX_PATH=/home/pi/microros_pi_ws/install/micro_ros_msgs:/home/pi/microros_pi_ws/install/micro_ros_agent:/home/pi/microros_pi_ws/install/micro_ros_setup:/home/pi/ros2_ws/install/micro_ros_agent:/opt/ros/humble LD_LIBRARY_PATH=/home/pi/microros_pi_ws/install/micro_ros_msgs/lib:/home/pi/microros_pi_ws/install/micro_ros_agent/lib:/home/pi/ros2_ws/install/micro_ros_agent/lib:/opt/ros/humble/lib/aarch64-linux-gnu:/opt/ros/humble/lib /usr/bin/cmake --build /home/pi/microros_pi_ws/build/micro_ros_agent -- -j4 -l4
[3.856s] DEBUG:colcon.colcon_core.event_handler.log_command:Invoked command in '/home/pi/microros_pi_ws/build/micro_ros_agent' returned '0': CMAKE_PREFIX_PATH=/home/pi/microros_pi_ws/install/micro_ros_msgs:/home/pi/microros_pi_ws/install/micro_ros_agent:/home/pi/microros_pi_ws/install/micro_ros_setup:/home/pi/ros2_ws/install/micro_ros_agent:/opt/ros/humble LD_LIBRARY_PATH=/home/pi/microros_pi_ws/install/micro_ros_msgs/lib:/home/pi/microros_pi_ws/install/micro_ros_agent/lib:/home/pi/ros2_ws/install/micro_ros_agent/lib:/opt/ros/humble/lib/aarch64-linux-gnu:/opt/ros/humble/lib /usr/bin/cmake --build /home/pi/microros_pi_ws/build/micro_ros_agent -- -j4 -l4
[3.864s] DEBUG:colcon.colcon_core.event_handler.log_command:Invoking command in '/home/pi/microros_pi_ws/build/micro_ros_agent': CMAKE_PREFIX_PATH=/home/pi/microros_pi_ws/install/micro_ros_msgs:/home/pi/microros_pi_ws/install/micro_ros_agent:/home/pi/microros_pi_ws/install/micro_ros_setup:/home/pi/ros2_ws/install/micro_ros_agent:/opt/ros/humble LD_LIBRARY_PATH=/home/pi/microros_pi_ws/install/micro_ros_msgs/lib:/home/pi/microros_pi_ws/install/micro_ros_agent/lib:/home/pi/ros2_ws/install/micro_ros_agent/lib:/opt/ros/humble/lib/aarch64-linux-gnu:/opt/ros/humble/lib /usr/bin/cmake --install /home/pi/microros_pi_ws/build/micro_ros_agent
[3.905s] Level 1:colcon.colcon_core.environment:create_environment_scripts_only(micro_ros_agent)
[3.906s] Level 1:colcon.colcon_core.environment:checking '/home/pi/microros_pi_ws/install/micro_ros_agent' for CMake module files
[3.908s] DEBUG:colcon.colcon_core.event_handler.log_command:Invoked command in '/home/pi/microros_pi_ws/build/micro_ros_agent' returned '0': CMAKE_PREFIX_PATH=/home/pi/microros_pi_ws/install/micro_ros_msgs:/home/pi/microros_pi_ws/install/micro_ros_agent:/home/pi/microros_pi_ws/install/micro_ros_setup:/home/pi/ros2_ws/install/micro_ros_agent:/opt/ros/humble LD_LIBRARY_PATH=/home/pi/microros_pi_ws/install/micro_ros_msgs/lib:/home/pi/microros_pi_ws/install/micro_ros_agent/lib:/home/pi/ros2_ws/install/micro_ros_agent/lib:/opt/ros/humble/lib/aarch64-linux-gnu:/opt/ros/humble/lib /usr/bin/cmake --install /home/pi/microros_pi_ws/build/micro_ros_agent
[3.910s] Level 1:colcon.colcon_core.environment:checking '/home/pi/microros_pi_ws/install/micro_ros_agent' for CMake config files
[3.912s] Level 1:colcon.colcon_core.shell:create_environment_hook('micro_ros_agent', 'cmake_prefix_path')
[3.913s] INFO:colcon.colcon_core.shell:Creating environment hook '/home/pi/microros_pi_ws/install/micro_ros_agent/share/micro_ros_agent/hook/cmake_prefix_path.ps1'
[3.915s] INFO:colcon.colcon_core.shell:Creating environment descriptor '/home/pi/microros_pi_ws/install/micro_ros_agent/share/micro_ros_agent/hook/cmake_prefix_path.dsv'
[3.917s] INFO:colcon.colcon_core.shell:Creating environment hook '/home/pi/microros_pi_ws/install/micro_ros_agent/share/micro_ros_agent/hook/cmake_prefix_path.sh'
[3.920s] Level 1:colcon.colcon_core.environment:checking '/home/pi/microros_pi_ws/install/micro_ros_agent/lib'
[3.920s] Level 1:colcon.colcon_core.shell:create_environment_hook('micro_ros_agent', 'ld_library_path_lib')
[3.921s] INFO:colcon.colcon_core.shell:Creating environment hook '/home/pi/microros_pi_ws/install/micro_ros_agent/share/micro_ros_agent/hook/ld_library_path_lib.ps1'
[3.924s] INFO:colcon.colcon_core.shell:Creating environment descriptor '/home/pi/microros_pi_ws/install/micro_ros_agent/share/micro_ros_agent/hook/ld_library_path_lib.dsv'
[3.925s] INFO:colcon.colcon_core.shell:Creating environment hook '/home/pi/microros_pi_ws/install/micro_ros_agent/share/micro_ros_agent/hook/ld_library_path_lib.sh'
[3.928s] Level 1:colcon.colcon_core.environment:checking '/home/pi/microros_pi_ws/install/micro_ros_agent/bin'
[3.928s] Level 1:colcon.colcon_core.environment:checking '/home/pi/microros_pi_ws/install/micro_ros_agent/lib/pkgconfig/micro_ros_agent.pc'
[3.929s] Level 1:colcon.colcon_core.environment:checking '/home/pi/microros_pi_ws/install/micro_ros_agent/lib/python3.10/site-packages'
[3.930s] Level 1:colcon.colcon_core.environment:checking '/home/pi/microros_pi_ws/install/micro_ros_agent/bin'
[3.931s] INFO:colcon.colcon_core.shell:Creating package script '/home/pi/microros_pi_ws/install/micro_ros_agent/share/micro_ros_agent/package.ps1'
[3.933s] INFO:colcon.colcon_core.shell:Creating package descriptor '/home/pi/microros_pi_ws/install/micro_ros_agent/share/micro_ros_agent/package.dsv'
[3.935s] INFO:colcon.colcon_core.shell:Creating package script '/home/pi/microros_pi_ws/install/micro_ros_agent/share/micro_ros_agent/package.sh'
[3.937s] INFO:colcon.colcon_core.shell:Creating package script '/home/pi/microros_pi_ws/install/micro_ros_agent/share/micro_ros_agent/package.bash'
[3.939s] INFO:colcon.colcon_core.shell:Creating package script '/home/pi/microros_pi_ws/install/micro_ros_agent/share/micro_ros_agent/package.zsh'
[3.941s] Level 1:colcon.colcon_core.environment:create_file_with_runtime_dependencies(/home/pi/microros_pi_ws/install/micro_ros_agent/share/colcon-core/packages/micro_ros_agent)
[3.943s] Level 1:colcon.colcon_core.environment:create_environment_scripts_only(micro_ros_agent)
[3.944s] Level 1:colcon.colcon_core.environment:checking '/home/pi/microros_pi_ws/install/micro_ros_agent' for CMake module files
[3.947s] Level 1:colcon.colcon_core.environment:checking '/home/pi/microros_pi_ws/install/micro_ros_agent' for CMake config files
[3.948s] Level 1:colcon.colcon_core.shell:create_environment_hook('micro_ros_agent', 'cmake_prefix_path')
[3.949s] INFO:colcon.colcon_core.shell:Creating environment hook '/home/pi/microros_pi_ws/install/micro_ros_agent/share/micro_ros_agent/hook/cmake_prefix_path.ps1'
[3.951s] INFO:colcon.colcon_core.shell:Creating environment descriptor '/home/pi/microros_pi_ws/install/micro_ros_agent/share/micro_ros_agent/hook/cmake_prefix_path.dsv'
[3.953s] INFO:colcon.colcon_core.shell:Creating environment hook '/home/pi/microros_pi_ws/install/micro_ros_agent/share/micro_ros_agent/hook/cmake_prefix_path.sh'
[3.955s] Level 1:colcon.colcon_core.environment:checking '/home/pi/microros_pi_ws/install/micro_ros_agent/lib'
[3.956s] Level 1:colcon.colcon_core.shell:create_environment_hook('micro_ros_agent', 'ld_library_path_lib')
[3.957s] INFO:colcon.colcon_core.shell:Creating environment hook '/home/pi/microros_pi_ws/install/micro_ros_agent/share/micro_ros_agent/hook/ld_library_path_lib.ps1'
[3.959s] INFO:colcon.colcon_core.shell:Creating environment descriptor '/home/pi/microros_pi_ws/install/micro_ros_agent/share/micro_ros_agent/hook/ld_library_path_lib.dsv'
[3.960s] INFO:colcon.colcon_core.shell:Creating environment hook '/home/pi/microros_pi_ws/install/micro_ros_agent/share/micro_ros_agent/hook/ld_library_path_lib.sh'
[3.962s] Level 1:colcon.colcon_core.environment:checking '/home/pi/microros_pi_ws/install/micro_ros_agent/bin'
[3.963s] Level 1:colcon.colcon_core.environment:checking '/home/pi/microros_pi_ws/install/micro_ros_agent/lib/pkgconfig/micro_ros_agent.pc'
[3.963s] Level 1:colcon.colcon_core.environment:checking '/home/pi/microros_pi_ws/install/micro_ros_agent/lib/python3.10/site-packages'
[3.964s] Level 1:colcon.colcon_core.environment:checking '/home/pi/microros_pi_ws/install/micro_ros_agent/bin'
[3.965s] INFO:colcon.colcon_core.shell:Creating package script '/home/pi/microros_pi_ws/install/micro_ros_agent/share/micro_ros_agent/package.ps1'
[3.968s] INFO:colcon.colcon_core.shell:Creating package descriptor '/home/pi/microros_pi_ws/install/micro_ros_agent/share/micro_ros_agent/package.dsv'
[3.970s] INFO:colcon.colcon_core.shell:Creating package script '/home/pi/microros_pi_ws/install/micro_ros_agent/share/micro_ros_agent/package.sh'
[3.972s] INFO:colcon.colcon_core.shell:Creating package script '/home/pi/microros_pi_ws/install/micro_ros_agent/share/micro_ros_agent/package.bash'
[3.974s] INFO:colcon.colcon_core.shell:Creating package script '/home/pi/microros_pi_ws/install/micro_ros_agent/share/micro_ros_agent/package.zsh'
[3.976s] Level 1:colcon.colcon_core.environment:create_file_with_runtime_dependencies(/home/pi/microros_pi_ws/install/micro_ros_agent/share/colcon-core/packages/micro_ros_agent)
[3.978s] DEBUG:colcon.colcon_parallel_executor.executor.parallel:closing loop
[3.979s] DEBUG:colcon.colcon_parallel_executor.executor.parallel:loop closed
[3.979s] DEBUG:colcon.colcon_parallel_executor.executor.parallel:run_until_complete finished with '0'
[3.980s] DEBUG:colcon.colcon_core.event_reactor:joining thread
[4.000s] INFO:colcon.colcon_core.plugin_system:Skipping extension 'colcon_notification.desktop_notification.notify_send': Could not find 'notify-send'
[4.000s] INFO:colcon.colcon_core.plugin_system:Skipping extension 'colcon_notification.desktop_notification.terminal_notifier': Not used on non-Darwin systems
[4.001s] INFO:colcon.colcon_core.plugin_system:Skipping extension 'colcon_notification.desktop_notification.win32': Not used on non-Windows systems
[4.001s] INFO:colcon.colcon_notification.desktop_notification:Sending desktop notification using 'notify2'
[4.003s] DEBUG:colcon.colcon_notification.desktop_notification.notify2:Failed to initialize notify2: org.freedesktop.DBus.Error.ServiceUnknown: The name org.freedesktop.Notifications was not provided by any .service files
[4.004s] DEBUG:colcon.colcon_core.event_reactor:joined thread
[4.005s] INFO:colcon.colcon_core.shell:Creating prefix script '/home/pi/microros_pi_ws/install/local_setup.ps1'
[4.008s] INFO:colcon.colcon_core.shell:Creating prefix util module '/home/pi/microros_pi_ws/install/_local_setup_util_ps1.py'
[4.016s] INFO:colcon.colcon_core.shell:Creating prefix chain script '/home/pi/microros_pi_ws/install/setup.ps1'
[4.021s] INFO:colcon.colcon_core.shell:Creating prefix script '/home/pi/microros_pi_ws/install/local_setup.sh'
[4.023s] INFO:colcon.colcon_core.shell:Creating prefix util module '/home/pi/microros_pi_ws/install/_local_setup_util_sh.py'
[4.026s] INFO:colcon.colcon_core.shell:Creating prefix chain script '/home/pi/microros_pi_ws/install/setup.sh'
[4.031s] INFO:colcon.colcon_core.shell:Creating prefix script '/home/pi/microros_pi_ws/install/local_setup.bash'
[4.033s] INFO:colcon.colcon_core.shell:Creating prefix chain script '/home/pi/microros_pi_ws/install/setup.bash'
[4.038s] INFO:colcon.colcon_core.shell:Creating prefix script '/home/pi/microros_pi_ws/install/local_setup.zsh'
[4.040s] INFO:colcon.colcon_core.shell:Creating prefix chain script '/home/pi/microros_pi_ws/install/setup.zsh'
