[5.705s] Invoking command in '/home/pi/ros2_pi_ws/src/myrobot': PYTHONPATH=/home/pi/ros2_pi_ws/build/myrobot/prefix_override:/usr/lib/python3/dist-packages/colcon_core/task/python/colcon_distutils_commands:/home/pi/ros2_pi_ws/install/myrobot/lib/python3.10/site-packages:${PYTHONPATH} /usr/bin/python3 -W ignore:setup.py install is deprecated -W ignore:easy_install command is deprecated setup.py egg_info --egg-base ../../build/myrobot build --build-base /home/pi/ros2_pi_ws/build/myrobot/build install --record /home/pi/ros2_pi_ws/build/myrobot/install.log --single-version-externally-managed install_data
[7.307s] running egg_info
[7.312s] writing ../../build/myrobot/myrobot.egg-info/PKG-INFO
[7.313s] writing dependency_links to ../../build/myrobot/myrobot.egg-info/dependency_links.txt
[7.314s] writing entry points to ../../build/myrobot/myrobot.egg-info/entry_points.txt
[7.315s] writing requirements to ../../build/myrobot/myrobot.egg-info/requires.txt
[7.316s] writing top-level names to ../../build/myrobot/myrobot.egg-info/top_level.txt
[7.326s] reading manifest file '../../build/myrobot/myrobot.egg-info/SOURCES.txt'
[7.331s] writing manifest file '../../build/myrobot/myrobot.egg-info/SOURCES.txt'
[7.332s] running build
[7.333s] running build_py
[7.334s] running install
[7.336s] running install_lib
[7.342s] running install_data
[7.343s] running install_egg_info
[7.357s] removing '/home/pi/ros2_pi_ws/install/myrobot/lib/python3.10/site-packages/myrobot-0.0.0-py3.10.egg-info' (and everything under it)
[7.365s] Copying ../../build/myrobot/myrobot.egg-info to /home/pi/ros2_pi_ws/install/myrobot/lib/python3.10/site-packages/myrobot-0.0.0-py3.10.egg-info
[7.369s] running install_scripts
[7.461s] Installing pid_tuner script to /home/pi/ros2_pi_ws/install/myrobot/lib/myrobot
[7.463s] writing list of installed files to '/home/pi/ros2_pi_ws/build/myrobot/install.log'
[7.621s] Invoked command in '/home/pi/ros2_pi_ws/src/myrobot' returned '0': PYTHONPATH=/home/pi/ros2_pi_ws/build/myrobot/prefix_override:/usr/lib/python3/dist-packages/colcon_core/task/python/colcon_distutils_commands:/home/pi/ros2_pi_ws/install/myrobot/lib/python3.10/site-packages:${PYTHONPATH} /usr/bin/python3 -W ignore:setup.py install is deprecated -W ignore:easy_install command is deprecated setup.py egg_info --egg-base ../../build/myrobot build --build-base /home/pi/ros2_pi_ws/build/myrobot/build install --record /home/pi/ros2_pi_ws/build/myrobot/install.log --single-version-externally-managed install_data
