[5.355s] Invoking command in '/home/pi/ros2_pi_ws/src/opencv_tools': PYTHONPATH=/home/pi/ros2_pi_ws/build/opencv_tools/prefix_override:/usr/lib/python3/dist-packages/colcon_core/task/python/colcon_distutils_commands:/home/pi/ros2_pi_ws/install/opencv_tools/lib/python3.10/site-packages:${PYTHONPATH} /usr/bin/python3 -W ignore:setup.py install is deprecated -W ignore:easy_install command is deprecated setup.py egg_info --egg-base ../../build/opencv_tools build --build-base /home/pi/ros2_pi_ws/build/opencv_tools/build install --record /home/pi/ros2_pi_ws/build/opencv_tools/install.log --single-version-externally-managed install_data
[6.683s] running egg_info
[6.686s] writing ../../build/opencv_tools/opencv_tools.egg-info/PKG-INFO
[6.688s] writing dependency_links to ../../build/opencv_tools/opencv_tools.egg-info/dependency_links.txt
[6.689s] writing entry points to ../../build/opencv_tools/opencv_tools.egg-info/entry_points.txt
[6.690s] writing requirements to ../../build/opencv_tools/opencv_tools.egg-info/requires.txt
[6.690s] writing top-level names to ../../build/opencv_tools/opencv_tools.egg-info/top_level.txt
[6.698s] reading manifest file '../../build/opencv_tools/opencv_tools.egg-info/SOURCES.txt'
[6.702s] writing manifest file '../../build/opencv_tools/opencv_tools.egg-info/SOURCES.txt'
[6.704s] running build
[6.704s] running build_py
[6.705s] running install
[6.706s] running install_lib
[6.712s] running install_data
[6.712s] running install_egg_info
[6.725s] removing '/home/pi/ros2_pi_ws/install/opencv_tools/lib/python3.10/site-packages/opencv_tools-0.0.0-py3.10.egg-info' (and everything under it)
[6.727s] Copying ../../build/opencv_tools/opencv_tools.egg-info to /home/pi/ros2_pi_ws/install/opencv_tools/lib/python3.10/site-packages/opencv_tools-0.0.0-py3.10.egg-info
[6.732s] running install_scripts
[6.816s] Installing img_pub_node script to /home/pi/ros2_pi_ws/install/opencv_tools/lib/opencv_tools
[6.817s] Installing img_sub_node script to /home/pi/ros2_pi_ws/install/opencv_tools/lib/opencv_tools
[6.818s] writing list of installed files to '/home/pi/ros2_pi_ws/build/opencv_tools/install.log'
[6.988s] Invoked command in '/home/pi/ros2_pi_ws/src/opencv_tools' returned '0': PYTHONPATH=/home/pi/ros2_pi_ws/build/opencv_tools/prefix_override:/usr/lib/python3/dist-packages/colcon_core/task/python/colcon_distutils_commands:/home/pi/ros2_pi_ws/install/opencv_tools/lib/python3.10/site-packages:${PYTHONPATH} /usr/bin/python3 -W ignore:setup.py install is deprecated -W ignore:easy_install command is deprecated setup.py egg_info --egg-base ../../build/opencv_tools build --build-base /home/pi/ros2_pi_ws/build/opencv_tools/build install --record /home/pi/ros2_pi_ws/build/opencv_tools/install.log --single-version-externally-managed install_data
