[3.839s] Invoking command in '/home/pi/ros2_pi_ws/src/opencv_tools': PYTHONPATH=/home/pi/ros2_pi_ws/build/opencv_tools/prefix_override:/usr/lib/python3/dist-packages/colcon_core/task/python/colcon_distutils_commands:/home/pi/ros2_pi_ws/install/opencv_tools/lib/python3.10/site-packages:${PYTHONPATH} /usr/bin/python3 -W ignore:setup.py install is deprecated -W ignore:easy_install command is deprecated setup.py egg_info --egg-base ../../build/opencv_tools build --build-base /home/pi/ros2_pi_ws/build/opencv_tools/build install --record /home/pi/ros2_pi_ws/build/opencv_tools/install.log --single-version-externally-managed install_data
[4.787s] running egg_info
[4.789s] writing ../../build/opencv_tools/opencv_tools.egg-info/PKG-INFO
[4.790s] writing dependency_links to ../../build/opencv_tools/opencv_tools.egg-info/dependency_links.txt
[4.791s] writing entry points to ../../build/opencv_tools/opencv_tools.egg-info/entry_points.txt
[4.792s] writing requirements to ../../build/opencv_tools/opencv_tools.egg-info/requires.txt
[4.793s] writing top-level names to ../../build/opencv_tools/opencv_tools.egg-info/top_level.txt
[4.801s] reading manifest file '../../build/opencv_tools/opencv_tools.egg-info/SOURCES.txt'
[4.804s] writing manifest file '../../build/opencv_tools/opencv_tools.egg-info/SOURCES.txt'
[4.805s] running build
[4.805s] running build_py
[4.807s] running install
[4.808s] running install_lib
[4.813s] running install_data
[4.814s] running install_egg_info
[4.821s] removing '/home/pi/ros2_pi_ws/install/opencv_tools/lib/python3.10/site-packages/opencv_tools-0.0.0-py3.10.egg-info' (and everything under it)
[4.822s] Copying ../../build/opencv_tools/opencv_tools.egg-info to /home/pi/ros2_pi_ws/install/opencv_tools/lib/python3.10/site-packages/opencv_tools-0.0.0-py3.10.egg-info
[4.827s] running install_scripts
[4.905s] writing list of installed files to '/home/pi/ros2_pi_ws/build/opencv_tools/install.log'
[5.013s] Invoked command in '/home/pi/ros2_pi_ws/src/opencv_tools' returned '0': PYTHONPATH=/home/pi/ros2_pi_ws/build/opencv_tools/prefix_override:/usr/lib/python3/dist-packages/colcon_core/task/python/colcon_distutils_commands:/home/pi/ros2_pi_ws/install/opencv_tools/lib/python3.10/site-packages:${PYTHONPATH} /usr/bin/python3 -W ignore:setup.py install is deprecated -W ignore:easy_install command is deprecated setup.py egg_info --egg-base ../../build/opencv_tools build --build-base /home/pi/ros2_pi_ws/build/opencv_tools/build install --record /home/pi/ros2_pi_ws/build/opencv_tools/install.log --single-version-externally-managed install_data
