[0.118s] Invoking command in '/home/pi/microros_pi_ws/build/robot_localization': CMAKE_PREFIX_PATH=${CMAKE_PREFIX_PATH}:/home/pi/microros_pi_ws/install/motor_control:/opt/ros/humble /usr/bin/cmake /home/pi/microros_pi_ws/src/robot_localization -DCMAKE_INSTALL_PREFIX=/home/pi/microros_pi_ws/install/robot_localization
[1.347s] -- The C compiler identification is GNU 11.4.0
[2.154s] -- The CXX compiler identification is GNU 11.4.0
[2.203s] -- Detecting C compiler ABI info
[2.652s] -- Detecting C compiler ABI info - done
[2.687s] -- Check for working C compiler: /usr/bin/cc - skipped
[2.689s] -- Detecting C compile features
[2.692s] -- Detecting C compile features - done
[2.707s] -- Detecting CXX compiler ABI info
[3.159s] -- Detecting CXX compiler ABI info - done
[3.187s] -- Check for working CXX compiler: /usr/bin/c++ - skipped
[3.188s] -- Detecting CXX compile features
[3.190s] -- Detecting CXX compile features - done
[3.194s] -- robot_localization: You did not request a specific build type: selecting 'RelWithDebInfo'.
[3.250s] -- Found ament_cmake: 1.3.11 (/opt/ros/humble/share/ament_cmake/cmake)
[4.415s] -- Found Python3: /usr/bin/python3 (found version "3.10.12") found components: Interpreter 
[5.229s] -- Found angles: 1.15.0 (/opt/ros/humble/share/angles/cmake)
[5.263s] -- Found rclcpp: 16.0.11 (/opt/ros/humble/share/rclcpp/cmake)
[5.693s] -- Found rosidl_generator_c: 3.1.6 (/opt/ros/humble/share/rosidl_generator_c/cmake)
[5.742s] -- Found rosidl_adapter: 3.1.6 (/opt/ros/humble/share/rosidl_adapter/cmake)
[5.812s] -- Found rosidl_generator_cpp: 3.1.6 (/opt/ros/humble/share/rosidl_generator_cpp/cmake)
[5.900s] -- Using all available rosidl_typesupport_c: rosidl_typesupport_fastrtps_c;rosidl_typesupport_introspection_c
[6.022s] -- Using all available rosidl_typesupport_cpp: rosidl_typesupport_fastrtps_cpp;rosidl_typesupport_introspection_cpp
[6.474s] -- Found rmw_implementation_cmake: 6.1.2 (/opt/ros/humble/share/rmw_implementation_cmake/cmake)
[6.507s] -- Found rmw_fastrtps_cpp: 6.2.7 (/opt/ros/humble/share/rmw_fastrtps_cpp/cmake)
[7.173s] -- Found OpenSSL: /usr/lib/aarch64-linux-gnu/libcrypto.so (found version "3.0.2")  
[7.334s] -- Found FastRTPS: /opt/ros/humble/include  
[7.589s] -- Using RMW implementation 'rmw_fastrtps_cpp' as default
[7.697s] -- Looking for pthread.h
[8.105s] -- Looking for pthread.h - found
[8.108s] -- Performing Test CMAKE_HAVE_LIBC_PTHREAD
[8.649s] -- Performing Test CMAKE_HAVE_LIBC_PTHREAD - Success
[8.655s] -- Found Threads: TRUE  
[9.097s] -- Found diagnostic_msgs: 4.2.4 (/opt/ros/humble/share/diagnostic_msgs/cmake)
[9.198s] -- Found diagnostic_updater: 4.0.0 (/opt/ros/humble/share/diagnostic_updater/cmake)
[9.262s] -- Found geographic_msgs: 1.0.6 (/opt/ros/humble/share/geographic_msgs/cmake)
[9.574s] -- Found message_filters: 4.3.5 (/opt/ros/humble/share/message_filters/cmake)
[9.609s] -- Found nav_msgs: 4.2.4 (/opt/ros/humble/share/nav_msgs/cmake)
[9.717s] -- Found rosidl_default_generators: 1.2.0 (/opt/ros/humble/share/rosidl_default_generators/cmake)
[9.795s] -- Found sensor_msgs: 4.2.4 (/opt/ros/humble/share/sensor_msgs/cmake)
[9.913s] -- Found std_srvs: 4.2.4 (/opt/ros/humble/share/std_srvs/cmake)
[10.001s] -- Found tf2: 0.25.9 (/opt/ros/humble/share/tf2/cmake)
[10.095s] -- Found tf2_eigen: 0.25.9 (/opt/ros/humble/share/tf2_eigen/cmake)
[10.736s] -- Found tf2_geometry_msgs: 0.25.9 (/opt/ros/humble/share/tf2_geometry_msgs/cmake)
[10.820s] -- Found eigen3_cmake_module: 0.1.1 (/opt/ros/humble/share/eigen3_cmake_module/cmake)
[10.828s] -- Found Eigen3: TRUE (found version "3.4.0") 
[10.828s] -- Ensuring Eigen3 include directory is part of orocos-kdl CMake target
[10.901s] -- Found Boost: /usr/lib/aarch64-linux-gnu/cmake/Boost-1.74.0/BoostConfig.cmake (found version "1.74.0")  
[10.929s] -- Found yaml_cpp_vendor: 8.0.2 (/opt/ros/humble/share/yaml_cpp_vendor/cmake)
[10.965s] -- Found GeographicLib: /usr/lib/aarch64-linux-gnu  
[13.207s] -- Found ament_cmake_cppcheck: 0.12.11 (/opt/ros/humble/share/ament_cmake_cppcheck/cmake)
[13.233s] -- Found ament_cmake_cpplint: 0.12.11 (/opt/ros/humble/share/ament_cmake_cpplint/cmake)
[13.257s] -- Found ament_cmake_uncrustify: 0.12.11 (/opt/ros/humble/share/ament_cmake_uncrustify/cmake)
[13.291s] -- Found ament_cmake_ros: 0.10.0 (/opt/ros/humble/share/ament_cmake_ros/cmake)
[16.927s] -- Using all available rosidl_typesupport_c: rosidl_typesupport_fastrtps_c;rosidl_typesupport_introspection_c
[18.314s] -- Using all available rosidl_typesupport_cpp: rosidl_typesupport_fastrtps_cpp;rosidl_typesupport_introspection_cpp
[18.473s] -- Found PythonInterp: /usr/bin/python3 (found suitable version "3.10.12", minimum required is "3.6") 
[18.494s] -- Found python_cmake_module: 0.10.0 (/opt/ros/humble/share/python_cmake_module/cmake)
[18.669s] -- Found PythonLibs: /usr/lib/aarch64-linux-gnu/libpython3.10.so (found suitable version "3.10.12", minimum required is "3.5") 
[18.670s] -- Using PYTHON_EXECUTABLE: /usr/bin/python3
[18.671s] -- Using PYTHON_INCLUDE_DIRS: /usr/include/python3.10
[18.672s] -- Using PYTHON_LIBRARIES: /usr/lib/aarch64-linux-gnu/libpython3.10.so
[18.831s] -- Found PythonExtra: .so  
[19.470s] -- Found ament_cmake_flake8: 0.12.11 (/opt/ros/humble/share/ament_cmake_flake8/cmake)
[19.499s] -- Found ament_cmake_pep257: 0.12.11 (/opt/ros/humble/share/ament_cmake_pep257/cmake)
[19.564s] -- Found ament_cmake_lint_cmake: 0.12.11 (/opt/ros/humble/share/ament_cmake_lint_cmake/cmake)
[19.607s] -- Found launch_testing_ament_cmake: 1.0.7 (/opt/ros/humble/share/launch_testing_ament_cmake/cmake)
[19.880s] -- Using PYTHON_EXECUTABLE: /usr/bin/python3
[19.881s] -- Using PYTHON_INCLUDE_DIRS: /usr/include/python3.10
[19.883s] -- Using PYTHON_LIBRARIES: /usr/lib/aarch64-linux-gnu/libpython3.10.so
[19.931s] -- Found gtest sources under '/opt/ros/humble/src/gtest_vendor': C++ tests using 'Google Test' will be built
[20.281s] -- Configuring done
[22.171s] -- Generating done
[22.477s] -- Build files have been written to: /home/pi/microros_pi_ws/build/robot_localization
[22.595s] Invoked command in '/home/pi/microros_pi_ws/build/robot_localization' returned '0': CMAKE_PREFIX_PATH=${CMAKE_PREFIX_PATH}:/home/pi/microros_pi_ws/install/motor_control:/opt/ros/humble /usr/bin/cmake /home/pi/microros_pi_ws/src/robot_localization -DCMAKE_INSTALL_PREFIX=/home/pi/microros_pi_ws/install/robot_localization
[22.597s] Invoking command in '/home/pi/microros_pi_ws/build/robot_localization': CMAKE_PREFIX_PATH=${CMAKE_PREFIX_PATH}:/home/pi/microros_pi_ws/install/motor_control:/opt/ros/humble /usr/bin/cmake --build /home/pi/microros_pi_ws/build/robot_localization -- -j4 -l4
[23.113s] [  1%] [34m[1mGenerating C code for ROS interfaces[0m
[23.234s] [  2%] [34m[1mGenerating C++ code for ROS interfaces[0m
[23.261s] [  3%] [32mBuilding CXX object gtest/CMakeFiles/gtest_main.dir/src/gtest_main.cc.o[0m
[23.300s] [  3%] Built target ament_cmake_python_copy_robot_localization
[23.604s] [  4%] [32mBuilding CXX object gtest/CMakeFiles/gtest.dir/src/gtest-all.cc.o[0m
[36.341s] [  4%] Built target robot_localization__cpp
[36.916s] [  5%] [34m[1mGenerating C++ type support dispatch for ROS interfaces[0m
[37.055s] [  5%] [32mBuilding C object CMakeFiles/robot_localization__rosidl_generator_c.dir/rosidl_generator_c/robot_localization/srv/detail/from_ll__functions.c.o[0m
[38.572s] [  6%] [32mBuilding C object CMakeFiles/robot_localization__rosidl_generator_c.dir/rosidl_generator_c/robot_localization/srv/detail/get_state__functions.c.o[0m
[38.822s] [  7%] [32m[1mLinking CXX static library libgtest_main.a[0m
[39.926s] [  8%] [32mBuilding C object CMakeFiles/robot_localization__rosidl_generator_c.dir/rosidl_generator_c/robot_localization/srv/detail/set_datum__functions.c.o[0m
[40.906s] [  8%] Built target gtest_main
[40.974s] [  9%] [34m[1mGenerating C++ type support for eProsima Fast-RTPS[0m
[41.150s] [ 10%] [32mBuilding C object CMakeFiles/robot_localization__rosidl_generator_c.dir/rosidl_generator_c/robot_localization/srv/detail/set_pose__functions.c.o[0m
[41.486s] [ 10%] [32mBuilding CXX object CMakeFiles/robot_localization__rosidl_typesupport_cpp.dir/rosidl_typesupport_cpp/robot_localization/srv/from_ll__type_support.cpp.o[0m
[42.808s] [ 11%] [32mBuilding C object CMakeFiles/robot_localization__rosidl_generator_c.dir/rosidl_generator_c/robot_localization/srv/detail/set_utm_zone__functions.c.o[0m
[44.561s] [ 11%] [32mBuilding C object CMakeFiles/robot_localization__rosidl_generator_c.dir/rosidl_generator_c/robot_localization/srv/detail/toggle_filter_processing__functions.c.o[0m
[44.565s] [ 12%] [32mBuilding CXX object CMakeFiles/robot_localization__rosidl_typesupport_cpp.dir/rosidl_typesupport_cpp/robot_localization/srv/get_state__type_support.cpp.o[0m
[45.954s] [ 13%] [32mBuilding C object CMakeFiles/robot_localization__rosidl_generator_c.dir/rosidl_generator_c/robot_localization/srv/detail/to_ll__functions.c.o[0m
[47.646s] [ 14%] [32m[1mLinking C shared library librobot_localization__rosidl_generator_c.so[0m
[48.007s] [ 15%] [32mBuilding CXX object CMakeFiles/robot_localization__rosidl_typesupport_cpp.dir/rosidl_typesupport_cpp/robot_localization/srv/set_datum__type_support.cpp.o[0m
[48.196s] [ 15%] Built target robot_localization__rosidl_generator_c
[48.282s] [ 16%] [32mBuilding CXX object CMakeFiles/robot_localization__rosidl_typesupport_fastrtps_cpp.dir/rosidl_typesupport_fastrtps_cpp/robot_localization/srv/detail/dds_fastrtps/from_ll__type_support.cpp.o[0m
[50.345s] [ 17%] [32mBuilding CXX object CMakeFiles/robot_localization__rosidl_typesupport_cpp.dir/rosidl_typesupport_cpp/robot_localization/srv/set_pose__type_support.cpp.o[0m
[52.216s] [ 18%] [32mBuilding CXX object CMakeFiles/robot_localization__rosidl_typesupport_fastrtps_cpp.dir/rosidl_typesupport_fastrtps_cpp/robot_localization/srv/detail/dds_fastrtps/get_state__type_support.cpp.o[0m
[53.131s] [ 19%] [32mBuilding CXX object CMakeFiles/robot_localization__rosidl_typesupport_cpp.dir/rosidl_typesupport_cpp/robot_localization/srv/set_utm_zone__type_support.cpp.o[0m
[55.685s] [ 20%] [32mBuilding CXX object CMakeFiles/robot_localization__rosidl_typesupport_cpp.dir/rosidl_typesupport_cpp/robot_localization/srv/toggle_filter_processing__type_support.cpp.o[0m
[55.997s] [ 21%] [32mBuilding CXX object CMakeFiles/robot_localization__rosidl_typesupport_fastrtps_cpp.dir/rosidl_typesupport_fastrtps_cpp/robot_localization/srv/detail/dds_fastrtps/set_datum__type_support.cpp.o[0m
[57.840s] [ 21%] [32mBuilding CXX object CMakeFiles/robot_localization__rosidl_typesupport_cpp.dir/rosidl_typesupport_cpp/robot_localization/srv/to_ll__type_support.cpp.o[0m
[59.129s] [ 21%] [32mBuilding CXX object CMakeFiles/robot_localization__rosidl_typesupport_fastrtps_cpp.dir/rosidl_typesupport_fastrtps_cpp/robot_localization/srv/detail/dds_fastrtps/set_pose__type_support.cpp.o[0m
[60.878s] [ 22%] [32m[1mLinking CXX shared library librobot_localization__rosidl_typesupport_cpp.so[0m
[61.239s] [ 22%] Built target robot_localization__rosidl_typesupport_cpp
[62.567s] [ 23%] [32mBuilding CXX object CMakeFiles/robot_localization__rosidl_typesupport_fastrtps_cpp.dir/rosidl_typesupport_fastrtps_cpp/robot_localization/srv/detail/dds_fastrtps/set_utm_zone__type_support.cpp.o[0m
[65.904s] [ 24%] [32mBuilding CXX object CMakeFiles/robot_localization__rosidl_typesupport_fastrtps_cpp.dir/rosidl_typesupport_fastrtps_cpp/robot_localization/srv/detail/dds_fastrtps/toggle_filter_processing__type_support.cpp.o[0m
[69.230s] [ 25%] [32mBuilding CXX object CMakeFiles/robot_localization__rosidl_typesupport_fastrtps_cpp.dir/rosidl_typesupport_fastrtps_cpp/robot_localization/srv/detail/dds_fastrtps/to_ll__type_support.cpp.o[0m
[72.687s] [ 26%] [32m[1mLinking CXX shared library librobot_localization__rosidl_typesupport_fastrtps_cpp.so[0m
[73.208s] [ 26%] Built target robot_localization__rosidl_typesupport_fastrtps_cpp
[87.859s] [ 26%] [32m[1mLinking CXX static library libgtest.a[0m
[88.480s] [ 26%] Built target gtest
[88.597s] [ 27%] [32mBuilding CXX object CMakeFiles/rl_lib.dir/src/ekf.cpp.o[0m
[92.594s] [ 28%] [34m[1mGenerating C type support for eProsima Fast-RTPS[0m
[96.820s] [ 29%] [34m[1mGenerating C++ introspection for ROS interfaces[0m
[97.941s] running egg_info
[97.951s] creating robot_localization.egg-info
[97.961s] writing robot_localization.egg-info/PKG-INFO
[97.963s] writing dependency_links to robot_localization.egg-info/dependency_links.txt
[97.965s] writing top-level names to robot_localization.egg-info/top_level.txt
[97.967s] writing manifest file 'robot_localization.egg-info/SOURCES.txt'
[98.003s] reading manifest file 'robot_localization.egg-info/SOURCES.txt'
[98.007s] writing manifest file 'robot_localization.egg-info/SOURCES.txt'
[98.395s] [ 29%] Built target ament_cmake_python_build_robot_localization_egg
[98.833s] [ 30%] [32mBuilding CXX object CMakeFiles/robot_localization__rosidl_typesupport_fastrtps_c.dir/rosidl_typesupport_fastrtps_c/robot_localization/srv/detail/from_ll__type_support_c.cpp.o[0m
[103.231s] [ 31%] [32mBuilding CXX object CMakeFiles/robot_localization__rosidl_typesupport_fastrtps_c.dir/rosidl_typesupport_fastrtps_c/robot_localization/srv/detail/get_state__type_support_c.cpp.o[0m
[103.669s] [ 32%] [32mBuilding CXX object CMakeFiles/robot_localization__rosidl_typesupport_introspection_cpp.dir/rosidl_typesupport_introspection_cpp/robot_localization/srv/detail/from_ll__type_support.cpp.o[0m
[108.252s] [ 33%] [32mBuilding CXX object CMakeFiles/robot_localization__rosidl_typesupport_fastrtps_c.dir/rosidl_typesupport_fastrtps_c/robot_localization/srv/detail/set_datum__type_support_c.cpp.o[0m
[108.762s] [ 33%] [32mBuilding CXX object CMakeFiles/robot_localization__rosidl_typesupport_introspection_cpp.dir/rosidl_typesupport_introspection_cpp/robot_localization/srv/detail/get_state__type_support.cpp.o[0m
[112.930s] [ 33%] [32mBuilding CXX object CMakeFiles/robot_localization__rosidl_typesupport_fastrtps_c.dir/rosidl_typesupport_fastrtps_c/robot_localization/srv/detail/set_pose__type_support_c.cpp.o[0m
[114.196s] [ 34%] [32mBuilding CXX object CMakeFiles/robot_localization__rosidl_typesupport_introspection_cpp.dir/rosidl_typesupport_introspection_cpp/robot_localization/srv/detail/set_datum__type_support.cpp.o[0m
[117.639s] [ 35%] [32mBuilding CXX object CMakeFiles/robot_localization__rosidl_typesupport_fastrtps_c.dir/rosidl_typesupport_fastrtps_c/robot_localization/srv/detail/set_utm_zone__type_support_c.cpp.o[0m
[119.137s] [ 36%] [32mBuilding CXX object CMakeFiles/robot_localization__rosidl_typesupport_introspection_cpp.dir/rosidl_typesupport_introspection_cpp/robot_localization/srv/detail/set_pose__type_support.cpp.o[0m
[123.475s] [ 37%] [32mBuilding CXX object CMakeFiles/robot_localization__rosidl_typesupport_fastrtps_c.dir/rosidl_typesupport_fastrtps_c/robot_localization/srv/detail/toggle_filter_processing__type_support_c.cpp.o[0m
[124.287s] [ 38%] [32mBuilding CXX object CMakeFiles/robot_localization__rosidl_typesupport_introspection_cpp.dir/rosidl_typesupport_introspection_cpp/robot_localization/srv/detail/set_utm_zone__type_support.cpp.o[0m
[128.033s] [ 39%] [32mBuilding CXX object CMakeFiles/robot_localization__rosidl_typesupport_fastrtps_c.dir/rosidl_typesupport_fastrtps_c/robot_localization/srv/detail/to_ll__type_support_c.cpp.o[0m
[129.721s] [ 40%] [32mBuilding CXX object CMakeFiles/robot_localization__rosidl_typesupport_introspection_cpp.dir/rosidl_typesupport_introspection_cpp/robot_localization/srv/detail/toggle_filter_processing__type_support.cpp.o[0m
[133.207s] [ 41%] [32m[1mLinking CXX shared library librobot_localization__rosidl_typesupport_fastrtps_c.so[0m
[134.041s] [ 41%] Built target robot_localization__rosidl_typesupport_fastrtps_c
[134.675s] [ 41%] [32mBuilding CXX object CMakeFiles/robot_localization__rosidl_typesupport_introspection_cpp.dir/rosidl_typesupport_introspection_cpp/robot_localization/srv/detail/to_ll__type_support.cpp.o[0m
[138.144s] [ 42%] [32m[1mLinking CXX shared library librobot_localization__rosidl_typesupport_introspection_cpp.so[0m
[138.652s] [ 42%] Built target robot_localization__rosidl_typesupport_introspection_cpp
[148.275s] [ 42%] [32mBuilding CXX object CMakeFiles/rl_lib.dir/src/ukf.cpp.o[0m
[167.338s] [ 43%] [32mBuilding CXX object CMakeFiles/rl_lib.dir/src/filter_base.cpp.o[0m
[207.130s] [ 44%] [32mBuilding CXX object CMakeFiles/rl_lib.dir/src/filter_utilities.cpp.o[0m
[223.105s] [ 45%] [32mBuilding CXX object CMakeFiles/rl_lib.dir/src/navsat_transform.cpp.o[0m
[232.162s] [ 46%] [32mBuilding CXX object CMakeFiles/rl_lib.dir/src/robot_localization_estimator.cpp.o[0m
[263.005s] [ 47%] [32mBuilding CXX object CMakeFiles/rl_lib.dir/src/ros_filter.cpp.o[0m
