[4.152s] Invoking command in '/home/pi/microros_pi_ws/src/motor_control': PYTHONPATH=/home/pi/microros_pi_ws/build/motor_control/prefix_override:/usr/lib/python3/dist-packages/colcon_core/task/python/colcon_distutils_commands:/home/pi/microros_pi_ws/install/motor_control/lib/python3.10/site-packages:${PYTHONPATH} /usr/bin/python3 -W ignore:setup.py install is deprecated -W ignore:easy_install command is deprecated setup.py egg_info --egg-base ../../build/motor_control build --build-base /home/pi/microros_pi_ws/build/motor_control/build install --record /home/pi/microros_pi_ws/build/motor_control/install.log --single-version-externally-managed install_data
[5.080s] running egg_info
[5.082s] writing ../../build/motor_control/motor_control.egg-info/PKG-INFO
[5.083s] writing dependency_links to ../../build/motor_control/motor_control.egg-info/dependency_links.txt
[5.084s] writing entry points to ../../build/motor_control/motor_control.egg-info/entry_points.txt
[5.085s] writing requirements to ../../build/motor_control/motor_control.egg-info/requires.txt
[5.085s] writing top-level names to ../../build/motor_control/motor_control.egg-info/top_level.txt
[5.092s] reading manifest file '../../build/motor_control/motor_control.egg-info/SOURCES.txt'
[5.096s] writing manifest file '../../build/motor_control/motor_control.egg-info/SOURCES.txt'
[5.097s] running build
[5.097s] running build_py
[5.099s] running install
[5.100s] running install_lib
[5.105s] running install_data
[5.105s] running install_egg_info
[5.112s] removing '/home/pi/microros_pi_ws/install/motor_control/lib/python3.10/site-packages/motor_control-0.0.0-py3.10.egg-info' (and everything under it)
[5.114s] Copying ../../build/motor_control/motor_control.egg-info to /home/pi/microros_pi_ws/install/motor_control/lib/python3.10/site-packages/motor_control-0.0.0-py3.10.egg-info
[5.119s] running install_scripts
[5.195s] Installing motor_control_node script to /home/pi/microros_pi_ws/install/motor_control/lib/motor_control
[5.197s] writing list of installed files to '/home/pi/microros_pi_ws/build/motor_control/install.log'
[5.304s] Invoked command in '/home/pi/microros_pi_ws/src/motor_control' returned '0': PYTHONPATH=/home/pi/microros_pi_ws/build/motor_control/prefix_override:/usr/lib/python3/dist-packages/colcon_core/task/python/colcon_distutils_commands:/home/pi/microros_pi_ws/install/motor_control/lib/python3.10/site-packages:${PYTHONPATH} /usr/bin/python3 -W ignore:setup.py install is deprecated -W ignore:easy_install command is deprecated setup.py egg_info --egg-base ../../build/motor_control build --build-base /home/pi/microros_pi_ws/build/motor_control/build install --record /home/pi/microros_pi_ws/build/motor_control/install.log --single-version-externally-managed install_data
