[0.135s] Invoking command in '/home/pi/ros2_pi_ws/build/robot_odom': CMAKE_PREFIX_PATH=${CMAKE_PREFIX_PATH}:/home/pi/ros2_pi_ws/install/ros2_opencv:/home/pi/ros2_pi_ws/install/opencv_tools:/home/pi/ros2_pi_ws/install/myrobot:/home/pi/ros2_pi_ws/install/motor_control:/home/pi/ros2_pi_ws/install/camera_publisher:/opt/ros/humble /usr/bin/cmake --build /home/pi/ros2_pi_ws/build/robot_odom -- -j4 -l4
[0.471s] [100%] Built target odom
[1.649s] Invoked command in '/home/pi/ros2_pi_ws/build/robot_odom' returned '0': CMAKE_PREFIX_PATH=${CMAKE_PREFIX_PATH}:/home/pi/ros2_pi_ws/install/ros2_opencv:/home/pi/ros2_pi_ws/install/opencv_tools:/home/pi/ros2_pi_ws/install/myrobot:/home/pi/ros2_pi_ws/install/motor_control:/home/pi/ros2_pi_ws/install/camera_publisher:/opt/ros/humble /usr/bin/cmake --build /home/pi/ros2_pi_ws/build/robot_odom -- -j4 -l4
[1.662s] Invoking command in '/home/pi/ros2_pi_ws/build/robot_odom': CMAKE_PREFIX_PATH=${CMAKE_PREFIX_PATH}:/home/pi/ros2_pi_ws/install/ros2_opencv:/home/pi/ros2_pi_ws/install/opencv_tools:/home/pi/ros2_pi_ws/install/myrobot:/home/pi/ros2_pi_ws/install/motor_control:/home/pi/ros2_pi_ws/install/camera_publisher:/opt/ros/humble /usr/bin/cmake --install /home/pi/ros2_pi_ws/build/robot_odom
[1.709s] -- Install configuration: ""
[1.711s] -- Up-to-date: /home/pi/ros2_pi_ws/install/robot_odom/lib/robot_odom/odom
[1.714s] -- Up-to-date: /home/pi/ros2_pi_ws/install/robot_odom/share/ament_index/resource_index/package_run_dependencies/robot_odom
[1.714s] -- Up-to-date: /home/pi/ros2_pi_ws/install/robot_odom/share/ament_index/resource_index/parent_prefix_path/robot_odom
[1.715s] -- Up-to-date: /home/pi/ros2_pi_ws/install/robot_odom/share/robot_odom/environment/ament_prefix_path.sh
[1.716s] -- Up-to-date: /home/pi/ros2_pi_ws/install/robot_odom/share/robot_odom/environment/ament_prefix_path.dsv
[1.718s] -- Up-to-date: /home/pi/ros2_pi_ws/install/robot_odom/share/robot_odom/environment/path.sh
[1.719s] -- Up-to-date: /home/pi/ros2_pi_ws/install/robot_odom/share/robot_odom/environment/path.dsv
[1.719s] -- Up-to-date: /home/pi/ros2_pi_ws/install/robot_odom/share/robot_odom/local_setup.bash
[1.720s] -- Up-to-date: /home/pi/ros2_pi_ws/install/robot_odom/share/robot_odom/local_setup.sh
[1.721s] -- Up-to-date: /home/pi/ros2_pi_ws/install/robot_odom/share/robot_odom/local_setup.zsh
[1.722s] -- Up-to-date: /home/pi/ros2_pi_ws/install/robot_odom/share/robot_odom/local_setup.dsv
[1.732s] -- Installing: /home/pi/ros2_pi_ws/install/robot_odom/share/robot_odom/package.dsv
[1.733s] -- Up-to-date: /home/pi/ros2_pi_ws/install/robot_odom/share/ament_index/resource_index/packages/robot_odom
[1.734s] -- Up-to-date: /home/pi/ros2_pi_ws/install/robot_odom/share/robot_odom/cmake/robot_odomConfig.cmake
[1.734s] -- Up-to-date: /home/pi/ros2_pi_ws/install/robot_odom/share/robot_odom/cmake/robot_odomConfig-version.cmake
[1.735s] -- Up-to-date: /home/pi/ros2_pi_ws/install/robot_odom/share/robot_odom/package.xml
[1.750s] Invoked command in '/home/pi/ros2_pi_ws/build/robot_odom' returned '0': CMAKE_PREFIX_PATH=${CMAKE_PREFIX_PATH}:/home/pi/ros2_pi_ws/install/ros2_opencv:/home/pi/ros2_pi_ws/install/opencv_tools:/home/pi/ros2_pi_ws/install/myrobot:/home/pi/ros2_pi_ws/install/motor_control:/home/pi/ros2_pi_ws/install/camera_publisher:/opt/ros/humble /usr/bin/cmake --install /home/pi/ros2_pi_ws/build/robot_odom
