[0.152s] Invoking command in '/home/pi/microros_pi_ws/build/micro_ros_setup': CMAKE_PREFIX_PATH=${CMAKE_PREFIX_PATH}:/home/pi/microros_pi_ws/install/motor_control:/opt/ros/humble /usr/bin/cmake --build /home/pi/microros_pi_ws/build/micro_ros_setup -- -j4 -l4
[1.695s] Invoked command in '/home/pi/microros_pi_ws/build/micro_ros_setup' returned '0': CMAKE_PREFIX_PATH=${CMAKE_PREFIX_PATH}:/home/pi/microros_pi_ws/install/motor_control:/opt/ros/humble /usr/bin/cmake --build /home/pi/microros_pi_ws/build/micro_ros_setup -- -j4 -l4
[1.744s] Invoking command in '/home/pi/microros_pi_ws/build/micro_ros_setup': CMAKE_PREFIX_PATH=${CMAKE_PREFIX_PATH}:/home/pi/microros_pi_ws/install/motor_control:/opt/ros/humble /usr/bin/cmake --install /home/pi/microros_pi_ws/build/micro_ros_setup
[1.788s] -- Install configuration: ""
[1.791s] -- Up-to-date: /home/pi/microros_pi_ws/install/micro_ros_setup/share/ament_index/resource_index/package_run_dependencies/micro_ros_setup
[1.792s] -- Up-to-date: /home/pi/microros_pi_ws/install/micro_ros_setup/share/ament_index/resource_index/parent_prefix_path/micro_ros_setup
[1.793s] -- Up-to-date: /home/pi/microros_pi_ws/install/micro_ros_setup/share/micro_ros_setup/environment/ament_prefix_path.sh
[1.794s] -- Up-to-date: /home/pi/microros_pi_ws/install/micro_ros_setup/share/micro_ros_setup/environment/ament_prefix_path.dsv
[1.795s] -- Up-to-date: /home/pi/microros_pi_ws/install/micro_ros_setup/share/micro_ros_setup/environment/path.sh
[1.796s] -- Up-to-date: /home/pi/microros_pi_ws/install/micro_ros_setup/share/micro_ros_setup/environment/path.dsv
[1.797s] -- Up-to-date: /home/pi/microros_pi_ws/install/micro_ros_setup/share/micro_ros_setup/local_setup.bash
[1.798s] -- Up-to-date: /home/pi/microros_pi_ws/install/micro_ros_setup/share/micro_ros_setup/local_setup.sh
[1.799s] -- Up-to-date: /home/pi/microros_pi_ws/install/micro_ros_setup/share/micro_ros_setup/local_setup.zsh
[1.799s] -- Up-to-date: /home/pi/microros_pi_ws/install/micro_ros_setup/share/micro_ros_setup/local_setup.dsv
[1.800s] -- Installing: /home/pi/microros_pi_ws/install/micro_ros_setup/share/micro_ros_setup/package.dsv
[1.802s] -- Up-to-date: /home/pi/microros_pi_ws/install/micro_ros_setup/share/ament_index/resource_index/packages/micro_ros_setup
[1.804s] -- Up-to-date: /home/pi/microros_pi_ws/install/micro_ros_setup/share/micro_ros_setup/cmake/micro_ros_setupConfig.cmake
[1.805s] -- Up-to-date: /home/pi/microros_pi_ws/install/micro_ros_setup/share/micro_ros_setup/cmake/micro_ros_setupConfig-version.cmake
[1.806s] -- Up-to-date: /home/pi/microros_pi_ws/install/micro_ros_setup/share/micro_ros_setup/package.xml
[1.806s] -- Up-to-date: /home/pi/microros_pi_ws/install/micro_ros_setup/./config
[1.808s] -- Up-to-date: /home/pi/microros_pi_ws/install/micro_ros_setup/./config/generate_lib
[1.809s] -- Up-to-date: /home/pi/microros_pi_ws/install/micro_ros_setup/./config/generate_lib/generic
[1.813s] -- Up-to-date: /home/pi/microros_pi_ws/install/micro_ros_setup/./config/generate_lib/generic/create.sh
[1.814s] -- Up-to-date: /home/pi/microros_pi_ws/install/micro_ros_setup/./config/generate_lib/generic/client-colcon.meta
[1.816s] -- Up-to-date: /home/pi/microros_pi_ws/install/micro_ros_setup/./config/generate_lib/generic/build.sh
[1.817s] -- Up-to-date: /home/pi/microros_pi_ws/install/micro_ros_setup/./config/generate_lib/generic/package.xml
[1.818s] -- Up-to-date: /home/pi/microros_pi_ws/install/micro_ros_setup/./config/generate_lib/generic/flash.sh
[1.821s] -- Up-to-date: /home/pi/microros_pi_ws/install/micro_ros_setup/./config/generate_lib/generic/demo_toolchain.cmake
[1.823s] -- Up-to-date: /home/pi/microros_pi_ws/install/micro_ros_setup/./config/generate_lib/generic/client_uros_packages.repos
[1.825s] -- Up-to-date: /home/pi/microros_pi_ws/install/micro_ros_setup/./config/generate_lib/dev_uros_packages.repos
[1.827s] -- Up-to-date: /home/pi/microros_pi_ws/install/micro_ros_setup/./config/generate_lib/dev_ros2_packages.txt
[1.834s] -- Up-to-date: /home/pi/microros_pi_ws/install/micro_ros_setup/./config/host
[1.835s] -- Up-to-date: /home/pi/microros_pi_ws/install/micro_ros_setup/./config/host/generic
[1.836s] -- Up-to-date: /home/pi/microros_pi_ws/install/micro_ros_setup/./config/host/generic/client-host-colcon.meta
[1.837s] -- Up-to-date: /home/pi/microros_pi_ws/install/micro_ros_setup/./config/host/generic/create.sh
[1.838s] -- Up-to-date: /home/pi/microros_pi_ws/install/micro_ros_setup/./config/host/generic/build.sh
[1.839s] -- Up-to-date: /home/pi/microros_pi_ws/install/micro_ros_setup/./config/host/generic/package.xml
[1.840s] -- Up-to-date: /home/pi/microros_pi_ws/install/micro_ros_setup/./config/host/generic/flash.sh
[1.841s] -- Up-to-date: /home/pi/microros_pi_ws/install/micro_ros_setup/./config/host/generic/client_host_packages.repos
[1.841s] -- Up-to-date: /home/pi/microros_pi_ws/install/micro_ros_setup/./config/host/dev_uros_packages.repos
[1.842s] -- Up-to-date: /home/pi/microros_pi_ws/install/micro_ros_setup/./config/host/dev_ros2_packages.txt
[1.843s] -- Up-to-date: /home/pi/microros_pi_ws/install/micro_ros_setup/./config/host/client_ros2_packages.txt
[1.845s] -- Up-to-date: /home/pi/microros_pi_ws/install/micro_ros_setup/./config/mbed
[1.847s] -- Up-to-date: /home/pi/microros_pi_ws/install/micro_ros_setup/./config/mbed/generic
[1.848s] -- Up-to-date: /home/pi/microros_pi_ws/install/micro_ros_setup/./config/mbed/generic/board.repos
[1.848s] -- Up-to-date: /home/pi/microros_pi_ws/install/micro_ros_setup/./config/mbed/generic/create.sh
[1.849s] -- Up-to-date: /home/pi/microros_pi_ws/install/micro_ros_setup/./config/mbed/generic/build.sh
[1.850s] -- Up-to-date: /home/pi/microros_pi_ws/install/micro_ros_setup/./config/mbed/generic/package.xml
[1.851s] -- Up-to-date: /home/pi/microros_pi_ws/install/micro_ros_setup/./config/mbed/generic/flash.sh
[1.855s] -- Up-to-date: /home/pi/microros_pi_ws/install/micro_ros_setup/./config/mbed/generic/supported_platforms
[1.855s] -- Up-to-date: /home/pi/microros_pi_ws/install/micro_ros_setup/./config/mbed/generic/client_uros_packages.repos
[1.856s] -- Up-to-date: /home/pi/microros_pi_ws/install/micro_ros_setup/./config/mbed/dev_uros_packages.repos
[1.856s] -- Up-to-date: /home/pi/microros_pi_ws/install/micro_ros_setup/./config/mbed/dev_ros2_packages.txt
[1.857s] -- Up-to-date: /home/pi/microros_pi_ws/install/micro_ros_setup/./config/mbed/list_apps.sh
[1.858s] -- Up-to-date: /home/pi/microros_pi_ws/install/micro_ros_setup/./config/agent_uros_packages.repos
[1.859s] -- Up-to-date: /home/pi/microros_pi_ws/install/micro_ros_setup/./config/agent_ros2_packages.txt
[1.860s] -- Up-to-date: /home/pi/microros_pi_ws/install/micro_ros_setup/./config/freertos
[1.861s] -- Up-to-date: /home/pi/microros_pi_ws/install/micro_ros_setup/./config/freertos/olimex-stm32-e407
[1.861s] -- Up-to-date: /home/pi/microros_pi_ws/install/micro_ros_setup/./config/freertos/olimex-stm32-e407/board.repos
[1.862s] -- Up-to-date: /home/pi/microros_pi_ws/install/micro_ros_setup/./config/freertos/olimex-stm32-e407/create.sh
[1.863s] -- Up-to-date: /home/pi/microros_pi_ws/install/micro_ros_setup/./config/freertos/olimex-stm32-e407/configure.sh
[1.864s] -- Up-to-date: /home/pi/microros_pi_ws/install/micro_ros_setup/./config/freertos/olimex-stm32-e407/client-colcon.meta
[1.865s] -- Up-to-date: /home/pi/microros_pi_ws/install/micro_ros_setup/./config/freertos/olimex-stm32-e407/build.sh
[1.865s] -- Up-to-date: /home/pi/microros_pi_ws/install/micro_ros_setup/./config/freertos/olimex-stm32-e407/package.xml
[1.866s] -- Up-to-date: /home/pi/microros_pi_ws/install/micro_ros_setup/./config/freertos/olimex-stm32-e407/flash.sh
[1.868s] -- Up-to-date: /home/pi/microros_pi_ws/install/micro_ros_setup/./config/freertos/olimex-stm32-e407/client_uros_packages.repos
[1.869s] -- Up-to-date: /home/pi/microros_pi_ws/install/micro_ros_setup/./config/freertos/dev_uros_packages.repos
[1.869s] -- Up-to-date: /home/pi/microros_pi_ws/install/micro_ros_setup/./config/freertos/nucleo_f746zg
[1.870s] -- Up-to-date: /home/pi/microros_pi_ws/install/micro_ros_setup/./config/freertos/nucleo_f746zg/board.repos
[1.870s] -- Up-to-date: /home/pi/microros_pi_ws/install/micro_ros_setup/./config/freertos/nucleo_f746zg/create.sh
[1.871s] -- Up-to-date: /home/pi/microros_pi_ws/install/micro_ros_setup/./config/freertos/nucleo_f746zg/configure.sh
[1.871s] -- Up-to-date: /home/pi/microros_pi_ws/install/micro_ros_setup/./config/freertos/nucleo_f746zg/client-colcon.meta
[1.872s] -- Up-to-date: /home/pi/microros_pi_ws/install/micro_ros_setup/./config/freertos/nucleo_f746zg/build.sh
[1.873s] -- Up-to-date: /home/pi/microros_pi_ws/install/micro_ros_setup/./config/freertos/nucleo_f746zg/package.xml
[1.873s] -- Up-to-date: /home/pi/microros_pi_ws/install/micro_ros_setup/./config/freertos/nucleo_f746zg/flash.sh
[1.874s] -- Up-to-date: /home/pi/microros_pi_ws/install/micro_ros_setup/./config/freertos/nucleo_f746zg/client_uros_packages.repos
[1.875s] -- Up-to-date: /home/pi/microros_pi_ws/install/micro_ros_setup/./config/freertos/dev_ros2_packages.txt
[1.876s] -- Up-to-date: /home/pi/microros_pi_ws/install/micro_ros_setup/./config/freertos/list_apps.sh
[1.877s] -- Up-to-date: /home/pi/microros_pi_ws/install/micro_ros_setup/./config/freertos/nucleo_f446re
[1.878s] -- Up-to-date: /home/pi/microros_pi_ws/install/micro_ros_setup/./config/freertos/nucleo_f446re/board.repos
[1.878s] -- Up-to-date: /home/pi/microros_pi_ws/install/micro_ros_setup/./config/freertos/nucleo_f446re/create.sh
[1.879s] -- Up-to-date: /home/pi/microros_pi_ws/install/micro_ros_setup/./config/freertos/nucleo_f446re/configure.sh
[1.880s] -- Up-to-date: /home/pi/microros_pi_ws/install/micro_ros_setup/./config/freertos/nucleo_f446re/client-colcon.meta
[1.880s] -- Up-to-date: /home/pi/microros_pi_ws/install/micro_ros_setup/./config/freertos/nucleo_f446re/build.sh
[1.881s] -- Up-to-date: /home/pi/microros_pi_ws/install/micro_ros_setup/./config/freertos/nucleo_f446re/package.xml
[1.882s] -- Up-to-date: /home/pi/microros_pi_ws/install/micro_ros_setup/./config/freertos/nucleo_f446re/flash.sh
[1.884s] -- Up-to-date: /home/pi/microros_pi_ws/install/micro_ros_setup/./config/freertos/nucleo_f446re/client_uros_packages.repos
[1.885s] -- Up-to-date: /home/pi/microros_pi_ws/install/micro_ros_setup/./config/freertos/nucleo_f446ze
[1.886s] -- Up-to-date: /home/pi/microros_pi_ws/install/micro_ros_setup/./config/freertos/nucleo_f446ze/board.repos
[1.887s] -- Up-to-date: /home/pi/microros_pi_ws/install/micro_ros_setup/./config/freertos/nucleo_f446ze/create.sh
[1.887s] -- Up-to-date: /home/pi/microros_pi_ws/install/micro_ros_setup/./config/freertos/nucleo_f446ze/configure.sh
[1.888s] -- Up-to-date: /home/pi/microros_pi_ws/install/micro_ros_setup/./config/freertos/nucleo_f446ze/client-colcon.meta
[1.888s] -- Up-to-date: /home/pi/microros_pi_ws/install/micro_ros_setup/./config/freertos/nucleo_f446ze/build.sh
[1.889s] -- Up-to-date: /home/pi/microros_pi_ws/install/micro_ros_setup/./config/freertos/nucleo_f446ze/package.xml
[1.890s] -- Up-to-date: /home/pi/microros_pi_ws/install/micro_ros_setup/./config/freertos/nucleo_f446ze/flash.sh
[1.891s] -- Up-to-date: /home/pi/microros_pi_ws/install/micro_ros_setup/./config/freertos/nucleo_f446ze/client_uros_packages.repos
[1.892s] -- Up-to-date: /home/pi/microros_pi_ws/install/micro_ros_setup/./config/freertos/esp32
[1.893s] -- Up-to-date: /home/pi/microros_pi_ws/install/micro_ros_setup/./config/freertos/esp32/board.repos
[1.894s] -- Up-to-date: /home/pi/microros_pi_ws/install/micro_ros_setup/./config/freertos/esp32/create.sh
[1.895s] -- Up-to-date: /home/pi/microros_pi_ws/install/micro_ros_setup/./config/freertos/esp32/configure.sh
[1.896s] -- Up-to-date: /home/pi/microros_pi_ws/install/micro_ros_setup/./config/freertos/esp32/client-colcon.meta
[1.896s] -- Up-to-date: /home/pi/microros_pi_ws/install/micro_ros_setup/./config/freertos/esp32/build.sh
[1.897s] -- Up-to-date: /home/pi/microros_pi_ws/install/micro_ros_setup/./config/freertos/esp32/package.xml
[1.898s] -- Up-to-date: /home/pi/microros_pi_ws/install/micro_ros_setup/./config/freertos/esp32/README.md
[1.898s] -- Up-to-date: /home/pi/microros_pi_ws/install/micro_ros_setup/./config/freertos/esp32/flash.sh
[1.899s] -- Up-to-date: /home/pi/microros_pi_ws/install/micro_ros_setup/./config/freertos/esp32/client_uros_packages.repos
[1.899s] -- Up-to-date: /home/pi/microros_pi_ws/install/micro_ros_setup/./config/freertos/crazyflie21
[1.900s] -- Up-to-date: /home/pi/microros_pi_ws/install/micro_ros_setup/./config/freertos/crazyflie21/board.repos
[1.900s] -- Up-to-date: /home/pi/microros_pi_ws/install/micro_ros_setup/./config/freertos/crazyflie21/create.sh
[1.901s] -- Up-to-date: /home/pi/microros_pi_ws/install/micro_ros_setup/./config/freertos/crazyflie21/configure.sh
[1.901s] -- Up-to-date: /home/pi/microros_pi_ws/install/micro_ros_setup/./config/freertos/crazyflie21/client-colcon.meta
[1.902s] -- Up-to-date: /home/pi/microros_pi_ws/install/micro_ros_setup/./config/freertos/crazyflie21/build.sh
[1.902s] -- Up-to-date: /home/pi/microros_pi_ws/install/micro_ros_setup/./config/freertos/crazyflie21/package.xml
[1.903s] -- Up-to-date: /home/pi/microros_pi_ws/install/micro_ros_setup/./config/freertos/crazyflie21/flash.sh
[1.904s] -- Up-to-date: /home/pi/microros_pi_ws/install/micro_ros_setup/./config/freertos/crazyflie21/client_uros_packages.repos
[1.904s] -- Up-to-date: /home/pi/microros_pi_ws/install/micro_ros_setup/./config/freertos/nucleo_f767zi
[1.905s] -- Up-to-date: /home/pi/microros_pi_ws/install/micro_ros_setup/./config/freertos/nucleo_f767zi/board.repos
[1.907s] -- Up-to-date: /home/pi/microros_pi_ws/install/micro_ros_setup/./config/freertos/nucleo_f767zi/create.sh
[1.908s] -- Up-to-date: /home/pi/microros_pi_ws/install/micro_ros_setup/./config/freertos/nucleo_f767zi/configure.sh
[1.909s] -- Up-to-date: /home/pi/microros_pi_ws/install/micro_ros_setup/./config/freertos/nucleo_f767zi/client-colcon.meta
[1.910s] -- Up-to-date: /home/pi/microros_pi_ws/install/micro_ros_setup/./config/freertos/nucleo_f767zi/build.sh
[1.910s] -- Up-to-date: /home/pi/microros_pi_ws/install/micro_ros_setup/./config/freertos/nucleo_f767zi/package.xml
[1.911s] -- Up-to-date: /home/pi/microros_pi_ws/install/micro_ros_setup/./config/freertos/nucleo_f767zi/flash.sh
[1.911s] -- Up-to-date: /home/pi/microros_pi_ws/install/micro_ros_setup/./config/freertos/nucleo_f767zi/client_uros_packages.repos
[1.912s] -- Up-to-date: /home/pi/microros_pi_ws/install/micro_ros_setup/./config/zephyr
[1.912s] -- Up-to-date: /home/pi/microros_pi_ws/install/micro_ros_setup/./config/zephyr/generic
[1.913s] -- Up-to-date: /home/pi/microros_pi_ws/install/micro_ros_setup/./config/zephyr/generic/board.repos
[1.913s] -- Up-to-date: /home/pi/microros_pi_ws/install/micro_ros_setup/./config/zephyr/generic/create.sh
[1.914s] -- Up-to-date: /home/pi/microros_pi_ws/install/micro_ros_setup/./config/zephyr/generic/configure.sh
[1.915s] -- Up-to-date: /home/pi/microros_pi_ws/install/micro_ros_setup/./config/zephyr/generic/client-colcon.meta
[1.915s] -- Up-to-date: /home/pi/microros_pi_ws/install/micro_ros_setup/./config/zephyr/generic/build.sh
[1.916s] -- Up-to-date: /home/pi/microros_pi_ws/install/micro_ros_setup/./config/zephyr/generic/package.xml
[1.916s] -- Up-to-date: /home/pi/microros_pi_ws/install/micro_ros_setup/./config/zephyr/generic/flash.sh
[1.917s] -- Up-to-date: /home/pi/microros_pi_ws/install/micro_ros_setup/./config/zephyr/generic/supported_platforms
[1.918s] -- Up-to-date: /home/pi/microros_pi_ws/install/micro_ros_setup/./config/zephyr/generic/client_uros_packages.repos
[1.919s] -- Up-to-date: /home/pi/microros_pi_ws/install/micro_ros_setup/./config/zephyr/dev_uros_packages.repos
[1.920s] -- Up-to-date: /home/pi/microros_pi_ws/install/micro_ros_setup/./config/zephyr/dev_ros2_packages.txt
[1.920s] -- Up-to-date: /home/pi/microros_pi_ws/install/micro_ros_setup/./config/zephyr/list_apps.sh
[1.921s] -- Up-to-date: /home/pi/microros_pi_ws/install/micro_ros_setup/./config/raspbian
[1.922s] -- Up-to-date: /home/pi/microros_pi_ws/install/micro_ros_setup/./config/raspbian/generic
[1.925s] -- Up-to-date: /home/pi/microros_pi_ws/install/micro_ros_setup/./config/raspbian/generic/create.sh
[1.926s] -- Up-to-date: /home/pi/microros_pi_ws/install/micro_ros_setup/./config/raspbian/generic/configure.sh
[1.927s] -- Up-to-date: /home/pi/microros_pi_ws/install/micro_ros_setup/./config/raspbian/generic/client-colcon.meta
[1.928s] -- Up-to-date: /home/pi/microros_pi_ws/install/micro_ros_setup/./config/raspbian/generic/build.sh
[1.929s] -- Up-to-date: /home/pi/microros_pi_ws/install/micro_ros_setup/./config/raspbian/generic/flash.sh
[1.929s] -- Up-to-date: /home/pi/microros_pi_ws/install/micro_ros_setup/./config/raspbian/generic/supported_platforms
[1.931s] -- Up-to-date: /home/pi/microros_pi_ws/install/micro_ros_setup/./config/raspbian/generic/client_uros_packages.repos
[1.932s] -- Up-to-date: /home/pi/microros_pi_ws/install/micro_ros_setup/./config/raspbian/dev_uros_packages.repos
[1.934s] -- Up-to-date: /home/pi/microros_pi_ws/install/micro_ros_setup/./config/raspbian/dev_ros2_packages.txt
[1.935s] -- Up-to-date: /home/pi/microros_pi_ws/install/micro_ros_setup/./config/utils.sh
[1.936s] -- Up-to-date: /home/pi/microros_pi_ws/install/micro_ros_setup/./config/renesas_ra
[1.937s] -- Up-to-date: /home/pi/microros_pi_ws/install/micro_ros_setup/./config/renesas_ra/dev_uros_packages.repos
[1.938s] -- Up-to-date: /home/pi/microros_pi_ws/install/micro_ros_setup/./config/renesas_ra/ra6m5
[1.939s] -- Up-to-date: /home/pi/microros_pi_ws/install/micro_ros_setup/./config/renesas_ra/ra6m5/board.repos
[1.940s] -- Up-to-date: /home/pi/microros_pi_ws/install/micro_ros_setup/./config/renesas_ra/ra6m5/create.sh
[1.941s] -- Up-to-date: /home/pi/microros_pi_ws/install/micro_ros_setup/./config/renesas_ra/ra6m5/configure.sh
[1.942s] -- Up-to-date: /home/pi/microros_pi_ws/install/micro_ros_setup/./config/renesas_ra/ra6m5/client-colcon.meta
[1.944s] -- Up-to-date: /home/pi/microros_pi_ws/install/micro_ros_setup/./config/renesas_ra/ra6m5/build.sh
[1.945s] -- Up-to-date: /home/pi/microros_pi_ws/install/micro_ros_setup/./config/renesas_ra/ra6m5/flash.sh
[1.945s] -- Up-to-date: /home/pi/microros_pi_ws/install/micro_ros_setup/./config/renesas_ra/ra6m5/client_uros_packages.repos
[1.946s] -- Up-to-date: /home/pi/microros_pi_ws/install/micro_ros_setup/./config/renesas_ra/dev_ros2_packages.txt
[1.948s] -- Up-to-date: /home/pi/microros_pi_ws/install/micro_ros_setup/./config/renesas_ra/list_apps.sh
[1.950s] -- Up-to-date: /home/pi/microros_pi_ws/install/micro_ros_setup/./config/client_ros2_packages.txt
[1.951s] -- Up-to-date: /home/pi/microros_pi_ws/install/micro_ros_setup/./config/client_uros_packages.repos
[1.951s] -- Up-to-date: /home/pi/microros_pi_ws/install/micro_ros_setup/./config/android
[1.952s] -- Up-to-date: /home/pi/microros_pi_ws/install/micro_ros_setup/./config/android/generic
[1.953s] -- Up-to-date: /home/pi/microros_pi_ws/install/micro_ros_setup/./config/android/generic/create.sh
[1.954s] -- Up-to-date: /home/pi/microros_pi_ws/install/micro_ros_setup/./config/android/generic/client-colcon.meta
[1.955s] -- Up-to-date: /home/pi/microros_pi_ws/install/micro_ros_setup/./config/android/generic/build.sh
[1.956s] -- Up-to-date: /home/pi/microros_pi_ws/install/micro_ros_setup/./config/android/generic/package.xml
[1.956s] -- Up-to-date: /home/pi/microros_pi_ws/install/micro_ros_setup/./config/android/generic/flash.sh
[1.957s] -- Up-to-date: /home/pi/microros_pi_ws/install/micro_ros_setup/./config/android/generic/client_uros_packages.repos
[1.958s] -- Up-to-date: /home/pi/microros_pi_ws/install/micro_ros_setup/./config/android/dev_uros_packages.repos
[1.959s] -- Up-to-date: /home/pi/microros_pi_ws/install/micro_ros_setup/./config/android/dev_ros2_packages.txt
[1.959s] -- Up-to-date: /home/pi/microros_pi_ws/install/micro_ros_setup/lib/micro_ros_setup/create_ws.sh
[1.960s] -- Up-to-date: /home/pi/microros_pi_ws/install/micro_ros_setup/lib/micro_ros_setup/create_agent_ws.sh
[1.967s] -- Up-to-date: /home/pi/microros_pi_ws/install/micro_ros_setup/lib/micro_ros_setup/create_firmware_ws.sh
[1.969s] -- Up-to-date: /home/pi/microros_pi_ws/install/micro_ros_setup/lib/micro_ros_setup/configure_firmware.sh
[1.972s] -- Up-to-date: /home/pi/microros_pi_ws/install/micro_ros_setup/lib/micro_ros_setup/flash_firmware.sh
[1.975s] -- Up-to-date: /home/pi/microros_pi_ws/install/micro_ros_setup/lib/micro_ros_setup/build_firmware.sh
[1.978s] -- Up-to-date: /home/pi/microros_pi_ws/install/micro_ros_setup/lib/micro_ros_setup/build_agent.sh
[1.980s] -- Up-to-date: /home/pi/microros_pi_ws/install/micro_ros_setup/lib/micro_ros_setup/yaml_filter.py
[1.981s] -- Up-to-date: /home/pi/microros_pi_ws/install/micro_ros_setup/lib/micro_ros_setup/clean_env.sh
[1.984s] -- Up-to-date: /home/pi/microros_pi_ws/install/micro_ros_setup/lib/micro_ros_setup/component
[1.992s] Invoked command in '/home/pi/microros_pi_ws/build/micro_ros_setup' returned '0': CMAKE_PREFIX_PATH=${CMAKE_PREFIX_PATH}:/home/pi/microros_pi_ws/install/motor_control:/opt/ros/humble /usr/bin/cmake --install /home/pi/microros_pi_ws/build/micro_ros_setup
