[7.158s] Invoking command in '/home/pi/ros2_pi_ws/src/camera_publisher': PYTHONPATH=/home/pi/ros2_pi_ws/build/camera_publisher/prefix_override:/usr/lib/python3/dist-packages/colcon_core/task/python/colcon_distutils_commands:/home/pi/ros2_pi_ws/install/camera_publisher/lib/python3.10/site-packages:${PYTHONPATH} /usr/bin/python3 -W ignore:setup.py install is deprecated -W ignore:easy_install command is deprecated setup.py egg_info --egg-base ../../build/camera_publisher build --build-base /home/pi/ros2_pi_ws/build/camera_publisher/build install --record /home/pi/ros2_pi_ws/build/camera_publisher/install.log --single-version-externally-managed install_data
[9.801s] running egg_info
[9.807s] writing ../../build/camera_publisher/camera_publisher.egg-info/PKG-INFO
[9.809s] writing dependency_links to ../../build/camera_publisher/camera_publisher.egg-info/dependency_links.txt
[9.811s] writing entry points to ../../build/camera_publisher/camera_publisher.egg-info/entry_points.txt
[9.812s] writing requirements to ../../build/camera_publisher/camera_publisher.egg-info/requires.txt
[9.814s] writing top-level names to ../../build/camera_publisher/camera_publisher.egg-info/top_level.txt
[9.826s] reading manifest file '../../build/camera_publisher/camera_publisher.egg-info/SOURCES.txt'
[9.831s] writing manifest file '../../build/camera_publisher/camera_publisher.egg-info/SOURCES.txt'
[9.832s] running build
[9.833s] running build_py
[9.836s] running install
[9.838s] running install_lib
[9.858s] running install_data
[9.860s] running install_egg_info
[9.880s] removing '/home/pi/ros2_pi_ws/install/camera_publisher/lib/python3.10/site-packages/camera_publisher-0.0.0-py3.10.egg-info' (and everything under it)
[9.920s] Copying ../../build/camera_publisher/camera_publisher.egg-info to /home/pi/ros2_pi_ws/install/camera_publisher/lib/python3.10/site-packages/camera_publisher-0.0.0-py3.10.egg-info
[9.922s] running install_scripts
[10.068s] Installing camera_node script to /home/pi/ros2_pi_ws/install/camera_publisher/lib/camera_publisher
[10.070s] writing list of installed files to '/home/pi/ros2_pi_ws/build/camera_publisher/install.log'
[10.458s] Invoked command in '/home/pi/ros2_pi_ws/src/camera_publisher' returned '0': PYTHONPATH=/home/pi/ros2_pi_ws/build/camera_publisher/prefix_override:/usr/lib/python3/dist-packages/colcon_core/task/python/colcon_distutils_commands:/home/pi/ros2_pi_ws/install/camera_publisher/lib/python3.10/site-packages:${PYTHONPATH} /usr/bin/python3 -W ignore:setup.py install is deprecated -W ignore:easy_install command is deprecated setup.py egg_info --egg-base ../../build/camera_publisher build --build-base /home/pi/ros2_pi_ws/build/camera_publisher/build install --record /home/pi/ros2_pi_ws/build/camera_publisher/install.log --single-version-externally-managed install_data
