[0.115s] Invoking command in '/home/pi/microros_pi_ws/build/micro_ros_setup': CMAKE_PREFIX_PATH=${CMAKE_PREFIX_PATH}:/home/pi/microros_pi_ws/install/motor_control:/opt/ros/humble /usr/bin/cmake /home/pi/microros_pi_ws/src/micro_ros_setup -DCMAKE_INSTALL_PREFIX=/home/pi/microros_pi_ws/install/micro_ros_setup
[1.318s] -- The C compiler identification is GNU 11.4.0
[2.133s] -- The CXX compiler identification is GNU 11.4.0
[2.183s] -- Detecting C compiler ABI info
[2.632s] -- Detecting C compiler ABI info - done
[2.658s] -- Check for working C compiler: /usr/bin/cc - skipped
[2.661s] -- Detecting C compile features
[2.665s] -- Detecting C compile features - done
[2.681s] -- Detecting CXX compiler ABI info
[3.146s] -- Detecting CXX compiler ABI info - done
[3.176s] -- Check for working CXX compiler: /usr/bin/c++ - skipped
[3.177s] -- Detecting CXX compile features
[3.179s] -- Detecting CXX compile features - done
[3.229s] -- Found ament_cmake: 1.3.11 (/opt/ros/humble/share/ament_cmake/cmake)
[4.361s] -- Found Python3: /usr/bin/python3 (found version "3.10.12") found components: Interpreter 
[5.207s] -- Found ament_lint_auto: 0.12.11 (/opt/ros/humble/share/ament_lint_auto/cmake)
[5.779s] -- Added test 'copyright' to check source files copyright and LICENSE
[6.101s] -- Added test 'flake8' to check Python code syntax and style conventions
[6.137s] -- Added test 'lint_cmake' to check CMake code style
[6.157s] -- Added test 'pep257' to check Python code against some of the docstring style conventions in PEP 257
[6.300s] -- Added test 'xmllint' to check XML markup files
[6.313s] -- Configuring done
[6.341s] -- Generating done
[6.359s] -- Build files have been written to: /home/pi/microros_pi_ws/build/micro_ros_setup
[6.385s] Invoked command in '/home/pi/microros_pi_ws/build/micro_ros_setup' returned '0': CMAKE_PREFIX_PATH=${CMAKE_PREFIX_PATH}:/home/pi/microros_pi_ws/install/motor_control:/opt/ros/humble /usr/bin/cmake /home/pi/microros_pi_ws/src/micro_ros_setup -DCMAKE_INSTALL_PREFIX=/home/pi/microros_pi_ws/install/micro_ros_setup
[6.398s] Invoking command in '/home/pi/microros_pi_ws/build/micro_ros_setup': CMAKE_PREFIX_PATH=${CMAKE_PREFIX_PATH}:/home/pi/microros_pi_ws/install/motor_control:/opt/ros/humble /usr/bin/cmake --build /home/pi/microros_pi_ws/build/micro_ros_setup -- -j4 -l4
[6.575s] Invoked command in '/home/pi/microros_pi_ws/build/micro_ros_setup' returned '0': CMAKE_PREFIX_PATH=${CMAKE_PREFIX_PATH}:/home/pi/microros_pi_ws/install/motor_control:/opt/ros/humble /usr/bin/cmake --build /home/pi/microros_pi_ws/build/micro_ros_setup -- -j4 -l4
[6.623s] Invoking command in '/home/pi/microros_pi_ws/build/micro_ros_setup': CMAKE_PREFIX_PATH=${CMAKE_PREFIX_PATH}:/home/pi/microros_pi_ws/install/motor_control:/opt/ros/humble /usr/bin/cmake --install /home/pi/microros_pi_ws/build/micro_ros_setup
[6.659s] -- Install configuration: ""
[6.661s] -- Installing: /home/pi/microros_pi_ws/install/micro_ros_setup/share/ament_index/resource_index/package_run_dependencies/micro_ros_setup
[6.664s] -- Installing: /home/pi/microros_pi_ws/install/micro_ros_setup/share/ament_index/resource_index/parent_prefix_path/micro_ros_setup
[6.667s] -- Up-to-date: /home/pi/microros_pi_ws/install/micro_ros_setup/share/micro_ros_setup/environment/ament_prefix_path.sh
[6.669s] -- Installing: /home/pi/microros_pi_ws/install/micro_ros_setup/share/micro_ros_setup/environment/ament_prefix_path.dsv
[6.671s] -- Up-to-date: /home/pi/microros_pi_ws/install/micro_ros_setup/share/micro_ros_setup/environment/path.sh
[6.673s] -- Installing: /home/pi/microros_pi_ws/install/micro_ros_setup/share/micro_ros_setup/environment/path.dsv
[6.676s] -- Installing: /home/pi/microros_pi_ws/install/micro_ros_setup/share/micro_ros_setup/local_setup.bash
[6.679s] -- Installing: /home/pi/microros_pi_ws/install/micro_ros_setup/share/micro_ros_setup/local_setup.sh
[6.681s] -- Installing: /home/pi/microros_pi_ws/install/micro_ros_setup/share/micro_ros_setup/local_setup.zsh
[6.684s] -- Installing: /home/pi/microros_pi_ws/install/micro_ros_setup/share/micro_ros_setup/local_setup.dsv
[6.687s] -- Installing: /home/pi/microros_pi_ws/install/micro_ros_setup/share/micro_ros_setup/package.dsv
[6.690s] -- Installing: /home/pi/microros_pi_ws/install/micro_ros_setup/share/ament_index/resource_index/packages/micro_ros_setup
[6.693s] -- Installing: /home/pi/microros_pi_ws/install/micro_ros_setup/share/micro_ros_setup/cmake/micro_ros_setupConfig.cmake
[6.697s] -- Installing: /home/pi/microros_pi_ws/install/micro_ros_setup/share/micro_ros_setup/cmake/micro_ros_setupConfig-version.cmake
[6.699s] -- Up-to-date: /home/pi/microros_pi_ws/install/micro_ros_setup/share/micro_ros_setup/package.xml
[6.701s] -- Up-to-date: /home/pi/microros_pi_ws/install/micro_ros_setup/./config
[6.703s] -- Up-to-date: /home/pi/microros_pi_ws/install/micro_ros_setup/./config/generate_lib
[6.707s] -- Up-to-date: /home/pi/microros_pi_ws/install/micro_ros_setup/./config/generate_lib/generic
[6.709s] -- Up-to-date: /home/pi/microros_pi_ws/install/micro_ros_setup/./config/generate_lib/generic/create.sh
[6.712s] -- Up-to-date: /home/pi/microros_pi_ws/install/micro_ros_setup/./config/generate_lib/generic/client-colcon.meta
[6.714s] -- Up-to-date: /home/pi/microros_pi_ws/install/micro_ros_setup/./config/generate_lib/generic/build.sh
[6.715s] -- Up-to-date: /home/pi/microros_pi_ws/install/micro_ros_setup/./config/generate_lib/generic/package.xml
[6.717s] -- Up-to-date: /home/pi/microros_pi_ws/install/micro_ros_setup/./config/generate_lib/generic/flash.sh
[6.717s] -- Up-to-date: /home/pi/microros_pi_ws/install/micro_ros_setup/./config/generate_lib/generic/demo_toolchain.cmake
[6.718s] -- Up-to-date: /home/pi/microros_pi_ws/install/micro_ros_setup/./config/generate_lib/generic/client_uros_packages.repos
[6.720s] -- Up-to-date: /home/pi/microros_pi_ws/install/micro_ros_setup/./config/generate_lib/dev_uros_packages.repos
[6.721s] -- Up-to-date: /home/pi/microros_pi_ws/install/micro_ros_setup/./config/generate_lib/dev_ros2_packages.txt
[6.722s] -- Up-to-date: /home/pi/microros_pi_ws/install/micro_ros_setup/./config/host
[6.723s] -- Up-to-date: /home/pi/microros_pi_ws/install/micro_ros_setup/./config/host/generic
[6.723s] -- Up-to-date: /home/pi/microros_pi_ws/install/micro_ros_setup/./config/host/generic/client-host-colcon.meta
[6.724s] -- Up-to-date: /home/pi/microros_pi_ws/install/micro_ros_setup/./config/host/generic/create.sh
[6.725s] -- Up-to-date: /home/pi/microros_pi_ws/install/micro_ros_setup/./config/host/generic/build.sh
[6.725s] -- Up-to-date: /home/pi/microros_pi_ws/install/micro_ros_setup/./config/host/generic/package.xml
[6.726s] -- Up-to-date: /home/pi/microros_pi_ws/install/micro_ros_setup/./config/host/generic/flash.sh
[6.726s] -- Up-to-date: /home/pi/microros_pi_ws/install/micro_ros_setup/./config/host/generic/client_host_packages.repos
[6.727s] -- Up-to-date: /home/pi/microros_pi_ws/install/micro_ros_setup/./config/host/dev_uros_packages.repos
[6.727s] -- Up-to-date: /home/pi/microros_pi_ws/install/micro_ros_setup/./config/host/dev_ros2_packages.txt
[6.728s] -- Up-to-date: /home/pi/microros_pi_ws/install/micro_ros_setup/./config/host/client_ros2_packages.txt
[6.730s] -- Up-to-date: /home/pi/microros_pi_ws/install/micro_ros_setup/./config/mbed
[6.731s] -- Up-to-date: /home/pi/microros_pi_ws/install/micro_ros_setup/./config/mbed/generic
[6.732s] -- Up-to-date: /home/pi/microros_pi_ws/install/micro_ros_setup/./config/mbed/generic/board.repos
[6.732s] -- Up-to-date: /home/pi/microros_pi_ws/install/micro_ros_setup/./config/mbed/generic/create.sh
[6.733s] -- Up-to-date: /home/pi/microros_pi_ws/install/micro_ros_setup/./config/mbed/generic/build.sh
[6.733s] -- Up-to-date: /home/pi/microros_pi_ws/install/micro_ros_setup/./config/mbed/generic/package.xml
[6.734s] -- Up-to-date: /home/pi/microros_pi_ws/install/micro_ros_setup/./config/mbed/generic/flash.sh
[6.735s] -- Up-to-date: /home/pi/microros_pi_ws/install/micro_ros_setup/./config/mbed/generic/supported_platforms
[6.735s] -- Up-to-date: /home/pi/microros_pi_ws/install/micro_ros_setup/./config/mbed/generic/client_uros_packages.repos
[6.736s] -- Up-to-date: /home/pi/microros_pi_ws/install/micro_ros_setup/./config/mbed/dev_uros_packages.repos
[6.738s] -- Up-to-date: /home/pi/microros_pi_ws/install/micro_ros_setup/./config/mbed/dev_ros2_packages.txt
[6.738s] -- Up-to-date: /home/pi/microros_pi_ws/install/micro_ros_setup/./config/mbed/list_apps.sh
[6.741s] -- Up-to-date: /home/pi/microros_pi_ws/install/micro_ros_setup/./config/agent_uros_packages.repos
[6.741s] -- Up-to-date: /home/pi/microros_pi_ws/install/micro_ros_setup/./config/agent_ros2_packages.txt
[6.744s] -- Up-to-date: /home/pi/microros_pi_ws/install/micro_ros_setup/./config/freertos
[6.745s] -- Up-to-date: /home/pi/microros_pi_ws/install/micro_ros_setup/./config/freertos/olimex-stm32-e407
[6.747s] -- Up-to-date: /home/pi/microros_pi_ws/install/micro_ros_setup/./config/freertos/olimex-stm32-e407/board.repos
[6.748s] -- Up-to-date: /home/pi/microros_pi_ws/install/micro_ros_setup/./config/freertos/olimex-stm32-e407/create.sh
[6.749s] -- Up-to-date: /home/pi/microros_pi_ws/install/micro_ros_setup/./config/freertos/olimex-stm32-e407/configure.sh
[6.749s] -- Up-to-date: /home/pi/microros_pi_ws/install/micro_ros_setup/./config/freertos/olimex-stm32-e407/client-colcon.meta
[6.750s] -- Up-to-date: /home/pi/microros_pi_ws/install/micro_ros_setup/./config/freertos/olimex-stm32-e407/build.sh
[6.750s] -- Up-to-date: /home/pi/microros_pi_ws/install/micro_ros_setup/./config/freertos/olimex-stm32-e407/package.xml
[6.751s] -- Up-to-date: /home/pi/microros_pi_ws/install/micro_ros_setup/./config/freertos/olimex-stm32-e407/flash.sh
[6.751s] -- Up-to-date: /home/pi/microros_pi_ws/install/micro_ros_setup/./config/freertos/olimex-stm32-e407/client_uros_packages.repos
[6.753s] -- Up-to-date: /home/pi/microros_pi_ws/install/micro_ros_setup/./config/freertos/dev_uros_packages.repos
[6.753s] -- Up-to-date: /home/pi/microros_pi_ws/install/micro_ros_setup/./config/freertos/nucleo_f746zg
[6.754s] -- Up-to-date: /home/pi/microros_pi_ws/install/micro_ros_setup/./config/freertos/nucleo_f746zg/board.repos
[6.756s] -- Up-to-date: /home/pi/microros_pi_ws/install/micro_ros_setup/./config/freertos/nucleo_f746zg/create.sh
[6.757s] -- Up-to-date: /home/pi/microros_pi_ws/install/micro_ros_setup/./config/freertos/nucleo_f746zg/configure.sh
[6.759s] -- Up-to-date: /home/pi/microros_pi_ws/install/micro_ros_setup/./config/freertos/nucleo_f746zg/client-colcon.meta
[6.760s] -- Up-to-date: /home/pi/microros_pi_ws/install/micro_ros_setup/./config/freertos/nucleo_f746zg/build.sh
[6.763s] -- Up-to-date: /home/pi/microros_pi_ws/install/micro_ros_setup/./config/freertos/nucleo_f746zg/package.xml
[6.764s] -- Up-to-date: /home/pi/microros_pi_ws/install/micro_ros_setup/./config/freertos/nucleo_f746zg/flash.sh
[6.764s] -- Up-to-date: /home/pi/microros_pi_ws/install/micro_ros_setup/./config/freertos/nucleo_f746zg/client_uros_packages.repos
[6.767s] -- Up-to-date: /home/pi/microros_pi_ws/install/micro_ros_setup/./config/freertos/dev_ros2_packages.txt
[6.767s] -- Up-to-date: /home/pi/microros_pi_ws/install/micro_ros_setup/./config/freertos/list_apps.sh
[6.768s] -- Up-to-date: /home/pi/microros_pi_ws/install/micro_ros_setup/./config/freertos/nucleo_f446re
[6.771s] -- Up-to-date: /home/pi/microros_pi_ws/install/micro_ros_setup/./config/freertos/nucleo_f446re/board.repos
[6.771s] -- Up-to-date: /home/pi/microros_pi_ws/install/micro_ros_setup/./config/freertos/nucleo_f446re/create.sh
[6.772s] -- Up-to-date: /home/pi/microros_pi_ws/install/micro_ros_setup/./config/freertos/nucleo_f446re/configure.sh
[6.775s] -- Up-to-date: /home/pi/microros_pi_ws/install/micro_ros_setup/./config/freertos/nucleo_f446re/client-colcon.meta
[6.775s] -- Up-to-date: /home/pi/microros_pi_ws/install/micro_ros_setup/./config/freertos/nucleo_f446re/build.sh
[6.775s] -- Up-to-date: /home/pi/microros_pi_ws/install/micro_ros_setup/./config/freertos/nucleo_f446re/package.xml
[6.776s] -- Up-to-date: /home/pi/microros_pi_ws/install/micro_ros_setup/./config/freertos/nucleo_f446re/flash.sh
[6.779s] -- Up-to-date: /home/pi/microros_pi_ws/install/micro_ros_setup/./config/freertos/nucleo_f446re/client_uros_packages.repos
[6.780s] -- Up-to-date: /home/pi/microros_pi_ws/install/micro_ros_setup/./config/freertos/nucleo_f446ze
[6.784s] -- Up-to-date: /home/pi/microros_pi_ws/install/micro_ros_setup/./config/freertos/nucleo_f446ze/board.repos
[6.785s] -- Up-to-date: /home/pi/microros_pi_ws/install/micro_ros_setup/./config/freertos/nucleo_f446ze/create.sh
[6.786s] -- Up-to-date: /home/pi/microros_pi_ws/install/micro_ros_setup/./config/freertos/nucleo_f446ze/configure.sh
[6.786s] -- Up-to-date: /home/pi/microros_pi_ws/install/micro_ros_setup/./config/freertos/nucleo_f446ze/client-colcon.meta
[6.787s] -- Up-to-date: /home/pi/microros_pi_ws/install/micro_ros_setup/./config/freertos/nucleo_f446ze/build.sh
[6.788s] -- Up-to-date: /home/pi/microros_pi_ws/install/micro_ros_setup/./config/freertos/nucleo_f446ze/package.xml
[6.790s] -- Up-to-date: /home/pi/microros_pi_ws/install/micro_ros_setup/./config/freertos/nucleo_f446ze/flash.sh
[6.792s] -- Up-to-date: /home/pi/microros_pi_ws/install/micro_ros_setup/./config/freertos/nucleo_f446ze/client_uros_packages.repos
[6.794s] -- Up-to-date: /home/pi/microros_pi_ws/install/micro_ros_setup/./config/freertos/esp32
[6.796s] -- Up-to-date: /home/pi/microros_pi_ws/install/micro_ros_setup/./config/freertos/esp32/board.repos
[6.802s] -- Up-to-date: /home/pi/microros_pi_ws/install/micro_ros_setup/./config/freertos/esp32/create.sh
[6.803s] -- Up-to-date: /home/pi/microros_pi_ws/install/micro_ros_setup/./config/freertos/esp32/configure.sh
[6.813s] -- Up-to-date: /home/pi/microros_pi_ws/install/micro_ros_setup/./config/freertos/esp32/client-colcon.meta
[6.814s] -- Up-to-date: /home/pi/microros_pi_ws/install/micro_ros_setup/./config/freertos/esp32/build.sh
[6.823s] -- Up-to-date: /home/pi/microros_pi_ws/install/micro_ros_setup/./config/freertos/esp32/package.xml
[6.824s] -- Up-to-date: /home/pi/microros_pi_ws/install/micro_ros_setup/./config/freertos/esp32/README.md
[6.824s] -- Up-to-date: /home/pi/microros_pi_ws/install/micro_ros_setup/./config/freertos/esp32/flash.sh
[6.825s] -- Up-to-date: /home/pi/microros_pi_ws/install/micro_ros_setup/./config/freertos/esp32/client_uros_packages.repos
[6.825s] -- Up-to-date: /home/pi/microros_pi_ws/install/micro_ros_setup/./config/freertos/crazyflie21
[6.826s] -- Up-to-date: /home/pi/microros_pi_ws/install/micro_ros_setup/./config/freertos/crazyflie21/board.repos
[6.826s] -- Up-to-date: /home/pi/microros_pi_ws/install/micro_ros_setup/./config/freertos/crazyflie21/create.sh
[6.827s] -- Up-to-date: /home/pi/microros_pi_ws/install/micro_ros_setup/./config/freertos/crazyflie21/configure.sh
[6.827s] -- Up-to-date: /home/pi/microros_pi_ws/install/micro_ros_setup/./config/freertos/crazyflie21/client-colcon.meta
[6.828s] -- Up-to-date: /home/pi/microros_pi_ws/install/micro_ros_setup/./config/freertos/crazyflie21/build.sh
[6.828s] -- Up-to-date: /home/pi/microros_pi_ws/install/micro_ros_setup/./config/freertos/crazyflie21/package.xml
[6.829s] -- Up-to-date: /home/pi/microros_pi_ws/install/micro_ros_setup/./config/freertos/crazyflie21/flash.sh
[6.830s] -- Up-to-date: /home/pi/microros_pi_ws/install/micro_ros_setup/./config/freertos/crazyflie21/client_uros_packages.repos
[6.831s] -- Up-to-date: /home/pi/microros_pi_ws/install/micro_ros_setup/./config/freertos/nucleo_f767zi
[6.833s] -- Up-to-date: /home/pi/microros_pi_ws/install/micro_ros_setup/./config/freertos/nucleo_f767zi/board.repos
[6.833s] -- Up-to-date: /home/pi/microros_pi_ws/install/micro_ros_setup/./config/freertos/nucleo_f767zi/create.sh
[6.834s] -- Up-to-date: /home/pi/microros_pi_ws/install/micro_ros_setup/./config/freertos/nucleo_f767zi/configure.sh
[6.835s] -- Up-to-date: /home/pi/microros_pi_ws/install/micro_ros_setup/./config/freertos/nucleo_f767zi/client-colcon.meta
[6.836s] -- Up-to-date: /home/pi/microros_pi_ws/install/micro_ros_setup/./config/freertos/nucleo_f767zi/build.sh
[6.837s] -- Up-to-date: /home/pi/microros_pi_ws/install/micro_ros_setup/./config/freertos/nucleo_f767zi/package.xml
[6.838s] -- Up-to-date: /home/pi/microros_pi_ws/install/micro_ros_setup/./config/freertos/nucleo_f767zi/flash.sh
[6.840s] -- Up-to-date: /home/pi/microros_pi_ws/install/micro_ros_setup/./config/freertos/nucleo_f767zi/client_uros_packages.repos
[6.842s] -- Up-to-date: /home/pi/microros_pi_ws/install/micro_ros_setup/./config/zephyr
[6.843s] -- Up-to-date: /home/pi/microros_pi_ws/install/micro_ros_setup/./config/zephyr/generic
[6.843s] -- Up-to-date: /home/pi/microros_pi_ws/install/micro_ros_setup/./config/zephyr/generic/board.repos
[6.844s] -- Up-to-date: /home/pi/microros_pi_ws/install/micro_ros_setup/./config/zephyr/generic/create.sh
[6.845s] -- Up-to-date: /home/pi/microros_pi_ws/install/micro_ros_setup/./config/zephyr/generic/configure.sh
[6.846s] -- Up-to-date: /home/pi/microros_pi_ws/install/micro_ros_setup/./config/zephyr/generic/client-colcon.meta
[6.846s] -- Up-to-date: /home/pi/microros_pi_ws/install/micro_ros_setup/./config/zephyr/generic/build.sh
[6.847s] -- Up-to-date: /home/pi/microros_pi_ws/install/micro_ros_setup/./config/zephyr/generic/package.xml
[6.848s] -- Up-to-date: /home/pi/microros_pi_ws/install/micro_ros_setup/./config/zephyr/generic/flash.sh
[6.848s] -- Up-to-date: /home/pi/microros_pi_ws/install/micro_ros_setup/./config/zephyr/generic/supported_platforms
[6.849s] -- Up-to-date: /home/pi/microros_pi_ws/install/micro_ros_setup/./config/zephyr/generic/client_uros_packages.repos
[6.850s] -- Up-to-date: /home/pi/microros_pi_ws/install/micro_ros_setup/./config/zephyr/dev_uros_packages.repos
[6.851s] -- Up-to-date: /home/pi/microros_pi_ws/install/micro_ros_setup/./config/zephyr/dev_ros2_packages.txt
[6.853s] -- Up-to-date: /home/pi/microros_pi_ws/install/micro_ros_setup/./config/zephyr/list_apps.sh
[6.854s] -- Up-to-date: /home/pi/microros_pi_ws/install/micro_ros_setup/./config/raspbian
[6.855s] -- Up-to-date: /home/pi/microros_pi_ws/install/micro_ros_setup/./config/raspbian/generic
[6.856s] -- Up-to-date: /home/pi/microros_pi_ws/install/micro_ros_setup/./config/raspbian/generic/create.sh
[6.856s] -- Up-to-date: /home/pi/microros_pi_ws/install/micro_ros_setup/./config/raspbian/generic/configure.sh
[6.857s] -- Up-to-date: /home/pi/microros_pi_ws/install/micro_ros_setup/./config/raspbian/generic/client-colcon.meta
[6.859s] -- Up-to-date: /home/pi/microros_pi_ws/install/micro_ros_setup/./config/raspbian/generic/build.sh
[6.860s] -- Up-to-date: /home/pi/microros_pi_ws/install/micro_ros_setup/./config/raspbian/generic/flash.sh
[6.861s] -- Up-to-date: /home/pi/microros_pi_ws/install/micro_ros_setup/./config/raspbian/generic/supported_platforms
[6.861s] -- Up-to-date: /home/pi/microros_pi_ws/install/micro_ros_setup/./config/raspbian/generic/client_uros_packages.repos
[6.862s] -- Up-to-date: /home/pi/microros_pi_ws/install/micro_ros_setup/./config/raspbian/dev_uros_packages.repos
[6.862s] -- Up-to-date: /home/pi/microros_pi_ws/install/micro_ros_setup/./config/raspbian/dev_ros2_packages.txt
[6.863s] -- Up-to-date: /home/pi/microros_pi_ws/install/micro_ros_setup/./config/utils.sh
[6.863s] -- Up-to-date: /home/pi/microros_pi_ws/install/micro_ros_setup/./config/renesas_ra
[6.865s] -- Up-to-date: /home/pi/microros_pi_ws/install/micro_ros_setup/./config/renesas_ra/dev_uros_packages.repos
[6.866s] -- Up-to-date: /home/pi/microros_pi_ws/install/micro_ros_setup/./config/renesas_ra/ra6m5
[6.867s] -- Up-to-date: /home/pi/microros_pi_ws/install/micro_ros_setup/./config/renesas_ra/ra6m5/board.repos
[6.867s] -- Up-to-date: /home/pi/microros_pi_ws/install/micro_ros_setup/./config/renesas_ra/ra6m5/create.sh
[6.868s] -- Up-to-date: /home/pi/microros_pi_ws/install/micro_ros_setup/./config/renesas_ra/ra6m5/configure.sh
[6.869s] -- Up-to-date: /home/pi/microros_pi_ws/install/micro_ros_setup/./config/renesas_ra/ra6m5/client-colcon.meta
[6.870s] -- Up-to-date: /home/pi/microros_pi_ws/install/micro_ros_setup/./config/renesas_ra/ra6m5/build.sh
[6.870s] -- Up-to-date: /home/pi/microros_pi_ws/install/micro_ros_setup/./config/renesas_ra/ra6m5/flash.sh
[6.871s] -- Up-to-date: /home/pi/microros_pi_ws/install/micro_ros_setup/./config/renesas_ra/ra6m5/client_uros_packages.repos
[6.871s] -- Up-to-date: /home/pi/microros_pi_ws/install/micro_ros_setup/./config/renesas_ra/dev_ros2_packages.txt
[6.872s] -- Up-to-date: /home/pi/microros_pi_ws/install/micro_ros_setup/./config/renesas_ra/list_apps.sh
[6.872s] -- Up-to-date: /home/pi/microros_pi_ws/install/micro_ros_setup/./config/client_ros2_packages.txt
[6.873s] -- Up-to-date: /home/pi/microros_pi_ws/install/micro_ros_setup/./config/client_uros_packages.repos
[6.874s] -- Up-to-date: /home/pi/microros_pi_ws/install/micro_ros_setup/./config/android
[6.875s] -- Up-to-date: /home/pi/microros_pi_ws/install/micro_ros_setup/./config/android/generic
[6.875s] -- Up-to-date: /home/pi/microros_pi_ws/install/micro_ros_setup/./config/android/generic/create.sh
[6.876s] -- Up-to-date: /home/pi/microros_pi_ws/install/micro_ros_setup/./config/android/generic/client-colcon.meta
[6.877s] -- Up-to-date: /home/pi/microros_pi_ws/install/micro_ros_setup/./config/android/generic/build.sh
[6.878s] -- Up-to-date: /home/pi/microros_pi_ws/install/micro_ros_setup/./config/android/generic/package.xml
[6.878s] -- Up-to-date: /home/pi/microros_pi_ws/install/micro_ros_setup/./config/android/generic/flash.sh
[6.879s] -- Up-to-date: /home/pi/microros_pi_ws/install/micro_ros_setup/./config/android/generic/client_uros_packages.repos
[6.879s] -- Up-to-date: /home/pi/microros_pi_ws/install/micro_ros_setup/./config/android/dev_uros_packages.repos
[6.881s] -- Up-to-date: /home/pi/microros_pi_ws/install/micro_ros_setup/./config/android/dev_ros2_packages.txt
[6.882s] -- Up-to-date: /home/pi/microros_pi_ws/install/micro_ros_setup/lib/micro_ros_setup/create_ws.sh
[6.883s] -- Up-to-date: /home/pi/microros_pi_ws/install/micro_ros_setup/lib/micro_ros_setup/create_agent_ws.sh
[6.885s] -- Up-to-date: /home/pi/microros_pi_ws/install/micro_ros_setup/lib/micro_ros_setup/create_firmware_ws.sh
[6.885s] -- Up-to-date: /home/pi/microros_pi_ws/install/micro_ros_setup/lib/micro_ros_setup/configure_firmware.sh
[6.886s] -- Up-to-date: /home/pi/microros_pi_ws/install/micro_ros_setup/lib/micro_ros_setup/flash_firmware.sh
[6.886s] -- Up-to-date: /home/pi/microros_pi_ws/install/micro_ros_setup/lib/micro_ros_setup/build_firmware.sh
[6.887s] -- Up-to-date: /home/pi/microros_pi_ws/install/micro_ros_setup/lib/micro_ros_setup/build_agent.sh
[6.887s] -- Up-to-date: /home/pi/microros_pi_ws/install/micro_ros_setup/lib/micro_ros_setup/yaml_filter.py
[6.891s] -- Up-to-date: /home/pi/microros_pi_ws/install/micro_ros_setup/lib/micro_ros_setup/clean_env.sh
[6.892s] -- Up-to-date: /home/pi/microros_pi_ws/install/micro_ros_setup/lib/micro_ros_setup/component
[6.893s] Invoked command in '/home/pi/microros_pi_ws/build/micro_ros_setup' returned '0': CMAKE_PREFIX_PATH=${CMAKE_PREFIX_PATH}:/home/pi/microros_pi_ws/install/motor_control:/opt/ros/humble /usr/bin/cmake --install /home/pi/microros_pi_ws/build/micro_ros_setup
