[0.087s] Invoking command in '/home/pi/microros_pi_ws/build/micro_ros_msgs': CMAKE_PREFIX_PATH=${CMAKE_PREFIX_PATH}:/opt/ros/humble /usr/bin/cmake --build /home/pi/microros_pi_ws/build/micro_ros_msgs -- -j4 -l4
[0.505s] [  2%] Built target micro_ros_msgs__cpp
[0.519s] [ 12%] Built target micro_ros_msgs__rosidl_generator_c
[0.578s] [ 12%] Built target ament_cmake_python_copy_micro_ros_msgs
[1.056s] [ 23%] Built target micro_ros_msgs__rosidl_typesupport_fastrtps_c
[1.130s] [ 34%] Built target micro_ros_msgs__rosidl_typesupport_c
[1.131s] [ 44%] Built target micro_ros_msgs__rosidl_typesupport_introspection_c
[1.141s] [ 55%] Built target micro_ros_msgs__rosidl_typesupport_fastrtps_cpp
[1.187s] [ 65%] Built target micro_ros_msgs__rosidl_typesupport_introspection_cpp
[1.359s] [ 76%] Built target micro_ros_msgs__rosidl_typesupport_cpp
[1.532s] [ 76%] Built target micro_ros_msgs
[1.681s] [ 78%] Built target micro_ros_msgs__py
[1.843s] [ 87%] Built target micro_ros_msgs__rosidl_generator_py
[2.089s] [ 91%] Built target micro_ros_msgs__rosidl_typesupport_c__pyext
[2.102s] [ 95%] Built target micro_ros_msgs__rosidl_typesupport_introspection_c__pyext
[2.142s] [100%] Built target micro_ros_msgs__rosidl_typesupport_fastrtps_c__pyext
[2.653s] running egg_info
[2.657s] writing micro_ros_msgs.egg-info/PKG-INFO
[2.659s] writing dependency_links to micro_ros_msgs.egg-info/dependency_links.txt
[2.660s] writing top-level names to micro_ros_msgs.egg-info/top_level.txt
[2.673s] reading manifest file 'micro_ros_msgs.egg-info/SOURCES.txt'
[2.676s] writing manifest file 'micro_ros_msgs.egg-info/SOURCES.txt'
[2.834s] [100%] Built target ament_cmake_python_build_micro_ros_msgs_egg
[2.892s] Invoked command in '/home/pi/microros_pi_ws/build/micro_ros_msgs' returned '0': CMAKE_PREFIX_PATH=${CMAKE_PREFIX_PATH}:/opt/ros/humble /usr/bin/cmake --build /home/pi/microros_pi_ws/build/micro_ros_msgs -- -j4 -l4
[2.894s] Invoking command in '/home/pi/microros_pi_ws/build/micro_ros_msgs': CMAKE_PREFIX_PATH=${CMAKE_PREFIX_PATH}:/opt/ros/humble /usr/bin/cmake --install /home/pi/microros_pi_ws/build/micro_ros_msgs
[2.935s] -- Install configuration: ""
[2.938s] -- Up-to-date: /home/pi/microros_pi_ws/install/micro_ros_msgs/share/ament_index/resource_index/rosidl_interfaces/micro_ros_msgs
[2.939s] -- Up-to-date: /home/pi/microros_pi_ws/install/micro_ros_msgs/include/micro_ros_msgs/micro_ros_msgs
[2.941s] -- Up-to-date: /home/pi/microros_pi_ws/install/micro_ros_msgs/include/micro_ros_msgs/micro_ros_msgs/msg
[2.943s] -- Up-to-date: /home/pi/microros_pi_ws/install/micro_ros_msgs/include/micro_ros_msgs/micro_ros_msgs/msg/graph.h
[2.944s] -- Up-to-date: /home/pi/microros_pi_ws/install/micro_ros_msgs/include/micro_ros_msgs/micro_ros_msgs/msg/node.h
[2.945s] -- Up-to-date: /home/pi/microros_pi_ws/install/micro_ros_msgs/include/micro_ros_msgs/micro_ros_msgs/msg/entity.h
[2.947s] -- Up-to-date: /home/pi/microros_pi_ws/install/micro_ros_msgs/include/micro_ros_msgs/micro_ros_msgs/msg/rosidl_generator_c__visibility_control.h
[2.948s] -- Up-to-date: /home/pi/microros_pi_ws/install/micro_ros_msgs/include/micro_ros_msgs/micro_ros_msgs/msg/detail
[2.950s] -- Up-to-date: /home/pi/microros_pi_ws/install/micro_ros_msgs/include/micro_ros_msgs/micro_ros_msgs/msg/detail/entity__struct.h
[2.951s] -- Up-to-date: /home/pi/microros_pi_ws/install/micro_ros_msgs/include/micro_ros_msgs/micro_ros_msgs/msg/detail/graph__functions.c
[2.952s] -- Up-to-date: /home/pi/microros_pi_ws/install/micro_ros_msgs/include/micro_ros_msgs/micro_ros_msgs/msg/detail/entity__functions.h
[2.954s] -- Up-to-date: /home/pi/microros_pi_ws/install/micro_ros_msgs/include/micro_ros_msgs/micro_ros_msgs/msg/detail/node__type_support.h
[2.955s] -- Up-to-date: /home/pi/microros_pi_ws/install/micro_ros_msgs/include/micro_ros_msgs/micro_ros_msgs/msg/detail/graph__type_support.h
[2.957s] -- Up-to-date: /home/pi/microros_pi_ws/install/micro_ros_msgs/include/micro_ros_msgs/micro_ros_msgs/msg/detail/node__functions.c
[2.959s] -- Up-to-date: /home/pi/microros_pi_ws/install/micro_ros_msgs/include/micro_ros_msgs/micro_ros_msgs/msg/detail/graph__functions.h
[2.961s] -- Up-to-date: /home/pi/microros_pi_ws/install/micro_ros_msgs/include/micro_ros_msgs/micro_ros_msgs/msg/detail/entity__type_support.h
[2.962s] -- Up-to-date: /home/pi/microros_pi_ws/install/micro_ros_msgs/include/micro_ros_msgs/micro_ros_msgs/msg/detail/graph__struct.h
[2.964s] -- Up-to-date: /home/pi/microros_pi_ws/install/micro_ros_msgs/include/micro_ros_msgs/micro_ros_msgs/msg/detail/entity__functions.c
[2.965s] -- Up-to-date: /home/pi/microros_pi_ws/install/micro_ros_msgs/include/micro_ros_msgs/micro_ros_msgs/msg/detail/node__functions.h
[2.967s] -- Up-to-date: /home/pi/microros_pi_ws/install/micro_ros_msgs/include/micro_ros_msgs/micro_ros_msgs/msg/detail/node__struct.h
[2.968s] -- Up-to-date: /home/pi/microros_pi_ws/install/micro_ros_msgs/share/micro_ros_msgs/environment/library_path.sh
[2.970s] -- Up-to-date: /home/pi/microros_pi_ws/install/micro_ros_msgs/share/micro_ros_msgs/environment/library_path.dsv
[2.975s] -- Up-to-date: /home/pi/microros_pi_ws/install/micro_ros_msgs/lib/libmicro_ros_msgs__rosidl_generator_c.so
[2.977s] -- Up-to-date: /home/pi/microros_pi_ws/install/micro_ros_msgs/include/micro_ros_msgs/micro_ros_msgs
[2.979s] -- Up-to-date: /home/pi/microros_pi_ws/install/micro_ros_msgs/include/micro_ros_msgs/micro_ros_msgs/msg
[2.980s] -- Up-to-date: /home/pi/microros_pi_ws/install/micro_ros_msgs/include/micro_ros_msgs/micro_ros_msgs/msg/rosidl_typesupport_fastrtps_c__visibility_control.h
[2.980s] -- Up-to-date: /home/pi/microros_pi_ws/install/micro_ros_msgs/include/micro_ros_msgs/micro_ros_msgs/msg/detail
[2.984s] -- Up-to-date: /home/pi/microros_pi_ws/install/micro_ros_msgs/include/micro_ros_msgs/micro_ros_msgs/msg/detail/node__rosidl_typesupport_fastrtps_c.h
[2.985s] -- Up-to-date: /home/pi/microros_pi_ws/install/micro_ros_msgs/include/micro_ros_msgs/micro_ros_msgs/msg/detail/entity__rosidl_typesupport_fastrtps_c.h
[2.986s] -- Up-to-date: /home/pi/microros_pi_ws/install/micro_ros_msgs/include/micro_ros_msgs/micro_ros_msgs/msg/detail/graph__rosidl_typesupport_fastrtps_c.h
[2.989s] -- Up-to-date: /home/pi/microros_pi_ws/install/micro_ros_msgs/lib/libmicro_ros_msgs__rosidl_typesupport_fastrtps_c.so
[2.990s] -- Up-to-date: /home/pi/microros_pi_ws/install/micro_ros_msgs/include/micro_ros_msgs/micro_ros_msgs
[2.991s] -- Up-to-date: /home/pi/microros_pi_ws/install/micro_ros_msgs/include/micro_ros_msgs/micro_ros_msgs/msg
[2.991s] -- Up-to-date: /home/pi/microros_pi_ws/install/micro_ros_msgs/include/micro_ros_msgs/micro_ros_msgs/msg/detail
[2.992s] -- Up-to-date: /home/pi/microros_pi_ws/install/micro_ros_msgs/include/micro_ros_msgs/micro_ros_msgs/msg/detail/graph__rosidl_typesupport_introspection_c.h
[3.007s] -- Up-to-date: /home/pi/microros_pi_ws/install/micro_ros_msgs/include/micro_ros_msgs/micro_ros_msgs/msg/detail/node__type_support.c
[3.008s] -- Up-to-date: /home/pi/microros_pi_ws/install/micro_ros_msgs/include/micro_ros_msgs/micro_ros_msgs/msg/detail/node__rosidl_typesupport_introspection_c.h
[3.010s] -- Up-to-date: /home/pi/microros_pi_ws/install/micro_ros_msgs/include/micro_ros_msgs/micro_ros_msgs/msg/detail/entity__rosidl_typesupport_introspection_c.h
[3.011s] -- Up-to-date: /home/pi/microros_pi_ws/install/micro_ros_msgs/include/micro_ros_msgs/micro_ros_msgs/msg/detail/entity__type_support.c
[3.011s] -- Up-to-date: /home/pi/microros_pi_ws/install/micro_ros_msgs/include/micro_ros_msgs/micro_ros_msgs/msg/detail/graph__type_support.c
[3.012s] -- Up-to-date: /home/pi/microros_pi_ws/install/micro_ros_msgs/include/micro_ros_msgs/micro_ros_msgs/msg/rosidl_typesupport_introspection_c__visibility_control.h
[3.012s] -- Up-to-date: /home/pi/microros_pi_ws/install/micro_ros_msgs/lib/libmicro_ros_msgs__rosidl_typesupport_introspection_c.so
[3.013s] -- Up-to-date: /home/pi/microros_pi_ws/install/micro_ros_msgs/lib/libmicro_ros_msgs__rosidl_typesupport_c.so
[3.013s] -- Up-to-date: /home/pi/microros_pi_ws/install/micro_ros_msgs/include/micro_ros_msgs/micro_ros_msgs
[3.014s] -- Up-to-date: /home/pi/microros_pi_ws/install/micro_ros_msgs/include/micro_ros_msgs/micro_ros_msgs/msg
[3.014s] -- Up-to-date: /home/pi/microros_pi_ws/install/micro_ros_msgs/include/micro_ros_msgs/micro_ros_msgs/msg/node.hpp
[3.015s] -- Up-to-date: /home/pi/microros_pi_ws/install/micro_ros_msgs/include/micro_ros_msgs/micro_ros_msgs/msg/entity.hpp
[3.015s] -- Up-to-date: /home/pi/microros_pi_ws/install/micro_ros_msgs/include/micro_ros_msgs/micro_ros_msgs/msg/graph.hpp
[3.016s] -- Up-to-date: /home/pi/microros_pi_ws/install/micro_ros_msgs/include/micro_ros_msgs/micro_ros_msgs/msg/detail
[3.017s] -- Up-to-date: /home/pi/microros_pi_ws/install/micro_ros_msgs/include/micro_ros_msgs/micro_ros_msgs/msg/detail/node__traits.hpp
[3.017s] -- Up-to-date: /home/pi/microros_pi_ws/install/micro_ros_msgs/include/micro_ros_msgs/micro_ros_msgs/msg/detail/graph__struct.hpp
[3.018s] -- Up-to-date: /home/pi/microros_pi_ws/install/micro_ros_msgs/include/micro_ros_msgs/micro_ros_msgs/msg/detail/entity__type_support.hpp
[3.018s] -- Up-to-date: /home/pi/microros_pi_ws/install/micro_ros_msgs/include/micro_ros_msgs/micro_ros_msgs/msg/detail/entity__builder.hpp
[3.019s] -- Up-to-date: /home/pi/microros_pi_ws/install/micro_ros_msgs/include/micro_ros_msgs/micro_ros_msgs/msg/detail/node__builder.hpp
[3.019s] -- Up-to-date: /home/pi/microros_pi_ws/install/micro_ros_msgs/include/micro_ros_msgs/micro_ros_msgs/msg/detail/graph__builder.hpp
[3.020s] -- Up-to-date: /home/pi/microros_pi_ws/install/micro_ros_msgs/include/micro_ros_msgs/micro_ros_msgs/msg/detail/node__type_support.hpp
[3.020s] -- Up-to-date: /home/pi/microros_pi_ws/install/micro_ros_msgs/include/micro_ros_msgs/micro_ros_msgs/msg/detail/node__struct.hpp
[3.021s] -- Up-to-date: /home/pi/microros_pi_ws/install/micro_ros_msgs/include/micro_ros_msgs/micro_ros_msgs/msg/detail/entity__traits.hpp
[3.023s] -- Up-to-date: /home/pi/microros_pi_ws/install/micro_ros_msgs/include/micro_ros_msgs/micro_ros_msgs/msg/detail/graph__traits.hpp
[3.024s] -- Up-to-date: /home/pi/microros_pi_ws/install/micro_ros_msgs/include/micro_ros_msgs/micro_ros_msgs/msg/detail/graph__type_support.hpp
[3.024s] -- Up-to-date: /home/pi/microros_pi_ws/install/micro_ros_msgs/include/micro_ros_msgs/micro_ros_msgs/msg/detail/entity__struct.hpp
[3.025s] -- Up-to-date: /home/pi/microros_pi_ws/install/micro_ros_msgs/include/micro_ros_msgs/micro_ros_msgs/msg/rosidl_generator_cpp__visibility_control.hpp
[3.025s] -- Up-to-date: /home/pi/microros_pi_ws/install/micro_ros_msgs/include/micro_ros_msgs/micro_ros_msgs
[3.026s] -- Up-to-date: /home/pi/microros_pi_ws/install/micro_ros_msgs/include/micro_ros_msgs/micro_ros_msgs/msg
[3.027s] -- Up-to-date: /home/pi/microros_pi_ws/install/micro_ros_msgs/include/micro_ros_msgs/micro_ros_msgs/msg/rosidl_typesupport_fastrtps_cpp__visibility_control.h
[3.028s] -- Up-to-date: /home/pi/microros_pi_ws/install/micro_ros_msgs/include/micro_ros_msgs/micro_ros_msgs/msg/detail
[3.028s] -- Up-to-date: /home/pi/microros_pi_ws/install/micro_ros_msgs/include/micro_ros_msgs/micro_ros_msgs/msg/detail/node__rosidl_typesupport_fastrtps_cpp.hpp
[3.029s] -- Up-to-date: /home/pi/microros_pi_ws/install/micro_ros_msgs/include/micro_ros_msgs/micro_ros_msgs/msg/detail/dds_fastrtps
[3.029s] -- Up-to-date: /home/pi/microros_pi_ws/install/micro_ros_msgs/include/micro_ros_msgs/micro_ros_msgs/msg/detail/entity__rosidl_typesupport_fastrtps_cpp.hpp
[3.030s] -- Up-to-date: /home/pi/microros_pi_ws/install/micro_ros_msgs/include/micro_ros_msgs/micro_ros_msgs/msg/detail/graph__rosidl_typesupport_fastrtps_cpp.hpp
[3.030s] -- Up-to-date: /home/pi/microros_pi_ws/install/micro_ros_msgs/lib/libmicro_ros_msgs__rosidl_typesupport_fastrtps_cpp.so
[3.031s] -- Up-to-date: /home/pi/microros_pi_ws/install/micro_ros_msgs/include/micro_ros_msgs/micro_ros_msgs
[3.031s] -- Up-to-date: /home/pi/microros_pi_ws/install/micro_ros_msgs/include/micro_ros_msgs/micro_ros_msgs/msg
[3.032s] -- Up-to-date: /home/pi/microros_pi_ws/install/micro_ros_msgs/include/micro_ros_msgs/micro_ros_msgs/msg/detail
[3.032s] -- Up-to-date: /home/pi/microros_pi_ws/install/micro_ros_msgs/include/micro_ros_msgs/micro_ros_msgs/msg/detail/node__rosidl_typesupport_introspection_cpp.hpp
[3.033s] -- Up-to-date: /home/pi/microros_pi_ws/install/micro_ros_msgs/include/micro_ros_msgs/micro_ros_msgs/msg/detail/graph__type_support.cpp
[3.041s] -- Up-to-date: /home/pi/microros_pi_ws/install/micro_ros_msgs/include/micro_ros_msgs/micro_ros_msgs/msg/detail/entity__rosidl_typesupport_introspection_cpp.hpp
[3.043s] -- Up-to-date: /home/pi/microros_pi_ws/install/micro_ros_msgs/include/micro_ros_msgs/micro_ros_msgs/msg/detail/entity__type_support.cpp
[3.044s] -- Up-to-date: /home/pi/microros_pi_ws/install/micro_ros_msgs/include/micro_ros_msgs/micro_ros_msgs/msg/detail/node__type_support.cpp
[3.045s] -- Up-to-date: /home/pi/microros_pi_ws/install/micro_ros_msgs/include/micro_ros_msgs/micro_ros_msgs/msg/detail/graph__rosidl_typesupport_introspection_cpp.hpp
[3.046s] -- Up-to-date: /home/pi/microros_pi_ws/install/micro_ros_msgs/lib/libmicro_ros_msgs__rosidl_typesupport_introspection_cpp.so
[3.046s] -- Up-to-date: /home/pi/microros_pi_ws/install/micro_ros_msgs/lib/libmicro_ros_msgs__rosidl_typesupport_cpp.so
[3.047s] -- Up-to-date: /home/pi/microros_pi_ws/install/micro_ros_msgs/share/micro_ros_msgs/environment/pythonpath.sh
[3.047s] -- Up-to-date: /home/pi/microros_pi_ws/install/micro_ros_msgs/share/micro_ros_msgs/environment/pythonpath.dsv
[3.053s] -- Up-to-date: /home/pi/microros_pi_ws/install/micro_ros_msgs/local/lib/python3.10/dist-packages/micro_ros_msgs-3.0.1-py3.10.egg-info
[3.054s] -- Installing: /home/pi/microros_pi_ws/install/micro_ros_msgs/local/lib/python3.10/dist-packages/micro_ros_msgs-3.0.1-py3.10.egg-info/PKG-INFO
[3.054s] -- Installing: /home/pi/microros_pi_ws/install/micro_ros_msgs/local/lib/python3.10/dist-packages/micro_ros_msgs-3.0.1-py3.10.egg-info/top_level.txt
[3.055s] -- Installing: /home/pi/microros_pi_ws/install/micro_ros_msgs/local/lib/python3.10/dist-packages/micro_ros_msgs-3.0.1-py3.10.egg-info/SOURCES.txt
[3.057s] -- Installing: /home/pi/microros_pi_ws/install/micro_ros_msgs/local/lib/python3.10/dist-packages/micro_ros_msgs-3.0.1-py3.10.egg-info/dependency_links.txt
[3.060s] -- Up-to-date: /home/pi/microros_pi_ws/install/micro_ros_msgs/local/lib/python3.10/dist-packages/micro_ros_msgs
[3.062s] -- Up-to-date: /home/pi/microros_pi_ws/install/micro_ros_msgs/local/lib/python3.10/dist-packages/micro_ros_msgs/micro_ros_msgs_s__rosidl_typesupport_fastrtps_c.cpython-310-aarch64-linux-gnu.so
[3.064s] -- Up-to-date: /home/pi/microros_pi_ws/install/micro_ros_msgs/local/lib/python3.10/dist-packages/micro_ros_msgs/_micro_ros_msgs_s.ep.rosidl_typesupport_introspection_c.c
[3.065s] -- Up-to-date: /home/pi/microros_pi_ws/install/micro_ros_msgs/local/lib/python3.10/dist-packages/micro_ros_msgs/__init__.py
[3.067s] -- Up-to-date: /home/pi/microros_pi_ws/install/micro_ros_msgs/local/lib/python3.10/dist-packages/micro_ros_msgs/micro_ros_msgs_s__rosidl_typesupport_c.cpython-310-aarch64-linux-gnu.so
[3.069s] -- Up-to-date: /home/pi/microros_pi_ws/install/micro_ros_msgs/local/lib/python3.10/dist-packages/micro_ros_msgs/micro_ros_msgs_s__rosidl_typesupport_introspection_c.cpython-310-aarch64-linux-gnu.so
[3.070s] -- Up-to-date: /home/pi/microros_pi_ws/install/micro_ros_msgs/local/lib/python3.10/dist-packages/micro_ros_msgs/_micro_ros_msgs_s.ep.rosidl_typesupport_fastrtps_c.c
[3.072s] -- Up-to-date: /home/pi/microros_pi_ws/install/micro_ros_msgs/local/lib/python3.10/dist-packages/micro_ros_msgs/_micro_ros_msgs_s.ep.rosidl_typesupport_c.c
[3.073s] -- Up-to-date: /home/pi/microros_pi_ws/install/micro_ros_msgs/local/lib/python3.10/dist-packages/micro_ros_msgs/msg
[3.076s] -- Up-to-date: /home/pi/microros_pi_ws/install/micro_ros_msgs/local/lib/python3.10/dist-packages/micro_ros_msgs/msg/_node_s.c
[3.076s] -- Up-to-date: /home/pi/microros_pi_ws/install/micro_ros_msgs/local/lib/python3.10/dist-packages/micro_ros_msgs/msg/__init__.py
[3.079s] -- Up-to-date: /home/pi/microros_pi_ws/install/micro_ros_msgs/local/lib/python3.10/dist-packages/micro_ros_msgs/msg/_graph_s.c
[3.081s] -- Up-to-date: /home/pi/microros_pi_ws/install/micro_ros_msgs/local/lib/python3.10/dist-packages/micro_ros_msgs/msg/_entity.py
[3.081s] -- Up-to-date: /home/pi/microros_pi_ws/install/micro_ros_msgs/local/lib/python3.10/dist-packages/micro_ros_msgs/msg/_graph.py
[3.082s] -- Up-to-date: /home/pi/microros_pi_ws/install/micro_ros_msgs/local/lib/python3.10/dist-packages/micro_ros_msgs/msg/_entity_s.c
[3.083s] -- Up-to-date: /home/pi/microros_pi_ws/install/micro_ros_msgs/local/lib/python3.10/dist-packages/micro_ros_msgs/msg/_node.py
[3.083s] -- Up-to-date: /home/pi/microros_pi_ws/install/micro_ros_msgs/local/lib/python3.10/dist-packages/micro_ros_msgs/libmicro_ros_msgs__rosidl_generator_py.so
[3.273s] Listing '/home/pi/microros_pi_ws/install/micro_ros_msgs/local/lib/python3.10/dist-packages/micro_ros_msgs'...
[3.274s] Listing '/home/pi/microros_pi_ws/install/micro_ros_msgs/local/lib/python3.10/dist-packages/micro_ros_msgs/msg'...
[3.307s] -- Up-to-date: /home/pi/microros_pi_ws/install/micro_ros_msgs/local/lib/python3.10/dist-packages/micro_ros_msgs/micro_ros_msgs_s__rosidl_typesupport_fastrtps_c.cpython-310-aarch64-linux-gnu.so
[3.311s] -- Up-to-date: /home/pi/microros_pi_ws/install/micro_ros_msgs/local/lib/python3.10/dist-packages/micro_ros_msgs/micro_ros_msgs_s__rosidl_typesupport_introspection_c.cpython-310-aarch64-linux-gnu.so
[3.315s] -- Up-to-date: /home/pi/microros_pi_ws/install/micro_ros_msgs/local/lib/python3.10/dist-packages/micro_ros_msgs/micro_ros_msgs_s__rosidl_typesupport_c.cpython-310-aarch64-linux-gnu.so
[3.318s] -- Up-to-date: /home/pi/microros_pi_ws/install/micro_ros_msgs/lib/libmicro_ros_msgs__rosidl_generator_py.so
[3.321s] -- Up-to-date: /home/pi/microros_pi_ws/install/micro_ros_msgs/share/micro_ros_msgs/msg/Graph.idl
[3.323s] -- Up-to-date: /home/pi/microros_pi_ws/install/micro_ros_msgs/share/micro_ros_msgs/msg/Node.idl
[3.324s] -- Up-to-date: /home/pi/microros_pi_ws/install/micro_ros_msgs/share/micro_ros_msgs/msg/Entity.idl
[3.325s] -- Up-to-date: /home/pi/microros_pi_ws/install/micro_ros_msgs/share/micro_ros_msgs/msg/Graph.msg
[3.326s] -- Up-to-date: /home/pi/microros_pi_ws/install/micro_ros_msgs/share/micro_ros_msgs/msg/Node.msg
[3.326s] -- Up-to-date: /home/pi/microros_pi_ws/install/micro_ros_msgs/share/micro_ros_msgs/msg/Entity.msg
[3.327s] -- Up-to-date: /home/pi/microros_pi_ws/install/micro_ros_msgs/share/ament_index/resource_index/package_run_dependencies/micro_ros_msgs
[3.328s] -- Up-to-date: /home/pi/microros_pi_ws/install/micro_ros_msgs/share/ament_index/resource_index/parent_prefix_path/micro_ros_msgs
[3.329s] -- Up-to-date: /home/pi/microros_pi_ws/install/micro_ros_msgs/share/micro_ros_msgs/environment/ament_prefix_path.sh
[3.330s] -- Up-to-date: /home/pi/microros_pi_ws/install/micro_ros_msgs/share/micro_ros_msgs/environment/ament_prefix_path.dsv
[3.349s] -- Up-to-date: /home/pi/microros_pi_ws/install/micro_ros_msgs/share/micro_ros_msgs/environment/path.sh
[3.358s] -- Up-to-date: /home/pi/microros_pi_ws/install/micro_ros_msgs/share/micro_ros_msgs/environment/path.dsv
[3.359s] -- Up-to-date: /home/pi/microros_pi_ws/install/micro_ros_msgs/share/micro_ros_msgs/local_setup.bash
[3.359s] -- Up-to-date: /home/pi/microros_pi_ws/install/micro_ros_msgs/share/micro_ros_msgs/local_setup.sh
[3.360s] -- Up-to-date: /home/pi/microros_pi_ws/install/micro_ros_msgs/share/micro_ros_msgs/local_setup.zsh
[3.361s] -- Up-to-date: /home/pi/microros_pi_ws/install/micro_ros_msgs/share/micro_ros_msgs/local_setup.dsv
[3.362s] -- Installing: /home/pi/microros_pi_ws/install/micro_ros_msgs/share/micro_ros_msgs/package.dsv
[3.363s] -- Up-to-date: /home/pi/microros_pi_ws/install/micro_ros_msgs/share/ament_index/resource_index/packages/micro_ros_msgs
[3.363s] -- Up-to-date: /home/pi/microros_pi_ws/install/micro_ros_msgs/share/micro_ros_msgs/cmake/export_micro_ros_msgs__rosidl_generator_cExport.cmake
[3.374s] -- Up-to-date: /home/pi/microros_pi_ws/install/micro_ros_msgs/share/micro_ros_msgs/cmake/export_micro_ros_msgs__rosidl_generator_cExport-noconfig.cmake
[3.376s] -- Up-to-date: /home/pi/microros_pi_ws/install/micro_ros_msgs/share/micro_ros_msgs/cmake/export_micro_ros_msgs__rosidl_typesupport_fastrtps_cExport.cmake
[3.378s] -- Up-to-date: /home/pi/microros_pi_ws/install/micro_ros_msgs/share/micro_ros_msgs/cmake/export_micro_ros_msgs__rosidl_typesupport_fastrtps_cExport-noconfig.cmake
[3.379s] -- Up-to-date: /home/pi/microros_pi_ws/install/micro_ros_msgs/share/micro_ros_msgs/cmake/micro_ros_msgs__rosidl_typesupport_introspection_cExport.cmake
[3.379s] -- Up-to-date: /home/pi/microros_pi_ws/install/micro_ros_msgs/share/micro_ros_msgs/cmake/micro_ros_msgs__rosidl_typesupport_introspection_cExport-noconfig.cmake
[3.380s] -- Up-to-date: /home/pi/microros_pi_ws/install/micro_ros_msgs/share/micro_ros_msgs/cmake/micro_ros_msgs__rosidl_typesupport_cExport.cmake
[3.388s] -- Up-to-date: /home/pi/microros_pi_ws/install/micro_ros_msgs/share/micro_ros_msgs/cmake/micro_ros_msgs__rosidl_typesupport_cExport-noconfig.cmake
[3.388s] -- Up-to-date: /home/pi/microros_pi_ws/install/micro_ros_msgs/share/micro_ros_msgs/cmake/export_micro_ros_msgs__rosidl_generator_cppExport.cmake
[3.389s] -- Up-to-date: /home/pi/microros_pi_ws/install/micro_ros_msgs/share/micro_ros_msgs/cmake/export_micro_ros_msgs__rosidl_typesupport_fastrtps_cppExport.cmake
[3.390s] -- Up-to-date: /home/pi/microros_pi_ws/install/micro_ros_msgs/share/micro_ros_msgs/cmake/export_micro_ros_msgs__rosidl_typesupport_fastrtps_cppExport-noconfig.cmake
[3.390s] -- Up-to-date: /home/pi/microros_pi_ws/install/micro_ros_msgs/share/micro_ros_msgs/cmake/micro_ros_msgs__rosidl_typesupport_introspection_cppExport.cmake
[3.391s] -- Up-to-date: /home/pi/microros_pi_ws/install/micro_ros_msgs/share/micro_ros_msgs/cmake/micro_ros_msgs__rosidl_typesupport_introspection_cppExport-noconfig.cmake
[3.391s] -- Up-to-date: /home/pi/microros_pi_ws/install/micro_ros_msgs/share/micro_ros_msgs/cmake/micro_ros_msgs__rosidl_typesupport_cppExport.cmake
[3.392s] -- Up-to-date: /home/pi/microros_pi_ws/install/micro_ros_msgs/share/micro_ros_msgs/cmake/micro_ros_msgs__rosidl_typesupport_cppExport-noconfig.cmake
[3.393s] -- Up-to-date: /home/pi/microros_pi_ws/install/micro_ros_msgs/share/micro_ros_msgs/cmake/export_micro_ros_msgs__rosidl_generator_pyExport.cmake
[3.393s] -- Up-to-date: /home/pi/microros_pi_ws/install/micro_ros_msgs/share/micro_ros_msgs/cmake/export_micro_ros_msgs__rosidl_generator_pyExport-noconfig.cmake
[3.394s] -- Up-to-date: /home/pi/microros_pi_ws/install/micro_ros_msgs/share/micro_ros_msgs/cmake/rosidl_cmake-extras.cmake
[3.394s] -- Up-to-date: /home/pi/microros_pi_ws/install/micro_ros_msgs/share/micro_ros_msgs/cmake/ament_cmake_export_include_directories-extras.cmake
[3.395s] -- Up-to-date: /home/pi/microros_pi_ws/install/micro_ros_msgs/share/micro_ros_msgs/cmake/ament_cmake_export_libraries-extras.cmake
[3.396s] -- Up-to-date: /home/pi/microros_pi_ws/install/micro_ros_msgs/share/micro_ros_msgs/cmake/ament_cmake_export_targets-extras.cmake
[3.396s] -- Up-to-date: /home/pi/microros_pi_ws/install/micro_ros_msgs/share/micro_ros_msgs/cmake/rosidl_cmake_export_typesupport_targets-extras.cmake
[3.397s] -- Up-to-date: /home/pi/microros_pi_ws/install/micro_ros_msgs/share/micro_ros_msgs/cmake/ament_cmake_export_dependencies-extras.cmake
[3.398s] -- Up-to-date: /home/pi/microros_pi_ws/install/micro_ros_msgs/share/micro_ros_msgs/cmake/rosidl_cmake_export_typesupport_libraries-extras.cmake
[3.398s] -- Up-to-date: /home/pi/microros_pi_ws/install/micro_ros_msgs/share/micro_ros_msgs/cmake/micro_ros_msgsConfig.cmake
[3.399s] -- Up-to-date: /home/pi/microros_pi_ws/install/micro_ros_msgs/share/micro_ros_msgs/cmake/micro_ros_msgsConfig-version.cmake
[3.421s] -- Up-to-date: /home/pi/microros_pi_ws/install/micro_ros_msgs/share/micro_ros_msgs/package.xml
[3.421s] Invoked command in '/home/pi/microros_pi_ws/build/micro_ros_msgs' returned '0': CMAKE_PREFIX_PATH=${CMAKE_PREFIX_PATH}:/opt/ros/humble /usr/bin/cmake --install /home/pi/microros_pi_ws/build/micro_ros_msgs
