[0.089s] Invoking command in '/home/pi/microros_pi_ws/build/robot_odom': CMAKE_PREFIX_PATH=${CMAKE_PREFIX_PATH}:/opt/ros/humble /usr/bin/cmake /home/pi/microros_pi_ws/src/robot_odom -DCMAKE_INSTALL_PREFIX=/home/pi/microros_pi_ws/install/robot_odom
[1.047s] -- The C compiler identification is GNU 11.4.0
[1.787s] -- The CXX compiler identification is GNU 11.4.0
[1.823s] -- Detecting C compiler ABI info
[2.169s] -- Detecting C compiler ABI info - done
[2.194s] -- Check for working C compiler: /usr/bin/cc - skipped
[2.197s] -- Detecting C compile features
[2.199s] -- Detecting C compile features - done
[2.212s] -- Detecting CXX compiler ABI info
[2.605s] -- Detecting CXX compiler ABI info - done
[2.624s] -- Check for working CXX compiler: /usr/bin/c++ - skipped
[2.625s] -- Detecting CXX compile features
[2.627s] -- Detecting CXX compile features - done
[2.658s] -- Found ament_cmake: 1.3.11 (/opt/ros/humble/share/ament_cmake/cmake)
[3.447s] -- Found Python3: /usr/bin/python3 (found version "3.10.12") found components: Interpreter 
[4.020s] -- Found rclcpp: 16.0.11 (/opt/ros/humble/share/rclcpp/cmake)
[4.368s] -- Found rosidl_generator_c: 3.1.6 (/opt/ros/humble/share/rosidl_generator_c/cmake)
[4.416s] -- Found rosidl_adapter: 3.1.6 (/opt/ros/humble/share/rosidl_adapter/cmake)
[4.476s] -- Found rosidl_generator_cpp: 3.1.6 (/opt/ros/humble/share/rosidl_generator_cpp/cmake)
[4.558s] -- Using all available rosidl_typesupport_c: rosidl_typesupport_fastrtps_c;rosidl_typesupport_introspection_c
[4.670s] -- Using all available rosidl_typesupport_cpp: rosidl_typesupport_fastrtps_cpp;rosidl_typesupport_introspection_cpp
[5.031s] -- Found rmw_implementation_cmake: 6.1.2 (/opt/ros/humble/share/rmw_implementation_cmake/cmake)
[5.059s] -- Found rmw_cyclonedds_cpp: 1.3.4 (/opt/ros/humble/share/rmw_cyclonedds_cpp/cmake)
[5.246s] -- Using RMW implementation 'rmw_cyclonedds_cpp' as default
[5.328s] -- Looking for pthread.h
[5.661s] -- Looking for pthread.h - found
[5.662s] -- Performing Test CMAKE_HAVE_LIBC_PTHREAD
[6.051s] -- Performing Test CMAKE_HAVE_LIBC_PTHREAD - Success
[6.055s] -- Found Threads: TRUE  
[7.105s] -- Found nav_msgs: 4.2.4 (/opt/ros/humble/share/nav_msgs/cmake)
[7.339s] -- Found tf2: 0.25.9 (/opt/ros/humble/share/tf2/cmake)
[7.467s] -- Found tf2_ros: 0.25.9 (/opt/ros/humble/share/tf2_ros/cmake)
[8.068s] -- Found tf2_geometry_msgs: 0.25.9 (/opt/ros/humble/share/tf2_geometry_msgs/cmake)
[8.198s] -- Found eigen3_cmake_module: 0.1.1 (/opt/ros/humble/share/eigen3_cmake_module/cmake)
[8.206s] -- Found Eigen3: TRUE (found version "3.4.0") 
[8.207s] -- Ensuring Eigen3 include directory is part of orocos-kdl CMake target
[8.240s] -- Found ament_lint_auto: 0.12.11 (/opt/ros/humble/share/ament_lint_auto/cmake)
[8.725s] -- Added test 'cppcheck' to perform static code analysis on C / C++ code
[8.725s] -- Configured cppcheck include dirs: 
[8.725s] -- Configured cppcheck exclude dirs and/or files: 
[8.726s] -- Added test 'lint_cmake' to check CMake code style
[8.732s] -- Added test 'uncrustify' to check C / C++ code style
[8.733s] -- Configured uncrustify additional arguments: 
[8.734s] -- Added test 'xmllint' to check XML markup files
[8.743s] -- Configuring done
[8.776s] [31mCMake Error at CMakeLists.txt:18 (add_executable):
[8.778s]   Cannot find source file:
[8.778s] 
[8.780s]     src/odom.cpp
[8.782s] 
[8.782s]   Tried extensions .c .C .c++ .cc .cpp .cxx .cu .mpp .m .M .mm .ixx .cppm .h
[8.784s]   .hh .h++ .hm .hpp .hxx .in .txx .f .F .for .f77 .f90 .f95 .f03 .hip .ispc
[8.786s] 
[8.789s] [0m
[8.790s] [31mCMake Error at CMakeLists.txt:18 (add_executable):
[8.791s]   No SOURCES given to target: odom
[8.792s] 
[8.793s] [0m
[8.795s] [0mCMake Generate step failed.  Build files cannot be regenerated correctly.[0m
[8.852s] Invoked command in '/home/pi/microros_pi_ws/build/robot_odom' returned '1': CMAKE_PREFIX_PATH=${CMAKE_PREFIX_PATH}:/opt/ros/humble /usr/bin/cmake /home/pi/microros_pi_ws/src/robot_odom -DCMAKE_INSTALL_PREFIX=/home/pi/microros_pi_ws/install/robot_odom
