[0.120s] Invoking command in '/home/pi/microros_pi_ws/build/robot_odom': CMAKE_PREFIX_PATH=${CMAKE_PREFIX_PATH}:/opt/ros/humble /usr/bin/cmake /home/pi/microros_pi_ws/src/robot_odom -DCMAKE_INSTALL_PREFIX=/home/pi/microros_pi_ws/install/robot_odom
[0.182s] -- Found ament_cmake: 1.3.11 (/opt/ros/humble/share/ament_cmake/cmake)
[1.303s] -- Found rclcpp: 16.0.11 (/opt/ros/humble/share/rclcpp/cmake)
[1.581s] -- Found rosidl_generator_c: 3.1.6 (/opt/ros/humble/share/rosidl_generator_c/cmake)
[1.598s] -- Found rosidl_adapter: 3.1.6 (/opt/ros/humble/share/rosidl_adapter/cmake)
[1.637s] -- Found rosidl_generator_cpp: 3.1.6 (/opt/ros/humble/share/rosidl_generator_cpp/cmake)
[1.701s] -- Using all available rosidl_typesupport_c: rosidl_typesupport_fastrtps_c;rosidl_typesupport_introspection_c
[1.784s] -- Using all available rosidl_typesupport_cpp: rosidl_typesupport_fastrtps_cpp;rosidl_typesupport_introspection_cpp
[2.096s] -- Found rmw_implementation_cmake: 6.1.2 (/opt/ros/humble/share/rmw_implementation_cmake/cmake)
[2.104s] -- Found rmw_cyclonedds_cpp: 1.3.4 (/opt/ros/humble/share/rmw_cyclonedds_cpp/cmake)
[2.212s] -- Using RMW implementation 'rmw_cyclonedds_cpp' as default
[2.486s] -- Found nav_msgs: 4.2.4 (/opt/ros/humble/share/nav_msgs/cmake)
[2.638s] -- Found tf2: 0.25.9 (/opt/ros/humble/share/tf2/cmake)
[2.672s] -- Found tf2_ros: 0.25.9 (/opt/ros/humble/share/tf2_ros/cmake)
[3.092s] -- Found tf2_geometry_msgs: 0.25.9 (/opt/ros/humble/share/tf2_geometry_msgs/cmake)
[3.110s] -- Found eigen3_cmake_module: 0.1.1 (/opt/ros/humble/share/eigen3_cmake_module/cmake)
[3.116s] -- Ensuring Eigen3 include directory is part of orocos-kdl CMake target
[3.133s] -- Found ament_lint_auto: 0.12.11 (/opt/ros/humble/share/ament_lint_auto/cmake)
[3.568s] -- Added test 'cppcheck' to perform static code analysis on C / C++ code
[3.568s] -- Configured cppcheck include dirs: 
[3.569s] -- Configured cppcheck exclude dirs and/or files: 
[3.575s] -- Added test 'lint_cmake' to check CMake code style
[3.576s] -- Added test 'uncrustify' to check C / C++ code style
[3.576s] -- Configured uncrustify additional arguments: 
[3.578s] -- Added test 'xmllint' to check XML markup files
[3.580s] -- Configuring done
[3.662s] -- Generating done
[3.685s] -- Build files have been written to: /home/pi/microros_pi_ws/build/robot_odom
[3.726s] Invoked command in '/home/pi/microros_pi_ws/build/robot_odom' returned '0': CMAKE_PREFIX_PATH=${CMAKE_PREFIX_PATH}:/opt/ros/humble /usr/bin/cmake /home/pi/microros_pi_ws/src/robot_odom -DCMAKE_INSTALL_PREFIX=/home/pi/microros_pi_ws/install/robot_odom
[3.728s] Invoking command in '/home/pi/microros_pi_ws/build/robot_odom': CMAKE_PREFIX_PATH=${CMAKE_PREFIX_PATH}:/opt/ros/humble /usr/bin/cmake --build /home/pi/microros_pi_ws/build/robot_odom -- -j4 -l4
[4.062s] [ 50%] [32mBuilding CXX object CMakeFiles/odom.dir/src/odom.cpp.o[0m
[5.359s] In file included from [01m[K/home/pi/microros_pi_ws/src/robot_odom/src/odom.cpp:15[m[K:
[5.359s] [01m[K/opt/ros/humble/include/tf2_geometry_msgs/tf2_geometry_msgs/tf2_geometry_msgs.h:35:2:[m[K [01;35m[Kwarning: [m[K#warning This header is obsolete, please include tf2_geometry_msgs/tf2_geometry_msgs.hpp instead [[01;35m[K]8;;https://gcc.gnu.org/onlinedocs/gcc/Warning-Options.html#index-Wcpp-Wcpp]8;;[m[K]
[5.360s]    35 | #[01;35m[Kwarning[m[K This header is obsolete, please include tf2_geometry_msgs/tf2_geometry_msgs.hpp instead
[5.360s]       |  [01;35m[K^~~~~~~[m[K
[52.098s] [100%] [32m[1mLinking CXX executable odom[0m
[59.212s] [100%] Built target odom
[59.254s] Invoked command in '/home/pi/microros_pi_ws/build/robot_odom' returned '0': CMAKE_PREFIX_PATH=${CMAKE_PREFIX_PATH}:/opt/ros/humble /usr/bin/cmake --build /home/pi/microros_pi_ws/build/robot_odom -- -j4 -l4
[59.262s] Invoking command in '/home/pi/microros_pi_ws/build/robot_odom': CMAKE_PREFIX_PATH=${CMAKE_PREFIX_PATH}:/opt/ros/humble /usr/bin/cmake --install /home/pi/microros_pi_ws/build/robot_odom
[59.290s] -- Install configuration: ""
[59.291s] -- Installing: /home/pi/microros_pi_ws/install/robot_odom/lib/robot_odom/odom
[59.321s] -- Set runtime path of "/home/pi/microros_pi_ws/install/robot_odom/lib/robot_odom/odom" to ""
[59.322s] -- Installing: /home/pi/microros_pi_ws/install/robot_odom/share/ament_index/resource_index/package_run_dependencies/robot_odom
[59.324s] -- Installing: /home/pi/microros_pi_ws/install/robot_odom/share/ament_index/resource_index/parent_prefix_path/robot_odom
[59.326s] -- Installing: /home/pi/microros_pi_ws/install/robot_odom/share/robot_odom/environment/ament_prefix_path.sh
[59.327s] -- Installing: /home/pi/microros_pi_ws/install/robot_odom/share/robot_odom/environment/ament_prefix_path.dsv
[59.328s] -- Installing: /home/pi/microros_pi_ws/install/robot_odom/share/robot_odom/environment/path.sh
[59.330s] -- Installing: /home/pi/microros_pi_ws/install/robot_odom/share/robot_odom/environment/path.dsv
[59.331s] -- Installing: /home/pi/microros_pi_ws/install/robot_odom/share/robot_odom/local_setup.bash
[59.332s] -- Installing: /home/pi/microros_pi_ws/install/robot_odom/share/robot_odom/local_setup.sh
[59.334s] -- Installing: /home/pi/microros_pi_ws/install/robot_odom/share/robot_odom/local_setup.zsh
[59.335s] -- Installing: /home/pi/microros_pi_ws/install/robot_odom/share/robot_odom/local_setup.dsv
[59.336s] -- Installing: /home/pi/microros_pi_ws/install/robot_odom/share/robot_odom/package.dsv
[59.338s] -- Installing: /home/pi/microros_pi_ws/install/robot_odom/share/ament_index/resource_index/packages/robot_odom
[59.339s] -- Installing: /home/pi/microros_pi_ws/install/robot_odom/share/robot_odom/cmake/robot_odomConfig.cmake
[59.341s] -- Installing: /home/pi/microros_pi_ws/install/robot_odom/share/robot_odom/cmake/robot_odomConfig-version.cmake
[59.342s] -- Installing: /home/pi/microros_pi_ws/install/robot_odom/share/robot_odom/package.xml
[59.354s] Invoked command in '/home/pi/microros_pi_ws/build/robot_odom' returned '0': CMAKE_PREFIX_PATH=${CMAKE_PREFIX_PATH}:/opt/ros/humble /usr/bin/cmake --install /home/pi/microros_pi_ws/build/robot_odom
