[1.818s] Invoking command in '/home/pi/ros2_pi_ws/build/micro_ros_setup': CMAKE_PREFIX_PATH=${CMAKE_PREFIX_PATH}:/home/pi/ros2_pi_ws/install/ros2_opencv:/home/pi/ros2_pi_ws/install/opencv_tools:/home/pi/ros2_pi_ws/install/myrobot:/home/pi/ros2_pi_ws/install/motor_control:/home/pi/ros2_pi_ws/install/camera_publisher:/opt/ros/humble /usr/bin/cmake --build /home/pi/ros2_pi_ws/build/micro_ros_setup -- -j4 -l4
[3.197s] Invoked command in '/home/pi/ros2_pi_ws/build/micro_ros_setup' returned '0': CMAKE_PREFIX_PATH=${CMAKE_PREFIX_PATH}:/home/pi/ros2_pi_ws/install/ros2_opencv:/home/pi/ros2_pi_ws/install/opencv_tools:/home/pi/ros2_pi_ws/install/myrobot:/home/pi/ros2_pi_ws/install/motor_control:/home/pi/ros2_pi_ws/install/camera_publisher:/opt/ros/humble /usr/bin/cmake --build /home/pi/ros2_pi_ws/build/micro_ros_setup -- -j4 -l4
[3.206s] Invoking command in '/home/pi/ros2_pi_ws/build/micro_ros_setup': CMAKE_PREFIX_PATH=${CMAKE_PREFIX_PATH}:/home/pi/ros2_pi_ws/install/ros2_opencv:/home/pi/ros2_pi_ws/install/opencv_tools:/home/pi/ros2_pi_ws/install/myrobot:/home/pi/ros2_pi_ws/install/motor_control:/home/pi/ros2_pi_ws/install/camera_publisher:/opt/ros/humble /usr/bin/cmake --install /home/pi/ros2_pi_ws/build/micro_ros_setup
[3.266s] -- Install configuration: ""
[3.267s] -- Up-to-date: /home/pi/ros2_pi_ws/install/micro_ros_setup/share/ament_index/resource_index/package_run_dependencies/micro_ros_setup
[3.269s] -- Up-to-date: /home/pi/ros2_pi_ws/install/micro_ros_setup/share/ament_index/resource_index/parent_prefix_path/micro_ros_setup
[3.270s] -- Up-to-date: /home/pi/ros2_pi_ws/install/micro_ros_setup/share/micro_ros_setup/environment/ament_prefix_path.sh
[3.270s] -- Up-to-date: /home/pi/ros2_pi_ws/install/micro_ros_setup/share/micro_ros_setup/environment/ament_prefix_path.dsv
[3.273s] -- Up-to-date: /home/pi/ros2_pi_ws/install/micro_ros_setup/share/micro_ros_setup/environment/path.sh
[3.282s] -- Up-to-date: /home/pi/ros2_pi_ws/install/micro_ros_setup/share/micro_ros_setup/environment/path.dsv
[3.283s] -- Up-to-date: /home/pi/ros2_pi_ws/install/micro_ros_setup/share/micro_ros_setup/local_setup.bash
[3.286s] -- Up-to-date: /home/pi/ros2_pi_ws/install/micro_ros_setup/share/micro_ros_setup/local_setup.sh
[3.287s] -- Up-to-date: /home/pi/ros2_pi_ws/install/micro_ros_setup/share/micro_ros_setup/local_setup.zsh
[3.288s] -- Up-to-date: /home/pi/ros2_pi_ws/install/micro_ros_setup/share/micro_ros_setup/local_setup.dsv
[3.288s] -- Installing: /home/pi/ros2_pi_ws/install/micro_ros_setup/share/micro_ros_setup/package.dsv
[3.293s] -- Up-to-date: /home/pi/ros2_pi_ws/install/micro_ros_setup/share/ament_index/resource_index/packages/micro_ros_setup
[3.293s] -- Up-to-date: /home/pi/ros2_pi_ws/install/micro_ros_setup/share/micro_ros_setup/cmake/micro_ros_setupConfig.cmake
[3.294s] -- Up-to-date: /home/pi/ros2_pi_ws/install/micro_ros_setup/share/micro_ros_setup/cmake/micro_ros_setupConfig-version.cmake
[3.305s] -- Up-to-date: /home/pi/ros2_pi_ws/install/micro_ros_setup/share/micro_ros_setup/package.xml
[3.313s] -- Up-to-date: /home/pi/ros2_pi_ws/install/micro_ros_setup/./config
[3.319s] -- Up-to-date: /home/pi/ros2_pi_ws/install/micro_ros_setup/./config/generate_lib
[3.321s] -- Up-to-date: /home/pi/ros2_pi_ws/install/micro_ros_setup/./config/generate_lib/generic
[3.321s] -- Up-to-date: /home/pi/ros2_pi_ws/install/micro_ros_setup/./config/generate_lib/generic/create.sh
[3.322s] -- Up-to-date: /home/pi/ros2_pi_ws/install/micro_ros_setup/./config/generate_lib/generic/client-colcon.meta
[3.323s] -- Up-to-date: /home/pi/ros2_pi_ws/install/micro_ros_setup/./config/generate_lib/generic/build.sh
[3.323s] -- Up-to-date: /home/pi/ros2_pi_ws/install/micro_ros_setup/./config/generate_lib/generic/package.xml
[3.324s] -- Up-to-date: /home/pi/ros2_pi_ws/install/micro_ros_setup/./config/generate_lib/generic/flash.sh
[3.326s] -- Up-to-date: /home/pi/ros2_pi_ws/install/micro_ros_setup/./config/generate_lib/generic/demo_toolchain.cmake
[3.327s] -- Up-to-date: /home/pi/ros2_pi_ws/install/micro_ros_setup/./config/generate_lib/generic/client_uros_packages.repos
[3.329s] -- Up-to-date: /home/pi/ros2_pi_ws/install/micro_ros_setup/./config/generate_lib/dev_uros_packages.repos
[3.330s] -- Up-to-date: /home/pi/ros2_pi_ws/install/micro_ros_setup/./config/generate_lib/dev_ros2_packages.txt
[3.333s] -- Up-to-date: /home/pi/ros2_pi_ws/install/micro_ros_setup/./config/host
[3.335s] -- Up-to-date: /home/pi/ros2_pi_ws/install/micro_ros_setup/./config/host/generic
[3.338s] -- Up-to-date: /home/pi/ros2_pi_ws/install/micro_ros_setup/./config/host/generic/client-host-colcon.meta
[3.340s] -- Up-to-date: /home/pi/ros2_pi_ws/install/micro_ros_setup/./config/host/generic/create.sh
[3.343s] -- Up-to-date: /home/pi/ros2_pi_ws/install/micro_ros_setup/./config/host/generic/build.sh
[3.348s] -- Up-to-date: /home/pi/ros2_pi_ws/install/micro_ros_setup/./config/host/generic/package.xml
[3.350s] -- Up-to-date: /home/pi/ros2_pi_ws/install/micro_ros_setup/./config/host/generic/flash.sh
[3.354s] -- Up-to-date: /home/pi/ros2_pi_ws/install/micro_ros_setup/./config/host/generic/client_host_packages.repos
[3.355s] -- Up-to-date: /home/pi/ros2_pi_ws/install/micro_ros_setup/./config/host/dev_uros_packages.repos
[3.356s] -- Up-to-date: /home/pi/ros2_pi_ws/install/micro_ros_setup/./config/host/dev_ros2_packages.txt
[3.357s] -- Up-to-date: /home/pi/ros2_pi_ws/install/micro_ros_setup/./config/host/client_ros2_packages.txt
[3.358s] -- Up-to-date: /home/pi/ros2_pi_ws/install/micro_ros_setup/./config/mbed
[3.383s] -- Up-to-date: /home/pi/ros2_pi_ws/install/micro_ros_setup/./config/mbed/generic
[3.386s] -- Up-to-date: /home/pi/ros2_pi_ws/install/micro_ros_setup/./config/mbed/generic/board.repos
[3.388s] -- Up-to-date: /home/pi/ros2_pi_ws/install/micro_ros_setup/./config/mbed/generic/create.sh
[3.389s] -- Up-to-date: /home/pi/ros2_pi_ws/install/micro_ros_setup/./config/mbed/generic/build.sh
[3.389s] -- Up-to-date: /home/pi/ros2_pi_ws/install/micro_ros_setup/./config/mbed/generic/package.xml
[3.390s] -- Up-to-date: /home/pi/ros2_pi_ws/install/micro_ros_setup/./config/mbed/generic/flash.sh
[3.390s] -- Up-to-date: /home/pi/ros2_pi_ws/install/micro_ros_setup/./config/mbed/generic/supported_platforms
[3.391s] -- Up-to-date: /home/pi/ros2_pi_ws/install/micro_ros_setup/./config/mbed/generic/client_uros_packages.repos
[3.391s] -- Up-to-date: /home/pi/ros2_pi_ws/install/micro_ros_setup/./config/mbed/dev_uros_packages.repos
[3.392s] -- Up-to-date: /home/pi/ros2_pi_ws/install/micro_ros_setup/./config/mbed/dev_ros2_packages.txt
[3.405s] -- Up-to-date: /home/pi/ros2_pi_ws/install/micro_ros_setup/./config/mbed/list_apps.sh
[3.405s] -- Up-to-date: /home/pi/ros2_pi_ws/install/micro_ros_setup/./config/agent_uros_packages.repos
[3.406s] -- Up-to-date: /home/pi/ros2_pi_ws/install/micro_ros_setup/./config/agent_ros2_packages.txt
[3.407s] -- Up-to-date: /home/pi/ros2_pi_ws/install/micro_ros_setup/./config/freertos
[3.407s] -- Up-to-date: /home/pi/ros2_pi_ws/install/micro_ros_setup/./config/freertos/olimex-stm32-e407
[3.408s] -- Up-to-date: /home/pi/ros2_pi_ws/install/micro_ros_setup/./config/freertos/olimex-stm32-e407/board.repos
[3.408s] -- Up-to-date: /home/pi/ros2_pi_ws/install/micro_ros_setup/./config/freertos/olimex-stm32-e407/create.sh
[3.410s] -- Up-to-date: /home/pi/ros2_pi_ws/install/micro_ros_setup/./config/freertos/olimex-stm32-e407/configure.sh
[3.413s] -- Up-to-date: /home/pi/ros2_pi_ws/install/micro_ros_setup/./config/freertos/olimex-stm32-e407/client-colcon.meta
[3.414s] -- Up-to-date: /home/pi/ros2_pi_ws/install/micro_ros_setup/./config/freertos/olimex-stm32-e407/build.sh
[3.414s] -- Up-to-date: /home/pi/ros2_pi_ws/install/micro_ros_setup/./config/freertos/olimex-stm32-e407/package.xml
[3.415s] -- Up-to-date: /home/pi/ros2_pi_ws/install/micro_ros_setup/./config/freertos/olimex-stm32-e407/flash.sh
[3.415s] -- Up-to-date: /home/pi/ros2_pi_ws/install/micro_ros_setup/./config/freertos/olimex-stm32-e407/client_uros_packages.repos
[3.426s] -- Up-to-date: /home/pi/ros2_pi_ws/install/micro_ros_setup/./config/freertos/dev_uros_packages.repos
[3.428s] -- Up-to-date: /home/pi/ros2_pi_ws/install/micro_ros_setup/./config/freertos/nucleo_f746zg
[3.430s] -- Up-to-date: /home/pi/ros2_pi_ws/install/micro_ros_setup/./config/freertos/nucleo_f746zg/board.repos
[3.439s] -- Up-to-date: /home/pi/ros2_pi_ws/install/micro_ros_setup/./config/freertos/nucleo_f746zg/create.sh
[3.439s] -- Up-to-date: /home/pi/ros2_pi_ws/install/micro_ros_setup/./config/freertos/nucleo_f746zg/configure.sh
[3.440s] -- Up-to-date: /home/pi/ros2_pi_ws/install/micro_ros_setup/./config/freertos/nucleo_f746zg/client-colcon.meta
[3.440s] -- Up-to-date: /home/pi/ros2_pi_ws/install/micro_ros_setup/./config/freertos/nucleo_f746zg/build.sh
[3.450s] -- Up-to-date: /home/pi/ros2_pi_ws/install/micro_ros_setup/./config/freertos/nucleo_f746zg/package.xml
[3.454s] -- Up-to-date: /home/pi/ros2_pi_ws/install/micro_ros_setup/./config/freertos/nucleo_f746zg/flash.sh
[3.460s] -- Up-to-date: /home/pi/ros2_pi_ws/install/micro_ros_setup/./config/freertos/nucleo_f746zg/client_uros_packages.repos
[3.461s] -- Up-to-date: /home/pi/ros2_pi_ws/install/micro_ros_setup/./config/freertos/dev_ros2_packages.txt
[3.462s] -- Up-to-date: /home/pi/ros2_pi_ws/install/micro_ros_setup/./config/freertos/list_apps.sh
[3.462s] -- Up-to-date: /home/pi/ros2_pi_ws/install/micro_ros_setup/./config/freertos/nucleo_f446re
[3.464s] -- Up-to-date: /home/pi/ros2_pi_ws/install/micro_ros_setup/./config/freertos/nucleo_f446re/board.repos
[3.465s] -- Up-to-date: /home/pi/ros2_pi_ws/install/micro_ros_setup/./config/freertos/nucleo_f446re/create.sh
[3.467s] -- Up-to-date: /home/pi/ros2_pi_ws/install/micro_ros_setup/./config/freertos/nucleo_f446re/configure.sh
[3.468s] -- Up-to-date: /home/pi/ros2_pi_ws/install/micro_ros_setup/./config/freertos/nucleo_f446re/client-colcon.meta
[3.470s] -- Up-to-date: /home/pi/ros2_pi_ws/install/micro_ros_setup/./config/freertos/nucleo_f446re/build.sh
[3.474s] -- Up-to-date: /home/pi/ros2_pi_ws/install/micro_ros_setup/./config/freertos/nucleo_f446re/package.xml
[3.474s] -- Up-to-date: /home/pi/ros2_pi_ws/install/micro_ros_setup/./config/freertos/nucleo_f446re/flash.sh
[3.475s] -- Up-to-date: /home/pi/ros2_pi_ws/install/micro_ros_setup/./config/freertos/nucleo_f446re/client_uros_packages.repos
[3.476s] -- Up-to-date: /home/pi/ros2_pi_ws/install/micro_ros_setup/./config/freertos/nucleo_f446ze
[3.477s] -- Up-to-date: /home/pi/ros2_pi_ws/install/micro_ros_setup/./config/freertos/nucleo_f446ze/board.repos
[3.481s] -- Up-to-date: /home/pi/ros2_pi_ws/install/micro_ros_setup/./config/freertos/nucleo_f446ze/create.sh
[3.482s] -- Up-to-date: /home/pi/ros2_pi_ws/install/micro_ros_setup/./config/freertos/nucleo_f446ze/configure.sh
[3.483s] -- Up-to-date: /home/pi/ros2_pi_ws/install/micro_ros_setup/./config/freertos/nucleo_f446ze/client-colcon.meta
[3.484s] -- Up-to-date: /home/pi/ros2_pi_ws/install/micro_ros_setup/./config/freertos/nucleo_f446ze/build.sh
[3.486s] -- Up-to-date: /home/pi/ros2_pi_ws/install/micro_ros_setup/./config/freertos/nucleo_f446ze/package.xml
[3.489s] -- Up-to-date: /home/pi/ros2_pi_ws/install/micro_ros_setup/./config/freertos/nucleo_f446ze/flash.sh
[3.490s] -- Up-to-date: /home/pi/ros2_pi_ws/install/micro_ros_setup/./config/freertos/nucleo_f446ze/client_uros_packages.repos
[3.491s] -- Up-to-date: /home/pi/ros2_pi_ws/install/micro_ros_setup/./config/freertos/esp32
[3.494s] -- Up-to-date: /home/pi/ros2_pi_ws/install/micro_ros_setup/./config/freertos/esp32/board.repos
[3.501s] -- Up-to-date: /home/pi/ros2_pi_ws/install/micro_ros_setup/./config/freertos/esp32/create.sh
[3.502s] -- Up-to-date: /home/pi/ros2_pi_ws/install/micro_ros_setup/./config/freertos/esp32/configure.sh
[3.502s] -- Up-to-date: /home/pi/ros2_pi_ws/install/micro_ros_setup/./config/freertos/esp32/client-colcon.meta
[3.503s] -- Up-to-date: /home/pi/ros2_pi_ws/install/micro_ros_setup/./config/freertos/esp32/build.sh
[3.503s] -- Up-to-date: /home/pi/ros2_pi_ws/install/micro_ros_setup/./config/freertos/esp32/package.xml
[3.504s] -- Up-to-date: /home/pi/ros2_pi_ws/install/micro_ros_setup/./config/freertos/esp32/README.md
[3.504s] -- Up-to-date: /home/pi/ros2_pi_ws/install/micro_ros_setup/./config/freertos/esp32/flash.sh
[3.505s] -- Up-to-date: /home/pi/ros2_pi_ws/install/micro_ros_setup/./config/freertos/esp32/client_uros_packages.repos
[3.505s] -- Up-to-date: /home/pi/ros2_pi_ws/install/micro_ros_setup/./config/freertos/crazyflie21
[3.506s] -- Up-to-date: /home/pi/ros2_pi_ws/install/micro_ros_setup/./config/freertos/crazyflie21/board.repos
[3.506s] -- Up-to-date: /home/pi/ros2_pi_ws/install/micro_ros_setup/./config/freertos/crazyflie21/create.sh
[3.507s] -- Up-to-date: /home/pi/ros2_pi_ws/install/micro_ros_setup/./config/freertos/crazyflie21/configure.sh
[3.507s] -- Up-to-date: /home/pi/ros2_pi_ws/install/micro_ros_setup/./config/freertos/crazyflie21/client-colcon.meta
[3.508s] -- Up-to-date: /home/pi/ros2_pi_ws/install/micro_ros_setup/./config/freertos/crazyflie21/build.sh
[3.508s] -- Up-to-date: /home/pi/ros2_pi_ws/install/micro_ros_setup/./config/freertos/crazyflie21/package.xml
[3.509s] -- Up-to-date: /home/pi/ros2_pi_ws/install/micro_ros_setup/./config/freertos/crazyflie21/flash.sh
[3.510s] -- Up-to-date: /home/pi/ros2_pi_ws/install/micro_ros_setup/./config/freertos/crazyflie21/client_uros_packages.repos
[3.510s] -- Up-to-date: /home/pi/ros2_pi_ws/install/micro_ros_setup/./config/freertos/nucleo_f767zi
[3.529s] -- Up-to-date: /home/pi/ros2_pi_ws/install/micro_ros_setup/./config/freertos/nucleo_f767zi/board.repos
[3.529s] -- Up-to-date: /home/pi/ros2_pi_ws/install/micro_ros_setup/./config/freertos/nucleo_f767zi/create.sh
[3.530s] -- Up-to-date: /home/pi/ros2_pi_ws/install/micro_ros_setup/./config/freertos/nucleo_f767zi/configure.sh
[3.531s] -- Up-to-date: /home/pi/ros2_pi_ws/install/micro_ros_setup/./config/freertos/nucleo_f767zi/client-colcon.meta
[3.531s] -- Up-to-date: /home/pi/ros2_pi_ws/install/micro_ros_setup/./config/freertos/nucleo_f767zi/build.sh
[3.532s] -- Up-to-date: /home/pi/ros2_pi_ws/install/micro_ros_setup/./config/freertos/nucleo_f767zi/package.xml
[3.532s] -- Up-to-date: /home/pi/ros2_pi_ws/install/micro_ros_setup/./config/freertos/nucleo_f767zi/flash.sh
[3.533s] -- Up-to-date: /home/pi/ros2_pi_ws/install/micro_ros_setup/./config/freertos/nucleo_f767zi/client_uros_packages.repos
[3.533s] -- Up-to-date: /home/pi/ros2_pi_ws/install/micro_ros_setup/./config/zephyr
[3.534s] -- Up-to-date: /home/pi/ros2_pi_ws/install/micro_ros_setup/./config/zephyr/generic
[3.535s] -- Up-to-date: /home/pi/ros2_pi_ws/install/micro_ros_setup/./config/zephyr/generic/board.repos
[3.536s] -- Up-to-date: /home/pi/ros2_pi_ws/install/micro_ros_setup/./config/zephyr/generic/create.sh
[3.537s] -- Up-to-date: /home/pi/ros2_pi_ws/install/micro_ros_setup/./config/zephyr/generic/configure.sh
[3.537s] -- Up-to-date: /home/pi/ros2_pi_ws/install/micro_ros_setup/./config/zephyr/generic/client-colcon.meta
[3.538s] -- Up-to-date: /home/pi/ros2_pi_ws/install/micro_ros_setup/./config/zephyr/generic/build.sh
[3.538s] -- Up-to-date: /home/pi/ros2_pi_ws/install/micro_ros_setup/./config/zephyr/generic/package.xml
[3.539s] -- Up-to-date: /home/pi/ros2_pi_ws/install/micro_ros_setup/./config/zephyr/generic/flash.sh
[3.539s] -- Up-to-date: /home/pi/ros2_pi_ws/install/micro_ros_setup/./config/zephyr/generic/supported_platforms
[3.540s] -- Up-to-date: /home/pi/ros2_pi_ws/install/micro_ros_setup/./config/zephyr/generic/client_uros_packages.repos
[3.540s] -- Up-to-date: /home/pi/ros2_pi_ws/install/micro_ros_setup/./config/zephyr/dev_uros_packages.repos
[3.546s] -- Up-to-date: /home/pi/ros2_pi_ws/install/micro_ros_setup/./config/zephyr/dev_ros2_packages.txt
[3.547s] -- Up-to-date: /home/pi/ros2_pi_ws/install/micro_ros_setup/./config/zephyr/list_apps.sh
[3.547s] -- Up-to-date: /home/pi/ros2_pi_ws/install/micro_ros_setup/./config/raspbian
[3.548s] -- Up-to-date: /home/pi/ros2_pi_ws/install/micro_ros_setup/./config/raspbian/generic
[3.548s] -- Up-to-date: /home/pi/ros2_pi_ws/install/micro_ros_setup/./config/raspbian/generic/create.sh
[3.549s] -- Up-to-date: /home/pi/ros2_pi_ws/install/micro_ros_setup/./config/raspbian/generic/configure.sh
[3.550s] -- Up-to-date: /home/pi/ros2_pi_ws/install/micro_ros_setup/./config/raspbian/generic/client-colcon.meta
[3.550s] -- Up-to-date: /home/pi/ros2_pi_ws/install/micro_ros_setup/./config/raspbian/generic/build.sh
[3.551s] -- Up-to-date: /home/pi/ros2_pi_ws/install/micro_ros_setup/./config/raspbian/generic/flash.sh
[3.552s] -- Up-to-date: /home/pi/ros2_pi_ws/install/micro_ros_setup/./config/raspbian/generic/supported_platforms
[3.552s] -- Up-to-date: /home/pi/ros2_pi_ws/install/micro_ros_setup/./config/raspbian/generic/client_uros_packages.repos
[3.553s] -- Up-to-date: /home/pi/ros2_pi_ws/install/micro_ros_setup/./config/raspbian/dev_uros_packages.repos
[3.553s] -- Up-to-date: /home/pi/ros2_pi_ws/install/micro_ros_setup/./config/raspbian/dev_ros2_packages.txt
[3.554s] -- Up-to-date: /home/pi/ros2_pi_ws/install/micro_ros_setup/./config/utils.sh
[3.554s] -- Up-to-date: /home/pi/ros2_pi_ws/install/micro_ros_setup/./config/renesas_ra
[3.555s] -- Up-to-date: /home/pi/ros2_pi_ws/install/micro_ros_setup/./config/renesas_ra/dev_uros_packages.repos
[3.556s] -- Up-to-date: /home/pi/ros2_pi_ws/install/micro_ros_setup/./config/renesas_ra/ra6m5
[3.569s] -- Up-to-date: /home/pi/ros2_pi_ws/install/micro_ros_setup/./config/renesas_ra/ra6m5/board.repos
[3.570s] -- Up-to-date: /home/pi/ros2_pi_ws/install/micro_ros_setup/./config/renesas_ra/ra6m5/create.sh
[3.571s] -- Up-to-date: /home/pi/ros2_pi_ws/install/micro_ros_setup/./config/renesas_ra/ra6m5/configure.sh
[3.571s] -- Up-to-date: /home/pi/ros2_pi_ws/install/micro_ros_setup/./config/renesas_ra/ra6m5/client-colcon.meta
[3.572s] -- Up-to-date: /home/pi/ros2_pi_ws/install/micro_ros_setup/./config/renesas_ra/ra6m5/build.sh
[3.573s] -- Up-to-date: /home/pi/ros2_pi_ws/install/micro_ros_setup/./config/renesas_ra/ra6m5/flash.sh
[3.573s] -- Up-to-date: /home/pi/ros2_pi_ws/install/micro_ros_setup/./config/renesas_ra/ra6m5/client_uros_packages.repos
[3.574s] -- Up-to-date: /home/pi/ros2_pi_ws/install/micro_ros_setup/./config/renesas_ra/dev_ros2_packages.txt
[3.574s] -- Up-to-date: /home/pi/ros2_pi_ws/install/micro_ros_setup/./config/renesas_ra/list_apps.sh
[3.575s] -- Up-to-date: /home/pi/ros2_pi_ws/install/micro_ros_setup/./config/client_ros2_packages.txt
[3.575s] -- Up-to-date: /home/pi/ros2_pi_ws/install/micro_ros_setup/./config/client_uros_packages.repos
[3.575s] -- Up-to-date: /home/pi/ros2_pi_ws/install/micro_ros_setup/./config/android
[3.576s] -- Up-to-date: /home/pi/ros2_pi_ws/install/micro_ros_setup/./config/android/generic
[3.587s] -- Up-to-date: /home/pi/ros2_pi_ws/install/micro_ros_setup/./config/android/generic/create.sh
[3.589s] -- Up-to-date: /home/pi/ros2_pi_ws/install/micro_ros_setup/./config/android/generic/client-colcon.meta
[3.589s] -- Up-to-date: /home/pi/ros2_pi_ws/install/micro_ros_setup/./config/android/generic/build.sh
[3.591s] -- Up-to-date: /home/pi/ros2_pi_ws/install/micro_ros_setup/./config/android/generic/package.xml
[3.592s] -- Up-to-date: /home/pi/ros2_pi_ws/install/micro_ros_setup/./config/android/generic/flash.sh
[3.593s] -- Up-to-date: /home/pi/ros2_pi_ws/install/micro_ros_setup/./config/android/generic/client_uros_packages.repos
[3.594s] -- Up-to-date: /home/pi/ros2_pi_ws/install/micro_ros_setup/./config/android/dev_uros_packages.repos
[3.595s] -- Up-to-date: /home/pi/ros2_pi_ws/install/micro_ros_setup/./config/android/dev_ros2_packages.txt
[3.596s] -- Up-to-date: /home/pi/ros2_pi_ws/install/micro_ros_setup/lib/micro_ros_setup/create_ws.sh
[3.596s] -- Up-to-date: /home/pi/ros2_pi_ws/install/micro_ros_setup/lib/micro_ros_setup/create_agent_ws.sh
[3.597s] -- Up-to-date: /home/pi/ros2_pi_ws/install/micro_ros_setup/lib/micro_ros_setup/create_firmware_ws.sh
[3.598s] -- Up-to-date: /home/pi/ros2_pi_ws/install/micro_ros_setup/lib/micro_ros_setup/configure_firmware.sh
[3.599s] -- Up-to-date: /home/pi/ros2_pi_ws/install/micro_ros_setup/lib/micro_ros_setup/flash_firmware.sh
[3.599s] -- Up-to-date: /home/pi/ros2_pi_ws/install/micro_ros_setup/lib/micro_ros_setup/build_firmware.sh
[3.600s] -- Up-to-date: /home/pi/ros2_pi_ws/install/micro_ros_setup/lib/micro_ros_setup/build_agent.sh
[3.614s] -- Up-to-date: /home/pi/ros2_pi_ws/install/micro_ros_setup/lib/micro_ros_setup/yaml_filter.py
[3.616s] -- Up-to-date: /home/pi/ros2_pi_ws/install/micro_ros_setup/lib/micro_ros_setup/clean_env.sh
[3.617s] -- Up-to-date: /home/pi/ros2_pi_ws/install/micro_ros_setup/lib/micro_ros_setup/component
[3.623s] Invoked command in '/home/pi/ros2_pi_ws/build/micro_ros_setup' returned '0': CMAKE_PREFIX_PATH=${CMAKE_PREFIX_PATH}:/home/pi/ros2_pi_ws/install/ros2_opencv:/home/pi/ros2_pi_ws/install/opencv_tools:/home/pi/ros2_pi_ws/install/myrobot:/home/pi/ros2_pi_ws/install/motor_control:/home/pi/ros2_pi_ws/install/camera_publisher:/opt/ros/humble /usr/bin/cmake --install /home/pi/ros2_pi_ws/build/micro_ros_setup
