[0.683s] DEBUG:colcon:Command line arguments: ['/usr/bin/colcon', 'build']
[0.683s] DEBUG:colcon:Parsed command line arguments: Namespace(log_base=None, log_level=None, verb_name='build', build_base='build', install_base='install', merge_install=False, symlink_install=False, test_result_base=None, continue_on_error=False, executor='parallel', parallel_workers=4, event_handlers=None, ignore_user_meta=False, metas=['./colcon.meta'], base_paths=['.'], packages_ignore=None, packages_ignore_regex=None, paths=None, packages_up_to=None, packages_up_to_regex=None, packages_above=None, packages_above_and_dependencies=None, packages_above_depth=None, packages_select_by_dep=None, packages_skip_by_dep=None, packages_skip_up_to=None, packages_select_build_failed=False, packages_skip_build_finished=False, packages_select_test_failures=False, packages_skip_test_passed=False, packages_select=None, packages_skip=None, packages_select_regex=None, packages_skip_regex=None, packages_start=None, packages_end=None, allow_overriding=[], cmake_args=None, cmake_target=None, cmake_target_skip_unavailable=False, cmake_clean_cache=False, cmake_clean_first=False, cmake_force_configure=False, ament_cmake_args=None, catkin_cmake_args=None, catkin_skip_building_tests=False, mixin_files=None, mixin=None, verb_parser=<colcon_mixin.mixin.mixin_argument.MixinArgumentDecorator object at 0xffffa29e85e0>, verb_extension=<colcon_core.verb.build.BuildVerb object at 0xffffa2b0cb50>, main=<bound method BuildVerb.main of <colcon_core.verb.build.BuildVerb object at 0xffffa2b0cb50>>, mixin_verb=('build',))
[1.437s] Level 1:colcon.colcon_core.package_discovery:discover_packages(colcon_meta) check parameters
[1.438s] Level 1:colcon.colcon_core.package_discovery:discover_packages(recursive) check parameters
[1.438s] Level 1:colcon.colcon_core.package_discovery:discover_packages(ignore) check parameters
[1.438s] Level 1:colcon.colcon_core.package_discovery:discover_packages(path) check parameters
[1.438s] Level 1:colcon.colcon_core.package_discovery:discover_packages(colcon_meta) discover
[1.438s] Level 1:colcon.colcon_core.package_discovery:discover_packages(recursive) discover
[1.439s] INFO:colcon.colcon_core.package_discovery:Crawling recursively for packages in '/home/pi/ros2_pi_ws'
[1.439s] Level 1:colcon.colcon_core.package_identification:_identify(.) by extensions ['ignore', 'ignore_ament_install']
[1.439s] Level 1:colcon.colcon_core.package_identification:_identify(.) by extension 'ignore'
[1.440s] Level 1:colcon.colcon_core.package_identification:_identify(.) by extension 'ignore_ament_install'
[1.440s] Level 1:colcon.colcon_core.package_identification:_identify(.) by extensions ['colcon_pkg']
[1.440s] Level 1:colcon.colcon_core.package_identification:_identify(.) by extension 'colcon_pkg'
[1.440s] Level 1:colcon.colcon_core.package_identification:_identify(.) by extensions ['colcon_meta']
[1.441s] Level 1:colcon.colcon_core.package_identification:_identify(.) by extension 'colcon_meta'
[1.441s] Level 1:colcon.colcon_core.package_identification:_identify(.) by extensions ['ros']
[1.441s] Level 1:colcon.colcon_core.package_identification:_identify(.) by extension 'ros'
[1.490s] Level 1:colcon.colcon_core.package_identification:_identify(.) by extensions ['cmake', 'python']
[1.490s] Level 1:colcon.colcon_core.package_identification:_identify(.) by extension 'cmake'
[1.490s] Level 1:colcon.colcon_core.package_identification:_identify(.) by extension 'python'
[1.490s] Level 1:colcon.colcon_core.package_identification:_identify(.) by extensions ['python_setup_py']
[1.490s] Level 1:colcon.colcon_core.package_identification:_identify(.) by extension 'python_setup_py'
[1.491s] Level 1:colcon.colcon_core.package_identification:_identify(build) by extensions ['ignore', 'ignore_ament_install']
[1.491s] Level 1:colcon.colcon_core.package_identification:_identify(build) by extension 'ignore'
[1.491s] Level 1:colcon.colcon_core.package_identification:_identify(build) ignored
[1.492s] Level 1:colcon.colcon_core.package_identification:_identify(install) by extensions ['ignore', 'ignore_ament_install']
[1.492s] Level 1:colcon.colcon_core.package_identification:_identify(install) by extension 'ignore'
[1.493s] Level 1:colcon.colcon_core.package_identification:_identify(install) ignored
[1.493s] Level 1:colcon.colcon_core.package_identification:_identify(log) by extensions ['ignore', 'ignore_ament_install']
[1.494s] Level 1:colcon.colcon_core.package_identification:_identify(log) by extension 'ignore'
[1.494s] Level 1:colcon.colcon_core.package_identification:_identify(log) ignored
[1.494s] Level 1:colcon.colcon_core.package_identification:_identify(src) by extensions ['ignore', 'ignore_ament_install']
[1.494s] Level 1:colcon.colcon_core.package_identification:_identify(src) by extension 'ignore'
[1.495s] Level 1:colcon.colcon_core.package_identification:_identify(src) by extension 'ignore_ament_install'
[1.495s] Level 1:colcon.colcon_core.package_identification:_identify(src) by extensions ['colcon_pkg']
[1.495s] Level 1:colcon.colcon_core.package_identification:_identify(src) by extension 'colcon_pkg'
[1.495s] Level 1:colcon.colcon_core.package_identification:_identify(src) by extensions ['colcon_meta']
[1.495s] Level 1:colcon.colcon_core.package_identification:_identify(src) by extension 'colcon_meta'
[1.495s] Level 1:colcon.colcon_core.package_identification:_identify(src) by extensions ['ros']
[1.496s] Level 1:colcon.colcon_core.package_identification:_identify(src) by extension 'ros'
[1.496s] Level 1:colcon.colcon_core.package_identification:_identify(src) by extensions ['cmake', 'python']
[1.496s] Level 1:colcon.colcon_core.package_identification:_identify(src) by extension 'cmake'
[1.496s] Level 1:colcon.colcon_core.package_identification:_identify(src) by extension 'python'
[1.496s] Level 1:colcon.colcon_core.package_identification:_identify(src) by extensions ['python_setup_py']
[1.496s] Level 1:colcon.colcon_core.package_identification:_identify(src) by extension 'python_setup_py'
[1.497s] Level 1:colcon.colcon_core.package_identification:_identify(src/micro_ros_setup) by extensions ['ignore', 'ignore_ament_install']
[1.497s] Level 1:colcon.colcon_core.package_identification:_identify(src/micro_ros_setup) by extension 'ignore'
[1.497s] Level 1:colcon.colcon_core.package_identification:_identify(src/micro_ros_setup) by extension 'ignore_ament_install'
[1.498s] Level 1:colcon.colcon_core.package_identification:_identify(src/micro_ros_setup) by extensions ['colcon_pkg']
[1.498s] Level 1:colcon.colcon_core.package_identification:_identify(src/micro_ros_setup) by extension 'colcon_pkg'
[1.498s] Level 1:colcon.colcon_core.package_identification:_identify(src/micro_ros_setup) by extensions ['colcon_meta']
[1.498s] Level 1:colcon.colcon_core.package_identification:_identify(src/micro_ros_setup) by extension 'colcon_meta'
[1.498s] Level 1:colcon.colcon_core.package_identification:_identify(src/micro_ros_setup) by extensions ['ros']
[1.498s] Level 1:colcon.colcon_core.package_identification:_identify(src/micro_ros_setup) by extension 'ros'
[1.507s] DEBUG:colcon.colcon_core.package_identification:Package 'src/micro_ros_setup' with type 'ros.ament_cmake' and name 'micro_ros_setup'
[1.508s] Level 1:colcon.colcon_core.package_identification:_identify(src/motor_control) by extensions ['ignore', 'ignore_ament_install']
[1.508s] Level 1:colcon.colcon_core.package_identification:_identify(src/motor_control) by extension 'ignore'
[1.509s] Level 1:colcon.colcon_core.package_identification:_identify(src/motor_control) by extension 'ignore_ament_install'
[1.509s] Level 1:colcon.colcon_core.package_identification:_identify(src/motor_control) by extensions ['colcon_pkg']
[1.509s] Level 1:colcon.colcon_core.package_identification:_identify(src/motor_control) by extension 'colcon_pkg'
[1.509s] Level 1:colcon.colcon_core.package_identification:_identify(src/motor_control) by extensions ['colcon_meta']
[1.509s] Level 1:colcon.colcon_core.package_identification:_identify(src/motor_control) by extension 'colcon_meta'
[1.510s] Level 1:colcon.colcon_core.package_identification:_identify(src/motor_control) by extensions ['ros']
[1.510s] Level 1:colcon.colcon_core.package_identification:_identify(src/motor_control) by extension 'ros'
[1.512s] DEBUG:colcon.colcon_core.package_identification:Package 'src/motor_control' with type 'ros.ament_python' and name 'motor_control'
[1.512s] Level 1:colcon.colcon_core.package_identification:_identify(src/myrobot) by extensions ['ignore', 'ignore_ament_install']
[1.513s] Level 1:colcon.colcon_core.package_identification:_identify(src/myrobot) by extension 'ignore'
[1.513s] Level 1:colcon.colcon_core.package_identification:_identify(src/myrobot) by extension 'ignore_ament_install'
[1.513s] Level 1:colcon.colcon_core.package_identification:_identify(src/myrobot) by extensions ['colcon_pkg']
[1.513s] Level 1:colcon.colcon_core.package_identification:_identify(src/myrobot) by extension 'colcon_pkg'
[1.513s] Level 1:colcon.colcon_core.package_identification:_identify(src/myrobot) by extensions ['colcon_meta']
[1.514s] Level 1:colcon.colcon_core.package_identification:_identify(src/myrobot) by extension 'colcon_meta'
[1.514s] Level 1:colcon.colcon_core.package_identification:_identify(src/myrobot) by extensions ['ros']
[1.514s] Level 1:colcon.colcon_core.package_identification:_identify(src/myrobot) by extension 'ros'
[1.516s] DEBUG:colcon.colcon_core.package_identification:Package 'src/myrobot' with type 'ros.ament_python' and name 'myrobot'
[1.517s] Level 1:colcon.colcon_core.package_identification:_identify(src/opencv_tools) by extensions ['ignore', 'ignore_ament_install']
[1.517s] Level 1:colcon.colcon_core.package_identification:_identify(src/opencv_tools) by extension 'ignore'
[1.517s] Level 1:colcon.colcon_core.package_identification:_identify(src/opencv_tools) by extension 'ignore_ament_install'
[1.518s] Level 1:colcon.colcon_core.package_identification:_identify(src/opencv_tools) by extensions ['colcon_pkg']
[1.518s] Level 1:colcon.colcon_core.package_identification:_identify(src/opencv_tools) by extension 'colcon_pkg'
[1.518s] Level 1:colcon.colcon_core.package_identification:_identify(src/opencv_tools) by extensions ['colcon_meta']
[1.518s] Level 1:colcon.colcon_core.package_identification:_identify(src/opencv_tools) by extension 'colcon_meta'
[1.518s] Level 1:colcon.colcon_core.package_identification:_identify(src/opencv_tools) by extensions ['ros']
[1.518s] Level 1:colcon.colcon_core.package_identification:_identify(src/opencv_tools) by extension 'ros'
[1.523s] DEBUG:colcon.colcon_core.package_identification:Package 'src/opencv_tools' with type 'ros.ament_python' and name 'opencv_tools'
[1.523s] Level 1:colcon.colcon_core.package_identification:_identify(src/robot_odom) by extensions ['ignore', 'ignore_ament_install']
[1.523s] Level 1:colcon.colcon_core.package_identification:_identify(src/robot_odom) by extension 'ignore'
[1.524s] Level 1:colcon.colcon_core.package_identification:_identify(src/robot_odom) by extension 'ignore_ament_install'
[1.524s] Level 1:colcon.colcon_core.package_identification:_identify(src/robot_odom) by extensions ['colcon_pkg']
[1.524s] Level 1:colcon.colcon_core.package_identification:_identify(src/robot_odom) by extension 'colcon_pkg'
[1.524s] Level 1:colcon.colcon_core.package_identification:_identify(src/robot_odom) by extensions ['colcon_meta']
[1.524s] Level 1:colcon.colcon_core.package_identification:_identify(src/robot_odom) by extension 'colcon_meta'
[1.525s] Level 1:colcon.colcon_core.package_identification:_identify(src/robot_odom) by extensions ['ros']
[1.525s] Level 1:colcon.colcon_core.package_identification:_identify(src/robot_odom) by extension 'ros'
[1.528s] DEBUG:colcon.colcon_core.package_identification:Package 'src/robot_odom' with type 'ros.ament_cmake' and name 'robot_odom'
[1.529s] Level 1:colcon.colcon_core.package_identification:_identify(src/uros) by extensions ['ignore', 'ignore_ament_install']
[1.529s] Level 1:colcon.colcon_core.package_identification:_identify(src/uros) by extension 'ignore'
[1.529s] Level 1:colcon.colcon_core.package_identification:_identify(src/uros) by extension 'ignore_ament_install'
[1.530s] Level 1:colcon.colcon_core.package_identification:_identify(src/uros) by extensions ['colcon_pkg']
[1.530s] Level 1:colcon.colcon_core.package_identification:_identify(src/uros) by extension 'colcon_pkg'
[1.530s] Level 1:colcon.colcon_core.package_identification:_identify(src/uros) by extensions ['colcon_meta']
[1.530s] Level 1:colcon.colcon_core.package_identification:_identify(src/uros) by extension 'colcon_meta'
[1.530s] Level 1:colcon.colcon_core.package_identification:_identify(src/uros) by extensions ['ros']
[1.530s] Level 1:colcon.colcon_core.package_identification:_identify(src/uros) by extension 'ros'
[1.531s] Level 1:colcon.colcon_core.package_identification:_identify(src/uros) by extensions ['cmake', 'python']
[1.531s] Level 1:colcon.colcon_core.package_identification:_identify(src/uros) by extension 'cmake'
[1.531s] Level 1:colcon.colcon_core.package_identification:_identify(src/uros) by extension 'python'
[1.531s] Level 1:colcon.colcon_core.package_identification:_identify(src/uros) by extensions ['python_setup_py']
[1.531s] Level 1:colcon.colcon_core.package_identification:_identify(src/uros) by extension 'python_setup_py'
[1.532s] Level 1:colcon.colcon_core.package_identification:_identify(src/uros/micro-ROS-Agent) by extensions ['ignore', 'ignore_ament_install']
[1.532s] Level 1:colcon.colcon_core.package_identification:_identify(src/uros/micro-ROS-Agent) by extension 'ignore'
[1.532s] Level 1:colcon.colcon_core.package_identification:_identify(src/uros/micro-ROS-Agent) by extension 'ignore_ament_install'
[1.533s] Level 1:colcon.colcon_core.package_identification:_identify(src/uros/micro-ROS-Agent) by extensions ['colcon_pkg']
[1.533s] Level 1:colcon.colcon_core.package_identification:_identify(src/uros/micro-ROS-Agent) by extension 'colcon_pkg'
[1.533s] Level 1:colcon.colcon_core.package_identification:_identify(src/uros/micro-ROS-Agent) by extensions ['colcon_meta']
[1.533s] Level 1:colcon.colcon_core.package_identification:_identify(src/uros/micro-ROS-Agent) by extension 'colcon_meta'
[1.533s] Level 1:colcon.colcon_core.package_identification:_identify(src/uros/micro-ROS-Agent) by extensions ['ros']
[1.533s] Level 1:colcon.colcon_core.package_identification:_identify(src/uros/micro-ROS-Agent) by extension 'ros'
[1.534s] Level 1:colcon.colcon_core.package_identification:_identify(src/uros/micro-ROS-Agent) by extensions ['cmake', 'python']
[1.534s] Level 1:colcon.colcon_core.package_identification:_identify(src/uros/micro-ROS-Agent) by extension 'cmake'
[1.534s] Level 1:colcon.colcon_core.package_identification:_identify(src/uros/micro-ROS-Agent) by extension 'python'
[1.534s] Level 1:colcon.colcon_core.package_identification:_identify(src/uros/micro-ROS-Agent) by extensions ['python_setup_py']
[1.534s] Level 1:colcon.colcon_core.package_identification:_identify(src/uros/micro-ROS-Agent) by extension 'python_setup_py'
[1.535s] Level 1:colcon.colcon_core.package_identification:_identify(src/uros/micro-ROS-Agent/micro_ros_agent) by extensions ['ignore', 'ignore_ament_install']
[1.535s] Level 1:colcon.colcon_core.package_identification:_identify(src/uros/micro-ROS-Agent/micro_ros_agent) by extension 'ignore'
[1.535s] Level 1:colcon.colcon_core.package_identification:_identify(src/uros/micro-ROS-Agent/micro_ros_agent) by extension 'ignore_ament_install'
[1.535s] Level 1:colcon.colcon_core.package_identification:_identify(src/uros/micro-ROS-Agent/micro_ros_agent) by extensions ['colcon_pkg']
[1.536s] Level 1:colcon.colcon_core.package_identification:_identify(src/uros/micro-ROS-Agent/micro_ros_agent) by extension 'colcon_pkg'
[1.536s] Level 1:colcon.colcon_core.package_identification:_identify(src/uros/micro-ROS-Agent/micro_ros_agent) by extensions ['colcon_meta']
[1.536s] Level 1:colcon.colcon_core.package_identification:_identify(src/uros/micro-ROS-Agent/micro_ros_agent) by extension 'colcon_meta'
[1.536s] Level 1:colcon.colcon_core.package_identification:_identify(src/uros/micro-ROS-Agent/micro_ros_agent) by extensions ['ros']
[1.536s] Level 1:colcon.colcon_core.package_identification:_identify(src/uros/micro-ROS-Agent/micro_ros_agent) by extension 'ros'
[1.540s] DEBUG:colcon.colcon_core.package_identification:Package 'src/uros/micro-ROS-Agent/micro_ros_agent' with type 'ros.ament_cmake' and name 'micro_ros_agent'
[1.540s] Level 1:colcon.colcon_core.package_identification:_identify(src/uros/micro-ROS-Agent/snap) by extensions ['ignore', 'ignore_ament_install']
[1.541s] Level 1:colcon.colcon_core.package_identification:_identify(src/uros/micro-ROS-Agent/snap) by extension 'ignore'
[1.541s] Level 1:colcon.colcon_core.package_identification:_identify(src/uros/micro-ROS-Agent/snap) by extension 'ignore_ament_install'
[1.541s] Level 1:colcon.colcon_core.package_identification:_identify(src/uros/micro-ROS-Agent/snap) by extensions ['colcon_pkg']
[1.541s] Level 1:colcon.colcon_core.package_identification:_identify(src/uros/micro-ROS-Agent/snap) by extension 'colcon_pkg'
[1.541s] Level 1:colcon.colcon_core.package_identification:_identify(src/uros/micro-ROS-Agent/snap) by extensions ['colcon_meta']
[1.542s] Level 1:colcon.colcon_core.package_identification:_identify(src/uros/micro-ROS-Agent/snap) by extension 'colcon_meta'
[1.542s] Level 1:colcon.colcon_core.package_identification:_identify(src/uros/micro-ROS-Agent/snap) by extensions ['ros']
[1.542s] Level 1:colcon.colcon_core.package_identification:_identify(src/uros/micro-ROS-Agent/snap) by extension 'ros'
[1.542s] Level 1:colcon.colcon_core.package_identification:_identify(src/uros/micro-ROS-Agent/snap) by extensions ['cmake', 'python']
[1.542s] Level 1:colcon.colcon_core.package_identification:_identify(src/uros/micro-ROS-Agent/snap) by extension 'cmake'
[1.543s] Level 1:colcon.colcon_core.package_identification:_identify(src/uros/micro-ROS-Agent/snap) by extension 'python'
[1.543s] Level 1:colcon.colcon_core.package_identification:_identify(src/uros/micro-ROS-Agent/snap) by extensions ['python_setup_py']
[1.543s] Level 1:colcon.colcon_core.package_identification:_identify(src/uros/micro-ROS-Agent/snap) by extension 'python_setup_py'
[1.543s] Level 1:colcon.colcon_core.package_identification:_identify(src/uros/micro-ROS-Agent/snap/hooks) by extensions ['ignore', 'ignore_ament_install']
[1.544s] Level 1:colcon.colcon_core.package_identification:_identify(src/uros/micro-ROS-Agent/snap/hooks) by extension 'ignore'
[1.544s] Level 1:colcon.colcon_core.package_identification:_identify(src/uros/micro-ROS-Agent/snap/hooks) by extension 'ignore_ament_install'
[1.544s] Level 1:colcon.colcon_core.package_identification:_identify(src/uros/micro-ROS-Agent/snap/hooks) by extensions ['colcon_pkg']
[1.544s] Level 1:colcon.colcon_core.package_identification:_identify(src/uros/micro-ROS-Agent/snap/hooks) by extension 'colcon_pkg'
[1.544s] Level 1:colcon.colcon_core.package_identification:_identify(src/uros/micro-ROS-Agent/snap/hooks) by extensions ['colcon_meta']
[1.544s] Level 1:colcon.colcon_core.package_identification:_identify(src/uros/micro-ROS-Agent/snap/hooks) by extension 'colcon_meta'
[1.545s] Level 1:colcon.colcon_core.package_identification:_identify(src/uros/micro-ROS-Agent/snap/hooks) by extensions ['ros']
[1.545s] Level 1:colcon.colcon_core.package_identification:_identify(src/uros/micro-ROS-Agent/snap/hooks) by extension 'ros'
[1.545s] Level 1:colcon.colcon_core.package_identification:_identify(src/uros/micro-ROS-Agent/snap/hooks) by extensions ['cmake', 'python']
[1.545s] Level 1:colcon.colcon_core.package_identification:_identify(src/uros/micro-ROS-Agent/snap/hooks) by extension 'cmake'
[1.546s] Level 1:colcon.colcon_core.package_identification:_identify(src/uros/micro-ROS-Agent/snap/hooks) by extension 'python'
[1.546s] Level 1:colcon.colcon_core.package_identification:_identify(src/uros/micro-ROS-Agent/snap/hooks) by extensions ['python_setup_py']
[1.546s] Level 1:colcon.colcon_core.package_identification:_identify(src/uros/micro-ROS-Agent/snap/hooks) by extension 'python_setup_py'
[1.546s] Level 1:colcon.colcon_core.package_identification:_identify(src/uros/micro-ROS-Agent/snap/local) by extensions ['ignore', 'ignore_ament_install']
[1.547s] Level 1:colcon.colcon_core.package_identification:_identify(src/uros/micro-ROS-Agent/snap/local) by extension 'ignore'
[1.547s] Level 1:colcon.colcon_core.package_identification:_identify(src/uros/micro-ROS-Agent/snap/local) by extension 'ignore_ament_install'
[1.547s] Level 1:colcon.colcon_core.package_identification:_identify(src/uros/micro-ROS-Agent/snap/local) by extensions ['colcon_pkg']
[1.547s] Level 1:colcon.colcon_core.package_identification:_identify(src/uros/micro-ROS-Agent/snap/local) by extension 'colcon_pkg'
[1.547s] Level 1:colcon.colcon_core.package_identification:_identify(src/uros/micro-ROS-Agent/snap/local) by extensions ['colcon_meta']
[1.547s] Level 1:colcon.colcon_core.package_identification:_identify(src/uros/micro-ROS-Agent/snap/local) by extension 'colcon_meta'
[1.548s] Level 1:colcon.colcon_core.package_identification:_identify(src/uros/micro-ROS-Agent/snap/local) by extensions ['ros']
[1.548s] Level 1:colcon.colcon_core.package_identification:_identify(src/uros/micro-ROS-Agent/snap/local) by extension 'ros'
[1.548s] Level 1:colcon.colcon_core.package_identification:_identify(src/uros/micro-ROS-Agent/snap/local) by extensions ['cmake', 'python']
[1.548s] Level 1:colcon.colcon_core.package_identification:_identify(src/uros/micro-ROS-Agent/snap/local) by extension 'cmake'
[1.548s] Level 1:colcon.colcon_core.package_identification:_identify(src/uros/micro-ROS-Agent/snap/local) by extension 'python'
[1.549s] Level 1:colcon.colcon_core.package_identification:_identify(src/uros/micro-ROS-Agent/snap/local) by extensions ['python_setup_py']
[1.549s] Level 1:colcon.colcon_core.package_identification:_identify(src/uros/micro-ROS-Agent/snap/local) by extension 'python_setup_py'
[1.549s] Level 1:colcon.colcon_core.package_identification:_identify(src/uros/micro_ros_msgs) by extensions ['ignore', 'ignore_ament_install']
[1.550s] Level 1:colcon.colcon_core.package_identification:_identify(src/uros/micro_ros_msgs) by extension 'ignore'
[1.550s] Level 1:colcon.colcon_core.package_identification:_identify(src/uros/micro_ros_msgs) by extension 'ignore_ament_install'
[1.550s] Level 1:colcon.colcon_core.package_identification:_identify(src/uros/micro_ros_msgs) by extensions ['colcon_pkg']
[1.550s] Level 1:colcon.colcon_core.package_identification:_identify(src/uros/micro_ros_msgs) by extension 'colcon_pkg'
[1.550s] Level 1:colcon.colcon_core.package_identification:_identify(src/uros/micro_ros_msgs) by extensions ['colcon_meta']
[1.550s] Level 1:colcon.colcon_core.package_identification:_identify(src/uros/micro_ros_msgs) by extension 'colcon_meta'
[1.551s] Level 1:colcon.colcon_core.package_identification:_identify(src/uros/micro_ros_msgs) by extensions ['ros']
[1.551s] Level 1:colcon.colcon_core.package_identification:_identify(src/uros/micro_ros_msgs) by extension 'ros'
[1.553s] DEBUG:colcon.colcon_core.package_identification:Package 'src/uros/micro_ros_msgs' with type 'ros.ament_cmake' and name 'micro_ros_msgs'
[1.553s] Level 1:colcon.colcon_core.package_discovery:discover_packages(recursive) using defaults
[1.553s] Level 1:colcon.colcon_core.package_discovery:discover_packages(ignore) discover
[1.553s] Level 1:colcon.colcon_core.package_discovery:discover_packages(ignore) using defaults
[1.553s] Level 1:colcon.colcon_core.package_discovery:discover_packages(path) discover
[1.554s] Level 1:colcon.colcon_core.package_discovery:discover_packages(path) using defaults
[1.657s] Level 1:colcon.colcon_core.package_discovery:discover_packages(prefix_path) check parameters
[1.657s] Level 1:colcon.colcon_core.package_discovery:discover_packages(prefix_path) discover
[1.674s] DEBUG:colcon.colcon_installed_package_information.package_discovery:Found 7 installed packages in /home/pi/ros2_pi_ws/install
[1.681s] DEBUG:colcon.colcon_installed_package_information.package_discovery:Found 204 installed packages in /opt/ros/humble
[1.686s] Level 1:colcon.colcon_core.package_discovery:discover_packages(prefix_path) using defaults
[1.855s] Level 5:colcon.colcon_core.verb:set package 'micro_ros_msgs' build argument 'cmake_args' from command line to 'None'
[1.855s] Level 5:colcon.colcon_core.verb:set package 'micro_ros_msgs' build argument 'cmake_target' from command line to 'None'
[1.855s] Level 5:colcon.colcon_core.verb:set package 'micro_ros_msgs' build argument 'cmake_target_skip_unavailable' from command line to 'False'
[1.855s] Level 5:colcon.colcon_core.verb:set package 'micro_ros_msgs' build argument 'cmake_clean_cache' from command line to 'False'
[1.855s] Level 5:colcon.colcon_core.verb:set package 'micro_ros_msgs' build argument 'cmake_clean_first' from command line to 'False'
[1.856s] Level 5:colcon.colcon_core.verb:set package 'micro_ros_msgs' build argument 'cmake_force_configure' from command line to 'False'
[1.856s] Level 5:colcon.colcon_core.verb:set package 'micro_ros_msgs' build argument 'ament_cmake_args' from command line to 'None'
[1.856s] Level 5:colcon.colcon_core.verb:set package 'micro_ros_msgs' build argument 'catkin_cmake_args' from command line to 'None'
[1.856s] Level 5:colcon.colcon_core.verb:set package 'micro_ros_msgs' build argument 'catkin_skip_building_tests' from command line to 'False'
[1.856s] DEBUG:colcon.colcon_core.verb:Building package 'micro_ros_msgs' with the following arguments: {'ament_cmake_args': None, 'build_base': '/home/pi/ros2_pi_ws/build/micro_ros_msgs', 'catkin_cmake_args': None, 'catkin_skip_building_tests': False, 'cmake_args': None, 'cmake_clean_cache': False, 'cmake_clean_first': False, 'cmake_force_configure': False, 'cmake_target': None, 'cmake_target_skip_unavailable': False, 'install_base': '/home/pi/ros2_pi_ws/install/micro_ros_msgs', 'merge_install': False, 'path': '/home/pi/ros2_pi_ws/src/uros/micro_ros_msgs', 'symlink_install': False, 'test_result_base': None}
[1.857s] Level 5:colcon.colcon_core.verb:set package 'micro_ros_setup' build argument 'cmake_args' from command line to 'None'
[1.858s] Level 5:colcon.colcon_core.verb:set package 'micro_ros_setup' build argument 'cmake_target' from command line to 'None'
[1.858s] Level 5:colcon.colcon_core.verb:set package 'micro_ros_setup' build argument 'cmake_target_skip_unavailable' from command line to 'False'
[1.858s] Level 5:colcon.colcon_core.verb:set package 'micro_ros_setup' build argument 'cmake_clean_cache' from command line to 'False'
[1.858s] Level 5:colcon.colcon_core.verb:set package 'micro_ros_setup' build argument 'cmake_clean_first' from command line to 'False'
[1.858s] Level 5:colcon.colcon_core.verb:set package 'micro_ros_setup' build argument 'cmake_force_configure' from command line to 'False'
[1.858s] Level 5:colcon.colcon_core.verb:set package 'micro_ros_setup' build argument 'ament_cmake_args' from command line to 'None'
[1.858s] Level 5:colcon.colcon_core.verb:set package 'micro_ros_setup' build argument 'catkin_cmake_args' from command line to 'None'
[1.858s] Level 5:colcon.colcon_core.verb:set package 'micro_ros_setup' build argument 'catkin_skip_building_tests' from command line to 'False'
[1.858s] DEBUG:colcon.colcon_core.verb:Building package 'micro_ros_setup' with the following arguments: {'ament_cmake_args': None, 'build_base': '/home/pi/ros2_pi_ws/build/micro_ros_setup', 'catkin_cmake_args': None, 'catkin_skip_building_tests': False, 'cmake_args': None, 'cmake_clean_cache': False, 'cmake_clean_first': False, 'cmake_force_configure': False, 'cmake_target': None, 'cmake_target_skip_unavailable': False, 'install_base': '/home/pi/ros2_pi_ws/install/micro_ros_setup', 'merge_install': False, 'path': '/home/pi/ros2_pi_ws/src/micro_ros_setup', 'symlink_install': False, 'test_result_base': None}
[1.860s] Level 5:colcon.colcon_core.verb:set package 'motor_control' build argument 'cmake_args' from command line to 'None'
[1.860s] Level 5:colcon.colcon_core.verb:set package 'motor_control' build argument 'cmake_target' from command line to 'None'
[1.860s] Level 5:colcon.colcon_core.verb:set package 'motor_control' build argument 'cmake_target_skip_unavailable' from command line to 'False'
[1.860s] Level 5:colcon.colcon_core.verb:set package 'motor_control' build argument 'cmake_clean_cache' from command line to 'False'
[1.860s] Level 5:colcon.colcon_core.verb:set package 'motor_control' build argument 'cmake_clean_first' from command line to 'False'
[1.860s] Level 5:colcon.colcon_core.verb:set package 'motor_control' build argument 'cmake_force_configure' from command line to 'False'
[1.860s] Level 5:colcon.colcon_core.verb:set package 'motor_control' build argument 'ament_cmake_args' from command line to 'None'
[1.861s] Level 5:colcon.colcon_core.verb:set package 'motor_control' build argument 'catkin_cmake_args' from command line to 'None'
[1.861s] Level 5:colcon.colcon_core.verb:set package 'motor_control' build argument 'catkin_skip_building_tests' from command line to 'False'
[1.861s] DEBUG:colcon.colcon_core.verb:Building package 'motor_control' with the following arguments: {'ament_cmake_args': None, 'build_base': '/home/pi/ros2_pi_ws/build/motor_control', 'catkin_cmake_args': None, 'catkin_skip_building_tests': False, 'cmake_args': None, 'cmake_clean_cache': False, 'cmake_clean_first': False, 'cmake_force_configure': False, 'cmake_target': None, 'cmake_target_skip_unavailable': False, 'install_base': '/home/pi/ros2_pi_ws/install/motor_control', 'merge_install': False, 'path': '/home/pi/ros2_pi_ws/src/motor_control', 'symlink_install': False, 'test_result_base': None}
[1.862s] Level 5:colcon.colcon_core.verb:set package 'myrobot' build argument 'cmake_args' from command line to 'None'
[1.862s] Level 5:colcon.colcon_core.verb:set package 'myrobot' build argument 'cmake_target' from command line to 'None'
[1.862s] Level 5:colcon.colcon_core.verb:set package 'myrobot' build argument 'cmake_target_skip_unavailable' from command line to 'False'
[1.863s] Level 5:colcon.colcon_core.verb:set package 'myrobot' build argument 'cmake_clean_cache' from command line to 'False'
[1.863s] Level 5:colcon.colcon_core.verb:set package 'myrobot' build argument 'cmake_clean_first' from command line to 'False'
[1.863s] Level 5:colcon.colcon_core.verb:set package 'myrobot' build argument 'cmake_force_configure' from command line to 'False'
[1.863s] Level 5:colcon.colcon_core.verb:set package 'myrobot' build argument 'ament_cmake_args' from command line to 'None'
[1.863s] Level 5:colcon.colcon_core.verb:set package 'myrobot' build argument 'catkin_cmake_args' from command line to 'None'
[1.863s] Level 5:colcon.colcon_core.verb:set package 'myrobot' build argument 'catkin_skip_building_tests' from command line to 'False'
[1.863s] DEBUG:colcon.colcon_core.verb:Building package 'myrobot' with the following arguments: {'ament_cmake_args': None, 'build_base': '/home/pi/ros2_pi_ws/build/myrobot', 'catkin_cmake_args': None, 'catkin_skip_building_tests': False, 'cmake_args': None, 'cmake_clean_cache': False, 'cmake_clean_first': False, 'cmake_force_configure': False, 'cmake_target': None, 'cmake_target_skip_unavailable': False, 'install_base': '/home/pi/ros2_pi_ws/install/myrobot', 'merge_install': False, 'path': '/home/pi/ros2_pi_ws/src/myrobot', 'symlink_install': False, 'test_result_base': None}
[1.864s] Level 5:colcon.colcon_core.verb:set package 'opencv_tools' build argument 'cmake_args' from command line to 'None'
[1.865s] Level 5:colcon.colcon_core.verb:set package 'opencv_tools' build argument 'cmake_target' from command line to 'None'
[1.865s] Level 5:colcon.colcon_core.verb:set package 'opencv_tools' build argument 'cmake_target_skip_unavailable' from command line to 'False'
[1.865s] Level 5:colcon.colcon_core.verb:set package 'opencv_tools' build argument 'cmake_clean_cache' from command line to 'False'
[1.865s] Level 5:colcon.colcon_core.verb:set package 'opencv_tools' build argument 'cmake_clean_first' from command line to 'False'
[1.865s] Level 5:colcon.colcon_core.verb:set package 'opencv_tools' build argument 'cmake_force_configure' from command line to 'False'
[1.865s] Level 5:colcon.colcon_core.verb:set package 'opencv_tools' build argument 'ament_cmake_args' from command line to 'None'
[1.865s] Level 5:colcon.colcon_core.verb:set package 'opencv_tools' build argument 'catkin_cmake_args' from command line to 'None'
[1.865s] Level 5:colcon.colcon_core.verb:set package 'opencv_tools' build argument 'catkin_skip_building_tests' from command line to 'False'
[1.865s] DEBUG:colcon.colcon_core.verb:Building package 'opencv_tools' with the following arguments: {'ament_cmake_args': None, 'build_base': '/home/pi/ros2_pi_ws/build/opencv_tools', 'catkin_cmake_args': None, 'catkin_skip_building_tests': False, 'cmake_args': None, 'cmake_clean_cache': False, 'cmake_clean_first': False, 'cmake_force_configure': False, 'cmake_target': None, 'cmake_target_skip_unavailable': False, 'install_base': '/home/pi/ros2_pi_ws/install/opencv_tools', 'merge_install': False, 'path': '/home/pi/ros2_pi_ws/src/opencv_tools', 'symlink_install': False, 'test_result_base': None}
[1.867s] Level 5:colcon.colcon_core.verb:set package 'robot_odom' build argument 'cmake_args' from command line to 'None'
[1.867s] Level 5:colcon.colcon_core.verb:set package 'robot_odom' build argument 'cmake_target' from command line to 'None'
[1.867s] Level 5:colcon.colcon_core.verb:set package 'robot_odom' build argument 'cmake_target_skip_unavailable' from command line to 'False'
[1.867s] Level 5:colcon.colcon_core.verb:set package 'robot_odom' build argument 'cmake_clean_cache' from command line to 'False'
[1.867s] Level 5:colcon.colcon_core.verb:set package 'robot_odom' build argument 'cmake_clean_first' from command line to 'False'
[1.867s] Level 5:colcon.colcon_core.verb:set package 'robot_odom' build argument 'cmake_force_configure' from command line to 'False'
[1.867s] Level 5:colcon.colcon_core.verb:set package 'robot_odom' build argument 'ament_cmake_args' from command line to 'None'
[1.867s] Level 5:colcon.colcon_core.verb:set package 'robot_odom' build argument 'catkin_cmake_args' from command line to 'None'
[1.868s] Level 5:colcon.colcon_core.verb:set package 'robot_odom' build argument 'catkin_skip_building_tests' from command line to 'False'
[1.868s] DEBUG:colcon.colcon_core.verb:Building package 'robot_odom' with the following arguments: {'ament_cmake_args': None, 'build_base': '/home/pi/ros2_pi_ws/build/robot_odom', 'catkin_cmake_args': None, 'catkin_skip_building_tests': False, 'cmake_args': None, 'cmake_clean_cache': False, 'cmake_clean_first': False, 'cmake_force_configure': False, 'cmake_target': None, 'cmake_target_skip_unavailable': False, 'install_base': '/home/pi/ros2_pi_ws/install/robot_odom', 'merge_install': False, 'path': '/home/pi/ros2_pi_ws/src/robot_odom', 'symlink_install': False, 'test_result_base': None}
[1.869s] Level 5:colcon.colcon_core.verb:set package 'micro_ros_agent' build argument 'cmake_args' from command line to 'None'
[1.869s] Level 5:colcon.colcon_core.verb:set package 'micro_ros_agent' build argument 'cmake_target' from command line to 'None'
[1.869s] Level 5:colcon.colcon_core.verb:set package 'micro_ros_agent' build argument 'cmake_target_skip_unavailable' from command line to 'False'
[1.869s] Level 5:colcon.colcon_core.verb:set package 'micro_ros_agent' build argument 'cmake_clean_cache' from command line to 'False'
[1.869s] Level 5:colcon.colcon_core.verb:set package 'micro_ros_agent' build argument 'cmake_clean_first' from command line to 'False'
[1.870s] Level 5:colcon.colcon_core.verb:set package 'micro_ros_agent' build argument 'cmake_force_configure' from command line to 'False'
[1.870s] Level 5:colcon.colcon_core.verb:set package 'micro_ros_agent' build argument 'ament_cmake_args' from command line to 'None'
[1.870s] Level 5:colcon.colcon_core.verb:set package 'micro_ros_agent' build argument 'catkin_cmake_args' from command line to 'None'
[1.870s] Level 5:colcon.colcon_core.verb:set package 'micro_ros_agent' build argument 'catkin_skip_building_tests' from command line to 'False'
[1.870s] DEBUG:colcon.colcon_core.verb:Building package 'micro_ros_agent' with the following arguments: {'ament_cmake_args': None, 'build_base': '/home/pi/ros2_pi_ws/build/micro_ros_agent', 'catkin_cmake_args': None, 'catkin_skip_building_tests': False, 'cmake_args': None, 'cmake_clean_cache': False, 'cmake_clean_first': False, 'cmake_force_configure': False, 'cmake_target': None, 'cmake_target_skip_unavailable': False, 'install_base': '/home/pi/ros2_pi_ws/install/micro_ros_agent', 'merge_install': False, 'path': '/home/pi/ros2_pi_ws/src/uros/micro-ROS-Agent/micro_ros_agent', 'symlink_install': False, 'test_result_base': None}
[1.870s] INFO:colcon.colcon_core.executor:Executing jobs using 'parallel' executor
[1.873s] DEBUG:colcon.colcon_parallel_executor.executor.parallel:run_until_complete
[1.874s] INFO:colcon.colcon_ros.task.ament_cmake.build:Building ROS package in '/home/pi/ros2_pi_ws/src/uros/micro_ros_msgs' with build type 'ament_cmake'
[1.875s] INFO:colcon.colcon_cmake.task.cmake.build:Building CMake package in '/home/pi/ros2_pi_ws/src/uros/micro_ros_msgs'
[1.893s] INFO:colcon.colcon_core.plugin_system:Skipping extension 'colcon_core.shell.bat': Not used on non-Windows systems
[1.894s] INFO:colcon.colcon_core.shell:Skip shell extension 'powershell' for command environment: Not usable outside of PowerShell
[1.894s] DEBUG:colcon.colcon_core.shell:Skip shell extension 'dsv' for command environment
[1.915s] INFO:colcon.colcon_ros.task.ament_cmake.build:Building ROS package in '/home/pi/ros2_pi_ws/src/micro_ros_setup' with build type 'ament_cmake'
[1.915s] INFO:colcon.colcon_cmake.task.cmake.build:Building CMake package in '/home/pi/ros2_pi_ws/src/micro_ros_setup'
[1.916s] INFO:colcon.colcon_core.shell:Skip shell extension 'powershell' for command environment: Not usable outside of PowerShell
[1.917s] DEBUG:colcon.colcon_core.shell:Skip shell extension 'dsv' for command environment
[1.937s] INFO:colcon.colcon_ros.task.ament_python.build:Building ROS package in '/home/pi/ros2_pi_ws/src/motor_control' with build type 'ament_python'
[1.937s] Level 1:colcon.colcon_core.shell:create_environment_hook('motor_control', 'ament_prefix_path')
[1.938s] INFO:colcon.colcon_core.shell:Creating environment hook '/home/pi/ros2_pi_ws/install/motor_control/share/motor_control/hook/ament_prefix_path.ps1'
[1.943s] INFO:colcon.colcon_core.shell:Creating environment descriptor '/home/pi/ros2_pi_ws/install/motor_control/share/motor_control/hook/ament_prefix_path.dsv'
[1.947s] INFO:colcon.colcon_core.shell:Creating environment hook '/home/pi/ros2_pi_ws/install/motor_control/share/motor_control/hook/ament_prefix_path.sh'
[1.953s] INFO:colcon.colcon_core.shell:Skip shell extension 'powershell' for command environment: Not usable outside of PowerShell
[1.953s] DEBUG:colcon.colcon_core.shell:Skip shell extension 'dsv' for command environment
[1.971s] INFO:colcon.colcon_ros.task.ament_python.build:Building ROS package in '/home/pi/ros2_pi_ws/src/myrobot' with build type 'ament_python'
[1.971s] Level 1:colcon.colcon_core.shell:create_environment_hook('myrobot', 'ament_prefix_path')
[1.973s] INFO:colcon.colcon_core.shell:Creating environment hook '/home/pi/ros2_pi_ws/install/myrobot/share/myrobot/hook/ament_prefix_path.ps1'
[1.976s] INFO:colcon.colcon_core.shell:Creating environment descriptor '/home/pi/ros2_pi_ws/install/myrobot/share/myrobot/hook/ament_prefix_path.dsv'
[1.978s] INFO:colcon.colcon_core.shell:Creating environment hook '/home/pi/ros2_pi_ws/install/myrobot/share/myrobot/hook/ament_prefix_path.sh'
[1.981s] INFO:colcon.colcon_core.shell:Skip shell extension 'powershell' for command environment: Not usable outside of PowerShell
[1.981s] DEBUG:colcon.colcon_core.shell:Skip shell extension 'dsv' for command environment
[2.020s] DEBUG:colcon.colcon_core.event_handler.log_command:Invoking command in '/home/pi/ros2_pi_ws/build/micro_ros_msgs': CMAKE_PREFIX_PATH=${CMAKE_PREFIX_PATH}:/home/pi/ros2_pi_ws/install/myrobot:/home/pi/ros2_pi_ws/install/motor_control:/opt/ros/humble /usr/bin/cmake --build /home/pi/ros2_pi_ws/build/micro_ros_msgs -- -j4 -l4
[2.052s] DEBUG:colcon.colcon_core.event_handler.log_command:Invoking command in '/home/pi/ros2_pi_ws/build/micro_ros_setup': CMAKE_PREFIX_PATH=${CMAKE_PREFIX_PATH}:/home/pi/ros2_pi_ws/install/myrobot:/home/pi/ros2_pi_ws/install/motor_control:/opt/ros/humble /usr/bin/cmake --build /home/pi/ros2_pi_ws/build/micro_ros_setup -- -j4 -l4
[3.466s] INFO:colcon.colcon_core.task.python.build:Building Python package in '/home/pi/ros2_pi_ws/src/motor_control'
[3.467s] INFO:colcon.colcon_core.shell:Skip shell extension 'powershell' for command environment: Not usable outside of PowerShell
[3.467s] DEBUG:colcon.colcon_core.shell:Skip shell extension 'dsv' for command environment
[3.501s] DEBUG:colcon.colcon_core.event_handler.log_command:Invoked command in '/home/pi/ros2_pi_ws/build/micro_ros_setup' returned '0': CMAKE_PREFIX_PATH=${CMAKE_PREFIX_PATH}:/home/pi/ros2_pi_ws/install/myrobot:/home/pi/ros2_pi_ws/install/motor_control:/opt/ros/humble /usr/bin/cmake --build /home/pi/ros2_pi_ws/build/micro_ros_setup -- -j4 -l4
[3.546s] DEBUG:colcon.colcon_core.event_handler.log_command:Invoking command in '/home/pi/ros2_pi_ws/build/micro_ros_setup': CMAKE_PREFIX_PATH=${CMAKE_PREFIX_PATH}:/home/pi/ros2_pi_ws/install/myrobot:/home/pi/ros2_pi_ws/install/motor_control:/opt/ros/humble /usr/bin/cmake --install /home/pi/ros2_pi_ws/build/micro_ros_setup
[4.649s] INFO:colcon.colcon_core.task.python.build:Building Python package in '/home/pi/ros2_pi_ws/src/myrobot'
[4.650s] INFO:colcon.colcon_core.shell:Skip shell extension 'powershell' for command environment: Not usable outside of PowerShell
[4.650s] DEBUG:colcon.colcon_core.shell:Skip shell extension 'dsv' for command environment
[4.693s] Level 1:colcon.colcon_core.environment:create_environment_scripts_only(micro_ros_setup)
[4.737s] Level 1:colcon.colcon_core.environment:checking '/home/pi/ros2_pi_ws/install/micro_ros_setup' for CMake module files
[4.750s] Level 1:colcon.colcon_core.environment:checking '/home/pi/ros2_pi_ws/install/micro_ros_setup' for CMake config files
[4.775s] Level 1:colcon.colcon_core.shell:create_environment_hook('micro_ros_setup', 'cmake_prefix_path')
[4.776s] INFO:colcon.colcon_core.shell:Creating environment hook '/home/pi/ros2_pi_ws/install/micro_ros_setup/share/micro_ros_setup/hook/cmake_prefix_path.ps1'
[4.780s] INFO:colcon.colcon_core.shell:Creating environment descriptor '/home/pi/ros2_pi_ws/install/micro_ros_setup/share/micro_ros_setup/hook/cmake_prefix_path.dsv'
[4.784s] INFO:colcon.colcon_core.shell:Creating environment hook '/home/pi/ros2_pi_ws/install/micro_ros_setup/share/micro_ros_setup/hook/cmake_prefix_path.sh'
[4.790s] Level 1:colcon.colcon_core.environment:checking '/home/pi/ros2_pi_ws/install/micro_ros_setup/lib'
[4.792s] Level 1:colcon.colcon_core.environment:checking '/home/pi/ros2_pi_ws/install/micro_ros_setup/bin'
[4.792s] Level 1:colcon.colcon_core.environment:checking '/home/pi/ros2_pi_ws/install/micro_ros_setup/lib/pkgconfig/micro_ros_setup.pc'
[4.794s] Level 1:colcon.colcon_core.environment:checking '/home/pi/ros2_pi_ws/install/micro_ros_setup/lib/python3.10/site-packages'
[4.795s] Level 1:colcon.colcon_core.environment:checking '/home/pi/ros2_pi_ws/install/micro_ros_setup/bin'
[4.797s] INFO:colcon.colcon_core.shell:Creating package script '/home/pi/ros2_pi_ws/install/micro_ros_setup/share/micro_ros_setup/package.ps1'
[4.804s] INFO:colcon.colcon_core.shell:Creating package descriptor '/home/pi/ros2_pi_ws/install/micro_ros_setup/share/micro_ros_setup/package.dsv'
[4.810s] INFO:colcon.colcon_core.shell:Creating package script '/home/pi/ros2_pi_ws/install/micro_ros_setup/share/micro_ros_setup/package.sh'
[4.812s] DEBUG:colcon.colcon_core.event_handler.log_command:Invoked command in '/home/pi/ros2_pi_ws/build/micro_ros_setup' returned '0': CMAKE_PREFIX_PATH=${CMAKE_PREFIX_PATH}:/home/pi/ros2_pi_ws/install/myrobot:/home/pi/ros2_pi_ws/install/motor_control:/opt/ros/humble /usr/bin/cmake --install /home/pi/ros2_pi_ws/build/micro_ros_setup
[4.816s] INFO:colcon.colcon_core.shell:Creating package script '/home/pi/ros2_pi_ws/install/micro_ros_setup/share/micro_ros_setup/package.bash'
[4.821s] INFO:colcon.colcon_core.shell:Creating package script '/home/pi/ros2_pi_ws/install/micro_ros_setup/share/micro_ros_setup/package.zsh'
[4.827s] Level 1:colcon.colcon_core.environment:create_file_with_runtime_dependencies(/home/pi/ros2_pi_ws/install/micro_ros_setup/share/colcon-core/packages/micro_ros_setup)
[4.830s] Level 1:colcon.colcon_core.environment:create_environment_scripts_only(micro_ros_setup)
[4.831s] Level 1:colcon.colcon_core.environment:checking '/home/pi/ros2_pi_ws/install/micro_ros_setup' for CMake module files
[4.835s] Level 1:colcon.colcon_core.environment:checking '/home/pi/ros2_pi_ws/install/micro_ros_setup' for CMake config files
[4.841s] Level 1:colcon.colcon_core.shell:create_environment_hook('micro_ros_setup', 'cmake_prefix_path')
[4.842s] INFO:colcon.colcon_core.shell:Creating environment hook '/home/pi/ros2_pi_ws/install/micro_ros_setup/share/micro_ros_setup/hook/cmake_prefix_path.ps1'
[4.844s] INFO:colcon.colcon_core.shell:Creating environment descriptor '/home/pi/ros2_pi_ws/install/micro_ros_setup/share/micro_ros_setup/hook/cmake_prefix_path.dsv'
[4.847s] INFO:colcon.colcon_core.shell:Creating environment hook '/home/pi/ros2_pi_ws/install/micro_ros_setup/share/micro_ros_setup/hook/cmake_prefix_path.sh'
[4.849s] Level 1:colcon.colcon_core.environment:checking '/home/pi/ros2_pi_ws/install/micro_ros_setup/lib'
[4.850s] Level 1:colcon.colcon_core.environment:checking '/home/pi/ros2_pi_ws/install/micro_ros_setup/bin'
[4.850s] Level 1:colcon.colcon_core.environment:checking '/home/pi/ros2_pi_ws/install/micro_ros_setup/lib/pkgconfig/micro_ros_setup.pc'
[4.851s] Level 1:colcon.colcon_core.environment:checking '/home/pi/ros2_pi_ws/install/micro_ros_setup/lib/python3.10/site-packages'
[4.852s] Level 1:colcon.colcon_core.environment:checking '/home/pi/ros2_pi_ws/install/micro_ros_setup/bin'
[4.854s] INFO:colcon.colcon_core.shell:Creating package script '/home/pi/ros2_pi_ws/install/micro_ros_setup/share/micro_ros_setup/package.ps1'
[4.856s] INFO:colcon.colcon_core.shell:Creating package descriptor '/home/pi/ros2_pi_ws/install/micro_ros_setup/share/micro_ros_setup/package.dsv'
[4.859s] INFO:colcon.colcon_core.shell:Creating package script '/home/pi/ros2_pi_ws/install/micro_ros_setup/share/micro_ros_setup/package.sh'
[4.861s] INFO:colcon.colcon_core.shell:Creating package script '/home/pi/ros2_pi_ws/install/micro_ros_setup/share/micro_ros_setup/package.bash'
[4.863s] INFO:colcon.colcon_core.shell:Creating package script '/home/pi/ros2_pi_ws/install/micro_ros_setup/share/micro_ros_setup/package.zsh'
[4.866s] Level 1:colcon.colcon_core.environment:create_file_with_runtime_dependencies(/home/pi/ros2_pi_ws/install/micro_ros_setup/share/colcon-core/packages/micro_ros_setup)
[4.872s] DEBUG:colcon.colcon_core.event_handler.log_command:Invoked command in '/home/pi/ros2_pi_ws/build/micro_ros_msgs' returned '0': CMAKE_PREFIX_PATH=${CMAKE_PREFIX_PATH}:/home/pi/ros2_pi_ws/install/myrobot:/home/pi/ros2_pi_ws/install/motor_control:/opt/ros/humble /usr/bin/cmake --build /home/pi/ros2_pi_ws/build/micro_ros_msgs -- -j4 -l4
[4.883s] DEBUG:colcon.colcon_core.event_handler.log_command:Invoking command in '/home/pi/ros2_pi_ws/build/micro_ros_msgs': CMAKE_PREFIX_PATH=${CMAKE_PREFIX_PATH}:/home/pi/ros2_pi_ws/install/myrobot:/home/pi/ros2_pi_ws/install/motor_control:/opt/ros/humble /usr/bin/cmake --install /home/pi/ros2_pi_ws/build/micro_ros_msgs
[4.884s] INFO:colcon.colcon_ros.task.ament_python.build:Building ROS package in '/home/pi/ros2_pi_ws/src/opencv_tools' with build type 'ament_python'
[4.885s] Level 1:colcon.colcon_core.shell:create_environment_hook('opencv_tools', 'ament_prefix_path')
[4.887s] INFO:colcon.colcon_core.shell:Creating environment hook '/home/pi/ros2_pi_ws/install/opencv_tools/share/opencv_tools/hook/ament_prefix_path.ps1'
[4.890s] INFO:colcon.colcon_core.shell:Creating environment descriptor '/home/pi/ros2_pi_ws/install/opencv_tools/share/opencv_tools/hook/ament_prefix_path.dsv'
[4.892s] INFO:colcon.colcon_core.shell:Creating environment hook '/home/pi/ros2_pi_ws/install/opencv_tools/share/opencv_tools/hook/ament_prefix_path.sh'
[4.895s] INFO:colcon.colcon_core.shell:Skip shell extension 'powershell' for command environment: Not usable outside of PowerShell
[4.895s] DEBUG:colcon.colcon_core.shell:Skip shell extension 'dsv' for command environment
[6.374s] INFO:colcon.colcon_core.task.python.build:Building Python package in '/home/pi/ros2_pi_ws/src/opencv_tools'
[6.375s] INFO:colcon.colcon_core.shell:Skip shell extension 'powershell' for command environment: Not usable outside of PowerShell
[6.375s] DEBUG:colcon.colcon_core.shell:Skip shell extension 'dsv' for command environment
[6.401s] Level 1:colcon.colcon_core.environment:create_environment_scripts_only(micro_ros_msgs)
[6.402s] Level 1:colcon.colcon_core.environment:checking '/home/pi/ros2_pi_ws/install/micro_ros_msgs' for CMake module files
[6.404s] DEBUG:colcon.colcon_core.event_handler.log_command:Invoked command in '/home/pi/ros2_pi_ws/build/micro_ros_msgs' returned '0': CMAKE_PREFIX_PATH=${CMAKE_PREFIX_PATH}:/home/pi/ros2_pi_ws/install/myrobot:/home/pi/ros2_pi_ws/install/motor_control:/opt/ros/humble /usr/bin/cmake --install /home/pi/ros2_pi_ws/build/micro_ros_msgs
[6.409s] Level 1:colcon.colcon_core.environment:checking '/home/pi/ros2_pi_ws/install/micro_ros_msgs' for CMake config files
[6.414s] Level 1:colcon.colcon_core.shell:create_environment_hook('micro_ros_msgs', 'cmake_prefix_path')
[6.416s] INFO:colcon.colcon_core.shell:Creating environment hook '/home/pi/ros2_pi_ws/install/micro_ros_msgs/share/micro_ros_msgs/hook/cmake_prefix_path.ps1'
[6.418s] INFO:colcon.colcon_core.shell:Creating environment descriptor '/home/pi/ros2_pi_ws/install/micro_ros_msgs/share/micro_ros_msgs/hook/cmake_prefix_path.dsv'
[6.420s] INFO:colcon.colcon_core.shell:Creating environment hook '/home/pi/ros2_pi_ws/install/micro_ros_msgs/share/micro_ros_msgs/hook/cmake_prefix_path.sh'
[6.424s] Level 1:colcon.colcon_core.environment:checking '/home/pi/ros2_pi_ws/install/micro_ros_msgs/lib'
[6.424s] Level 1:colcon.colcon_core.shell:create_environment_hook('micro_ros_msgs', 'ld_library_path_lib')
[6.425s] INFO:colcon.colcon_core.shell:Creating environment hook '/home/pi/ros2_pi_ws/install/micro_ros_msgs/share/micro_ros_msgs/hook/ld_library_path_lib.ps1'
[6.428s] INFO:colcon.colcon_core.shell:Creating environment descriptor '/home/pi/ros2_pi_ws/install/micro_ros_msgs/share/micro_ros_msgs/hook/ld_library_path_lib.dsv'
[6.429s] INFO:colcon.colcon_core.shell:Creating environment hook '/home/pi/ros2_pi_ws/install/micro_ros_msgs/share/micro_ros_msgs/hook/ld_library_path_lib.sh'
[6.432s] Level 1:colcon.colcon_core.environment:checking '/home/pi/ros2_pi_ws/install/micro_ros_msgs/bin'
[6.432s] Level 1:colcon.colcon_core.environment:checking '/home/pi/ros2_pi_ws/install/micro_ros_msgs/lib/pkgconfig/micro_ros_msgs.pc'
[6.433s] Level 1:colcon.colcon_core.environment:checking '/home/pi/ros2_pi_ws/install/micro_ros_msgs/lib/python3.10/site-packages'
[6.434s] Level 1:colcon.colcon_core.environment:checking '/home/pi/ros2_pi_ws/install/micro_ros_msgs/bin'
[6.436s] INFO:colcon.colcon_core.shell:Creating package script '/home/pi/ros2_pi_ws/install/micro_ros_msgs/share/micro_ros_msgs/package.ps1'
[6.438s] INFO:colcon.colcon_core.shell:Creating package descriptor '/home/pi/ros2_pi_ws/install/micro_ros_msgs/share/micro_ros_msgs/package.dsv'
[6.441s] INFO:colcon.colcon_core.shell:Creating package script '/home/pi/ros2_pi_ws/install/micro_ros_msgs/share/micro_ros_msgs/package.sh'
[6.443s] INFO:colcon.colcon_core.shell:Creating package script '/home/pi/ros2_pi_ws/install/micro_ros_msgs/share/micro_ros_msgs/package.bash'
[6.445s] INFO:colcon.colcon_core.shell:Creating package script '/home/pi/ros2_pi_ws/install/micro_ros_msgs/share/micro_ros_msgs/package.zsh'
[6.447s] Level 1:colcon.colcon_core.environment:create_file_with_runtime_dependencies(/home/pi/ros2_pi_ws/install/micro_ros_msgs/share/colcon-core/packages/micro_ros_msgs)
[6.449s] Level 1:colcon.colcon_core.environment:create_environment_scripts_only(micro_ros_msgs)
[6.451s] Level 1:colcon.colcon_core.environment:checking '/home/pi/ros2_pi_ws/install/micro_ros_msgs' for CMake module files
[6.455s] Level 1:colcon.colcon_core.environment:checking '/home/pi/ros2_pi_ws/install/micro_ros_msgs' for CMake config files
[6.459s] Level 1:colcon.colcon_core.shell:create_environment_hook('micro_ros_msgs', 'cmake_prefix_path')
[6.460s] INFO:colcon.colcon_core.shell:Creating environment hook '/home/pi/ros2_pi_ws/install/micro_ros_msgs/share/micro_ros_msgs/hook/cmake_prefix_path.ps1'
[6.462s] INFO:colcon.colcon_core.shell:Creating environment descriptor '/home/pi/ros2_pi_ws/install/micro_ros_msgs/share/micro_ros_msgs/hook/cmake_prefix_path.dsv'
[6.464s] INFO:colcon.colcon_core.shell:Creating environment hook '/home/pi/ros2_pi_ws/install/micro_ros_msgs/share/micro_ros_msgs/hook/cmake_prefix_path.sh'
[6.467s] Level 1:colcon.colcon_core.environment:checking '/home/pi/ros2_pi_ws/install/micro_ros_msgs/lib'
[6.468s] Level 1:colcon.colcon_core.shell:create_environment_hook('micro_ros_msgs', 'ld_library_path_lib')
[6.468s] INFO:colcon.colcon_core.shell:Creating environment hook '/home/pi/ros2_pi_ws/install/micro_ros_msgs/share/micro_ros_msgs/hook/ld_library_path_lib.ps1'
[6.471s] INFO:colcon.colcon_core.shell:Creating environment descriptor '/home/pi/ros2_pi_ws/install/micro_ros_msgs/share/micro_ros_msgs/hook/ld_library_path_lib.dsv'
[6.472s] INFO:colcon.colcon_core.shell:Creating environment hook '/home/pi/ros2_pi_ws/install/micro_ros_msgs/share/micro_ros_msgs/hook/ld_library_path_lib.sh'
[6.475s] Level 1:colcon.colcon_core.environment:checking '/home/pi/ros2_pi_ws/install/micro_ros_msgs/bin'
[6.475s] Level 1:colcon.colcon_core.environment:checking '/home/pi/ros2_pi_ws/install/micro_ros_msgs/lib/pkgconfig/micro_ros_msgs.pc'
[6.476s] Level 1:colcon.colcon_core.environment:checking '/home/pi/ros2_pi_ws/install/micro_ros_msgs/lib/python3.10/site-packages'
[6.477s] Level 1:colcon.colcon_core.environment:checking '/home/pi/ros2_pi_ws/install/micro_ros_msgs/bin'
[6.479s] INFO:colcon.colcon_core.shell:Creating package script '/home/pi/ros2_pi_ws/install/micro_ros_msgs/share/micro_ros_msgs/package.ps1'
[6.482s] INFO:colcon.colcon_core.shell:Creating package descriptor '/home/pi/ros2_pi_ws/install/micro_ros_msgs/share/micro_ros_msgs/package.dsv'
[6.484s] INFO:colcon.colcon_core.shell:Creating package script '/home/pi/ros2_pi_ws/install/micro_ros_msgs/share/micro_ros_msgs/package.sh'
[6.487s] INFO:colcon.colcon_core.shell:Creating package script '/home/pi/ros2_pi_ws/install/micro_ros_msgs/share/micro_ros_msgs/package.bash'
[6.489s] INFO:colcon.colcon_core.shell:Creating package script '/home/pi/ros2_pi_ws/install/micro_ros_msgs/share/micro_ros_msgs/package.zsh'
[6.491s] Level 1:colcon.colcon_core.environment:create_file_with_runtime_dependencies(/home/pi/ros2_pi_ws/install/micro_ros_msgs/share/colcon-core/packages/micro_ros_msgs)
[6.494s] INFO:colcon.colcon_ros.task.ament_cmake.build:Building ROS package in '/home/pi/ros2_pi_ws/src/robot_odom' with build type 'ament_cmake'
[6.495s] INFO:colcon.colcon_cmake.task.cmake.build:Building CMake package in '/home/pi/ros2_pi_ws/src/robot_odom'
[6.496s] INFO:colcon.colcon_core.shell:Skip shell extension 'powershell' for command environment: Not usable outside of PowerShell
[6.496s] DEBUG:colcon.colcon_core.shell:Skip shell extension 'dsv' for command environment
[6.553s] DEBUG:colcon.colcon_core.event_handler.log_command:Invoking command in '/home/pi/ros2_pi_ws/build/robot_odom': CMAKE_PREFIX_PATH=${CMAKE_PREFIX_PATH}:/home/pi/ros2_pi_ws/install/myrobot:/home/pi/ros2_pi_ws/install/motor_control:/opt/ros/humble /usr/bin/cmake --build /home/pi/ros2_pi_ws/build/robot_odom -- -j4 -l4
[7.059s] DEBUG:colcon.colcon_core.event_handler.log_command:Invoked command in '/home/pi/ros2_pi_ws/build/robot_odom' returned '0': CMAKE_PREFIX_PATH=${CMAKE_PREFIX_PATH}:/home/pi/ros2_pi_ws/install/myrobot:/home/pi/ros2_pi_ws/install/motor_control:/opt/ros/humble /usr/bin/cmake --build /home/pi/ros2_pi_ws/build/robot_odom -- -j4 -l4
[7.073s] DEBUG:colcon.colcon_core.event_handler.log_command:Invoking command in '/home/pi/ros2_pi_ws/build/robot_odom': CMAKE_PREFIX_PATH=${CMAKE_PREFIX_PATH}:/home/pi/ros2_pi_ws/install/myrobot:/home/pi/ros2_pi_ws/install/motor_control:/opt/ros/humble /usr/bin/cmake --install /home/pi/ros2_pi_ws/build/robot_odom
[7.213s] Level 1:colcon.colcon_core.environment:create_environment_scripts_only(robot_odom)
[7.215s] Level 1:colcon.colcon_core.environment:checking '/home/pi/ros2_pi_ws/install/robot_odom' for CMake module files
[7.221s] Level 1:colcon.colcon_core.environment:checking '/home/pi/ros2_pi_ws/install/robot_odom' for CMake config files
[7.226s] Level 1:colcon.colcon_core.shell:create_environment_hook('robot_odom', 'cmake_prefix_path')
[7.228s] INFO:colcon.colcon_core.shell:Creating environment hook '/home/pi/ros2_pi_ws/install/robot_odom/share/robot_odom/hook/cmake_prefix_path.ps1'
[7.232s] DEBUG:colcon.colcon_core.event_handler.log_command:Invoked command in '/home/pi/ros2_pi_ws/build/robot_odom' returned '0': CMAKE_PREFIX_PATH=${CMAKE_PREFIX_PATH}:/home/pi/ros2_pi_ws/install/myrobot:/home/pi/ros2_pi_ws/install/motor_control:/opt/ros/humble /usr/bin/cmake --install /home/pi/ros2_pi_ws/build/robot_odom
[7.239s] INFO:colcon.colcon_core.shell:Creating environment descriptor '/home/pi/ros2_pi_ws/install/robot_odom/share/robot_odom/hook/cmake_prefix_path.dsv'
[7.243s] INFO:colcon.colcon_core.shell:Creating environment hook '/home/pi/ros2_pi_ws/install/robot_odom/share/robot_odom/hook/cmake_prefix_path.sh'
[7.252s] Level 1:colcon.colcon_core.environment:checking '/home/pi/ros2_pi_ws/install/robot_odom/lib'
[7.253s] Level 1:colcon.colcon_core.environment:checking '/home/pi/ros2_pi_ws/install/robot_odom/bin'
[7.255s] Level 1:colcon.colcon_core.environment:checking '/home/pi/ros2_pi_ws/install/robot_odom/lib/pkgconfig/robot_odom.pc'
[7.257s] Level 1:colcon.colcon_core.environment:checking '/home/pi/ros2_pi_ws/install/robot_odom/lib/python3.10/site-packages'
[7.259s] Level 1:colcon.colcon_core.environment:checking '/home/pi/ros2_pi_ws/install/robot_odom/bin'
[7.262s] INFO:colcon.colcon_core.shell:Creating package script '/home/pi/ros2_pi_ws/install/robot_odom/share/robot_odom/package.ps1'
[7.268s] INFO:colcon.colcon_core.shell:Creating package descriptor '/home/pi/ros2_pi_ws/install/robot_odom/share/robot_odom/package.dsv'
[7.274s] INFO:colcon.colcon_core.shell:Creating package script '/home/pi/ros2_pi_ws/install/robot_odom/share/robot_odom/package.sh'
[7.279s] INFO:colcon.colcon_core.shell:Creating package script '/home/pi/ros2_pi_ws/install/robot_odom/share/robot_odom/package.bash'
[7.283s] INFO:colcon.colcon_core.shell:Creating package script '/home/pi/ros2_pi_ws/install/robot_odom/share/robot_odom/package.zsh'
[7.287s] Level 1:colcon.colcon_core.environment:create_file_with_runtime_dependencies(/home/pi/ros2_pi_ws/install/robot_odom/share/colcon-core/packages/robot_odom)
[7.294s] Level 1:colcon.colcon_core.environment:create_environment_scripts_only(robot_odom)
[7.296s] Level 1:colcon.colcon_core.environment:checking '/home/pi/ros2_pi_ws/install/robot_odom' for CMake module files
[7.301s] Level 1:colcon.colcon_core.environment:checking '/home/pi/ros2_pi_ws/install/robot_odom' for CMake config files
[7.304s] Level 1:colcon.colcon_core.shell:create_environment_hook('robot_odom', 'cmake_prefix_path')
[7.307s] INFO:colcon.colcon_core.shell:Creating environment hook '/home/pi/ros2_pi_ws/install/robot_odom/share/robot_odom/hook/cmake_prefix_path.ps1'
[7.311s] INFO:colcon.colcon_core.shell:Creating environment descriptor '/home/pi/ros2_pi_ws/install/robot_odom/share/robot_odom/hook/cmake_prefix_path.dsv'
[7.314s] INFO:colcon.colcon_core.shell:Creating environment hook '/home/pi/ros2_pi_ws/install/robot_odom/share/robot_odom/hook/cmake_prefix_path.sh'
[7.318s] Level 1:colcon.colcon_core.environment:checking '/home/pi/ros2_pi_ws/install/robot_odom/lib'
[7.318s] Level 1:colcon.colcon_core.environment:checking '/home/pi/ros2_pi_ws/install/robot_odom/bin'
[7.319s] Level 1:colcon.colcon_core.environment:checking '/home/pi/ros2_pi_ws/install/robot_odom/lib/pkgconfig/robot_odom.pc'
[7.320s] Level 1:colcon.colcon_core.environment:checking '/home/pi/ros2_pi_ws/install/robot_odom/lib/python3.10/site-packages'
[7.321s] Level 1:colcon.colcon_core.environment:checking '/home/pi/ros2_pi_ws/install/robot_odom/bin'
[7.322s] INFO:colcon.colcon_core.shell:Creating package script '/home/pi/ros2_pi_ws/install/robot_odom/share/robot_odom/package.ps1'
[7.325s] INFO:colcon.colcon_core.shell:Creating package descriptor '/home/pi/ros2_pi_ws/install/robot_odom/share/robot_odom/package.dsv'
[7.327s] INFO:colcon.colcon_core.shell:Creating package script '/home/pi/ros2_pi_ws/install/robot_odom/share/robot_odom/package.sh'
[7.330s] INFO:colcon.colcon_core.shell:Creating package script '/home/pi/ros2_pi_ws/install/robot_odom/share/robot_odom/package.bash'
[7.332s] INFO:colcon.colcon_core.shell:Creating package script '/home/pi/ros2_pi_ws/install/robot_odom/share/robot_odom/package.zsh'
[7.334s] Level 1:colcon.colcon_core.environment:create_file_with_runtime_dependencies(/home/pi/ros2_pi_ws/install/robot_odom/share/colcon-core/packages/robot_odom)
[7.338s] INFO:colcon.colcon_ros.task.ament_cmake.build:Building ROS package in '/home/pi/ros2_pi_ws/src/uros/micro-ROS-Agent/micro_ros_agent' with build type 'ament_cmake'
[7.339s] INFO:colcon.colcon_cmake.task.cmake.build:Building CMake package in '/home/pi/ros2_pi_ws/src/uros/micro-ROS-Agent/micro_ros_agent'
[7.340s] INFO:colcon.colcon_core.shell:Skip shell extension 'powershell' for command environment: Not usable outside of PowerShell
[7.341s] DEBUG:colcon.colcon_core.shell:Skip shell extension 'dsv' for command environment
[7.372s] DEBUG:colcon.colcon_core.event_handler.log_command:Invoking command in '/home/pi/ros2_pi_ws/src/motor_control': PYTHONPATH=/home/pi/ros2_pi_ws/build/motor_control/prefix_override:/usr/lib/python3/dist-packages/colcon_core/task/python/colcon_distutils_commands:/home/pi/ros2_pi_ws/install/motor_control/lib/python3.10/site-packages:${PYTHONPATH} /usr/bin/python3 -W ignore:setup.py install is deprecated -W ignore:easy_install command is deprecated setup.py egg_info --egg-base ../../build/motor_control build --build-base /home/pi/ros2_pi_ws/build/motor_control/build install --record /home/pi/ros2_pi_ws/build/motor_control/install.log --single-version-externally-managed install_data
[7.385s] DEBUG:colcon.colcon_core.event_handler.log_command:Invoking command in '/home/pi/ros2_pi_ws/src/myrobot': PYTHONPATH=/home/pi/ros2_pi_ws/build/myrobot/prefix_override:/usr/lib/python3/dist-packages/colcon_core/task/python/colcon_distutils_commands:/home/pi/ros2_pi_ws/install/myrobot/lib/python3.10/site-packages:${PYTHONPATH} /usr/bin/python3 -W ignore:setup.py install is deprecated -W ignore:easy_install command is deprecated setup.py egg_info --egg-base ../../build/myrobot build --build-base /home/pi/ros2_pi_ws/build/myrobot/build install --record /home/pi/ros2_pi_ws/build/myrobot/install.log --single-version-externally-managed install_data
[7.407s] DEBUG:colcon.colcon_core.event_handler.log_command:Invoking command in '/home/pi/ros2_pi_ws/build/micro_ros_agent': CMAKE_PREFIX_PATH=/home/pi/ros2_pi_ws/install/micro_ros_msgs:/home/pi/ros2_pi_ws/install/robot_odom:/home/pi/ros2_pi_ws/install/micro_ros_setup:/home/pi/ros2_pi_ws/install/micro_ros_agent:/home/pi/ros2_pi_ws/install/myrobot:/home/pi/ros2_pi_ws/install/motor_control:/opt/ros/humble LD_LIBRARY_PATH=/home/pi/ros2_pi_ws/install/micro_ros_msgs/lib:/home/pi/ros2_pi_ws/install/micro_ros_agent/lib:/opt/ros/humble/opt/rviz_ogre_vendor/lib:/opt/ros/humble/lib/aarch64-linux-gnu:/opt/ros/humble/lib /usr/bin/cmake --build /home/pi/ros2_pi_ws/build/micro_ros_agent -- -j4 -l4
[7.883s] DEBUG:colcon.colcon_core.event_handler.log_command:Invoked command in '/home/pi/ros2_pi_ws/build/micro_ros_agent' returned '0': CMAKE_PREFIX_PATH=/home/pi/ros2_pi_ws/install/micro_ros_msgs:/home/pi/ros2_pi_ws/install/robot_odom:/home/pi/ros2_pi_ws/install/micro_ros_setup:/home/pi/ros2_pi_ws/install/micro_ros_agent:/home/pi/ros2_pi_ws/install/myrobot:/home/pi/ros2_pi_ws/install/motor_control:/opt/ros/humble LD_LIBRARY_PATH=/home/pi/ros2_pi_ws/install/micro_ros_msgs/lib:/home/pi/ros2_pi_ws/install/micro_ros_agent/lib:/opt/ros/humble/opt/rviz_ogre_vendor/lib:/opt/ros/humble/lib/aarch64-linux-gnu:/opt/ros/humble/lib /usr/bin/cmake --build /home/pi/ros2_pi_ws/build/micro_ros_agent -- -j4 -l4
[7.897s] DEBUG:colcon.colcon_core.event_handler.log_command:Invoking command in '/home/pi/ros2_pi_ws/build/micro_ros_agent': CMAKE_PREFIX_PATH=/home/pi/ros2_pi_ws/install/micro_ros_msgs:/home/pi/ros2_pi_ws/install/robot_odom:/home/pi/ros2_pi_ws/install/micro_ros_setup:/home/pi/ros2_pi_ws/install/micro_ros_agent:/home/pi/ros2_pi_ws/install/myrobot:/home/pi/ros2_pi_ws/install/motor_control:/opt/ros/humble LD_LIBRARY_PATH=/home/pi/ros2_pi_ws/install/micro_ros_msgs/lib:/home/pi/ros2_pi_ws/install/micro_ros_agent/lib:/opt/ros/humble/opt/rviz_ogre_vendor/lib:/opt/ros/humble/lib/aarch64-linux-gnu:/opt/ros/humble/lib /usr/bin/cmake --install /home/pi/ros2_pi_ws/build/micro_ros_agent
[7.963s] Level 1:colcon.colcon_core.environment:create_environment_scripts_only(micro_ros_agent)
[7.964s] Level 1:colcon.colcon_core.environment:checking '/home/pi/ros2_pi_ws/install/micro_ros_agent' for CMake module files
[7.966s] DEBUG:colcon.colcon_core.event_handler.log_command:Invoked command in '/home/pi/ros2_pi_ws/build/micro_ros_agent' returned '0': CMAKE_PREFIX_PATH=/home/pi/ros2_pi_ws/install/micro_ros_msgs:/home/pi/ros2_pi_ws/install/robot_odom:/home/pi/ros2_pi_ws/install/micro_ros_setup:/home/pi/ros2_pi_ws/install/micro_ros_agent:/home/pi/ros2_pi_ws/install/myrobot:/home/pi/ros2_pi_ws/install/motor_control:/opt/ros/humble LD_LIBRARY_PATH=/home/pi/ros2_pi_ws/install/micro_ros_msgs/lib:/home/pi/ros2_pi_ws/install/micro_ros_agent/lib:/opt/ros/humble/opt/rviz_ogre_vendor/lib:/opt/ros/humble/lib/aarch64-linux-gnu:/opt/ros/humble/lib /usr/bin/cmake --install /home/pi/ros2_pi_ws/build/micro_ros_agent
[7.969s] Level 1:colcon.colcon_core.environment:checking '/home/pi/ros2_pi_ws/install/micro_ros_agent' for CMake config files
[7.971s] Level 1:colcon.colcon_core.shell:create_environment_hook('micro_ros_agent', 'cmake_prefix_path')
[7.972s] INFO:colcon.colcon_core.shell:Creating environment hook '/home/pi/ros2_pi_ws/install/micro_ros_agent/share/micro_ros_agent/hook/cmake_prefix_path.ps1'
[7.975s] INFO:colcon.colcon_core.shell:Creating environment descriptor '/home/pi/ros2_pi_ws/install/micro_ros_agent/share/micro_ros_agent/hook/cmake_prefix_path.dsv'
[7.977s] INFO:colcon.colcon_core.shell:Creating environment hook '/home/pi/ros2_pi_ws/install/micro_ros_agent/share/micro_ros_agent/hook/cmake_prefix_path.sh'
[7.981s] Level 1:colcon.colcon_core.environment:checking '/home/pi/ros2_pi_ws/install/micro_ros_agent/lib'
[7.981s] Level 1:colcon.colcon_core.shell:create_environment_hook('micro_ros_agent', 'ld_library_path_lib')
[7.982s] INFO:colcon.colcon_core.shell:Creating environment hook '/home/pi/ros2_pi_ws/install/micro_ros_agent/share/micro_ros_agent/hook/ld_library_path_lib.ps1'
[7.985s] INFO:colcon.colcon_core.shell:Creating environment descriptor '/home/pi/ros2_pi_ws/install/micro_ros_agent/share/micro_ros_agent/hook/ld_library_path_lib.dsv'
[7.987s] INFO:colcon.colcon_core.shell:Creating environment hook '/home/pi/ros2_pi_ws/install/micro_ros_agent/share/micro_ros_agent/hook/ld_library_path_lib.sh'
[7.990s] Level 1:colcon.colcon_core.environment:checking '/home/pi/ros2_pi_ws/install/micro_ros_agent/bin'
[7.990s] Level 1:colcon.colcon_core.environment:checking '/home/pi/ros2_pi_ws/install/micro_ros_agent/lib/pkgconfig/micro_ros_agent.pc'
[7.991s] Level 1:colcon.colcon_core.environment:checking '/home/pi/ros2_pi_ws/install/micro_ros_agent/lib/python3.10/site-packages'
[7.993s] Level 1:colcon.colcon_core.environment:checking '/home/pi/ros2_pi_ws/install/micro_ros_agent/bin'
[7.994s] INFO:colcon.colcon_core.shell:Creating package script '/home/pi/ros2_pi_ws/install/micro_ros_agent/share/micro_ros_agent/package.ps1'
[7.997s] INFO:colcon.colcon_core.shell:Creating package descriptor '/home/pi/ros2_pi_ws/install/micro_ros_agent/share/micro_ros_agent/package.dsv'
[8.000s] INFO:colcon.colcon_core.shell:Creating package script '/home/pi/ros2_pi_ws/install/micro_ros_agent/share/micro_ros_agent/package.sh'
[8.003s] INFO:colcon.colcon_core.shell:Creating package script '/home/pi/ros2_pi_ws/install/micro_ros_agent/share/micro_ros_agent/package.bash'
[8.005s] INFO:colcon.colcon_core.shell:Creating package script '/home/pi/ros2_pi_ws/install/micro_ros_agent/share/micro_ros_agent/package.zsh'
[8.008s] Level 1:colcon.colcon_core.environment:create_file_with_runtime_dependencies(/home/pi/ros2_pi_ws/install/micro_ros_agent/share/colcon-core/packages/micro_ros_agent)
[8.011s] Level 1:colcon.colcon_core.environment:create_environment_scripts_only(micro_ros_agent)
[8.012s] Level 1:colcon.colcon_core.environment:checking '/home/pi/ros2_pi_ws/install/micro_ros_agent' for CMake module files
[8.015s] Level 1:colcon.colcon_core.environment:checking '/home/pi/ros2_pi_ws/install/micro_ros_agent' for CMake config files
[8.017s] Level 1:colcon.colcon_core.shell:create_environment_hook('micro_ros_agent', 'cmake_prefix_path')
[8.018s] INFO:colcon.colcon_core.shell:Creating environment hook '/home/pi/ros2_pi_ws/install/micro_ros_agent/share/micro_ros_agent/hook/cmake_prefix_path.ps1'
[8.021s] INFO:colcon.colcon_core.shell:Creating environment descriptor '/home/pi/ros2_pi_ws/install/micro_ros_agent/share/micro_ros_agent/hook/cmake_prefix_path.dsv'
[8.023s] INFO:colcon.colcon_core.shell:Creating environment hook '/home/pi/ros2_pi_ws/install/micro_ros_agent/share/micro_ros_agent/hook/cmake_prefix_path.sh'
[8.026s] Level 1:colcon.colcon_core.environment:checking '/home/pi/ros2_pi_ws/install/micro_ros_agent/lib'
[8.027s] Level 1:colcon.colcon_core.shell:create_environment_hook('micro_ros_agent', 'ld_library_path_lib')
[8.028s] INFO:colcon.colcon_core.shell:Creating environment hook '/home/pi/ros2_pi_ws/install/micro_ros_agent/share/micro_ros_agent/hook/ld_library_path_lib.ps1'
[8.030s] INFO:colcon.colcon_core.shell:Creating environment descriptor '/home/pi/ros2_pi_ws/install/micro_ros_agent/share/micro_ros_agent/hook/ld_library_path_lib.dsv'
[8.034s] INFO:colcon.colcon_core.shell:Creating environment hook '/home/pi/ros2_pi_ws/install/micro_ros_agent/share/micro_ros_agent/hook/ld_library_path_lib.sh'
[8.037s] Level 1:colcon.colcon_core.environment:checking '/home/pi/ros2_pi_ws/install/micro_ros_agent/bin'
[8.038s] Level 1:colcon.colcon_core.environment:checking '/home/pi/ros2_pi_ws/install/micro_ros_agent/lib/pkgconfig/micro_ros_agent.pc'
[8.039s] Level 1:colcon.colcon_core.environment:checking '/home/pi/ros2_pi_ws/install/micro_ros_agent/lib/python3.10/site-packages'
[8.041s] Level 1:colcon.colcon_core.environment:checking '/home/pi/ros2_pi_ws/install/micro_ros_agent/bin'
[8.042s] INFO:colcon.colcon_core.shell:Creating package script '/home/pi/ros2_pi_ws/install/micro_ros_agent/share/micro_ros_agent/package.ps1'
[8.045s] INFO:colcon.colcon_core.shell:Creating package descriptor '/home/pi/ros2_pi_ws/install/micro_ros_agent/share/micro_ros_agent/package.dsv'
[8.049s] INFO:colcon.colcon_core.shell:Creating package script '/home/pi/ros2_pi_ws/install/micro_ros_agent/share/micro_ros_agent/package.sh'
[8.052s] INFO:colcon.colcon_core.shell:Creating package script '/home/pi/ros2_pi_ws/install/micro_ros_agent/share/micro_ros_agent/package.bash'
[8.055s] INFO:colcon.colcon_core.shell:Creating package script '/home/pi/ros2_pi_ws/install/micro_ros_agent/share/micro_ros_agent/package.zsh'
[8.057s] Level 1:colcon.colcon_core.environment:create_file_with_runtime_dependencies(/home/pi/ros2_pi_ws/install/micro_ros_agent/share/colcon-core/packages/micro_ros_agent)
[8.678s] DEBUG:colcon.colcon_core.event_handler.log_command:Invoking command in '/home/pi/ros2_pi_ws/src/opencv_tools': PYTHONPATH=/home/pi/ros2_pi_ws/build/opencv_tools/prefix_override:/usr/lib/python3/dist-packages/colcon_core/task/python/colcon_distutils_commands:/home/pi/ros2_pi_ws/install/opencv_tools/lib/python3.10/site-packages:${PYTHONPATH} /usr/bin/python3 -W ignore:setup.py install is deprecated -W ignore:easy_install command is deprecated setup.py egg_info --egg-base ../../build/opencv_tools build --build-base /home/pi/ros2_pi_ws/build/opencv_tools/build install --record /home/pi/ros2_pi_ws/build/opencv_tools/install.log --single-version-externally-managed install_data
[9.103s] Level 1:colcon.colcon_core.environment:checking '/home/pi/ros2_pi_ws/install/myrobot' for CMake module files
[9.105s] DEBUG:colcon.colcon_core.event_handler.log_command:Invoked command in '/home/pi/ros2_pi_ws/src/myrobot' returned '0': PYTHONPATH=/home/pi/ros2_pi_ws/build/myrobot/prefix_override:/usr/lib/python3/dist-packages/colcon_core/task/python/colcon_distutils_commands:/home/pi/ros2_pi_ws/install/myrobot/lib/python3.10/site-packages:${PYTHONPATH} /usr/bin/python3 -W ignore:setup.py install is deprecated -W ignore:easy_install command is deprecated setup.py egg_info --egg-base ../../build/myrobot build --build-base /home/pi/ros2_pi_ws/build/myrobot/build install --record /home/pi/ros2_pi_ws/build/myrobot/install.log --single-version-externally-managed install_data
[9.107s] Level 1:colcon.colcon_core.environment:checking '/home/pi/ros2_pi_ws/install/myrobot' for CMake config files
[9.111s] Level 1:colcon.colcon_core.environment:checking '/home/pi/ros2_pi_ws/install/myrobot/lib'
[9.112s] Level 1:colcon.colcon_core.environment:checking '/home/pi/ros2_pi_ws/install/myrobot/bin'
[9.112s] Level 1:colcon.colcon_core.environment:checking '/home/pi/ros2_pi_ws/install/myrobot/lib/pkgconfig/myrobot.pc'
[9.113s] Level 1:colcon.colcon_core.environment:checking '/home/pi/ros2_pi_ws/install/myrobot/lib/python3.10/site-packages'
[9.114s] Level 1:colcon.colcon_core.shell:create_environment_hook('myrobot', 'pythonpath')
[9.115s] INFO:colcon.colcon_core.shell:Creating environment hook '/home/pi/ros2_pi_ws/install/myrobot/share/myrobot/hook/pythonpath.ps1'
[9.117s] INFO:colcon.colcon_core.shell:Creating environment descriptor '/home/pi/ros2_pi_ws/install/myrobot/share/myrobot/hook/pythonpath.dsv'
[9.119s] INFO:colcon.colcon_core.shell:Creating environment hook '/home/pi/ros2_pi_ws/install/myrobot/share/myrobot/hook/pythonpath.sh'
[9.122s] Level 1:colcon.colcon_core.environment:checking '/home/pi/ros2_pi_ws/install/myrobot/bin'
[9.122s] Level 1:colcon.colcon_core.environment:create_environment_scripts_only(myrobot)
[9.123s] INFO:colcon.colcon_core.shell:Creating package script '/home/pi/ros2_pi_ws/install/myrobot/share/myrobot/package.ps1'
[9.126s] INFO:colcon.colcon_core.shell:Creating package descriptor '/home/pi/ros2_pi_ws/install/myrobot/share/myrobot/package.dsv'
[9.128s] INFO:colcon.colcon_core.shell:Creating package script '/home/pi/ros2_pi_ws/install/myrobot/share/myrobot/package.sh'
[9.131s] INFO:colcon.colcon_core.shell:Creating package script '/home/pi/ros2_pi_ws/install/myrobot/share/myrobot/package.bash'
[9.133s] INFO:colcon.colcon_core.shell:Creating package script '/home/pi/ros2_pi_ws/install/myrobot/share/myrobot/package.zsh'
[9.135s] Level 1:colcon.colcon_core.environment:create_file_with_runtime_dependencies(/home/pi/ros2_pi_ws/install/myrobot/share/colcon-core/packages/myrobot)
[9.140s] Level 1:colcon.colcon_core.environment:checking '/home/pi/ros2_pi_ws/install/motor_control' for CMake module files
[9.143s] DEBUG:colcon.colcon_core.event_handler.log_command:Invoked command in '/home/pi/ros2_pi_ws/src/motor_control' returned '0': PYTHONPATH=/home/pi/ros2_pi_ws/build/motor_control/prefix_override:/usr/lib/python3/dist-packages/colcon_core/task/python/colcon_distutils_commands:/home/pi/ros2_pi_ws/install/motor_control/lib/python3.10/site-packages:${PYTHONPATH} /usr/bin/python3 -W ignore:setup.py install is deprecated -W ignore:easy_install command is deprecated setup.py egg_info --egg-base ../../build/motor_control build --build-base /home/pi/ros2_pi_ws/build/motor_control/build install --record /home/pi/ros2_pi_ws/build/motor_control/install.log --single-version-externally-managed install_data
[9.144s] Level 1:colcon.colcon_core.environment:checking '/home/pi/ros2_pi_ws/install/motor_control' for CMake config files
[9.148s] Level 1:colcon.colcon_core.environment:checking '/home/pi/ros2_pi_ws/install/motor_control/lib'
[9.149s] Level 1:colcon.colcon_core.environment:checking '/home/pi/ros2_pi_ws/install/motor_control/bin'
[9.149s] Level 1:colcon.colcon_core.environment:checking '/home/pi/ros2_pi_ws/install/motor_control/lib/pkgconfig/motor_control.pc'
[9.150s] Level 1:colcon.colcon_core.environment:checking '/home/pi/ros2_pi_ws/install/motor_control/lib/python3.10/site-packages'
[9.150s] Level 1:colcon.colcon_core.shell:create_environment_hook('motor_control', 'pythonpath')
[9.151s] INFO:colcon.colcon_core.shell:Creating environment hook '/home/pi/ros2_pi_ws/install/motor_control/share/motor_control/hook/pythonpath.ps1'
[9.153s] INFO:colcon.colcon_core.shell:Creating environment descriptor '/home/pi/ros2_pi_ws/install/motor_control/share/motor_control/hook/pythonpath.dsv'
[9.155s] INFO:colcon.colcon_core.shell:Creating environment hook '/home/pi/ros2_pi_ws/install/motor_control/share/motor_control/hook/pythonpath.sh'
[9.159s] Level 1:colcon.colcon_core.environment:checking '/home/pi/ros2_pi_ws/install/motor_control/bin'
[9.159s] Level 1:colcon.colcon_core.environment:create_environment_scripts_only(motor_control)
[9.160s] INFO:colcon.colcon_core.shell:Creating package script '/home/pi/ros2_pi_ws/install/motor_control/share/motor_control/package.ps1'
[9.163s] INFO:colcon.colcon_core.shell:Creating package descriptor '/home/pi/ros2_pi_ws/install/motor_control/share/motor_control/package.dsv'
[9.165s] INFO:colcon.colcon_core.shell:Creating package script '/home/pi/ros2_pi_ws/install/motor_control/share/motor_control/package.sh'
[9.168s] INFO:colcon.colcon_core.shell:Creating package script '/home/pi/ros2_pi_ws/install/motor_control/share/motor_control/package.bash'
[9.170s] INFO:colcon.colcon_core.shell:Creating package script '/home/pi/ros2_pi_ws/install/motor_control/share/motor_control/package.zsh'
[9.172s] Level 1:colcon.colcon_core.environment:create_file_with_runtime_dependencies(/home/pi/ros2_pi_ws/install/motor_control/share/colcon-core/packages/motor_control)
[10.032s] Level 1:colcon.colcon_core.environment:checking '/home/pi/ros2_pi_ws/install/opencv_tools' for CMake module files
[10.034s] DEBUG:colcon.colcon_core.event_handler.log_command:Invoked command in '/home/pi/ros2_pi_ws/src/opencv_tools' returned '0': PYTHONPATH=/home/pi/ros2_pi_ws/build/opencv_tools/prefix_override:/usr/lib/python3/dist-packages/colcon_core/task/python/colcon_distutils_commands:/home/pi/ros2_pi_ws/install/opencv_tools/lib/python3.10/site-packages:${PYTHONPATH} /usr/bin/python3 -W ignore:setup.py install is deprecated -W ignore:easy_install command is deprecated setup.py egg_info --egg-base ../../build/opencv_tools build --build-base /home/pi/ros2_pi_ws/build/opencv_tools/build install --record /home/pi/ros2_pi_ws/build/opencv_tools/install.log --single-version-externally-managed install_data
[10.035s] Level 1:colcon.colcon_core.environment:checking '/home/pi/ros2_pi_ws/install/opencv_tools' for CMake config files
[10.038s] Level 1:colcon.colcon_core.environment:checking '/home/pi/ros2_pi_ws/install/opencv_tools/lib'
[10.038s] Level 1:colcon.colcon_core.environment:checking '/home/pi/ros2_pi_ws/install/opencv_tools/bin'
[10.039s] Level 1:colcon.colcon_core.environment:checking '/home/pi/ros2_pi_ws/install/opencv_tools/lib/pkgconfig/opencv_tools.pc'
[10.040s] Level 1:colcon.colcon_core.environment:checking '/home/pi/ros2_pi_ws/install/opencv_tools/lib/python3.10/site-packages'
[10.040s] Level 1:colcon.colcon_core.shell:create_environment_hook('opencv_tools', 'pythonpath')
[10.041s] INFO:colcon.colcon_core.shell:Creating environment hook '/home/pi/ros2_pi_ws/install/opencv_tools/share/opencv_tools/hook/pythonpath.ps1'
[10.044s] INFO:colcon.colcon_core.shell:Creating environment descriptor '/home/pi/ros2_pi_ws/install/opencv_tools/share/opencv_tools/hook/pythonpath.dsv'
[10.045s] INFO:colcon.colcon_core.shell:Creating environment hook '/home/pi/ros2_pi_ws/install/opencv_tools/share/opencv_tools/hook/pythonpath.sh'
[10.048s] Level 1:colcon.colcon_core.environment:checking '/home/pi/ros2_pi_ws/install/opencv_tools/bin'
[10.049s] Level 1:colcon.colcon_core.environment:create_environment_scripts_only(opencv_tools)
[10.050s] INFO:colcon.colcon_core.shell:Creating package script '/home/pi/ros2_pi_ws/install/opencv_tools/share/opencv_tools/package.ps1'
[10.053s] INFO:colcon.colcon_core.shell:Creating package descriptor '/home/pi/ros2_pi_ws/install/opencv_tools/share/opencv_tools/package.dsv'
[10.055s] INFO:colcon.colcon_core.shell:Creating package script '/home/pi/ros2_pi_ws/install/opencv_tools/share/opencv_tools/package.sh'
[10.056s] INFO:colcon.colcon_core.shell:Creating package script '/home/pi/ros2_pi_ws/install/opencv_tools/share/opencv_tools/package.bash'
[10.058s] INFO:colcon.colcon_core.shell:Creating package script '/home/pi/ros2_pi_ws/install/opencv_tools/share/opencv_tools/package.zsh'
[10.060s] Level 1:colcon.colcon_core.environment:create_file_with_runtime_dependencies(/home/pi/ros2_pi_ws/install/opencv_tools/share/colcon-core/packages/opencv_tools)
[10.061s] DEBUG:colcon.colcon_parallel_executor.executor.parallel:closing loop
[10.062s] DEBUG:colcon.colcon_parallel_executor.executor.parallel:loop closed
[10.063s] DEBUG:colcon.colcon_parallel_executor.executor.parallel:run_until_complete finished with '0'
[10.064s] DEBUG:colcon.colcon_core.event_reactor:joining thread
[10.091s] INFO:colcon.colcon_core.plugin_system:Skipping extension 'colcon_notification.desktop_notification.notify_send': Could not find 'notify-send'
[10.092s] INFO:colcon.colcon_core.plugin_system:Skipping extension 'colcon_notification.desktop_notification.terminal_notifier': Not used on non-Darwin systems
[10.092s] INFO:colcon.colcon_core.plugin_system:Skipping extension 'colcon_notification.desktop_notification.win32': Not used on non-Windows systems
[10.092s] INFO:colcon.colcon_notification.desktop_notification:Sending desktop notification using 'notify2'
[10.149s] DEBUG:colcon.colcon_notification.desktop_notification.notify2:Failed to initialize notify2: org.freedesktop.DBus.Error.ServiceUnknown: The name org.freedesktop.Notifications was not provided by any .service files
[10.149s] DEBUG:colcon.colcon_core.event_reactor:joined thread
[10.150s] INFO:colcon.colcon_core.shell:Creating prefix script '/home/pi/ros2_pi_ws/install/local_setup.ps1'
[10.156s] INFO:colcon.colcon_core.shell:Creating prefix util module '/home/pi/ros2_pi_ws/install/_local_setup_util_ps1.py'
[10.166s] INFO:colcon.colcon_core.shell:Creating prefix chain script '/home/pi/ros2_pi_ws/install/setup.ps1'
[10.173s] INFO:colcon.colcon_core.shell:Creating prefix script '/home/pi/ros2_pi_ws/install/local_setup.sh'
[10.178s] INFO:colcon.colcon_core.shell:Creating prefix util module '/home/pi/ros2_pi_ws/install/_local_setup_util_sh.py'
[10.181s] INFO:colcon.colcon_core.shell:Creating prefix chain script '/home/pi/ros2_pi_ws/install/setup.sh'
[10.188s] INFO:colcon.colcon_core.shell:Creating prefix script '/home/pi/ros2_pi_ws/install/local_setup.bash'
[10.192s] INFO:colcon.colcon_core.shell:Creating prefix chain script '/home/pi/ros2_pi_ws/install/setup.bash'
[10.199s] INFO:colcon.colcon_core.shell:Creating prefix script '/home/pi/ros2_pi_ws/install/local_setup.zsh'
[10.205s] INFO:colcon.colcon_core.shell:Creating prefix chain script '/home/pi/ros2_pi_ws/install/setup.zsh'
