[5.509s] Invoking command in '/home/pi/ros2_pi_ws/src/myrobot': PYTHONPATH=/home/pi/ros2_pi_ws/build/myrobot/prefix_override:/usr/lib/python3/dist-packages/colcon_core/task/python/colcon_distutils_commands:/home/pi/ros2_pi_ws/install/myrobot/lib/python3.10/site-packages:${PYTHONPATH} /usr/bin/python3 -W ignore:setup.py install is deprecated -W ignore:easy_install command is deprecated setup.py egg_info --egg-base ../../build/myrobot build --build-base /home/pi/ros2_pi_ws/build/myrobot/build install --record /home/pi/ros2_pi_ws/build/myrobot/install.log --single-version-externally-managed install_data
[6.826s] running egg_info
[6.830s] writing ../../build/myrobot/myrobot.egg-info/PKG-INFO
[6.831s] writing dependency_links to ../../build/myrobot/myrobot.egg-info/dependency_links.txt
[6.832s] writing entry points to ../../build/myrobot/myrobot.egg-info/entry_points.txt
[6.832s] writing requirements to ../../build/myrobot/myrobot.egg-info/requires.txt
[6.833s] writing top-level names to ../../build/myrobot/myrobot.egg-info/top_level.txt
[6.841s] reading manifest file '../../build/myrobot/myrobot.egg-info/SOURCES.txt'
[6.845s] writing manifest file '../../build/myrobot/myrobot.egg-info/SOURCES.txt'
[6.846s] running build
[6.846s] running build_py
[6.847s] running install
[6.849s] running install_lib
[6.855s] running install_data
[6.855s] running install_egg_info
[6.867s] removing '/home/pi/ros2_pi_ws/install/myrobot/lib/python3.10/site-packages/myrobot-0.0.0-py3.10.egg-info' (and everything under it)
[6.869s] Copying ../../build/myrobot/myrobot.egg-info to /home/pi/ros2_pi_ws/install/myrobot/lib/python3.10/site-packages/myrobot-0.0.0-py3.10.egg-info
[6.875s] running install_scripts
[6.963s] Installing pid_tuner script to /home/pi/ros2_pi_ws/install/myrobot/lib/myrobot
[6.965s] writing list of installed files to '/home/pi/ros2_pi_ws/build/myrobot/install.log'
[7.107s] Invoked command in '/home/pi/ros2_pi_ws/src/myrobot' returned '0': PYTHONPATH=/home/pi/ros2_pi_ws/build/myrobot/prefix_override:/usr/lib/python3/dist-packages/colcon_core/task/python/colcon_distutils_commands:/home/pi/ros2_pi_ws/install/myrobot/lib/python3.10/site-packages:${PYTHONPATH} /usr/bin/python3 -W ignore:setup.py install is deprecated -W ignore:easy_install command is deprecated setup.py egg_info --egg-base ../../build/myrobot build --build-base /home/pi/ros2_pi_ws/build/myrobot/build install --record /home/pi/ros2_pi_ws/build/myrobot/install.log --single-version-externally-managed install_data
