[1.678s] Invoking command in '/home/pi/ros2_pi_ws/build/micro_ros_setup': CMAKE_PREFIX_PATH=${CMAKE_PREFIX_PATH}:/home/pi/ros2_pi_ws/install/ros2_opencv:/home/pi/ros2_pi_ws/install/opencv_tools:/home/pi/ros2_pi_ws/install/myrobot:/home/pi/ros2_pi_ws/install/motor_control:/home/pi/ros2_pi_ws/install/camera_publisher:/opt/ros/humble /usr/bin/cmake --build /home/pi/ros2_pi_ws/build/micro_ros_setup -- -j4 -l4
[3.048s] Invoked command in '/home/pi/ros2_pi_ws/build/micro_ros_setup' returned '0': CMAKE_PREFIX_PATH=${CMAKE_PREFIX_PATH}:/home/pi/ros2_pi_ws/install/ros2_opencv:/home/pi/ros2_pi_ws/install/opencv_tools:/home/pi/ros2_pi_ws/install/myrobot:/home/pi/ros2_pi_ws/install/motor_control:/home/pi/ros2_pi_ws/install/camera_publisher:/opt/ros/humble /usr/bin/cmake --build /home/pi/ros2_pi_ws/build/micro_ros_setup -- -j4 -l4
[3.057s] Invoking command in '/home/pi/ros2_pi_ws/build/micro_ros_setup': CMAKE_PREFIX_PATH=${CMAKE_PREFIX_PATH}:/home/pi/ros2_pi_ws/install/ros2_opencv:/home/pi/ros2_pi_ws/install/opencv_tools:/home/pi/ros2_pi_ws/install/myrobot:/home/pi/ros2_pi_ws/install/motor_control:/home/pi/ros2_pi_ws/install/camera_publisher:/opt/ros/humble /usr/bin/cmake --install /home/pi/ros2_pi_ws/build/micro_ros_setup
[3.143s] -- Install configuration: ""
[3.151s] -- Up-to-date: /home/pi/ros2_pi_ws/install/micro_ros_setup/share/ament_index/resource_index/package_run_dependencies/micro_ros_setup
[3.155s] -- Up-to-date: /home/pi/ros2_pi_ws/install/micro_ros_setup/share/ament_index/resource_index/parent_prefix_path/micro_ros_setup
[3.156s] -- Up-to-date: /home/pi/ros2_pi_ws/install/micro_ros_setup/share/micro_ros_setup/environment/ament_prefix_path.sh
[3.158s] -- Up-to-date: /home/pi/ros2_pi_ws/install/micro_ros_setup/share/micro_ros_setup/environment/ament_prefix_path.dsv
[3.163s] -- Up-to-date: /home/pi/ros2_pi_ws/install/micro_ros_setup/share/micro_ros_setup/environment/path.sh
[3.165s] -- Up-to-date: /home/pi/ros2_pi_ws/install/micro_ros_setup/share/micro_ros_setup/environment/path.dsv
[3.176s] -- Up-to-date: /home/pi/ros2_pi_ws/install/micro_ros_setup/share/micro_ros_setup/local_setup.bash
[3.177s] -- Up-to-date: /home/pi/ros2_pi_ws/install/micro_ros_setup/share/micro_ros_setup/local_setup.sh
[3.179s] -- Up-to-date: /home/pi/ros2_pi_ws/install/micro_ros_setup/share/micro_ros_setup/local_setup.zsh
[3.179s] -- Up-to-date: /home/pi/ros2_pi_ws/install/micro_ros_setup/share/micro_ros_setup/local_setup.dsv
[3.180s] -- Installing: /home/pi/ros2_pi_ws/install/micro_ros_setup/share/micro_ros_setup/package.dsv
[3.181s] -- Up-to-date: /home/pi/ros2_pi_ws/install/micro_ros_setup/share/ament_index/resource_index/packages/micro_ros_setup
[3.182s] -- Up-to-date: /home/pi/ros2_pi_ws/install/micro_ros_setup/share/micro_ros_setup/cmake/micro_ros_setupConfig.cmake
[3.185s] -- Up-to-date: /home/pi/ros2_pi_ws/install/micro_ros_setup/share/micro_ros_setup/cmake/micro_ros_setupConfig-version.cmake
[3.187s] -- Up-to-date: /home/pi/ros2_pi_ws/install/micro_ros_setup/share/micro_ros_setup/package.xml
[3.188s] -- Up-to-date: /home/pi/ros2_pi_ws/install/micro_ros_setup/./config
[3.188s] -- Up-to-date: /home/pi/ros2_pi_ws/install/micro_ros_setup/./config/generate_lib
[3.190s] -- Up-to-date: /home/pi/ros2_pi_ws/install/micro_ros_setup/./config/generate_lib/generic
[3.191s] -- Up-to-date: /home/pi/ros2_pi_ws/install/micro_ros_setup/./config/generate_lib/generic/create.sh
[3.195s] -- Up-to-date: /home/pi/ros2_pi_ws/install/micro_ros_setup/./config/generate_lib/generic/client-colcon.meta
[3.197s] -- Up-to-date: /home/pi/ros2_pi_ws/install/micro_ros_setup/./config/generate_lib/generic/build.sh
[3.204s] -- Up-to-date: /home/pi/ros2_pi_ws/install/micro_ros_setup/./config/generate_lib/generic/package.xml
[3.205s] -- Up-to-date: /home/pi/ros2_pi_ws/install/micro_ros_setup/./config/generate_lib/generic/flash.sh
[3.206s] -- Up-to-date: /home/pi/ros2_pi_ws/install/micro_ros_setup/./config/generate_lib/generic/demo_toolchain.cmake
[3.206s] -- Up-to-date: /home/pi/ros2_pi_ws/install/micro_ros_setup/./config/generate_lib/generic/client_uros_packages.repos
[3.207s] -- Up-to-date: /home/pi/ros2_pi_ws/install/micro_ros_setup/./config/generate_lib/dev_uros_packages.repos
[3.208s] -- Up-to-date: /home/pi/ros2_pi_ws/install/micro_ros_setup/./config/generate_lib/dev_ros2_packages.txt
[3.208s] -- Up-to-date: /home/pi/ros2_pi_ws/install/micro_ros_setup/./config/host
[3.209s] -- Up-to-date: /home/pi/ros2_pi_ws/install/micro_ros_setup/./config/host/generic
[3.210s] -- Up-to-date: /home/pi/ros2_pi_ws/install/micro_ros_setup/./config/host/generic/client-host-colcon.meta
[3.210s] -- Up-to-date: /home/pi/ros2_pi_ws/install/micro_ros_setup/./config/host/generic/create.sh
[3.211s] -- Up-to-date: /home/pi/ros2_pi_ws/install/micro_ros_setup/./config/host/generic/build.sh
[3.211s] -- Up-to-date: /home/pi/ros2_pi_ws/install/micro_ros_setup/./config/host/generic/package.xml
[3.212s] -- Up-to-date: /home/pi/ros2_pi_ws/install/micro_ros_setup/./config/host/generic/flash.sh
[3.213s] -- Up-to-date: /home/pi/ros2_pi_ws/install/micro_ros_setup/./config/host/generic/client_host_packages.repos
[3.215s] -- Up-to-date: /home/pi/ros2_pi_ws/install/micro_ros_setup/./config/host/dev_uros_packages.repos
[3.216s] -- Up-to-date: /home/pi/ros2_pi_ws/install/micro_ros_setup/./config/host/dev_ros2_packages.txt
[3.218s] -- Up-to-date: /home/pi/ros2_pi_ws/install/micro_ros_setup/./config/host/client_ros2_packages.txt
[3.218s] -- Up-to-date: /home/pi/ros2_pi_ws/install/micro_ros_setup/./config/mbed
[3.219s] -- Up-to-date: /home/pi/ros2_pi_ws/install/micro_ros_setup/./config/mbed/generic
[3.219s] -- Up-to-date: /home/pi/ros2_pi_ws/install/micro_ros_setup/./config/mbed/generic/board.repos
[3.231s] -- Up-to-date: /home/pi/ros2_pi_ws/install/micro_ros_setup/./config/mbed/generic/create.sh
[3.233s] -- Up-to-date: /home/pi/ros2_pi_ws/install/micro_ros_setup/./config/mbed/generic/build.sh
[3.233s] -- Up-to-date: /home/pi/ros2_pi_ws/install/micro_ros_setup/./config/mbed/generic/package.xml
[3.236s] -- Up-to-date: /home/pi/ros2_pi_ws/install/micro_ros_setup/./config/mbed/generic/flash.sh
[3.237s] -- Up-to-date: /home/pi/ros2_pi_ws/install/micro_ros_setup/./config/mbed/generic/supported_platforms
[3.237s] -- Up-to-date: /home/pi/ros2_pi_ws/install/micro_ros_setup/./config/mbed/generic/client_uros_packages.repos
[3.239s] -- Up-to-date: /home/pi/ros2_pi_ws/install/micro_ros_setup/./config/mbed/dev_uros_packages.repos
[3.239s] -- Up-to-date: /home/pi/ros2_pi_ws/install/micro_ros_setup/./config/mbed/dev_ros2_packages.txt
[3.240s] -- Up-to-date: /home/pi/ros2_pi_ws/install/micro_ros_setup/./config/mbed/list_apps.sh
[3.240s] -- Up-to-date: /home/pi/ros2_pi_ws/install/micro_ros_setup/./config/agent_uros_packages.repos
[3.241s] -- Up-to-date: /home/pi/ros2_pi_ws/install/micro_ros_setup/./config/agent_ros2_packages.txt
[3.241s] -- Up-to-date: /home/pi/ros2_pi_ws/install/micro_ros_setup/./config/freertos
[3.242s] -- Up-to-date: /home/pi/ros2_pi_ws/install/micro_ros_setup/./config/freertos/olimex-stm32-e407
[3.243s] -- Up-to-date: /home/pi/ros2_pi_ws/install/micro_ros_setup/./config/freertos/olimex-stm32-e407/board.repos
[3.243s] -- Up-to-date: /home/pi/ros2_pi_ws/install/micro_ros_setup/./config/freertos/olimex-stm32-e407/create.sh
[3.244s] -- Up-to-date: /home/pi/ros2_pi_ws/install/micro_ros_setup/./config/freertos/olimex-stm32-e407/configure.sh
[3.244s] -- Up-to-date: /home/pi/ros2_pi_ws/install/micro_ros_setup/./config/freertos/olimex-stm32-e407/client-colcon.meta
[3.245s] -- Up-to-date: /home/pi/ros2_pi_ws/install/micro_ros_setup/./config/freertos/olimex-stm32-e407/build.sh
[3.245s] -- Up-to-date: /home/pi/ros2_pi_ws/install/micro_ros_setup/./config/freertos/olimex-stm32-e407/package.xml
[3.246s] -- Up-to-date: /home/pi/ros2_pi_ws/install/micro_ros_setup/./config/freertos/olimex-stm32-e407/flash.sh
[3.247s] -- Up-to-date: /home/pi/ros2_pi_ws/install/micro_ros_setup/./config/freertos/olimex-stm32-e407/client_uros_packages.repos
[3.247s] -- Up-to-date: /home/pi/ros2_pi_ws/install/micro_ros_setup/./config/freertos/dev_uros_packages.repos
[3.262s] -- Up-to-date: /home/pi/ros2_pi_ws/install/micro_ros_setup/./config/freertos/nucleo_f746zg
[3.264s] -- Up-to-date: /home/pi/ros2_pi_ws/install/micro_ros_setup/./config/freertos/nucleo_f746zg/board.repos
[3.264s] -- Up-to-date: /home/pi/ros2_pi_ws/install/micro_ros_setup/./config/freertos/nucleo_f746zg/create.sh
[3.265s] -- Up-to-date: /home/pi/ros2_pi_ws/install/micro_ros_setup/./config/freertos/nucleo_f746zg/configure.sh
[3.266s] -- Up-to-date: /home/pi/ros2_pi_ws/install/micro_ros_setup/./config/freertos/nucleo_f746zg/client-colcon.meta
[3.268s] -- Up-to-date: /home/pi/ros2_pi_ws/install/micro_ros_setup/./config/freertos/nucleo_f746zg/build.sh
[3.269s] -- Up-to-date: /home/pi/ros2_pi_ws/install/micro_ros_setup/./config/freertos/nucleo_f746zg/package.xml
[3.269s] -- Up-to-date: /home/pi/ros2_pi_ws/install/micro_ros_setup/./config/freertos/nucleo_f746zg/flash.sh
[3.269s] -- Up-to-date: /home/pi/ros2_pi_ws/install/micro_ros_setup/./config/freertos/nucleo_f746zg/client_uros_packages.repos
[3.270s] -- Up-to-date: /home/pi/ros2_pi_ws/install/micro_ros_setup/./config/freertos/dev_ros2_packages.txt
[3.270s] -- Up-to-date: /home/pi/ros2_pi_ws/install/micro_ros_setup/./config/freertos/list_apps.sh
[3.271s] -- Up-to-date: /home/pi/ros2_pi_ws/install/micro_ros_setup/./config/freertos/nucleo_f446re
[3.280s] -- Up-to-date: /home/pi/ros2_pi_ws/install/micro_ros_setup/./config/freertos/nucleo_f446re/board.repos
[3.281s] -- Up-to-date: /home/pi/ros2_pi_ws/install/micro_ros_setup/./config/freertos/nucleo_f446re/create.sh
[3.281s] -- Up-to-date: /home/pi/ros2_pi_ws/install/micro_ros_setup/./config/freertos/nucleo_f446re/configure.sh
[3.282s] -- Up-to-date: /home/pi/ros2_pi_ws/install/micro_ros_setup/./config/freertos/nucleo_f446re/client-colcon.meta
[3.283s] -- Up-to-date: /home/pi/ros2_pi_ws/install/micro_ros_setup/./config/freertos/nucleo_f446re/build.sh
[3.283s] -- Up-to-date: /home/pi/ros2_pi_ws/install/micro_ros_setup/./config/freertos/nucleo_f446re/package.xml
[3.285s] -- Up-to-date: /home/pi/ros2_pi_ws/install/micro_ros_setup/./config/freertos/nucleo_f446re/flash.sh
[3.287s] -- Up-to-date: /home/pi/ros2_pi_ws/install/micro_ros_setup/./config/freertos/nucleo_f446re/client_uros_packages.repos
[3.296s] -- Up-to-date: /home/pi/ros2_pi_ws/install/micro_ros_setup/./config/freertos/nucleo_f446ze
[3.300s] -- Up-to-date: /home/pi/ros2_pi_ws/install/micro_ros_setup/./config/freertos/nucleo_f446ze/board.repos
[3.301s] -- Up-to-date: /home/pi/ros2_pi_ws/install/micro_ros_setup/./config/freertos/nucleo_f446ze/create.sh
[3.305s] -- Up-to-date: /home/pi/ros2_pi_ws/install/micro_ros_setup/./config/freertos/nucleo_f446ze/configure.sh
[3.306s] -- Up-to-date: /home/pi/ros2_pi_ws/install/micro_ros_setup/./config/freertos/nucleo_f446ze/client-colcon.meta
[3.307s] -- Up-to-date: /home/pi/ros2_pi_ws/install/micro_ros_setup/./config/freertos/nucleo_f446ze/build.sh
[3.308s] -- Up-to-date: /home/pi/ros2_pi_ws/install/micro_ros_setup/./config/freertos/nucleo_f446ze/package.xml
[3.309s] -- Up-to-date: /home/pi/ros2_pi_ws/install/micro_ros_setup/./config/freertos/nucleo_f446ze/flash.sh
[3.309s] -- Up-to-date: /home/pi/ros2_pi_ws/install/micro_ros_setup/./config/freertos/nucleo_f446ze/client_uros_packages.repos
[3.321s] -- Up-to-date: /home/pi/ros2_pi_ws/install/micro_ros_setup/./config/freertos/esp32
[3.322s] -- Up-to-date: /home/pi/ros2_pi_ws/install/micro_ros_setup/./config/freertos/esp32/board.repos
[3.325s] -- Up-to-date: /home/pi/ros2_pi_ws/install/micro_ros_setup/./config/freertos/esp32/create.sh
[3.326s] -- Up-to-date: /home/pi/ros2_pi_ws/install/micro_ros_setup/./config/freertos/esp32/configure.sh
[3.330s] -- Up-to-date: /home/pi/ros2_pi_ws/install/micro_ros_setup/./config/freertos/esp32/client-colcon.meta
[3.332s] -- Up-to-date: /home/pi/ros2_pi_ws/install/micro_ros_setup/./config/freertos/esp32/build.sh
[3.333s] -- Up-to-date: /home/pi/ros2_pi_ws/install/micro_ros_setup/./config/freertos/esp32/package.xml
[3.333s] -- Up-to-date: /home/pi/ros2_pi_ws/install/micro_ros_setup/./config/freertos/esp32/README.md
[3.335s] -- Up-to-date: /home/pi/ros2_pi_ws/install/micro_ros_setup/./config/freertos/esp32/flash.sh
[3.336s] -- Up-to-date: /home/pi/ros2_pi_ws/install/micro_ros_setup/./config/freertos/esp32/client_uros_packages.repos
[3.337s] -- Up-to-date: /home/pi/ros2_pi_ws/install/micro_ros_setup/./config/freertos/crazyflie21
[3.338s] -- Up-to-date: /home/pi/ros2_pi_ws/install/micro_ros_setup/./config/freertos/crazyflie21/board.repos
[3.339s] -- Up-to-date: /home/pi/ros2_pi_ws/install/micro_ros_setup/./config/freertos/crazyflie21/create.sh
[3.341s] -- Up-to-date: /home/pi/ros2_pi_ws/install/micro_ros_setup/./config/freertos/crazyflie21/configure.sh
[3.341s] -- Up-to-date: /home/pi/ros2_pi_ws/install/micro_ros_setup/./config/freertos/crazyflie21/client-colcon.meta
[3.353s] -- Up-to-date: /home/pi/ros2_pi_ws/install/micro_ros_setup/./config/freertos/crazyflie21/build.sh
[3.354s] -- Up-to-date: /home/pi/ros2_pi_ws/install/micro_ros_setup/./config/freertos/crazyflie21/package.xml
[3.355s] -- Up-to-date: /home/pi/ros2_pi_ws/install/micro_ros_setup/./config/freertos/crazyflie21/flash.sh
[3.356s] -- Up-to-date: /home/pi/ros2_pi_ws/install/micro_ros_setup/./config/freertos/crazyflie21/client_uros_packages.repos
[3.358s] -- Up-to-date: /home/pi/ros2_pi_ws/install/micro_ros_setup/./config/freertos/nucleo_f767zi
[3.359s] -- Up-to-date: /home/pi/ros2_pi_ws/install/micro_ros_setup/./config/freertos/nucleo_f767zi/board.repos
[3.360s] -- Up-to-date: /home/pi/ros2_pi_ws/install/micro_ros_setup/./config/freertos/nucleo_f767zi/create.sh
[3.363s] -- Up-to-date: /home/pi/ros2_pi_ws/install/micro_ros_setup/./config/freertos/nucleo_f767zi/configure.sh
[3.364s] -- Up-to-date: /home/pi/ros2_pi_ws/install/micro_ros_setup/./config/freertos/nucleo_f767zi/client-colcon.meta
[3.365s] -- Up-to-date: /home/pi/ros2_pi_ws/install/micro_ros_setup/./config/freertos/nucleo_f767zi/build.sh
[3.366s] -- Up-to-date: /home/pi/ros2_pi_ws/install/micro_ros_setup/./config/freertos/nucleo_f767zi/package.xml
[3.368s] -- Up-to-date: /home/pi/ros2_pi_ws/install/micro_ros_setup/./config/freertos/nucleo_f767zi/flash.sh
[3.369s] -- Up-to-date: /home/pi/ros2_pi_ws/install/micro_ros_setup/./config/freertos/nucleo_f767zi/client_uros_packages.repos
[3.369s] -- Up-to-date: /home/pi/ros2_pi_ws/install/micro_ros_setup/./config/zephyr
[3.370s] -- Up-to-date: /home/pi/ros2_pi_ws/install/micro_ros_setup/./config/zephyr/generic
[3.371s] -- Up-to-date: /home/pi/ros2_pi_ws/install/micro_ros_setup/./config/zephyr/generic/board.repos
[3.372s] -- Up-to-date: /home/pi/ros2_pi_ws/install/micro_ros_setup/./config/zephyr/generic/create.sh
[3.373s] -- Up-to-date: /home/pi/ros2_pi_ws/install/micro_ros_setup/./config/zephyr/generic/configure.sh
[3.373s] -- Up-to-date: /home/pi/ros2_pi_ws/install/micro_ros_setup/./config/zephyr/generic/client-colcon.meta
[3.375s] -- Up-to-date: /home/pi/ros2_pi_ws/install/micro_ros_setup/./config/zephyr/generic/build.sh
[3.377s] -- Up-to-date: /home/pi/ros2_pi_ws/install/micro_ros_setup/./config/zephyr/generic/package.xml
[3.378s] -- Up-to-date: /home/pi/ros2_pi_ws/install/micro_ros_setup/./config/zephyr/generic/flash.sh
[3.379s] -- Up-to-date: /home/pi/ros2_pi_ws/install/micro_ros_setup/./config/zephyr/generic/supported_platforms
[3.380s] -- Up-to-date: /home/pi/ros2_pi_ws/install/micro_ros_setup/./config/zephyr/generic/client_uros_packages.repos
[3.381s] -- Up-to-date: /home/pi/ros2_pi_ws/install/micro_ros_setup/./config/zephyr/dev_uros_packages.repos
[3.381s] -- Up-to-date: /home/pi/ros2_pi_ws/install/micro_ros_setup/./config/zephyr/dev_ros2_packages.txt
[3.382s] -- Up-to-date: /home/pi/ros2_pi_ws/install/micro_ros_setup/./config/zephyr/list_apps.sh
[3.382s] -- Up-to-date: /home/pi/ros2_pi_ws/install/micro_ros_setup/./config/raspbian
[3.383s] -- Up-to-date: /home/pi/ros2_pi_ws/install/micro_ros_setup/./config/raspbian/generic
[3.396s] -- Up-to-date: /home/pi/ros2_pi_ws/install/micro_ros_setup/./config/raspbian/generic/create.sh
[3.397s] -- Up-to-date: /home/pi/ros2_pi_ws/install/micro_ros_setup/./config/raspbian/generic/configure.sh
[3.397s] -- Up-to-date: /home/pi/ros2_pi_ws/install/micro_ros_setup/./config/raspbian/generic/client-colcon.meta
[3.398s] -- Up-to-date: /home/pi/ros2_pi_ws/install/micro_ros_setup/./config/raspbian/generic/build.sh
[3.399s] -- Up-to-date: /home/pi/ros2_pi_ws/install/micro_ros_setup/./config/raspbian/generic/flash.sh
[3.399s] -- Up-to-date: /home/pi/ros2_pi_ws/install/micro_ros_setup/./config/raspbian/generic/supported_platforms
[3.400s] -- Up-to-date: /home/pi/ros2_pi_ws/install/micro_ros_setup/./config/raspbian/generic/client_uros_packages.repos
[3.401s] -- Up-to-date: /home/pi/ros2_pi_ws/install/micro_ros_setup/./config/raspbian/dev_uros_packages.repos
[3.402s] -- Up-to-date: /home/pi/ros2_pi_ws/install/micro_ros_setup/./config/raspbian/dev_ros2_packages.txt
[3.402s] -- Up-to-date: /home/pi/ros2_pi_ws/install/micro_ros_setup/./config/utils.sh
[3.403s] -- Up-to-date: /home/pi/ros2_pi_ws/install/micro_ros_setup/./config/renesas_ra
[3.404s] -- Up-to-date: /home/pi/ros2_pi_ws/install/micro_ros_setup/./config/renesas_ra/dev_uros_packages.repos
[3.404s] -- Up-to-date: /home/pi/ros2_pi_ws/install/micro_ros_setup/./config/renesas_ra/ra6m5
[3.405s] -- Up-to-date: /home/pi/ros2_pi_ws/install/micro_ros_setup/./config/renesas_ra/ra6m5/board.repos
[3.406s] -- Up-to-date: /home/pi/ros2_pi_ws/install/micro_ros_setup/./config/renesas_ra/ra6m5/create.sh
[3.406s] -- Up-to-date: /home/pi/ros2_pi_ws/install/micro_ros_setup/./config/renesas_ra/ra6m5/configure.sh
[3.407s] -- Up-to-date: /home/pi/ros2_pi_ws/install/micro_ros_setup/./config/renesas_ra/ra6m5/client-colcon.meta
[3.407s] -- Up-to-date: /home/pi/ros2_pi_ws/install/micro_ros_setup/./config/renesas_ra/ra6m5/build.sh
[3.415s] -- Up-to-date: /home/pi/ros2_pi_ws/install/micro_ros_setup/./config/renesas_ra/ra6m5/flash.sh
[3.417s] -- Up-to-date: /home/pi/ros2_pi_ws/install/micro_ros_setup/./config/renesas_ra/ra6m5/client_uros_packages.repos
[3.418s] -- Up-to-date: /home/pi/ros2_pi_ws/install/micro_ros_setup/./config/renesas_ra/dev_ros2_packages.txt
[3.419s] -- Up-to-date: /home/pi/ros2_pi_ws/install/micro_ros_setup/./config/renesas_ra/list_apps.sh
[3.420s] -- Up-to-date: /home/pi/ros2_pi_ws/install/micro_ros_setup/./config/client_ros2_packages.txt
[3.424s] -- Up-to-date: /home/pi/ros2_pi_ws/install/micro_ros_setup/./config/client_uros_packages.repos
[3.425s] -- Up-to-date: /home/pi/ros2_pi_ws/install/micro_ros_setup/./config/android
[3.426s] -- Up-to-date: /home/pi/ros2_pi_ws/install/micro_ros_setup/./config/android/generic
[3.441s] -- Up-to-date: /home/pi/ros2_pi_ws/install/micro_ros_setup/./config/android/generic/create.sh
[3.442s] -- Up-to-date: /home/pi/ros2_pi_ws/install/micro_ros_setup/./config/android/generic/client-colcon.meta
[3.443s] -- Up-to-date: /home/pi/ros2_pi_ws/install/micro_ros_setup/./config/android/generic/build.sh
[3.444s] -- Up-to-date: /home/pi/ros2_pi_ws/install/micro_ros_setup/./config/android/generic/package.xml
[3.445s] -- Up-to-date: /home/pi/ros2_pi_ws/install/micro_ros_setup/./config/android/generic/flash.sh
[3.447s] -- Up-to-date: /home/pi/ros2_pi_ws/install/micro_ros_setup/./config/android/generic/client_uros_packages.repos
[3.448s] -- Up-to-date: /home/pi/ros2_pi_ws/install/micro_ros_setup/./config/android/dev_uros_packages.repos
[3.449s] -- Up-to-date: /home/pi/ros2_pi_ws/install/micro_ros_setup/./config/android/dev_ros2_packages.txt
[3.449s] -- Up-to-date: /home/pi/ros2_pi_ws/install/micro_ros_setup/lib/micro_ros_setup/create_ws.sh
[3.450s] -- Up-to-date: /home/pi/ros2_pi_ws/install/micro_ros_setup/lib/micro_ros_setup/create_agent_ws.sh
[3.450s] -- Up-to-date: /home/pi/ros2_pi_ws/install/micro_ros_setup/lib/micro_ros_setup/create_firmware_ws.sh
[3.460s] -- Up-to-date: /home/pi/ros2_pi_ws/install/micro_ros_setup/lib/micro_ros_setup/configure_firmware.sh
[3.464s] -- Up-to-date: /home/pi/ros2_pi_ws/install/micro_ros_setup/lib/micro_ros_setup/flash_firmware.sh
[3.466s] -- Up-to-date: /home/pi/ros2_pi_ws/install/micro_ros_setup/lib/micro_ros_setup/build_firmware.sh
[3.468s] -- Up-to-date: /home/pi/ros2_pi_ws/install/micro_ros_setup/lib/micro_ros_setup/build_agent.sh
[3.469s] -- Up-to-date: /home/pi/ros2_pi_ws/install/micro_ros_setup/lib/micro_ros_setup/yaml_filter.py
[3.476s] -- Up-to-date: /home/pi/ros2_pi_ws/install/micro_ros_setup/lib/micro_ros_setup/clean_env.sh
[3.476s] -- Up-to-date: /home/pi/ros2_pi_ws/install/micro_ros_setup/lib/micro_ros_setup/component
[3.492s] Invoked command in '/home/pi/ros2_pi_ws/build/micro_ros_setup' returned '0': CMAKE_PREFIX_PATH=${CMAKE_PREFIX_PATH}:/home/pi/ros2_pi_ws/install/ros2_opencv:/home/pi/ros2_pi_ws/install/opencv_tools:/home/pi/ros2_pi_ws/install/myrobot:/home/pi/ros2_pi_ws/install/motor_control:/home/pi/ros2_pi_ws/install/camera_publisher:/opt/ros/humble /usr/bin/cmake --install /home/pi/ros2_pi_ws/build/micro_ros_setup
