[1.663s] Invoking command in '/home/pi/ros2_pi_ws/build/micro_ros_setup': CMAKE_PREFIX_PATH=${CMAKE_PREFIX_PATH}:/home/pi/ros2_pi_ws/install/opencv_tools:/home/pi/ros2_pi_ws/install/myrobot:/home/pi/ros2_pi_ws/install/motor_control:/opt/ros/humble /usr/bin/cmake --build /home/pi/ros2_pi_ws/build/micro_ros_setup -- -j4 -l4
[2.980s] Invoked command in '/home/pi/ros2_pi_ws/build/micro_ros_setup' returned '0': CMAKE_PREFIX_PATH=${CMAKE_PREFIX_PATH}:/home/pi/ros2_pi_ws/install/opencv_tools:/home/pi/ros2_pi_ws/install/myrobot:/home/pi/ros2_pi_ws/install/motor_control:/opt/ros/humble /usr/bin/cmake --build /home/pi/ros2_pi_ws/build/micro_ros_setup -- -j4 -l4
[3.022s] Invoking command in '/home/pi/ros2_pi_ws/build/micro_ros_setup': CMAKE_PREFIX_PATH=${CMAKE_PREFIX_PATH}:/home/pi/ros2_pi_ws/install/opencv_tools:/home/pi/ros2_pi_ws/install/myrobot:/home/pi/ros2_pi_ws/install/motor_control:/opt/ros/humble /usr/bin/cmake --install /home/pi/ros2_pi_ws/build/micro_ros_setup
[3.057s] -- Install configuration: ""
[3.059s] -- Up-to-date: /home/pi/ros2_pi_ws/install/micro_ros_setup/share/ament_index/resource_index/package_run_dependencies/micro_ros_setup
[3.068s] -- Up-to-date: /home/pi/ros2_pi_ws/install/micro_ros_setup/share/ament_index/resource_index/parent_prefix_path/micro_ros_setup
[3.069s] -- Up-to-date: /home/pi/ros2_pi_ws/install/micro_ros_setup/share/micro_ros_setup/environment/ament_prefix_path.sh
[3.070s] -- Up-to-date: /home/pi/ros2_pi_ws/install/micro_ros_setup/share/micro_ros_setup/environment/ament_prefix_path.dsv
[3.071s] -- Up-to-date: /home/pi/ros2_pi_ws/install/micro_ros_setup/share/micro_ros_setup/environment/path.sh
[3.071s] -- Up-to-date: /home/pi/ros2_pi_ws/install/micro_ros_setup/share/micro_ros_setup/environment/path.dsv
[3.072s] -- Up-to-date: /home/pi/ros2_pi_ws/install/micro_ros_setup/share/micro_ros_setup/local_setup.bash
[3.075s] -- Up-to-date: /home/pi/ros2_pi_ws/install/micro_ros_setup/share/micro_ros_setup/local_setup.sh
[3.076s] -- Up-to-date: /home/pi/ros2_pi_ws/install/micro_ros_setup/share/micro_ros_setup/local_setup.zsh
[3.076s] -- Up-to-date: /home/pi/ros2_pi_ws/install/micro_ros_setup/share/micro_ros_setup/local_setup.dsv
[3.078s] -- Installing: /home/pi/ros2_pi_ws/install/micro_ros_setup/share/micro_ros_setup/package.dsv
[3.079s] -- Up-to-date: /home/pi/ros2_pi_ws/install/micro_ros_setup/share/ament_index/resource_index/packages/micro_ros_setup
[3.080s] -- Up-to-date: /home/pi/ros2_pi_ws/install/micro_ros_setup/share/micro_ros_setup/cmake/micro_ros_setupConfig.cmake
[3.080s] -- Up-to-date: /home/pi/ros2_pi_ws/install/micro_ros_setup/share/micro_ros_setup/cmake/micro_ros_setupConfig-version.cmake
[3.081s] -- Up-to-date: /home/pi/ros2_pi_ws/install/micro_ros_setup/share/micro_ros_setup/package.xml
[3.082s] -- Up-to-date: /home/pi/ros2_pi_ws/install/micro_ros_setup/./config
[3.083s] -- Up-to-date: /home/pi/ros2_pi_ws/install/micro_ros_setup/./config/generate_lib
[3.084s] -- Up-to-date: /home/pi/ros2_pi_ws/install/micro_ros_setup/./config/generate_lib/generic
[3.084s] -- Up-to-date: /home/pi/ros2_pi_ws/install/micro_ros_setup/./config/generate_lib/generic/create.sh
[3.085s] -- Up-to-date: /home/pi/ros2_pi_ws/install/micro_ros_setup/./config/generate_lib/generic/client-colcon.meta
[3.087s] -- Up-to-date: /home/pi/ros2_pi_ws/install/micro_ros_setup/./config/generate_lib/generic/build.sh
[3.088s] -- Up-to-date: /home/pi/ros2_pi_ws/install/micro_ros_setup/./config/generate_lib/generic/package.xml
[3.089s] -- Up-to-date: /home/pi/ros2_pi_ws/install/micro_ros_setup/./config/generate_lib/generic/flash.sh
[3.090s] -- Up-to-date: /home/pi/ros2_pi_ws/install/micro_ros_setup/./config/generate_lib/generic/demo_toolchain.cmake
[3.092s] -- Up-to-date: /home/pi/ros2_pi_ws/install/micro_ros_setup/./config/generate_lib/generic/client_uros_packages.repos
[3.093s] -- Up-to-date: /home/pi/ros2_pi_ws/install/micro_ros_setup/./config/generate_lib/dev_uros_packages.repos
[3.093s] -- Up-to-date: /home/pi/ros2_pi_ws/install/micro_ros_setup/./config/generate_lib/dev_ros2_packages.txt
[3.094s] -- Up-to-date: /home/pi/ros2_pi_ws/install/micro_ros_setup/./config/host
[3.094s] -- Up-to-date: /home/pi/ros2_pi_ws/install/micro_ros_setup/./config/host/generic
[3.095s] -- Up-to-date: /home/pi/ros2_pi_ws/install/micro_ros_setup/./config/host/generic/client-host-colcon.meta
[3.096s] -- Up-to-date: /home/pi/ros2_pi_ws/install/micro_ros_setup/./config/host/generic/create.sh
[3.097s] -- Up-to-date: /home/pi/ros2_pi_ws/install/micro_ros_setup/./config/host/generic/build.sh
[3.099s] -- Up-to-date: /home/pi/ros2_pi_ws/install/micro_ros_setup/./config/host/generic/package.xml
[3.100s] -- Up-to-date: /home/pi/ros2_pi_ws/install/micro_ros_setup/./config/host/generic/flash.sh
[3.101s] -- Up-to-date: /home/pi/ros2_pi_ws/install/micro_ros_setup/./config/host/generic/client_host_packages.repos
[3.102s] -- Up-to-date: /home/pi/ros2_pi_ws/install/micro_ros_setup/./config/host/dev_uros_packages.repos
[3.103s] -- Up-to-date: /home/pi/ros2_pi_ws/install/micro_ros_setup/./config/host/dev_ros2_packages.txt
[3.104s] -- Up-to-date: /home/pi/ros2_pi_ws/install/micro_ros_setup/./config/host/client_ros2_packages.txt
[3.105s] -- Up-to-date: /home/pi/ros2_pi_ws/install/micro_ros_setup/./config/mbed
[3.106s] -- Up-to-date: /home/pi/ros2_pi_ws/install/micro_ros_setup/./config/mbed/generic
[3.107s] -- Up-to-date: /home/pi/ros2_pi_ws/install/micro_ros_setup/./config/mbed/generic/board.repos
[3.119s] -- Up-to-date: /home/pi/ros2_pi_ws/install/micro_ros_setup/./config/mbed/generic/create.sh
[3.123s] -- Up-to-date: /home/pi/ros2_pi_ws/install/micro_ros_setup/./config/mbed/generic/build.sh
[3.123s] -- Up-to-date: /home/pi/ros2_pi_ws/install/micro_ros_setup/./config/mbed/generic/package.xml
[3.166s] -- Up-to-date: /home/pi/ros2_pi_ws/install/micro_ros_setup/./config/mbed/generic/flash.sh
[3.167s] -- Up-to-date: /home/pi/ros2_pi_ws/install/micro_ros_setup/./config/mbed/generic/supported_platforms
[3.168s] -- Up-to-date: /home/pi/ros2_pi_ws/install/micro_ros_setup/./config/mbed/generic/client_uros_packages.repos
[3.168s] -- Up-to-date: /home/pi/ros2_pi_ws/install/micro_ros_setup/./config/mbed/dev_uros_packages.repos
[3.169s] -- Up-to-date: /home/pi/ros2_pi_ws/install/micro_ros_setup/./config/mbed/dev_ros2_packages.txt
[3.169s] -- Up-to-date: /home/pi/ros2_pi_ws/install/micro_ros_setup/./config/mbed/list_apps.sh
[3.170s] -- Up-to-date: /home/pi/ros2_pi_ws/install/micro_ros_setup/./config/agent_uros_packages.repos
[3.170s] -- Up-to-date: /home/pi/ros2_pi_ws/install/micro_ros_setup/./config/agent_ros2_packages.txt
[3.171s] -- Up-to-date: /home/pi/ros2_pi_ws/install/micro_ros_setup/./config/freertos
[3.171s] -- Up-to-date: /home/pi/ros2_pi_ws/install/micro_ros_setup/./config/freertos/olimex-stm32-e407
[3.182s] -- Up-to-date: /home/pi/ros2_pi_ws/install/micro_ros_setup/./config/freertos/olimex-stm32-e407/board.repos
[3.183s] -- Up-to-date: /home/pi/ros2_pi_ws/install/micro_ros_setup/./config/freertos/olimex-stm32-e407/create.sh
[3.185s] -- Up-to-date: /home/pi/ros2_pi_ws/install/micro_ros_setup/./config/freertos/olimex-stm32-e407/configure.sh
[3.188s] -- Up-to-date: /home/pi/ros2_pi_ws/install/micro_ros_setup/./config/freertos/olimex-stm32-e407/client-colcon.meta
[3.192s] -- Up-to-date: /home/pi/ros2_pi_ws/install/micro_ros_setup/./config/freertos/olimex-stm32-e407/build.sh
[3.193s] -- Up-to-date: /home/pi/ros2_pi_ws/install/micro_ros_setup/./config/freertos/olimex-stm32-e407/package.xml
[3.193s] -- Up-to-date: /home/pi/ros2_pi_ws/install/micro_ros_setup/./config/freertos/olimex-stm32-e407/flash.sh
[3.194s] -- Up-to-date: /home/pi/ros2_pi_ws/install/micro_ros_setup/./config/freertos/olimex-stm32-e407/client_uros_packages.repos
[3.195s] -- Up-to-date: /home/pi/ros2_pi_ws/install/micro_ros_setup/./config/freertos/dev_uros_packages.repos
[3.204s] -- Up-to-date: /home/pi/ros2_pi_ws/install/micro_ros_setup/./config/freertos/nucleo_f746zg
[3.204s] -- Up-to-date: /home/pi/ros2_pi_ws/install/micro_ros_setup/./config/freertos/nucleo_f746zg/board.repos
[3.206s] -- Up-to-date: /home/pi/ros2_pi_ws/install/micro_ros_setup/./config/freertos/nucleo_f746zg/create.sh
[3.213s] -- Up-to-date: /home/pi/ros2_pi_ws/install/micro_ros_setup/./config/freertos/nucleo_f746zg/configure.sh
[3.214s] -- Up-to-date: /home/pi/ros2_pi_ws/install/micro_ros_setup/./config/freertos/nucleo_f746zg/client-colcon.meta
[3.214s] -- Up-to-date: /home/pi/ros2_pi_ws/install/micro_ros_setup/./config/freertos/nucleo_f746zg/build.sh
[3.215s] -- Up-to-date: /home/pi/ros2_pi_ws/install/micro_ros_setup/./config/freertos/nucleo_f746zg/package.xml
[3.216s] -- Up-to-date: /home/pi/ros2_pi_ws/install/micro_ros_setup/./config/freertos/nucleo_f746zg/flash.sh
[3.216s] -- Up-to-date: /home/pi/ros2_pi_ws/install/micro_ros_setup/./config/freertos/nucleo_f746zg/client_uros_packages.repos
[3.218s] -- Up-to-date: /home/pi/ros2_pi_ws/install/micro_ros_setup/./config/freertos/dev_ros2_packages.txt
[3.218s] -- Up-to-date: /home/pi/ros2_pi_ws/install/micro_ros_setup/./config/freertos/list_apps.sh
[3.219s] -- Up-to-date: /home/pi/ros2_pi_ws/install/micro_ros_setup/./config/freertos/nucleo_f446re
[3.220s] -- Up-to-date: /home/pi/ros2_pi_ws/install/micro_ros_setup/./config/freertos/nucleo_f446re/board.repos
[3.222s] -- Up-to-date: /home/pi/ros2_pi_ws/install/micro_ros_setup/./config/freertos/nucleo_f446re/create.sh
[3.222s] -- Up-to-date: /home/pi/ros2_pi_ws/install/micro_ros_setup/./config/freertos/nucleo_f446re/configure.sh
[3.223s] -- Up-to-date: /home/pi/ros2_pi_ws/install/micro_ros_setup/./config/freertos/nucleo_f446re/client-colcon.meta
[3.241s] -- Up-to-date: /home/pi/ros2_pi_ws/install/micro_ros_setup/./config/freertos/nucleo_f446re/build.sh
[3.242s] -- Up-to-date: /home/pi/ros2_pi_ws/install/micro_ros_setup/./config/freertos/nucleo_f446re/package.xml
[3.243s] -- Up-to-date: /home/pi/ros2_pi_ws/install/micro_ros_setup/./config/freertos/nucleo_f446re/flash.sh
[3.244s] -- Up-to-date: /home/pi/ros2_pi_ws/install/micro_ros_setup/./config/freertos/nucleo_f446re/client_uros_packages.repos
[3.244s] -- Up-to-date: /home/pi/ros2_pi_ws/install/micro_ros_setup/./config/freertos/nucleo_f446ze
[3.245s] -- Up-to-date: /home/pi/ros2_pi_ws/install/micro_ros_setup/./config/freertos/nucleo_f446ze/board.repos
[3.246s] -- Up-to-date: /home/pi/ros2_pi_ws/install/micro_ros_setup/./config/freertos/nucleo_f446ze/create.sh
[3.246s] -- Up-to-date: /home/pi/ros2_pi_ws/install/micro_ros_setup/./config/freertos/nucleo_f446ze/configure.sh
[3.247s] -- Up-to-date: /home/pi/ros2_pi_ws/install/micro_ros_setup/./config/freertos/nucleo_f446ze/client-colcon.meta
[3.247s] -- Up-to-date: /home/pi/ros2_pi_ws/install/micro_ros_setup/./config/freertos/nucleo_f446ze/build.sh
[3.248s] -- Up-to-date: /home/pi/ros2_pi_ws/install/micro_ros_setup/./config/freertos/nucleo_f446ze/package.xml
[3.248s] -- Up-to-date: /home/pi/ros2_pi_ws/install/micro_ros_setup/./config/freertos/nucleo_f446ze/flash.sh
[3.249s] -- Up-to-date: /home/pi/ros2_pi_ws/install/micro_ros_setup/./config/freertos/nucleo_f446ze/client_uros_packages.repos
[3.250s] -- Up-to-date: /home/pi/ros2_pi_ws/install/micro_ros_setup/./config/freertos/esp32
[3.250s] -- Up-to-date: /home/pi/ros2_pi_ws/install/micro_ros_setup/./config/freertos/esp32/board.repos
[3.251s] -- Up-to-date: /home/pi/ros2_pi_ws/install/micro_ros_setup/./config/freertos/esp32/create.sh
[3.256s] -- Up-to-date: /home/pi/ros2_pi_ws/install/micro_ros_setup/./config/freertos/esp32/configure.sh
[3.256s] -- Up-to-date: /home/pi/ros2_pi_ws/install/micro_ros_setup/./config/freertos/esp32/client-colcon.meta
[3.257s] -- Up-to-date: /home/pi/ros2_pi_ws/install/micro_ros_setup/./config/freertos/esp32/build.sh
[3.258s] -- Up-to-date: /home/pi/ros2_pi_ws/install/micro_ros_setup/./config/freertos/esp32/package.xml
[3.258s] -- Up-to-date: /home/pi/ros2_pi_ws/install/micro_ros_setup/./config/freertos/esp32/README.md
[3.259s] -- Up-to-date: /home/pi/ros2_pi_ws/install/micro_ros_setup/./config/freertos/esp32/flash.sh
[3.259s] -- Up-to-date: /home/pi/ros2_pi_ws/install/micro_ros_setup/./config/freertos/esp32/client_uros_packages.repos
[3.260s] -- Up-to-date: /home/pi/ros2_pi_ws/install/micro_ros_setup/./config/freertos/crazyflie21
[3.260s] -- Up-to-date: /home/pi/ros2_pi_ws/install/micro_ros_setup/./config/freertos/crazyflie21/board.repos
[3.261s] -- Up-to-date: /home/pi/ros2_pi_ws/install/micro_ros_setup/./config/freertos/crazyflie21/create.sh
[3.261s] -- Up-to-date: /home/pi/ros2_pi_ws/install/micro_ros_setup/./config/freertos/crazyflie21/configure.sh
[3.271s] -- Up-to-date: /home/pi/ros2_pi_ws/install/micro_ros_setup/./config/freertos/crazyflie21/client-colcon.meta
[3.272s] -- Up-to-date: /home/pi/ros2_pi_ws/install/micro_ros_setup/./config/freertos/crazyflie21/build.sh
[3.272s] -- Up-to-date: /home/pi/ros2_pi_ws/install/micro_ros_setup/./config/freertos/crazyflie21/package.xml
[3.273s] -- Up-to-date: /home/pi/ros2_pi_ws/install/micro_ros_setup/./config/freertos/crazyflie21/flash.sh
[3.274s] -- Up-to-date: /home/pi/ros2_pi_ws/install/micro_ros_setup/./config/freertos/crazyflie21/client_uros_packages.repos
[3.275s] -- Up-to-date: /home/pi/ros2_pi_ws/install/micro_ros_setup/./config/freertos/nucleo_f767zi
[3.276s] -- Up-to-date: /home/pi/ros2_pi_ws/install/micro_ros_setup/./config/freertos/nucleo_f767zi/board.repos
[3.277s] -- Up-to-date: /home/pi/ros2_pi_ws/install/micro_ros_setup/./config/freertos/nucleo_f767zi/create.sh
[3.278s] -- Up-to-date: /home/pi/ros2_pi_ws/install/micro_ros_setup/./config/freertos/nucleo_f767zi/configure.sh
[3.279s] -- Up-to-date: /home/pi/ros2_pi_ws/install/micro_ros_setup/./config/freertos/nucleo_f767zi/client-colcon.meta
[3.279s] -- Up-to-date: /home/pi/ros2_pi_ws/install/micro_ros_setup/./config/freertos/nucleo_f767zi/build.sh
[3.280s] -- Up-to-date: /home/pi/ros2_pi_ws/install/micro_ros_setup/./config/freertos/nucleo_f767zi/package.xml
[3.280s] -- Up-to-date: /home/pi/ros2_pi_ws/install/micro_ros_setup/./config/freertos/nucleo_f767zi/flash.sh
[3.307s] -- Up-to-date: /home/pi/ros2_pi_ws/install/micro_ros_setup/./config/freertos/nucleo_f767zi/client_uros_packages.repos
[3.308s] -- Up-to-date: /home/pi/ros2_pi_ws/install/micro_ros_setup/./config/zephyr
[3.308s] -- Up-to-date: /home/pi/ros2_pi_ws/install/micro_ros_setup/./config/zephyr/generic
[3.310s] -- Up-to-date: /home/pi/ros2_pi_ws/install/micro_ros_setup/./config/zephyr/generic/board.repos
[3.310s] -- Up-to-date: /home/pi/ros2_pi_ws/install/micro_ros_setup/./config/zephyr/generic/create.sh
[3.322s] -- Up-to-date: /home/pi/ros2_pi_ws/install/micro_ros_setup/./config/zephyr/generic/configure.sh
[3.324s] -- Up-to-date: /home/pi/ros2_pi_ws/install/micro_ros_setup/./config/zephyr/generic/client-colcon.meta
[3.325s] -- Up-to-date: /home/pi/ros2_pi_ws/install/micro_ros_setup/./config/zephyr/generic/build.sh
[3.327s] -- Up-to-date: /home/pi/ros2_pi_ws/install/micro_ros_setup/./config/zephyr/generic/package.xml
[3.328s] -- Up-to-date: /home/pi/ros2_pi_ws/install/micro_ros_setup/./config/zephyr/generic/flash.sh
[3.329s] -- Up-to-date: /home/pi/ros2_pi_ws/install/micro_ros_setup/./config/zephyr/generic/supported_platforms
[3.330s] -- Up-to-date: /home/pi/ros2_pi_ws/install/micro_ros_setup/./config/zephyr/generic/client_uros_packages.repos
[3.338s] -- Up-to-date: /home/pi/ros2_pi_ws/install/micro_ros_setup/./config/zephyr/dev_uros_packages.repos
[3.339s] -- Up-to-date: /home/pi/ros2_pi_ws/install/micro_ros_setup/./config/zephyr/dev_ros2_packages.txt
[3.341s] -- Up-to-date: /home/pi/ros2_pi_ws/install/micro_ros_setup/./config/zephyr/list_apps.sh
[3.342s] -- Up-to-date: /home/pi/ros2_pi_ws/install/micro_ros_setup/./config/raspbian
[3.343s] -- Up-to-date: /home/pi/ros2_pi_ws/install/micro_ros_setup/./config/raspbian/generic
[3.345s] -- Up-to-date: /home/pi/ros2_pi_ws/install/micro_ros_setup/./config/raspbian/generic/create.sh
[3.345s] -- Up-to-date: /home/pi/ros2_pi_ws/install/micro_ros_setup/./config/raspbian/generic/configure.sh
[3.346s] -- Up-to-date: /home/pi/ros2_pi_ws/install/micro_ros_setup/./config/raspbian/generic/client-colcon.meta
[3.346s] -- Up-to-date: /home/pi/ros2_pi_ws/install/micro_ros_setup/./config/raspbian/generic/build.sh
[3.347s] -- Up-to-date: /home/pi/ros2_pi_ws/install/micro_ros_setup/./config/raspbian/generic/flash.sh
[3.358s] -- Up-to-date: /home/pi/ros2_pi_ws/install/micro_ros_setup/./config/raspbian/generic/supported_platforms
[3.359s] -- Up-to-date: /home/pi/ros2_pi_ws/install/micro_ros_setup/./config/raspbian/generic/client_uros_packages.repos
[3.359s] -- Up-to-date: /home/pi/ros2_pi_ws/install/micro_ros_setup/./config/raspbian/dev_uros_packages.repos
[3.360s] -- Up-to-date: /home/pi/ros2_pi_ws/install/micro_ros_setup/./config/raspbian/dev_ros2_packages.txt
[3.361s] -- Up-to-date: /home/pi/ros2_pi_ws/install/micro_ros_setup/./config/utils.sh
[3.361s] -- Up-to-date: /home/pi/ros2_pi_ws/install/micro_ros_setup/./config/renesas_ra
[3.363s] -- Up-to-date: /home/pi/ros2_pi_ws/install/micro_ros_setup/./config/renesas_ra/dev_uros_packages.repos
[3.363s] -- Up-to-date: /home/pi/ros2_pi_ws/install/micro_ros_setup/./config/renesas_ra/ra6m5
[3.364s] -- Up-to-date: /home/pi/ros2_pi_ws/install/micro_ros_setup/./config/renesas_ra/ra6m5/board.repos
[3.364s] -- Up-to-date: /home/pi/ros2_pi_ws/install/micro_ros_setup/./config/renesas_ra/ra6m5/create.sh
[3.365s] -- Up-to-date: /home/pi/ros2_pi_ws/install/micro_ros_setup/./config/renesas_ra/ra6m5/configure.sh
[3.365s] -- Up-to-date: /home/pi/ros2_pi_ws/install/micro_ros_setup/./config/renesas_ra/ra6m5/client-colcon.meta
[3.366s] -- Up-to-date: /home/pi/ros2_pi_ws/install/micro_ros_setup/./config/renesas_ra/ra6m5/build.sh
[3.366s] -- Up-to-date: /home/pi/ros2_pi_ws/install/micro_ros_setup/./config/renesas_ra/ra6m5/flash.sh
[3.367s] -- Up-to-date: /home/pi/ros2_pi_ws/install/micro_ros_setup/./config/renesas_ra/ra6m5/client_uros_packages.repos
[3.377s] -- Up-to-date: /home/pi/ros2_pi_ws/install/micro_ros_setup/./config/renesas_ra/dev_ros2_packages.txt
[3.378s] -- Up-to-date: /home/pi/ros2_pi_ws/install/micro_ros_setup/./config/renesas_ra/list_apps.sh
[3.380s] -- Up-to-date: /home/pi/ros2_pi_ws/install/micro_ros_setup/./config/client_ros2_packages.txt
[3.381s] -- Up-to-date: /home/pi/ros2_pi_ws/install/micro_ros_setup/./config/client_uros_packages.repos
[3.384s] -- Up-to-date: /home/pi/ros2_pi_ws/install/micro_ros_setup/./config/android
[3.385s] -- Up-to-date: /home/pi/ros2_pi_ws/install/micro_ros_setup/./config/android/generic
[3.386s] -- Up-to-date: /home/pi/ros2_pi_ws/install/micro_ros_setup/./config/android/generic/create.sh
[3.390s] -- Up-to-date: /home/pi/ros2_pi_ws/install/micro_ros_setup/./config/android/generic/client-colcon.meta
[3.392s] -- Up-to-date: /home/pi/ros2_pi_ws/install/micro_ros_setup/./config/android/generic/build.sh
[3.393s] -- Up-to-date: /home/pi/ros2_pi_ws/install/micro_ros_setup/./config/android/generic/package.xml
[3.394s] -- Up-to-date: /home/pi/ros2_pi_ws/install/micro_ros_setup/./config/android/generic/flash.sh
[3.396s] -- Up-to-date: /home/pi/ros2_pi_ws/install/micro_ros_setup/./config/android/generic/client_uros_packages.repos
[3.402s] -- Up-to-date: /home/pi/ros2_pi_ws/install/micro_ros_setup/./config/android/dev_uros_packages.repos
[3.404s] -- Up-to-date: /home/pi/ros2_pi_ws/install/micro_ros_setup/./config/android/dev_ros2_packages.txt
[3.405s] -- Up-to-date: /home/pi/ros2_pi_ws/install/micro_ros_setup/lib/micro_ros_setup/create_ws.sh
[3.406s] -- Up-to-date: /home/pi/ros2_pi_ws/install/micro_ros_setup/lib/micro_ros_setup/create_agent_ws.sh
[3.406s] -- Up-to-date: /home/pi/ros2_pi_ws/install/micro_ros_setup/lib/micro_ros_setup/create_firmware_ws.sh
[3.407s] -- Up-to-date: /home/pi/ros2_pi_ws/install/micro_ros_setup/lib/micro_ros_setup/configure_firmware.sh
[3.414s] -- Up-to-date: /home/pi/ros2_pi_ws/install/micro_ros_setup/lib/micro_ros_setup/flash_firmware.sh
[3.414s] -- Up-to-date: /home/pi/ros2_pi_ws/install/micro_ros_setup/lib/micro_ros_setup/build_firmware.sh
[3.415s] -- Up-to-date: /home/pi/ros2_pi_ws/install/micro_ros_setup/lib/micro_ros_setup/build_agent.sh
[3.427s] -- Up-to-date: /home/pi/ros2_pi_ws/install/micro_ros_setup/lib/micro_ros_setup/yaml_filter.py
[3.428s] -- Up-to-date: /home/pi/ros2_pi_ws/install/micro_ros_setup/lib/micro_ros_setup/clean_env.sh
[3.429s] -- Up-to-date: /home/pi/ros2_pi_ws/install/micro_ros_setup/lib/micro_ros_setup/component
[3.432s] Invoked command in '/home/pi/ros2_pi_ws/build/micro_ros_setup' returned '0': CMAKE_PREFIX_PATH=${CMAKE_PREFIX_PATH}:/home/pi/ros2_pi_ws/install/opencv_tools:/home/pi/ros2_pi_ws/install/myrobot:/home/pi/ros2_pi_ws/install/motor_control:/opt/ros/humble /usr/bin/cmake --install /home/pi/ros2_pi_ws/build/micro_ros_setup
