[5.296s] Invoking command in '/home/pi/ros2_pi_ws/src/myrobot': PYTHONPATH=/home/pi/ros2_pi_ws/build/myrobot/prefix_override:/usr/lib/python3/dist-packages/colcon_core/task/python/colcon_distutils_commands:/home/pi/ros2_pi_ws/install/myrobot/lib/python3.10/site-packages:${PYTHONPATH} /usr/bin/python3 -W ignore:setup.py install is deprecated -W ignore:easy_install command is deprecated setup.py egg_info --egg-base ../../build/myrobot build --build-base /home/pi/ros2_pi_ws/build/myrobot/build install --record /home/pi/ros2_pi_ws/build/myrobot/install.log --single-version-externally-managed install_data
[7.196s] running egg_info
[7.200s] writing ../../build/myrobot/myrobot.egg-info/PKG-INFO
[7.202s] writing dependency_links to ../../build/myrobot/myrobot.egg-info/dependency_links.txt
[7.204s] writing entry points to ../../build/myrobot/myrobot.egg-info/entry_points.txt
[7.205s] writing requirements to ../../build/myrobot/myrobot.egg-info/requires.txt
[7.207s] writing top-level names to ../../build/myrobot/myrobot.egg-info/top_level.txt
[7.219s] reading manifest file '../../build/myrobot/myrobot.egg-info/SOURCES.txt'
[7.226s] writing manifest file '../../build/myrobot/myrobot.egg-info/SOURCES.txt'
[7.227s] running build
[7.228s] running build_py
[7.230s] running install
[7.232s] running install_lib
[7.241s] running install_data
[7.242s] running install_egg_info
[7.253s] removing '/home/pi/ros2_pi_ws/install/myrobot/lib/python3.10/site-packages/myrobot-0.0.0-py3.10.egg-info' (and everything under it)
[7.255s] Copying ../../build/myrobot/myrobot.egg-info to /home/pi/ros2_pi_ws/install/myrobot/lib/python3.10/site-packages/myrobot-0.0.0-py3.10.egg-info
[7.265s] running install_scripts
[7.373s] Installing pid_tuner script to /home/pi/ros2_pi_ws/install/myrobot/lib/myrobot
[7.375s] writing list of installed files to '/home/pi/ros2_pi_ws/build/myrobot/install.log'
[7.531s] Invoked command in '/home/pi/ros2_pi_ws/src/myrobot' returned '0': PYTHONPATH=/home/pi/ros2_pi_ws/build/myrobot/prefix_override:/usr/lib/python3/dist-packages/colcon_core/task/python/colcon_distutils_commands:/home/pi/ros2_pi_ws/install/myrobot/lib/python3.10/site-packages:${PYTHONPATH} /usr/bin/python3 -W ignore:setup.py install is deprecated -W ignore:easy_install command is deprecated setup.py egg_info --egg-base ../../build/myrobot build --build-base /home/pi/ros2_pi_ws/build/myrobot/build install --record /home/pi/ros2_pi_ws/build/myrobot/install.log --single-version-externally-managed install_data
