[0.093s] Invoking command in '/home/pi/microros_pi_ws/build/micro_ros_setup': CMAKE_PREFIX_PATH=${CMAKE_PREFIX_PATH}:/home/pi/microros_pi_ws/install/motor_control:/opt/ros/humble /usr/bin/cmake /home/pi/microros_pi_ws/src/micro_ros_setup -DCMAKE_INSTALL_PREFIX=/home/pi/microros_pi_ws/install/micro_ros_setup
[0.428s] -- The C compiler identification is GNU 11.4.0
[0.764s] -- The CXX compiler identification is GNU 11.4.0
[0.794s] -- Detecting C compiler ABI info
[1.185s] -- Detecting C compiler ABI info - done
[1.222s] -- Check for working C compiler: /usr/bin/cc - skipped
[1.226s] -- Detecting C compile features
[1.229s] -- Detecting C compile features - done
[1.246s] -- Detecting CXX compiler ABI info
[1.670s] -- Detecting CXX compiler ABI info - done
[1.705s] -- Check for working CXX compiler: /usr/bin/c++ - skipped
[1.707s] -- Detecting CXX compile features
[1.708s] -- Detecting CXX compile features - done
[1.739s] -- Found ament_cmake: 1.3.11 (/opt/ros/humble/share/ament_cmake/cmake)
[2.845s] -- Found Python3: /usr/bin/python3 (found version "3.10.12") found components: Interpreter 
[3.560s] -- Found ament_lint_auto: 0.12.11 (/opt/ros/humble/share/ament_lint_auto/cmake)
[4.254s] -- Added test 'copyright' to check source files copyright and LICENSE
[4.509s] -- Added test 'flake8' to check Python code syntax and style conventions
[4.540s] -- Added test 'lint_cmake' to check CMake code style
[4.558s] -- Added test 'pep257' to check Python code against some of the docstring style conventions in PEP 257
[4.693s] -- Added test 'xmllint' to check XML markup files
[4.704s] -- Configuring done
[4.726s] -- Generating done
[4.735s] -- Build files have been written to: /home/pi/microros_pi_ws/build/micro_ros_setup
