[4.347s] Invoking command in '/home/pi/ros2_pi_ws/src/motor_control': PYTHONPATH=/home/pi/ros2_pi_ws/build/motor_control/prefix_override:/usr/lib/python3/dist-packages/colcon_core/task/python/colcon_distutils_commands:/home/pi/ros2_pi_ws/install/motor_control/lib/python3.10/site-packages:${PYTHONPATH} /usr/bin/python3 -W ignore:setup.py install is deprecated -W ignore:easy_install command is deprecated setup.py egg_info --egg-base ../../build/motor_control build --build-base /home/pi/ros2_pi_ws/build/motor_control/build install --record /home/pi/ros2_pi_ws/build/motor_control/install.log --single-version-externally-managed install_data
[6.112s] running egg_info
[6.115s] creating ../../build/motor_control/motor_control.egg-info
[6.116s] writing ../../build/motor_control/motor_control.egg-info/PKG-INFO
[6.118s] writing dependency_links to ../../build/motor_control/motor_control.egg-info/dependency_links.txt
[6.119s] writing entry points to ../../build/motor_control/motor_control.egg-info/entry_points.txt
[6.120s] writing requirements to ../../build/motor_control/motor_control.egg-info/requires.txt
[6.120s] writing top-level names to ../../build/motor_control/motor_control.egg-info/top_level.txt
[6.122s] writing manifest file '../../build/motor_control/motor_control.egg-info/SOURCES.txt'
[6.132s] reading manifest file '../../build/motor_control/motor_control.egg-info/SOURCES.txt'
[6.138s] writing manifest file '../../build/motor_control/motor_control.egg-info/SOURCES.txt'
[6.139s] running build
[6.140s] running build_py
[6.140s] creating /home/pi/ros2_pi_ws/build/motor_control/build
[6.141s] creating /home/pi/ros2_pi_ws/build/motor_control/build/lib
[6.142s] creating /home/pi/ros2_pi_ws/build/motor_control/build/lib/motor_control
[6.142s] copying motor_control/__init__.py -> /home/pi/ros2_pi_ws/build/motor_control/build/lib/motor_control
[6.143s] copying motor_control/motor.py -> /home/pi/ros2_pi_ws/build/motor_control/build/lib/motor_control
[6.145s] running install
[6.146s] running install_lib
[6.155s] running install_data
[6.156s] running install_egg_info
[6.167s] removing '/home/pi/ros2_pi_ws/install/motor_control/lib/python3.10/site-packages/motor_control-0.0.0-py3.10.egg-info' (and everything under it)
[6.169s] Copying ../../build/motor_control/motor_control.egg-info to /home/pi/ros2_pi_ws/install/motor_control/lib/python3.10/site-packages/motor_control-0.0.0-py3.10.egg-info
[6.178s] running install_scripts
[6.296s] Installing motor_control_node script to /home/pi/ros2_pi_ws/install/motor_control/lib/motor_control
[6.299s] writing list of installed files to '/home/pi/ros2_pi_ws/build/motor_control/install.log'
[6.538s] Invoked command in '/home/pi/ros2_pi_ws/src/motor_control' returned '0': PYTHONPATH=/home/pi/ros2_pi_ws/build/motor_control/prefix_override:/usr/lib/python3/dist-packages/colcon_core/task/python/colcon_distutils_commands:/home/pi/ros2_pi_ws/install/motor_control/lib/python3.10/site-packages:${PYTHONPATH} /usr/bin/python3 -W ignore:setup.py install is deprecated -W ignore:easy_install command is deprecated setup.py egg_info --egg-base ../../build/motor_control build --build-base /home/pi/ros2_pi_ws/build/motor_control/build install --record /home/pi/ros2_pi_ws/build/motor_control/install.log --single-version-externally-managed install_data
