[0.130s] Invoking command in '/home/pi/ros2_pi_ws/build/micro_ros_msgs': CMAKE_PREFIX_PATH=${CMAKE_PREFIX_PATH}:/home/pi/ros2_pi_ws/install/opencv_tools:/home/pi/ros2_pi_ws/install/myrobot:/home/pi/ros2_pi_ws/install/motor_control:/opt/ros/humble /usr/bin/cmake --build /home/pi/ros2_pi_ws/build/micro_ros_msgs -- -j4 -l4
[1.732s] [  2%] Built target micro_ros_msgs__cpp
[1.732s] [ 12%] Built target micro_ros_msgs__rosidl_generator_c
[1.733s] [ 12%] Built target ament_cmake_python_copy_micro_ros_msgs
[1.733s] [ 23%] Built target micro_ros_msgs__rosidl_typesupport_cpp
[1.733s] [ 34%] Built target micro_ros_msgs__rosidl_typesupport_fastrtps_cpp
[1.734s] [ 44%] Built target micro_ros_msgs__rosidl_typesupport_introspection_cpp
[1.734s] [ 55%] Built target micro_ros_msgs__rosidl_typesupport_fastrtps_c
[1.735s] [ 65%] Built target micro_ros_msgs__rosidl_typesupport_introspection_c
[1.735s] [ 76%] Built target micro_ros_msgs__rosidl_typesupport_c
[1.736s] [ 76%] Built target micro_ros_msgs
[1.736s] [ 78%] Built target micro_ros_msgs__py
[1.737s] [ 87%] Built target micro_ros_msgs__rosidl_generator_py
[1.737s] [ 91%] Built target micro_ros_msgs__rosidl_typesupport_fastrtps_c__pyext
[1.738s] [ 95%] Built target micro_ros_msgs__rosidl_typesupport_c__pyext
[1.738s] [100%] Built target micro_ros_msgs__rosidl_typesupport_introspection_c__pyext
[1.992s] running egg_info
[1.995s] writing micro_ros_msgs.egg-info/PKG-INFO
[1.996s] writing dependency_links to micro_ros_msgs.egg-info/dependency_links.txt
[1.998s] writing top-level names to micro_ros_msgs.egg-info/top_level.txt
[2.009s] reading manifest file 'micro_ros_msgs.egg-info/SOURCES.txt'
[2.012s] writing manifest file 'micro_ros_msgs.egg-info/SOURCES.txt'
[2.149s] [100%] Built target ament_cmake_python_build_micro_ros_msgs_egg
[3.032s] Invoked command in '/home/pi/ros2_pi_ws/build/micro_ros_msgs' returned '0': CMAKE_PREFIX_PATH=${CMAKE_PREFIX_PATH}:/home/pi/ros2_pi_ws/install/opencv_tools:/home/pi/ros2_pi_ws/install/myrobot:/home/pi/ros2_pi_ws/install/motor_control:/opt/ros/humble /usr/bin/cmake --build /home/pi/ros2_pi_ws/build/micro_ros_msgs -- -j4 -l4
[3.075s] Invoking command in '/home/pi/ros2_pi_ws/build/micro_ros_msgs': CMAKE_PREFIX_PATH=${CMAKE_PREFIX_PATH}:/home/pi/ros2_pi_ws/install/opencv_tools:/home/pi/ros2_pi_ws/install/myrobot:/home/pi/ros2_pi_ws/install/motor_control:/opt/ros/humble /usr/bin/cmake --install /home/pi/ros2_pi_ws/build/micro_ros_msgs
[3.112s] -- Install configuration: ""
[3.113s] -- Up-to-date: /home/pi/ros2_pi_ws/install/micro_ros_msgs/share/ament_index/resource_index/rosidl_interfaces/micro_ros_msgs
[3.114s] -- Up-to-date: /home/pi/ros2_pi_ws/install/micro_ros_msgs/include/micro_ros_msgs/micro_ros_msgs
[3.115s] -- Up-to-date: /home/pi/ros2_pi_ws/install/micro_ros_msgs/include/micro_ros_msgs/micro_ros_msgs/msg
[3.116s] -- Up-to-date: /home/pi/ros2_pi_ws/install/micro_ros_msgs/include/micro_ros_msgs/micro_ros_msgs/msg/graph.h
[3.117s] -- Up-to-date: /home/pi/ros2_pi_ws/install/micro_ros_msgs/include/micro_ros_msgs/micro_ros_msgs/msg/node.h
[3.118s] -- Up-to-date: /home/pi/ros2_pi_ws/install/micro_ros_msgs/include/micro_ros_msgs/micro_ros_msgs/msg/entity.h
[3.119s] -- Up-to-date: /home/pi/ros2_pi_ws/install/micro_ros_msgs/include/micro_ros_msgs/micro_ros_msgs/msg/rosidl_generator_c__visibility_control.h
[3.120s] -- Up-to-date: /home/pi/ros2_pi_ws/install/micro_ros_msgs/include/micro_ros_msgs/micro_ros_msgs/msg/detail
[3.120s] -- Up-to-date: /home/pi/ros2_pi_ws/install/micro_ros_msgs/include/micro_ros_msgs/micro_ros_msgs/msg/detail/entity__struct.h
[3.121s] -- Up-to-date: /home/pi/ros2_pi_ws/install/micro_ros_msgs/include/micro_ros_msgs/micro_ros_msgs/msg/detail/graph__functions.c
[3.122s] -- Up-to-date: /home/pi/ros2_pi_ws/install/micro_ros_msgs/include/micro_ros_msgs/micro_ros_msgs/msg/detail/entity__functions.h
[3.123s] -- Up-to-date: /home/pi/ros2_pi_ws/install/micro_ros_msgs/include/micro_ros_msgs/micro_ros_msgs/msg/detail/node__type_support.h
[3.133s] -- Up-to-date: /home/pi/ros2_pi_ws/install/micro_ros_msgs/include/micro_ros_msgs/micro_ros_msgs/msg/detail/graph__type_support.h
[3.138s] -- Up-to-date: /home/pi/ros2_pi_ws/install/micro_ros_msgs/include/micro_ros_msgs/micro_ros_msgs/msg/detail/node__functions.c
[3.138s] -- Up-to-date: /home/pi/ros2_pi_ws/install/micro_ros_msgs/include/micro_ros_msgs/micro_ros_msgs/msg/detail/graph__functions.h
[3.139s] -- Up-to-date: /home/pi/ros2_pi_ws/install/micro_ros_msgs/include/micro_ros_msgs/micro_ros_msgs/msg/detail/entity__type_support.h
[3.140s] -- Up-to-date: /home/pi/ros2_pi_ws/install/micro_ros_msgs/include/micro_ros_msgs/micro_ros_msgs/msg/detail/graph__struct.h
[3.141s] -- Up-to-date: /home/pi/ros2_pi_ws/install/micro_ros_msgs/include/micro_ros_msgs/micro_ros_msgs/msg/detail/entity__functions.c
[3.142s] -- Up-to-date: /home/pi/ros2_pi_ws/install/micro_ros_msgs/include/micro_ros_msgs/micro_ros_msgs/msg/detail/node__functions.h
[3.144s] -- Up-to-date: /home/pi/ros2_pi_ws/install/micro_ros_msgs/include/micro_ros_msgs/micro_ros_msgs/msg/detail/node__struct.h
[3.145s] -- Up-to-date: /home/pi/ros2_pi_ws/install/micro_ros_msgs/share/micro_ros_msgs/environment/library_path.sh
[3.146s] -- Up-to-date: /home/pi/ros2_pi_ws/install/micro_ros_msgs/share/micro_ros_msgs/environment/library_path.dsv
[3.147s] -- Up-to-date: /home/pi/ros2_pi_ws/install/micro_ros_msgs/lib/libmicro_ros_msgs__rosidl_generator_c.so
[3.152s] -- Up-to-date: /home/pi/ros2_pi_ws/install/micro_ros_msgs/include/micro_ros_msgs/micro_ros_msgs
[3.155s] -- Up-to-date: /home/pi/ros2_pi_ws/install/micro_ros_msgs/include/micro_ros_msgs/micro_ros_msgs/msg
[3.159s] -- Up-to-date: /home/pi/ros2_pi_ws/install/micro_ros_msgs/include/micro_ros_msgs/micro_ros_msgs/msg/rosidl_typesupport_fastrtps_c__visibility_control.h
[3.161s] -- Up-to-date: /home/pi/ros2_pi_ws/install/micro_ros_msgs/include/micro_ros_msgs/micro_ros_msgs/msg/detail
[3.163s] -- Up-to-date: /home/pi/ros2_pi_ws/install/micro_ros_msgs/include/micro_ros_msgs/micro_ros_msgs/msg/detail/node__rosidl_typesupport_fastrtps_c.h
[3.166s] -- Up-to-date: /home/pi/ros2_pi_ws/install/micro_ros_msgs/include/micro_ros_msgs/micro_ros_msgs/msg/detail/entity__rosidl_typesupport_fastrtps_c.h
[3.169s] -- Up-to-date: /home/pi/ros2_pi_ws/install/micro_ros_msgs/include/micro_ros_msgs/micro_ros_msgs/msg/detail/graph__rosidl_typesupport_fastrtps_c.h
[3.172s] -- Up-to-date: /home/pi/ros2_pi_ws/install/micro_ros_msgs/lib/libmicro_ros_msgs__rosidl_typesupport_fastrtps_c.so
[3.179s] -- Up-to-date: /home/pi/ros2_pi_ws/install/micro_ros_msgs/include/micro_ros_msgs/micro_ros_msgs
[3.182s] -- Up-to-date: /home/pi/ros2_pi_ws/install/micro_ros_msgs/include/micro_ros_msgs/micro_ros_msgs/msg
[3.183s] -- Up-to-date: /home/pi/ros2_pi_ws/install/micro_ros_msgs/include/micro_ros_msgs/micro_ros_msgs/msg/detail
[3.184s] -- Up-to-date: /home/pi/ros2_pi_ws/install/micro_ros_msgs/include/micro_ros_msgs/micro_ros_msgs/msg/detail/graph__rosidl_typesupport_introspection_c.h
[3.185s] -- Up-to-date: /home/pi/ros2_pi_ws/install/micro_ros_msgs/include/micro_ros_msgs/micro_ros_msgs/msg/detail/node__type_support.c
[3.186s] -- Up-to-date: /home/pi/ros2_pi_ws/install/micro_ros_msgs/include/micro_ros_msgs/micro_ros_msgs/msg/detail/node__rosidl_typesupport_introspection_c.h
[3.198s] -- Up-to-date: /home/pi/ros2_pi_ws/install/micro_ros_msgs/include/micro_ros_msgs/micro_ros_msgs/msg/detail/entity__rosidl_typesupport_introspection_c.h
[3.199s] -- Up-to-date: /home/pi/ros2_pi_ws/install/micro_ros_msgs/include/micro_ros_msgs/micro_ros_msgs/msg/detail/entity__type_support.c
[3.199s] -- Up-to-date: /home/pi/ros2_pi_ws/install/micro_ros_msgs/include/micro_ros_msgs/micro_ros_msgs/msg/detail/graph__type_support.c
[3.203s] -- Up-to-date: /home/pi/ros2_pi_ws/install/micro_ros_msgs/include/micro_ros_msgs/micro_ros_msgs/msg/rosidl_typesupport_introspection_c__visibility_control.h
[3.212s] -- Up-to-date: /home/pi/ros2_pi_ws/install/micro_ros_msgs/lib/libmicro_ros_msgs__rosidl_typesupport_introspection_c.so
[3.312s] -- Up-to-date: /home/pi/ros2_pi_ws/install/micro_ros_msgs/lib/libmicro_ros_msgs__rosidl_typesupport_c.so
[3.316s] -- Up-to-date: /home/pi/ros2_pi_ws/install/micro_ros_msgs/include/micro_ros_msgs/micro_ros_msgs
[3.330s] -- Up-to-date: /home/pi/ros2_pi_ws/install/micro_ros_msgs/include/micro_ros_msgs/micro_ros_msgs/msg
[3.353s] -- Up-to-date: /home/pi/ros2_pi_ws/install/micro_ros_msgs/include/micro_ros_msgs/micro_ros_msgs/msg/node.hpp
[3.359s] -- Up-to-date: /home/pi/ros2_pi_ws/install/micro_ros_msgs/include/micro_ros_msgs/micro_ros_msgs/msg/entity.hpp
[3.364s] -- Up-to-date: /home/pi/ros2_pi_ws/install/micro_ros_msgs/include/micro_ros_msgs/micro_ros_msgs/msg/graph.hpp
[3.364s] -- Up-to-date: /home/pi/ros2_pi_ws/install/micro_ros_msgs/include/micro_ros_msgs/micro_ros_msgs/msg/detail
[3.388s] -- Up-to-date: /home/pi/ros2_pi_ws/install/micro_ros_msgs/include/micro_ros_msgs/micro_ros_msgs/msg/detail/node__traits.hpp
[3.391s] -- Up-to-date: /home/pi/ros2_pi_ws/install/micro_ros_msgs/include/micro_ros_msgs/micro_ros_msgs/msg/detail/graph__struct.hpp
[3.398s] -- Up-to-date: /home/pi/ros2_pi_ws/install/micro_ros_msgs/include/micro_ros_msgs/micro_ros_msgs/msg/detail/entity__type_support.hpp
[3.398s] -- Up-to-date: /home/pi/ros2_pi_ws/install/micro_ros_msgs/include/micro_ros_msgs/micro_ros_msgs/msg/detail/entity__builder.hpp
[3.417s] -- Up-to-date: /home/pi/ros2_pi_ws/install/micro_ros_msgs/include/micro_ros_msgs/micro_ros_msgs/msg/detail/node__builder.hpp
[3.420s] -- Up-to-date: /home/pi/ros2_pi_ws/install/micro_ros_msgs/include/micro_ros_msgs/micro_ros_msgs/msg/detail/graph__builder.hpp
[3.424s] -- Up-to-date: /home/pi/ros2_pi_ws/install/micro_ros_msgs/include/micro_ros_msgs/micro_ros_msgs/msg/detail/node__type_support.hpp
[3.427s] -- Up-to-date: /home/pi/ros2_pi_ws/install/micro_ros_msgs/include/micro_ros_msgs/micro_ros_msgs/msg/detail/node__struct.hpp
[3.431s] -- Up-to-date: /home/pi/ros2_pi_ws/install/micro_ros_msgs/include/micro_ros_msgs/micro_ros_msgs/msg/detail/entity__traits.hpp
[3.431s] -- Up-to-date: /home/pi/ros2_pi_ws/install/micro_ros_msgs/include/micro_ros_msgs/micro_ros_msgs/msg/detail/graph__traits.hpp
[3.434s] -- Up-to-date: /home/pi/ros2_pi_ws/install/micro_ros_msgs/include/micro_ros_msgs/micro_ros_msgs/msg/detail/graph__type_support.hpp
[3.434s] -- Up-to-date: /home/pi/ros2_pi_ws/install/micro_ros_msgs/include/micro_ros_msgs/micro_ros_msgs/msg/detail/entity__struct.hpp
[3.449s] -- Up-to-date: /home/pi/ros2_pi_ws/install/micro_ros_msgs/include/micro_ros_msgs/micro_ros_msgs/msg/rosidl_generator_cpp__visibility_control.hpp
[3.455s] -- Up-to-date: /home/pi/ros2_pi_ws/install/micro_ros_msgs/include/micro_ros_msgs/micro_ros_msgs
[3.468s] -- Up-to-date: /home/pi/ros2_pi_ws/install/micro_ros_msgs/include/micro_ros_msgs/micro_ros_msgs/msg
[3.469s] -- Up-to-date: /home/pi/ros2_pi_ws/install/micro_ros_msgs/include/micro_ros_msgs/micro_ros_msgs/msg/rosidl_typesupport_fastrtps_cpp__visibility_control.h
[3.470s] -- Up-to-date: /home/pi/ros2_pi_ws/install/micro_ros_msgs/include/micro_ros_msgs/micro_ros_msgs/msg/detail
[3.470s] -- Up-to-date: /home/pi/ros2_pi_ws/install/micro_ros_msgs/include/micro_ros_msgs/micro_ros_msgs/msg/detail/node__rosidl_typesupport_fastrtps_cpp.hpp
[3.471s] -- Up-to-date: /home/pi/ros2_pi_ws/install/micro_ros_msgs/include/micro_ros_msgs/micro_ros_msgs/msg/detail/dds_fastrtps
[3.480s] -- Up-to-date: /home/pi/ros2_pi_ws/install/micro_ros_msgs/include/micro_ros_msgs/micro_ros_msgs/msg/detail/entity__rosidl_typesupport_fastrtps_cpp.hpp
[3.481s] -- Up-to-date: /home/pi/ros2_pi_ws/install/micro_ros_msgs/include/micro_ros_msgs/micro_ros_msgs/msg/detail/graph__rosidl_typesupport_fastrtps_cpp.hpp
[3.482s] -- Up-to-date: /home/pi/ros2_pi_ws/install/micro_ros_msgs/lib/libmicro_ros_msgs__rosidl_typesupport_fastrtps_cpp.so
[3.483s] -- Up-to-date: /home/pi/ros2_pi_ws/install/micro_ros_msgs/include/micro_ros_msgs/micro_ros_msgs
[3.484s] -- Up-to-date: /home/pi/ros2_pi_ws/install/micro_ros_msgs/include/micro_ros_msgs/micro_ros_msgs/msg
[3.485s] -- Up-to-date: /home/pi/ros2_pi_ws/install/micro_ros_msgs/include/micro_ros_msgs/micro_ros_msgs/msg/detail
[3.487s] -- Up-to-date: /home/pi/ros2_pi_ws/install/micro_ros_msgs/include/micro_ros_msgs/micro_ros_msgs/msg/detail/node__rosidl_typesupport_introspection_cpp.hpp
[3.488s] -- Up-to-date: /home/pi/ros2_pi_ws/install/micro_ros_msgs/include/micro_ros_msgs/micro_ros_msgs/msg/detail/graph__type_support.cpp
[3.489s] -- Up-to-date: /home/pi/ros2_pi_ws/install/micro_ros_msgs/include/micro_ros_msgs/micro_ros_msgs/msg/detail/entity__rosidl_typesupport_introspection_cpp.hpp
[3.490s] -- Up-to-date: /home/pi/ros2_pi_ws/install/micro_ros_msgs/include/micro_ros_msgs/micro_ros_msgs/msg/detail/entity__type_support.cpp
[3.491s] -- Up-to-date: /home/pi/ros2_pi_ws/install/micro_ros_msgs/include/micro_ros_msgs/micro_ros_msgs/msg/detail/node__type_support.cpp
[3.492s] -- Up-to-date: /home/pi/ros2_pi_ws/install/micro_ros_msgs/include/micro_ros_msgs/micro_ros_msgs/msg/detail/graph__rosidl_typesupport_introspection_cpp.hpp
[3.497s] -- Up-to-date: /home/pi/ros2_pi_ws/install/micro_ros_msgs/lib/libmicro_ros_msgs__rosidl_typesupport_introspection_cpp.so
[3.498s] -- Up-to-date: /home/pi/ros2_pi_ws/install/micro_ros_msgs/lib/libmicro_ros_msgs__rosidl_typesupport_cpp.so
[3.499s] -- Up-to-date: /home/pi/ros2_pi_ws/install/micro_ros_msgs/share/micro_ros_msgs/environment/pythonpath.sh
[3.500s] -- Up-to-date: /home/pi/ros2_pi_ws/install/micro_ros_msgs/share/micro_ros_msgs/environment/pythonpath.dsv
[3.501s] -- Up-to-date: /home/pi/ros2_pi_ws/install/micro_ros_msgs/local/lib/python3.10/dist-packages/micro_ros_msgs-3.0.1-py3.10.egg-info
[3.502s] -- Installing: /home/pi/ros2_pi_ws/install/micro_ros_msgs/local/lib/python3.10/dist-packages/micro_ros_msgs-3.0.1-py3.10.egg-info/PKG-INFO
[3.502s] -- Installing: /home/pi/ros2_pi_ws/install/micro_ros_msgs/local/lib/python3.10/dist-packages/micro_ros_msgs-3.0.1-py3.10.egg-info/top_level.txt
[3.503s] -- Installing: /home/pi/ros2_pi_ws/install/micro_ros_msgs/local/lib/python3.10/dist-packages/micro_ros_msgs-3.0.1-py3.10.egg-info/SOURCES.txt
[3.509s] -- Installing: /home/pi/ros2_pi_ws/install/micro_ros_msgs/local/lib/python3.10/dist-packages/micro_ros_msgs-3.0.1-py3.10.egg-info/dependency_links.txt
[3.510s] -- Up-to-date: /home/pi/ros2_pi_ws/install/micro_ros_msgs/local/lib/python3.10/dist-packages/micro_ros_msgs
[3.511s] -- Up-to-date: /home/pi/ros2_pi_ws/install/micro_ros_msgs/local/lib/python3.10/dist-packages/micro_ros_msgs/micro_ros_msgs_s__rosidl_typesupport_fastrtps_c.cpython-310-aarch64-linux-gnu.so
[3.511s] -- Up-to-date: /home/pi/ros2_pi_ws/install/micro_ros_msgs/local/lib/python3.10/dist-packages/micro_ros_msgs/_micro_ros_msgs_s.ep.rosidl_typesupport_introspection_c.c
[3.512s] -- Up-to-date: /home/pi/ros2_pi_ws/install/micro_ros_msgs/local/lib/python3.10/dist-packages/micro_ros_msgs/__init__.py
[3.514s] -- Up-to-date: /home/pi/ros2_pi_ws/install/micro_ros_msgs/local/lib/python3.10/dist-packages/micro_ros_msgs/micro_ros_msgs_s__rosidl_typesupport_c.cpython-310-aarch64-linux-gnu.so
[3.515s] -- Up-to-date: /home/pi/ros2_pi_ws/install/micro_ros_msgs/local/lib/python3.10/dist-packages/micro_ros_msgs/micro_ros_msgs_s__rosidl_typesupport_introspection_c.cpython-310-aarch64-linux-gnu.so
[3.522s] -- Up-to-date: /home/pi/ros2_pi_ws/install/micro_ros_msgs/local/lib/python3.10/dist-packages/micro_ros_msgs/_micro_ros_msgs_s.ep.rosidl_typesupport_fastrtps_c.c
[3.523s] -- Up-to-date: /home/pi/ros2_pi_ws/install/micro_ros_msgs/local/lib/python3.10/dist-packages/micro_ros_msgs/_micro_ros_msgs_s.ep.rosidl_typesupport_c.c
[3.524s] -- Up-to-date: /home/pi/ros2_pi_ws/install/micro_ros_msgs/local/lib/python3.10/dist-packages/micro_ros_msgs/msg
[3.525s] -- Up-to-date: /home/pi/ros2_pi_ws/install/micro_ros_msgs/local/lib/python3.10/dist-packages/micro_ros_msgs/msg/_node_s.c
[3.526s] -- Up-to-date: /home/pi/ros2_pi_ws/install/micro_ros_msgs/local/lib/python3.10/dist-packages/micro_ros_msgs/msg/__init__.py
[3.526s] -- Up-to-date: /home/pi/ros2_pi_ws/install/micro_ros_msgs/local/lib/python3.10/dist-packages/micro_ros_msgs/msg/_graph_s.c
[3.527s] -- Up-to-date: /home/pi/ros2_pi_ws/install/micro_ros_msgs/local/lib/python3.10/dist-packages/micro_ros_msgs/msg/_entity.py
[3.527s] -- Up-to-date: /home/pi/ros2_pi_ws/install/micro_ros_msgs/local/lib/python3.10/dist-packages/micro_ros_msgs/msg/_graph.py
[3.528s] -- Up-to-date: /home/pi/ros2_pi_ws/install/micro_ros_msgs/local/lib/python3.10/dist-packages/micro_ros_msgs/msg/_entity_s.c
[3.529s] -- Up-to-date: /home/pi/ros2_pi_ws/install/micro_ros_msgs/local/lib/python3.10/dist-packages/micro_ros_msgs/msg/_node.py
[3.529s] -- Up-to-date: /home/pi/ros2_pi_ws/install/micro_ros_msgs/local/lib/python3.10/dist-packages/micro_ros_msgs/libmicro_ros_msgs__rosidl_generator_py.so
[3.538s] Listing '/home/pi/ros2_pi_ws/install/micro_ros_msgs/local/lib/python3.10/dist-packages/micro_ros_msgs'...
[3.538s] Listing '/home/pi/ros2_pi_ws/install/micro_ros_msgs/local/lib/python3.10/dist-packages/micro_ros_msgs/msg'...
[3.539s] -- Up-to-date: /home/pi/ros2_pi_ws/install/micro_ros_msgs/local/lib/python3.10/dist-packages/micro_ros_msgs/micro_ros_msgs_s__rosidl_typesupport_fastrtps_c.cpython-310-aarch64-linux-gnu.so
[3.539s] -- Up-to-date: /home/pi/ros2_pi_ws/install/micro_ros_msgs/local/lib/python3.10/dist-packages/micro_ros_msgs/micro_ros_msgs_s__rosidl_typesupport_introspection_c.cpython-310-aarch64-linux-gnu.so
[3.539s] -- Up-to-date: /home/pi/ros2_pi_ws/install/micro_ros_msgs/local/lib/python3.10/dist-packages/micro_ros_msgs/micro_ros_msgs_s__rosidl_typesupport_c.cpython-310-aarch64-linux-gnu.so
[3.540s] -- Up-to-date: /home/pi/ros2_pi_ws/install/micro_ros_msgs/lib/libmicro_ros_msgs__rosidl_generator_py.so
[3.540s] -- Up-to-date: /home/pi/ros2_pi_ws/install/micro_ros_msgs/share/micro_ros_msgs/msg/Graph.idl
[3.541s] -- Up-to-date: /home/pi/ros2_pi_ws/install/micro_ros_msgs/share/micro_ros_msgs/msg/Node.idl
[3.541s] -- Up-to-date: /home/pi/ros2_pi_ws/install/micro_ros_msgs/share/micro_ros_msgs/msg/Entity.idl
[3.541s] -- Up-to-date: /home/pi/ros2_pi_ws/install/micro_ros_msgs/share/micro_ros_msgs/msg/Graph.msg
[3.542s] -- Up-to-date: /home/pi/ros2_pi_ws/install/micro_ros_msgs/share/micro_ros_msgs/msg/Node.msg
[3.542s] -- Up-to-date: /home/pi/ros2_pi_ws/install/micro_ros_msgs/share/micro_ros_msgs/msg/Entity.msg
[3.542s] -- Up-to-date: /home/pi/ros2_pi_ws/install/micro_ros_msgs/share/ament_index/resource_index/package_run_dependencies/micro_ros_msgs
[3.543s] -- Up-to-date: /home/pi/ros2_pi_ws/install/micro_ros_msgs/share/ament_index/resource_index/parent_prefix_path/micro_ros_msgs
[3.543s] -- Up-to-date: /home/pi/ros2_pi_ws/install/micro_ros_msgs/share/micro_ros_msgs/environment/ament_prefix_path.sh
[3.543s] -- Up-to-date: /home/pi/ros2_pi_ws/install/micro_ros_msgs/share/micro_ros_msgs/environment/ament_prefix_path.dsv
[3.544s] -- Up-to-date: /home/pi/ros2_pi_ws/install/micro_ros_msgs/share/micro_ros_msgs/environment/path.sh
[3.557s] -- Up-to-date: /home/pi/ros2_pi_ws/install/micro_ros_msgs/share/micro_ros_msgs/environment/path.dsv
[3.558s] -- Up-to-date: /home/pi/ros2_pi_ws/install/micro_ros_msgs/share/micro_ros_msgs/local_setup.bash
[3.558s] -- Up-to-date: /home/pi/ros2_pi_ws/install/micro_ros_msgs/share/micro_ros_msgs/local_setup.sh
[3.559s] -- Up-to-date: /home/pi/ros2_pi_ws/install/micro_ros_msgs/share/micro_ros_msgs/local_setup.zsh
[3.559s] -- Up-to-date: /home/pi/ros2_pi_ws/install/micro_ros_msgs/share/micro_ros_msgs/local_setup.dsv
[3.560s] -- Installing: /home/pi/ros2_pi_ws/install/micro_ros_msgs/share/micro_ros_msgs/package.dsv
[3.560s] -- Up-to-date: /home/pi/ros2_pi_ws/install/micro_ros_msgs/share/ament_index/resource_index/packages/micro_ros_msgs
[3.561s] -- Up-to-date: /home/pi/ros2_pi_ws/install/micro_ros_msgs/share/micro_ros_msgs/cmake/export_micro_ros_msgs__rosidl_generator_cExport.cmake
[3.561s] -- Up-to-date: /home/pi/ros2_pi_ws/install/micro_ros_msgs/share/micro_ros_msgs/cmake/export_micro_ros_msgs__rosidl_generator_cExport-noconfig.cmake
[3.562s] -- Up-to-date: /home/pi/ros2_pi_ws/install/micro_ros_msgs/share/micro_ros_msgs/cmake/export_micro_ros_msgs__rosidl_typesupport_fastrtps_cExport.cmake
[3.565s] -- Up-to-date: /home/pi/ros2_pi_ws/install/micro_ros_msgs/share/micro_ros_msgs/cmake/export_micro_ros_msgs__rosidl_typesupport_fastrtps_cExport-noconfig.cmake
[3.566s] -- Up-to-date: /home/pi/ros2_pi_ws/install/micro_ros_msgs/share/micro_ros_msgs/cmake/micro_ros_msgs__rosidl_typesupport_introspection_cExport.cmake
[3.567s] -- Up-to-date: /home/pi/ros2_pi_ws/install/micro_ros_msgs/share/micro_ros_msgs/cmake/micro_ros_msgs__rosidl_typesupport_introspection_cExport-noconfig.cmake
[3.568s] -- Up-to-date: /home/pi/ros2_pi_ws/install/micro_ros_msgs/share/micro_ros_msgs/cmake/micro_ros_msgs__rosidl_typesupport_cExport.cmake
[3.570s] -- Up-to-date: /home/pi/ros2_pi_ws/install/micro_ros_msgs/share/micro_ros_msgs/cmake/micro_ros_msgs__rosidl_typesupport_cExport-noconfig.cmake
[3.571s] -- Up-to-date: /home/pi/ros2_pi_ws/install/micro_ros_msgs/share/micro_ros_msgs/cmake/export_micro_ros_msgs__rosidl_generator_cppExport.cmake
[3.572s] -- Up-to-date: /home/pi/ros2_pi_ws/install/micro_ros_msgs/share/micro_ros_msgs/cmake/export_micro_ros_msgs__rosidl_typesupport_fastrtps_cppExport.cmake
[3.574s] -- Up-to-date: /home/pi/ros2_pi_ws/install/micro_ros_msgs/share/micro_ros_msgs/cmake/export_micro_ros_msgs__rosidl_typesupport_fastrtps_cppExport-noconfig.cmake
[3.575s] -- Up-to-date: /home/pi/ros2_pi_ws/install/micro_ros_msgs/share/micro_ros_msgs/cmake/micro_ros_msgs__rosidl_typesupport_introspection_cppExport.cmake
[3.576s] -- Up-to-date: /home/pi/ros2_pi_ws/install/micro_ros_msgs/share/micro_ros_msgs/cmake/micro_ros_msgs__rosidl_typesupport_introspection_cppExport-noconfig.cmake
[3.578s] -- Up-to-date: /home/pi/ros2_pi_ws/install/micro_ros_msgs/share/micro_ros_msgs/cmake/micro_ros_msgs__rosidl_typesupport_cppExport.cmake
[3.578s] -- Up-to-date: /home/pi/ros2_pi_ws/install/micro_ros_msgs/share/micro_ros_msgs/cmake/micro_ros_msgs__rosidl_typesupport_cppExport-noconfig.cmake
[3.581s] -- Up-to-date: /home/pi/ros2_pi_ws/install/micro_ros_msgs/share/micro_ros_msgs/cmake/export_micro_ros_msgs__rosidl_generator_pyExport.cmake
[3.582s] -- Up-to-date: /home/pi/ros2_pi_ws/install/micro_ros_msgs/share/micro_ros_msgs/cmake/export_micro_ros_msgs__rosidl_generator_pyExport-noconfig.cmake
[3.583s] -- Up-to-date: /home/pi/ros2_pi_ws/install/micro_ros_msgs/share/micro_ros_msgs/cmake/rosidl_cmake-extras.cmake
[3.584s] -- Up-to-date: /home/pi/ros2_pi_ws/install/micro_ros_msgs/share/micro_ros_msgs/cmake/ament_cmake_export_include_directories-extras.cmake
[3.585s] -- Up-to-date: /home/pi/ros2_pi_ws/install/micro_ros_msgs/share/micro_ros_msgs/cmake/ament_cmake_export_libraries-extras.cmake
[3.586s] -- Up-to-date: /home/pi/ros2_pi_ws/install/micro_ros_msgs/share/micro_ros_msgs/cmake/ament_cmake_export_targets-extras.cmake
[3.588s] -- Up-to-date: /home/pi/ros2_pi_ws/install/micro_ros_msgs/share/micro_ros_msgs/cmake/rosidl_cmake_export_typesupport_targets-extras.cmake
[3.589s] -- Up-to-date: /home/pi/ros2_pi_ws/install/micro_ros_msgs/share/micro_ros_msgs/cmake/ament_cmake_export_dependencies-extras.cmake
[3.590s] -- Up-to-date: /home/pi/ros2_pi_ws/install/micro_ros_msgs/share/micro_ros_msgs/cmake/rosidl_cmake_export_typesupport_libraries-extras.cmake
[3.593s] -- Up-to-date: /home/pi/ros2_pi_ws/install/micro_ros_msgs/share/micro_ros_msgs/cmake/micro_ros_msgsConfig.cmake
[3.594s] -- Up-to-date: /home/pi/ros2_pi_ws/install/micro_ros_msgs/share/micro_ros_msgs/cmake/micro_ros_msgsConfig-version.cmake
[3.595s] -- Up-to-date: /home/pi/ros2_pi_ws/install/micro_ros_msgs/share/micro_ros_msgs/package.xml
[3.596s] Invoked command in '/home/pi/ros2_pi_ws/build/micro_ros_msgs' returned '0': CMAKE_PREFIX_PATH=${CMAKE_PREFIX_PATH}:/home/pi/ros2_pi_ws/install/opencv_tools:/home/pi/ros2_pi_ws/install/myrobot:/home/pi/ros2_pi_ws/install/motor_control:/opt/ros/humble /usr/bin/cmake --install /home/pi/ros2_pi_ws/build/micro_ros_msgs
